2018-11-29 19:49:29,408 INFO Initializing
2018-11-29 19:49:29,959 INFO Loaded 1619 training samples
2018-11-29 19:49:29,959 INFO Loaded 232 validation samples
2018-11-29 19:49:29,960 INFO Loaded 463 test samples
2018-11-29 19:49:34,665 INFO Model: Graph-CNN
2018-11-29 19:49:34,665 INFO Parameters: 5738370
2018-11-29 19:49:35,673 INFO Epoch 0:
2018-11-29 19:49:35,689 INFO Training...
2018-11-29 19:49:40,739 INFO train time: 5.050
2018-11-29 19:49:40,739 INFO train loss: 0.373
2018-11-29 19:49:40,739 INFO train accuracy: 0.812
2018-11-29 19:49:40,740 INFO train precision: 0.799
2018-11-29 19:49:40,740 INFO train recall: 0.829
2018-11-29 19:49:40,740 INFO train F1: 0.814
2018-11-29 19:49:40,740 INFO train AUC: 0.812
2018-11-29 19:49:40,741 INFO Evaluating...
2018-11-29 19:49:41,414 INFO valid time: 0.673
2018-11-29 19:49:41,414 INFO valid loss: 0.483
2018-11-29 19:49:41,414 INFO valid accuracy: 0.716
2018-11-29 19:49:41,414 INFO valid precision: 1.000
2018-11-29 19:49:41,415 INFO valid recall: 0.441
2018-11-29 19:49:41,415 INFO valid F1: 0.612
2018-11-29 19:49:41,415 INFO valid AUC: 0.720
2018-11-29 19:49:41,625 INFO Epoch 1:
2018-11-29 19:49:41,626 INFO Training...
2018-11-29 19:49:45,798 INFO train time: 4.172
2018-11-29 19:49:45,799 INFO train loss: 0.228
2018-11-29 19:49:45,799 INFO train accuracy: 0.894
2018-11-29 19:49:45,799 INFO train precision: 0.902
2018-11-29 19:49:45,799 INFO train recall: 0.882
2018-11-29 19:49:45,799 INFO train F1: 0.892
2018-11-29 19:49:45,799 INFO train AUC: 0.894
2018-11-29 19:49:45,800 INFO Evaluating...
2018-11-29 19:49:46,375 INFO valid time: 0.574
2018-11-29 19:49:46,375 INFO valid loss: 0.217
2018-11-29 19:49:46,375 INFO valid accuracy: 0.875
2018-11-29 19:49:46,375 INFO valid precision: 0.924
2018-11-29 19:49:46,376 INFO valid recall: 0.822
2018-11-29 19:49:46,376 INFO valid F1: 0.870
2018-11-29 19:49:46,376 INFO valid AUC: 0.876
2018-11-29 19:49:46,623 INFO Epoch 2:
2018-11-29 19:49:46,625 INFO Training...
2018-11-29 19:49:51,276 INFO train time: 4.651
2018-11-29 19:49:51,277 INFO train loss: 0.135
2018-11-29 19:49:51,277 INFO train accuracy: 0.949
2018-11-29 19:49:51,277 INFO train precision: 0.953
2018-11-29 19:49:51,277 INFO train recall: 0.943
2018-11-29 19:49:51,277 INFO train F1: 0.948
2018-11-29 19:49:51,277 INFO train AUC: 0.949
2018-11-29 19:49:51,278 INFO Evaluating...
2018-11-29 19:49:51,976 INFO valid time: 0.697
2018-11-29 19:49:51,976 INFO valid loss: 0.225
2018-11-29 19:49:51,976 INFO valid accuracy: 0.875
2018-11-29 19:49:51,976 INFO valid precision: 0.959
2018-11-29 19:49:51,977 INFO valid recall: 0.788
2018-11-29 19:49:51,977 INFO valid F1: 0.865
2018-11-29 19:49:51,977 INFO valid AUC: 0.877
2018-11-29 19:49:52,231 INFO Epoch 3:
2018-11-29 19:49:52,232 INFO Training...
2018-11-29 19:49:56,611 INFO train time: 4.379
2018-11-29 19:49:56,611 INFO train loss: 0.105
2018-11-29 19:49:56,611 INFO train accuracy: 0.970
2018-11-29 19:49:56,611 INFO train precision: 0.970
2018-11-29 19:49:56,611 INFO train recall: 0.969
2018-11-29 19:49:56,611 INFO train F1: 0.969
2018-11-29 19:49:56,612 INFO train AUC: 0.970
2018-11-29 19:49:56,612 INFO Evaluating...
2018-11-29 19:49:57,201 INFO valid time: 0.588
2018-11-29 19:49:57,201 INFO valid loss: 0.206
2018-11-29 19:49:57,201 INFO valid accuracy: 0.888
2018-11-29 19:49:57,201 INFO valid precision: 0.942
2018-11-29 19:49:57,202 INFO valid recall: 0.831
2018-11-29 19:49:57,202 INFO valid F1: 0.883
2018-11-29 19:49:57,202 INFO valid AUC: 0.889
2018-11-29 19:49:57,464 INFO Epoch 4:
2018-11-29 19:49:57,465 INFO Training...
2018-11-29 19:50:01,925 INFO train time: 4.459
2018-11-29 19:50:01,925 INFO train loss: 0.088
2018-11-29 19:50:01,926 INFO train accuracy: 0.974
2018-11-29 19:50:01,926 INFO train precision: 0.976
2018-11-29 19:50:01,926 INFO train recall: 0.971
2018-11-29 19:50:01,926 INFO train F1: 0.974
2018-11-29 19:50:01,927 INFO train AUC: 0.974
2018-11-29 19:50:01,927 INFO Evaluating...
2018-11-29 19:50:02,624 INFO valid time: 0.696
2018-11-29 19:50:02,624 INFO valid loss: 0.199
2018-11-29 19:50:02,624 INFO valid accuracy: 0.897
2018-11-29 19:50:02,624 INFO valid precision: 0.943
2018-11-29 19:50:02,624 INFO valid recall: 0.847
2018-11-29 19:50:02,624 INFO valid F1: 0.893
2018-11-29 19:50:02,625 INFO valid AUC: 0.897
2018-11-29 19:50:02,869 INFO Epoch 5:
2018-11-29 19:50:02,871 INFO Training...
2018-11-29 19:50:07,155 INFO train time: 4.284
2018-11-29 19:50:07,155 INFO train loss: 0.076
2018-11-29 19:50:07,155 INFO train accuracy: 0.978
2018-11-29 19:50:07,155 INFO train precision: 0.980
2018-11-29 19:50:07,156 INFO train recall: 0.976
2018-11-29 19:50:07,156 INFO train F1: 0.978
2018-11-29 19:50:07,156 INFO train AUC: 0.978
2018-11-29 19:50:07,157 INFO Evaluating...
2018-11-29 19:50:07,858 INFO valid time: 0.702
2018-11-29 19:50:07,859 INFO valid loss: 0.187
2018-11-29 19:50:07,859 INFO valid accuracy: 0.909
2018-11-29 19:50:07,859 INFO valid precision: 0.922
2018-11-29 19:50:07,860 INFO valid recall: 0.898
2018-11-29 19:50:07,860 INFO valid F1: 0.910
2018-11-29 19:50:07,860 INFO valid AUC: 0.910
2018-11-29 19:50:08,150 INFO Epoch 6:
2018-11-29 19:50:08,152 INFO Training...
2018-11-29 19:50:12,376 INFO train time: 4.224
2018-11-29 19:50:12,376 INFO train loss: 0.068
2018-11-29 19:50:12,377 INFO train accuracy: 0.977
2018-11-29 19:50:12,377 INFO train precision: 0.978
2018-11-29 19:50:12,377 INFO train recall: 0.976
2018-11-29 19:50:12,377 INFO train F1: 0.977
2018-11-29 19:50:12,377 INFO train AUC: 0.977
2018-11-29 19:50:12,378 INFO Evaluating...
2018-11-29 19:50:13,105 INFO valid time: 0.727
2018-11-29 19:50:13,106 INFO valid loss: 0.194
2018-11-29 19:50:13,106 INFO valid accuracy: 0.901
2018-11-29 19:50:13,106 INFO valid precision: 0.928
2018-11-29 19:50:13,106 INFO valid recall: 0.873
2018-11-29 19:50:13,106 INFO valid F1: 0.900
2018-11-29 19:50:13,106 INFO valid AUC: 0.901
2018-11-29 19:50:13,379 INFO Epoch 7:
2018-11-29 19:50:13,380 INFO Training...
2018-11-29 19:50:17,631 INFO train time: 4.250
2018-11-29 19:50:17,631 INFO train loss: 0.063
2018-11-29 19:50:17,631 INFO train accuracy: 0.978
2018-11-29 19:50:17,632 INFO train precision: 0.981
2018-11-29 19:50:17,632 INFO train recall: 0.975
2018-11-29 19:50:17,632 INFO train F1: 0.978
2018-11-29 19:50:17,632 INFO train AUC: 0.978
2018-11-29 19:50:17,633 INFO Evaluating...
2018-11-29 19:50:18,234 INFO valid time: 0.601
2018-11-29 19:50:18,234 INFO valid loss: 0.193
2018-11-29 19:50:18,235 INFO valid accuracy: 0.905
2018-11-29 19:50:18,235 INFO valid precision: 0.914
2018-11-29 19:50:18,235 INFO valid recall: 0.898
2018-11-29 19:50:18,235 INFO valid F1: 0.906
2018-11-29 19:50:18,238 INFO valid AUC: 0.905
2018-11-29 19:50:18,474 INFO Epoch 8:
2018-11-29 19:50:18,475 INFO Training...
2018-11-29 19:50:22,916 INFO train time: 4.440
2018-11-29 19:50:22,916 INFO train loss: 0.058
2018-11-29 19:50:22,916 INFO train accuracy: 0.977
2018-11-29 19:50:22,916 INFO train precision: 0.980
2018-11-29 19:50:22,916 INFO train recall: 0.973
2018-11-29 19:50:22,917 INFO train F1: 0.976
2018-11-29 19:50:22,917 INFO train AUC: 0.976
2018-11-29 19:50:22,917 INFO Evaluating...
2018-11-29 19:50:23,628 INFO valid time: 0.711
2018-11-29 19:50:23,629 INFO valid loss: 0.199
2018-11-29 19:50:23,629 INFO valid accuracy: 0.901
2018-11-29 19:50:23,629 INFO valid precision: 0.920
2018-11-29 19:50:23,629 INFO valid recall: 0.881
2018-11-29 19:50:23,629 INFO valid F1: 0.900
2018-11-29 19:50:23,630 INFO valid AUC: 0.901
2018-11-29 19:50:23,872 INFO Epoch 9:
2018-11-29 19:50:23,873 INFO Training...
2018-12-04 15:25:36,929 INFO Initializing
2018-12-04 15:25:37,491 INFO Loaded 1619 training samples
2018-12-04 15:25:37,492 INFO Loaded 232 validation samples
2018-12-04 15:25:37,492 INFO Loaded 463 test samples
2018-12-04 15:25:42,091 INFO Model: Graph-CNN
2018-12-04 15:25:42,091 INFO Parameters: 5738370
2018-12-04 15:25:43,115 INFO Epoch 0:
2018-12-04 15:25:43,131 INFO Training...
2018-12-04 15:25:47,834 INFO train time: 4.703
2018-12-04 15:25:47,835 INFO train loss: 0.363
2018-12-04 15:25:47,835 INFO train accuracy: 0.817
2018-12-04 15:25:47,835 INFO train precision: 0.801
2018-12-04 15:25:47,836 INFO train recall: 0.838
2018-12-04 15:25:47,836 INFO train F1: 0.819
2018-12-04 15:25:47,836 INFO train AUC: 0.817
2018-12-04 15:25:47,837 INFO Evaluating...
2018-12-04 15:25:48,595 INFO valid time: 0.758
2018-12-04 15:25:48,596 INFO valid loss: 0.428
2018-12-04 15:25:48,596 INFO valid accuracy: 0.776
2018-12-04 15:25:48,596 INFO valid precision: 1.000
2018-12-04 15:25:48,596 INFO valid recall: 0.559
2018-12-04 15:25:48,596 INFO valid F1: 0.717
2018-12-04 15:25:48,596 INFO valid AUC: 0.780
2018-12-04 15:25:48,889 INFO Epoch 1:
2018-12-04 15:25:48,890 INFO Training...
2018-12-04 15:25:52,922 INFO train time: 4.032
2018-12-04 15:25:52,923 INFO train loss: 0.225
2018-12-04 15:25:52,923 INFO train accuracy: 0.897
2018-12-04 15:25:52,923 INFO train precision: 0.898
2018-12-04 15:25:52,923 INFO train recall: 0.893
2018-12-04 15:25:52,923 INFO train F1: 0.896
2018-12-04 15:25:52,923 INFO train AUC: 0.897
2018-12-04 15:25:52,924 INFO Evaluating...
2018-12-04 15:25:53,504 INFO valid time: 0.580
2018-12-04 15:25:53,505 INFO valid loss: 0.221
2018-12-04 15:25:53,505 INFO valid accuracy: 0.862
2018-12-04 15:25:53,505 INFO valid precision: 0.877
2018-12-04 15:25:53,505 INFO valid recall: 0.847
2018-12-04 15:25:53,505 INFO valid F1: 0.862
2018-12-04 15:25:53,505 INFO valid AUC: 0.862
2018-12-04 15:25:53,756 INFO Epoch 2:
2018-12-04 15:25:53,757 INFO Training...
2018-12-04 15:25:57,996 INFO train time: 4.239
2018-12-04 15:25:57,996 INFO train loss: 0.136
2018-12-04 15:25:57,996 INFO train accuracy: 0.946
2018-12-04 15:25:57,996 INFO train precision: 0.944
2018-12-04 15:25:57,997 INFO train recall: 0.946
2018-12-04 15:25:57,997 INFO train F1: 0.945
2018-12-04 15:25:57,997 INFO train AUC: 0.946
2018-12-04 15:25:57,998 INFO Evaluating...
2018-12-04 15:25:58,667 INFO valid time: 0.669
2018-12-04 15:25:58,667 INFO valid loss: 0.213
2018-12-04 15:25:58,667 INFO valid accuracy: 0.879
2018-12-04 15:25:58,667 INFO valid precision: 0.933
2018-12-04 15:25:58,668 INFO valid recall: 0.822
2018-12-04 15:25:58,668 INFO valid F1: 0.874
2018-12-04 15:25:58,668 INFO valid AUC: 0.880
2018-12-04 15:25:58,924 INFO Epoch 3:
2018-12-04 15:25:58,925 INFO Training...
2018-12-04 15:26:02,878 INFO train time: 3.953
2018-12-04 15:26:02,878 INFO train loss: 0.105
2018-12-04 15:26:02,879 INFO train accuracy: 0.965
2018-12-04 15:26:02,879 INFO train precision: 0.966
2018-12-04 15:26:02,879 INFO train recall: 0.964
2018-12-04 15:26:02,879 INFO train F1: 0.965
2018-12-04 15:26:02,879 INFO train AUC: 0.965
2018-12-04 15:26:02,880 INFO Evaluating...
2018-12-04 15:26:03,512 INFO valid time: 0.632
2018-12-04 15:26:03,513 INFO valid loss: 0.255
2018-12-04 15:26:03,513 INFO valid accuracy: 0.862
2018-12-04 15:26:03,513 INFO valid precision: 0.967
2018-12-04 15:26:03,513 INFO valid recall: 0.754
2018-12-04 15:26:03,513 INFO valid F1: 0.848
2018-12-04 15:26:03,514 INFO valid AUC: 0.864
2018-12-04 15:26:03,777 INFO Epoch 4:
2018-12-04 15:26:03,778 INFO Training...
2018-12-04 15:26:07,832 INFO train time: 4.054
2018-12-04 15:26:07,833 INFO train loss: 0.091
2018-12-04 15:26:07,833 INFO train accuracy: 0.974
2018-12-04 15:26:07,833 INFO train precision: 0.979
2018-12-04 15:26:07,833 INFO train recall: 0.969
2018-12-04 15:26:07,833 INFO train F1: 0.974
2018-12-04 15:26:07,834 INFO train AUC: 0.974
2018-12-04 15:26:07,834 INFO Evaluating...
2018-12-04 15:26:08,424 INFO valid time: 0.589
2018-12-04 15:26:08,424 INFO valid loss: 0.195
2018-12-04 15:26:08,424 INFO valid accuracy: 0.905
2018-12-04 15:26:08,424 INFO valid precision: 0.914
2018-12-04 15:26:08,424 INFO valid recall: 0.898
2018-12-04 15:26:08,424 INFO valid F1: 0.906
2018-12-04 15:26:08,424 INFO valid AUC: 0.905
2018-12-04 15:26:08,659 INFO Epoch 5:
2018-12-04 15:26:08,660 INFO Training...
2018-12-04 15:26:12,623 INFO train time: 3.962
2018-12-04 15:26:12,623 INFO train loss: 0.075
2018-12-04 15:26:12,623 INFO train accuracy: 0.977
2018-12-04 15:26:12,623 INFO train precision: 0.978
2018-12-04 15:26:12,623 INFO train recall: 0.975
2018-12-04 15:26:12,623 INFO train F1: 0.976
2018-12-04 15:26:12,624 INFO train AUC: 0.977
2018-12-04 15:26:12,624 INFO Evaluating...
2018-12-04 15:26:13,214 INFO valid time: 0.589
2018-12-04 15:26:13,214 INFO valid loss: 0.216
2018-12-04 15:26:13,214 INFO valid accuracy: 0.897
2018-12-04 15:26:13,214 INFO valid precision: 0.892
2018-12-04 15:26:13,214 INFO valid recall: 0.907
2018-12-04 15:26:13,215 INFO valid F1: 0.899
2018-12-04 15:26:13,215 INFO valid AUC: 0.896
2018-12-04 15:26:13,471 INFO Epoch 6:
2018-12-04 15:26:13,472 INFO Training...
2018-12-04 15:26:17,510 INFO train time: 4.037
2018-12-04 15:26:17,510 INFO train loss: 0.067
2018-12-04 15:26:17,510 INFO train accuracy: 0.979
2018-12-04 15:26:17,511 INFO train precision: 0.980
2018-12-04 15:26:17,511 INFO train recall: 0.978
2018-12-04 15:26:17,511 INFO train F1: 0.979
2018-12-04 15:26:17,511 INFO train AUC: 0.979
2018-12-04 15:26:17,513 INFO Evaluating...
2018-12-04 15:26:18,173 INFO valid time: 0.660
2018-12-04 15:26:18,173 INFO valid loss: 0.205
2018-12-04 15:26:18,173 INFO valid accuracy: 0.905
2018-12-04 15:26:18,174 INFO valid precision: 0.944
2018-12-04 15:26:18,174 INFO valid recall: 0.864
2018-12-04 15:26:18,174 INFO valid F1: 0.903
2018-12-04 15:26:18,174 INFO valid AUC: 0.906
2018-12-04 15:26:18,440 INFO Epoch 7:
2018-12-04 15:26:18,441 INFO Training...
2018-12-04 15:26:22,664 INFO train time: 4.223
2018-12-04 15:26:22,665 INFO train loss: 0.062
2018-12-04 15:26:22,665 INFO train accuracy: 0.978
2018-12-04 15:26:22,665 INFO train precision: 0.982
2018-12-04 15:26:22,665 INFO train recall: 0.974
2018-12-04 15:26:22,666 INFO train F1: 0.978
2018-12-04 15:26:22,666 INFO train AUC: 0.978
2018-12-04 15:26:22,667 INFO Evaluating...
2018-12-04 15:26:23,337 INFO valid time: 0.670
2018-12-04 15:26:23,338 INFO valid loss: 0.202
2018-12-04 15:26:23,338 INFO valid accuracy: 0.905
2018-12-04 15:26:23,338 INFO valid precision: 0.907
2018-12-04 15:26:23,338 INFO valid recall: 0.907
2018-12-04 15:26:23,338 INFO valid F1: 0.907
2018-12-04 15:26:23,338 INFO valid AUC: 0.905
2018-12-04 15:26:23,597 INFO Epoch 8:
2018-12-04 15:26:23,598 INFO Training...
2018-12-04 15:26:27,467 INFO train time: 3.869
2018-12-04 15:26:27,467 INFO train loss: 0.058
2018-12-04 15:26:27,467 INFO train accuracy: 0.977
2018-12-04 15:26:27,468 INFO train precision: 0.980
2018-12-04 15:26:27,468 INFO train recall: 0.973
2018-12-04 15:26:27,468 INFO train F1: 0.976
2018-12-04 15:26:27,468 INFO train AUC: 0.976
2018-12-04 15:26:27,468 INFO Evaluating...
2018-12-04 15:26:28,092 INFO valid time: 0.623
2018-12-04 15:26:28,092 INFO valid loss: 0.204
2018-12-04 15:26:28,092 INFO valid accuracy: 0.901
2018-12-04 15:26:28,092 INFO valid precision: 0.920
2018-12-04 15:26:28,092 INFO valid recall: 0.881
2018-12-04 15:26:28,093 INFO valid F1: 0.900
2018-12-04 15:26:28,093 INFO valid AUC: 0.901
2018-12-04 15:26:28,330 INFO Epoch 9:
2018-12-04 15:26:28,332 INFO Training...
2018-12-04 15:26:32,521 INFO train time: 4.189
2018-12-04 15:26:32,521 INFO train loss: 0.057
2018-12-04 15:26:32,521 INFO train accuracy: 0.979
2018-12-04 15:26:32,522 INFO train precision: 0.981
2018-12-04 15:26:32,522 INFO train recall: 0.976
2018-12-04 15:26:32,522 INFO train F1: 0.979
2018-12-04 15:26:32,522 INFO train AUC: 0.979
2018-12-04 15:26:32,523 INFO Evaluating...
2018-12-04 15:26:33,157 INFO valid time: 0.634
2018-12-04 15:26:33,157 INFO valid loss: 0.217
2018-12-04 15:26:33,157 INFO valid accuracy: 0.901
2018-12-04 15:26:33,157 INFO valid precision: 0.952
2018-12-04 15:26:33,157 INFO valid recall: 0.847
2018-12-04 15:26:33,157 INFO valid F1: 0.897
2018-12-04 15:26:33,157 INFO valid AUC: 0.902
2018-12-04 15:26:33,393 INFO Epoch 10:
2018-12-04 15:26:33,394 INFO Training...
2018-12-04 15:26:37,387 INFO train time: 3.993
2018-12-04 15:26:37,388 INFO train loss: 0.059
2018-12-04 15:26:37,388 INFO train accuracy: 0.981
2018-12-04 15:26:37,388 INFO train precision: 0.984
2018-12-04 15:26:37,388 INFO train recall: 0.979
2018-12-04 15:26:37,389 INFO train F1: 0.981
2018-12-04 15:26:37,389 INFO train AUC: 0.981
2018-12-04 15:26:37,389 INFO Evaluating...
2018-12-04 15:26:37,985 INFO valid time: 0.595
2018-12-04 15:26:37,985 INFO valid loss: 0.211
2018-12-04 15:26:37,986 INFO valid accuracy: 0.914
2018-12-04 15:26:37,986 INFO valid precision: 0.945
2018-12-04 15:26:37,986 INFO valid recall: 0.881
2018-12-04 15:26:37,986 INFO valid F1: 0.912
2018-12-04 15:26:37,986 INFO valid AUC: 0.914
2018-12-04 15:26:38,237 INFO Epoch 11:
2018-12-04 15:26:38,238 INFO Training...
2018-12-04 15:26:42,305 INFO train time: 4.067
2018-12-04 15:26:42,306 INFO train loss: 0.057
2018-12-04 15:26:42,306 INFO train accuracy: 0.981
2018-12-04 15:26:42,306 INFO train precision: 0.981
2018-12-04 15:26:42,306 INFO train recall: 0.980
2018-12-04 15:26:42,306 INFO train F1: 0.981
2018-12-04 15:26:42,306 INFO train AUC: 0.981
2018-12-04 15:26:42,307 INFO Evaluating...
2018-12-04 15:26:42,911 INFO valid time: 0.604
2018-12-04 15:26:42,912 INFO valid loss: 0.240
2018-12-04 15:26:42,912 INFO valid accuracy: 0.909
2018-12-04 15:26:42,912 INFO valid precision: 0.971
2018-12-04 15:26:42,912 INFO valid recall: 0.847
2018-12-04 15:26:42,912 INFO valid F1: 0.905
2018-12-04 15:26:42,913 INFO valid AUC: 0.911
2018-12-04 15:26:43,182 INFO Epoch 12:
2018-12-04 15:26:43,184 INFO Training...
2018-12-04 15:26:47,324 INFO train time: 4.140
2018-12-04 15:26:47,324 INFO train loss: 0.059
2018-12-04 15:26:47,324 INFO train accuracy: 0.980
2018-12-04 15:26:47,324 INFO train precision: 0.981
2018-12-04 15:26:47,324 INFO train recall: 0.978
2018-12-04 15:26:47,324 INFO train F1: 0.979
2018-12-04 15:26:47,324 INFO train AUC: 0.980
2018-12-04 15:26:47,325 INFO Evaluating...
2018-12-04 15:26:47,960 INFO valid time: 0.634
2018-12-04 15:26:47,960 INFO valid loss: 0.272
2018-12-04 15:26:47,960 INFO valid accuracy: 0.888
2018-12-04 15:26:47,960 INFO valid precision: 0.969
2018-12-04 15:26:47,961 INFO valid recall: 0.805
2018-12-04 15:26:47,961 INFO valid F1: 0.880
2018-12-04 15:26:47,961 INFO valid AUC: 0.889
2018-12-04 15:26:48,233 INFO Epoch 13:
2018-12-04 15:26:48,234 INFO Training...
2018-12-04 15:26:52,236 INFO train time: 4.001
2018-12-04 15:26:52,236 INFO train loss: 0.060
2018-12-04 15:26:52,237 INFO train accuracy: 0.980
2018-12-04 15:26:52,237 INFO train precision: 0.982
2018-12-04 15:26:52,237 INFO train recall: 0.976
2018-12-04 15:26:52,237 INFO train F1: 0.979
2018-12-04 15:26:52,237 INFO train AUC: 0.980
2018-12-04 15:26:52,238 INFO Evaluating...
2018-12-04 15:26:52,810 INFO valid time: 0.572
2018-12-04 15:26:52,811 INFO valid loss: 0.263
2018-12-04 15:26:52,811 INFO valid accuracy: 0.905
2018-12-04 15:26:52,811 INFO valid precision: 0.971
2018-12-04 15:26:52,811 INFO valid recall: 0.839
2018-12-04 15:26:52,811 INFO valid F1: 0.900
2018-12-04 15:26:52,811 INFO valid AUC: 0.906
2018-12-04 15:26:53,079 INFO Epoch 14:
2018-12-04 15:26:53,080 INFO Training...
2018-12-04 15:26:57,129 INFO train time: 4.048
2018-12-04 15:26:57,129 INFO train loss: 0.057
2018-12-04 15:26:57,129 INFO train accuracy: 0.981
2018-12-04 15:26:57,129 INFO train precision: 0.981
2018-12-04 15:26:57,129 INFO train recall: 0.981
2018-12-04 15:26:57,129 INFO train F1: 0.981
2018-12-04 15:26:57,129 INFO train AUC: 0.981
2018-12-04 15:26:57,130 INFO Evaluating...
2018-12-04 15:26:57,749 INFO valid time: 0.618
2018-12-04 15:26:57,749 INFO valid loss: 0.296
2018-12-04 15:26:57,749 INFO valid accuracy: 0.879
2018-12-04 15:26:57,749 INFO valid precision: 0.969
2018-12-04 15:26:57,750 INFO valid recall: 0.788
2018-12-04 15:26:57,750 INFO valid F1: 0.869
2018-12-04 15:26:57,750 INFO valid AUC: 0.881
2018-12-04 15:26:58,000 INFO Epoch 15:
2018-12-04 15:26:58,001 INFO Training...
2018-12-04 15:27:02,011 INFO train time: 4.010
2018-12-04 15:27:02,011 INFO train loss: 0.059
2018-12-04 15:27:02,012 INFO train accuracy: 0.980
2018-12-04 15:27:02,012 INFO train precision: 0.980
2018-12-04 15:27:02,012 INFO train recall: 0.980
2018-12-04 15:27:02,012 INFO train F1: 0.980
2018-12-04 15:27:02,012 INFO train AUC: 0.980
2018-12-04 15:27:02,013 INFO Evaluating...
2018-12-04 15:27:02,623 INFO valid time: 0.610
2018-12-04 15:27:02,623 INFO valid loss: 0.264
2018-12-04 15:27:02,624 INFO valid accuracy: 0.909
2018-12-04 15:27:02,624 INFO valid precision: 0.971
2018-12-04 15:27:02,624 INFO valid recall: 0.847
2018-12-04 15:27:02,624 INFO valid F1: 0.905
2018-12-04 15:27:02,624 INFO valid AUC: 0.911
2018-12-04 15:27:02,862 INFO Epoch 16:
2018-12-04 15:27:02,863 INFO Training...
2018-12-04 15:27:06,916 INFO train time: 4.052
2018-12-04 15:27:06,916 INFO train loss: 0.056
2018-12-04 15:27:06,916 INFO train accuracy: 0.982
2018-12-04 15:27:06,917 INFO train precision: 0.986
2018-12-04 15:27:06,917 INFO train recall: 0.978
2018-12-04 15:27:06,917 INFO train F1: 0.982
2018-12-04 15:27:06,917 INFO train AUC: 0.982
2018-12-04 15:27:06,918 INFO Evaluating...
2018-12-04 15:27:07,559 INFO valid time: 0.641
2018-12-04 15:27:07,559 INFO valid loss: 0.316
2018-12-04 15:27:07,559 INFO valid accuracy: 0.884
2018-12-04 15:27:07,559 INFO valid precision: 0.969
2018-12-04 15:27:07,560 INFO valid recall: 0.797
2018-12-04 15:27:07,560 INFO valid F1: 0.874
2018-12-04 15:27:07,560 INFO valid AUC: 0.885
2018-12-04 15:27:07,792 INFO Epoch 17:
2018-12-04 15:27:07,793 INFO Training...
2018-12-04 15:27:11,855 INFO train time: 4.062
2018-12-04 15:27:11,856 INFO train loss: 0.062
2018-12-04 15:27:11,856 INFO train accuracy: 0.981
2018-12-04 15:27:11,856 INFO train precision: 0.981
2018-12-04 15:27:11,856 INFO train recall: 0.980
2018-12-04 15:27:11,856 INFO train F1: 0.981
2018-12-04 15:27:11,856 INFO train AUC: 0.981
2018-12-04 15:27:11,857 INFO Evaluating...
2018-12-04 15:27:12,502 INFO valid time: 0.645
2018-12-04 15:27:12,503 INFO valid loss: 0.362
2018-12-04 15:27:12,503 INFO valid accuracy: 0.858
2018-12-04 15:27:12,503 INFO valid precision: 0.978
2018-12-04 15:27:12,503 INFO valid recall: 0.737
2018-12-04 15:27:12,503 INFO valid F1: 0.841
2018-12-04 15:27:12,503 INFO valid AUC: 0.860
2018-12-04 15:27:12,743 INFO Epoch 18:
2018-12-04 15:27:12,744 INFO Training...
2018-12-04 15:27:16,759 INFO train time: 4.015
2018-12-04 15:27:16,759 INFO train loss: 0.063
2018-12-04 15:27:16,760 INFO train accuracy: 0.981
2018-12-04 15:27:16,760 INFO train precision: 0.982
2018-12-04 15:27:16,760 INFO train recall: 0.979
2018-12-04 15:27:16,760 INFO train F1: 0.981
2018-12-04 15:27:16,760 INFO train AUC: 0.981
2018-12-04 15:27:16,761 INFO Evaluating...
2018-12-04 15:27:17,419 INFO valid time: 0.658
2018-12-04 15:27:17,419 INFO valid loss: 0.262
2018-12-04 15:27:17,420 INFO valid accuracy: 0.914
2018-12-04 15:27:17,420 INFO valid precision: 0.971
2018-12-04 15:27:17,420 INFO valid recall: 0.856
2018-12-04 15:27:17,420 INFO valid F1: 0.910
2018-12-04 15:27:17,421 INFO valid AUC: 0.915
2018-12-04 15:27:17,671 INFO Epoch 19:
2018-12-04 15:27:17,672 INFO Training...
2018-12-04 15:27:21,693 INFO train time: 4.021
2018-12-04 15:27:21,693 INFO train loss: 0.058
2018-12-04 15:27:21,694 INFO train accuracy: 0.981
2018-12-04 15:27:21,694 INFO train precision: 0.983
2018-12-04 15:27:21,694 INFO train recall: 0.980
2018-12-04 15:27:21,694 INFO train F1: 0.981
2018-12-04 15:27:21,694 INFO train AUC: 0.981
2018-12-04 15:27:21,695 INFO Evaluating...
2018-12-04 15:27:22,321 INFO valid time: 0.626
2018-12-04 15:27:22,321 INFO valid loss: 0.406
2018-12-04 15:27:22,321 INFO valid accuracy: 0.849
2018-12-04 15:27:22,321 INFO valid precision: 0.977
2018-12-04 15:27:22,322 INFO valid recall: 0.720
2018-12-04 15:27:22,322 INFO valid F1: 0.829
2018-12-04 15:27:22,322 INFO valid AUC: 0.851
2018-12-04 15:27:22,565 INFO Epoch 20:
2018-12-04 15:27:22,566 INFO Training...
2018-12-04 15:27:26,531 INFO train time: 3.965
2018-12-04 15:27:26,531 INFO train loss: 0.069
2018-12-04 15:27:26,532 INFO train accuracy: 0.981
2018-12-04 15:27:26,532 INFO train precision: 0.984
2018-12-04 15:27:26,532 INFO train recall: 0.979
2018-12-04 15:27:26,532 INFO train F1: 0.981
2018-12-04 15:27:26,532 INFO train AUC: 0.981
2018-12-04 15:27:26,533 INFO Evaluating...
2018-12-04 15:27:27,184 INFO valid time: 0.651
2018-12-04 15:27:27,184 INFO valid loss: 0.253
2018-12-04 15:27:27,184 INFO valid accuracy: 0.918
2018-12-04 15:27:27,184 INFO valid precision: 0.963
2018-12-04 15:27:27,185 INFO valid recall: 0.873
2018-12-04 15:27:27,185 INFO valid F1: 0.916
2018-12-04 15:27:27,185 INFO valid AUC: 0.919
2018-12-04 15:27:27,428 INFO Epoch 21:
2018-12-04 15:27:27,429 INFO Training...
2018-12-04 15:27:31,490 INFO train time: 4.061
2018-12-04 15:27:31,491 INFO train loss: 0.060
2018-12-04 15:27:31,491 INFO train accuracy: 0.983
2018-12-04 15:27:31,491 INFO train precision: 0.986
2018-12-04 15:27:31,491 INFO train recall: 0.979
2018-12-04 15:27:31,491 INFO train F1: 0.982
2018-12-04 15:27:31,491 INFO train AUC: 0.983
2018-12-04 15:27:31,492 INFO Evaluating...
2018-12-04 15:27:32,146 INFO valid time: 0.654
2018-12-04 15:27:32,147 INFO valid loss: 0.356
2018-12-04 15:27:32,147 INFO valid accuracy: 0.875
2018-12-04 15:27:32,147 INFO valid precision: 0.978
2018-12-04 15:27:32,147 INFO valid recall: 0.771
2018-12-04 15:27:32,147 INFO valid F1: 0.863
2018-12-04 15:27:32,148 INFO valid AUC: 0.877
2018-12-04 15:27:32,403 INFO Epoch 22:
2018-12-04 15:27:32,404 INFO Training...
2018-12-04 15:27:36,551 INFO train time: 4.147
2018-12-04 15:27:36,552 INFO train loss: 0.077
2018-12-04 15:27:36,552 INFO train accuracy: 0.977
2018-12-04 15:27:36,552 INFO train precision: 0.979
2018-12-04 15:27:36,552 INFO train recall: 0.975
2018-12-04 15:27:36,553 INFO train F1: 0.977
2018-12-04 15:27:36,553 INFO train AUC: 0.977
2018-12-04 15:27:36,553 INFO Evaluating...
2018-12-04 15:27:37,154 INFO valid time: 0.600
2018-12-04 15:27:37,154 INFO valid loss: 0.218
2018-12-04 15:27:37,154 INFO valid accuracy: 0.897
2018-12-04 15:27:37,155 INFO valid precision: 0.898
2018-12-04 15:27:37,155 INFO valid recall: 0.898
2018-12-04 15:27:37,155 INFO valid F1: 0.898
2018-12-04 15:27:37,155 INFO valid AUC: 0.897
2018-12-04 15:27:37,411 INFO Epoch 23:
2018-12-04 15:27:37,412 INFO Training...
2018-12-04 15:27:41,428 INFO train time: 4.016
2018-12-04 15:27:41,429 INFO train loss: 0.060
2018-12-04 15:27:41,429 INFO train accuracy: 0.979
2018-12-04 15:27:41,429 INFO train precision: 0.984
2018-12-04 15:27:41,430 INFO train recall: 0.974
2018-12-04 15:27:41,430 INFO train F1: 0.979
2018-12-04 15:27:41,430 INFO train AUC: 0.979
2018-12-04 15:27:41,430 INFO Evaluating...
2018-12-04 15:27:42,011 INFO valid time: 0.580
2018-12-04 15:27:42,011 INFO valid loss: 0.257
2018-12-04 15:27:42,011 INFO valid accuracy: 0.901
2018-12-04 15:27:42,011 INFO valid precision: 0.893
2018-12-04 15:27:42,011 INFO valid recall: 0.915
2018-12-04 15:27:42,012 INFO valid F1: 0.904
2018-12-04 15:27:42,012 INFO valid AUC: 0.901
2018-12-04 15:27:42,261 INFO Epoch 24:
2018-12-04 15:27:42,262 INFO Training...
2018-12-04 15:27:46,260 INFO train time: 3.998
2018-12-04 15:27:46,260 INFO train loss: 0.051
2018-12-04 15:27:46,260 INFO train accuracy: 0.980
2018-12-04 15:27:46,260 INFO train precision: 0.984
2018-12-04 15:27:46,260 INFO train recall: 0.976
2018-12-04 15:27:46,260 INFO train F1: 0.980
2018-12-04 15:27:46,260 INFO train AUC: 0.980
2018-12-04 15:27:46,261 INFO Evaluating...
2018-12-04 15:27:46,835 INFO valid time: 0.574
2018-12-04 15:27:46,836 INFO valid loss: 0.260
2018-12-04 15:27:46,836 INFO valid accuracy: 0.901
2018-12-04 15:27:46,836 INFO valid precision: 0.893
2018-12-04 15:27:46,836 INFO valid recall: 0.915
2018-12-04 15:27:46,836 INFO valid F1: 0.904
2018-12-04 15:27:46,837 INFO valid AUC: 0.901
2018-12-04 15:27:47,081 INFO Epoch 25:
2018-12-04 15:27:47,083 INFO Training...
2018-12-04 15:27:51,052 INFO train time: 3.969
2018-12-04 15:27:51,053 INFO train loss: 0.062
2018-12-04 15:27:51,053 INFO train accuracy: 0.980
2018-12-04 15:27:51,053 INFO train precision: 0.982
2018-12-04 15:27:51,053 INFO train recall: 0.978
2018-12-04 15:27:51,053 INFO train F1: 0.980
2018-12-04 15:27:51,053 INFO train AUC: 0.980
2018-12-04 15:27:51,054 INFO Evaluating...
2018-12-04 15:27:51,629 INFO valid time: 0.575
2018-12-04 15:27:51,630 INFO valid loss: 0.369
2018-12-04 15:27:51,630 INFO valid accuracy: 0.888
2018-12-04 15:27:51,630 INFO valid precision: 0.854
2018-12-04 15:27:51,630 INFO valid recall: 0.941
2018-12-04 15:27:51,630 INFO valid F1: 0.895
2018-12-04 15:27:51,630 INFO valid AUC: 0.887
2018-12-04 15:27:51,885 INFO Epoch 26:
2018-12-04 15:27:51,886 INFO Training...
2018-12-04 15:27:55,779 INFO train time: 3.892
2018-12-04 15:27:55,779 INFO train loss: 0.056
2018-12-04 15:27:55,779 INFO train accuracy: 0.982
2018-12-04 15:27:55,779 INFO train precision: 0.986
2018-12-04 15:27:55,779 INFO train recall: 0.978
2018-12-04 15:27:55,780 INFO train F1: 0.982
2018-12-04 15:27:55,780 INFO train AUC: 0.982
2018-12-04 15:27:55,780 INFO Evaluating...
2018-12-04 15:27:56,412 INFO valid time: 0.632
2018-12-04 15:27:56,413 INFO valid loss: 0.315
2018-12-04 15:27:56,413 INFO valid accuracy: 0.897
2018-12-04 15:27:56,413 INFO valid precision: 0.873
2018-12-04 15:27:56,414 INFO valid recall: 0.932
2018-12-04 15:27:56,423 INFO valid F1: 0.902
2018-12-04 15:27:56,423 INFO valid AUC: 0.896
2018-12-04 15:27:56,666 INFO Epoch 27:
2018-12-04 15:27:56,667 INFO Training...
2018-12-04 15:28:00,667 INFO train time: 3.999
2018-12-04 15:28:00,667 INFO train loss: 0.043
2018-12-04 15:28:00,667 INFO train accuracy: 0.981
2018-12-04 15:28:00,667 INFO train precision: 0.984
2018-12-04 15:28:00,668 INFO train recall: 0.979
2018-12-04 15:28:00,668 INFO train F1: 0.981
2018-12-04 15:28:00,668 INFO train AUC: 0.981
2018-12-04 15:28:00,668 INFO Evaluating...
2018-12-04 15:28:01,259 INFO valid time: 0.591
2018-12-04 15:28:01,260 INFO valid loss: 0.261
2018-12-04 15:28:01,260 INFO valid accuracy: 0.892
2018-12-04 15:28:01,260 INFO valid precision: 0.912
2018-12-04 15:28:01,260 INFO valid recall: 0.873
2018-12-04 15:28:01,261 INFO valid F1: 0.892
2018-12-04 15:28:01,261 INFO valid AUC: 0.893
2018-12-04 15:28:01,523 INFO Epoch 28:
2018-12-04 15:28:01,525 INFO Training...
2018-12-04 15:28:05,677 INFO train time: 4.152
2018-12-04 15:28:05,677 INFO train loss: 0.045
2018-12-04 15:28:05,677 INFO train accuracy: 0.980
2018-12-04 15:28:05,677 INFO train precision: 0.982
2018-12-04 15:28:05,677 INFO train recall: 0.978
2018-12-04 15:28:05,677 INFO train F1: 0.980
2018-12-04 15:28:05,678 INFO train AUC: 0.980
2018-12-04 15:28:05,678 INFO Evaluating...
2018-12-04 15:28:06,309 INFO valid time: 0.630
2018-12-04 15:28:06,309 INFO valid loss: 0.252
2018-12-04 15:28:06,309 INFO valid accuracy: 0.901
2018-12-04 15:28:06,309 INFO valid precision: 0.913
2018-12-04 15:28:06,310 INFO valid recall: 0.890
2018-12-04 15:28:06,310 INFO valid F1: 0.901
2018-12-04 15:28:06,310 INFO valid AUC: 0.901
2018-12-04 15:28:06,559 INFO Epoch 29:
2018-12-04 15:28:06,560 INFO Training...
2018-12-04 15:28:10,561 INFO train time: 4.000
2018-12-04 15:28:10,561 INFO train loss: 0.044
2018-12-04 15:28:10,561 INFO train accuracy: 0.980
2018-12-04 15:28:10,562 INFO train precision: 0.982
2018-12-04 15:28:10,562 INFO train recall: 0.978
2018-12-04 15:28:10,562 INFO train F1: 0.980
2018-12-04 15:28:10,562 INFO train AUC: 0.980
2018-12-04 15:28:10,563 INFO Evaluating...
2018-12-04 15:28:11,196 INFO valid time: 0.633
2018-12-04 15:28:11,196 INFO valid loss: 0.259
2018-12-04 15:28:11,196 INFO valid accuracy: 0.909
2018-12-04 15:28:11,197 INFO valid precision: 0.908
2018-12-04 15:28:11,197 INFO valid recall: 0.915
2018-12-04 15:28:11,197 INFO valid F1: 0.911
2018-12-04 15:28:11,197 INFO valid AUC: 0.909
2018-12-04 15:28:11,462 INFO Epoch 30:
2018-12-04 15:28:11,463 INFO Training...
2018-12-04 15:28:15,380 INFO train time: 3.916
2018-12-04 15:28:15,380 INFO train loss: 0.043
2018-12-04 15:28:15,380 INFO train accuracy: 0.983
2018-12-04 15:28:15,380 INFO train precision: 0.984
2018-12-04 15:28:15,381 INFO train recall: 0.981
2018-12-04 15:28:15,381 INFO train F1: 0.983
2018-12-04 15:28:15,381 INFO train AUC: 0.983
2018-12-04 15:28:15,382 INFO Evaluating...
2018-12-04 15:28:15,966 INFO valid time: 0.584
2018-12-04 15:28:15,966 INFO valid loss: 0.299
2018-12-04 15:28:15,966 INFO valid accuracy: 0.901
2018-12-04 15:28:15,966 INFO valid precision: 0.952
2018-12-04 15:28:15,967 INFO valid recall: 0.847
2018-12-04 15:28:15,967 INFO valid F1: 0.897
2018-12-04 15:28:15,967 INFO valid AUC: 0.902
2018-12-04 15:28:16,202 INFO Epoch 31:
2018-12-04 15:28:16,203 INFO Training...
2018-12-04 15:28:20,288 INFO train time: 4.085
2018-12-04 15:28:20,289 INFO train loss: 0.050
2018-12-04 15:28:20,289 INFO train accuracy: 0.978
2018-12-04 15:28:20,289 INFO train precision: 0.980
2018-12-04 15:28:20,289 INFO train recall: 0.975
2018-12-04 15:28:20,289 INFO train F1: 0.978
2018-12-04 15:28:20,289 INFO train AUC: 0.978
2018-12-04 15:28:20,290 INFO Evaluating...
2018-12-04 15:28:20,937 INFO valid time: 0.646
2018-12-04 15:28:20,937 INFO valid loss: 0.270
2018-12-04 15:28:20,937 INFO valid accuracy: 0.901
2018-12-04 15:28:20,938 INFO valid precision: 0.899
2018-12-04 15:28:20,938 INFO valid recall: 0.907
2018-12-04 15:28:20,938 INFO valid F1: 0.903
2018-12-04 15:28:20,938 INFO valid AUC: 0.901
2018-12-04 15:28:21,175 INFO Epoch 32:
2018-12-04 15:28:21,176 INFO Training...
2018-12-04 15:28:25,185 INFO train time: 4.008
2018-12-04 15:28:25,185 INFO train loss: 0.045
2018-12-04 15:28:25,185 INFO train accuracy: 0.981
2018-12-04 15:28:25,185 INFO train precision: 0.983
2018-12-04 15:28:25,186 INFO train recall: 0.980
2018-12-04 15:28:25,186 INFO train F1: 0.981
2018-12-04 15:28:25,186 INFO train AUC: 0.981
2018-12-04 15:28:25,187 INFO Evaluating...
2018-12-04 15:28:25,789 INFO valid time: 0.602
2018-12-04 15:28:25,789 INFO valid loss: 0.310
2018-12-04 15:28:25,789 INFO valid accuracy: 0.897
2018-12-04 15:28:25,790 INFO valid precision: 0.952
2018-12-04 15:28:25,790 INFO valid recall: 0.839
2018-12-04 15:28:25,790 INFO valid F1: 0.892
2018-12-04 15:28:25,790 INFO valid AUC: 0.898
2018-12-04 15:28:26,035 INFO Epoch 33:
2018-12-04 15:28:26,036 INFO Training...
2018-12-04 15:28:30,079 INFO train time: 4.043
2018-12-04 15:28:30,079 INFO train loss: 0.054
2018-12-04 15:28:30,080 INFO train accuracy: 0.978
2018-12-04 15:28:30,080 INFO train precision: 0.981
2018-12-04 15:28:30,080 INFO train recall: 0.975
2018-12-04 15:28:30,080 INFO train F1: 0.978
2018-12-04 15:28:30,080 INFO train AUC: 0.978
2018-12-04 15:28:30,081 INFO Evaluating...
2018-12-04 15:28:30,720 INFO valid time: 0.638
2018-12-04 15:28:30,720 INFO valid loss: 0.266
2018-12-04 15:28:30,720 INFO valid accuracy: 0.901
2018-12-04 15:28:30,721 INFO valid precision: 0.893
2018-12-04 15:28:30,721 INFO valid recall: 0.915
2018-12-04 15:28:30,721 INFO valid F1: 0.904
2018-12-04 15:28:30,721 INFO valid AUC: 0.901
2018-12-04 15:28:30,952 INFO Epoch 34:
2018-12-04 15:28:30,953 INFO Training...
2018-12-04 15:28:35,106 INFO train time: 4.153
2018-12-04 15:28:35,106 INFO train loss: 0.045
2018-12-04 15:28:35,106 INFO train accuracy: 0.981
2018-12-04 15:28:35,107 INFO train precision: 0.984
2018-12-04 15:28:35,107 INFO train recall: 0.978
2018-12-04 15:28:35,107 INFO train F1: 0.981
2018-12-04 15:28:35,107 INFO train AUC: 0.981
2018-12-04 15:28:35,108 INFO Evaluating...
2018-12-04 15:28:35,815 INFO valid time: 0.707
2018-12-04 15:28:35,815 INFO valid loss: 0.281
2018-12-04 15:28:35,816 INFO valid accuracy: 0.897
2018-12-04 15:28:35,816 INFO valid precision: 0.943
2018-12-04 15:28:35,816 INFO valid recall: 0.847
2018-12-04 15:28:35,816 INFO valid F1: 0.893
2018-12-04 15:28:35,817 INFO valid AUC: 0.897
2018-12-04 15:28:36,072 INFO Epoch 35:
2018-12-04 15:28:36,073 INFO Training...
2018-12-04 15:28:40,144 INFO train time: 4.071
2018-12-04 15:28:40,145 INFO train loss: 0.052
2018-12-04 15:28:40,145 INFO train accuracy: 0.979
2018-12-04 15:28:40,145 INFO train precision: 0.980
2018-12-04 15:28:40,145 INFO train recall: 0.978
2018-12-04 15:28:40,145 INFO train F1: 0.979
2018-12-04 15:28:40,146 INFO train AUC: 0.979
2018-12-04 15:28:40,146 INFO Evaluating...
2018-12-04 15:28:40,743 INFO valid time: 0.597
2018-12-04 15:28:40,744 INFO valid loss: 0.365
2018-12-04 15:28:40,744 INFO valid accuracy: 0.888
2018-12-04 15:28:40,745 INFO valid precision: 0.969
2018-12-04 15:28:40,745 INFO valid recall: 0.805
2018-12-04 15:28:40,745 INFO valid F1: 0.880
2018-12-04 15:28:40,746 INFO valid AUC: 0.889
2018-12-04 15:28:41,010 INFO Epoch 36:
2018-12-04 15:28:41,011 INFO Training...
2018-12-04 15:28:45,157 INFO train time: 4.145
2018-12-04 15:28:45,158 INFO train loss: 0.093
2018-12-04 15:28:45,158 INFO train accuracy: 0.978
2018-12-04 15:28:45,158 INFO train precision: 0.984
2018-12-04 15:28:45,158 INFO train recall: 0.973
2018-12-04 15:28:45,158 INFO train F1: 0.978
2018-12-04 15:28:45,158 INFO train AUC: 0.978
2018-12-04 15:28:45,159 INFO Evaluating...
2018-12-04 15:28:45,776 INFO valid time: 0.616
2018-12-04 15:28:45,776 INFO valid loss: 0.285
2018-12-04 15:28:45,776 INFO valid accuracy: 0.897
2018-12-04 15:28:45,776 INFO valid precision: 0.898
2018-12-04 15:28:45,777 INFO valid recall: 0.898
2018-12-04 15:28:45,777 INFO valid F1: 0.898
2018-12-04 15:28:45,777 INFO valid AUC: 0.897
2018-12-04 15:28:46,048 INFO Epoch 37:
2018-12-04 15:28:46,049 INFO Training...
2018-12-04 15:28:50,174 INFO train time: 4.124
2018-12-04 15:28:50,174 INFO train loss: 0.072
2018-12-04 15:28:50,174 INFO train accuracy: 0.981
2018-12-04 15:28:50,174 INFO train precision: 0.984
2018-12-04 15:28:50,175 INFO train recall: 0.979
2018-12-04 15:28:50,175 INFO train F1: 0.981
2018-12-04 15:28:50,175 INFO train AUC: 0.981
2018-12-04 15:28:50,175 INFO Evaluating...
2018-12-04 15:28:50,874 INFO valid time: 0.698
2018-12-04 15:28:50,874 INFO valid loss: 0.266
2018-12-04 15:28:50,875 INFO valid accuracy: 0.901
2018-12-04 15:28:50,875 INFO valid precision: 0.893
2018-12-04 15:28:50,875 INFO valid recall: 0.915
2018-12-04 15:28:50,875 INFO valid F1: 0.904
2018-12-04 15:28:50,875 INFO valid AUC: 0.901
2018-12-04 15:28:51,116 INFO Epoch 38:
2018-12-04 15:28:51,117 INFO Training...
2018-12-04 15:28:55,231 INFO train time: 4.114
2018-12-04 15:28:55,231 INFO train loss: 0.050
2018-12-04 15:28:55,231 INFO train accuracy: 0.981
2018-12-04 15:28:55,232 INFO train precision: 0.982
2018-12-04 15:28:55,232 INFO train recall: 0.979
2018-12-04 15:28:55,232 INFO train F1: 0.981
2018-12-04 15:28:55,232 INFO train AUC: 0.981
2018-12-04 15:28:55,233 INFO Evaluating...
2018-12-04 15:28:55,824 INFO valid time: 0.591
2018-12-04 15:28:55,825 INFO valid loss: 0.242
2018-12-04 15:28:55,825 INFO valid accuracy: 0.897
2018-12-04 15:28:55,825 INFO valid precision: 0.905
2018-12-04 15:28:55,825 INFO valid recall: 0.890
2018-12-04 15:28:55,825 INFO valid F1: 0.897
2018-12-04 15:28:55,825 INFO valid AUC: 0.897
2018-12-04 15:28:56,066 INFO Epoch 39:
2018-12-04 15:28:56,067 INFO Training...
2018-12-04 15:29:00,381 INFO train time: 4.314
2018-12-04 15:29:00,382 INFO train loss: 0.047
2018-12-04 15:29:00,382 INFO train accuracy: 0.981
2018-12-04 15:29:00,382 INFO train precision: 0.982
2018-12-04 15:29:00,382 INFO train recall: 0.979
2018-12-04 15:29:00,383 INFO train F1: 0.981
2018-12-04 15:29:00,383 INFO train AUC: 0.981
2018-12-04 15:29:00,384 INFO Evaluating...
2018-12-04 15:29:00,980 INFO valid time: 0.596
2018-12-04 15:29:00,981 INFO valid loss: 0.270
2018-12-04 15:29:00,981 INFO valid accuracy: 0.909
2018-12-04 15:29:00,981 INFO valid precision: 0.953
2018-12-04 15:29:00,981 INFO valid recall: 0.864
2018-12-04 15:29:00,981 INFO valid F1: 0.907
2018-12-04 15:29:00,982 INFO valid AUC: 0.910
2018-12-04 15:29:01,226 INFO Epoch 40:
2018-12-04 15:29:01,227 INFO Training...
2018-12-04 15:29:05,348 INFO train time: 4.121
2018-12-04 15:29:05,348 INFO train loss: 0.047
2018-12-04 15:29:05,348 INFO train accuracy: 0.980
2018-12-04 15:29:05,348 INFO train precision: 0.980
2018-12-04 15:29:05,348 INFO train recall: 0.979
2018-12-04 15:29:05,349 INFO train F1: 0.979
2018-12-04 15:29:05,349 INFO train AUC: 0.980
2018-12-04 15:29:05,349 INFO Evaluating...
2018-12-04 15:29:05,971 INFO valid time: 0.621
2018-12-04 15:29:05,972 INFO valid loss: 0.254
2018-12-04 15:29:05,972 INFO valid accuracy: 0.909
2018-12-04 15:29:05,972 INFO valid precision: 0.929
2018-12-04 15:29:05,972 INFO valid recall: 0.890
2018-12-04 15:29:05,972 INFO valid F1: 0.909
2018-12-04 15:29:05,973 INFO valid AUC: 0.910
2018-12-04 15:29:06,215 INFO Epoch 41:
2018-12-04 15:29:06,216 INFO Training...
2018-12-04 15:29:10,285 INFO train time: 4.068
2018-12-04 15:29:10,285 INFO train loss: 0.044
2018-12-04 15:29:10,285 INFO train accuracy: 0.980
2018-12-04 15:29:10,285 INFO train precision: 0.980
2018-12-04 15:29:10,285 INFO train recall: 0.979
2018-12-04 15:29:10,285 INFO train F1: 0.979
2018-12-04 15:29:10,286 INFO train AUC: 0.980
2018-12-04 15:29:10,286 INFO Evaluating...
2018-12-04 15:29:10,885 INFO valid time: 0.598
2018-12-04 15:29:10,885 INFO valid loss: 0.279
2018-12-04 15:29:10,885 INFO valid accuracy: 0.901
2018-12-04 15:29:10,885 INFO valid precision: 0.952
2018-12-04 15:29:10,885 INFO valid recall: 0.847
2018-12-04 15:29:10,886 INFO valid F1: 0.897
2018-12-04 15:29:10,886 INFO valid AUC: 0.902
2018-12-04 15:29:11,129 INFO Epoch 42:
2018-12-04 15:29:11,130 INFO Training...
2018-12-04 15:29:15,217 INFO train time: 4.087
2018-12-04 15:29:15,218 INFO train loss: 0.048
2018-12-04 15:29:15,219 INFO train accuracy: 0.978
2018-12-04 15:29:15,219 INFO train precision: 0.980
2018-12-04 15:29:15,219 INFO train recall: 0.976
2018-12-04 15:29:15,220 INFO train F1: 0.978
2018-12-04 15:29:15,220 INFO train AUC: 0.978
2018-12-04 15:29:15,221 INFO Evaluating...
2018-12-04 15:29:15,836 INFO valid time: 0.614
2018-12-04 15:29:15,836 INFO valid loss: 0.252
2018-12-04 15:29:15,836 INFO valid accuracy: 0.909
2018-12-04 15:29:15,836 INFO valid precision: 0.908
2018-12-04 15:29:15,836 INFO valid recall: 0.915
2018-12-04 15:29:15,836 INFO valid F1: 0.911
2018-12-04 15:29:15,837 INFO valid AUC: 0.909
2018-12-04 15:29:16,087 INFO Epoch 43:
2018-12-04 15:29:16,088 INFO Training...
2018-12-04 15:29:20,230 INFO train time: 4.141
2018-12-04 15:29:20,230 INFO train loss: 0.051
2018-12-04 15:29:20,230 INFO train accuracy: 0.982
2018-12-04 15:29:20,230 INFO train precision: 0.981
2018-12-04 15:29:20,230 INFO train recall: 0.983
2018-12-04 15:29:20,230 INFO train F1: 0.982
2018-12-04 15:29:20,230 INFO train AUC: 0.982
2018-12-04 15:29:20,231 INFO Evaluating...
2018-12-04 15:29:20,835 INFO valid time: 0.604
2018-12-04 15:29:20,836 INFO valid loss: 0.463
2018-12-04 15:29:20,836 INFO valid accuracy: 0.858
2018-12-04 15:29:20,836 INFO valid precision: 0.978
2018-12-04 15:29:20,836 INFO valid recall: 0.737
2018-12-04 15:29:20,836 INFO valid F1: 0.841
2018-12-04 15:29:20,836 INFO valid AUC: 0.860
2018-12-04 15:29:21,096 INFO Epoch 44:
2018-12-04 15:29:21,097 INFO Training...
2018-12-04 15:29:25,065 INFO train time: 3.967
2018-12-04 15:29:25,065 INFO train loss: 0.099
2018-12-04 15:29:25,066 INFO train accuracy: 0.978
2018-12-04 15:29:25,066 INFO train precision: 0.982
2018-12-04 15:29:25,066 INFO train recall: 0.973
2018-12-04 15:29:25,066 INFO train F1: 0.977
2018-12-04 15:29:25,066 INFO train AUC: 0.978
2018-12-04 15:29:25,067 INFO Evaluating...
2018-12-04 15:29:25,691 INFO valid time: 0.623
2018-12-04 15:29:25,691 INFO valid loss: 0.274
2018-12-04 15:29:25,691 INFO valid accuracy: 0.901
2018-12-04 15:29:25,691 INFO valid precision: 0.913
2018-12-04 15:29:25,691 INFO valid recall: 0.890
2018-12-04 15:29:25,691 INFO valid F1: 0.901
2018-12-04 15:29:25,692 INFO valid AUC: 0.901
2018-12-04 15:29:25,941 INFO Epoch 45:
2018-12-04 15:29:25,942 INFO Training...
2018-12-04 15:29:30,172 INFO train time: 4.230
2018-12-04 15:29:30,173 INFO train loss: 0.081
2018-12-04 15:29:30,173 INFO train accuracy: 0.981
2018-12-04 15:29:30,173 INFO train precision: 0.985
2018-12-04 15:29:30,173 INFO train recall: 0.976
2018-12-04 15:29:30,174 INFO train F1: 0.981
2018-12-04 15:29:30,174 INFO train AUC: 0.981
2018-12-04 15:29:30,174 INFO Evaluating...
2018-12-04 15:29:30,766 INFO valid time: 0.592
2018-12-04 15:29:30,767 INFO valid loss: 0.283
2018-12-04 15:29:30,767 INFO valid accuracy: 0.901
2018-12-04 15:29:30,767 INFO valid precision: 0.906
2018-12-04 15:29:30,767 INFO valid recall: 0.898
2018-12-04 15:29:30,768 INFO valid F1: 0.902
2018-12-04 15:29:30,768 INFO valid AUC: 0.901
2018-12-04 15:29:31,006 INFO Epoch 46:
2018-12-04 15:29:31,007 INFO Training...
2018-12-04 15:29:35,172 INFO train time: 4.164
2018-12-04 15:29:35,173 INFO train loss: 0.062
2018-12-04 15:29:35,173 INFO train accuracy: 0.980
2018-12-04 15:29:35,173 INFO train precision: 0.982
2018-12-04 15:29:35,173 INFO train recall: 0.978
2018-12-04 15:29:35,173 INFO train F1: 0.980
2018-12-04 15:29:35,173 INFO train AUC: 0.980
2018-12-04 15:29:35,174 INFO Evaluating...
2018-12-04 15:29:35,763 INFO valid time: 0.588
2018-12-04 15:29:35,763 INFO valid loss: 0.277
2018-12-04 15:29:35,763 INFO valid accuracy: 0.901
2018-12-04 15:29:35,764 INFO valid precision: 0.906
2018-12-04 15:29:35,764 INFO valid recall: 0.898
2018-12-04 15:29:35,764 INFO valid F1: 0.902
2018-12-04 15:29:35,764 INFO valid AUC: 0.901
2018-12-04 15:29:36,009 INFO Epoch 47:
2018-12-04 15:29:36,010 INFO Training...
2018-12-04 15:29:40,094 INFO train time: 4.083
2018-12-04 15:29:40,094 INFO train loss: 0.050
2018-12-04 15:29:40,095 INFO train accuracy: 0.982
2018-12-04 15:29:40,095 INFO train precision: 0.985
2018-12-04 15:29:40,095 INFO train recall: 0.979
2018-12-04 15:29:40,096 INFO train F1: 0.982
2018-12-04 15:29:40,096 INFO train AUC: 0.982
2018-12-04 15:29:40,096 INFO Evaluating...
2018-12-04 15:29:40,714 INFO valid time: 0.617
2018-12-04 15:29:40,714 INFO valid loss: 0.272
2018-12-04 15:29:40,714 INFO valid accuracy: 0.897
2018-12-04 15:29:40,714 INFO valid precision: 0.912
2018-12-04 15:29:40,714 INFO valid recall: 0.881
2018-12-04 15:29:40,715 INFO valid F1: 0.897
2018-12-04 15:29:40,715 INFO valid AUC: 0.897
2018-12-04 15:29:40,958 INFO Epoch 48:
2018-12-04 15:29:40,959 INFO Training...
2018-12-04 15:29:45,046 INFO train time: 4.087
2018-12-04 15:29:45,049 INFO train loss: 0.050
2018-12-04 15:29:45,049 INFO train accuracy: 0.979
2018-12-04 15:29:45,049 INFO train precision: 0.980
2018-12-04 15:29:45,049 INFO train recall: 0.978
2018-12-04 15:29:45,050 INFO train F1: 0.979
2018-12-04 15:29:45,050 INFO train AUC: 0.979
2018-12-04 15:29:45,050 INFO Evaluating...
2018-12-04 15:29:45,697 INFO valid time: 0.647
2018-12-04 15:29:45,698 INFO valid loss: 0.299
2018-12-04 15:29:45,698 INFO valid accuracy: 0.905
2018-12-04 15:29:45,698 INFO valid precision: 0.944
2018-12-04 15:29:45,698 INFO valid recall: 0.864
2018-12-04 15:29:45,699 INFO valid F1: 0.903
2018-12-04 15:29:45,699 INFO valid AUC: 0.906
2018-12-04 15:29:45,936 INFO Epoch 49:
2018-12-04 15:29:45,937 INFO Training...
2018-12-04 15:29:49,912 INFO train time: 3.975
2018-12-04 15:29:49,912 INFO train loss: 0.049
2018-12-04 15:29:49,913 INFO train accuracy: 0.978
2018-12-04 15:29:49,913 INFO train precision: 0.979
2018-12-04 15:29:49,913 INFO train recall: 0.978
2018-12-04 15:29:49,913 INFO train F1: 0.978
2018-12-04 15:29:49,913 INFO train AUC: 0.978
2018-12-04 15:29:49,914 INFO Evaluating...
2018-12-04 15:29:50,598 INFO valid time: 0.684
2018-12-04 15:29:50,598 INFO valid loss: 0.272
2018-12-04 15:29:50,598 INFO valid accuracy: 0.901
2018-12-04 15:29:50,599 INFO valid precision: 0.920
2018-12-04 15:29:50,599 INFO valid recall: 0.881
2018-12-04 15:29:50,599 INFO valid F1: 0.900
2018-12-04 15:29:50,599 INFO valid AUC: 0.901
2018-12-04 15:29:50,855 INFO Epoch 50:
2018-12-04 15:29:50,857 INFO Training...
2018-12-04 15:29:54,851 INFO train time: 3.994
2018-12-04 15:29:54,852 INFO train loss: 0.045
2018-12-04 15:29:54,852 INFO train accuracy: 0.980
2018-12-04 15:29:54,852 INFO train precision: 0.981
2018-12-04 15:29:54,853 INFO train recall: 0.979
2018-12-04 15:29:54,853 INFO train F1: 0.980
2018-12-04 15:29:54,853 INFO train AUC: 0.980
2018-12-04 15:29:54,854 INFO Evaluating...
2018-12-04 15:29:55,457 INFO valid time: 0.603
2018-12-04 15:29:55,458 INFO valid loss: 0.305
2018-12-04 15:29:55,458 INFO valid accuracy: 0.909
2018-12-04 15:29:55,458 INFO valid precision: 0.962
2018-12-04 15:29:55,458 INFO valid recall: 0.856
2018-12-04 15:29:55,458 INFO valid F1: 0.906
2018-12-04 15:29:55,458 INFO valid AUC: 0.910
2018-12-04 15:29:55,707 INFO Epoch 51:
2018-12-04 15:29:55,708 INFO Training...
2018-12-04 15:29:59,735 INFO train time: 4.027
2018-12-04 15:29:59,736 INFO train loss: 0.045
2018-12-04 15:29:59,736 INFO train accuracy: 0.978
2018-12-04 15:29:59,736 INFO train precision: 0.979
2018-12-04 15:29:59,736 INFO train recall: 0.978
2018-12-04 15:29:59,736 INFO train F1: 0.978
2018-12-04 15:29:59,736 INFO train AUC: 0.978
2018-12-04 15:29:59,738 INFO Evaluating...
2018-12-04 15:30:00,342 INFO valid time: 0.604
2018-12-04 15:30:00,342 INFO valid loss: 0.317
2018-12-04 15:30:00,342 INFO valid accuracy: 0.914
2018-12-04 15:30:00,342 INFO valid precision: 0.971
2018-12-04 15:30:00,342 INFO valid recall: 0.856
2018-12-04 15:30:00,342 INFO valid F1: 0.910
2018-12-04 15:30:00,342 INFO valid AUC: 0.915
2018-12-04 15:30:00,583 INFO Epoch 52:
2018-12-04 15:30:00,584 INFO Training...
2018-12-04 15:30:04,775 INFO train time: 4.191
2018-12-04 15:30:04,775 INFO train loss: 0.055
2018-12-04 15:30:04,775 INFO train accuracy: 0.977
2018-12-04 15:30:04,775 INFO train precision: 0.980
2018-12-04 15:30:04,776 INFO train recall: 0.974
2018-12-04 15:30:04,776 INFO train F1: 0.977
2018-12-04 15:30:04,776 INFO train AUC: 0.977
2018-12-04 15:30:04,777 INFO Evaluating...
2018-12-04 15:30:05,390 INFO valid time: 0.613
2018-12-04 15:30:05,390 INFO valid loss: 0.265
2018-12-04 15:30:05,390 INFO valid accuracy: 0.905
2018-12-04 15:30:05,390 INFO valid precision: 0.914
2018-12-04 15:30:05,390 INFO valid recall: 0.898
2018-12-04 15:30:05,390 INFO valid F1: 0.906
2018-12-04 15:30:05,391 INFO valid AUC: 0.905
2018-12-04 15:30:05,656 INFO Epoch 53:
2018-12-04 15:30:05,657 INFO Training...
2018-12-04 15:30:09,808 INFO train time: 4.151
2018-12-04 15:30:09,809 INFO train loss: 0.044
2018-12-04 15:30:09,809 INFO train accuracy: 0.979
2018-12-04 15:30:09,809 INFO train precision: 0.979
2018-12-04 15:30:09,809 INFO train recall: 0.979
2018-12-04 15:30:09,809 INFO train F1: 0.979
2018-12-04 15:30:09,810 INFO train AUC: 0.979
2018-12-04 15:30:09,810 INFO Evaluating...
2018-12-04 15:30:10,395 INFO valid time: 0.585
2018-12-04 15:30:10,396 INFO valid loss: 0.282
2018-12-04 15:30:10,396 INFO valid accuracy: 0.905
2018-12-04 15:30:10,396 INFO valid precision: 0.936
2018-12-04 15:30:10,396 INFO valid recall: 0.873
2018-12-04 15:30:10,396 INFO valid F1: 0.904
2018-12-04 15:30:10,396 INFO valid AUC: 0.906
2018-12-04 15:30:10,634 INFO Epoch 54:
2018-12-04 15:30:10,636 INFO Training...
2018-12-04 15:30:14,769 INFO train time: 4.133
2018-12-04 15:30:14,769 INFO train loss: 0.041
2018-12-04 15:30:14,770 INFO train accuracy: 0.978
2018-12-04 15:30:14,770 INFO train precision: 0.978
2018-12-04 15:30:14,770 INFO train recall: 0.978
2018-12-04 15:30:14,770 INFO train F1: 0.978
2018-12-04 15:30:14,770 INFO train AUC: 0.978
2018-12-04 15:30:14,771 INFO Evaluating...
2018-12-04 15:30:15,373 INFO valid time: 0.601
2018-12-04 15:30:15,373 INFO valid loss: 0.296
2018-12-04 15:30:15,374 INFO valid accuracy: 0.901
2018-12-04 15:30:15,374 INFO valid precision: 0.936
2018-12-04 15:30:15,374 INFO valid recall: 0.864
2018-12-04 15:30:15,374 INFO valid F1: 0.899
2018-12-04 15:30:15,374 INFO valid AUC: 0.902
2018-12-04 15:30:15,644 INFO Epoch 55:
2018-12-04 15:30:15,645 INFO Training...
2018-12-04 15:30:19,678 INFO train time: 4.033
2018-12-04 15:30:19,678 INFO train loss: 0.043
2018-12-04 15:30:19,678 INFO train accuracy: 0.975
2018-12-04 15:30:19,678 INFO train precision: 0.977
2018-12-04 15:30:19,679 INFO train recall: 0.973
2018-12-04 15:30:19,679 INFO train F1: 0.975
2018-12-04 15:30:19,679 INFO train AUC: 0.975
2018-12-04 15:30:19,680 INFO Evaluating...
2018-12-04 15:30:20,302 INFO valid time: 0.621
2018-12-04 15:30:20,302 INFO valid loss: 0.280
2018-12-04 15:30:20,302 INFO valid accuracy: 0.909
2018-12-04 15:30:20,302 INFO valid precision: 0.922
2018-12-04 15:30:20,302 INFO valid recall: 0.898
2018-12-04 15:30:20,303 INFO valid F1: 0.910
2018-12-04 15:30:20,303 INFO valid AUC: 0.910
2018-12-04 15:30:20,552 INFO Epoch 56:
2018-12-04 15:30:20,553 INFO Training...
2018-12-04 15:30:24,622 INFO train time: 4.068
2018-12-04 15:30:24,622 INFO train loss: 0.043
2018-12-04 15:30:24,622 INFO train accuracy: 0.977
2018-12-04 15:30:24,622 INFO train precision: 0.978
2018-12-04 15:30:24,622 INFO train recall: 0.975
2018-12-04 15:30:24,623 INFO train F1: 0.976
2018-12-04 15:30:24,623 INFO train AUC: 0.977
2018-12-04 15:30:24,623 INFO Evaluating...
2018-12-04 15:30:25,243 INFO valid time: 0.620
2018-12-04 15:30:25,244 INFO valid loss: 0.353
2018-12-04 15:30:25,244 INFO valid accuracy: 0.909
2018-12-04 15:30:25,244 INFO valid precision: 0.971
2018-12-04 15:30:25,244 INFO valid recall: 0.847
2018-12-04 15:30:25,244 INFO valid F1: 0.905
2018-12-04 15:30:25,244 INFO valid AUC: 0.911
2018-12-04 15:30:25,492 INFO Epoch 57:
2018-12-04 15:30:25,493 INFO Training...
2018-12-04 15:30:29,488 INFO train time: 3.995
2018-12-04 15:30:29,488 INFO train loss: 0.060
2018-12-04 15:30:29,489 INFO train accuracy: 0.977
2018-12-04 15:30:29,489 INFO train precision: 0.980
2018-12-04 15:30:29,489 INFO train recall: 0.974
2018-12-04 15:30:29,489 INFO train F1: 0.977
2018-12-04 15:30:29,489 INFO train AUC: 0.977
2018-12-04 15:30:29,490 INFO Evaluating...
2018-12-04 15:30:30,097 INFO valid time: 0.607
2018-12-04 15:30:30,097 INFO valid loss: 0.285
2018-12-04 15:30:30,098 INFO valid accuracy: 0.901
2018-12-04 15:30:30,098 INFO valid precision: 0.913
2018-12-04 15:30:30,098 INFO valid recall: 0.890
2018-12-04 15:30:30,098 INFO valid F1: 0.901
2018-12-04 15:30:30,098 INFO valid AUC: 0.901
2018-12-04 15:30:30,359 INFO Epoch 58:
2018-12-04 15:30:30,360 INFO Training...
2018-12-04 15:30:34,391 INFO train time: 4.030
2018-12-04 15:30:34,392 INFO train loss: 0.045
2018-12-04 15:30:34,392 INFO train accuracy: 0.977
2018-12-04 15:30:34,392 INFO train precision: 0.978
2018-12-04 15:30:34,393 INFO train recall: 0.976
2018-12-04 15:30:34,393 INFO train F1: 0.977
2018-12-04 15:30:34,393 INFO train AUC: 0.977
2018-12-04 15:30:34,394 INFO Evaluating...
2018-12-04 15:30:35,012 INFO valid time: 0.617
2018-12-04 15:30:35,012 INFO valid loss: 0.273
2018-12-04 15:30:35,012 INFO valid accuracy: 0.909
2018-12-04 15:30:35,012 INFO valid precision: 0.915
2018-12-04 15:30:35,013 INFO valid recall: 0.907
2018-12-04 15:30:35,013 INFO valid F1: 0.911
2018-12-04 15:30:35,013 INFO valid AUC: 0.910
2018-12-04 15:30:35,266 INFO Epoch 59:
2018-12-04 15:30:35,267 INFO Training...
2018-12-04 15:30:39,378 INFO train time: 4.111
2018-12-04 15:30:39,379 INFO train loss: 0.041
2018-12-04 15:30:39,379 INFO train accuracy: 0.978
2018-12-04 15:30:39,379 INFO train precision: 0.979
2018-12-04 15:30:39,379 INFO train recall: 0.978
2018-12-04 15:30:39,379 INFO train F1: 0.978
2018-12-04 15:30:39,380 INFO train AUC: 0.978
2018-12-04 15:30:39,380 INFO Evaluating...
2018-12-04 15:30:39,959 INFO valid time: 0.579
2018-12-04 15:30:39,960 INFO valid loss: 0.301
2018-12-04 15:30:39,960 INFO valid accuracy: 0.914
2018-12-04 15:30:39,960 INFO valid precision: 0.954
2018-12-04 15:30:39,960 INFO valid recall: 0.873
2018-12-04 15:30:39,960 INFO valid F1: 0.912
2018-12-04 15:30:39,961 INFO valid AUC: 0.915
2018-12-04 15:30:40,211 INFO Epoch 60:
2018-12-04 15:30:40,212 INFO Training...
2018-12-04 15:30:44,505 INFO train time: 4.292
2018-12-04 15:30:44,506 INFO train loss: 0.043
2018-12-04 15:30:44,506 INFO train accuracy: 0.975
2018-12-04 15:30:44,506 INFO train precision: 0.976
2018-12-04 15:30:44,506 INFO train recall: 0.974
2018-12-04 15:30:44,506 INFO train F1: 0.975
2018-12-04 15:30:44,506 INFO train AUC: 0.975
2018-12-04 15:30:44,507 INFO Evaluating...
2018-12-04 15:30:45,160 INFO valid time: 0.653
2018-12-04 15:30:45,160 INFO valid loss: 0.278
2018-12-04 15:30:45,160 INFO valid accuracy: 0.905
2018-12-04 15:30:45,161 INFO valid precision: 0.914
2018-12-04 15:30:45,161 INFO valid recall: 0.898
2018-12-04 15:30:45,161 INFO valid F1: 0.906
2018-12-04 15:30:45,161 INFO valid AUC: 0.905
2018-12-04 15:30:45,411 INFO Epoch 61:
2018-12-04 15:30:45,412 INFO Training...
2018-12-04 15:30:49,651 INFO train time: 4.239
2018-12-04 15:30:49,651 INFO train loss: 0.055
2018-12-04 15:30:49,652 INFO train accuracy: 0.977
2018-12-04 15:30:49,652 INFO train precision: 0.976
2018-12-04 15:30:49,652 INFO train recall: 0.976
2018-12-04 15:30:49,652 INFO train F1: 0.976
2018-12-04 15:30:49,652 INFO train AUC: 0.977
2018-12-04 15:30:49,653 INFO Evaluating...
2018-12-04 15:30:50,349 INFO valid time: 0.695
2018-12-04 15:30:50,349 INFO valid loss: 0.460
2018-12-04 15:30:50,349 INFO valid accuracy: 0.888
2018-12-04 15:30:50,349 INFO valid precision: 0.979
2018-12-04 15:30:50,350 INFO valid recall: 0.797
2018-12-04 15:30:50,350 INFO valid F1: 0.879
2018-12-04 15:30:50,350 INFO valid AUC: 0.890
2018-12-04 15:30:50,606 INFO Epoch 62:
2018-12-04 15:30:50,607 INFO Training...
2018-12-04 15:30:54,730 INFO train time: 4.122
2018-12-04 15:30:54,730 INFO train loss: 0.110
2018-12-04 15:30:54,730 INFO train accuracy: 0.980
2018-12-04 15:30:54,731 INFO train precision: 0.982
2018-12-04 15:30:54,731 INFO train recall: 0.978
2018-12-04 15:30:54,731 INFO train F1: 0.980
2018-12-04 15:30:54,731 INFO train AUC: 0.980
2018-12-04 15:30:54,732 INFO Evaluating...
2018-12-04 15:30:55,335 INFO valid time: 0.603
2018-12-04 15:30:55,336 INFO valid loss: 0.313
2018-12-04 15:30:55,336 INFO valid accuracy: 0.897
2018-12-04 15:30:55,336 INFO valid precision: 0.912
2018-12-04 15:30:55,336 INFO valid recall: 0.881
2018-12-04 15:30:55,336 INFO valid F1: 0.897
2018-12-04 15:30:55,337 INFO valid AUC: 0.897
2018-12-04 15:30:55,590 INFO Epoch 63:
2018-12-04 15:30:55,591 INFO Training...
2018-12-04 15:30:59,667 INFO train time: 4.076
2018-12-04 15:30:59,668 INFO train loss: 0.097
2018-12-04 15:30:59,668 INFO train accuracy: 0.978
2018-12-04 15:30:59,668 INFO train precision: 0.982
2018-12-04 15:30:59,668 INFO train recall: 0.974
2018-12-04 15:30:59,668 INFO train F1: 0.978
2018-12-04 15:30:59,669 INFO train AUC: 0.978
2018-12-04 15:30:59,669 INFO Evaluating...
2018-12-04 15:31:00,307 INFO valid time: 0.637
2018-12-04 15:31:00,307 INFO valid loss: 0.287
2018-12-04 15:31:00,307 INFO valid accuracy: 0.905
2018-12-04 15:31:00,308 INFO valid precision: 0.921
2018-12-04 15:31:00,308 INFO valid recall: 0.890
2018-12-04 15:31:00,308 INFO valid F1: 0.905
2018-12-04 15:31:00,308 INFO valid AUC: 0.905
2018-12-04 15:31:00,560 INFO Epoch 64:
2018-12-04 15:31:00,561 INFO Training...
2018-12-04 15:31:04,618 INFO train time: 4.057
2018-12-04 15:31:04,618 INFO train loss: 0.080
2018-12-04 15:31:04,618 INFO train accuracy: 0.978
2018-12-04 15:31:04,618 INFO train precision: 0.979
2018-12-04 15:31:04,619 INFO train recall: 0.978
2018-12-04 15:31:04,619 INFO train F1: 0.978
2018-12-04 15:31:04,619 INFO train AUC: 0.978
2018-12-04 15:31:04,620 INFO Evaluating...
2018-12-04 15:31:05,244 INFO valid time: 0.624
2018-12-04 15:31:05,245 INFO valid loss: 0.278
2018-12-04 15:31:05,245 INFO valid accuracy: 0.901
2018-12-04 15:31:05,245 INFO valid precision: 0.913
2018-12-04 15:31:05,245 INFO valid recall: 0.890
2018-12-04 15:31:05,245 INFO valid F1: 0.901
2018-12-04 15:31:05,245 INFO valid AUC: 0.901
2018-12-04 15:31:05,503 INFO Epoch 65:
2018-12-04 15:31:05,504 INFO Training...
2018-12-04 15:31:09,748 INFO train time: 4.244
2018-12-04 15:31:09,748 INFO train loss: 0.070
2018-12-04 15:31:09,748 INFO train accuracy: 0.980
2018-12-04 15:31:09,749 INFO train precision: 0.980
2018-12-04 15:31:09,749 INFO train recall: 0.979
2018-12-04 15:31:09,749 INFO train F1: 0.979
2018-12-04 15:31:09,749 INFO train AUC: 0.980
2018-12-04 15:31:09,751 INFO Evaluating...
2018-12-04 15:31:10,382 INFO valid time: 0.630
2018-12-04 15:31:10,382 INFO valid loss: 0.274
2018-12-04 15:31:10,382 INFO valid accuracy: 0.905
2018-12-04 15:31:10,383 INFO valid precision: 0.907
2018-12-04 15:31:10,383 INFO valid recall: 0.907
2018-12-04 15:31:10,383 INFO valid F1: 0.907
2018-12-04 15:31:10,383 INFO valid AUC: 0.905
2018-12-04 15:31:10,635 INFO Epoch 66:
2018-12-04 15:31:10,636 INFO Training...
2018-12-04 15:31:14,595 INFO train time: 3.959
2018-12-04 15:31:14,596 INFO train loss: 0.059
2018-12-04 15:31:14,596 INFO train accuracy: 0.979
2018-12-04 15:31:14,596 INFO train precision: 0.980
2018-12-04 15:31:14,596 INFO train recall: 0.978
2018-12-04 15:31:14,596 INFO train F1: 0.979
2018-12-04 15:31:14,596 INFO train AUC: 0.979
2018-12-04 15:31:14,597 INFO Evaluating...
2018-12-04 15:31:15,223 INFO valid time: 0.626
2018-12-04 15:31:15,223 INFO valid loss: 0.272
2018-12-04 15:31:15,223 INFO valid accuracy: 0.905
2018-12-04 15:31:15,224 INFO valid precision: 0.907
2018-12-04 15:31:15,224 INFO valid recall: 0.907
2018-12-04 15:31:15,224 INFO valid F1: 0.907
2018-12-04 15:31:15,224 INFO valid AUC: 0.905
2018-12-04 15:31:15,486 INFO Epoch 67:
2018-12-04 15:31:15,487 INFO Training...
2018-12-04 15:31:19,412 INFO train time: 3.925
2018-12-04 15:31:19,412 INFO train loss: 0.050
2018-12-04 15:31:19,412 INFO train accuracy: 0.978
2018-12-04 15:31:19,413 INFO train precision: 0.978
2018-12-04 15:31:19,413 INFO train recall: 0.979
2018-12-04 15:31:19,413 INFO train F1: 0.978
2018-12-04 15:31:19,413 INFO train AUC: 0.978
2018-12-04 15:31:19,413 INFO Evaluating...
2018-12-04 15:31:20,102 INFO valid time: 0.689
2018-12-04 15:31:20,103 INFO valid loss: 0.276
2018-12-04 15:31:20,103 INFO valid accuracy: 0.901
2018-12-04 15:31:20,103 INFO valid precision: 0.920
2018-12-04 15:31:20,103 INFO valid recall: 0.881
2018-12-04 15:31:20,104 INFO valid F1: 0.900
2018-12-04 15:31:20,104 INFO valid AUC: 0.901
2018-12-04 15:31:20,348 INFO Epoch 68:
2018-12-04 15:31:20,350 INFO Training...
2018-12-04 15:31:24,554 INFO train time: 4.204
2018-12-04 15:31:24,554 INFO train loss: 0.048
2018-12-04 15:31:24,554 INFO train accuracy: 0.977
2018-12-04 15:31:24,554 INFO train precision: 0.976
2018-12-04 15:31:24,555 INFO train recall: 0.978
2018-12-04 15:31:24,555 INFO train F1: 0.977
2018-12-04 15:31:24,555 INFO train AUC: 0.977
2018-12-04 15:31:24,555 INFO Evaluating...
2018-12-04 15:31:25,680 INFO valid time: 1.124
2018-12-04 15:31:25,680 INFO valid loss: 0.297
2018-12-04 15:31:25,681 INFO valid accuracy: 0.914
2018-12-04 15:31:25,681 INFO valid precision: 0.954
2018-12-04 15:31:25,681 INFO valid recall: 0.873
2018-12-04 15:31:25,681 INFO valid F1: 0.912
2018-12-04 15:31:25,681 INFO valid AUC: 0.915
2018-12-04 15:31:26,028 INFO Epoch 69:
2018-12-04 15:31:26,029 INFO Training...
2018-12-04 15:31:30,212 INFO train time: 4.183
2018-12-04 15:31:30,212 INFO train loss: 0.050
2018-12-04 15:31:30,212 INFO train accuracy: 0.977
2018-12-04 15:31:30,212 INFO train precision: 0.976
2018-12-04 15:31:30,212 INFO train recall: 0.976
2018-12-04 15:31:30,213 INFO train F1: 0.976
2018-12-04 15:31:30,213 INFO train AUC: 0.977
2018-12-04 15:31:30,213 INFO Evaluating...
2018-12-04 15:31:30,815 INFO valid time: 0.601
2018-12-04 15:31:30,815 INFO valid loss: 0.296
2018-12-04 15:31:30,815 INFO valid accuracy: 0.918
2018-12-04 15:31:30,815 INFO valid precision: 0.963
2018-12-04 15:31:30,815 INFO valid recall: 0.873
2018-12-04 15:31:30,816 INFO valid F1: 0.916
2018-12-04 15:31:30,816 INFO valid AUC: 0.919
2018-12-04 15:31:31,056 INFO Epoch 70:
2018-12-04 15:31:31,057 INFO Training...
2018-12-04 15:31:35,108 INFO train time: 4.051
2018-12-04 15:31:35,108 INFO train loss: 0.048
2018-12-04 15:31:35,108 INFO train accuracy: 0.980
2018-12-04 15:31:35,108 INFO train precision: 0.979
2018-12-04 15:31:35,108 INFO train recall: 0.980
2018-12-04 15:31:35,109 INFO train F1: 0.979
2018-12-04 15:31:35,109 INFO train AUC: 0.980
2018-12-04 15:31:35,109 INFO Evaluating...
2018-12-04 15:31:35,785 INFO valid time: 0.676
2018-12-04 15:31:35,786 INFO valid loss: 0.310
2018-12-04 15:31:35,786 INFO valid accuracy: 0.922
2018-12-04 15:31:35,786 INFO valid precision: 0.972
2018-12-04 15:31:35,786 INFO valid recall: 0.873
2018-12-04 15:31:35,786 INFO valid F1: 0.920
2018-12-04 15:31:35,787 INFO valid AUC: 0.923
2018-12-04 15:31:36,031 INFO Epoch 71:
2018-12-04 15:31:36,032 INFO Training...
2018-12-04 15:31:40,056 INFO train time: 4.024
2018-12-04 15:31:40,057 INFO train loss: 0.046
2018-12-04 15:31:40,057 INFO train accuracy: 0.978
2018-12-04 15:31:40,057 INFO train precision: 0.979
2018-12-04 15:31:40,058 INFO train recall: 0.978
2018-12-04 15:31:40,058 INFO train F1: 0.978
2018-12-04 15:31:40,058 INFO train AUC: 0.978
2018-12-04 15:31:40,059 INFO Evaluating...
2018-12-04 15:31:40,655 INFO valid time: 0.595
2018-12-04 15:31:40,655 INFO valid loss: 0.310
2018-12-04 15:31:40,656 INFO valid accuracy: 0.922
2018-12-04 15:31:40,656 INFO valid precision: 0.972
2018-12-04 15:31:40,656 INFO valid recall: 0.873
2018-12-04 15:31:40,656 INFO valid F1: 0.920
2018-12-04 15:31:40,656 INFO valid AUC: 0.923
2018-12-04 15:31:40,906 INFO Epoch 72:
2018-12-04 15:31:40,907 INFO Training...
2018-12-04 15:31:45,013 INFO train time: 4.106
2018-12-04 15:31:45,013 INFO train loss: 0.045
2018-12-04 15:31:45,013 INFO train accuracy: 0.978
2018-12-04 15:31:45,014 INFO train precision: 0.979
2018-12-04 15:31:45,014 INFO train recall: 0.978
2018-12-04 15:31:45,014 INFO train F1: 0.978
2018-12-04 15:31:45,014 INFO train AUC: 0.978
2018-12-04 15:31:45,015 INFO Evaluating...
2018-12-04 15:31:45,607 INFO valid time: 0.592
2018-12-04 15:31:45,608 INFO valid loss: 0.308
2018-12-04 15:31:45,608 INFO valid accuracy: 0.922
2018-12-04 15:31:45,608 INFO valid precision: 0.972
2018-12-04 15:31:45,608 INFO valid recall: 0.873
2018-12-04 15:31:45,608 INFO valid F1: 0.920
2018-12-04 15:31:45,608 INFO valid AUC: 0.923
2018-12-04 15:31:45,866 INFO Epoch 73:
2018-12-04 15:31:45,867 INFO Training...
2018-12-04 15:31:49,808 INFO train time: 3.940
2018-12-04 15:31:49,808 INFO train loss: 0.043
2018-12-04 15:31:49,809 INFO train accuracy: 0.978
2018-12-04 15:31:49,809 INFO train precision: 0.979
2018-12-04 15:31:49,809 INFO train recall: 0.976
2018-12-04 15:31:49,809 INFO train F1: 0.978
2018-12-04 15:31:49,809 INFO train AUC: 0.978
2018-12-04 15:31:49,810 INFO Evaluating...
2018-12-04 15:31:50,407 INFO valid time: 0.597
2018-12-04 15:31:50,409 INFO valid loss: 0.309
2018-12-04 15:31:50,409 INFO valid accuracy: 0.918
2018-12-04 15:31:50,409 INFO valid precision: 0.963
2018-12-04 15:31:50,409 INFO valid recall: 0.873
2018-12-04 15:31:50,410 INFO valid F1: 0.916
2018-12-04 15:31:50,410 INFO valid AUC: 0.919
2018-12-04 15:31:50,657 INFO Epoch 74:
2018-12-04 15:31:50,658 INFO Training...
2018-12-04 15:31:54,659 INFO train time: 4.001
2018-12-04 15:31:54,659 INFO train loss: 0.041
2018-12-04 15:31:54,660 INFO train accuracy: 0.978
2018-12-04 15:31:54,660 INFO train precision: 0.979
2018-12-04 15:31:54,660 INFO train recall: 0.976
2018-12-04 15:31:54,660 INFO train F1: 0.978
2018-12-04 15:31:54,660 INFO train AUC: 0.978
2018-12-04 15:31:54,661 INFO Evaluating...
2018-12-04 15:31:55,350 INFO valid time: 0.690
2018-12-04 15:31:55,351 INFO valid loss: 0.320
2018-12-04 15:31:55,351 INFO valid accuracy: 0.922
2018-12-04 15:31:55,351 INFO valid precision: 0.972
2018-12-04 15:31:55,351 INFO valid recall: 0.873
2018-12-04 15:31:55,351 INFO valid F1: 0.920
2018-12-04 15:31:55,352 INFO valid AUC: 0.923
2018-12-04 15:31:55,599 INFO Epoch 75:
2018-12-04 15:31:55,600 INFO Training...
2018-12-04 15:31:59,582 INFO train time: 3.982
2018-12-04 15:31:59,583 INFO train loss: 0.042
2018-12-04 15:31:59,583 INFO train accuracy: 0.978
2018-12-04 15:31:59,583 INFO train precision: 0.980
2018-12-04 15:31:59,583 INFO train recall: 0.976
2018-12-04 15:31:59,583 INFO train F1: 0.978
2018-12-04 15:31:59,583 INFO train AUC: 0.978
2018-12-04 15:31:59,584 INFO Evaluating...
2018-12-04 15:32:00,195 INFO valid time: 0.611
2018-12-04 15:32:00,195 INFO valid loss: 0.318
2018-12-04 15:32:00,195 INFO valid accuracy: 0.914
2018-12-04 15:32:00,195 INFO valid precision: 0.962
2018-12-04 15:32:00,196 INFO valid recall: 0.864
2018-12-04 15:32:00,196 INFO valid F1: 0.911
2018-12-04 15:32:00,196 INFO valid AUC: 0.915
2018-12-04 15:32:00,443 INFO Epoch 76:
2018-12-04 15:32:00,444 INFO Training...
2018-12-04 15:32:04,486 INFO train time: 4.042
2018-12-04 15:32:04,486 INFO train loss: 0.047
2018-12-04 15:32:04,487 INFO train accuracy: 0.979
2018-12-04 15:32:04,487 INFO train precision: 0.981
2018-12-04 15:32:04,487 INFO train recall: 0.976
2018-12-04 15:32:04,487 INFO train F1: 0.979
2018-12-04 15:32:04,487 INFO train AUC: 0.979
2018-12-04 15:32:04,488 INFO Evaluating...
2018-12-04 15:32:05,116 INFO valid time: 0.629
2018-12-04 15:32:05,117 INFO valid loss: 0.291
2018-12-04 15:32:05,117 INFO valid accuracy: 0.905
2018-12-04 15:32:05,117 INFO valid precision: 0.921
2018-12-04 15:32:05,117 INFO valid recall: 0.890
2018-12-04 15:32:05,117 INFO valid F1: 0.905
2018-12-04 15:32:05,117 INFO valid AUC: 0.905
2018-12-04 15:32:05,377 INFO Epoch 77:
2018-12-04 15:32:05,378 INFO Training...
2018-12-04 15:32:09,277 INFO train time: 3.899
2018-12-04 15:32:09,278 INFO train loss: 0.040
2018-12-04 15:32:09,278 INFO train accuracy: 0.979
2018-12-04 15:32:09,278 INFO train precision: 0.981
2018-12-04 15:32:09,278 INFO train recall: 0.976
2018-12-04 15:32:09,278 INFO train F1: 0.979
2018-12-04 15:32:09,279 INFO train AUC: 0.979
2018-12-04 15:32:09,279 INFO Evaluating...
2018-12-04 15:32:09,912 INFO valid time: 0.632
2018-12-04 15:32:09,912 INFO valid loss: 0.295
2018-12-04 15:32:09,913 INFO valid accuracy: 0.909
2018-12-04 15:32:09,913 INFO valid precision: 0.937
2018-12-04 15:32:09,913 INFO valid recall: 0.881
2018-12-04 15:32:09,913 INFO valid F1: 0.908
2018-12-04 15:32:09,913 INFO valid AUC: 0.910
2018-12-04 15:32:10,158 INFO Epoch 78:
2018-12-04 15:32:10,159 INFO Training...
2018-12-04 15:32:14,103 INFO train time: 3.943
2018-12-04 15:32:14,103 INFO train loss: 0.038
2018-12-04 15:32:14,103 INFO train accuracy: 0.977
2018-12-04 15:32:14,104 INFO train precision: 0.978
2018-12-04 15:32:14,104 INFO train recall: 0.975
2018-12-04 15:32:14,104 INFO train F1: 0.976
2018-12-04 15:32:14,104 INFO train AUC: 0.977
2018-12-04 15:32:14,104 INFO Evaluating...
2018-12-04 15:32:14,716 INFO valid time: 0.611
2018-12-04 15:32:14,716 INFO valid loss: 0.308
2018-12-04 15:32:14,716 INFO valid accuracy: 0.909
2018-12-04 15:32:14,716 INFO valid precision: 0.945
2018-12-04 15:32:14,716 INFO valid recall: 0.873
2018-12-04 15:32:14,716 INFO valid F1: 0.907
2018-12-04 15:32:14,717 INFO valid AUC: 0.910
2018-12-04 15:32:14,950 INFO Epoch 79:
2018-12-04 15:32:14,951 INFO Training...
2018-12-04 15:32:18,999 INFO train time: 4.047
2018-12-04 15:32:18,999 INFO train loss: 0.040
2018-12-04 15:32:19,000 INFO train accuracy: 0.979
2018-12-04 15:32:19,000 INFO train precision: 0.980
2018-12-04 15:32:19,000 INFO train recall: 0.978
2018-12-04 15:32:19,001 INFO train F1: 0.979
2018-12-04 15:32:19,001 INFO train AUC: 0.979
2018-12-04 15:32:19,002 INFO Evaluating...
2018-12-04 15:32:19,638 INFO valid time: 0.636
2018-12-04 15:32:19,638 INFO valid loss: 0.311
2018-12-04 15:32:19,638 INFO valid accuracy: 0.909
2018-12-04 15:32:19,639 INFO valid precision: 0.945
2018-12-04 15:32:19,639 INFO valid recall: 0.873
2018-12-04 15:32:19,639 INFO valid F1: 0.907
2018-12-04 15:32:19,639 INFO valid AUC: 0.910
2018-12-04 15:32:19,887 INFO Epoch 80:
2018-12-04 15:32:19,888 INFO Training...
2018-12-04 15:32:23,865 INFO train time: 3.977
2018-12-04 15:32:23,866 INFO train loss: 0.042
2018-12-04 15:32:23,866 INFO train accuracy: 0.978
2018-12-04 15:32:23,866 INFO train precision: 0.980
2018-12-04 15:32:23,866 INFO train recall: 0.976
2018-12-04 15:32:23,867 INFO train F1: 0.978
2018-12-04 15:32:23,867 INFO train AUC: 0.978
2018-12-04 15:32:23,867 INFO Evaluating...
2018-12-04 15:32:24,589 INFO valid time: 0.721
2018-12-04 15:32:24,589 INFO valid loss: 0.292
2018-12-04 15:32:24,590 INFO valid accuracy: 0.905
2018-12-04 15:32:24,590 INFO valid precision: 0.921
2018-12-04 15:32:24,590 INFO valid recall: 0.890
2018-12-04 15:32:24,590 INFO valid F1: 0.905
2018-12-04 15:32:24,590 INFO valid AUC: 0.905
2018-12-04 15:32:24,848 INFO Epoch 81:
2018-12-04 15:32:24,849 INFO Training...
2018-12-04 15:32:29,011 INFO train time: 4.161
2018-12-04 15:32:29,011 INFO train loss: 0.042
2018-12-04 15:32:29,012 INFO train accuracy: 0.977
2018-12-04 15:32:29,012 INFO train precision: 0.978
2018-12-04 15:32:29,012 INFO train recall: 0.976
2018-12-04 15:32:29,012 INFO train F1: 0.977
2018-12-04 15:32:29,012 INFO train AUC: 0.977
2018-12-04 15:32:29,013 INFO Evaluating...
2018-12-04 15:32:29,641 INFO valid time: 0.628
2018-12-04 15:32:29,641 INFO valid loss: 0.324
2018-12-04 15:32:29,641 INFO valid accuracy: 0.905
2018-12-04 15:32:29,642 INFO valid precision: 0.953
2018-12-04 15:32:29,642 INFO valid recall: 0.856
2018-12-04 15:32:29,642 INFO valid F1: 0.902
2018-12-04 15:32:29,642 INFO valid AUC: 0.906
2018-12-04 15:32:29,897 INFO Epoch 82:
2018-12-04 15:32:29,898 INFO Training...
2018-12-04 15:32:33,887 INFO train time: 3.989
2018-12-04 15:32:33,888 INFO train loss: 0.055
2018-12-04 15:32:33,888 INFO train accuracy: 0.979
2018-12-04 15:32:33,888 INFO train precision: 0.981
2018-12-04 15:32:33,889 INFO train recall: 0.976
2018-12-04 15:32:33,889 INFO train F1: 0.979
2018-12-04 15:32:33,889 INFO train AUC: 0.979
2018-12-04 15:32:33,890 INFO Evaluating...
2018-12-04 15:32:34,495 INFO valid time: 0.605
2018-12-04 15:32:34,495 INFO valid loss: 0.315
2018-12-04 15:32:34,495 INFO valid accuracy: 0.914
2018-12-04 15:32:34,496 INFO valid precision: 0.945
2018-12-04 15:32:34,496 INFO valid recall: 0.881
2018-12-04 15:32:34,496 INFO valid F1: 0.912
2018-12-04 15:32:34,496 INFO valid AUC: 0.914
2018-12-04 15:32:34,790 INFO Epoch 83:
2018-12-04 15:32:34,791 INFO Training...
2018-12-04 15:32:38,742 INFO train time: 3.950
2018-12-04 15:32:38,742 INFO train loss: 0.047
2018-12-04 15:32:38,742 INFO train accuracy: 0.980
2018-12-04 15:32:38,742 INFO train precision: 0.981
2018-12-04 15:32:38,743 INFO train recall: 0.978
2018-12-04 15:32:38,743 INFO train F1: 0.979
2018-12-04 15:32:38,743 INFO train AUC: 0.980
2018-12-04 15:32:38,744 INFO Evaluating...
2018-12-04 15:32:39,367 INFO valid time: 0.623
2018-12-04 15:32:39,367 INFO valid loss: 0.289
2018-12-04 15:32:39,368 INFO valid accuracy: 0.905
2018-12-04 15:32:39,368 INFO valid precision: 0.914
2018-12-04 15:32:39,368 INFO valid recall: 0.898
2018-12-04 15:32:39,368 INFO valid F1: 0.906
2018-12-04 15:32:39,368 INFO valid AUC: 0.905
2018-12-04 15:32:39,601 INFO Epoch 84:
2018-12-04 15:32:39,602 INFO Training...
2018-12-04 15:32:43,658 INFO train time: 4.055
2018-12-04 15:32:43,659 INFO train loss: 0.041
2018-12-04 15:32:43,659 INFO train accuracy: 0.977
2018-12-04 15:32:43,659 INFO train precision: 0.978
2018-12-04 15:32:43,659 INFO train recall: 0.976
2018-12-04 15:32:43,659 INFO train F1: 0.977
2018-12-04 15:32:43,660 INFO train AUC: 0.977
2018-12-04 15:32:43,660 INFO Evaluating...
2018-12-04 15:32:44,335 INFO valid time: 0.675
2018-12-04 15:32:44,336 INFO valid loss: 0.305
2018-12-04 15:32:44,336 INFO valid accuracy: 0.905
2018-12-04 15:32:44,336 INFO valid precision: 0.936
2018-12-04 15:32:44,336 INFO valid recall: 0.873
2018-12-04 15:32:44,337 INFO valid F1: 0.904
2018-12-04 15:32:44,337 INFO valid AUC: 0.906
2018-12-04 15:32:44,599 INFO Epoch 85:
2018-12-04 15:32:44,600 INFO Training...
2018-12-04 15:32:48,747 INFO train time: 4.147
2018-12-04 15:32:48,748 INFO train loss: 0.038
2018-12-04 15:32:48,748 INFO train accuracy: 0.977
2018-12-04 15:32:48,748 INFO train precision: 0.975
2018-12-04 15:32:48,748 INFO train recall: 0.978
2018-12-04 15:32:48,748 INFO train F1: 0.976
2018-12-04 15:32:48,748 INFO train AUC: 0.977
2018-12-04 15:32:48,749 INFO Evaluating...
2018-12-04 15:32:49,402 INFO valid time: 0.652
2018-12-04 15:32:49,403 INFO valid loss: 0.321
2018-12-04 15:32:49,403 INFO valid accuracy: 0.901
2018-12-04 15:32:49,403 INFO valid precision: 0.936
2018-12-04 15:32:49,403 INFO valid recall: 0.864
2018-12-04 15:32:49,403 INFO valid F1: 0.899
2018-12-04 15:32:49,404 INFO valid AUC: 0.902
2018-12-04 15:32:49,646 INFO Epoch 86:
2018-12-04 15:32:49,647 INFO Training...
2018-12-04 15:32:53,637 INFO train time: 3.990
2018-12-04 15:32:53,637 INFO train loss: 0.041
2018-12-04 15:32:53,637 INFO train accuracy: 0.978
2018-12-04 15:32:53,638 INFO train precision: 0.979
2018-12-04 15:32:53,638 INFO train recall: 0.976
2018-12-04 15:32:53,638 INFO train F1: 0.978
2018-12-04 15:32:53,638 INFO train AUC: 0.978
2018-12-04 15:32:53,638 INFO Evaluating...
2018-12-04 15:32:54,289 INFO valid time: 0.649
2018-12-04 15:32:54,289 INFO valid loss: 0.321
2018-12-04 15:32:54,289 INFO valid accuracy: 0.901
2018-12-04 15:32:54,289 INFO valid precision: 0.936
2018-12-04 15:32:54,290 INFO valid recall: 0.864
2018-12-04 15:32:54,290 INFO valid F1: 0.899
2018-12-04 15:32:54,290 INFO valid AUC: 0.902
2018-12-04 15:32:54,541 INFO Epoch 87:
2018-12-04 15:32:54,542 INFO Training...
2018-12-04 15:32:58,669 INFO train time: 4.127
2018-12-04 15:32:58,670 INFO train loss: 0.048
2018-12-04 15:32:58,670 INFO train accuracy: 0.978
2018-12-04 15:32:58,670 INFO train precision: 0.980
2018-12-04 15:32:58,671 INFO train recall: 0.975
2018-12-04 15:32:58,671 INFO train F1: 0.978
2018-12-04 15:32:58,671 INFO train AUC: 0.978
2018-12-04 15:32:58,672 INFO Evaluating...
2018-12-04 15:32:59,329 INFO valid time: 0.657
2018-12-04 15:32:59,330 INFO valid loss: 0.307
2018-12-04 15:32:59,330 INFO valid accuracy: 0.901
2018-12-04 15:32:59,330 INFO valid precision: 0.920
2018-12-04 15:32:59,330 INFO valid recall: 0.881
2018-12-04 15:32:59,330 INFO valid F1: 0.900
2018-12-04 15:32:59,330 INFO valid AUC: 0.901
2018-12-04 15:32:59,570 INFO Epoch 88:
2018-12-04 15:32:59,571 INFO Training...
2018-12-04 15:33:03,616 INFO train time: 4.044
2018-12-04 15:33:03,616 INFO train loss: 0.041
2018-12-04 15:33:03,616 INFO train accuracy: 0.979
2018-12-04 15:33:03,616 INFO train precision: 0.981
2018-12-04 15:33:03,616 INFO train recall: 0.976
2018-12-04 15:33:03,616 INFO train F1: 0.979
2018-12-04 15:33:03,616 INFO train AUC: 0.979
2018-12-04 15:33:03,617 INFO Evaluating...
2018-12-04 15:33:04,175 INFO valid time: 0.558
2018-12-04 15:33:04,176 INFO valid loss: 0.301
2018-12-04 15:33:04,176 INFO valid accuracy: 0.901
2018-12-04 15:33:04,176 INFO valid precision: 0.920
2018-12-04 15:33:04,177 INFO valid recall: 0.881
2018-12-04 15:33:04,177 INFO valid F1: 0.900
2018-12-04 15:33:04,177 INFO valid AUC: 0.901
2018-12-04 15:33:04,417 INFO Epoch 89:
2018-12-04 15:33:04,418 INFO Training...
2018-12-04 15:33:08,332 INFO train time: 3.913
2018-12-04 15:33:08,333 INFO train loss: 0.037
2018-12-04 15:33:08,333 INFO train accuracy: 0.976
2018-12-04 15:33:08,333 INFO train precision: 0.976
2018-12-04 15:33:08,333 INFO train recall: 0.975
2018-12-04 15:33:08,333 INFO train F1: 0.976
2018-12-04 15:33:08,333 INFO train AUC: 0.976
2018-12-04 15:33:08,334 INFO Evaluating...
2018-12-04 15:33:08,991 INFO valid time: 0.656
2018-12-04 15:33:08,991 INFO valid loss: 0.301
2018-12-04 15:33:08,992 INFO valid accuracy: 0.909
2018-12-04 15:33:08,992 INFO valid precision: 0.915
2018-12-04 15:33:08,992 INFO valid recall: 0.907
2018-12-04 15:33:08,992 INFO valid F1: 0.911
2018-12-04 15:33:08,992 INFO valid AUC: 0.910
2018-12-04 15:33:09,245 INFO Epoch 90:
2018-12-04 15:33:09,246 INFO Training...
2018-12-04 15:33:13,263 INFO train time: 4.017
2018-12-04 15:33:13,263 INFO train loss: 0.036
2018-12-04 15:33:13,263 INFO train accuracy: 0.977
2018-12-04 15:33:13,264 INFO train precision: 0.976
2018-12-04 15:33:13,264 INFO train recall: 0.976
2018-12-04 15:33:13,264 INFO train F1: 0.976
2018-12-04 15:33:13,264 INFO train AUC: 0.977
2018-12-04 15:33:13,265 INFO Evaluating...
2018-12-04 15:33:13,886 INFO valid time: 0.621
2018-12-04 15:33:13,886 INFO valid loss: 0.317
2018-12-04 15:33:13,886 INFO valid accuracy: 0.905
2018-12-04 15:33:13,886 INFO valid precision: 0.929
2018-12-04 15:33:13,887 INFO valid recall: 0.881
2018-12-04 15:33:13,887 INFO valid F1: 0.904
2018-12-04 15:33:13,887 INFO valid AUC: 0.906
2018-12-04 15:33:14,132 INFO Epoch 91:
2018-12-04 15:33:14,134 INFO Training...
2018-12-04 15:33:18,164 INFO train time: 4.031
2018-12-04 15:33:18,165 INFO train loss: 0.045
2018-12-04 15:33:18,165 INFO train accuracy: 0.978
2018-12-04 15:33:18,165 INFO train precision: 0.978
2018-12-04 15:33:18,165 INFO train recall: 0.978
2018-12-04 15:33:18,165 INFO train F1: 0.978
2018-12-04 15:33:18,166 INFO train AUC: 0.978
2018-12-04 15:33:18,167 INFO Evaluating...
2018-12-04 15:33:18,766 INFO valid time: 0.599
2018-12-04 15:33:18,767 INFO valid loss: 0.312
2018-12-04 15:33:18,767 INFO valid accuracy: 0.905
2018-12-04 15:33:18,767 INFO valid precision: 0.914
2018-12-04 15:33:18,767 INFO valid recall: 0.898
2018-12-04 15:33:18,767 INFO valid F1: 0.906
2018-12-04 15:33:18,767 INFO valid AUC: 0.905
2018-12-04 15:33:19,016 INFO Epoch 92:
2018-12-04 15:33:19,017 INFO Training...
2018-12-04 15:33:22,971 INFO train time: 3.953
2018-12-04 15:33:22,971 INFO train loss: 0.039
2018-12-04 15:33:22,972 INFO train accuracy: 0.976
2018-12-04 15:33:22,972 INFO train precision: 0.977
2018-12-04 15:33:22,972 INFO train recall: 0.974
2018-12-04 15:33:22,972 INFO train F1: 0.976
2018-12-04 15:33:22,972 INFO train AUC: 0.976
2018-12-04 15:33:22,973 INFO Evaluating...
2018-12-04 15:33:23,599 INFO valid time: 0.625
2018-12-04 15:33:23,599 INFO valid loss: 0.299
2018-12-04 15:33:23,600 INFO valid accuracy: 0.909
2018-12-04 15:33:23,600 INFO valid precision: 0.908
2018-12-04 15:33:23,600 INFO valid recall: 0.915
2018-12-04 15:33:23,600 INFO valid F1: 0.911
2018-12-04 15:33:23,600 INFO valid AUC: 0.909
2018-12-04 15:33:23,848 INFO Epoch 93:
2018-12-04 15:33:23,849 INFO Training...
2018-12-04 15:33:27,728 INFO train time: 3.878
2018-12-04 15:33:27,728 INFO train loss: 0.038
2018-12-04 15:33:27,728 INFO train accuracy: 0.978
2018-12-04 15:33:27,728 INFO train precision: 0.978
2018-12-04 15:33:27,728 INFO train recall: 0.979
2018-12-04 15:33:27,729 INFO train F1: 0.978
2018-12-04 15:33:27,729 INFO train AUC: 0.978
2018-12-04 15:33:27,729 INFO Evaluating...
2018-12-04 15:33:28,343 INFO valid time: 0.613
2018-12-04 15:33:28,343 INFO valid loss: 0.316
2018-12-04 15:33:28,343 INFO valid accuracy: 0.905
2018-12-04 15:33:28,344 INFO valid precision: 0.929
2018-12-04 15:33:28,344 INFO valid recall: 0.881
2018-12-04 15:33:28,344 INFO valid F1: 0.904
2018-12-04 15:33:28,344 INFO valid AUC: 0.906
2018-12-04 15:33:28,588 INFO Epoch 94:
2018-12-04 15:33:28,590 INFO Training...
2018-12-04 15:33:32,738 INFO train time: 4.149
2018-12-04 15:33:32,739 INFO train loss: 0.050
2018-12-04 15:33:32,739 INFO train accuracy: 0.977
2018-12-04 15:33:32,739 INFO train precision: 0.979
2018-12-04 15:33:32,739 INFO train recall: 0.974
2018-12-04 15:33:32,739 INFO train F1: 0.976
2018-12-04 15:33:32,740 INFO train AUC: 0.977
2018-12-04 15:33:32,741 INFO Evaluating...
2018-12-04 15:33:33,332 INFO valid time: 0.591
2018-12-04 15:33:33,332 INFO valid loss: 0.311
2018-12-04 15:33:33,332 INFO valid accuracy: 0.901
2018-12-04 15:33:33,332 INFO valid precision: 0.913
2018-12-04 15:33:33,332 INFO valid recall: 0.890
2018-12-04 15:33:33,333 INFO valid F1: 0.901
2018-12-04 15:33:33,333 INFO valid AUC: 0.901
2018-12-04 15:33:33,579 INFO Epoch 95:
2018-12-04 15:33:33,580 INFO Training...
2018-12-04 15:33:37,611 INFO train time: 4.030
2018-12-04 15:33:37,611 INFO train loss: 0.043
2018-12-04 15:33:37,611 INFO train accuracy: 0.978
2018-12-04 15:33:37,611 INFO train precision: 0.979
2018-12-04 15:33:37,611 INFO train recall: 0.976
2018-12-04 15:33:37,612 INFO train F1: 0.978
2018-12-04 15:33:37,612 INFO train AUC: 0.978
2018-12-04 15:33:37,612 INFO Evaluating...
2018-12-04 15:33:38,243 INFO valid time: 0.631
2018-12-04 15:33:38,244 INFO valid loss: 0.301
2018-12-04 15:33:38,244 INFO valid accuracy: 0.905
2018-12-04 15:33:38,244 INFO valid precision: 0.900
2018-12-04 15:33:38,244 INFO valid recall: 0.915
2018-12-04 15:33:38,245 INFO valid F1: 0.908
2018-12-04 15:33:38,245 INFO valid AUC: 0.905
2018-12-04 15:33:38,481 INFO Epoch 96:
2018-12-04 15:33:38,482 INFO Training...
2018-12-04 15:33:42,464 INFO train time: 3.982
2018-12-04 15:33:42,464 INFO train loss: 0.039
2018-12-04 15:33:42,465 INFO train accuracy: 0.980
2018-12-04 15:33:42,465 INFO train precision: 0.979
2018-12-04 15:33:42,465 INFO train recall: 0.980
2018-12-04 15:33:42,465 INFO train F1: 0.979
2018-12-04 15:33:42,465 INFO train AUC: 0.980
2018-12-04 15:33:42,466 INFO Evaluating...
2018-12-04 15:33:43,068 INFO valid time: 0.602
2018-12-04 15:33:43,068 INFO valid loss: 0.300
2018-12-04 15:33:43,068 INFO valid accuracy: 0.901
2018-12-04 15:33:43,069 INFO valid precision: 0.913
2018-12-04 15:33:43,069 INFO valid recall: 0.890
2018-12-04 15:33:43,069 INFO valid F1: 0.901
2018-12-04 15:33:43,069 INFO valid AUC: 0.901
2018-12-04 15:33:43,338 INFO Epoch 97:
2018-12-04 15:33:43,339 INFO Training...
2018-12-04 15:33:47,529 INFO train time: 4.190
2018-12-04 15:33:47,529 INFO train loss: 0.037
2018-12-04 15:33:47,530 INFO train accuracy: 0.978
2018-12-04 15:33:47,530 INFO train precision: 0.978
2018-12-04 15:33:47,530 INFO train recall: 0.978
2018-12-04 15:33:47,530 INFO train F1: 0.978
2018-12-04 15:33:47,530 INFO train AUC: 0.978
2018-12-04 15:33:47,531 INFO Evaluating...
2018-12-04 15:33:48,293 INFO valid time: 0.762
2018-12-04 15:33:48,294 INFO valid loss: 0.308
2018-12-04 15:33:48,294 INFO valid accuracy: 0.905
2018-12-04 15:33:48,294 INFO valid precision: 0.914
2018-12-04 15:33:48,295 INFO valid recall: 0.898
2018-12-04 15:33:48,295 INFO valid F1: 0.906
2018-12-04 15:33:48,295 INFO valid AUC: 0.905
2018-12-04 15:33:48,565 INFO Epoch 98:
2018-12-04 15:33:48,566 INFO Training...
2018-12-04 15:33:52,566 INFO train time: 4.000
2018-12-04 15:33:52,567 INFO train loss: 0.038
2018-12-04 15:33:52,567 INFO train accuracy: 0.979
2018-12-04 15:33:52,567 INFO train precision: 0.982
2018-12-04 15:33:52,567 INFO train recall: 0.975
2018-12-04 15:33:52,567 INFO train F1: 0.979
2018-12-04 15:33:52,567 INFO train AUC: 0.979
2018-12-04 15:33:52,568 INFO Evaluating...
2018-12-04 15:33:53,192 INFO valid time: 0.624
2018-12-04 15:33:53,192 INFO valid loss: 0.306
2018-12-04 15:33:53,193 INFO valid accuracy: 0.905
2018-12-04 15:33:53,193 INFO valid precision: 0.914
2018-12-04 15:33:53,193 INFO valid recall: 0.898
2018-12-04 15:33:53,193 INFO valid F1: 0.906
2018-12-04 15:33:53,193 INFO valid AUC: 0.905
2018-12-04 15:33:53,438 INFO Epoch 99:
2018-12-04 15:33:53,439 INFO Training...
2018-12-04 15:33:57,452 INFO train time: 4.012
2018-12-04 15:33:57,452 INFO train loss: 0.044
2018-12-04 15:33:57,453 INFO train accuracy: 0.977
2018-12-04 15:33:57,453 INFO train precision: 0.978
2018-12-04 15:33:57,453 INFO train recall: 0.975
2018-12-04 15:33:57,453 INFO train F1: 0.976
2018-12-04 15:33:57,453 INFO train AUC: 0.977
2018-12-04 15:33:57,454 INFO Evaluating...
2018-12-04 15:33:58,048 INFO valid time: 0.594
2018-12-04 15:33:58,048 INFO valid loss: 0.305
2018-12-04 15:33:58,048 INFO valid accuracy: 0.909
2018-12-04 15:33:58,049 INFO valid precision: 0.915
2018-12-04 15:33:58,049 INFO valid recall: 0.907
2018-12-04 15:33:58,049 INFO valid F1: 0.911
2018-12-04 15:33:58,049 INFO valid AUC: 0.910
2018-12-04 15:33:58,297 INFO Restoring parameters from out/oncogenes_graph/model/model.ckpt
2018-12-04 15:33:58,353 INFO Evaluating...
2018-12-04 15:33:59,501 INFO test time: 1.148
2018-12-04 15:33:59,501 INFO test loss: 0.252
2018-12-04 15:33:59,501 INFO test accuracy: 0.922
2018-12-04 15:33:59,501 INFO test precision: 0.906
2018-12-04 15:33:59,501 INFO test recall: 0.931
2018-12-04 15:33:59,502 INFO test F1: 0.919
2018-12-04 15:33:59,502 INFO test AUC: 0.923
2018-12-04 15:33:59,561 INFO Saving History to out/oncogenes_graph/history.csv
2018-12-04 15:33:59,562 INFO Saving Summary to out/oncogenes_graph/summary.csv
2018-12-04 15:33:59,567 INFO All done!
