2018-11-29 21:56:44,847 INFO Initializing
2018-11-29 21:56:45,634 INFO Loaded 31261 training samples
2018-11-29 21:56:45,635 INFO Loaded 4467 validation samples
2018-11-29 21:56:45,635 INFO Loaded 8933 test samples
2018-11-29 21:56:50,276 INFO Model: Graph-CNN
2018-11-29 21:56:50,276 INFO Parameters: 2593158
2018-11-29 21:56:51,076 INFO Epoch 0:
2018-11-29 21:56:51,091 INFO Training...
2018-11-29 22:07:42,320 INFO train time: 651.229
2018-11-29 22:07:42,321 INFO train loss: 1.225
2018-11-29 22:07:42,321 INFO train accuracy: 0.541
2018-11-29 22:07:42,321 INFO train precision: 0.804
2018-11-29 22:07:42,321 INFO train recall: 0.631
2018-11-29 22:07:42,321 INFO train F1: 0.707
2018-11-29 22:07:42,324 INFO Evaluating...
2018-11-29 22:08:20,216 INFO valid time: 37.892
2018-11-29 22:08:20,216 INFO valid loss: 1.082
2018-11-29 22:08:20,217 INFO valid accuracy: 0.618
2018-11-29 22:08:20,217 INFO valid precision: 0.855
2018-11-29 22:08:20,217 INFO valid recall: 0.742
2018-11-29 22:08:20,217 INFO valid F1: 0.795
2018-11-29 22:08:20,385 INFO Epoch 1:
2018-11-29 22:08:20,386 INFO Training...
2018-11-29 22:18:46,619 INFO train time: 626.232
2018-11-29 22:18:46,619 INFO train loss: 0.999
2018-11-29 22:18:46,619 INFO train accuracy: 0.647
2018-11-29 22:18:46,619 INFO train precision: 0.864
2018-11-29 22:18:46,619 INFO train recall: 0.754
2018-11-29 22:18:46,620 INFO train F1: 0.805
2018-11-29 22:18:46,622 INFO Evaluating...
2018-11-29 22:19:23,164 INFO valid time: 36.541
2018-11-29 22:19:23,164 INFO valid loss: 0.970
2018-11-29 22:19:23,165 INFO valid accuracy: 0.657
2018-11-29 22:19:23,165 INFO valid precision: 0.885
2018-11-29 22:19:23,165 INFO valid recall: 0.733
2018-11-29 22:19:23,165 INFO valid F1: 0.802
2018-11-29 22:19:23,314 INFO Epoch 2:
2018-11-29 22:19:23,318 INFO Training...
2018-11-29 22:30:02,542 INFO train time: 639.224
2018-11-29 22:30:02,543 INFO train loss: 0.864
2018-11-29 22:30:02,543 INFO train accuracy: 0.698
2018-11-29 22:30:02,543 INFO train precision: 0.885
2018-11-29 22:30:02,543 INFO train recall: 0.802
2018-11-29 22:30:02,543 INFO train F1: 0.841
2018-11-29 22:30:02,546 INFO Evaluating...
2018-11-29 22:30:39,145 INFO valid time: 36.598
2018-11-29 22:30:39,145 INFO valid loss: 0.886
2018-11-29 22:30:39,145 INFO valid accuracy: 0.693
2018-11-29 22:30:39,145 INFO valid precision: 0.893
2018-11-29 22:30:39,145 INFO valid recall: 0.789
2018-11-29 22:30:39,145 INFO valid F1: 0.837
2018-11-29 22:30:39,288 INFO Epoch 3:
2018-11-29 22:30:39,289 INFO Training...
2018-11-29 22:41:07,714 INFO train time: 628.424
2018-11-29 22:41:07,714 INFO train loss: 0.760
2018-11-29 22:41:07,715 INFO train accuracy: 0.740
2018-11-29 22:41:07,715 INFO train precision: 0.902
2018-11-29 22:41:07,715 INFO train recall: 0.829
2018-11-29 22:41:07,715 INFO train F1: 0.864
2018-11-29 22:41:07,718 INFO Evaluating...
2018-11-29 22:41:45,384 INFO valid time: 37.665
2018-11-29 22:41:45,384 INFO valid loss: 0.827
2018-11-29 22:41:45,384 INFO valid accuracy: 0.714
2018-11-29 22:41:45,385 INFO valid precision: 0.882
2018-11-29 22:41:45,385 INFO valid recall: 0.831
2018-11-29 22:41:45,385 INFO valid F1: 0.856
2018-11-29 22:41:45,550 INFO Epoch 4:
2018-11-29 22:41:45,554 INFO Training...
2018-11-29 22:52:09,283 INFO train time: 623.729
2018-11-29 22:52:09,284 INFO train loss: 0.674
2018-11-29 22:52:09,284 INFO train accuracy: 0.774
2018-11-29 22:52:09,284 INFO train precision: 0.914
2018-11-29 22:52:09,284 INFO train recall: 0.852
2018-11-29 22:52:09,285 INFO train F1: 0.882
2018-11-29 22:52:09,288 INFO Evaluating...
2018-11-29 22:52:45,531 INFO valid time: 36.243
2018-11-29 22:52:45,531 INFO valid loss: 0.778
2018-11-29 22:52:45,531 INFO valid accuracy: 0.733
2018-11-29 22:52:45,532 INFO valid precision: 0.890
2018-11-29 22:52:45,532 INFO valid recall: 0.839
2018-11-29 22:52:45,532 INFO valid F1: 0.864
2018-11-29 22:52:45,685 INFO Epoch 5:
2018-11-29 22:52:45,686 INFO Training...
2018-11-29 23:03:07,828 INFO train time: 622.142
2018-11-29 23:03:07,828 INFO train loss: 0.602
2018-11-29 23:03:07,828 INFO train accuracy: 0.804
2018-11-29 23:03:07,829 INFO train precision: 0.925
2018-11-29 23:03:07,829 INFO train recall: 0.871
2018-11-29 23:03:07,829 INFO train F1: 0.897
2018-11-29 23:03:07,832 INFO Evaluating...
2018-11-29 23:03:43,653 INFO valid time: 35.820
2018-11-29 23:03:43,653 INFO valid loss: 0.742
2018-11-29 23:03:43,653 INFO valid accuracy: 0.745
2018-11-29 23:03:43,654 INFO valid precision: 0.889
2018-11-29 23:03:43,654 INFO valid recall: 0.851
2018-11-29 23:03:43,654 INFO valid F1: 0.870
2018-11-29 23:03:43,812 INFO Epoch 6:
2018-11-29 23:03:43,814 INFO Training...
2018-11-29 23:14:38,991 INFO train time: 655.177
2018-11-29 23:14:38,991 INFO train loss: 0.540
2018-11-29 23:14:38,992 INFO train accuracy: 0.827
2018-11-29 23:14:38,992 INFO train precision: 0.932
2018-11-29 23:14:38,992 INFO train recall: 0.889
2018-11-29 23:14:38,992 INFO train F1: 0.910
2018-11-29 23:14:38,996 INFO Evaluating...
2018-11-29 23:15:17,569 INFO valid time: 38.572
2018-11-29 23:15:17,569 INFO valid loss: 0.721
2018-11-29 23:15:17,569 INFO valid accuracy: 0.758
2018-11-29 23:15:17,569 INFO valid precision: 0.891
2018-11-29 23:15:17,569 INFO valid recall: 0.865
2018-11-29 23:15:17,569 INFO valid F1: 0.878
2018-11-29 23:15:17,749 INFO Epoch 7:
2018-11-29 23:15:17,750 INFO Training...
2018-11-29 23:26:04,180 INFO train time: 646.430
2018-11-29 23:26:04,181 INFO train loss: 0.486
2018-11-29 23:26:04,181 INFO train accuracy: 0.848
2018-11-29 23:26:04,181 INFO train precision: 0.940
2018-11-29 23:26:04,181 INFO train recall: 0.903
2018-11-29 23:26:04,182 INFO train F1: 0.921
2018-11-29 23:26:04,185 INFO Evaluating...
2018-11-29 23:26:42,731 INFO valid time: 38.546
2018-11-29 23:26:42,732 INFO valid loss: 0.707
2018-11-29 23:26:42,732 INFO valid accuracy: 0.761
2018-11-29 23:26:42,732 INFO valid precision: 0.887
2018-11-29 23:26:42,732 INFO valid recall: 0.879
2018-11-29 23:26:42,733 INFO valid F1: 0.883
2018-11-29 23:26:42,894 INFO Epoch 8:
2018-11-29 23:26:42,896 INFO Training...
2018-11-29 23:37:27,750 INFO train time: 644.854
2018-11-29 23:37:27,750 INFO train loss: 0.439
2018-11-29 23:37:27,751 INFO train accuracy: 0.865
2018-11-29 23:37:27,751 INFO train precision: 0.947
2018-11-29 23:37:27,751 INFO train recall: 0.914
2018-11-29 23:37:27,751 INFO train F1: 0.930
2018-11-29 23:37:27,754 INFO Evaluating...
2018-11-29 23:38:05,436 INFO valid time: 37.682
2018-11-29 23:38:05,437 INFO valid loss: 0.696
2018-11-29 23:38:05,437 INFO valid accuracy: 0.769
2018-11-29 23:38:05,437 INFO valid precision: 0.888
2018-11-29 23:38:05,437 INFO valid recall: 0.887
2018-11-29 23:38:05,437 INFO valid F1: 0.888
2018-11-29 23:38:05,599 INFO Epoch 9:
2018-11-29 23:38:05,600 INFO Training...
2018-11-29 23:49:03,252 INFO train time: 657.651
2018-11-29 23:49:03,252 INFO train loss: 0.396
2018-11-29 23:49:03,252 INFO train accuracy: 0.882
2018-11-29 23:49:03,252 INFO train precision: 0.954
2018-11-29 23:49:03,252 INFO train recall: 0.925
2018-11-29 23:49:03,253 INFO train F1: 0.939
2018-11-29 23:49:03,256 INFO Evaluating...
2018-11-29 23:49:41,756 INFO valid time: 38.500
2018-11-29 23:49:41,757 INFO valid loss: 0.684
2018-11-29 23:49:41,757 INFO valid accuracy: 0.774
2018-11-29 23:49:41,757 INFO valid precision: 0.888
2018-11-29 23:49:41,757 INFO valid recall: 0.899
2018-11-29 23:49:41,757 INFO valid F1: 0.893
2018-11-29 23:49:41,911 INFO Epoch 10:
2018-11-29 23:49:41,912 INFO Training...
2018-11-30 00:00:42,861 INFO train time: 660.948
2018-11-30 00:00:42,861 INFO train loss: 0.357
2018-11-30 00:00:42,862 INFO train accuracy: 0.896
2018-11-30 00:00:42,862 INFO train precision: 0.960
2018-11-30 00:00:42,862 INFO train recall: 0.934
2018-11-30 00:00:42,862 INFO train F1: 0.946
2018-11-30 00:00:42,878 INFO Evaluating...
2018-11-30 00:01:21,257 INFO valid time: 38.379
2018-11-30 00:01:21,257 INFO valid loss: 0.675
2018-11-30 00:01:21,257 INFO valid accuracy: 0.777
2018-11-30 00:01:21,257 INFO valid precision: 0.885
2018-11-30 00:01:21,257 INFO valid recall: 0.907
2018-11-30 00:01:21,257 INFO valid F1: 0.896
2018-11-30 00:01:21,423 INFO Epoch 11:
2018-11-30 00:01:21,424 INFO Training...
2018-11-30 00:12:23,974 INFO train time: 662.550
2018-11-30 00:12:23,974 INFO train loss: 0.322
2018-11-30 00:12:23,974 INFO train accuracy: 0.910
2018-11-30 00:12:23,975 INFO train precision: 0.965
2018-11-30 00:12:23,975 INFO train recall: 0.942
2018-11-30 00:12:23,975 INFO train F1: 0.953
2018-11-30 00:12:23,979 INFO Evaluating...
2018-11-30 00:13:02,142 INFO valid time: 38.163
2018-11-30 00:13:02,142 INFO valid loss: 0.664
2018-11-30 00:13:02,142 INFO valid accuracy: 0.783
2018-11-30 00:13:02,143 INFO valid precision: 0.886
2018-11-30 00:13:02,143 INFO valid recall: 0.912
2018-11-30 00:13:02,143 INFO valid F1: 0.899
2018-11-30 00:13:02,290 INFO Epoch 12:
2018-11-30 00:13:02,291 INFO Training...
2018-11-30 00:23:45,668 INFO train time: 643.377
2018-11-30 00:23:45,668 INFO train loss: 0.289
2018-11-30 00:23:45,668 INFO train accuracy: 0.921
2018-11-30 00:23:45,668 INFO train precision: 0.969
2018-11-30 00:23:45,668 INFO train recall: 0.949
2018-11-30 00:23:45,669 INFO train F1: 0.959
2018-11-30 00:23:45,673 INFO Evaluating...
2018-11-30 00:24:23,585 INFO valid time: 37.912
2018-11-30 00:24:23,587 INFO valid loss: 0.656
2018-11-30 00:24:23,587 INFO valid accuracy: 0.790
2018-11-30 00:24:23,588 INFO valid precision: 0.888
2018-11-30 00:24:23,588 INFO valid recall: 0.916
2018-11-30 00:24:23,588 INFO valid F1: 0.902
2018-11-30 00:24:23,739 INFO Epoch 13:
2018-11-30 00:24:23,740 INFO Training...
2018-11-30 00:35:06,045 INFO train time: 642.304
2018-11-30 00:35:06,045 INFO train loss: 0.259
2018-11-30 00:35:06,046 INFO train accuracy: 0.932
2018-11-30 00:35:06,046 INFO train precision: 0.974
2018-11-30 00:35:06,046 INFO train recall: 0.957
2018-11-30 00:35:06,046 INFO train F1: 0.965
2018-11-30 00:35:06,052 INFO Evaluating...
2018-11-30 00:35:42,419 INFO valid time: 36.367
2018-11-30 00:35:42,419 INFO valid loss: 0.648
2018-11-30 00:35:42,420 INFO valid accuracy: 0.793
2018-11-30 00:35:42,420 INFO valid precision: 0.889
2018-11-30 00:35:42,420 INFO valid recall: 0.919
2018-11-30 00:35:42,420 INFO valid F1: 0.904
2018-11-30 00:35:42,581 INFO Epoch 14:
2018-11-30 00:35:42,582 INFO Training...
2018-11-30 00:46:07,597 INFO train time: 625.014
2018-11-30 00:46:07,597 INFO train loss: 0.233
2018-11-30 00:46:07,597 INFO train accuracy: 0.942
2018-11-30 00:46:07,598 INFO train precision: 0.977
2018-11-30 00:46:07,598 INFO train recall: 0.962
2018-11-30 00:46:07,598 INFO train F1: 0.970
2018-11-30 00:46:07,601 INFO Evaluating...
2018-11-30 00:46:44,006 INFO valid time: 36.404
2018-11-30 00:46:44,006 INFO valid loss: 0.643
2018-11-30 00:46:44,006 INFO valid accuracy: 0.796
2018-11-30 00:46:44,007 INFO valid precision: 0.890
2018-11-30 00:46:44,007 INFO valid recall: 0.919
2018-11-30 00:46:44,007 INFO valid F1: 0.904
2018-11-30 00:46:44,147 INFO Epoch 15:
2018-11-30 00:46:44,148 INFO Training...
2018-11-30 00:57:44,704 INFO train time: 660.556
2018-11-30 00:57:44,705 INFO train loss: 0.208
2018-11-30 00:57:44,705 INFO train accuracy: 0.949
2018-11-30 00:57:44,705 INFO train precision: 0.981
2018-11-30 00:57:44,706 INFO train recall: 0.968
2018-11-30 00:57:44,706 INFO train F1: 0.974
2018-11-30 00:57:44,710 INFO Evaluating...
2018-11-30 00:58:24,447 INFO valid time: 39.737
2018-11-30 00:58:24,447 INFO valid loss: 0.639
2018-11-30 00:58:24,448 INFO valid accuracy: 0.803
2018-11-30 00:58:24,448 INFO valid precision: 0.898
2018-11-30 00:58:24,448 INFO valid recall: 0.914
2018-11-30 00:58:24,448 INFO valid F1: 0.906
2018-11-30 00:58:24,620 INFO Epoch 16:
2018-11-30 00:58:24,621 INFO Training...
2018-11-30 01:09:36,631 INFO train time: 672.010
2018-11-30 01:09:36,632 INFO train loss: 0.186
2018-11-30 01:09:36,633 INFO train accuracy: 0.957
2018-11-30 01:09:36,633 INFO train precision: 0.984
2018-11-30 01:09:36,634 INFO train recall: 0.972
2018-11-30 01:09:36,635 INFO train F1: 0.978
2018-11-30 01:09:36,642 INFO Evaluating...
2018-11-30 01:10:16,253 INFO valid time: 39.611
2018-11-30 01:10:16,254 INFO valid loss: 0.641
2018-11-30 01:10:16,254 INFO valid accuracy: 0.805
2018-11-30 01:10:16,254 INFO valid precision: 0.899
2018-11-30 01:10:16,254 INFO valid recall: 0.916
2018-11-30 01:10:16,254 INFO valid F1: 0.907
2018-11-30 01:10:16,433 INFO Epoch 17:
2018-11-30 01:10:16,434 INFO Training...
2018-11-30 01:21:21,778 INFO train time: 665.343
2018-11-30 01:21:21,779 INFO train loss: 0.166
2018-11-30 01:21:21,779 INFO train accuracy: 0.963
2018-11-30 01:21:21,779 INFO train precision: 0.986
2018-11-30 01:21:21,779 INFO train recall: 0.977
2018-11-30 01:21:21,779 INFO train F1: 0.981
2018-11-30 01:21:21,784 INFO Evaluating...
2018-11-30 01:22:01,809 INFO valid time: 40.026
2018-11-30 01:22:01,810 INFO valid loss: 0.646
2018-11-30 01:22:01,810 INFO valid accuracy: 0.803
2018-11-30 01:22:01,810 INFO valid precision: 0.897
2018-11-30 01:22:01,810 INFO valid recall: 0.918
2018-11-30 01:22:01,810 INFO valid F1: 0.907
2018-11-30 01:22:01,981 INFO Epoch 18:
2018-11-30 01:22:01,985 INFO Training...
2018-11-30 01:33:22,116 INFO train time: 680.131
2018-11-30 01:33:22,117 INFO train loss: 0.148
2018-11-30 01:33:22,117 INFO train accuracy: 0.969
2018-11-30 01:33:22,117 INFO train precision: 0.988
2018-11-30 01:33:22,117 INFO train recall: 0.981
2018-11-30 01:33:22,117 INFO train F1: 0.984
2018-11-30 01:33:22,121 INFO Evaluating...
2018-11-30 01:34:01,857 INFO valid time: 39.735
2018-11-30 01:34:01,857 INFO valid loss: 0.648
2018-11-30 01:34:01,858 INFO valid accuracy: 0.807
2018-11-30 01:34:01,858 INFO valid precision: 0.898
2018-11-30 01:34:01,858 INFO valid recall: 0.920
2018-11-30 01:34:01,858 INFO valid F1: 0.909
2018-11-30 01:34:02,023 INFO Epoch 19:
2018-11-30 01:34:02,025 INFO Training...
2018-11-30 01:45:02,287 INFO train time: 660.262
2018-11-30 01:45:02,287 INFO train loss: 0.133
2018-11-30 01:45:02,287 INFO train accuracy: 0.973
2018-11-30 01:45:02,287 INFO train precision: 0.990
2018-11-30 01:45:02,287 INFO train recall: 0.983
2018-11-30 01:45:02,288 INFO train F1: 0.986
2018-11-30 01:45:02,293 INFO Evaluating...
2018-11-30 01:45:42,169 INFO valid time: 39.876
2018-11-30 01:45:42,169 INFO valid loss: 0.656
2018-11-30 01:45:42,170 INFO valid accuracy: 0.809
2018-11-30 01:45:42,170 INFO valid precision: 0.899
2018-11-30 01:45:42,170 INFO valid recall: 0.919
2018-11-30 01:45:42,170 INFO valid F1: 0.909
2018-11-30 01:45:42,365 INFO Epoch 20:
2018-11-30 01:45:42,366 INFO Training...
2018-11-30 01:56:59,188 INFO train time: 676.821
2018-11-30 01:56:59,188 INFO train loss: 0.119
2018-11-30 01:56:59,188 INFO train accuracy: 0.977
2018-11-30 01:56:59,188 INFO train precision: 0.991
2018-11-30 01:56:59,189 INFO train recall: 0.986
2018-11-30 01:56:59,189 INFO train F1: 0.988
2018-11-30 01:56:59,193 INFO Evaluating...
2018-11-30 01:57:38,432 INFO valid time: 39.239
2018-11-30 01:57:38,433 INFO valid loss: 0.664
2018-11-30 01:57:38,433 INFO valid accuracy: 0.808
2018-11-30 01:57:38,433 INFO valid precision: 0.900
2018-11-30 01:57:38,433 INFO valid recall: 0.918
2018-11-30 01:57:38,433 INFO valid F1: 0.909
2018-11-30 01:57:38,589 INFO Epoch 21:
2018-11-30 01:57:38,590 INFO Training...
2018-11-30 02:08:57,842 INFO train time: 679.251
2018-11-30 02:08:57,842 INFO train loss: 0.106
2018-11-30 02:08:57,842 INFO train accuracy: 0.980
2018-11-30 02:08:57,843 INFO train precision: 0.992
2018-11-30 02:08:57,843 INFO train recall: 0.988
2018-11-30 02:08:57,843 INFO train F1: 0.990
2018-11-30 02:08:57,847 INFO Evaluating...
2018-11-30 02:09:37,148 INFO valid time: 39.301
2018-11-30 02:09:37,149 INFO valid loss: 0.666
2018-11-30 02:09:37,149 INFO valid accuracy: 0.810
2018-11-30 02:09:37,149 INFO valid precision: 0.905
2018-11-30 02:09:37,149 INFO valid recall: 0.911
2018-11-30 02:09:37,149 INFO valid F1: 0.908
2018-11-30 02:09:37,312 INFO Epoch 22:
2018-11-30 02:09:37,313 INFO Training...
2018-11-30 02:20:32,418 INFO train time: 655.104
2018-11-30 02:20:32,419 INFO train loss: 0.095
2018-11-30 02:20:32,419 INFO train accuracy: 0.983
2018-11-30 02:20:32,419 INFO train precision: 0.993
2018-11-30 02:20:32,419 INFO train recall: 0.989
2018-11-30 02:20:32,419 INFO train F1: 0.991
2018-11-30 02:20:32,424 INFO Evaluating...
2018-11-30 02:21:09,844 INFO valid time: 37.420
2018-11-30 02:21:09,844 INFO valid loss: 0.673
2018-11-30 02:21:09,844 INFO valid accuracy: 0.812
2018-11-30 02:21:09,845 INFO valid precision: 0.907
2018-11-30 02:21:09,845 INFO valid recall: 0.904
2018-11-30 02:21:09,845 INFO valid F1: 0.906
2018-11-30 02:21:09,997 INFO Epoch 23:
2018-11-30 02:21:09,998 INFO Training...
2018-11-30 02:32:08,668 INFO train time: 658.670
2018-11-30 02:32:08,668 INFO train loss: 0.085
2018-11-30 02:32:08,668 INFO train accuracy: 0.987
2018-11-30 02:32:08,668 INFO train precision: 0.995
2018-11-30 02:32:08,669 INFO train recall: 0.991
2018-11-30 02:32:08,669 INFO train F1: 0.993
2018-11-30 02:32:08,673 INFO Evaluating...
2018-11-30 02:32:51,547 INFO valid time: 42.874
2018-11-30 02:32:51,548 INFO valid loss: 0.682
2018-11-30 02:32:51,548 INFO valid accuracy: 0.812
2018-11-30 02:32:51,548 INFO valid precision: 0.908
2018-11-30 02:32:51,548 INFO valid recall: 0.905
2018-11-30 02:32:51,548 INFO valid F1: 0.906
2018-11-30 02:32:51,747 INFO Epoch 24:
2018-11-30 02:32:51,748 INFO Training...
2018-11-30 02:44:47,164 INFO train time: 715.415
2018-11-30 02:44:47,165 INFO train loss: 0.076
2018-11-30 02:44:47,165 INFO train accuracy: 0.988
2018-11-30 02:44:47,165 INFO train precision: 0.995
2018-11-30 02:44:47,165 INFO train recall: 0.992
2018-11-30 02:44:47,166 INFO train F1: 0.994
2018-11-30 02:44:47,172 INFO Evaluating...
2018-11-30 02:45:30,020 INFO valid time: 42.848
2018-11-30 02:45:30,021 INFO valid loss: 0.691
2018-11-30 02:45:30,021 INFO valid accuracy: 0.815
2018-11-30 02:45:30,021 INFO valid precision: 0.911
2018-11-30 02:45:30,021 INFO valid recall: 0.905
2018-11-30 02:45:30,021 INFO valid F1: 0.908
2018-11-30 02:45:30,219 INFO Epoch 25:
2018-11-30 02:45:30,221 INFO Training...
2018-11-30 02:57:09,223 INFO train time: 699.002
2018-11-30 02:57:09,223 INFO train loss: 0.069
2018-11-30 02:57:09,224 INFO train accuracy: 0.990
2018-11-30 02:57:09,224 INFO train precision: 0.996
2018-11-30 02:57:09,224 INFO train recall: 0.993
2018-11-30 02:57:09,224 INFO train F1: 0.994
2018-11-30 02:57:09,230 INFO Evaluating...
2018-11-30 02:57:51,485 INFO valid time: 42.255
2018-11-30 02:57:51,486 INFO valid loss: 0.701
2018-11-30 02:57:51,486 INFO valid accuracy: 0.814
2018-11-30 02:57:51,486 INFO valid precision: 0.909
2018-11-30 02:57:51,487 INFO valid recall: 0.909
2018-11-30 02:57:51,487 INFO valid F1: 0.909
2018-11-30 02:57:51,667 INFO Epoch 26:
2018-11-30 02:57:51,669 INFO Training...
2018-11-30 03:09:47,961 INFO train time: 716.291
2018-11-30 03:09:47,962 INFO train loss: 0.063
2018-11-30 03:09:47,962 INFO train accuracy: 0.991
2018-11-30 03:09:47,963 INFO train precision: 0.996
2018-11-30 03:09:47,963 INFO train recall: 0.993
2018-11-30 03:09:47,963 INFO train F1: 0.995
2018-11-30 03:09:47,969 INFO Evaluating...
2018-11-30 03:10:30,367 INFO valid time: 42.397
2018-11-30 03:10:30,367 INFO valid loss: 0.720
2018-11-30 03:10:30,368 INFO valid accuracy: 0.812
2018-11-30 03:10:30,368 INFO valid precision: 0.901
2018-11-30 03:10:30,369 INFO valid recall: 0.915
2018-11-30 03:10:30,369 INFO valid F1: 0.908
2018-11-30 03:10:30,551 INFO Epoch 27:
2018-11-30 03:10:30,553 INFO Training...
2018-11-30 03:22:06,617 INFO train time: 696.064
2018-11-30 03:22:06,617 INFO train loss: 0.058
2018-11-30 03:22:06,617 INFO train accuracy: 0.992
2018-11-30 03:22:06,617 INFO train precision: 0.997
2018-11-30 03:22:06,618 INFO train recall: 0.994
2018-11-30 03:22:06,618 INFO train F1: 0.995
2018-11-30 03:22:06,621 INFO Evaluating...
2018-11-30 03:22:48,698 INFO valid time: 42.076
2018-11-30 03:22:48,698 INFO valid loss: 0.743
2018-11-30 03:22:48,699 INFO valid accuracy: 0.810
2018-11-30 03:22:48,699 INFO valid precision: 0.896
2018-11-30 03:22:48,699 INFO valid recall: 0.920
2018-11-30 03:22:48,699 INFO valid F1: 0.908
2018-11-30 03:22:48,882 INFO Epoch 28:
2018-11-30 03:22:48,884 INFO Training...
2018-11-30 03:33:41,331 INFO train time: 652.447
2018-11-30 03:33:41,332 INFO train loss: 0.055
2018-11-30 03:33:41,333 INFO train accuracy: 0.992
2018-11-30 03:33:41,333 INFO train precision: 0.996
2018-11-30 03:33:41,333 INFO train recall: 0.994
2018-11-30 03:33:41,333 INFO train F1: 0.995
2018-11-30 03:33:41,338 INFO Evaluating...
2018-11-30 03:34:17,378 INFO valid time: 36.040
2018-11-30 03:34:17,378 INFO valid loss: 0.776
2018-11-30 03:34:17,378 INFO valid accuracy: 0.807
2018-11-30 03:34:17,379 INFO valid precision: 0.886
2018-11-30 03:34:17,379 INFO valid recall: 0.933
2018-11-30 03:34:17,379 INFO valid F1: 0.909
2018-11-30 03:34:17,548 INFO Epoch 29:
2018-11-30 03:34:17,550 INFO Training...
2018-11-30 03:44:44,799 INFO train time: 627.249
2018-11-30 03:44:44,799 INFO train loss: 0.053
2018-11-30 03:44:44,799 INFO train accuracy: 0.992
2018-11-30 03:44:44,799 INFO train precision: 0.996
2018-11-30 03:44:44,800 INFO train recall: 0.994
2018-11-30 03:44:44,800 INFO train F1: 0.995
2018-11-30 03:44:44,803 INFO Evaluating...
2018-11-30 03:45:24,706 INFO valid time: 39.902
2018-11-30 03:45:24,706 INFO valid loss: 0.810
2018-11-30 03:45:24,706 INFO valid accuracy: 0.803
2018-11-30 03:45:24,707 INFO valid precision: 0.877
2018-11-30 03:45:24,707 INFO valid recall: 0.941
2018-11-30 03:45:24,707 INFO valid F1: 0.908
2018-11-30 03:45:24,861 INFO Epoch 30:
2018-11-30 03:45:24,862 INFO Training...
2018-11-30 03:56:51,104 INFO train time: 686.242
2018-11-30 03:56:51,105 INFO train loss: 0.049
2018-11-30 03:56:51,105 INFO train accuracy: 0.992
2018-11-30 03:56:51,105 INFO train precision: 0.996
2018-11-30 03:56:51,105 INFO train recall: 0.994
2018-11-30 03:56:51,105 INFO train F1: 0.995
2018-11-30 03:56:51,109 INFO Evaluating...
2018-11-30 03:57:31,137 INFO valid time: 40.028
2018-11-30 03:57:31,138 INFO valid loss: 0.795
2018-11-30 03:57:31,138 INFO valid accuracy: 0.811
2018-11-30 03:57:31,138 INFO valid precision: 0.889
2018-11-30 03:57:31,138 INFO valid recall: 0.933
2018-11-30 03:57:31,138 INFO valid F1: 0.911
2018-11-30 03:57:31,318 INFO Epoch 31:
2018-11-30 03:57:31,319 INFO Training...
2018-11-30 04:08:39,502 INFO train time: 668.182
2018-11-30 04:08:39,502 INFO train loss: 0.043
2018-11-30 04:08:39,502 INFO train accuracy: 0.994
2018-11-30 04:08:39,503 INFO train precision: 0.997
2018-11-30 04:08:39,503 INFO train recall: 0.996
2018-11-30 04:08:39,503 INFO train F1: 0.997
2018-11-30 04:08:39,506 INFO Evaluating...
2018-11-30 04:09:19,447 INFO valid time: 39.941
2018-11-30 04:09:19,448 INFO valid loss: 0.776
2018-11-30 04:09:19,448 INFO valid accuracy: 0.822
2018-11-30 04:09:19,448 INFO valid precision: 0.908
2018-11-30 04:09:19,448 INFO valid recall: 0.918
2018-11-30 04:09:19,448 INFO valid F1: 0.913
2018-11-30 04:09:19,630 INFO Epoch 32:
2018-11-30 04:09:19,631 INFO Training...
2018-11-30 04:20:24,706 INFO train time: 665.075
2018-11-30 04:20:24,707 INFO train loss: 0.037
2018-11-30 04:20:24,707 INFO train accuracy: 0.995
2018-11-30 04:20:24,707 INFO train precision: 0.998
2018-11-30 04:20:24,708 INFO train recall: 0.997
2018-11-30 04:20:24,708 INFO train F1: 0.997
2018-11-30 04:20:24,713 INFO Evaluating...
2018-11-30 04:21:04,325 INFO valid time: 39.611
2018-11-30 04:21:04,325 INFO valid loss: 0.774
2018-11-30 04:21:04,325 INFO valid accuracy: 0.827
2018-11-30 04:21:04,326 INFO valid precision: 0.930
2018-11-30 04:21:04,326 INFO valid recall: 0.897
2018-11-30 04:21:04,326 INFO valid F1: 0.914
2018-11-30 04:21:04,522 INFO Epoch 33:
2018-11-30 04:21:04,523 INFO Training...
2018-11-30 04:32:14,026 INFO train time: 669.502
2018-11-30 04:32:14,026 INFO train loss: 0.034
2018-11-30 04:32:14,027 INFO train accuracy: 0.996
2018-11-30 04:32:14,027 INFO train precision: 0.998
2018-11-30 04:32:14,027 INFO train recall: 0.997
2018-11-30 04:32:14,027 INFO train F1: 0.998
2018-11-30 04:32:14,032 INFO Evaluating...
2018-11-30 04:32:53,602 INFO valid time: 39.570
2018-11-30 04:32:53,602 INFO valid loss: 0.803
2018-11-30 04:32:53,602 INFO valid accuracy: 0.826
2018-11-30 04:32:53,602 INFO valid precision: 0.941
2018-11-30 04:32:53,602 INFO valid recall: 0.880
2018-11-30 04:32:53,603 INFO valid F1: 0.910
2018-11-30 04:32:53,819 INFO Epoch 34:
2018-11-30 04:32:53,820 INFO Training...
2018-11-30 04:43:57,289 INFO train time: 663.469
2018-11-30 04:43:57,290 INFO train loss: 0.031
2018-11-30 04:43:57,290 INFO train accuracy: 0.996
2018-11-30 04:43:57,290 INFO train precision: 0.998
2018-11-30 04:43:57,290 INFO train recall: 0.997
2018-11-30 04:43:57,290 INFO train F1: 0.998
2018-11-30 04:43:57,294 INFO Evaluating...
2018-11-30 04:44:36,731 INFO valid time: 39.437
2018-11-30 04:44:36,732 INFO valid loss: 0.805
2018-11-30 04:44:36,732 INFO valid accuracy: 0.823
2018-11-30 04:44:36,732 INFO valid precision: 0.938
2018-11-30 04:44:36,732 INFO valid recall: 0.875
2018-11-30 04:44:36,733 INFO valid F1: 0.906
2018-11-30 04:44:36,925 INFO Epoch 35:
2018-11-30 04:44:36,926 INFO Training...
2018-11-30 04:55:46,312 INFO train time: 669.385
2018-11-30 04:55:46,312 INFO train loss: 0.029
2018-11-30 04:55:46,312 INFO train accuracy: 0.997
2018-11-30 04:55:46,313 INFO train precision: 0.998
2018-11-30 04:55:46,313 INFO train recall: 0.997
2018-11-30 04:55:46,313 INFO train F1: 0.998
2018-11-30 04:55:46,317 INFO Evaluating...
2018-11-30 04:56:26,011 INFO valid time: 39.694
2018-11-30 04:56:26,012 INFO valid loss: 0.800
2018-11-30 04:56:26,012 INFO valid accuracy: 0.824
2018-11-30 04:56:26,012 INFO valid precision: 0.937
2018-11-30 04:56:26,012 INFO valid recall: 0.884
2018-11-30 04:56:26,012 INFO valid F1: 0.910
2018-11-30 04:56:26,170 INFO Epoch 36:
2018-11-30 04:56:26,171 INFO Training...
2018-11-30 05:07:46,519 INFO train time: 680.347
2018-11-30 05:07:46,519 INFO train loss: 0.024
2018-11-30 05:07:46,519 INFO train accuracy: 0.997
2018-11-30 05:07:46,519 INFO train precision: 0.999
2018-11-30 05:07:46,519 INFO train recall: 0.998
2018-11-30 05:07:46,519 INFO train F1: 0.998
2018-11-30 05:07:46,524 INFO Evaluating...
2018-11-30 05:08:25,709 INFO valid time: 39.185
2018-11-30 05:08:25,709 INFO valid loss: 0.807
2018-11-30 05:08:25,710 INFO valid accuracy: 0.827
2018-11-30 05:08:25,710 INFO valid precision: 0.936
2018-11-30 05:08:25,710 INFO valid recall: 0.888
2018-11-30 05:08:25,710 INFO valid F1: 0.912
2018-11-30 05:08:25,866 INFO Epoch 37:
2018-11-30 05:08:25,867 INFO Training...
2018-11-30 05:19:30,660 INFO train time: 664.793
2018-11-30 05:19:30,660 INFO train loss: 0.021
2018-11-30 05:19:30,660 INFO train accuracy: 0.999
2018-11-30 05:19:30,661 INFO train precision: 0.999
2018-11-30 05:19:30,661 INFO train recall: 0.999
2018-11-30 05:19:30,661 INFO train F1: 0.999
2018-11-30 05:19:30,665 INFO Evaluating...
2018-11-30 05:20:10,283 INFO valid time: 39.618
2018-11-30 05:20:10,283 INFO valid loss: 0.817
2018-11-30 05:20:10,283 INFO valid accuracy: 0.828
2018-11-30 05:20:10,283 INFO valid precision: 0.936
2018-11-30 05:20:10,284 INFO valid recall: 0.892
2018-11-30 05:20:10,284 INFO valid F1: 0.913
2018-11-30 05:20:10,455 INFO Epoch 38:
2018-11-30 05:20:10,456 INFO Training...
2018-11-30 05:30:58,141 INFO train time: 647.685
2018-11-30 05:30:58,142 INFO train loss: 0.018
2018-11-30 05:30:58,142 INFO train accuracy: 0.999
2018-11-30 05:30:58,142 INFO train precision: 0.999
2018-11-30 05:30:58,142 INFO train recall: 0.999
2018-11-30 05:30:58,142 INFO train F1: 0.999
2018-11-30 05:30:58,146 INFO Evaluating...
2018-11-30 05:31:35,526 INFO valid time: 37.380
2018-11-30 05:31:35,527 INFO valid loss: 0.821
2018-11-30 05:31:35,527 INFO valid accuracy: 0.827
2018-11-30 05:31:35,527 INFO valid precision: 0.934
2018-11-30 05:31:35,528 INFO valid recall: 0.897
2018-11-30 05:31:35,528 INFO valid F1: 0.915
2018-11-30 05:31:35,686 INFO Epoch 39:
2018-11-30 05:31:35,687 INFO Training...
2018-11-30 05:42:55,974 INFO train time: 680.287
2018-11-30 05:42:55,975 INFO train loss: 0.016
2018-11-30 05:42:55,976 INFO train accuracy: 0.999
2018-11-30 05:42:55,976 INFO train precision: 1.000
2018-11-30 05:42:55,976 INFO train recall: 0.999
2018-11-30 05:42:55,977 INFO train F1: 0.999
2018-11-30 05:42:55,983 INFO Evaluating...
2018-11-30 05:43:36,560 INFO valid time: 40.577
2018-11-30 05:43:36,560 INFO valid loss: 0.827
2018-11-30 05:43:36,560 INFO valid accuracy: 0.827
2018-11-30 05:43:36,560 INFO valid precision: 0.930
2018-11-30 05:43:36,561 INFO valid recall: 0.905
2018-11-30 05:43:36,561 INFO valid F1: 0.917
2018-11-30 05:43:36,723 INFO Epoch 40:
2018-11-30 05:43:36,725 INFO Training...
2018-11-30 05:55:07,820 INFO train time: 691.095
2018-11-30 05:55:07,820 INFO train loss: 0.041
2018-11-30 05:55:07,820 INFO train accuracy: 0.994
2018-11-30 05:55:07,820 INFO train precision: 0.997
2018-11-30 05:55:07,820 INFO train recall: 0.997
2018-11-30 05:55:07,821 INFO train F1: 0.997
2018-11-30 05:55:07,825 INFO Evaluating...
2018-11-30 05:55:48,298 INFO valid time: 40.473
2018-11-30 05:55:48,298 INFO valid loss: 0.840
2018-11-30 05:55:48,299 INFO valid accuracy: 0.822
2018-11-30 05:55:48,299 INFO valid precision: 0.924
2018-11-30 05:55:48,299 INFO valid recall: 0.904
2018-11-30 05:55:48,299 INFO valid F1: 0.914
2018-11-30 05:55:48,476 INFO Epoch 41:
2018-11-30 05:55:48,477 INFO Training...
2018-11-30 06:07:26,624 INFO train time: 698.147
2018-11-30 06:07:26,625 INFO train loss: 0.030
2018-11-30 06:07:26,625 INFO train accuracy: 0.995
2018-11-30 06:07:26,625 INFO train precision: 0.997
2018-11-30 06:07:26,625 INFO train recall: 0.997
2018-11-30 06:07:26,625 INFO train F1: 0.997
2018-11-30 06:07:26,631 INFO Evaluating...
2018-11-30 06:08:07,092 INFO valid time: 40.461
2018-11-30 06:08:07,092 INFO valid loss: 0.826
2018-11-30 06:08:07,093 INFO valid accuracy: 0.831
2018-11-30 06:08:07,093 INFO valid precision: 0.931
2018-11-30 06:08:07,093 INFO valid recall: 0.904
2018-11-30 06:08:07,093 INFO valid F1: 0.917
2018-11-30 06:08:07,277 INFO Epoch 42:
2018-11-30 06:08:07,278 INFO Training...
2018-11-30 06:19:28,184 INFO train time: 680.905
2018-11-30 06:19:28,184 INFO train loss: 0.018
2018-11-30 06:19:28,184 INFO train accuracy: 0.998
2018-11-30 06:19:28,185 INFO train precision: 0.999
2018-11-30 06:19:28,185 INFO train recall: 0.999
2018-11-30 06:19:28,185 INFO train F1: 0.999
2018-11-30 06:19:28,190 INFO Evaluating...
2018-11-30 06:20:08,715 INFO valid time: 40.524
2018-11-30 06:20:08,715 INFO valid loss: 0.821
2018-11-30 06:20:08,715 INFO valid accuracy: 0.832
2018-11-30 06:20:08,715 INFO valid precision: 0.931
2018-11-30 06:20:08,716 INFO valid recall: 0.907
2018-11-30 06:20:08,716 INFO valid F1: 0.919
2018-11-30 06:20:08,873 INFO Epoch 43:
2018-11-30 06:20:08,874 INFO Training...
2018-11-30 06:31:23,044 INFO train time: 674.169
2018-11-30 06:31:23,044 INFO train loss: 0.013
2018-11-30 06:31:23,044 INFO train accuracy: 0.999
2018-11-30 06:31:23,044 INFO train precision: 1.000
2018-11-30 06:31:23,045 INFO train recall: 0.999
2018-11-30 06:31:23,045 INFO train F1: 0.999
2018-11-30 06:31:23,049 INFO Evaluating...
2018-11-30 06:32:03,899 INFO valid time: 40.849
2018-11-30 06:32:03,899 INFO valid loss: 0.825
2018-11-30 06:32:03,899 INFO valid accuracy: 0.831
2018-11-30 06:32:03,899 INFO valid precision: 0.930
2018-11-30 06:32:03,899 INFO valid recall: 0.907
2018-11-30 06:32:03,900 INFO valid F1: 0.918
2018-11-30 06:32:04,056 INFO Epoch 44:
2018-11-30 06:32:04,057 INFO Training...
2018-11-30 06:43:37,931 INFO train time: 693.873
2018-11-30 06:43:37,931 INFO train loss: 0.011
2018-11-30 06:43:37,931 INFO train accuracy: 0.999
2018-11-30 06:43:37,932 INFO train precision: 1.000
2018-11-30 06:43:37,932 INFO train recall: 0.999
2018-11-30 06:43:37,932 INFO train F1: 1.000
2018-11-30 06:43:37,936 INFO Evaluating...
2018-11-30 06:44:18,392 INFO valid time: 40.456
2018-11-30 06:44:18,393 INFO valid loss: 0.823
2018-11-30 06:44:18,393 INFO valid accuracy: 0.833
2018-11-30 06:44:18,393 INFO valid precision: 0.929
2018-11-30 06:44:18,394 INFO valid recall: 0.909
2018-11-30 06:44:18,394 INFO valid F1: 0.919
2018-11-30 06:44:18,592 INFO Epoch 45:
2018-11-30 06:44:18,593 INFO Training...
2018-11-30 06:55:42,472 INFO train time: 683.879
2018-11-30 06:55:42,472 INFO train loss: 0.010
2018-11-30 06:55:42,473 INFO train accuracy: 1.000
2018-11-30 06:55:42,473 INFO train precision: 1.000
2018-11-30 06:55:42,473 INFO train recall: 1.000
2018-11-30 06:55:42,473 INFO train F1: 1.000
2018-11-30 06:55:42,478 INFO Evaluating...
2018-11-30 06:56:22,058 INFO valid time: 39.579
2018-11-30 06:56:22,058 INFO valid loss: 0.830
2018-11-30 06:56:22,058 INFO valid accuracy: 0.835
2018-11-30 06:56:22,059 INFO valid precision: 0.930
2018-11-30 06:56:22,059 INFO valid recall: 0.909
2018-11-30 06:56:22,059 INFO valid F1: 0.920
2018-11-30 06:56:22,225 INFO Epoch 46:
2018-11-30 06:56:22,226 INFO Training...
2018-11-30 07:07:28,224 INFO train time: 665.998
2018-11-30 07:07:28,225 INFO train loss: 0.009
2018-11-30 07:07:28,225 INFO train accuracy: 1.000
2018-11-30 07:07:28,225 INFO train precision: 1.000
2018-11-30 07:07:28,225 INFO train recall: 1.000
2018-11-30 07:07:28,226 INFO train F1: 1.000
2018-11-30 07:07:28,231 INFO Evaluating...
2018-11-30 07:08:07,564 INFO valid time: 39.333
2018-11-30 07:08:07,564 INFO valid loss: 0.836
2018-11-30 07:08:07,565 INFO valid accuracy: 0.834
2018-11-30 07:08:07,565 INFO valid precision: 0.927
2018-11-30 07:08:07,565 INFO valid recall: 0.911
2018-11-30 07:08:07,566 INFO valid F1: 0.919
2018-11-30 07:08:07,721 INFO Epoch 47:
2018-11-30 07:08:07,722 INFO Training...
2018-11-30 07:19:22,752 INFO train time: 675.029
2018-11-30 07:19:22,752 INFO train loss: 0.008
2018-11-30 07:19:22,752 INFO train accuracy: 1.000
2018-11-30 07:19:22,752 INFO train precision: 1.000
2018-11-30 07:19:22,753 INFO train recall: 1.000
2018-11-30 07:19:22,753 INFO train F1: 1.000
2018-11-30 07:19:22,758 INFO Evaluating...
2018-11-30 07:20:02,349 INFO valid time: 39.592
2018-11-30 07:20:02,350 INFO valid loss: 0.843
2018-11-30 07:20:02,350 INFO valid accuracy: 0.833
2018-11-30 07:20:02,350 INFO valid precision: 0.923
2018-11-30 07:20:02,350 INFO valid recall: 0.915
2018-11-30 07:20:02,350 INFO valid F1: 0.919
2018-11-30 07:20:02,503 INFO Epoch 48:
2018-11-30 07:20:02,504 INFO Training...
2018-11-30 07:31:06,327 INFO train time: 663.823
2018-11-30 07:31:06,328 INFO train loss: 0.007
2018-11-30 07:31:06,328 INFO train accuracy: 1.000
2018-11-30 07:31:06,328 INFO train precision: 1.000
2018-11-30 07:31:06,328 INFO train recall: 1.000
2018-11-30 07:31:06,328 INFO train F1: 1.000
2018-11-30 07:31:06,333 INFO Evaluating...
2018-11-30 07:31:46,129 INFO valid time: 39.795
2018-11-30 07:31:46,129 INFO valid loss: 0.847
2018-11-30 07:31:46,130 INFO valid accuracy: 0.833
2018-11-30 07:31:46,130 INFO valid precision: 0.922
2018-11-30 07:31:46,130 INFO valid recall: 0.916
2018-11-30 07:31:46,130 INFO valid F1: 0.919
2018-11-30 07:31:46,294 INFO Epoch 49:
2018-11-30 07:31:46,295 INFO Training...
2018-11-30 07:43:04,973 INFO train time: 678.677
2018-11-30 07:43:04,973 INFO train loss: 0.007
2018-11-30 07:43:04,973 INFO train accuracy: 1.000
2018-11-30 07:43:04,974 INFO train precision: 1.000
2018-11-30 07:43:04,974 INFO train recall: 1.000
2018-11-30 07:43:04,974 INFO train F1: 1.000
2018-11-30 07:43:04,978 INFO Evaluating...
2018-11-30 07:43:44,459 INFO valid time: 39.481
2018-11-30 07:43:44,460 INFO valid loss: 0.856
2018-11-30 07:43:44,460 INFO valid accuracy: 0.835
2018-11-30 07:43:44,460 INFO valid precision: 0.921
2018-11-30 07:43:44,460 INFO valid recall: 0.920
2018-11-30 07:43:44,461 INFO valid F1: 0.921
2018-11-30 07:43:44,633 INFO Epoch 50:
2018-11-30 07:43:44,634 INFO Training...
2018-11-30 07:54:44,530 INFO train time: 659.896
2018-11-30 07:54:44,530 INFO train loss: 0.006
2018-11-30 07:54:44,531 INFO train accuracy: 1.000
2018-11-30 07:54:44,531 INFO train precision: 1.000
2018-11-30 07:54:44,531 INFO train recall: 1.000
2018-11-30 07:54:44,531 INFO train F1: 1.000
2018-11-30 07:54:44,536 INFO Evaluating...
2018-11-30 07:55:23,934 INFO valid time: 39.398
2018-11-30 07:55:23,934 INFO valid loss: 0.861
2018-11-30 07:55:23,934 INFO valid accuracy: 0.835
2018-11-30 07:55:23,934 INFO valid precision: 0.922
2018-11-30 07:55:23,935 INFO valid recall: 0.918
2018-11-30 07:55:23,935 INFO valid F1: 0.920
2018-11-30 07:55:24,099 INFO Epoch 51:
2018-11-30 07:55:24,101 INFO Training...
2018-11-30 08:06:28,791 INFO train time: 664.690
2018-11-30 08:06:28,791 INFO train loss: 0.006
2018-11-30 08:06:28,792 INFO train accuracy: 1.000
2018-11-30 08:06:28,792 INFO train precision: 1.000
2018-11-30 08:06:28,792 INFO train recall: 1.000
2018-11-30 08:06:28,792 INFO train F1: 1.000
2018-11-30 08:06:28,798 INFO Evaluating...
2018-11-30 08:07:08,061 INFO valid time: 39.263
2018-11-30 08:07:08,062 INFO valid loss: 0.883
2018-11-30 08:07:08,062 INFO valid accuracy: 0.831
2018-11-30 08:07:08,062 INFO valid precision: 0.919
2018-11-30 08:07:08,062 INFO valid recall: 0.919
2018-11-30 08:07:08,062 INFO valid F1: 0.919
2018-11-30 08:07:08,235 INFO Epoch 52:
2018-11-30 08:07:08,236 INFO Training...
2018-11-30 08:18:08,611 INFO train time: 660.374
2018-11-30 08:18:08,611 INFO train loss: 0.006
2018-11-30 08:18:08,612 INFO train accuracy: 1.000
2018-11-30 08:18:08,612 INFO train precision: 1.000
2018-11-30 08:18:08,612 INFO train recall: 1.000
2018-11-30 08:18:08,612 INFO train F1: 1.000
2018-11-30 08:18:08,617 INFO Evaluating...
2018-11-30 08:18:48,506 INFO valid time: 39.889
2018-11-30 08:18:48,506 INFO valid loss: 0.893
2018-11-30 08:18:48,506 INFO valid accuracy: 0.831
2018-11-30 08:18:48,506 INFO valid precision: 0.919
2018-11-30 08:18:48,507 INFO valid recall: 0.922
2018-11-30 08:18:48,507 INFO valid F1: 0.920
2018-11-30 08:18:48,688 INFO Epoch 53:
2018-11-30 08:18:48,689 INFO Training...
2018-11-30 08:30:12,860 INFO train time: 684.171
2018-11-30 08:30:12,861 INFO train loss: 0.006
2018-11-30 08:30:12,861 INFO train accuracy: 1.000
2018-11-30 08:30:12,861 INFO train precision: 1.000
2018-11-30 08:30:12,861 INFO train recall: 1.000
2018-11-30 08:30:12,862 INFO train F1: 1.000
2018-11-30 08:30:12,866 INFO Evaluating...
2018-11-30 08:30:52,457 INFO valid time: 39.591
2018-11-30 08:30:52,458 INFO valid loss: 0.914
2018-11-30 08:30:52,458 INFO valid accuracy: 0.828
2018-11-30 08:30:52,458 INFO valid precision: 0.917
2018-11-30 08:30:52,458 INFO valid recall: 0.921
2018-11-30 08:30:52,458 INFO valid F1: 0.919
2018-11-30 08:30:52,624 INFO Epoch 54:
2018-11-30 08:30:52,625 INFO Training...
2018-11-30 08:41:50,367 INFO train time: 657.742
2018-11-30 08:41:50,367 INFO train loss: 0.006
2018-11-30 08:41:50,368 INFO train accuracy: 1.000
2018-11-30 08:41:50,368 INFO train precision: 1.000
2018-11-30 08:41:50,368 INFO train recall: 1.000
2018-11-30 08:41:50,368 INFO train F1: 1.000
2018-11-30 08:41:50,373 INFO Evaluating...
2018-11-30 08:42:29,786 INFO valid time: 39.413
2018-11-30 08:42:29,787 INFO valid loss: 0.919
2018-11-30 08:42:29,787 INFO valid accuracy: 0.831
2018-11-30 08:42:29,788 INFO valid precision: 0.921
2018-11-30 08:42:29,788 INFO valid recall: 0.920
2018-11-30 08:42:29,788 INFO valid F1: 0.920
2018-11-30 08:42:29,941 INFO Epoch 55:
2018-11-30 08:42:29,942 INFO Training...
2018-11-30 08:53:31,355 INFO train time: 661.413
2018-11-30 08:53:31,356 INFO train loss: 0.005
2018-11-30 08:53:31,356 INFO train accuracy: 1.000
2018-11-30 08:53:31,356 INFO train precision: 1.000
2018-11-30 08:53:31,356 INFO train recall: 1.000
2018-11-30 08:53:31,357 INFO train F1: 1.000
2018-11-30 08:53:31,361 INFO Evaluating...
2018-11-30 08:54:10,692 INFO valid time: 39.331
2018-11-30 08:54:10,692 INFO valid loss: 0.934
2018-11-30 08:54:10,693 INFO valid accuracy: 0.831
2018-11-30 08:54:10,693 INFO valid precision: 0.918
2018-11-30 08:54:10,693 INFO valid recall: 0.921
2018-11-30 08:54:10,693 INFO valid F1: 0.920
2018-11-30 08:54:10,857 INFO Epoch 56:
2018-11-30 08:54:10,858 INFO Training...
2018-11-30 09:05:13,894 INFO train time: 663.035
2018-11-30 09:05:13,894 INFO train loss: 0.010
2018-11-30 09:05:13,894 INFO train accuracy: 0.998
2018-11-30 09:05:13,894 INFO train precision: 0.999
2018-11-30 09:05:13,894 INFO train recall: 0.999
2018-11-30 09:05:13,895 INFO train F1: 0.999
2018-11-30 09:05:13,899 INFO Evaluating...
2018-11-30 09:05:53,503 INFO valid time: 39.604
2018-11-30 09:05:53,503 INFO valid loss: 1.017
2018-11-30 09:05:53,503 INFO valid accuracy: 0.818
2018-11-30 09:05:53,503 INFO valid precision: 0.926
2018-11-30 09:05:53,504 INFO valid recall: 0.885
2018-11-30 09:05:53,504 INFO valid F1: 0.905
2018-11-30 09:05:53,678 INFO Epoch 57:
2018-11-30 09:05:53,679 INFO Training...
2018-11-30 09:16:47,516 INFO train time: 653.836
2018-11-30 09:16:47,516 INFO train loss: 0.056
2018-11-30 09:16:47,516 INFO train accuracy: 0.985
2018-11-30 09:16:47,517 INFO train precision: 0.992
2018-11-30 09:16:47,517 INFO train recall: 0.991
2018-11-30 09:16:47,517 INFO train F1: 0.992
2018-11-30 09:16:47,521 INFO Evaluating...
2018-11-30 09:17:27,022 INFO valid time: 39.500
2018-11-30 09:17:27,022 INFO valid loss: 1.011
2018-11-30 09:17:27,022 INFO valid accuracy: 0.826
2018-11-30 09:17:27,023 INFO valid precision: 0.931
2018-11-30 09:17:27,023 INFO valid recall: 0.901
2018-11-30 09:17:27,023 INFO valid F1: 0.916
2018-11-30 09:17:27,185 INFO Epoch 58:
2018-11-30 09:17:27,186 INFO Training...
2018-11-30 09:28:26,905 INFO train time: 659.719
2018-11-30 09:28:26,906 INFO train loss: 0.014
2018-11-30 09:28:26,906 INFO train accuracy: 0.998
2018-11-30 09:28:26,906 INFO train precision: 0.999
2018-11-30 09:28:26,906 INFO train recall: 0.999
2018-11-30 09:28:26,906 INFO train F1: 0.999
2018-11-30 09:28:26,912 INFO Evaluating...
2018-11-30 09:29:06,819 INFO valid time: 39.907
2018-11-30 09:29:06,819 INFO valid loss: 0.931
2018-11-30 09:29:06,819 INFO valid accuracy: 0.835
2018-11-30 09:29:06,820 INFO valid precision: 0.921
2018-11-30 09:29:06,820 INFO valid recall: 0.923
2018-11-30 09:29:06,820 INFO valid F1: 0.922
2018-11-30 09:29:06,983 INFO Epoch 59:
2018-11-30 09:29:06,985 INFO Training...
2018-11-30 09:40:27,853 INFO train time: 680.868
2018-11-30 09:40:27,853 INFO train loss: 0.007
2018-11-30 09:40:27,853 INFO train accuracy: 1.000
2018-11-30 09:40:27,854 INFO train precision: 1.000
2018-11-30 09:40:27,854 INFO train recall: 1.000
2018-11-30 09:40:27,854 INFO train F1: 1.000
2018-11-30 09:40:27,858 INFO Evaluating...
2018-11-30 09:41:07,709 INFO valid time: 39.850
2018-11-30 09:41:07,709 INFO valid loss: 0.933
2018-11-30 09:41:07,709 INFO valid accuracy: 0.834
2018-11-30 09:41:07,710 INFO valid precision: 0.925
2018-11-30 09:41:07,710 INFO valid recall: 0.913
2018-11-30 09:41:07,710 INFO valid F1: 0.919
2018-11-30 09:41:07,870 INFO Epoch 60:
2018-11-30 09:41:07,871 INFO Training...
2018-11-30 09:52:28,023 INFO train time: 680.151
2018-11-30 09:52:28,023 INFO train loss: 0.006
2018-11-30 09:52:28,023 INFO train accuracy: 1.000
2018-11-30 09:52:28,023 INFO train precision: 1.000
2018-11-30 09:52:28,024 INFO train recall: 1.000
2018-11-30 09:52:28,024 INFO train F1: 1.000
2018-11-30 09:52:28,028 INFO Evaluating...
2018-11-30 09:53:07,706 INFO valid time: 39.678
2018-11-30 09:53:07,707 INFO valid loss: 0.922
2018-11-30 09:53:07,707 INFO valid accuracy: 0.836
2018-11-30 09:53:07,707 INFO valid precision: 0.925
2018-11-30 09:53:07,707 INFO valid recall: 0.917
2018-11-30 09:53:07,707 INFO valid F1: 0.921
2018-11-30 09:53:07,885 INFO Epoch 61:
2018-11-30 09:53:07,886 INFO Training...
2018-11-30 10:04:22,063 INFO train time: 674.177
2018-11-30 10:04:22,063 INFO train loss: 0.005
2018-11-30 10:04:22,064 INFO train accuracy: 1.000
2018-11-30 10:04:22,064 INFO train precision: 1.000
2018-11-30 10:04:22,064 INFO train recall: 1.000
2018-11-30 10:04:22,064 INFO train F1: 1.000
2018-11-30 10:04:22,069 INFO Evaluating...
2018-11-30 10:05:01,695 INFO valid time: 39.626
2018-11-30 10:05:01,695 INFO valid loss: 0.922
2018-11-30 10:05:01,695 INFO valid accuracy: 0.837
2018-11-30 10:05:01,696 INFO valid precision: 0.929
2018-11-30 10:05:01,696 INFO valid recall: 0.915
2018-11-30 10:05:01,696 INFO valid F1: 0.922
2018-11-30 10:05:01,865 INFO Epoch 62:
2018-11-30 10:05:01,868 INFO Training...
2018-11-30 10:16:17,443 INFO train time: 675.574
2018-11-30 10:16:17,443 INFO train loss: 0.005
2018-11-30 10:16:17,443 INFO train accuracy: 1.000
2018-11-30 10:16:17,443 INFO train precision: 1.000
2018-11-30 10:16:17,444 INFO train recall: 1.000
2018-11-30 10:16:17,444 INFO train F1: 1.000
2018-11-30 10:16:17,448 INFO Evaluating...
2018-11-30 10:16:57,543 INFO valid time: 40.095
2018-11-30 10:16:57,544 INFO valid loss: 0.926
2018-11-30 10:16:57,544 INFO valid accuracy: 0.838
2018-11-30 10:16:57,544 INFO valid precision: 0.931
2018-11-30 10:16:57,544 INFO valid recall: 0.912
2018-11-30 10:16:57,544 INFO valid F1: 0.922
2018-11-30 10:16:57,703 INFO Epoch 63:
2018-11-30 10:16:57,704 INFO Training...
2018-11-30 10:28:02,854 INFO train time: 665.150
2018-11-30 10:28:02,855 INFO train loss: 0.005
2018-11-30 10:28:02,855 INFO train accuracy: 1.000
2018-11-30 10:28:02,855 INFO train precision: 1.000
2018-11-30 10:28:02,855 INFO train recall: 1.000
2018-11-30 10:28:02,855 INFO train F1: 1.000
2018-11-30 10:28:02,859 INFO Evaluating...
2018-11-30 10:28:42,593 INFO valid time: 39.733
2018-11-30 10:28:42,593 INFO valid loss: 0.929
2018-11-30 10:28:42,594 INFO valid accuracy: 0.838
2018-11-30 10:28:42,594 INFO valid precision: 0.930
2018-11-30 10:28:42,594 INFO valid recall: 0.912
2018-11-30 10:28:42,594 INFO valid F1: 0.921
2018-11-30 10:28:42,751 INFO Epoch 64:
2018-11-30 10:28:42,754 INFO Training...
2018-11-30 10:39:42,372 INFO train time: 659.618
2018-11-30 10:39:42,373 INFO train loss: 0.005
2018-11-30 10:39:42,373 INFO train accuracy: 1.000
2018-11-30 10:39:42,374 INFO train precision: 1.000
2018-11-30 10:39:42,374 INFO train recall: 1.000
2018-11-30 10:39:42,374 INFO train F1: 1.000
2018-11-30 10:39:42,378 INFO Evaluating...
2018-11-30 10:40:21,565 INFO valid time: 39.186
2018-11-30 10:40:21,565 INFO valid loss: 0.935
2018-11-30 10:40:21,565 INFO valid accuracy: 0.837
2018-11-30 10:40:21,566 INFO valid precision: 0.929
2018-11-30 10:40:21,566 INFO valid recall: 0.913
2018-11-30 10:40:21,566 INFO valid F1: 0.921
2018-11-30 10:40:21,721 INFO Epoch 65:
2018-11-30 10:40:21,722 INFO Training...
2018-11-30 10:51:19,944 INFO train time: 658.222
2018-11-30 10:51:19,944 INFO train loss: 0.004
2018-11-30 10:51:19,944 INFO train accuracy: 1.000
2018-11-30 10:51:19,944 INFO train precision: 1.000
2018-11-30 10:51:19,945 INFO train recall: 1.000
2018-11-30 10:51:19,945 INFO train F1: 1.000
2018-11-30 10:51:19,949 INFO Evaluating...
2018-11-30 10:52:00,425 INFO valid time: 40.476
2018-11-30 10:52:00,425 INFO valid loss: 0.941
2018-11-30 10:52:00,425 INFO valid accuracy: 0.837
2018-11-30 10:52:00,426 INFO valid precision: 0.929
2018-11-30 10:52:00,426 INFO valid recall: 0.913
2018-11-30 10:52:00,426 INFO valid F1: 0.921
2018-11-30 10:52:00,625 INFO Epoch 66:
2018-11-30 10:52:00,626 INFO Training...
2018-11-30 11:03:15,612 INFO train time: 674.985
2018-11-30 11:03:15,613 INFO train loss: 0.006
2018-11-30 11:03:15,614 INFO train accuracy: 1.000
2018-11-30 11:03:15,614 INFO train precision: 1.000
2018-11-30 11:03:15,614 INFO train recall: 1.000
2018-11-30 11:03:15,614 INFO train F1: 1.000
2018-11-30 11:03:15,623 INFO Evaluating...
2018-11-30 11:03:55,427 INFO valid time: 39.803
2018-11-30 11:03:55,427 INFO valid loss: 0.948
2018-11-30 11:03:55,427 INFO valid accuracy: 0.837
2018-11-30 11:03:55,428 INFO valid precision: 0.928
2018-11-30 11:03:55,428 INFO valid recall: 0.916
2018-11-30 11:03:55,428 INFO valid F1: 0.922
2018-11-30 11:03:55,598 INFO Epoch 67:
2018-11-30 11:03:55,599 INFO Training...
2018-11-30 11:15:14,091 INFO train time: 678.492
2018-11-30 11:15:14,092 INFO train loss: 0.005
2018-11-30 11:15:14,092 INFO train accuracy: 1.000
2018-11-30 11:15:14,092 INFO train precision: 1.000
2018-11-30 11:15:14,092 INFO train recall: 1.000
2018-11-30 11:15:14,093 INFO train F1: 1.000
2018-11-30 11:15:14,097 INFO Evaluating...
2018-11-30 11:15:54,106 INFO valid time: 40.009
2018-11-30 11:15:54,107 INFO valid loss: 0.959
2018-11-30 11:15:54,107 INFO valid accuracy: 0.836
2018-11-30 11:15:54,107 INFO valid precision: 0.927
2018-11-30 11:15:54,107 INFO valid recall: 0.916
2018-11-30 11:15:54,107 INFO valid F1: 0.921
2018-11-30 11:15:54,260 INFO Epoch 68:
2018-11-30 11:15:54,261 INFO Training...
2018-11-30 11:27:12,736 INFO train time: 678.474
2018-11-30 11:27:12,736 INFO train loss: 0.004
2018-11-30 11:27:12,736 INFO train accuracy: 1.000
2018-11-30 11:27:12,736 INFO train precision: 1.000
2018-11-30 11:27:12,736 INFO train recall: 1.000
2018-11-30 11:27:12,737 INFO train F1: 1.000
2018-11-30 11:27:12,741 INFO Evaluating...
2018-11-30 11:27:52,172 INFO valid time: 39.430
2018-11-30 11:27:52,172 INFO valid loss: 0.963
2018-11-30 11:27:52,172 INFO valid accuracy: 0.838
2018-11-30 11:27:52,173 INFO valid precision: 0.930
2018-11-30 11:27:52,173 INFO valid recall: 0.913
2018-11-30 11:27:52,173 INFO valid F1: 0.922
2018-11-30 11:27:52,362 INFO Epoch 69:
2018-11-30 11:27:52,363 INFO Training...
2018-11-30 11:39:08,495 INFO train time: 676.131
2018-11-30 11:39:08,495 INFO train loss: 0.004
2018-11-30 11:39:08,496 INFO train accuracy: 1.000
2018-11-30 11:39:08,496 INFO train precision: 1.000
2018-11-30 11:39:08,496 INFO train recall: 1.000
2018-11-30 11:39:08,496 INFO train F1: 1.000
2018-11-30 11:39:08,501 INFO Evaluating...
2018-11-30 11:39:48,284 INFO valid time: 39.782
2018-11-30 11:39:48,284 INFO valid loss: 0.968
2018-11-30 11:39:48,285 INFO valid accuracy: 0.836
2018-11-30 11:39:48,285 INFO valid precision: 0.926
2018-11-30 11:39:48,285 INFO valid recall: 0.917
2018-11-30 11:39:48,285 INFO valid F1: 0.921
2018-11-30 11:39:48,471 INFO Epoch 70:
2018-11-30 11:39:48,477 INFO Training...
2018-11-30 11:51:05,697 INFO train time: 677.220
2018-11-30 11:51:05,697 INFO train loss: 0.004
2018-11-30 11:51:05,697 INFO train accuracy: 1.000
2018-11-30 11:51:05,697 INFO train precision: 1.000
2018-11-30 11:51:05,697 INFO train recall: 1.000
2018-11-30 11:51:05,697 INFO train F1: 1.000
2018-11-30 11:51:05,701 INFO Evaluating...
2018-11-30 11:51:45,765 INFO valid time: 40.064
2018-11-30 11:51:45,766 INFO valid loss: 0.972
2018-11-30 11:51:45,766 INFO valid accuracy: 0.837
2018-11-30 11:51:45,766 INFO valid precision: 0.925
2018-11-30 11:51:45,766 INFO valid recall: 0.920
2018-11-30 11:51:45,766 INFO valid F1: 0.922
2018-11-30 11:51:45,941 INFO Epoch 71:
2018-11-30 11:51:45,942 INFO Training...
2018-11-30 12:03:07,889 INFO train time: 681.946
2018-11-30 12:03:07,889 INFO train loss: 0.010
2018-11-30 12:03:07,889 INFO train accuracy: 0.998
2018-11-30 12:03:07,889 INFO train precision: 0.999
2018-11-30 12:03:07,890 INFO train recall: 0.998
2018-11-30 12:03:07,890 INFO train F1: 0.999
2018-11-30 12:03:07,894 INFO Evaluating...
2018-11-30 12:03:47,568 INFO valid time: 39.673
2018-11-30 12:03:47,568 INFO valid loss: 1.207
2018-11-30 12:03:47,568 INFO valid accuracy: 0.798
2018-11-30 12:03:47,569 INFO valid precision: 0.876
2018-11-30 12:03:47,569 INFO valid recall: 0.946
2018-11-30 12:03:47,569 INFO valid F1: 0.909
2018-11-30 12:03:47,741 INFO Epoch 72:
2018-11-30 12:03:47,742 INFO Training...
2018-11-30 12:15:04,481 INFO train time: 676.738
2018-11-30 12:15:04,481 INFO train loss: 0.053
2018-11-30 12:15:04,481 INFO train accuracy: 0.986
2018-11-30 12:15:04,482 INFO train precision: 0.993
2018-11-30 12:15:04,482 INFO train recall: 0.992
2018-11-30 12:15:04,482 INFO train F1: 0.992
2018-11-30 12:15:04,486 INFO Evaluating...
2018-11-30 12:15:44,355 INFO valid time: 39.868
2018-11-30 12:15:44,355 INFO valid loss: 1.186
2018-11-30 12:15:44,355 INFO valid accuracy: 0.827
2018-11-30 12:15:44,355 INFO valid precision: 0.944
2018-11-30 12:15:44,355 INFO valid recall: 0.874
2018-11-30 12:15:44,356 INFO valid F1: 0.907
2018-11-30 12:15:44,525 INFO Epoch 73:
2018-11-30 12:15:44,526 INFO Training...
2018-11-30 12:27:06,069 INFO train time: 681.542
2018-11-30 12:27:06,069 INFO train loss: 0.011
2018-11-30 12:27:06,069 INFO train accuracy: 0.998
2018-11-30 12:27:06,070 INFO train precision: 0.999
2018-11-30 12:27:06,070 INFO train recall: 0.999
2018-11-30 12:27:06,070 INFO train F1: 0.999
2018-11-30 12:27:06,074 INFO Evaluating...
2018-11-30 12:27:46,137 INFO valid time: 40.063
2018-11-30 12:27:46,138 INFO valid loss: 1.008
2018-11-30 12:27:46,138 INFO valid accuracy: 0.837
2018-11-30 12:27:46,138 INFO valid precision: 0.929
2018-11-30 12:27:46,138 INFO valid recall: 0.913
2018-11-30 12:27:46,138 INFO valid F1: 0.921
2018-11-30 12:27:46,316 INFO Epoch 74:
2018-11-30 12:27:46,317 INFO Training...
2018-11-30 12:38:48,284 INFO train time: 661.967
2018-11-30 12:38:48,285 INFO train loss: 0.005
2018-11-30 12:38:48,285 INFO train accuracy: 1.000
2018-11-30 12:38:48,285 INFO train precision: 1.000
2018-11-30 12:38:48,286 INFO train recall: 1.000
2018-11-30 12:38:48,286 INFO train F1: 1.000
2018-11-30 12:38:48,290 INFO Evaluating...
2018-11-30 12:39:28,289 INFO valid time: 39.998
2018-11-30 12:39:28,289 INFO valid loss: 1.010
2018-11-30 12:39:28,289 INFO valid accuracy: 0.837
2018-11-30 12:39:28,289 INFO valid precision: 0.935
2018-11-30 12:39:28,289 INFO valid recall: 0.906
2018-11-30 12:39:28,289 INFO valid F1: 0.920
2018-11-30 12:39:28,452 INFO Epoch 75:
2018-11-30 12:39:28,453 INFO Training...
2018-11-30 12:50:45,460 INFO train time: 677.007
2018-11-30 12:50:45,461 INFO train loss: 0.003
2018-11-30 12:50:45,461 INFO train accuracy: 1.000
2018-11-30 12:50:45,461 INFO train precision: 1.000
2018-11-30 12:50:45,462 INFO train recall: 1.000
2018-11-30 12:50:45,462 INFO train F1: 1.000
2018-11-30 12:50:45,466 INFO Evaluating...
2018-11-30 12:51:25,042 INFO valid time: 39.575
2018-11-30 12:51:25,042 INFO valid loss: 1.005
2018-11-30 12:51:25,043 INFO valid accuracy: 0.838
2018-11-30 12:51:25,043 INFO valid precision: 0.934
2018-11-30 12:51:25,043 INFO valid recall: 0.909
2018-11-30 12:51:25,043 INFO valid F1: 0.921
2018-11-30 12:51:25,200 INFO Epoch 76:
2018-11-30 12:51:25,201 INFO Training...
2018-11-30 13:02:31,688 INFO train time: 666.486
2018-11-30 13:02:31,688 INFO train loss: 0.003
2018-11-30 13:02:31,688 INFO train accuracy: 1.000
2018-11-30 13:02:31,688 INFO train precision: 1.000
2018-11-30 13:02:31,689 INFO train recall: 1.000
2018-11-30 13:02:31,689 INFO train F1: 1.000
2018-11-30 13:02:31,693 INFO Evaluating...
2018-11-30 13:03:10,397 INFO valid time: 38.704
2018-11-30 13:03:10,398 INFO valid loss: 1.004
2018-11-30 13:03:10,398 INFO valid accuracy: 0.838
2018-11-30 13:03:10,398 INFO valid precision: 0.934
2018-11-30 13:03:10,398 INFO valid recall: 0.909
2018-11-30 13:03:10,398 INFO valid F1: 0.921
2018-11-30 13:03:10,556 INFO Epoch 77:
2018-11-30 13:03:10,557 INFO Training...
2018-11-30 13:14:27,534 INFO train time: 676.976
2018-11-30 13:14:27,534 INFO train loss: 0.002
2018-11-30 13:14:27,534 INFO train accuracy: 1.000
2018-11-30 13:14:27,535 INFO train precision: 1.000
2018-11-30 13:14:27,535 INFO train recall: 1.000
2018-11-30 13:14:27,535 INFO train F1: 1.000
2018-11-30 13:14:27,539 INFO Evaluating...
2018-11-30 13:15:06,961 INFO valid time: 39.422
2018-11-30 13:15:06,961 INFO valid loss: 1.004
2018-11-30 13:15:06,962 INFO valid accuracy: 0.838
2018-11-30 13:15:06,962 INFO valid precision: 0.934
2018-11-30 13:15:06,962 INFO valid recall: 0.909
2018-11-30 13:15:06,962 INFO valid F1: 0.921
2018-11-30 13:15:07,117 INFO Epoch 78:
2018-11-30 13:15:07,119 INFO Training...
2018-11-30 13:26:23,039 INFO train time: 675.920
2018-11-30 13:26:23,039 INFO train loss: 0.003
2018-11-30 13:26:23,039 INFO train accuracy: 1.000
2018-11-30 13:26:23,039 INFO train precision: 1.000
2018-11-30 13:26:23,039 INFO train recall: 1.000
2018-11-30 13:26:23,039 INFO train F1: 1.000
2018-11-30 13:26:23,043 INFO Evaluating...
2018-11-30 13:27:02,679 INFO valid time: 39.635
2018-11-30 13:27:02,679 INFO valid loss: 1.006
2018-11-30 13:27:02,680 INFO valid accuracy: 0.837
2018-11-30 13:27:02,680 INFO valid precision: 0.934
2018-11-30 13:27:02,680 INFO valid recall: 0.907
2018-11-30 13:27:02,680 INFO valid F1: 0.920
2018-11-30 13:27:02,844 INFO Epoch 79:
2018-11-30 13:27:02,846 INFO Training...
2018-11-30 13:38:18,563 INFO train time: 675.717
2018-11-30 13:38:18,563 INFO train loss: 0.002
2018-11-30 13:38:18,563 INFO train accuracy: 1.000
2018-11-30 13:38:18,563 INFO train precision: 1.000
2018-11-30 13:38:18,564 INFO train recall: 1.000
2018-11-30 13:38:18,564 INFO train F1: 1.000
2018-11-30 13:38:18,568 INFO Evaluating...
2018-11-30 13:38:58,427 INFO valid time: 39.859
2018-11-30 13:38:58,438 INFO valid loss: 1.007
2018-11-30 13:38:58,438 INFO valid accuracy: 0.838
2018-11-30 13:38:58,438 INFO valid precision: 0.934
2018-11-30 13:38:58,438 INFO valid recall: 0.906
2018-11-30 13:38:58,438 INFO valid F1: 0.920
2018-11-30 13:38:58,597 INFO Epoch 80:
2018-11-30 13:38:58,599 INFO Training...
2018-11-30 13:50:17,352 INFO train time: 678.752
2018-11-30 13:50:17,352 INFO train loss: 0.003
2018-11-30 13:50:17,352 INFO train accuracy: 1.000
2018-11-30 13:50:17,353 INFO train precision: 1.000
2018-11-30 13:50:17,353 INFO train recall: 1.000
2018-11-30 13:50:17,353 INFO train F1: 1.000
2018-11-30 13:50:17,359 INFO Evaluating...
2018-11-30 13:50:56,876 INFO valid time: 39.517
2018-11-30 13:50:56,877 INFO valid loss: 1.004
2018-11-30 13:50:56,877 INFO valid accuracy: 0.838
2018-11-30 13:50:56,877 INFO valid precision: 0.933
2018-11-30 13:50:56,877 INFO valid recall: 0.906
2018-11-30 13:50:56,877 INFO valid F1: 0.919
2018-11-30 13:50:57,076 INFO Epoch 81:
2018-11-30 13:50:57,077 INFO Training...
2018-11-30 14:02:16,244 INFO train time: 679.167
2018-11-30 14:02:16,245 INFO train loss: 0.003
2018-11-30 14:02:16,245 INFO train accuracy: 1.000
2018-11-30 14:02:16,245 INFO train precision: 1.000
2018-11-30 14:02:16,245 INFO train recall: 1.000
2018-11-30 14:02:16,245 INFO train F1: 1.000
2018-11-30 14:02:16,249 INFO Evaluating...
2018-11-30 14:02:56,052 INFO valid time: 39.803
2018-11-30 14:02:56,053 INFO valid loss: 1.008
2018-11-30 14:02:56,053 INFO valid accuracy: 0.838
2018-11-30 14:02:56,053 INFO valid precision: 0.934
2018-11-30 14:02:56,053 INFO valid recall: 0.906
2018-11-30 14:02:56,053 INFO valid F1: 0.920
2018-11-30 14:02:56,218 INFO Epoch 82:
2018-11-30 14:02:56,220 INFO Training...
2018-11-30 14:13:56,647 INFO train time: 660.427
2018-11-30 14:13:56,647 INFO train loss: 0.003
2018-11-30 14:13:56,647 INFO train accuracy: 1.000
2018-11-30 14:13:56,648 INFO train precision: 1.000
2018-11-30 14:13:56,648 INFO train recall: 1.000
2018-11-30 14:13:56,648 INFO train F1: 1.000
2018-11-30 14:13:56,652 INFO Evaluating...
2018-11-30 14:14:36,034 INFO valid time: 39.382
2018-11-30 14:14:36,034 INFO valid loss: 1.010
2018-11-30 14:14:36,035 INFO valid accuracy: 0.837
2018-11-30 14:14:36,035 INFO valid precision: 0.932
2018-11-30 14:14:36,035 INFO valid recall: 0.908
2018-11-30 14:14:36,035 INFO valid F1: 0.920
2018-11-30 14:14:36,188 INFO Epoch 83:
2018-11-30 14:14:36,189 INFO Training...
2018-11-30 14:25:51,675 INFO train time: 675.485
2018-11-30 14:25:51,675 INFO train loss: 0.004
2018-11-30 14:25:51,676 INFO train accuracy: 1.000
2018-11-30 14:25:51,676 INFO train precision: 1.000
2018-11-30 14:25:51,676 INFO train recall: 1.000
2018-11-30 14:25:51,676 INFO train F1: 1.000
2018-11-30 14:25:51,680 INFO Evaluating...
2018-11-30 14:26:31,877 INFO valid time: 40.196
2018-11-30 14:26:31,877 INFO valid loss: 1.016
2018-11-30 14:26:31,877 INFO valid accuracy: 0.838
2018-11-30 14:26:31,877 INFO valid precision: 0.933
2018-11-30 14:26:31,877 INFO valid recall: 0.907
2018-11-30 14:26:31,877 INFO valid F1: 0.920
2018-11-30 14:26:32,048 INFO Epoch 84:
2018-11-30 14:26:32,049 INFO Training...
2018-11-30 14:37:47,634 INFO train time: 675.585
2018-11-30 14:37:47,635 INFO train loss: 0.004
2018-11-30 14:37:47,635 INFO train accuracy: 1.000
2018-11-30 14:37:47,635 INFO train precision: 1.000
2018-11-30 14:37:47,635 INFO train recall: 1.000
2018-11-30 14:37:47,635 INFO train F1: 1.000
2018-11-30 14:37:47,639 INFO Evaluating...
2018-11-30 14:38:27,361 INFO valid time: 39.721
2018-11-30 14:38:27,361 INFO valid loss: 1.012
2018-11-30 14:38:27,361 INFO valid accuracy: 0.838
2018-11-30 14:38:27,362 INFO valid precision: 0.931
2018-11-30 14:38:27,362 INFO valid recall: 0.912
2018-11-30 14:38:27,362 INFO valid F1: 0.921
2018-11-30 14:38:27,515 INFO Epoch 85:
2018-11-30 14:38:27,516 INFO Training...
2018-11-30 14:49:42,025 INFO train time: 674.509
2018-11-30 14:49:42,025 INFO train loss: 0.004
2018-11-30 14:49:42,026 INFO train accuracy: 1.000
2018-11-30 14:49:42,026 INFO train precision: 1.000
2018-11-30 14:49:42,027 INFO train recall: 1.000
2018-11-30 14:49:42,027 INFO train F1: 1.000
2018-11-30 14:49:42,034 INFO Evaluating...
2018-11-30 14:50:21,586 INFO valid time: 39.552
2018-11-30 14:50:21,587 INFO valid loss: 1.019
2018-11-30 14:50:21,587 INFO valid accuracy: 0.838
2018-11-30 14:50:21,587 INFO valid precision: 0.932
2018-11-30 14:50:21,587 INFO valid recall: 0.909
2018-11-30 14:50:21,587 INFO valid F1: 0.920
2018-11-30 14:50:21,740 INFO Epoch 86:
2018-11-30 14:50:21,741 INFO Training...
2018-11-30 15:01:35,168 INFO train time: 673.427
2018-11-30 15:01:35,169 INFO train loss: 0.004
2018-11-30 15:01:35,169 INFO train accuracy: 1.000
2018-11-30 15:01:35,169 INFO train precision: 1.000
2018-11-30 15:01:35,169 INFO train recall: 1.000
2018-11-30 15:01:35,169 INFO train F1: 1.000
2018-11-30 15:01:35,173 INFO Evaluating...
2018-11-30 15:02:14,822 INFO valid time: 39.649
2018-11-30 15:02:14,822 INFO valid loss: 1.018
2018-11-30 15:02:14,823 INFO valid accuracy: 0.838
2018-11-30 15:02:14,823 INFO valid precision: 0.931
2018-11-30 15:02:14,823 INFO valid recall: 0.911
2018-11-30 15:02:14,823 INFO valid F1: 0.921
2018-11-30 15:02:14,987 INFO Epoch 87:
2018-11-30 15:02:14,988 INFO Training...
2018-11-30 15:13:15,611 INFO train time: 660.623
2018-11-30 15:13:15,612 INFO train loss: 0.016
2018-11-30 15:13:15,612 INFO train accuracy: 0.996
2018-11-30 15:13:15,612 INFO train precision: 0.998
2018-11-30 15:13:15,612 INFO train recall: 0.998
2018-11-30 15:13:15,612 INFO train F1: 0.998
2018-11-30 15:13:15,616 INFO Evaluating...
2018-11-30 15:13:55,228 INFO valid time: 39.611
2018-11-30 15:13:55,228 INFO valid loss: 1.519
2018-11-30 15:13:55,229 INFO valid accuracy: 0.782
2018-11-30 15:13:55,229 INFO valid precision: 0.871
2018-11-30 15:13:55,229 INFO valid recall: 0.930
2018-11-30 15:13:55,229 INFO valid F1: 0.899
2018-11-30 15:13:55,383 INFO Epoch 88:
2018-11-30 15:13:55,385 INFO Training...
2018-11-30 15:24:58,486 INFO train time: 663.101
2018-11-30 15:24:58,487 INFO train loss: 0.039
2018-11-30 15:24:58,487 INFO train accuracy: 0.989
2018-11-30 15:24:58,487 INFO train precision: 0.994
2018-11-30 15:24:58,487 INFO train recall: 0.995
2018-11-30 15:24:58,487 INFO train F1: 0.995
2018-11-30 15:24:58,491 INFO Evaluating...
2018-11-30 15:25:37,807 INFO valid time: 39.316
2018-11-30 15:25:37,807 INFO valid loss: 1.073
2018-11-30 15:25:37,807 INFO valid accuracy: 0.837
2018-11-30 15:25:37,808 INFO valid precision: 0.933
2018-11-30 15:25:37,808 INFO valid recall: 0.916
2018-11-30 15:25:37,808 INFO valid F1: 0.924
2018-11-30 15:25:38,071 INFO Epoch 89:
2018-11-30 15:25:38,072 INFO Training...
2018-11-30 15:36:39,500 INFO train time: 661.428
2018-11-30 15:36:39,501 INFO train loss: 0.010
2018-11-30 15:36:39,501 INFO train accuracy: 0.998
2018-11-30 15:36:39,501 INFO train precision: 0.999
2018-11-30 15:36:39,501 INFO train recall: 0.999
2018-11-30 15:36:39,502 INFO train F1: 0.999
2018-11-30 15:36:39,506 INFO Evaluating...
2018-11-30 15:37:18,801 INFO valid time: 39.294
2018-11-30 15:37:18,801 INFO valid loss: 1.058
2018-11-30 15:37:18,801 INFO valid accuracy: 0.840
2018-11-30 15:37:18,801 INFO valid precision: 0.930
2018-11-30 15:37:18,802 INFO valid recall: 0.921
2018-11-30 15:37:18,802 INFO valid F1: 0.925
2018-11-30 15:37:18,970 INFO Epoch 90:
2018-11-30 15:37:18,971 INFO Training...
2018-11-30 15:48:15,507 INFO train time: 656.535
2018-11-30 15:48:15,507 INFO train loss: 0.005
2018-11-30 15:48:15,508 INFO train accuracy: 0.999
2018-11-30 15:48:15,508 INFO train precision: 0.999
2018-11-30 15:48:15,508 INFO train recall: 0.999
2018-11-30 15:48:15,508 INFO train F1: 0.999
2018-11-30 15:48:15,512 INFO Evaluating...
2018-11-30 15:48:54,937 INFO valid time: 39.424
2018-11-30 15:48:54,938 INFO valid loss: 1.041
2018-11-30 15:48:54,938 INFO valid accuracy: 0.841
2018-11-30 15:48:54,938 INFO valid precision: 0.933
2018-11-30 15:48:54,938 INFO valid recall: 0.911
2018-11-30 15:48:54,938 INFO valid F1: 0.922
2018-11-30 15:48:55,101 INFO Epoch 91:
2018-11-30 15:48:55,103 INFO Training...
2018-11-30 16:00:09,376 INFO train time: 674.273
2018-11-30 16:00:09,376 INFO train loss: 0.003
2018-11-30 16:00:09,377 INFO train accuracy: 1.000
2018-11-30 16:00:09,377 INFO train precision: 1.000
2018-11-30 16:00:09,377 INFO train recall: 1.000
2018-11-30 16:00:09,378 INFO train F1: 1.000
2018-11-30 16:00:09,383 INFO Evaluating...
2018-11-30 16:00:48,898 INFO valid time: 39.515
2018-11-30 16:00:48,898 INFO valid loss: 1.048
2018-11-30 16:00:48,898 INFO valid accuracy: 0.844
2018-11-30 16:00:48,898 INFO valid precision: 0.936
2018-11-30 16:00:48,898 INFO valid recall: 0.911
2018-11-30 16:00:48,898 INFO valid F1: 0.923
2018-11-30 16:00:49,073 INFO Epoch 92:
2018-11-30 16:00:49,075 INFO Training...
2018-11-30 16:11:51,348 INFO train time: 662.273
2018-11-30 16:11:51,349 INFO train loss: 0.002
2018-11-30 16:11:51,349 INFO train accuracy: 1.000
2018-11-30 16:11:51,349 INFO train precision: 1.000
2018-11-30 16:11:51,349 INFO train recall: 1.000
2018-11-30 16:11:51,349 INFO train F1: 1.000
2018-11-30 16:11:51,353 INFO Evaluating...
2018-11-30 16:12:30,802 INFO valid time: 39.449
2018-11-30 16:12:30,803 INFO valid loss: 1.052
2018-11-30 16:12:30,803 INFO valid accuracy: 0.843
2018-11-30 16:12:30,803 INFO valid precision: 0.937
2018-11-30 16:12:30,803 INFO valid recall: 0.910
2018-11-30 16:12:30,803 INFO valid F1: 0.923
2018-11-30 16:12:30,973 INFO Epoch 93:
2018-11-30 16:12:30,974 INFO Training...
2018-11-30 16:23:37,195 INFO train time: 666.221
2018-11-30 16:23:37,196 INFO train loss: 0.002
2018-11-30 16:23:37,196 INFO train accuracy: 1.000
2018-11-30 16:23:37,196 INFO train precision: 1.000
2018-11-30 16:23:37,196 INFO train recall: 1.000
2018-11-30 16:23:37,196 INFO train F1: 1.000
2018-11-30 16:23:37,201 INFO Evaluating...
2018-11-30 16:24:16,345 INFO valid time: 39.144
2018-11-30 16:24:16,346 INFO valid loss: 1.053
2018-11-30 16:24:16,346 INFO valid accuracy: 0.843
2018-11-30 16:24:16,346 INFO valid precision: 0.937
2018-11-30 16:24:16,346 INFO valid recall: 0.909
2018-11-30 16:24:16,347 INFO valid F1: 0.923
2018-11-30 16:24:16,521 INFO Epoch 94:
2018-11-30 16:24:16,522 INFO Training...
2018-11-30 16:35:30,217 INFO train time: 673.694
2018-11-30 16:35:30,217 INFO train loss: 0.002
2018-11-30 16:35:30,217 INFO train accuracy: 1.000
2018-11-30 16:35:30,217 INFO train precision: 1.000
2018-11-30 16:35:30,218 INFO train recall: 1.000
2018-11-30 16:35:30,218 INFO train F1: 1.000
2018-11-30 16:35:30,222 INFO Evaluating...
2018-11-30 16:36:09,799 INFO valid time: 39.577
2018-11-30 16:36:09,800 INFO valid loss: 1.055
2018-11-30 16:36:09,800 INFO valid accuracy: 0.842
2018-11-30 16:36:09,800 INFO valid precision: 0.937
2018-11-30 16:36:09,800 INFO valid recall: 0.908
2018-11-30 16:36:09,800 INFO valid F1: 0.922
2018-11-30 16:36:09,977 INFO Epoch 95:
2018-11-30 16:36:09,978 INFO Training...
2018-11-30 16:47:30,693 INFO train time: 680.714
2018-11-30 16:47:30,693 INFO train loss: 0.002
2018-11-30 16:47:30,693 INFO train accuracy: 1.000
2018-11-30 16:47:30,693 INFO train precision: 1.000
2018-11-30 16:47:30,694 INFO train recall: 1.000
2018-11-30 16:47:30,694 INFO train F1: 1.000
2018-11-30 16:47:30,698 INFO Evaluating...
2018-11-30 16:48:10,044 INFO valid time: 39.346
2018-11-30 16:48:10,045 INFO valid loss: 1.057
2018-11-30 16:48:10,045 INFO valid accuracy: 0.841
2018-11-30 16:48:10,045 INFO valid precision: 0.936
2018-11-30 16:48:10,045 INFO valid recall: 0.906
2018-11-30 16:48:10,045 INFO valid F1: 0.921
2018-11-30 16:48:10,203 INFO Epoch 96:
2018-11-30 16:48:10,205 INFO Training...
2018-11-30 16:59:14,640 INFO train time: 664.435
2018-11-30 16:59:14,640 INFO train loss: 0.002
2018-11-30 16:59:14,640 INFO train accuracy: 1.000
2018-11-30 16:59:14,640 INFO train precision: 1.000
2018-11-30 16:59:14,640 INFO train recall: 1.000
2018-11-30 16:59:14,640 INFO train F1: 1.000
2018-11-30 16:59:14,645 INFO Evaluating...
2018-11-30 16:59:53,821 INFO valid time: 39.177
2018-11-30 16:59:53,822 INFO valid loss: 1.063
2018-11-30 16:59:53,822 INFO valid accuracy: 0.840
2018-11-30 16:59:53,822 INFO valid precision: 0.936
2018-11-30 16:59:53,822 INFO valid recall: 0.907
2018-11-30 16:59:53,823 INFO valid F1: 0.921
2018-11-30 16:59:53,980 INFO Epoch 97:
2018-11-30 16:59:53,981 INFO Training...
2018-11-30 17:11:10,245 INFO train time: 676.263
2018-11-30 17:11:10,245 INFO train loss: 0.002
2018-11-30 17:11:10,245 INFO train accuracy: 1.000
2018-11-30 17:11:10,245 INFO train precision: 1.000
2018-11-30 17:11:10,245 INFO train recall: 1.000
2018-11-30 17:11:10,246 INFO train F1: 1.000
2018-11-30 17:11:10,250 INFO Evaluating...
2018-11-30 17:11:49,769 INFO valid time: 39.519
2018-11-30 17:11:49,770 INFO valid loss: 1.063
2018-11-30 17:11:49,770 INFO valid accuracy: 0.840
2018-11-30 17:11:49,770 INFO valid precision: 0.936
2018-11-30 17:11:49,770 INFO valid recall: 0.907
2018-11-30 17:11:49,770 INFO valid F1: 0.922
2018-11-30 17:11:49,948 INFO Epoch 98:
2018-11-30 17:11:49,951 INFO Training...
2018-11-30 17:22:51,825 INFO train time: 661.874
2018-11-30 17:22:51,826 INFO train loss: 0.002
2018-11-30 17:22:51,826 INFO train accuracy: 1.000
2018-11-30 17:22:51,826 INFO train precision: 1.000
2018-11-30 17:22:51,826 INFO train recall: 1.000
2018-11-30 17:22:51,826 INFO train F1: 1.000
2018-11-30 17:22:51,830 INFO Evaluating...
2018-11-30 17:23:31,110 INFO valid time: 39.279
2018-11-30 17:23:31,110 INFO valid loss: 1.068
2018-11-30 17:23:31,110 INFO valid accuracy: 0.838
2018-11-30 17:23:31,110 INFO valid precision: 0.936
2018-11-30 17:23:31,110 INFO valid recall: 0.906
2018-11-30 17:23:31,110 INFO valid F1: 0.920
2018-11-30 17:23:31,278 INFO Epoch 99:
2018-11-30 17:23:31,279 INFO Training...
2018-11-30 17:34:37,661 INFO train time: 666.381
2018-11-30 17:34:37,661 INFO train loss: 0.003
2018-11-30 17:34:37,661 INFO train accuracy: 1.000
2018-11-30 17:34:37,662 INFO train precision: 1.000
2018-11-30 17:34:37,662 INFO train recall: 1.000
2018-11-30 17:34:37,662 INFO train F1: 1.000
2018-11-30 17:34:37,666 INFO Evaluating...
2018-11-30 17:35:16,809 INFO valid time: 39.142
2018-11-30 17:35:16,809 INFO valid loss: 1.069
2018-11-30 17:35:16,809 INFO valid accuracy: 0.839
2018-11-30 17:35:16,810 INFO valid precision: 0.936
2018-11-30 17:35:16,810 INFO valid recall: 0.906
2018-11-30 17:35:16,810 INFO valid F1: 0.921
2018-11-30 17:35:16,965 INFO Restoring parameters from out/enzyme_graph/model/model.ckpt
2018-11-30 17:35:16,998 INFO Evaluating...
2018-11-30 17:36:54,216 INFO test time: 97.218
2018-11-30 17:36:54,216 INFO test loss: 1.031
2018-11-30 17:36:54,216 INFO test accuracy: 0.838
2018-11-30 17:36:54,217 INFO test precision: 0.931
2018-11-30 17:36:54,217 INFO test recall: 0.897
2018-11-30 17:36:54,217 INFO test F1: 0.914
2018-11-30 17:36:54,280 INFO Saving History to out/enzyme_graph/history.csv
2018-11-30 17:36:54,281 INFO Saving Summary to out/enzyme_graph/summary.csv
2018-11-30 17:36:54,297 INFO All done!
