2018-12-03 18:42:33,576 INFO Initializing
2018-12-03 18:42:34,424 INFO Loaded 31250 training samples
2018-12-03 18:42:34,426 INFO Loaded 4465 validation samples
2018-12-03 18:42:34,426 INFO Loaded 8929 test samples
2018-12-03 18:42:39,441 INFO Model: 2D-CNN
2018-12-03 18:42:39,442 INFO Parameters: 505606
2018-12-03 18:42:40,148 INFO Epoch 0:
2018-12-03 18:42:40,163 INFO Training...
2018-12-03 18:42:59,748 INFO Initializing
2018-12-03 18:43:00,612 INFO Loaded 31250 training samples
2018-12-03 18:43:00,613 INFO Loaded 4465 validation samples
2018-12-03 18:43:00,613 INFO Loaded 8929 test samples
2018-12-03 18:43:05,801 INFO Model: 2D-CNN
2018-12-03 18:43:05,801 INFO Parameters: 505606
2018-12-03 18:43:06,487 INFO Epoch 0:
2018-12-03 18:43:06,502 INFO Training...
2018-12-03 18:54:57,842 INFO train time: 711.339
2018-12-03 18:54:57,842 INFO train loss: 90.478
2018-12-03 18:54:57,842 INFO train accuracy: 0.303
2018-12-03 18:54:57,843 INFO train precision: 0.655
2018-12-03 18:54:57,843 INFO train recall: 0.712
2018-12-03 18:54:57,843 INFO train F1: 0.682
2018-12-03 18:54:57,844 INFO Evaluating...
2018-12-03 18:55:10,582 INFO valid time: 12.738
2018-12-03 18:55:10,583 INFO valid loss: 3.902
2018-12-03 18:55:10,583 INFO valid accuracy: 0.324
2018-12-03 18:55:10,583 INFO valid precision: 0.704
2018-12-03 18:55:10,583 INFO valid recall: 0.653
2018-12-03 18:55:10,583 INFO valid F1: 0.678
2018-12-03 18:55:10,727 INFO Epoch 1:
2018-12-03 18:55:10,728 INFO Training...
2018-12-03 19:04:54,064 INFO train time: 583.336
2018-12-03 19:04:54,065 INFO train loss: 2.503
2018-12-03 19:04:54,065 INFO train accuracy: 0.395
2018-12-03 19:04:54,065 INFO train precision: 0.709
2018-12-03 19:04:54,065 INFO train recall: 0.605
2018-12-03 19:04:54,066 INFO train F1: 0.653
2018-12-03 19:04:54,066 INFO Evaluating...
2018-12-03 19:05:04,981 INFO valid time: 10.915
2018-12-03 19:05:04,982 INFO valid loss: 2.252
2018-12-03 19:05:04,982 INFO valid accuracy: 0.427
2018-12-03 19:05:04,982 INFO valid precision: 0.726
2018-12-03 19:05:04,982 INFO valid recall: 0.624
2018-12-03 19:05:04,983 INFO valid F1: 0.671
2018-12-03 19:05:05,091 INFO Epoch 2:
2018-12-03 19:05:05,092 INFO Training...
2018-12-03 19:14:46,992 INFO train time: 581.899
2018-12-03 19:14:46,993 INFO train loss: 1.951
2018-12-03 19:14:46,993 INFO train accuracy: 0.436
2018-12-03 19:14:46,993 INFO train precision: 0.752
2018-12-03 19:14:46,993 INFO train recall: 0.539
2018-12-03 19:14:46,993 INFO train F1: 0.628
2018-12-03 19:14:46,994 INFO Evaluating...
2018-12-03 19:14:57,417 INFO valid time: 10.422
2018-12-03 19:14:57,417 INFO valid loss: 2.144
2018-12-03 19:14:57,417 INFO valid accuracy: 0.466
2018-12-03 19:14:57,418 INFO valid precision: 0.764
2018-12-03 19:14:57,418 INFO valid recall: 0.640
2018-12-03 19:14:57,418 INFO valid F1: 0.696
2018-12-03 19:14:57,522 INFO Epoch 3:
2018-12-03 19:14:57,523 INFO Training...
2018-12-03 19:24:27,654 INFO train time: 570.131
2018-12-03 19:24:27,655 INFO train loss: 1.743
2018-12-03 19:24:27,655 INFO train accuracy: 0.473
2018-12-03 19:24:27,655 INFO train precision: 0.790
2018-12-03 19:24:27,655 INFO train recall: 0.512
2018-12-03 19:24:27,655 INFO train F1: 0.622
2018-12-03 19:24:27,656 INFO Evaluating...
2018-12-03 19:24:37,952 INFO valid time: 10.295
2018-12-03 19:24:37,952 INFO valid loss: 1.969
2018-12-03 19:24:37,953 INFO valid accuracy: 0.486
2018-12-03 19:24:37,953 INFO valid precision: 0.794
2018-12-03 19:24:37,953 INFO valid recall: 0.574
2018-12-03 19:24:37,953 INFO valid F1: 0.666
2018-12-03 19:24:38,045 INFO Epoch 4:
2018-12-03 19:24:38,048 INFO Training...
2018-12-03 19:34:16,192 INFO train time: 578.144
2018-12-03 19:34:16,193 INFO train loss: 1.614
2018-12-03 19:34:16,193 INFO train accuracy: 0.490
2018-12-03 19:34:16,193 INFO train precision: 0.810
2018-12-03 19:34:16,193 INFO train recall: 0.511
2018-12-03 19:34:16,193 INFO train F1: 0.627
2018-12-03 19:34:16,194 INFO Evaluating...
2018-12-03 19:34:26,709 INFO valid time: 10.514
2018-12-03 19:34:26,709 INFO valid loss: 2.375
2018-12-03 19:34:26,709 INFO valid accuracy: 0.485
2018-12-03 19:34:26,709 INFO valid precision: 0.790
2018-12-03 19:34:26,709 INFO valid recall: 0.594
2018-12-03 19:34:26,709 INFO valid F1: 0.678
2018-12-03 19:34:26,796 INFO Epoch 5:
2018-12-03 19:34:26,808 INFO Training...
2018-12-03 19:44:08,228 INFO train time: 581.419
2018-12-03 19:44:08,228 INFO train loss: 1.462
2018-12-03 19:44:08,229 INFO train accuracy: 0.514
2018-12-03 19:44:08,229 INFO train precision: 0.819
2018-12-03 19:44:08,229 INFO train recall: 0.571
2018-12-03 19:44:08,229 INFO train F1: 0.673
2018-12-03 19:44:08,230 INFO Evaluating...
2018-12-03 19:44:18,491 INFO valid time: 10.261
2018-12-03 19:44:18,491 INFO valid loss: 2.036
2018-12-03 19:44:18,492 INFO valid accuracy: 0.500
2018-12-03 19:44:18,492 INFO valid precision: 0.845
2018-12-03 19:44:18,492 INFO valid recall: 0.451
2018-12-03 19:44:18,492 INFO valid F1: 0.588
2018-12-03 19:44:18,590 INFO Epoch 6:
2018-12-03 19:44:18,591 INFO Training...
2018-12-03 19:53:44,756 INFO train time: 566.164
2018-12-03 19:53:44,756 INFO train loss: 1.344
2018-12-03 19:53:44,757 INFO train accuracy: 0.533
2018-12-03 19:53:44,757 INFO train precision: 0.842
2018-12-03 19:53:44,757 INFO train recall: 0.546
2018-12-03 19:53:44,757 INFO train F1: 0.663
2018-12-03 19:53:44,758 INFO Evaluating...
2018-12-03 19:53:55,140 INFO valid time: 10.381
2018-12-03 19:53:55,140 INFO valid loss: 2.066
2018-12-03 19:53:55,140 INFO valid accuracy: 0.533
2018-12-03 19:53:55,141 INFO valid precision: 0.833
2018-12-03 19:53:55,141 INFO valid recall: 0.558
2018-12-03 19:53:55,141 INFO valid F1: 0.669
2018-12-03 19:53:55,334 INFO Epoch 7:
2018-12-03 19:53:55,335 INFO Training...
2018-12-03 20:03:36,623 INFO train time: 581.288
2018-12-03 20:03:36,624 INFO train loss: 1.266
2018-12-03 20:03:36,624 INFO train accuracy: 0.557
2018-12-03 20:03:36,624 INFO train precision: 0.840
2018-12-03 20:03:36,625 INFO train recall: 0.617
2018-12-03 20:03:36,625 INFO train F1: 0.711
2018-12-03 20:03:36,626 INFO Evaluating...
2018-12-03 20:03:47,226 INFO valid time: 10.600
2018-12-03 20:03:47,227 INFO valid loss: 2.766
2018-12-03 20:03:47,227 INFO valid accuracy: 0.541
2018-12-03 20:03:47,227 INFO valid precision: 0.816
2018-12-03 20:03:47,228 INFO valid recall: 0.671
2018-12-03 20:03:47,228 INFO valid F1: 0.736
2018-12-03 20:03:47,338 INFO Epoch 8:
2018-12-03 20:03:47,343 INFO Training...
2018-12-03 20:13:28,547 INFO train time: 581.204
2018-12-03 20:13:28,547 INFO train loss: 1.302
2018-12-03 20:13:28,547 INFO train accuracy: 0.564
2018-12-03 20:13:28,548 INFO train precision: 0.837
2018-12-03 20:13:28,548 INFO train recall: 0.648
2018-12-03 20:13:28,548 INFO train F1: 0.730
2018-12-03 20:13:28,549 INFO Evaluating...
2018-12-03 20:13:38,793 INFO valid time: 10.244
2018-12-03 20:13:38,793 INFO valid loss: 2.383
2018-12-03 20:13:38,793 INFO valid accuracy: 0.553
2018-12-03 20:13:38,793 INFO valid precision: 0.819
2018-12-03 20:13:38,794 INFO valid recall: 0.718
2018-12-03 20:13:38,794 INFO valid F1: 0.765
2018-12-03 20:13:38,910 INFO Epoch 9:
2018-12-03 20:13:38,911 INFO Training...
2018-12-03 20:23:19,173 INFO train time: 580.262
2018-12-03 20:23:19,174 INFO train loss: 1.149
2018-12-03 20:23:19,174 INFO train accuracy: 0.589
2018-12-03 20:23:19,174 INFO train precision: 0.857
2018-12-03 20:23:19,174 INFO train recall: 0.673
2018-12-03 20:23:19,174 INFO train F1: 0.754
2018-12-03 20:23:19,175 INFO Evaluating...
2018-12-03 20:23:29,416 INFO valid time: 10.241
2018-12-03 20:23:29,417 INFO valid loss: 1.787
2018-12-03 20:23:29,417 INFO valid accuracy: 0.570
2018-12-03 20:23:29,417 INFO valid precision: 0.831
2018-12-03 20:23:29,417 INFO valid recall: 0.688
2018-12-03 20:23:29,417 INFO valid F1: 0.753
2018-12-03 20:23:29,525 INFO Epoch 10:
2018-12-03 20:23:29,526 INFO Training...
2018-12-03 20:32:52,487 INFO train time: 562.960
2018-12-03 20:32:52,488 INFO train loss: 1.056
2018-12-03 20:32:52,488 INFO train accuracy: 0.612
2018-12-03 20:32:52,488 INFO train precision: 0.867
2018-12-03 20:32:52,488 INFO train recall: 0.701
2018-12-03 20:32:52,488 INFO train F1: 0.775
2018-12-03 20:32:52,489 INFO Evaluating...
2018-12-03 20:33:02,741 INFO valid time: 10.252
2018-12-03 20:33:02,742 INFO valid loss: 2.084
2018-12-03 20:33:02,742 INFO valid accuracy: 0.583
2018-12-03 20:33:02,742 INFO valid precision: 0.840
2018-12-03 20:33:02,742 INFO valid recall: 0.716
2018-12-03 20:33:02,742 INFO valid F1: 0.773
2018-12-03 20:33:02,844 INFO Epoch 11:
2018-12-03 20:33:02,845 INFO Training...
2018-12-03 20:42:40,846 INFO train time: 578.001
2018-12-03 20:42:40,847 INFO train loss: 0.993
2018-12-03 20:42:40,847 INFO train accuracy: 0.632
2018-12-03 20:42:40,847 INFO train precision: 0.872
2018-12-03 20:42:40,847 INFO train recall: 0.734
2018-12-03 20:42:40,847 INFO train F1: 0.797
2018-12-03 20:42:40,848 INFO Evaluating...
2018-12-03 20:42:51,043 INFO valid time: 10.195
2018-12-03 20:42:51,043 INFO valid loss: 2.214
2018-12-03 20:42:51,044 INFO valid accuracy: 0.574
2018-12-03 20:42:51,044 INFO valid precision: 0.864
2018-12-03 20:42:51,044 INFO valid recall: 0.608
2018-12-03 20:42:51,044 INFO valid F1: 0.713
2018-12-03 20:42:51,128 INFO Epoch 12:
2018-12-03 20:42:51,129 INFO Training...
2018-12-03 20:52:29,548 INFO train time: 578.418
2018-12-03 20:52:29,548 INFO train loss: 0.972
2018-12-03 20:52:29,548 INFO train accuracy: 0.636
2018-12-03 20:52:29,549 INFO train precision: 0.879
2018-12-03 20:52:29,549 INFO train recall: 0.728
2018-12-03 20:52:29,549 INFO train F1: 0.797
2018-12-03 20:52:29,559 INFO Evaluating...
2018-12-03 20:52:39,975 INFO valid time: 10.416
2018-12-03 20:52:39,976 INFO valid loss: 1.530
2018-12-03 20:52:39,976 INFO valid accuracy: 0.611
2018-12-03 20:52:39,976 INFO valid precision: 0.858
2018-12-03 20:52:39,976 INFO valid recall: 0.722
2018-12-03 20:52:39,976 INFO valid F1: 0.784
2018-12-03 20:52:40,084 INFO Epoch 13:
2018-12-03 20:52:40,086 INFO Training...
2018-12-03 21:02:19,533 INFO train time: 579.447
2018-12-03 21:02:19,533 INFO train loss: 0.922
2018-12-03 21:02:19,533 INFO train accuracy: 0.655
2018-12-03 21:02:19,533 INFO train precision: 0.887
2018-12-03 21:02:19,533 INFO train recall: 0.748
2018-12-03 21:02:19,533 INFO train F1: 0.812
2018-12-03 21:02:19,534 INFO Evaluating...
2018-12-03 21:02:30,089 INFO valid time: 10.554
2018-12-03 21:02:30,089 INFO valid loss: 1.982
2018-12-03 21:02:30,090 INFO valid accuracy: 0.626
2018-12-03 21:02:30,090 INFO valid precision: 0.864
2018-12-03 21:02:30,090 INFO valid recall: 0.740
2018-12-03 21:02:30,090 INFO valid F1: 0.798
2018-12-03 21:02:30,211 INFO Epoch 14:
2018-12-03 21:02:30,212 INFO Training...
2018-12-03 21:12:11,103 INFO train time: 580.891
2018-12-03 21:12:11,104 INFO train loss: 0.882
2018-12-03 21:12:11,104 INFO train accuracy: 0.673
2018-12-03 21:12:11,104 INFO train precision: 0.893
2018-12-03 21:12:11,104 INFO train recall: 0.765
2018-12-03 21:12:11,104 INFO train F1: 0.824
2018-12-03 21:12:11,105 INFO Evaluating...
2018-12-03 21:12:21,703 INFO valid time: 10.598
2018-12-03 21:12:21,704 INFO valid loss: 2.582
2018-12-03 21:12:21,704 INFO valid accuracy: 0.635
2018-12-03 21:12:21,704 INFO valid precision: 0.857
2018-12-03 21:12:21,704 INFO valid recall: 0.768
2018-12-03 21:12:21,704 INFO valid F1: 0.810
2018-12-03 21:12:21,794 INFO Epoch 15:
2018-12-03 21:12:21,796 INFO Training...
2018-12-03 21:21:50,197 INFO train time: 568.401
2018-12-03 21:21:50,198 INFO train loss: 0.868
2018-12-03 21:21:50,198 INFO train accuracy: 0.683
2018-12-03 21:21:50,198 INFO train precision: 0.892
2018-12-03 21:21:50,198 INFO train recall: 0.783
2018-12-03 21:21:50,198 INFO train F1: 0.834
2018-12-03 21:21:50,199 INFO Evaluating...
2018-12-03 21:22:00,788 INFO valid time: 10.589
2018-12-03 21:22:00,789 INFO valid loss: 1.703
2018-12-03 21:22:00,789 INFO valid accuracy: 0.644
2018-12-03 21:22:00,789 INFO valid precision: 0.867
2018-12-03 21:22:00,789 INFO valid recall: 0.785
2018-12-03 21:22:00,789 INFO valid F1: 0.824
2018-12-03 21:22:00,877 INFO Epoch 16:
2018-12-03 21:22:00,878 INFO Training...
2018-12-03 21:31:41,962 INFO train time: 581.084
2018-12-03 21:31:41,963 INFO train loss: 0.869
2018-12-03 21:31:41,963 INFO train accuracy: 0.685
2018-12-03 21:31:41,963 INFO train precision: 0.895
2018-12-03 21:31:41,963 INFO train recall: 0.785
2018-12-03 21:31:41,963 INFO train F1: 0.837
2018-12-03 21:31:41,964 INFO Evaluating...
2018-12-03 21:31:52,517 INFO valid time: 10.553
2018-12-03 21:31:52,517 INFO valid loss: 2.331
2018-12-03 21:31:52,517 INFO valid accuracy: 0.648
2018-12-03 21:31:52,518 INFO valid precision: 0.863
2018-12-03 21:31:52,518 INFO valid recall: 0.777
2018-12-03 21:31:52,518 INFO valid F1: 0.818
2018-12-03 21:31:52,609 INFO Epoch 17:
2018-12-03 21:31:52,610 INFO Training...
2018-12-03 21:41:21,292 INFO train time: 568.681
2018-12-03 21:41:21,292 INFO train loss: 0.810
2018-12-03 21:41:21,292 INFO train accuracy: 0.709
2018-12-03 21:41:21,292 INFO train precision: 0.902
2018-12-03 21:41:21,292 INFO train recall: 0.806
2018-12-03 21:41:21,292 INFO train F1: 0.851
2018-12-03 21:41:21,293 INFO Evaluating...
2018-12-03 21:41:31,705 INFO valid time: 10.412
2018-12-03 21:41:31,706 INFO valid loss: 2.072
2018-12-03 21:41:31,706 INFO valid accuracy: 0.646
2018-12-03 21:41:31,706 INFO valid precision: 0.854
2018-12-03 21:41:31,706 INFO valid recall: 0.814
2018-12-03 21:41:31,706 INFO valid F1: 0.833
2018-12-03 21:41:31,815 INFO Epoch 18:
2018-12-03 21:41:31,819 INFO Training...
2018-12-03 21:51:14,439 INFO train time: 582.620
2018-12-03 21:51:14,439 INFO train loss: 0.777
2018-12-03 21:51:14,440 INFO train accuracy: 0.720
2018-12-03 21:51:14,440 INFO train precision: 0.905
2018-12-03 21:51:14,440 INFO train recall: 0.815
2018-12-03 21:51:14,440 INFO train F1: 0.857
2018-12-03 21:51:14,441 INFO Evaluating...
2018-12-03 21:51:24,991 INFO valid time: 10.550
2018-12-03 21:51:24,992 INFO valid loss: 2.164
2018-12-03 21:51:24,992 INFO valid accuracy: 0.672
2018-12-03 21:51:24,992 INFO valid precision: 0.881
2018-12-03 21:51:24,992 INFO valid recall: 0.793
2018-12-03 21:51:24,993 INFO valid F1: 0.835
2018-12-03 21:51:25,100 INFO Epoch 19:
2018-12-03 21:51:25,101 INFO Training...
2018-12-03 22:01:07,493 INFO train time: 582.392
2018-12-03 22:01:07,494 INFO train loss: 0.782
2018-12-03 22:01:07,494 INFO train accuracy: 0.718
2018-12-03 22:01:07,494 INFO train precision: 0.904
2018-12-03 22:01:07,494 INFO train recall: 0.814
2018-12-03 22:01:07,494 INFO train F1: 0.856
2018-12-03 22:01:07,497 INFO Evaluating...
2018-12-03 22:01:18,037 INFO valid time: 10.540
2018-12-03 22:01:18,038 INFO valid loss: 1.708
2018-12-03 22:01:18,038 INFO valid accuracy: 0.661
2018-12-03 22:01:18,038 INFO valid precision: 0.884
2018-12-03 22:01:18,038 INFO valid recall: 0.755
2018-12-03 22:01:18,038 INFO valid F1: 0.815
2018-12-03 22:01:18,157 INFO Epoch 20:
2018-12-03 22:01:18,158 INFO Training...
2018-12-03 22:11:00,818 INFO train time: 582.660
2018-12-03 22:11:00,819 INFO train loss: 0.832
2018-12-03 22:11:00,819 INFO train accuracy: 0.703
2018-12-03 22:11:00,819 INFO train precision: 0.894
2018-12-03 22:11:00,819 INFO train recall: 0.820
2018-12-03 22:11:00,819 INFO train F1: 0.855
2018-12-03 22:11:00,820 INFO Evaluating...
2018-12-03 22:11:11,488 INFO valid time: 10.668
2018-12-03 22:11:11,489 INFO valid loss: 3.519
2018-12-03 22:11:11,489 INFO valid accuracy: 0.654
2018-12-03 22:11:11,489 INFO valid precision: 0.858
2018-12-03 22:11:11,489 INFO valid recall: 0.815
2018-12-03 22:11:11,489 INFO valid F1: 0.836
2018-12-03 22:11:11,581 INFO Epoch 21:
2018-12-03 22:11:11,582 INFO Training...
2018-12-03 22:20:43,696 INFO train time: 572.113
2018-12-03 22:20:43,696 INFO train loss: 0.770
2018-12-03 22:20:43,696 INFO train accuracy: 0.730
2018-12-03 22:20:43,696 INFO train precision: 0.911
2018-12-03 22:20:43,696 INFO train recall: 0.828
2018-12-03 22:20:43,697 INFO train F1: 0.867
2018-12-03 22:20:43,697 INFO Evaluating...
2018-12-03 22:20:54,103 INFO valid time: 10.406
2018-12-03 22:20:54,104 INFO valid loss: 1.479
2018-12-03 22:20:54,104 INFO valid accuracy: 0.672
2018-12-03 22:20:54,104 INFO valid precision: 0.872
2018-12-03 22:20:54,105 INFO valid recall: 0.802
2018-12-03 22:20:54,105 INFO valid F1: 0.835
2018-12-03 22:20:54,192 INFO Epoch 22:
2018-12-03 22:20:54,194 INFO Training...
2018-12-03 22:30:26,184 INFO train time: 571.990
2018-12-03 22:30:26,185 INFO train loss: 0.700
2018-12-03 22:30:26,185 INFO train accuracy: 0.752
2018-12-03 22:30:26,186 INFO train precision: 0.919
2018-12-03 22:30:26,186 INFO train recall: 0.843
2018-12-03 22:30:26,187 INFO train F1: 0.880
2018-12-03 22:30:26,188 INFO Evaluating...
2018-12-03 22:30:36,803 INFO valid time: 10.615
2018-12-03 22:30:36,804 INFO valid loss: 1.500
2018-12-03 22:30:36,804 INFO valid accuracy: 0.683
2018-12-03 22:30:36,804 INFO valid precision: 0.868
2018-12-03 22:30:36,804 INFO valid recall: 0.836
2018-12-03 22:30:36,805 INFO valid F1: 0.851
2018-12-03 22:30:36,894 INFO Epoch 23:
2018-12-03 22:30:36,899 INFO Training...
2018-12-03 22:40:08,839 INFO train time: 571.939
2018-12-03 22:40:08,839 INFO train loss: 0.946
2018-12-03 22:40:08,839 INFO train accuracy: 0.694
2018-12-03 22:40:08,839 INFO train precision: 0.881
2018-12-03 22:40:08,840 INFO train recall: 0.807
2018-12-03 22:40:08,840 INFO train F1: 0.843
2018-12-03 22:40:08,841 INFO Evaluating...
2018-12-03 22:40:19,302 INFO valid time: 10.461
2018-12-03 22:40:19,303 INFO valid loss: 2.459
2018-12-03 22:40:19,303 INFO valid accuracy: 0.606
2018-12-03 22:40:19,303 INFO valid precision: 0.824
2018-12-03 22:40:19,304 INFO valid recall: 0.825
2018-12-03 22:40:19,304 INFO valid F1: 0.825
2018-12-03 22:40:19,413 INFO Epoch 24:
2018-12-03 22:40:19,414 INFO Training...
2018-12-03 22:49:54,280 INFO train time: 574.866
2018-12-03 22:49:54,281 INFO train loss: 0.994
2018-12-03 22:49:54,281 INFO train accuracy: 0.681
2018-12-03 22:49:54,281 INFO train precision: 0.887
2018-12-03 22:49:54,281 INFO train recall: 0.792
2018-12-03 22:49:54,281 INFO train F1: 0.837
2018-12-03 22:49:54,282 INFO Evaluating...
2018-12-03 22:50:04,928 INFO valid time: 10.645
2018-12-03 22:50:04,928 INFO valid loss: 2.290
2018-12-03 22:50:04,929 INFO valid accuracy: 0.658
2018-12-03 22:50:04,929 INFO valid precision: 0.876
2018-12-03 22:50:04,929 INFO valid recall: 0.767
2018-12-03 22:50:04,929 INFO valid F1: 0.818
2018-12-03 22:50:05,041 INFO Epoch 25:
2018-12-03 22:50:05,043 INFO Training...
2018-12-03 22:59:35,933 INFO train time: 570.890
2018-12-03 22:59:35,933 INFO train loss: 0.779
2018-12-03 22:59:35,933 INFO train accuracy: 0.728
2018-12-03 22:59:35,933 INFO train precision: 0.907
2018-12-03 22:59:35,934 INFO train recall: 0.821
2018-12-03 22:59:35,934 INFO train F1: 0.862
2018-12-03 22:59:35,934 INFO Evaluating...
2018-12-03 22:59:46,531 INFO valid time: 10.596
2018-12-03 22:59:46,532 INFO valid loss: 1.855
2018-12-03 22:59:46,532 INFO valid accuracy: 0.686
2018-12-03 22:59:46,532 INFO valid precision: 0.890
2018-12-03 22:59:46,532 INFO valid recall: 0.787
2018-12-03 22:59:46,533 INFO valid F1: 0.835
2018-12-03 22:59:46,627 INFO Epoch 26:
2018-12-03 22:59:46,628 INFO Training...
2018-12-03 23:09:16,524 INFO train time: 569.895
2018-12-03 23:09:16,525 INFO train loss: 0.670
2018-12-03 23:09:16,525 INFO train accuracy: 0.765
2018-12-03 23:09:16,525 INFO train precision: 0.923
2018-12-03 23:09:16,525 INFO train recall: 0.850
2018-12-03 23:09:16,525 INFO train F1: 0.885
2018-12-03 23:09:16,526 INFO Evaluating...
2018-12-03 23:09:26,992 INFO valid time: 10.466
2018-12-03 23:09:26,992 INFO valid loss: 2.192
2018-12-03 23:09:26,992 INFO valid accuracy: 0.704
2018-12-03 23:09:26,992 INFO valid precision: 0.894
2018-12-03 23:09:26,993 INFO valid recall: 0.803
2018-12-03 23:09:26,993 INFO valid F1: 0.846
2018-12-03 23:09:27,094 INFO Epoch 27:
2018-12-03 23:09:27,095 INFO Training...
2018-12-03 23:18:55,855 INFO train time: 568.760
2018-12-03 23:18:55,856 INFO train loss: 0.618
2018-12-03 23:18:55,857 INFO train accuracy: 0.785
2018-12-03 23:18:55,857 INFO train precision: 0.930
2018-12-03 23:18:55,858 INFO train recall: 0.868
2018-12-03 23:18:55,858 INFO train F1: 0.898
2018-12-03 23:18:55,860 INFO Evaluating...
2018-12-03 23:19:06,409 INFO valid time: 10.549
2018-12-03 23:19:06,409 INFO valid loss: 1.923
2018-12-03 23:19:06,409 INFO valid accuracy: 0.708
2018-12-03 23:19:06,409 INFO valid precision: 0.888
2018-12-03 23:19:06,409 INFO valid recall: 0.823
2018-12-03 23:19:06,409 INFO valid F1: 0.854
2018-12-03 23:19:06,505 INFO Epoch 28:
2018-12-03 23:19:06,506 INFO Training...
2018-12-03 23:28:40,015 INFO train time: 573.509
2018-12-03 23:28:40,015 INFO train loss: 0.568
2018-12-03 23:28:40,015 INFO train accuracy: 0.799
2018-12-03 23:28:40,015 INFO train precision: 0.936
2018-12-03 23:28:40,016 INFO train recall: 0.882
2018-12-03 23:28:40,016 INFO train F1: 0.908
2018-12-03 23:28:40,017 INFO Evaluating...
2018-12-03 23:28:50,680 INFO valid time: 10.663
2018-12-03 23:28:50,680 INFO valid loss: 1.995
2018-12-03 23:28:50,680 INFO valid accuracy: 0.717
2018-12-03 23:28:50,681 INFO valid precision: 0.899
2018-12-03 23:28:50,681 INFO valid recall: 0.825
2018-12-03 23:28:50,681 INFO valid F1: 0.860
2018-12-03 23:28:50,808 INFO Epoch 29:
2018-12-03 23:28:50,809 INFO Training...
2018-12-03 23:38:28,416 INFO train time: 577.607
2018-12-03 23:38:28,417 INFO train loss: 0.535
2018-12-03 23:38:28,417 INFO train accuracy: 0.811
2018-12-03 23:38:28,417 INFO train precision: 0.941
2018-12-03 23:38:28,417 INFO train recall: 0.890
2018-12-03 23:38:28,418 INFO train F1: 0.915
2018-12-03 23:38:28,419 INFO Evaluating...
2018-12-03 23:38:39,020 INFO valid time: 10.601
2018-12-03 23:38:39,020 INFO valid loss: 2.127
2018-12-03 23:38:39,020 INFO valid accuracy: 0.729
2018-12-03 23:38:39,021 INFO valid precision: 0.902
2018-12-03 23:38:39,021 INFO valid recall: 0.827
2018-12-03 23:38:39,021 INFO valid F1: 0.863
2018-12-03 23:38:39,135 INFO Epoch 30:
2018-12-03 23:38:39,136 INFO Training...
2018-12-03 23:48:11,536 INFO train time: 572.399
2018-12-03 23:48:11,537 INFO train loss: 0.540
2018-12-03 23:48:11,537 INFO train accuracy: 0.813
2018-12-03 23:48:11,538 INFO train precision: 0.942
2018-12-03 23:48:11,538 INFO train recall: 0.891
2018-12-03 23:48:11,539 INFO train F1: 0.916
2018-12-03 23:48:11,540 INFO Evaluating...
2018-12-03 23:48:22,209 INFO valid time: 10.669
2018-12-03 23:48:22,209 INFO valid loss: 2.273
2018-12-03 23:48:22,209 INFO valid accuracy: 0.707
2018-12-03 23:48:22,209 INFO valid precision: 0.897
2018-12-03 23:48:22,210 INFO valid recall: 0.801
2018-12-03 23:48:22,210 INFO valid F1: 0.846
2018-12-03 23:48:22,315 INFO Epoch 31:
2018-12-03 23:48:22,316 INFO Training...
2018-12-03 23:57:58,606 INFO train time: 576.290
2018-12-03 23:57:58,607 INFO train loss: 0.556
2018-12-03 23:57:58,607 INFO train accuracy: 0.805
2018-12-03 23:57:58,607 INFO train precision: 0.936
2018-12-03 23:57:58,607 INFO train recall: 0.891
2018-12-03 23:57:58,607 INFO train F1: 0.913
2018-12-03 23:57:58,608 INFO Evaluating...
2018-12-03 23:58:09,197 INFO valid time: 10.589
2018-12-03 23:58:09,198 INFO valid loss: 2.416
2018-12-03 23:58:09,198 INFO valid accuracy: 0.726
2018-12-03 23:58:09,198 INFO valid precision: 0.887
2018-12-03 23:58:09,198 INFO valid recall: 0.862
2018-12-03 23:58:09,198 INFO valid F1: 0.874
2018-12-03 23:58:09,285 INFO Epoch 32:
2018-12-03 23:58:09,289 INFO Training...
2018-12-04 00:07:42,047 INFO train time: 572.758
2018-12-04 00:07:42,048 INFO train loss: 0.509
2018-12-04 00:07:42,048 INFO train accuracy: 0.825
2018-12-04 00:07:42,048 INFO train precision: 0.945
2018-12-04 00:07:42,048 INFO train recall: 0.901
2018-12-04 00:07:42,048 INFO train F1: 0.923
2018-12-04 00:07:42,051 INFO Evaluating...
2018-12-04 00:07:52,679 INFO valid time: 10.628
2018-12-04 00:07:52,680 INFO valid loss: 1.815
2018-12-04 00:07:52,680 INFO valid accuracy: 0.737
2018-12-04 00:07:52,680 INFO valid precision: 0.898
2018-12-04 00:07:52,681 INFO valid recall: 0.862
2018-12-04 00:07:52,681 INFO valid F1: 0.880
2018-12-04 00:07:52,794 INFO Epoch 33:
2018-12-04 00:07:52,796 INFO Training...
2018-12-04 00:17:28,413 INFO train time: 575.617
2018-12-04 00:17:28,414 INFO train loss: 0.513
2018-12-04 00:17:28,414 INFO train accuracy: 0.822
2018-12-04 00:17:28,414 INFO train precision: 0.942
2018-12-04 00:17:28,414 INFO train recall: 0.904
2018-12-04 00:17:28,414 INFO train F1: 0.922
2018-12-04 00:17:28,416 INFO Evaluating...
2018-12-04 00:17:39,062 INFO valid time: 10.645
2018-12-04 00:17:39,062 INFO valid loss: 1.740
2018-12-04 00:17:39,063 INFO valid accuracy: 0.727
2018-12-04 00:17:39,063 INFO valid precision: 0.880
2018-12-04 00:17:39,063 INFO valid recall: 0.877
2018-12-04 00:17:39,063 INFO valid F1: 0.878
2018-12-04 00:17:39,152 INFO Epoch 34:
2018-12-04 00:17:39,168 INFO Training...
2018-12-04 00:27:10,234 INFO train time: 571.065
2018-12-04 00:27:10,235 INFO train loss: 0.871
2018-12-04 00:27:10,235 INFO train accuracy: 0.745
2018-12-04 00:27:10,235 INFO train precision: 0.907
2018-12-04 00:27:10,235 INFO train recall: 0.846
2018-12-04 00:27:10,235 INFO train F1: 0.875
2018-12-04 00:27:10,237 INFO Evaluating...
2018-12-04 00:27:20,879 INFO valid time: 10.642
2018-12-04 00:27:20,879 INFO valid loss: 3.295
2018-12-04 00:27:20,879 INFO valid accuracy: 0.649
2018-12-04 00:27:20,879 INFO valid precision: 0.833
2018-12-04 00:27:20,879 INFO valid recall: 0.864
2018-12-04 00:27:20,879 INFO valid F1: 0.848
2018-12-04 00:27:20,984 INFO Epoch 35:
2018-12-04 00:27:20,988 INFO Training...
2018-12-04 00:36:53,622 INFO train time: 572.634
2018-12-04 00:36:53,622 INFO train loss: 0.993
2018-12-04 00:36:53,622 INFO train accuracy: 0.705
2018-12-04 00:36:53,622 INFO train precision: 0.891
2018-12-04 00:36:53,623 INFO train recall: 0.831
2018-12-04 00:36:53,623 INFO train F1: 0.860
2018-12-04 00:36:53,623 INFO Evaluating...
2018-12-04 00:37:04,155 INFO valid time: 10.531
2018-12-04 00:37:04,155 INFO valid loss: 1.620
2018-12-04 00:37:04,156 INFO valid accuracy: 0.672
2018-12-04 00:37:04,156 INFO valid precision: 0.867
2018-12-04 00:37:04,156 INFO valid recall: 0.819
2018-12-04 00:37:04,156 INFO valid F1: 0.843
2018-12-04 00:37:04,255 INFO Epoch 36:
2018-12-04 00:37:04,260 INFO Training...
2018-12-04 00:46:37,058 INFO train time: 572.798
2018-12-04 00:46:37,059 INFO train loss: 0.842
2018-12-04 00:46:37,059 INFO train accuracy: 0.723
2018-12-04 00:46:37,059 INFO train precision: 0.898
2018-12-04 00:46:37,059 INFO train recall: 0.842
2018-12-04 00:46:37,060 INFO train F1: 0.869
2018-12-04 00:46:37,060 INFO Evaluating...
2018-12-04 00:46:47,698 INFO valid time: 10.637
2018-12-04 00:46:47,698 INFO valid loss: 2.391
2018-12-04 00:46:47,698 INFO valid accuracy: 0.692
2018-12-04 00:46:47,698 INFO valid precision: 0.855
2018-12-04 00:46:47,699 INFO valid recall: 0.880
2018-12-04 00:46:47,699 INFO valid F1: 0.867
2018-12-04 00:46:47,814 INFO Epoch 37:
2018-12-04 00:46:47,815 INFO Training...
2018-12-04 00:56:19,293 INFO train time: 571.477
2018-12-04 00:56:19,294 INFO train loss: 0.759
2018-12-04 00:56:19,294 INFO train accuracy: 0.744
2018-12-04 00:56:19,294 INFO train precision: 0.907
2018-12-04 00:56:19,294 INFO train recall: 0.855
2018-12-04 00:56:19,294 INFO train F1: 0.880
2018-12-04 00:56:19,295 INFO Evaluating...
2018-12-04 00:56:29,901 INFO valid time: 10.606
2018-12-04 00:56:29,901 INFO valid loss: 2.029
2018-12-04 00:56:29,901 INFO valid accuracy: 0.658
2018-12-04 00:56:29,901 INFO valid precision: 0.878
2018-12-04 00:56:29,901 INFO valid recall: 0.761
2018-12-04 00:56:29,902 INFO valid F1: 0.815
2018-12-04 00:56:30,002 INFO Epoch 38:
2018-12-04 00:56:30,004 INFO Training...
2018-12-04 01:06:10,328 INFO train time: 580.323
2018-12-04 01:06:10,328 INFO train loss: 0.708
2018-12-04 01:06:10,328 INFO train accuracy: 0.750
2018-12-04 01:06:10,328 INFO train precision: 0.912
2018-12-04 01:06:10,329 INFO train recall: 0.858
2018-12-04 01:06:10,329 INFO train F1: 0.884
2018-12-04 01:06:10,331 INFO Evaluating...
2018-12-04 01:06:21,169 INFO valid time: 10.837
2018-12-04 01:06:21,170 INFO valid loss: 2.197
2018-12-04 01:06:21,170 INFO valid accuracy: 0.710
2018-12-04 01:06:21,170 INFO valid precision: 0.889
2018-12-04 01:06:21,170 INFO valid recall: 0.830
2018-12-04 01:06:21,171 INFO valid F1: 0.858
2018-12-04 01:06:21,285 INFO Epoch 39:
2018-12-04 01:06:21,286 INFO Training...
2018-12-04 01:15:50,486 INFO train time: 569.200
2018-12-04 01:15:50,487 INFO train loss: 0.649
2018-12-04 01:15:50,487 INFO train accuracy: 0.772
2018-12-04 01:15:50,487 INFO train precision: 0.918
2018-12-04 01:15:50,487 INFO train recall: 0.875
2018-12-04 01:15:50,487 INFO train F1: 0.896
2018-12-04 01:15:50,488 INFO Evaluating...
2018-12-04 01:16:00,815 INFO valid time: 10.327
2018-12-04 01:16:00,816 INFO valid loss: 1.988
2018-12-04 01:16:00,816 INFO valid accuracy: 0.724
2018-12-04 01:16:00,816 INFO valid precision: 0.892
2018-12-04 01:16:00,816 INFO valid recall: 0.849
2018-12-04 01:16:00,816 INFO valid F1: 0.870
2018-12-04 01:16:00,938 INFO Epoch 40:
2018-12-04 01:16:00,939 INFO Training...
2018-12-04 01:25:29,557 INFO train time: 568.617
2018-12-04 01:25:29,557 INFO train loss: 0.523
2018-12-04 01:25:29,558 INFO train accuracy: 0.816
2018-12-04 01:25:29,558 INFO train precision: 0.937
2018-12-04 01:25:29,558 INFO train recall: 0.901
2018-12-04 01:25:29,558 INFO train F1: 0.919
2018-12-04 01:25:29,559 INFO Evaluating...
2018-12-04 01:25:39,969 INFO valid time: 10.410
2018-12-04 01:25:39,970 INFO valid loss: 3.007
2018-12-04 01:25:39,970 INFO valid accuracy: 0.720
2018-12-04 01:25:39,970 INFO valid precision: 0.880
2018-12-04 01:25:39,970 INFO valid recall: 0.849
2018-12-04 01:25:39,970 INFO valid F1: 0.864
2018-12-04 01:25:40,063 INFO Epoch 41:
2018-12-04 01:25:40,065 INFO Training...
2018-12-04 01:35:09,586 INFO train time: 569.521
2018-12-04 01:35:09,586 INFO train loss: 0.491
2018-12-04 01:35:09,586 INFO train accuracy: 0.829
2018-12-04 01:35:09,587 INFO train precision: 0.941
2018-12-04 01:35:09,587 INFO train recall: 0.905
2018-12-04 01:35:09,587 INFO train F1: 0.923
2018-12-04 01:35:09,587 INFO Evaluating...
2018-12-04 01:35:19,929 INFO valid time: 10.341
2018-12-04 01:35:19,929 INFO valid loss: 2.057
2018-12-04 01:35:19,929 INFO valid accuracy: 0.740
2018-12-04 01:35:19,929 INFO valid precision: 0.903
2018-12-04 01:35:19,929 INFO valid recall: 0.830
2018-12-04 01:35:19,929 INFO valid F1: 0.865
2018-12-04 01:35:20,021 INFO Epoch 42:
2018-12-04 01:35:20,023 INFO Training...
2018-12-04 01:44:46,916 INFO train time: 566.893
2018-12-04 01:44:46,916 INFO train loss: 0.425
2018-12-04 01:44:46,916 INFO train accuracy: 0.853
2018-12-04 01:44:46,917 INFO train precision: 0.953
2018-12-04 01:44:46,917 INFO train recall: 0.920
2018-12-04 01:44:46,917 INFO train F1: 0.936
2018-12-04 01:44:46,918 INFO Evaluating...
2018-12-04 01:44:57,179 INFO valid time: 10.261
2018-12-04 01:44:57,180 INFO valid loss: 1.825
2018-12-04 01:44:57,180 INFO valid accuracy: 0.752
2018-12-04 01:44:57,180 INFO valid precision: 0.906
2018-12-04 01:44:57,180 INFO valid recall: 0.846
2018-12-04 01:44:57,180 INFO valid F1: 0.875
2018-12-04 01:44:57,279 INFO Epoch 43:
2018-12-04 01:44:57,280 INFO Training...
2018-12-04 01:54:36,151 INFO train time: 578.870
2018-12-04 01:54:36,151 INFO train loss: 0.384
2018-12-04 01:54:36,152 INFO train accuracy: 0.867
2018-12-04 01:54:36,152 INFO train precision: 0.959
2018-12-04 01:54:36,152 INFO train recall: 0.930
2018-12-04 01:54:36,152 INFO train F1: 0.944
2018-12-04 01:54:36,153 INFO Evaluating...
2018-12-04 01:54:46,691 INFO valid time: 10.538
2018-12-04 01:54:46,691 INFO valid loss: 1.993
2018-12-04 01:54:46,691 INFO valid accuracy: 0.757
2018-12-04 01:54:46,692 INFO valid precision: 0.908
2018-12-04 01:54:46,692 INFO valid recall: 0.857
2018-12-04 01:54:46,692 INFO valid F1: 0.882
2018-12-04 01:54:46,793 INFO Epoch 44:
2018-12-04 01:54:46,795 INFO Training...
2018-12-04 02:04:17,146 INFO train time: 570.350
2018-12-04 02:04:17,146 INFO train loss: 0.357
2018-12-04 02:04:17,146 INFO train accuracy: 0.879
2018-12-04 02:04:17,147 INFO train precision: 0.963
2018-12-04 02:04:17,147 INFO train recall: 0.937
2018-12-04 02:04:17,147 INFO train F1: 0.950
2018-12-04 02:04:17,148 INFO Evaluating...
2018-12-04 02:04:27,263 INFO valid time: 10.115
2018-12-04 02:04:27,263 INFO valid loss: 2.003
2018-12-04 02:04:27,263 INFO valid accuracy: 0.768
2018-12-04 02:04:27,264 INFO valid precision: 0.917
2018-12-04 02:04:27,264 INFO valid recall: 0.854
2018-12-04 02:04:27,264 INFO valid F1: 0.884
2018-12-04 02:04:27,363 INFO Epoch 45:
2018-12-04 02:04:27,365 INFO Training...
2018-12-04 02:13:55,331 INFO train time: 567.966
2018-12-04 02:13:55,331 INFO train loss: 0.332
2018-12-04 02:13:55,332 INFO train accuracy: 0.890
2018-12-04 02:13:55,332 INFO train precision: 0.966
2018-12-04 02:13:55,332 INFO train recall: 0.943
2018-12-04 02:13:55,332 INFO train F1: 0.955
2018-12-04 02:13:55,333 INFO Evaluating...
2018-12-04 02:14:05,593 INFO valid time: 10.259
2018-12-04 02:14:05,593 INFO valid loss: 2.171
2018-12-04 02:14:05,593 INFO valid accuracy: 0.765
2018-12-04 02:14:05,593 INFO valid precision: 0.911
2018-12-04 02:14:05,594 INFO valid recall: 0.856
2018-12-04 02:14:05,594 INFO valid F1: 0.883
2018-12-04 02:14:05,694 INFO Epoch 46:
2018-12-04 02:14:05,695 INFO Training...
2018-12-04 02:23:32,475 INFO train time: 566.779
2018-12-04 02:23:32,475 INFO train loss: 0.320
2018-12-04 02:23:32,475 INFO train accuracy: 0.893
2018-12-04 02:23:32,475 INFO train precision: 0.968
2018-12-04 02:23:32,475 INFO train recall: 0.946
2018-12-04 02:23:32,475 INFO train F1: 0.957
2018-12-04 02:23:32,476 INFO Evaluating...
2018-12-04 02:23:42,799 INFO valid time: 10.322
2018-12-04 02:23:42,799 INFO valid loss: 2.223
2018-12-04 02:23:42,800 INFO valid accuracy: 0.762
2018-12-04 02:23:42,800 INFO valid precision: 0.915
2018-12-04 02:23:42,800 INFO valid recall: 0.848
2018-12-04 02:23:42,800 INFO valid F1: 0.880
2018-12-04 02:23:42,903 INFO Epoch 47:
2018-12-04 02:23:42,905 INFO Training...
2018-12-04 02:33:12,532 INFO train time: 569.627
2018-12-04 02:33:12,532 INFO train loss: 0.368
2018-12-04 02:33:12,533 INFO train accuracy: 0.877
2018-12-04 02:33:12,533 INFO train precision: 0.961
2018-12-04 02:33:12,533 INFO train recall: 0.937
2018-12-04 02:33:12,533 INFO train F1: 0.949
2018-12-04 02:33:12,534 INFO Evaluating...
2018-12-04 02:33:22,770 INFO valid time: 10.236
2018-12-04 02:33:22,771 INFO valid loss: 1.667
2018-12-04 02:33:22,771 INFO valid accuracy: 0.756
2018-12-04 02:33:22,771 INFO valid precision: 0.901
2018-12-04 02:33:22,771 INFO valid recall: 0.869
2018-12-04 02:33:22,771 INFO valid F1: 0.885
2018-12-04 02:33:22,868 INFO Epoch 48:
2018-12-04 02:33:22,869 INFO Training...
2018-12-04 02:43:15,742 INFO train time: 592.873
2018-12-04 02:43:15,742 INFO train loss: 0.511
2018-12-04 02:43:15,743 INFO train accuracy: 0.835
2018-12-04 02:43:15,743 INFO train precision: 0.943
2018-12-04 02:43:15,743 INFO train recall: 0.921
2018-12-04 02:43:15,743 INFO train F1: 0.932
2018-12-04 02:43:15,744 INFO Evaluating...
2018-12-04 02:43:27,828 INFO valid time: 12.084
2018-12-04 02:43:27,829 INFO valid loss: 1.504
2018-12-04 02:43:27,829 INFO valid accuracy: 0.719
2018-12-04 02:43:27,829 INFO valid precision: 0.900
2018-12-04 02:43:27,829 INFO valid recall: 0.811
2018-12-04 02:43:27,829 INFO valid F1: 0.853
2018-12-04 02:43:27,934 INFO Epoch 49:
2018-12-04 02:43:27,935 INFO Training...
2018-12-04 02:53:48,083 INFO train time: 620.148
2018-12-04 02:53:48,084 INFO train loss: 0.519
2018-12-04 02:53:48,084 INFO train accuracy: 0.830
2018-12-04 02:53:48,084 INFO train precision: 0.941
2018-12-04 02:53:48,084 INFO train recall: 0.915
2018-12-04 02:53:48,084 INFO train F1: 0.928
2018-12-04 02:53:48,085 INFO Evaluating...
2018-12-04 02:54:00,133 INFO valid time: 12.047
2018-12-04 02:54:00,134 INFO valid loss: 1.713
2018-12-04 02:54:00,134 INFO valid accuracy: 0.735
2018-12-04 02:54:00,134 INFO valid precision: 0.912
2018-12-04 02:54:00,134 INFO valid recall: 0.811
2018-12-04 02:54:00,134 INFO valid F1: 0.859
2018-12-04 02:54:00,252 INFO Epoch 50:
2018-12-04 02:54:00,253 INFO Training...
2018-12-04 03:04:29,234 INFO train time: 628.981
2018-12-04 03:04:29,235 INFO train loss: 0.397
2018-12-04 03:04:29,236 INFO train accuracy: 0.866
2018-12-04 03:04:29,236 INFO train precision: 0.956
2018-12-04 03:04:29,236 INFO train recall: 0.932
2018-12-04 03:04:29,236 INFO train F1: 0.944
2018-12-04 03:04:29,237 INFO Evaluating...
2018-12-04 03:04:41,520 INFO valid time: 12.283
2018-12-04 03:04:41,521 INFO valid loss: 2.077
2018-12-04 03:04:41,521 INFO valid accuracy: 0.765
2018-12-04 03:04:41,521 INFO valid precision: 0.913
2018-12-04 03:04:41,521 INFO valid recall: 0.864
2018-12-04 03:04:41,521 INFO valid F1: 0.888
2018-12-04 03:04:41,629 INFO Epoch 51:
2018-12-04 03:04:41,631 INFO Training...
2018-12-04 03:15:10,332 INFO train time: 628.701
2018-12-04 03:15:10,333 INFO train loss: 0.360
2018-12-04 03:15:10,333 INFO train accuracy: 0.878
2018-12-04 03:15:10,333 INFO train precision: 0.960
2018-12-04 03:15:10,333 INFO train recall: 0.943
2018-12-04 03:15:10,334 INFO train F1: 0.952
2018-12-04 03:15:10,335 INFO Evaluating...
2018-12-04 03:15:22,558 INFO valid time: 12.223
2018-12-04 03:15:22,559 INFO valid loss: 2.182
2018-12-04 03:15:22,559 INFO valid accuracy: 0.759
2018-12-04 03:15:22,559 INFO valid precision: 0.924
2018-12-04 03:15:22,559 INFO valid recall: 0.847
2018-12-04 03:15:22,559 INFO valid F1: 0.884
2018-12-04 03:15:22,670 INFO Epoch 52:
2018-12-04 03:15:22,671 INFO Training...
2018-12-04 03:25:43,155 INFO train time: 620.484
2018-12-04 03:25:43,155 INFO train loss: 0.353
2018-12-04 03:25:43,155 INFO train accuracy: 0.882
2018-12-04 03:25:43,155 INFO train precision: 0.963
2018-12-04 03:25:43,155 INFO train recall: 0.943
2018-12-04 03:25:43,155 INFO train F1: 0.953
2018-12-04 03:25:43,156 INFO Evaluating...
2018-12-04 03:25:55,583 INFO valid time: 12.426
2018-12-04 03:25:55,583 INFO valid loss: 2.191
2018-12-04 03:25:55,583 INFO valid accuracy: 0.758
2018-12-04 03:25:55,583 INFO valid precision: 0.903
2018-12-04 03:25:55,584 INFO valid recall: 0.881
2018-12-04 03:25:55,584 INFO valid F1: 0.892
2018-12-04 03:25:55,710 INFO Epoch 53:
2018-12-04 03:25:55,715 INFO Training...
2018-12-04 03:36:25,704 INFO train time: 629.989
2018-12-04 03:36:25,705 INFO train loss: 0.421
2018-12-04 03:36:25,705 INFO train accuracy: 0.868
2018-12-04 03:36:25,705 INFO train precision: 0.957
2018-12-04 03:36:25,705 INFO train recall: 0.936
2018-12-04 03:36:25,705 INFO train F1: 0.946
2018-12-04 03:36:25,706 INFO Evaluating...
2018-12-04 03:36:38,021 INFO valid time: 12.315
2018-12-04 03:36:38,021 INFO valid loss: 2.344
2018-12-04 03:36:38,022 INFO valid accuracy: 0.762
2018-12-04 03:36:38,022 INFO valid precision: 0.896
2018-12-04 03:36:38,022 INFO valid recall: 0.886
2018-12-04 03:36:38,022 INFO valid F1: 0.891
2018-12-04 03:36:38,125 INFO Epoch 54:
2018-12-04 03:36:38,127 INFO Training...
2018-12-04 03:46:53,881 INFO train time: 615.754
2018-12-04 03:46:53,882 INFO train loss: 0.346
2018-12-04 03:46:53,882 INFO train accuracy: 0.887
2018-12-04 03:46:53,882 INFO train precision: 0.963
2018-12-04 03:46:53,882 INFO train recall: 0.945
2018-12-04 03:46:53,882 INFO train F1: 0.954
2018-12-04 03:46:53,883 INFO Evaluating...
2018-12-04 03:47:06,665 INFO valid time: 12.781
2018-12-04 03:47:06,665 INFO valid loss: 1.893
2018-12-04 03:47:06,665 INFO valid accuracy: 0.773
2018-12-04 03:47:06,666 INFO valid precision: 0.896
2018-12-04 03:47:06,666 INFO valid recall: 0.902
2018-12-04 03:47:06,666 INFO valid F1: 0.899
2018-12-04 03:47:06,782 INFO Epoch 55:
2018-12-04 03:47:06,784 INFO Training...
2018-12-04 03:57:26,526 INFO train time: 619.742
2018-12-04 03:57:26,526 INFO train loss: 0.296
2018-12-04 03:57:26,527 INFO train accuracy: 0.903
2018-12-04 03:57:26,527 INFO train precision: 0.971
2018-12-04 03:57:26,527 INFO train recall: 0.953
2018-12-04 03:57:26,527 INFO train F1: 0.962
2018-12-04 03:57:26,528 INFO Evaluating...
2018-12-04 03:57:38,861 INFO valid time: 12.333
2018-12-04 03:57:38,861 INFO valid loss: 2.279
2018-12-04 03:57:38,861 INFO valid accuracy: 0.775
2018-12-04 03:57:38,862 INFO valid precision: 0.905
2018-12-04 03:57:38,862 INFO valid recall: 0.893
2018-12-04 03:57:38,862 INFO valid F1: 0.899
2018-12-04 03:57:38,972 INFO Epoch 56:
2018-12-04 03:57:38,979 INFO Training...
2018-12-04 04:08:07,308 INFO train time: 628.329
2018-12-04 04:08:07,309 INFO train loss: 0.271
2018-12-04 04:08:07,309 INFO train accuracy: 0.913
2018-12-04 04:08:07,309 INFO train precision: 0.974
2018-12-04 04:08:07,309 INFO train recall: 0.960
2018-12-04 04:08:07,309 INFO train F1: 0.967
2018-12-04 04:08:07,310 INFO Evaluating...
2018-12-04 04:08:19,681 INFO valid time: 12.371
2018-12-04 04:08:19,682 INFO valid loss: 1.989
2018-12-04 04:08:19,683 INFO valid accuracy: 0.785
2018-12-04 04:08:19,684 INFO valid precision: 0.911
2018-12-04 04:08:19,684 INFO valid recall: 0.894
2018-12-04 04:08:19,685 INFO valid F1: 0.902
2018-12-04 04:08:19,808 INFO Epoch 57:
2018-12-04 04:08:19,810 INFO Training...
2018-12-04 04:18:40,439 INFO train time: 620.629
2018-12-04 04:18:40,440 INFO train loss: 0.283
2018-12-04 04:18:40,440 INFO train accuracy: 0.907
2018-12-04 04:18:40,440 INFO train precision: 0.971
2018-12-04 04:18:40,440 INFO train recall: 0.954
2018-12-04 04:18:40,440 INFO train F1: 0.962
2018-12-04 04:18:40,441 INFO Evaluating...
2018-12-04 04:18:53,043 INFO valid time: 12.602
2018-12-04 04:18:53,043 INFO valid loss: 2.122
2018-12-04 04:18:53,044 INFO valid accuracy: 0.777
2018-12-04 04:18:53,044 INFO valid precision: 0.905
2018-12-04 04:18:53,044 INFO valid recall: 0.893
2018-12-04 04:18:53,044 INFO valid F1: 0.899
2018-12-04 04:18:53,153 INFO Epoch 58:
2018-12-04 04:18:53,154 INFO Training...
2018-12-04 04:29:09,575 INFO train time: 616.421
2018-12-04 04:29:09,576 INFO train loss: 0.273
2018-12-04 04:29:09,576 INFO train accuracy: 0.910
2018-12-04 04:29:09,577 INFO train precision: 0.970
2018-12-04 04:29:09,577 INFO train recall: 0.957
2018-12-04 04:29:09,577 INFO train F1: 0.964
2018-12-04 04:29:09,578 INFO Evaluating...
2018-12-04 04:29:22,430 INFO valid time: 12.852
2018-12-04 04:29:22,430 INFO valid loss: 1.915
2018-12-04 04:29:22,430 INFO valid accuracy: 0.780
2018-12-04 04:29:22,431 INFO valid precision: 0.913
2018-12-04 04:29:22,431 INFO valid recall: 0.870
2018-12-04 04:29:22,431 INFO valid F1: 0.891
2018-12-04 04:29:22,556 INFO Epoch 59:
2018-12-04 04:29:22,560 INFO Training...
2018-12-04 04:39:43,076 INFO train time: 620.516
2018-12-04 04:39:43,077 INFO train loss: 0.257
2018-12-04 04:39:43,077 INFO train accuracy: 0.915
2018-12-04 04:39:43,077 INFO train precision: 0.973
2018-12-04 04:39:43,077 INFO train recall: 0.959
2018-12-04 04:39:43,077 INFO train F1: 0.966
2018-12-04 04:39:43,080 INFO Evaluating...
2018-12-04 04:39:55,448 INFO valid time: 12.367
2018-12-04 04:39:55,448 INFO valid loss: 2.089
2018-12-04 04:39:55,448 INFO valid accuracy: 0.785
2018-12-04 04:39:55,449 INFO valid precision: 0.901
2018-12-04 04:39:55,449 INFO valid recall: 0.908
2018-12-04 04:39:55,449 INFO valid F1: 0.904
2018-12-04 04:39:55,554 INFO Epoch 60:
2018-12-04 04:39:55,555 INFO Training...
2018-12-04 04:50:17,283 INFO train time: 621.728
2018-12-04 04:50:17,283 INFO train loss: 0.270
2018-12-04 04:50:17,284 INFO train accuracy: 0.918
2018-12-04 04:50:17,284 INFO train precision: 0.972
2018-12-04 04:50:17,284 INFO train recall: 0.961
2018-12-04 04:50:17,284 INFO train F1: 0.967
2018-12-04 04:50:17,285 INFO Evaluating...
2018-12-04 04:50:29,967 INFO valid time: 12.682
2018-12-04 04:50:29,968 INFO valid loss: 2.466
2018-12-04 04:50:29,968 INFO valid accuracy: 0.725
2018-12-04 04:50:29,968 INFO valid precision: 0.845
2018-12-04 04:50:29,968 INFO valid recall: 0.921
2018-12-04 04:50:29,968 INFO valid F1: 0.882
2018-12-04 04:50:30,083 INFO Epoch 61:
2018-12-04 04:50:30,084 INFO Training...
2018-12-04 05:01:05,882 INFO train time: 635.797
2018-12-04 05:01:05,883 INFO train loss: 0.941
2018-12-04 05:01:05,883 INFO train accuracy: 0.743
2018-12-04 05:01:05,883 INFO train precision: 0.898
2018-12-04 05:01:05,883 INFO train recall: 0.861
2018-12-04 05:01:05,883 INFO train F1: 0.879
2018-12-04 05:01:05,884 INFO Evaluating...
2018-12-04 05:01:19,607 INFO valid time: 13.723
2018-12-04 05:01:19,610 INFO valid loss: 2.803
2018-12-04 05:01:19,611 INFO valid accuracy: 0.681
2018-12-04 05:01:19,611 INFO valid precision: 0.857
2018-12-04 05:01:19,611 INFO valid recall: 0.861
2018-12-04 05:01:19,611 INFO valid F1: 0.859
2018-12-04 05:01:19,727 INFO Epoch 62:
2018-12-04 05:01:19,728 INFO Training...
2018-12-04 05:11:45,377 INFO train time: 625.648
2018-12-04 05:11:45,377 INFO train loss: 0.844
2018-12-04 05:11:45,377 INFO train accuracy: 0.744
2018-12-04 05:11:45,377 INFO train precision: 0.900
2018-12-04 05:11:45,378 INFO train recall: 0.876
2018-12-04 05:11:45,378 INFO train F1: 0.888
2018-12-04 05:11:45,379 INFO Evaluating...
2018-12-04 05:11:57,980 INFO valid time: 12.601
2018-12-04 05:11:57,981 INFO valid loss: 2.343
2018-12-04 05:11:57,981 INFO valid accuracy: 0.700
2018-12-04 05:11:57,981 INFO valid precision: 0.896
2018-12-04 05:11:57,982 INFO valid recall: 0.768
2018-12-04 05:11:57,982 INFO valid F1: 0.827
2018-12-04 05:11:58,095 INFO Epoch 63:
2018-12-04 05:11:58,096 INFO Training...
2018-12-04 05:22:20,942 INFO train time: 622.845
2018-12-04 05:22:20,942 INFO train loss: 0.584
2018-12-04 05:22:20,942 INFO train accuracy: 0.812
2018-12-04 05:22:20,943 INFO train precision: 0.931
2018-12-04 05:22:20,943 INFO train recall: 0.901
2018-12-04 05:22:20,943 INFO train F1: 0.916
2018-12-04 05:22:20,943 INFO Evaluating...
2018-12-04 05:22:33,867 INFO valid time: 12.923
2018-12-04 05:22:33,867 INFO valid loss: 2.581
2018-12-04 05:22:33,867 INFO valid accuracy: 0.756
2018-12-04 05:22:33,868 INFO valid precision: 0.889
2018-12-04 05:22:33,868 INFO valid recall: 0.893
2018-12-04 05:22:33,868 INFO valid F1: 0.891
2018-12-04 05:22:34,006 INFO Epoch 64:
2018-12-04 05:22:34,012 INFO Training...
2018-12-04 05:33:08,744 INFO train time: 634.732
2018-12-04 05:33:08,744 INFO train loss: 0.722
2018-12-04 05:33:08,745 INFO train accuracy: 0.807
2018-12-04 05:33:08,745 INFO train precision: 0.929
2018-12-04 05:33:08,745 INFO train recall: 0.895
2018-12-04 05:33:08,745 INFO train F1: 0.911
2018-12-04 05:33:08,746 INFO Evaluating...
2018-12-04 05:33:21,557 INFO valid time: 12.811
2018-12-04 05:33:21,558 INFO valid loss: 3.262
2018-12-04 05:33:21,558 INFO valid accuracy: 0.458
2018-12-04 05:33:21,558 INFO valid precision: 0.794
2018-12-04 05:33:21,558 INFO valid recall: 0.483
2018-12-04 05:33:21,558 INFO valid F1: 0.601
2018-12-04 05:33:21,668 INFO Epoch 65:
2018-12-04 05:33:21,669 INFO Training...
2018-12-04 05:43:57,534 INFO train time: 635.865
2018-12-04 05:43:57,534 INFO train loss: 2.971
2018-12-04 05:43:57,535 INFO train accuracy: 0.435
2018-12-04 05:43:57,535 INFO train precision: 0.756
2018-12-04 05:43:57,535 INFO train recall: 0.564
2018-12-04 05:43:57,535 INFO train F1: 0.646
2018-12-04 05:43:57,536 INFO Evaluating...
2018-12-04 05:44:10,397 INFO valid time: 12.860
2018-12-04 05:44:10,397 INFO valid loss: 2.463
2018-12-04 05:44:10,397 INFO valid accuracy: 0.474
2018-12-04 05:44:10,398 INFO valid precision: 0.746
2018-12-04 05:44:10,398 INFO valid recall: 0.719
2018-12-04 05:44:10,398 INFO valid F1: 0.732
2018-12-04 05:44:10,511 INFO Epoch 66:
2018-12-04 05:44:10,512 INFO Training...
2018-12-04 05:54:32,914 INFO train time: 622.401
2018-12-04 05:54:32,914 INFO train loss: 1.680
2018-12-04 05:54:32,915 INFO train accuracy: 0.499
2018-12-04 05:54:32,915 INFO train precision: 0.785
2018-12-04 05:54:32,915 INFO train recall: 0.647
2018-12-04 05:54:32,915 INFO train F1: 0.709
2018-12-04 05:54:32,916 INFO Evaluating...
2018-12-04 05:54:45,964 INFO valid time: 13.047
2018-12-04 05:54:45,964 INFO valid loss: 2.513
2018-12-04 05:54:45,964 INFO valid accuracy: 0.516
2018-12-04 05:54:45,964 INFO valid precision: 0.791
2018-12-04 05:54:45,965 INFO valid recall: 0.643
2018-12-04 05:54:45,965 INFO valid F1: 0.710
2018-12-04 05:54:46,088 INFO Epoch 67:
2018-12-04 05:54:46,089 INFO Training...
2018-12-04 06:05:14,011 INFO train time: 627.922
2018-12-04 06:05:14,012 INFO train loss: 1.265
2018-12-04 06:05:14,012 INFO train accuracy: 0.562
2018-12-04 06:05:14,012 INFO train precision: 0.817
2018-12-04 06:05:14,012 INFO train recall: 0.709
2018-12-04 06:05:14,012 INFO train F1: 0.759
2018-12-04 06:05:14,013 INFO Evaluating...
2018-12-04 06:05:26,899 INFO valid time: 12.885
2018-12-04 06:05:26,899 INFO valid loss: 2.545
2018-12-04 06:05:26,900 INFO valid accuracy: 0.570
2018-12-04 06:05:26,900 INFO valid precision: 0.816
2018-12-04 06:05:26,900 INFO valid recall: 0.734
2018-12-04 06:05:26,900 INFO valid F1: 0.773
2018-12-04 06:05:27,019 INFO Epoch 68:
2018-12-04 06:05:27,020 INFO Training...
2018-12-04 06:15:53,980 INFO train time: 626.960
2018-12-04 06:15:53,980 INFO train loss: 1.042
2018-12-04 06:15:53,981 INFO train accuracy: 0.611
2018-12-04 06:15:53,981 INFO train precision: 0.838
2018-12-04 06:15:53,981 INFO train recall: 0.762
2018-12-04 06:15:53,981 INFO train F1: 0.798
2018-12-04 06:15:53,982 INFO Evaluating...
2018-12-04 06:16:07,223 INFO valid time: 13.241
2018-12-04 06:16:07,224 INFO valid loss: 1.531
2018-12-04 06:16:07,224 INFO valid accuracy: 0.609
2018-12-04 06:16:07,224 INFO valid precision: 0.829
2018-12-04 06:16:07,224 INFO valid recall: 0.774
2018-12-04 06:16:07,224 INFO valid F1: 0.800
2018-12-04 06:16:07,357 INFO Epoch 69:
2018-12-04 06:16:07,358 INFO Training...
2018-12-04 06:26:42,529 INFO train time: 635.171
2018-12-04 06:26:42,530 INFO train loss: 0.888
2018-12-04 06:26:42,530 INFO train accuracy: 0.665
2018-12-04 06:26:42,531 INFO train precision: 0.868
2018-12-04 06:26:42,531 INFO train recall: 0.800
2018-12-04 06:26:42,531 INFO train F1: 0.832
2018-12-04 06:26:42,537 INFO Evaluating...
2018-12-04 06:26:56,076 INFO valid time: 13.539
2018-12-04 06:26:56,076 INFO valid loss: 1.827
2018-12-04 06:26:56,077 INFO valid accuracy: 0.635
2018-12-04 06:26:56,077 INFO valid precision: 0.840
2018-12-04 06:26:56,077 INFO valid recall: 0.810
2018-12-04 06:26:56,077 INFO valid F1: 0.824
2018-12-04 06:26:56,189 INFO Epoch 70:
2018-12-04 06:26:56,197 INFO Training...
2018-12-04 06:37:17,049 INFO train time: 620.851
2018-12-04 06:37:17,049 INFO train loss: 0.815
2018-12-04 06:37:17,049 INFO train accuracy: 0.692
2018-12-04 06:37:17,049 INFO train precision: 0.880
2018-12-04 06:37:17,049 INFO train recall: 0.821
2018-12-04 06:37:17,050 INFO train F1: 0.849
2018-12-04 06:37:17,050 INFO Evaluating...
2018-12-04 06:37:30,067 INFO valid time: 13.017
2018-12-04 06:37:30,068 INFO valid loss: 1.507
2018-12-04 06:37:30,068 INFO valid accuracy: 0.655
2018-12-04 06:37:30,068 INFO valid precision: 0.856
2018-12-04 06:37:30,068 INFO valid recall: 0.780
2018-12-04 06:37:30,069 INFO valid F1: 0.816
2018-12-04 06:37:30,178 INFO Epoch 71:
2018-12-04 06:37:30,179 INFO Training...
2018-12-04 06:47:58,776 INFO train time: 628.597
2018-12-04 06:47:58,777 INFO train loss: 0.742
2018-12-04 06:47:58,777 INFO train accuracy: 0.721
2018-12-04 06:47:58,777 INFO train precision: 0.894
2018-12-04 06:47:58,777 INFO train recall: 0.845
2018-12-04 06:47:58,777 INFO train F1: 0.869
2018-12-04 06:47:58,778 INFO Evaluating...
2018-12-04 06:48:12,043 INFO valid time: 13.265
2018-12-04 06:48:12,044 INFO valid loss: 1.703
2018-12-04 06:48:12,044 INFO valid accuracy: 0.684
2018-12-04 06:48:12,044 INFO valid precision: 0.865
2018-12-04 06:48:12,044 INFO valid recall: 0.825
2018-12-04 06:48:12,044 INFO valid F1: 0.844
2018-12-04 06:48:12,158 INFO Epoch 72:
2018-12-04 06:48:12,163 INFO Training...
2018-12-04 06:58:08,663 INFO train time: 596.500
2018-12-04 06:58:08,664 INFO train loss: 0.676
2018-12-04 06:58:08,664 INFO train accuracy: 0.747
2018-12-04 06:58:08,664 INFO train precision: 0.905
2018-12-04 06:58:08,664 INFO train recall: 0.863
2018-12-04 06:58:08,665 INFO train F1: 0.884
2018-12-04 06:58:08,666 INFO Evaluating...
2018-12-04 06:58:19,425 INFO valid time: 10.759
2018-12-04 06:58:19,426 INFO valid loss: 1.841
2018-12-04 06:58:19,426 INFO valid accuracy: 0.700
2018-12-04 06:58:19,426 INFO valid precision: 0.874
2018-12-04 06:58:19,426 INFO valid recall: 0.840
2018-12-04 06:58:19,427 INFO valid F1: 0.857
2018-12-04 06:58:19,535 INFO Epoch 73:
2018-12-04 06:58:19,537 INFO Training...
2018-12-04 07:07:54,924 INFO train time: 575.388
2018-12-04 07:07:54,925 INFO train loss: 0.618
2018-12-04 07:07:54,925 INFO train accuracy: 0.772
2018-12-04 07:07:54,925 INFO train precision: 0.915
2018-12-04 07:07:54,925 INFO train recall: 0.880
2018-12-04 07:07:54,925 INFO train F1: 0.897
2018-12-04 07:07:54,926 INFO Evaluating...
2018-12-04 07:08:05,589 INFO valid time: 10.663
2018-12-04 07:08:05,589 INFO valid loss: 1.725
2018-12-04 07:08:05,589 INFO valid accuracy: 0.708
2018-12-04 07:08:05,590 INFO valid precision: 0.880
2018-12-04 07:08:05,590 INFO valid recall: 0.832
2018-12-04 07:08:05,590 INFO valid F1: 0.855
2018-12-04 07:08:05,701 INFO Epoch 74:
2018-12-04 07:08:05,703 INFO Training...
2018-12-04 07:17:43,362 INFO train time: 577.659
2018-12-04 07:17:43,363 INFO train loss: 0.575
2018-12-04 07:17:43,363 INFO train accuracy: 0.790
2018-12-04 07:17:43,363 INFO train precision: 0.925
2018-12-04 07:17:43,363 INFO train recall: 0.891
2018-12-04 07:17:43,363 INFO train F1: 0.907
2018-12-04 07:17:43,364 INFO Evaluating...
2018-12-04 07:17:54,186 INFO valid time: 10.822
2018-12-04 07:17:54,186 INFO valid loss: 1.590
2018-12-04 07:17:54,186 INFO valid accuracy: 0.723
2018-12-04 07:17:54,187 INFO valid precision: 0.886
2018-12-04 07:17:54,187 INFO valid recall: 0.851
2018-12-04 07:17:54,187 INFO valid F1: 0.868
2018-12-04 07:17:54,286 INFO Epoch 75:
2018-12-04 07:17:54,287 INFO Training...
2018-12-04 07:27:41,755 INFO train time: 587.467
2018-12-04 07:27:41,755 INFO train loss: 0.528
2018-12-04 07:27:41,755 INFO train accuracy: 0.809
2018-12-04 07:27:41,755 INFO train precision: 0.934
2018-12-04 07:27:41,755 INFO train recall: 0.901
2018-12-04 07:27:41,755 INFO train F1: 0.917
2018-12-04 07:27:41,756 INFO Evaluating...
2018-12-04 07:27:52,897 INFO valid time: 11.140
2018-12-04 07:27:52,897 INFO valid loss: 1.585
2018-12-04 07:27:52,897 INFO valid accuracy: 0.732
2018-12-04 07:27:52,897 INFO valid precision: 0.888
2018-12-04 07:27:52,897 INFO valid recall: 0.855
2018-12-04 07:27:52,898 INFO valid F1: 0.871
2018-12-04 07:27:52,993 INFO Epoch 76:
2018-12-04 07:27:52,994 INFO Training...
2018-12-04 07:37:26,910 INFO train time: 573.916
2018-12-04 07:37:26,910 INFO train loss: 0.501
2018-12-04 07:37:26,910 INFO train accuracy: 0.821
2018-12-04 07:37:26,910 INFO train precision: 0.937
2018-12-04 07:37:26,911 INFO train recall: 0.909
2018-12-04 07:37:26,911 INFO train F1: 0.923
2018-12-04 07:37:26,911 INFO Evaluating...
2018-12-04 07:37:37,658 INFO valid time: 10.746
2018-12-04 07:37:37,658 INFO valid loss: 1.547
2018-12-04 07:37:37,658 INFO valid accuracy: 0.723
2018-12-04 07:37:37,658 INFO valid precision: 0.890
2018-12-04 07:37:37,659 INFO valid recall: 0.833
2018-12-04 07:37:37,659 INFO valid F1: 0.860
2018-12-04 07:37:37,757 INFO Epoch 77:
2018-12-04 07:37:37,758 INFO Training...
2018-12-04 07:47:16,254 INFO train time: 578.495
2018-12-04 07:47:16,254 INFO train loss: 0.515
2018-12-04 07:47:16,254 INFO train accuracy: 0.816
2018-12-04 07:47:16,254 INFO train precision: 0.938
2018-12-04 07:47:16,254 INFO train recall: 0.903
2018-12-04 07:47:16,255 INFO train F1: 0.920
2018-12-04 07:47:16,255 INFO Evaluating...
2018-12-04 07:47:26,886 INFO valid time: 10.631
2018-12-04 07:47:26,887 INFO valid loss: 1.550
2018-12-04 07:47:26,887 INFO valid accuracy: 0.738
2018-12-04 07:47:26,887 INFO valid precision: 0.891
2018-12-04 07:47:26,887 INFO valid recall: 0.854
2018-12-04 07:47:26,887 INFO valid F1: 0.872
2018-12-04 07:47:26,998 INFO Epoch 78:
2018-12-04 07:47:26,999 INFO Training...
2018-12-04 07:57:03,918 INFO train time: 576.918
2018-12-04 07:57:03,918 INFO train loss: 0.576
2018-12-04 07:57:03,918 INFO train accuracy: 0.798
2018-12-04 07:57:03,918 INFO train precision: 0.930
2018-12-04 07:57:03,919 INFO train recall: 0.890
2018-12-04 07:57:03,919 INFO train F1: 0.909
2018-12-04 07:57:03,919 INFO Evaluating...
2018-12-04 07:57:14,868 INFO valid time: 10.949
2018-12-04 07:57:14,869 INFO valid loss: 1.343
2018-12-04 07:57:14,869 INFO valid accuracy: 0.701
2018-12-04 07:57:14,869 INFO valid precision: 0.877
2018-12-04 07:57:14,869 INFO valid recall: 0.841
2018-12-04 07:57:14,869 INFO valid F1: 0.859
2018-12-04 07:57:14,968 INFO Epoch 79:
2018-12-04 07:57:14,969 INFO Training...
2018-12-04 08:07:03,748 INFO train time: 588.778
2018-12-04 08:07:03,749 INFO train loss: 0.847
2018-12-04 08:07:03,749 INFO train accuracy: 0.708
2018-12-04 08:07:03,749 INFO train precision: 0.889
2018-12-04 08:07:03,749 INFO train recall: 0.853
2018-12-04 08:07:03,749 INFO train F1: 0.870
2018-12-04 08:07:03,750 INFO Evaluating...
2018-12-04 08:07:14,458 INFO valid time: 10.707
2018-12-04 08:07:14,458 INFO valid loss: 1.693
2018-12-04 08:07:14,458 INFO valid accuracy: 0.666
2018-12-04 08:07:14,458 INFO valid precision: 0.854
2018-12-04 08:07:14,458 INFO valid recall: 0.833
2018-12-04 08:07:14,458 INFO valid F1: 0.844
2018-12-04 08:07:14,548 INFO Epoch 80:
2018-12-04 08:07:14,559 INFO Training...
2018-12-04 08:16:53,903 INFO train time: 579.344
2018-12-04 08:16:53,903 INFO train loss: 1.235
2018-12-04 08:16:53,904 INFO train accuracy: 0.589
2018-12-04 08:16:53,904 INFO train precision: 0.851
2018-12-04 08:16:53,904 INFO train recall: 0.685
2018-12-04 08:16:53,904 INFO train F1: 0.759
2018-12-04 08:16:53,905 INFO Evaluating...
2018-12-04 08:17:04,761 INFO valid time: 10.855
2018-12-04 08:17:04,761 INFO valid loss: 1.634
2018-12-04 08:17:04,762 INFO valid accuracy: 0.611
2018-12-04 08:17:04,762 INFO valid precision: 0.828
2018-12-04 08:17:04,762 INFO valid recall: 0.786
2018-12-04 08:17:04,763 INFO valid F1: 0.806
2018-12-04 08:17:04,872 INFO Epoch 81:
2018-12-04 08:17:04,873 INFO Training...
2018-12-04 08:26:50,659 INFO train time: 585.785
2018-12-04 08:26:50,659 INFO train loss: 1.282
2018-12-04 08:26:50,659 INFO train accuracy: 0.589
2018-12-04 08:26:50,660 INFO train precision: 0.841
2018-12-04 08:26:50,660 INFO train recall: 0.690
2018-12-04 08:26:50,660 INFO train F1: 0.758
2018-12-04 08:26:50,661 INFO Evaluating...
2018-12-04 08:27:01,953 INFO valid time: 11.292
2018-12-04 08:27:01,954 INFO valid loss: 1.814
2018-12-04 08:27:01,954 INFO valid accuracy: 0.565
2018-12-04 08:27:01,954 INFO valid precision: 0.821
2018-12-04 08:27:01,954 INFO valid recall: 0.746
2018-12-04 08:27:01,954 INFO valid F1: 0.782
2018-12-04 08:27:02,057 INFO Epoch 82:
2018-12-04 08:27:02,058 INFO Training...
2018-12-04 08:36:59,858 INFO train time: 597.800
2018-12-04 08:36:59,859 INFO train loss: 1.433
2018-12-04 08:36:59,859 INFO train accuracy: 0.592
2018-12-04 08:36:59,859 INFO train precision: 0.835
2018-12-04 08:36:59,859 INFO train recall: 0.744
2018-12-04 08:36:59,859 INFO train F1: 0.787
2018-12-04 08:36:59,860 INFO Evaluating...
2018-12-04 08:37:10,776 INFO valid time: 10.916
2018-12-04 08:37:10,777 INFO valid loss: 2.026
2018-12-04 08:37:10,777 INFO valid accuracy: 0.567
2018-12-04 08:37:10,777 INFO valid precision: 0.810
2018-12-04 08:37:10,777 INFO valid recall: 0.747
2018-12-04 08:37:10,777 INFO valid F1: 0.777
2018-12-04 08:37:10,868 INFO Epoch 83:
2018-12-04 08:37:10,872 INFO Training...
2018-12-04 08:46:51,963 INFO train time: 581.091
2018-12-04 08:46:51,964 INFO train loss: 1.079
2018-12-04 08:46:51,964 INFO train accuracy: 0.652
2018-12-04 08:46:51,965 INFO train precision: 0.858
2018-12-04 08:46:51,965 INFO train recall: 0.793
2018-12-04 08:46:51,965 INFO train F1: 0.824
2018-12-04 08:46:51,966 INFO Evaluating...
2018-12-04 08:47:03,349 INFO valid time: 11.383
2018-12-04 08:47:03,350 INFO valid loss: 1.242
2018-12-04 08:47:03,350 INFO valid accuracy: 0.647
2018-12-04 08:47:03,350 INFO valid precision: 0.841
2018-12-04 08:47:03,350 INFO valid recall: 0.836
2018-12-04 08:47:03,350 INFO valid F1: 0.839
2018-12-04 08:47:03,464 INFO Epoch 84:
2018-12-04 08:47:03,466 INFO Training...
2018-12-04 08:56:54,093 INFO train time: 590.627
2018-12-04 08:56:54,094 INFO train loss: 1.029
2018-12-04 08:56:54,094 INFO train accuracy: 0.641
2018-12-04 08:56:54,094 INFO train precision: 0.858
2018-12-04 08:56:54,094 INFO train recall: 0.784
2018-12-04 08:56:54,094 INFO train F1: 0.819
2018-12-04 08:56:54,095 INFO Evaluating...
2018-12-04 08:57:06,632 INFO valid time: 12.537
2018-12-04 08:57:06,633 INFO valid loss: 1.729
2018-12-04 08:57:06,633 INFO valid accuracy: 0.641
2018-12-04 08:57:06,633 INFO valid precision: 0.847
2018-12-04 08:57:06,633 INFO valid recall: 0.828
2018-12-04 08:57:06,634 INFO valid F1: 0.837
2018-12-04 08:57:06,756 INFO Epoch 85:
2018-12-04 08:57:06,757 INFO Training...
2018-12-04 09:06:47,231 INFO train time: 580.474
2018-12-04 09:06:47,232 INFO train loss: 0.847
2018-12-04 09:06:47,232 INFO train accuracy: 0.698
2018-12-04 09:06:47,232 INFO train precision: 0.883
2018-12-04 09:06:47,232 INFO train recall: 0.842
2018-12-04 09:06:47,232 INFO train F1: 0.862
2018-12-04 09:06:47,233 INFO Evaluating...
2018-12-04 09:06:57,985 INFO valid time: 10.752
2018-12-04 09:06:57,986 INFO valid loss: 1.470
2018-12-04 09:06:57,986 INFO valid accuracy: 0.679
2018-12-04 09:06:57,986 INFO valid precision: 0.870
2018-12-04 09:06:57,987 INFO valid recall: 0.830
2018-12-04 09:06:57,987 INFO valid F1: 0.849
2018-12-04 09:06:58,090 INFO Epoch 86:
2018-12-04 09:06:58,091 INFO Training...
2018-12-04 09:16:31,460 INFO train time: 573.369
2018-12-04 09:16:31,460 INFO train loss: 0.695
2018-12-04 09:16:31,460 INFO train accuracy: 0.747
2018-12-04 09:16:31,461 INFO train precision: 0.907
2018-12-04 09:16:31,461 INFO train recall: 0.860
2018-12-04 09:16:31,461 INFO train F1: 0.883
2018-12-04 09:16:31,461 INFO Evaluating...
2018-12-04 09:16:42,311 INFO valid time: 10.849
2018-12-04 09:16:42,312 INFO valid loss: 1.055
2018-12-04 09:16:42,312 INFO valid accuracy: 0.706
2018-12-04 09:16:42,312 INFO valid precision: 0.878
2018-12-04 09:16:42,312 INFO valid recall: 0.847
2018-12-04 09:16:42,312 INFO valid F1: 0.862
2018-12-04 09:16:42,416 INFO Epoch 87:
2018-12-04 09:16:42,417 INFO Training...
2018-12-04 09:26:15,989 INFO train time: 573.572
2018-12-04 09:26:15,990 INFO train loss: 0.602
2018-12-04 09:26:15,990 INFO train accuracy: 0.779
2018-12-04 09:26:15,990 INFO train precision: 0.919
2018-12-04 09:26:15,990 INFO train recall: 0.877
2018-12-04 09:26:15,990 INFO train F1: 0.898
2018-12-04 09:26:15,991 INFO Evaluating...
2018-12-04 09:26:26,919 INFO valid time: 10.927
2018-12-04 09:26:26,919 INFO valid loss: 1.778
2018-12-04 09:26:26,919 INFO valid accuracy: 0.723
2018-12-04 09:26:26,919 INFO valid precision: 0.878
2018-12-04 09:26:26,920 INFO valid recall: 0.864
2018-12-04 09:26:26,920 INFO valid F1: 0.871
2018-12-04 09:26:27,044 INFO Epoch 88:
2018-12-04 09:26:27,046 INFO Training...
2018-12-04 09:36:00,154 INFO train time: 573.108
2018-12-04 09:36:00,154 INFO train loss: 0.541
2018-12-04 09:36:00,154 INFO train accuracy: 0.804
2018-12-04 09:36:00,154 INFO train precision: 0.931
2018-12-04 09:36:00,154 INFO train recall: 0.890
2018-12-04 09:36:00,154 INFO train F1: 0.910
2018-12-04 09:36:00,155 INFO Evaluating...
2018-12-04 09:36:10,899 INFO valid time: 10.743
2018-12-04 09:36:10,899 INFO valid loss: 1.450
2018-12-04 09:36:10,899 INFO valid accuracy: 0.730
2018-12-04 09:36:10,899 INFO valid precision: 0.881
2018-12-04 09:36:10,899 INFO valid recall: 0.869
2018-12-04 09:36:10,899 INFO valid F1: 0.875
2018-12-04 09:36:11,007 INFO Epoch 89:
2018-12-04 09:36:11,008 INFO Training...
2018-12-04 09:45:56,361 INFO train time: 585.353
2018-12-04 09:45:56,361 INFO train loss: 0.509
2018-12-04 09:45:56,362 INFO train accuracy: 0.818
2018-12-04 09:45:56,362 INFO train precision: 0.935
2018-12-04 09:45:56,362 INFO train recall: 0.900
2018-12-04 09:45:56,362 INFO train F1: 0.917
2018-12-04 09:45:56,363 INFO Evaluating...
2018-12-04 09:46:07,081 INFO valid time: 10.718
2018-12-04 09:46:07,082 INFO valid loss: 1.105
2018-12-04 09:46:07,082 INFO valid accuracy: 0.753
2018-12-04 09:46:07,082 INFO valid precision: 0.896
2018-12-04 09:46:07,082 INFO valid recall: 0.865
2018-12-04 09:46:07,082 INFO valid F1: 0.880
2018-12-04 09:46:07,184 INFO Epoch 90:
2018-12-04 09:46:07,185 INFO Training...
2018-12-04 09:55:53,461 INFO train time: 586.275
2018-12-04 09:55:53,461 INFO train loss: 0.460
2018-12-04 09:55:53,461 INFO train accuracy: 0.837
2018-12-04 09:55:53,461 INFO train precision: 0.942
2018-12-04 09:55:53,461 INFO train recall: 0.913
2018-12-04 09:55:53,462 INFO train F1: 0.927
2018-12-04 09:55:53,462 INFO Evaluating...
2018-12-04 09:56:04,252 INFO valid time: 10.789
2018-12-04 09:56:04,252 INFO valid loss: 1.074
2018-12-04 09:56:04,252 INFO valid accuracy: 0.764
2018-12-04 09:56:04,252 INFO valid precision: 0.908
2018-12-04 09:56:04,253 INFO valid recall: 0.865
2018-12-04 09:56:04,253 INFO valid F1: 0.886
2018-12-04 09:56:04,343 INFO Epoch 91:
2018-12-04 09:56:04,345 INFO Training...
2018-12-04 10:05:51,700 INFO train time: 587.355
2018-12-04 10:05:51,701 INFO train loss: 0.413
2018-12-04 10:05:51,701 INFO train accuracy: 0.857
2018-12-04 10:05:51,701 INFO train precision: 0.950
2018-12-04 10:05:51,701 INFO train recall: 0.924
2018-12-04 10:05:51,702 INFO train F1: 0.937
2018-12-04 10:05:51,703 INFO Evaluating...
2018-12-04 10:06:02,532 INFO valid time: 10.829
2018-12-04 10:06:02,533 INFO valid loss: 1.154
2018-12-04 10:06:02,533 INFO valid accuracy: 0.764
2018-12-04 10:06:02,533 INFO valid precision: 0.902
2018-12-04 10:06:02,533 INFO valid recall: 0.870
2018-12-04 10:06:02,533 INFO valid F1: 0.886
2018-12-04 10:06:02,641 INFO Epoch 92:
2018-12-04 10:06:02,642 INFO Training...
2018-12-04 10:15:49,441 INFO train time: 586.798
2018-12-04 10:15:49,442 INFO train loss: 0.398
2018-12-04 10:15:49,442 INFO train accuracy: 0.864
2018-12-04 10:15:49,442 INFO train precision: 0.953
2018-12-04 10:15:49,442 INFO train recall: 0.928
2018-12-04 10:15:49,442 INFO train F1: 0.940
2018-12-04 10:15:49,443 INFO Evaluating...
2018-12-04 10:16:00,037 INFO valid time: 10.593
2018-12-04 10:16:00,037 INFO valid loss: 1.301
2018-12-04 10:16:00,037 INFO valid accuracy: 0.759
2018-12-04 10:16:00,037 INFO valid precision: 0.901
2018-12-04 10:16:00,037 INFO valid recall: 0.871
2018-12-04 10:16:00,038 INFO valid F1: 0.886
2018-12-04 10:16:00,132 INFO Epoch 93:
2018-12-04 10:16:00,133 INFO Training...
2018-12-04 10:25:31,954 INFO train time: 571.821
2018-12-04 10:25:31,955 INFO train loss: 0.446
2018-12-04 10:25:31,955 INFO train accuracy: 0.847
2018-12-04 10:25:31,955 INFO train precision: 0.947
2018-12-04 10:25:31,955 INFO train recall: 0.920
2018-12-04 10:25:31,955 INFO train F1: 0.933
2018-12-04 10:25:31,956 INFO Evaluating...
2018-12-04 10:25:42,703 INFO valid time: 10.747
2018-12-04 10:25:42,703 INFO valid loss: 1.144
2018-12-04 10:25:42,703 INFO valid accuracy: 0.752
2018-12-04 10:25:42,703 INFO valid precision: 0.892
2018-12-04 10:25:42,704 INFO valid recall: 0.888
2018-12-04 10:25:42,704 INFO valid F1: 0.890
2018-12-04 10:25:42,798 INFO Epoch 94:
2018-12-04 10:25:42,799 INFO Training...
2018-12-04 10:35:28,143 INFO train time: 585.344
2018-12-04 10:35:28,143 INFO train loss: 0.375
2018-12-04 10:35:28,143 INFO train accuracy: 0.869
2018-12-04 10:35:28,143 INFO train precision: 0.955
2018-12-04 10:35:28,144 INFO train recall: 0.929
2018-12-04 10:35:28,144 INFO train F1: 0.942
2018-12-04 10:35:28,145 INFO Evaluating...
2018-12-04 10:35:38,930 INFO valid time: 10.785
2018-12-04 10:35:38,931 INFO valid loss: 1.065
2018-12-04 10:35:38,931 INFO valid accuracy: 0.771
2018-12-04 10:35:38,931 INFO valid precision: 0.898
2018-12-04 10:35:38,931 INFO valid recall: 0.902
2018-12-04 10:35:38,931 INFO valid F1: 0.900
2018-12-04 10:35:39,049 INFO Epoch 95:
2018-12-04 10:35:39,050 INFO Training...
2018-12-04 10:45:25,356 INFO train time: 586.306
2018-12-04 10:45:25,357 INFO train loss: 0.345
2018-12-04 10:45:25,357 INFO train accuracy: 0.881
2018-12-04 10:45:25,357 INFO train precision: 0.958
2018-12-04 10:45:25,357 INFO train recall: 0.937
2018-12-04 10:45:25,357 INFO train F1: 0.947
2018-12-04 10:45:25,358 INFO Evaluating...
2018-12-04 10:45:36,276 INFO valid time: 10.917
2018-12-04 10:45:36,276 INFO valid loss: 1.132
2018-12-04 10:45:36,276 INFO valid accuracy: 0.775
2018-12-04 10:45:36,277 INFO valid precision: 0.900
2018-12-04 10:45:36,277 INFO valid recall: 0.895
2018-12-04 10:45:36,277 INFO valid F1: 0.898
2018-12-04 10:45:36,379 INFO Epoch 96:
2018-12-04 10:45:36,383 INFO Training...
2018-12-04 10:55:08,866 INFO train time: 572.482
2018-12-04 10:55:08,866 INFO train loss: 0.306
2018-12-04 10:55:08,866 INFO train accuracy: 0.897
2018-12-04 10:55:08,867 INFO train precision: 0.965
2018-12-04 10:55:08,867 INFO train recall: 0.945
2018-12-04 10:55:08,867 INFO train F1: 0.955
2018-12-04 10:55:08,868 INFO Evaluating...
2018-12-04 10:55:19,653 INFO valid time: 10.786
2018-12-04 10:55:19,654 INFO valid loss: 1.086
2018-12-04 10:55:19,654 INFO valid accuracy: 0.781
2018-12-04 10:55:19,655 INFO valid precision: 0.901
2018-12-04 10:55:19,655 INFO valid recall: 0.897
2018-12-04 10:55:19,655 INFO valid F1: 0.899
2018-12-04 10:55:19,760 INFO Epoch 97:
2018-12-04 10:55:19,762 INFO Training...
2018-12-04 11:05:04,157 INFO train time: 584.395
2018-12-04 11:05:04,158 INFO train loss: 0.302
2018-12-04 11:05:04,158 INFO train accuracy: 0.898
2018-12-04 11:05:04,158 INFO train precision: 0.966
2018-12-04 11:05:04,158 INFO train recall: 0.946
2018-12-04 11:05:04,158 INFO train F1: 0.956
2018-12-04 11:05:04,159 INFO Evaluating...
2018-12-04 11:05:15,059 INFO valid time: 10.900
2018-12-04 11:05:15,060 INFO valid loss: 1.207
2018-12-04 11:05:15,060 INFO valid accuracy: 0.766
2018-12-04 11:05:15,060 INFO valid precision: 0.897
2018-12-04 11:05:15,060 INFO valid recall: 0.892
2018-12-04 11:05:15,060 INFO valid F1: 0.895
2018-12-04 11:05:15,162 INFO Epoch 98:
2018-12-04 11:05:15,164 INFO Training...
2018-12-04 11:14:47,667 INFO train time: 572.503
2018-12-04 11:14:47,667 INFO train loss: 0.306
2018-12-04 11:14:47,668 INFO train accuracy: 0.895
2018-12-04 11:14:47,668 INFO train precision: 0.963
2018-12-04 11:14:47,668 INFO train recall: 0.947
2018-12-04 11:14:47,668 INFO train F1: 0.955
2018-12-04 11:14:47,669 INFO Evaluating...
2018-12-04 11:14:58,499 INFO valid time: 10.830
2018-12-04 11:14:58,499 INFO valid loss: 1.364
2018-12-04 11:14:58,499 INFO valid accuracy: 0.782
2018-12-04 11:14:58,500 INFO valid precision: 0.892
2018-12-04 11:14:58,500 INFO valid recall: 0.917
2018-12-04 11:14:58,500 INFO valid F1: 0.904
2018-12-04 11:14:58,622 INFO Epoch 99:
2018-12-04 11:14:58,623 INFO Training...
2018-12-04 11:24:30,448 INFO train time: 571.825
2018-12-04 11:24:30,449 INFO train loss: 0.265
2018-12-04 11:24:30,449 INFO train accuracy: 0.912
2018-12-04 11:24:30,449 INFO train precision: 0.969
2018-12-04 11:24:30,449 INFO train recall: 0.953
2018-12-04 11:24:30,449 INFO train F1: 0.961
2018-12-04 11:24:30,450 INFO Evaluating...
2018-12-04 11:24:41,132 INFO valid time: 10.681
2018-12-04 11:24:41,132 INFO valid loss: 1.453
2018-12-04 11:24:41,132 INFO valid accuracy: 0.779
2018-12-04 11:24:41,133 INFO valid precision: 0.892
2018-12-04 11:24:41,133 INFO valid recall: 0.917
2018-12-04 11:24:41,133 INFO valid F1: 0.905
2018-12-04 11:24:41,233 INFO Restoring parameters from out/enzyme_pairwise/model/model.ckpt
2018-12-04 11:24:41,274 INFO Evaluating...
2018-12-04 11:25:29,293 INFO test time: 48.019
2018-12-04 11:25:29,293 INFO test loss: 1.201
2018-12-04 11:25:29,294 INFO test accuracy: 0.780
2018-12-04 11:25:29,294 INFO test precision: 0.898
2018-12-04 11:25:29,294 INFO test recall: 0.913
2018-12-04 11:25:29,294 INFO test F1: 0.905
2018-12-04 11:25:29,370 INFO Saving History to out/enzyme_pairwise/history.csv
2018-12-04 11:25:29,371 INFO Saving Summary to out/enzyme_pairwise/summary.csv
2018-12-04 11:25:29,375 INFO All done!
