2018-11-28 19:52:25,904 INFO Initializing
2018-11-28 19:52:26,497 INFO Loaded 167 training samples
2018-11-28 19:52:26,498 INFO Loaded 24 validation samples
2018-11-28 19:52:26,498 INFO Loaded 48 test samples
2018-11-28 19:52:31,343 INFO Model: Graph-CNN
2018-11-28 19:52:31,343 INFO Parameters: 282498
2018-11-28 19:52:32,044 INFO Epoch 0:
2018-11-28 19:52:32,060 INFO Training...
2018-11-28 19:52:33,537 INFO train time: 1.477
2018-11-28 19:52:33,537 INFO train loss: 0.846
2018-11-28 19:52:33,538 INFO train accuracy: 0.353
2018-11-28 19:52:33,538 INFO train precision: 0.000
2018-11-28 19:52:33,538 INFO train recall: 0.000
2018-11-28 19:52:33,538 INFO train F1: nan
2018-11-28 19:52:33,538 INFO train AUC: 0.500
2018-11-28 19:52:33,539 INFO Evaluating...
2018-11-28 19:52:33,897 INFO valid time: 0.358
2018-11-28 19:52:33,897 INFO valid loss: 0.773
2018-11-28 19:52:33,898 INFO valid accuracy: 0.333
2018-11-28 19:52:33,898 INFO valid precision: 1.000
2018-11-28 19:52:33,898 INFO valid recall: 0.059
2018-11-28 19:52:33,898 INFO valid F1: 0.111
2018-11-28 19:52:33,898 INFO valid AUC: 0.529
2018-11-28 19:52:33,995 INFO Epoch 1:
2018-11-28 19:52:34,035 INFO Training...
2018-11-28 19:52:34,492 INFO train time: 0.458
2018-11-28 19:52:34,493 INFO train loss: 0.605
2018-11-28 19:52:34,493 INFO train accuracy: 0.389
2018-11-28 19:52:34,493 INFO train precision: 1.000
2018-11-28 19:52:34,493 INFO train recall: 0.056
2018-11-28 19:52:34,493 INFO train F1: 0.105
2018-11-28 19:52:34,493 INFO train AUC: 0.528
2018-11-28 19:52:34,494 INFO Evaluating...
2018-11-28 19:52:34,735 INFO valid time: 0.241
2018-11-28 19:52:34,736 INFO valid loss: 0.510
2018-11-28 19:52:34,736 INFO valid accuracy: 0.833
2018-11-28 19:52:34,736 INFO valid precision: 0.810
2018-11-28 19:52:34,736 INFO valid recall: 1.000
2018-11-28 19:52:34,736 INFO valid F1: 0.895
2018-11-28 19:52:34,736 INFO valid AUC: 0.714
2018-11-28 19:52:34,838 INFO Epoch 2:
2018-11-28 19:52:34,841 INFO Training...
2018-11-28 19:52:35,275 INFO train time: 0.434
2018-11-28 19:52:35,275 INFO train loss: 0.571
2018-11-28 19:52:35,276 INFO train accuracy: 0.838
2018-11-28 19:52:35,276 INFO train precision: 0.800
2018-11-28 19:52:35,276 INFO train recall: 1.000
2018-11-28 19:52:35,277 INFO train F1: 0.889
2018-11-28 19:52:35,277 INFO train AUC: 0.771
2018-11-28 19:52:35,278 INFO Evaluating...
2018-11-28 19:52:35,516 INFO valid time: 0.238
2018-11-28 19:52:35,517 INFO valid loss: 0.432
2018-11-28 19:52:35,517 INFO valid accuracy: 0.833
2018-11-28 19:52:35,517 INFO valid precision: 0.810
2018-11-28 19:52:35,517 INFO valid recall: 1.000
2018-11-28 19:52:35,517 INFO valid F1: 0.895
2018-11-28 19:52:35,517 INFO valid AUC: 0.714
2018-11-28 19:52:35,617 INFO Epoch 3:
2018-11-28 19:52:35,619 INFO Training...
2018-11-28 19:52:35,997 INFO train time: 0.378
2018-11-28 19:52:35,997 INFO train loss: 0.540
2018-11-28 19:52:35,998 INFO train accuracy: 0.802
2018-11-28 19:52:35,998 INFO train precision: 0.766
2018-11-28 19:52:35,998 INFO train recall: 1.000
2018-11-28 19:52:35,998 INFO train F1: 0.867
2018-11-28 19:52:35,998 INFO train AUC: 0.720
2018-11-28 19:52:35,999 INFO Evaluating...
2018-11-28 19:52:36,227 INFO valid time: 0.227
2018-11-28 19:52:36,227 INFO valid loss: 0.412
2018-11-28 19:52:36,227 INFO valid accuracy: 0.875
2018-11-28 19:52:36,228 INFO valid precision: 0.850
2018-11-28 19:52:36,228 INFO valid recall: 1.000
2018-11-28 19:52:36,228 INFO valid F1: 0.919
2018-11-28 19:52:36,228 INFO valid AUC: 0.786
2018-11-28 19:52:36,317 INFO Epoch 4:
2018-11-28 19:52:36,320 INFO Training...
2018-11-28 19:52:36,825 INFO train time: 0.506
2018-11-28 19:52:36,826 INFO train loss: 0.483
2018-11-28 19:52:36,826 INFO train accuracy: 0.886
2018-11-28 19:52:36,826 INFO train precision: 0.850
2018-11-28 19:52:36,826 INFO train recall: 1.000
2018-11-28 19:52:36,827 INFO train F1: 0.919
2018-11-28 19:52:36,827 INFO train AUC: 0.839
2018-11-28 19:52:36,828 INFO Evaluating...
2018-11-28 19:52:37,066 INFO valid time: 0.238
2018-11-28 19:52:37,067 INFO valid loss: 0.415
2018-11-28 19:52:37,067 INFO valid accuracy: 0.833
2018-11-28 19:52:37,067 INFO valid precision: 1.000
2018-11-28 19:52:37,068 INFO valid recall: 0.765
2018-11-28 19:52:37,068 INFO valid F1: 0.867
2018-11-28 19:52:37,068 INFO valid AUC: 0.882
2018-11-28 19:52:37,158 INFO Epoch 5:
2018-11-28 19:52:37,159 INFO Training...
2018-11-28 19:52:37,635 INFO train time: 0.475
2018-11-28 19:52:37,635 INFO train loss: 0.432
2018-11-28 19:52:37,635 INFO train accuracy: 0.964
2018-11-28 19:52:37,635 INFO train precision: 0.964
2018-11-28 19:52:37,635 INFO train recall: 0.981
2018-11-28 19:52:37,636 INFO train F1: 0.972
2018-11-28 19:52:37,636 INFO train AUC: 0.957
2018-11-28 19:52:37,636 INFO Evaluating...
2018-11-28 19:52:37,877 INFO valid time: 0.240
2018-11-28 19:52:37,877 INFO valid loss: 0.405
2018-11-28 19:52:37,878 INFO valid accuracy: 0.833
2018-11-28 19:52:37,878 INFO valid precision: 1.000
2018-11-28 19:52:37,878 INFO valid recall: 0.765
2018-11-28 19:52:37,878 INFO valid F1: 0.867
2018-11-28 19:52:37,878 INFO valid AUC: 0.882
2018-11-28 19:52:37,972 INFO Epoch 6:
2018-11-28 19:52:37,973 INFO Training...
2018-11-28 19:52:38,435 INFO train time: 0.462
2018-11-28 19:52:38,436 INFO train loss: 0.386
2018-11-28 19:52:38,436 INFO train accuracy: 0.958
2018-11-28 19:52:38,436 INFO train precision: 0.990
2018-11-28 19:52:38,436 INFO train recall: 0.944
2018-11-28 19:52:38,436 INFO train F1: 0.967
2018-11-28 19:52:38,436 INFO train AUC: 0.964
2018-11-28 19:52:38,437 INFO Evaluating...
2018-11-28 19:52:38,676 INFO valid time: 0.239
2018-11-28 19:52:38,676 INFO valid loss: 0.360
2018-11-28 19:52:38,676 INFO valid accuracy: 0.875
2018-11-28 19:52:38,676 INFO valid precision: 1.000
2018-11-28 19:52:38,677 INFO valid recall: 0.824
2018-11-28 19:52:38,677 INFO valid F1: 0.903
2018-11-28 19:52:38,677 INFO valid AUC: 0.912
2018-11-28 19:52:38,756 INFO Epoch 7:
2018-11-28 19:52:38,758 INFO Training...
2018-11-28 19:52:39,242 INFO train time: 0.484
2018-11-28 19:52:39,242 INFO train loss: 0.349
2018-11-28 19:52:39,242 INFO train accuracy: 0.982
2018-11-28 19:52:39,242 INFO train precision: 0.991
2018-11-28 19:52:39,242 INFO train recall: 0.981
2018-11-28 19:52:39,243 INFO train F1: 0.986
2018-11-28 19:52:39,243 INFO train AUC: 0.982
2018-11-28 19:52:39,244 INFO Evaluating...
2018-11-28 19:52:39,490 INFO valid time: 0.246
2018-11-28 19:52:39,490 INFO valid loss: 0.314
2018-11-28 19:52:39,490 INFO valid accuracy: 0.958
2018-11-28 19:52:39,491 INFO valid precision: 1.000
2018-11-28 19:52:39,491 INFO valid recall: 0.941
2018-11-28 19:52:39,491 INFO valid F1: 0.970
2018-11-28 19:52:39,491 INFO valid AUC: 0.971
2018-11-28 19:52:39,578 INFO Epoch 8:
2018-11-28 19:52:39,582 INFO Training...
2018-11-28 19:52:40,036 INFO train time: 0.455
2018-11-28 19:52:40,037 INFO train loss: 0.322
2018-11-28 19:52:40,037 INFO train accuracy: 0.976
2018-11-28 19:52:40,037 INFO train precision: 0.964
2018-11-28 19:52:40,037 INFO train recall: 1.000
2018-11-28 19:52:40,037 INFO train F1: 0.982
2018-11-28 19:52:40,038 INFO train AUC: 0.966
2018-11-28 19:52:40,038 INFO Evaluating...
2018-11-28 19:52:40,272 INFO valid time: 0.233
2018-11-28 19:52:40,272 INFO valid loss: 0.282
2018-11-28 19:52:40,272 INFO valid accuracy: 0.958
2018-11-28 19:52:40,272 INFO valid precision: 1.000
2018-11-28 19:52:40,273 INFO valid recall: 0.941
2018-11-28 19:52:40,273 INFO valid F1: 0.970
2018-11-28 19:52:40,273 INFO valid AUC: 0.971
2018-11-28 19:52:40,364 INFO Epoch 9:
2018-11-28 19:52:40,365 INFO Training...
2018-11-28 19:52:40,795 INFO train time: 0.430
2018-11-28 19:52:40,795 INFO train loss: 0.298
2018-11-28 19:52:40,796 INFO train accuracy: 0.976
2018-11-28 19:52:40,796 INFO train precision: 0.964
2018-11-28 19:52:40,796 INFO train recall: 1.000
2018-11-28 19:52:40,796 INFO train F1: 0.982
2018-11-28 19:52:40,796 INFO train AUC: 0.966
2018-11-28 19:52:40,797 INFO Evaluating...
2018-11-28 19:52:41,028 INFO valid time: 0.230
2018-11-28 19:52:41,028 INFO valid loss: 0.264
2018-11-28 19:52:41,028 INFO valid accuracy: 0.958
2018-11-28 19:52:41,029 INFO valid precision: 1.000
2018-11-28 19:52:41,029 INFO valid recall: 0.941
2018-11-28 19:52:41,029 INFO valid F1: 0.970
2018-11-28 19:52:41,029 INFO valid AUC: 0.971
2018-11-28 19:52:41,115 INFO Epoch 10:
2018-11-28 19:52:41,119 INFO Training...
2018-11-28 19:52:41,538 INFO train time: 0.418
2018-11-28 19:52:41,538 INFO train loss: 0.275
2018-11-28 19:52:41,539 INFO train accuracy: 0.982
2018-11-28 19:52:41,539 INFO train precision: 0.973
2018-11-28 19:52:41,539 INFO train recall: 1.000
2018-11-28 19:52:41,539 INFO train F1: 0.986
2018-11-28 19:52:41,539 INFO train AUC: 0.975
2018-11-28 19:52:41,539 INFO Evaluating...
2018-11-28 19:52:41,771 INFO valid time: 0.231
2018-11-28 19:52:41,771 INFO valid loss: 0.251
2018-11-28 19:52:41,771 INFO valid accuracy: 0.958
2018-11-28 19:52:41,772 INFO valid precision: 1.000
2018-11-28 19:52:41,772 INFO valid recall: 0.941
2018-11-28 19:52:41,772 INFO valid F1: 0.970
2018-11-28 19:52:41,772 INFO valid AUC: 0.971
2018-11-28 19:52:41,858 INFO Epoch 11:
2018-11-28 19:52:41,859 INFO Training...
2018-11-28 19:52:42,236 INFO train time: 0.377
2018-11-28 19:52:42,237 INFO train loss: 0.254
2018-11-28 19:52:42,237 INFO train accuracy: 0.994
2018-11-28 19:52:42,237 INFO train precision: 0.991
2018-11-28 19:52:42,237 INFO train recall: 1.000
2018-11-28 19:52:42,237 INFO train F1: 0.995
2018-11-28 19:52:42,237 INFO train AUC: 0.992
2018-11-28 19:52:42,238 INFO Evaluating...
2018-11-28 19:52:42,481 INFO valid time: 0.243
2018-11-28 19:52:42,482 INFO valid loss: 0.239
2018-11-28 19:52:42,482 INFO valid accuracy: 0.958
2018-11-28 19:52:42,482 INFO valid precision: 1.000
2018-11-28 19:52:42,482 INFO valid recall: 0.941
2018-11-28 19:52:42,482 INFO valid F1: 0.970
2018-11-28 19:52:42,483 INFO valid AUC: 0.971
2018-11-28 19:52:42,574 INFO Epoch 12:
2018-11-28 19:52:42,575 INFO Training...
2018-11-28 19:52:43,043 INFO train time: 0.468
2018-11-28 19:52:43,044 INFO train loss: 0.234
2018-11-28 19:52:43,044 INFO train accuracy: 0.994
2018-11-28 19:52:43,044 INFO train precision: 0.991
2018-11-28 19:52:43,044 INFO train recall: 1.000
2018-11-28 19:52:43,045 INFO train F1: 0.995
2018-11-28 19:52:43,045 INFO train AUC: 0.992
2018-11-28 19:52:43,045 INFO Evaluating...
2018-11-28 19:52:43,270 INFO valid time: 0.224
2018-11-28 19:52:43,270 INFO valid loss: 0.225
2018-11-28 19:52:43,270 INFO valid accuracy: 0.958
2018-11-28 19:52:43,270 INFO valid precision: 1.000
2018-11-28 19:52:43,270 INFO valid recall: 0.941
2018-11-28 19:52:43,270 INFO valid F1: 0.970
2018-11-28 19:52:43,270 INFO valid AUC: 0.971
2018-11-28 19:52:43,361 INFO Epoch 13:
2018-11-28 19:52:43,365 INFO Training...
2018-11-28 19:52:43,812 INFO train time: 0.447
2018-11-28 19:52:43,812 INFO train loss: 0.216
2018-11-28 19:52:43,812 INFO train accuracy: 0.994
2018-11-28 19:52:43,812 INFO train precision: 0.991
2018-11-28 19:52:43,812 INFO train recall: 1.000
2018-11-28 19:52:43,812 INFO train F1: 0.995
2018-11-28 19:52:43,813 INFO train AUC: 0.992
2018-11-28 19:52:43,813 INFO Evaluating...
2018-11-28 19:52:44,041 INFO valid time: 0.227
2018-11-28 19:52:44,041 INFO valid loss: 0.209
2018-11-28 19:52:44,041 INFO valid accuracy: 0.958
2018-11-28 19:52:44,041 INFO valid precision: 1.000
2018-11-28 19:52:44,041 INFO valid recall: 0.941
2018-11-28 19:52:44,041 INFO valid F1: 0.970
2018-11-28 19:52:44,041 INFO valid AUC: 0.971
2018-11-28 19:52:44,142 INFO Epoch 14:
2018-11-28 19:52:44,143 INFO Training...
2018-11-28 19:52:44,542 INFO train time: 0.398
2018-11-28 19:52:44,542 INFO train loss: 0.201
2018-11-28 19:52:44,542 INFO train accuracy: 0.994
2018-11-28 19:52:44,542 INFO train precision: 0.991
2018-11-28 19:52:44,542 INFO train recall: 1.000
2018-11-28 19:52:44,542 INFO train F1: 0.995
2018-11-28 19:52:44,542 INFO train AUC: 0.992
2018-11-28 19:52:44,543 INFO Evaluating...
2018-11-28 19:52:44,770 INFO valid time: 0.226
2018-11-28 19:52:44,770 INFO valid loss: 0.195
2018-11-28 19:52:44,771 INFO valid accuracy: 0.958
2018-11-28 19:52:44,771 INFO valid precision: 1.000
2018-11-28 19:52:44,771 INFO valid recall: 0.941
2018-11-28 19:52:44,771 INFO valid F1: 0.970
2018-11-28 19:52:44,771 INFO valid AUC: 0.971
2018-11-28 19:52:44,851 INFO Epoch 15:
2018-11-28 19:52:44,854 INFO Training...
2018-11-28 19:52:45,306 INFO train time: 0.452
2018-11-28 19:52:45,307 INFO train loss: 0.188
2018-11-28 19:52:45,307 INFO train accuracy: 0.994
2018-11-28 19:52:45,307 INFO train precision: 0.991
2018-11-28 19:52:45,307 INFO train recall: 1.000
2018-11-28 19:52:45,308 INFO train F1: 0.995
2018-11-28 19:52:45,308 INFO train AUC: 0.992
2018-11-28 19:52:45,310 INFO Evaluating...
2018-11-28 19:52:45,542 INFO valid time: 0.231
2018-11-28 19:52:45,542 INFO valid loss: 0.184
2018-11-28 19:52:45,542 INFO valid accuracy: 0.958
2018-11-28 19:52:45,543 INFO valid precision: 1.000
2018-11-28 19:52:45,543 INFO valid recall: 0.941
2018-11-28 19:52:45,543 INFO valid F1: 0.970
2018-11-28 19:52:45,543 INFO valid AUC: 0.971
2018-11-28 19:52:45,628 INFO Epoch 16:
2018-11-28 19:52:45,629 INFO Training...
2018-11-28 19:52:46,070 INFO train time: 0.440
2018-11-28 19:52:46,070 INFO train loss: 0.176
2018-11-28 19:52:46,071 INFO train accuracy: 0.994
2018-11-28 19:52:46,071 INFO train precision: 0.991
2018-11-28 19:52:46,071 INFO train recall: 1.000
2018-11-28 19:52:46,071 INFO train F1: 0.995
2018-11-28 19:52:46,071 INFO train AUC: 0.992
2018-11-28 19:52:46,072 INFO Evaluating...
2018-11-28 19:52:46,307 INFO valid time: 0.234
2018-11-28 19:52:46,307 INFO valid loss: 0.175
2018-11-28 19:52:46,307 INFO valid accuracy: 0.958
2018-11-28 19:52:46,308 INFO valid precision: 1.000
2018-11-28 19:52:46,308 INFO valid recall: 0.941
2018-11-28 19:52:46,308 INFO valid F1: 0.970
2018-11-28 19:52:46,309 INFO valid AUC: 0.971
2018-11-28 19:52:46,393 INFO Epoch 17:
2018-11-28 19:52:46,394 INFO Training...
2018-11-28 19:52:46,786 INFO train time: 0.391
2018-11-28 19:52:46,786 INFO train loss: 0.165
2018-11-28 19:52:46,786 INFO train accuracy: 0.994
2018-11-28 19:52:46,787 INFO train precision: 0.991
2018-11-28 19:52:46,787 INFO train recall: 1.000
2018-11-28 19:52:46,787 INFO train F1: 0.995
2018-11-28 19:52:46,787 INFO train AUC: 0.992
2018-11-28 19:52:46,788 INFO Evaluating...
2018-11-28 19:52:47,040 INFO valid time: 0.252
2018-11-28 19:52:47,040 INFO valid loss: 0.166
2018-11-28 19:52:47,041 INFO valid accuracy: 0.958
2018-11-28 19:52:47,041 INFO valid precision: 1.000
2018-11-28 19:52:47,041 INFO valid recall: 0.941
2018-11-28 19:52:47,041 INFO valid F1: 0.970
2018-11-28 19:52:47,041 INFO valid AUC: 0.971
2018-11-28 19:52:47,133 INFO Epoch 18:
2018-11-28 19:52:47,134 INFO Training...
2018-11-28 19:52:47,546 INFO train time: 0.411
2018-11-28 19:52:47,546 INFO train loss: 0.155
2018-11-28 19:52:47,546 INFO train accuracy: 0.994
2018-11-28 19:52:47,546 INFO train precision: 0.991
2018-11-28 19:52:47,546 INFO train recall: 1.000
2018-11-28 19:52:47,547 INFO train F1: 0.995
2018-11-28 19:52:47,547 INFO train AUC: 0.992
2018-11-28 19:52:47,547 INFO Evaluating...
2018-11-28 19:52:47,795 INFO valid time: 0.248
2018-11-28 19:52:47,796 INFO valid loss: 0.158
2018-11-28 19:52:47,796 INFO valid accuracy: 0.958
2018-11-28 19:52:47,796 INFO valid precision: 1.000
2018-11-28 19:52:47,797 INFO valid recall: 0.941
2018-11-28 19:52:47,797 INFO valid F1: 0.970
2018-11-28 19:52:47,797 INFO valid AUC: 0.971
2018-11-28 19:52:47,891 INFO Epoch 19:
2018-11-28 19:52:47,892 INFO Training...
2018-11-28 19:52:48,356 INFO train time: 0.463
2018-11-28 19:52:48,356 INFO train loss: 0.145
2018-11-28 19:52:48,356 INFO train accuracy: 0.994
2018-11-28 19:52:48,357 INFO train precision: 0.991
2018-11-28 19:52:48,357 INFO train recall: 1.000
2018-11-28 19:52:48,357 INFO train F1: 0.995
2018-11-28 19:52:48,357 INFO train AUC: 0.992
2018-11-28 19:52:48,358 INFO Evaluating...
2018-11-28 19:52:48,582 INFO valid time: 0.223
2018-11-28 19:52:48,582 INFO valid loss: 0.151
2018-11-28 19:52:48,582 INFO valid accuracy: 0.958
2018-11-28 19:52:48,582 INFO valid precision: 1.000
2018-11-28 19:52:48,582 INFO valid recall: 0.941
2018-11-28 19:52:48,582 INFO valid F1: 0.970
2018-11-28 19:52:48,582 INFO valid AUC: 0.971
2018-11-28 19:52:48,673 INFO Epoch 20:
2018-11-28 19:52:48,674 INFO Training...
2018-11-28 19:52:49,060 INFO train time: 0.386
2018-11-28 19:52:49,061 INFO train loss: 0.137
2018-11-28 19:52:49,061 INFO train accuracy: 0.994
2018-11-28 19:52:49,061 INFO train precision: 0.991
2018-11-28 19:52:49,061 INFO train recall: 1.000
2018-11-28 19:52:49,061 INFO train F1: 0.995
2018-11-28 19:52:49,061 INFO train AUC: 0.992
2018-11-28 19:52:49,062 INFO Evaluating...
2018-11-28 19:52:49,309 INFO valid time: 0.247
2018-11-28 19:52:49,309 INFO valid loss: 0.144
2018-11-28 19:52:49,309 INFO valid accuracy: 0.958
2018-11-28 19:52:49,309 INFO valid precision: 1.000
2018-11-28 19:52:49,309 INFO valid recall: 0.941
2018-11-28 19:52:49,309 INFO valid F1: 0.970
2018-11-28 19:52:49,310 INFO valid AUC: 0.971
2018-11-28 19:52:49,422 INFO Epoch 21:
2018-11-28 19:52:49,423 INFO Training...
2018-11-28 19:52:49,821 INFO train time: 0.397
2018-11-28 19:52:49,821 INFO train loss: 0.129
2018-11-28 19:52:49,821 INFO train accuracy: 0.994
2018-11-28 19:52:49,822 INFO train precision: 0.991
2018-11-28 19:52:49,822 INFO train recall: 1.000
2018-11-28 19:52:49,822 INFO train F1: 0.995
2018-11-28 19:52:49,822 INFO train AUC: 0.992
2018-11-28 19:52:49,823 INFO Evaluating...
2018-11-28 19:52:50,057 INFO valid time: 0.234
2018-11-28 19:52:50,058 INFO valid loss: 0.137
2018-11-28 19:52:50,058 INFO valid accuracy: 0.958
2018-11-28 19:52:50,058 INFO valid precision: 1.000
2018-11-28 19:52:50,058 INFO valid recall: 0.941
2018-11-28 19:52:50,058 INFO valid F1: 0.970
2018-11-28 19:52:50,058 INFO valid AUC: 0.971
2018-11-28 19:52:50,155 INFO Epoch 22:
2018-11-28 19:52:50,157 INFO Training...
2018-11-28 19:52:50,550 INFO train time: 0.392
2018-11-28 19:52:50,551 INFO train loss: 0.122
2018-11-28 19:52:50,551 INFO train accuracy: 0.994
2018-11-28 19:52:50,552 INFO train precision: 0.991
2018-11-28 19:52:50,552 INFO train recall: 1.000
2018-11-28 19:52:50,552 INFO train F1: 0.995
2018-11-28 19:52:50,552 INFO train AUC: 0.992
2018-11-28 19:52:50,553 INFO Evaluating...
2018-11-28 19:52:50,783 INFO valid time: 0.230
2018-11-28 19:52:50,784 INFO valid loss: 0.131
2018-11-28 19:52:50,784 INFO valid accuracy: 0.958
2018-11-28 19:52:50,784 INFO valid precision: 1.000
2018-11-28 19:52:50,784 INFO valid recall: 0.941
2018-11-28 19:52:50,784 INFO valid F1: 0.970
2018-11-28 19:52:50,784 INFO valid AUC: 0.971
2018-11-28 19:52:50,866 INFO Epoch 23:
2018-11-28 19:52:50,867 INFO Training...
2018-11-28 19:52:51,305 INFO train time: 0.437
2018-11-28 19:52:51,305 INFO train loss: 0.116
2018-11-28 19:52:51,305 INFO train accuracy: 0.994
2018-11-28 19:52:51,306 INFO train precision: 0.991
2018-11-28 19:52:51,306 INFO train recall: 1.000
2018-11-28 19:52:51,306 INFO train F1: 0.995
2018-11-28 19:52:51,306 INFO train AUC: 0.992
2018-11-28 19:52:51,307 INFO Evaluating...
2018-11-28 19:52:51,545 INFO valid time: 0.237
2018-11-28 19:52:51,545 INFO valid loss: 0.125
2018-11-28 19:52:51,546 INFO valid accuracy: 0.958
2018-11-28 19:52:51,546 INFO valid precision: 1.000
2018-11-28 19:52:51,546 INFO valid recall: 0.941
2018-11-28 19:52:51,546 INFO valid F1: 0.970
2018-11-28 19:52:51,547 INFO valid AUC: 0.971
2018-11-28 19:52:51,629 INFO Epoch 24:
2018-11-28 19:52:51,630 INFO Training...
2018-11-28 19:52:52,046 INFO train time: 0.416
2018-11-28 19:52:52,046 INFO train loss: 0.110
2018-11-28 19:52:52,046 INFO train accuracy: 0.994
2018-11-28 19:52:52,047 INFO train precision: 0.991
2018-11-28 19:52:52,047 INFO train recall: 1.000
2018-11-28 19:52:52,047 INFO train F1: 0.995
2018-11-28 19:52:52,047 INFO train AUC: 0.992
2018-11-28 19:52:52,048 INFO Evaluating...
2018-11-28 19:52:52,273 INFO valid time: 0.225
2018-11-28 19:52:52,273 INFO valid loss: 0.121
2018-11-28 19:52:52,273 INFO valid accuracy: 0.958
2018-11-28 19:52:52,273 INFO valid precision: 1.000
2018-11-28 19:52:52,274 INFO valid recall: 0.941
2018-11-28 19:52:52,274 INFO valid F1: 0.970
2018-11-28 19:52:52,274 INFO valid AUC: 0.971
2018-11-28 19:52:52,368 INFO Epoch 25:
2018-11-28 19:52:52,373 INFO Training...
2018-11-28 19:52:52,782 INFO train time: 0.408
2018-11-28 19:52:52,782 INFO train loss: 0.105
2018-11-28 19:52:52,782 INFO train accuracy: 0.994
2018-11-28 19:52:52,782 INFO train precision: 0.991
2018-11-28 19:52:52,782 INFO train recall: 1.000
2018-11-28 19:52:52,782 INFO train F1: 0.995
2018-11-28 19:52:52,782 INFO train AUC: 0.992
2018-11-28 19:52:52,783 INFO Evaluating...
2018-11-28 19:52:53,045 INFO valid time: 0.261
2018-11-28 19:52:53,045 INFO valid loss: 0.116
2018-11-28 19:52:53,045 INFO valid accuracy: 0.958
2018-11-28 19:52:53,046 INFO valid precision: 1.000
2018-11-28 19:52:53,046 INFO valid recall: 0.941
2018-11-28 19:52:53,046 INFO valid F1: 0.970
2018-11-28 19:52:53,046 INFO valid AUC: 0.971
2018-11-28 19:52:53,150 INFO Epoch 26:
2018-11-28 19:52:53,152 INFO Training...
2018-11-28 19:52:53,573 INFO train time: 0.421
2018-11-28 19:52:53,573 INFO train loss: 0.099
2018-11-28 19:52:53,574 INFO train accuracy: 0.994
2018-11-28 19:52:53,574 INFO train precision: 0.991
2018-11-28 19:52:53,574 INFO train recall: 1.000
2018-11-28 19:52:53,574 INFO train F1: 0.995
2018-11-28 19:52:53,574 INFO train AUC: 0.992
2018-11-28 19:52:53,575 INFO Evaluating...
2018-11-28 19:52:53,801 INFO valid time: 0.226
2018-11-28 19:52:53,801 INFO valid loss: 0.109
2018-11-28 19:52:53,801 INFO valid accuracy: 0.958
2018-11-28 19:52:53,802 INFO valid precision: 1.000
2018-11-28 19:52:53,802 INFO valid recall: 0.941
2018-11-28 19:52:53,802 INFO valid F1: 0.970
2018-11-28 19:52:53,802 INFO valid AUC: 0.971
2018-11-28 19:52:53,898 INFO Epoch 27:
2018-11-28 19:52:53,899 INFO Training...
2018-11-28 19:52:54,287 INFO train time: 0.387
2018-11-28 19:52:54,287 INFO train loss: 0.094
2018-11-28 19:52:54,287 INFO train accuracy: 0.994
2018-11-28 19:52:54,288 INFO train precision: 0.991
2018-11-28 19:52:54,288 INFO train recall: 1.000
2018-11-28 19:52:54,288 INFO train F1: 0.995
2018-11-28 19:52:54,288 INFO train AUC: 0.992
2018-11-28 19:52:54,289 INFO Evaluating...
2018-11-28 19:52:54,528 INFO valid time: 0.238
2018-11-28 19:52:54,528 INFO valid loss: 0.104
2018-11-28 19:52:54,528 INFO valid accuracy: 0.958
2018-11-28 19:52:54,529 INFO valid precision: 1.000
2018-11-28 19:52:54,529 INFO valid recall: 0.941
2018-11-28 19:52:54,529 INFO valid F1: 0.970
2018-11-28 19:52:54,529 INFO valid AUC: 0.971
2018-11-28 19:52:54,622 INFO Epoch 28:
2018-11-28 19:52:54,623 INFO Training...
2018-11-28 19:52:55,054 INFO train time: 0.431
2018-11-28 19:52:55,055 INFO train loss: 0.089
2018-11-28 19:52:55,055 INFO train accuracy: 0.994
2018-11-28 19:52:55,055 INFO train precision: 0.991
2018-11-28 19:52:55,055 INFO train recall: 1.000
2018-11-28 19:52:55,055 INFO train F1: 0.995
2018-11-28 19:52:55,055 INFO train AUC: 0.992
2018-11-28 19:52:55,056 INFO Evaluating...
2018-11-28 19:52:55,290 INFO valid time: 0.233
2018-11-28 19:52:55,290 INFO valid loss: 0.101
2018-11-28 19:52:55,290 INFO valid accuracy: 0.958
2018-11-28 19:52:55,290 INFO valid precision: 1.000
2018-11-28 19:52:55,290 INFO valid recall: 0.941
2018-11-28 19:52:55,290 INFO valid F1: 0.970
2018-11-28 19:52:55,291 INFO valid AUC: 0.971
2018-11-28 19:52:55,381 INFO Epoch 29:
2018-11-28 19:52:55,384 INFO Training...
2018-11-28 19:52:55,789 INFO train time: 0.405
2018-11-28 19:52:55,790 INFO train loss: 0.085
2018-11-28 19:52:55,790 INFO train accuracy: 0.994
2018-11-28 19:52:55,790 INFO train precision: 0.991
2018-11-28 19:52:55,790 INFO train recall: 1.000
2018-11-28 19:52:55,790 INFO train F1: 0.995
2018-11-28 19:52:55,790 INFO train AUC: 0.992
2018-11-28 19:52:55,791 INFO Evaluating...
2018-11-28 19:52:56,022 INFO valid time: 0.231
2018-11-28 19:52:56,022 INFO valid loss: 0.098
2018-11-28 19:52:56,022 INFO valid accuracy: 0.958
2018-11-28 19:52:56,023 INFO valid precision: 1.000
2018-11-28 19:52:56,023 INFO valid recall: 0.941
2018-11-28 19:52:56,023 INFO valid F1: 0.970
2018-11-28 19:52:56,023 INFO valid AUC: 0.971
2018-11-28 19:52:56,127 INFO Epoch 30:
2018-11-28 19:52:56,130 INFO Training...
2018-11-28 19:52:56,539 INFO train time: 0.409
2018-11-28 19:52:56,540 INFO train loss: 0.080
2018-11-28 19:52:56,540 INFO train accuracy: 0.994
2018-11-28 19:52:56,540 INFO train precision: 0.991
2018-11-28 19:52:56,540 INFO train recall: 1.000
2018-11-28 19:52:56,541 INFO train F1: 0.995
2018-11-28 19:52:56,541 INFO train AUC: 0.992
2018-11-28 19:52:56,542 INFO Evaluating...
2018-11-28 19:52:56,788 INFO valid time: 0.246
2018-11-28 19:52:56,788 INFO valid loss: 0.096
2018-11-28 19:52:56,788 INFO valid accuracy: 0.958
2018-11-28 19:52:56,788 INFO valid precision: 1.000
2018-11-28 19:52:56,788 INFO valid recall: 0.941
2018-11-28 19:52:56,788 INFO valid F1: 0.970
2018-11-28 19:52:56,789 INFO valid AUC: 0.971
2018-11-28 19:52:56,872 INFO Epoch 31:
2018-11-28 19:52:56,873 INFO Training...
2018-11-28 19:52:57,303 INFO train time: 0.429
2018-11-28 19:52:57,304 INFO train loss: 0.076
2018-11-28 19:52:57,304 INFO train accuracy: 0.994
2018-11-28 19:52:57,304 INFO train precision: 0.991
2018-11-28 19:52:57,304 INFO train recall: 1.000
2018-11-28 19:52:57,304 INFO train F1: 0.995
2018-11-28 19:52:57,304 INFO train AUC: 0.992
2018-11-28 19:52:57,305 INFO Evaluating...
2018-11-28 19:52:57,540 INFO valid time: 0.234
2018-11-28 19:52:57,540 INFO valid loss: 0.091
2018-11-28 19:52:57,540 INFO valid accuracy: 0.958
2018-11-28 19:52:57,541 INFO valid precision: 1.000
2018-11-28 19:52:57,541 INFO valid recall: 0.941
2018-11-28 19:52:57,541 INFO valid F1: 0.970
2018-11-28 19:52:57,541 INFO valid AUC: 0.971
2018-11-28 19:52:57,625 INFO Epoch 32:
2018-11-28 19:52:57,630 INFO Training...
2018-11-28 19:52:58,016 INFO train time: 0.386
2018-11-28 19:52:58,017 INFO train loss: 0.072
2018-11-28 19:52:58,017 INFO train accuracy: 0.994
2018-11-28 19:52:58,017 INFO train precision: 0.991
2018-11-28 19:52:58,018 INFO train recall: 1.000
2018-11-28 19:52:58,018 INFO train F1: 0.995
2018-11-28 19:52:58,018 INFO train AUC: 0.992
2018-11-28 19:52:58,019 INFO Evaluating...
2018-11-28 19:52:58,243 INFO valid time: 0.224
2018-11-28 19:52:58,244 INFO valid loss: 0.087
2018-11-28 19:52:58,244 INFO valid accuracy: 0.958
2018-11-28 19:52:58,244 INFO valid precision: 1.000
2018-11-28 19:52:58,244 INFO valid recall: 0.941
2018-11-28 19:52:58,244 INFO valid F1: 0.970
2018-11-28 19:52:58,245 INFO valid AUC: 0.971
2018-11-28 19:52:58,325 INFO Epoch 33:
2018-11-28 19:52:58,326 INFO Training...
2018-11-28 19:52:58,703 INFO train time: 0.376
2018-11-28 19:52:58,703 INFO train loss: 0.068
2018-11-28 19:52:58,703 INFO train accuracy: 0.994
2018-11-28 19:52:58,704 INFO train precision: 0.991
2018-11-28 19:52:58,704 INFO train recall: 1.000
2018-11-28 19:52:58,704 INFO train F1: 0.995
2018-11-28 19:52:58,704 INFO train AUC: 0.992
2018-11-28 19:52:58,705 INFO Evaluating...
2018-11-28 19:52:58,957 INFO valid time: 0.252
2018-11-28 19:52:58,957 INFO valid loss: 0.085
2018-11-28 19:52:58,957 INFO valid accuracy: 0.958
2018-11-28 19:52:58,957 INFO valid precision: 1.000
2018-11-28 19:52:58,958 INFO valid recall: 0.941
2018-11-28 19:52:58,958 INFO valid F1: 0.970
2018-11-28 19:52:58,958 INFO valid AUC: 0.971
2018-11-28 19:52:59,041 INFO Epoch 34:
2018-11-28 19:52:59,043 INFO Training...
2018-11-28 19:52:59,475 INFO train time: 0.432
2018-11-28 19:52:59,475 INFO train loss: 0.064
2018-11-28 19:52:59,476 INFO train accuracy: 0.994
2018-11-28 19:52:59,476 INFO train precision: 0.991
2018-11-28 19:52:59,476 INFO train recall: 1.000
2018-11-28 19:52:59,476 INFO train F1: 0.995
2018-11-28 19:52:59,476 INFO train AUC: 0.992
2018-11-28 19:52:59,477 INFO Evaluating...
2018-11-28 19:52:59,731 INFO valid time: 0.254
2018-11-28 19:52:59,731 INFO valid loss: 0.081
2018-11-28 19:52:59,731 INFO valid accuracy: 0.958
2018-11-28 19:52:59,732 INFO valid precision: 1.000
2018-11-28 19:52:59,732 INFO valid recall: 0.941
2018-11-28 19:52:59,732 INFO valid F1: 0.970
2018-11-28 19:52:59,732 INFO valid AUC: 0.971
2018-11-28 19:52:59,811 INFO Epoch 35:
2018-11-28 19:52:59,813 INFO Training...
2018-11-28 19:53:00,224 INFO train time: 0.411
2018-11-28 19:53:00,224 INFO train loss: 0.061
2018-11-28 19:53:00,224 INFO train accuracy: 0.994
2018-11-28 19:53:00,224 INFO train precision: 0.991
2018-11-28 19:53:00,224 INFO train recall: 1.000
2018-11-28 19:53:00,225 INFO train F1: 0.995
2018-11-28 19:53:00,225 INFO train AUC: 0.992
2018-11-28 19:53:00,226 INFO Evaluating...
2018-11-28 19:53:00,472 INFO valid time: 0.246
2018-11-28 19:53:00,473 INFO valid loss: 0.077
2018-11-28 19:53:00,473 INFO valid accuracy: 0.958
2018-11-28 19:53:00,473 INFO valid precision: 1.000
2018-11-28 19:53:00,473 INFO valid recall: 0.941
2018-11-28 19:53:00,473 INFO valid F1: 0.970
2018-11-28 19:53:00,473 INFO valid AUC: 0.971
2018-11-28 19:53:00,553 INFO Epoch 36:
2018-11-28 19:53:00,554 INFO Training...
2018-11-28 19:53:01,002 INFO train time: 0.448
2018-11-28 19:53:01,002 INFO train loss: 0.058
2018-11-28 19:53:01,002 INFO train accuracy: 0.994
2018-11-28 19:53:01,002 INFO train precision: 0.991
2018-11-28 19:53:01,002 INFO train recall: 1.000
2018-11-28 19:53:01,003 INFO train F1: 0.995
2018-11-28 19:53:01,003 INFO train AUC: 0.992
2018-11-28 19:53:01,003 INFO Evaluating...
2018-11-28 19:53:01,237 INFO valid time: 0.234
2018-11-28 19:53:01,238 INFO valid loss: 0.075
2018-11-28 19:53:01,238 INFO valid accuracy: 0.958
2018-11-28 19:53:01,238 INFO valid precision: 1.000
2018-11-28 19:53:01,238 INFO valid recall: 0.941
2018-11-28 19:53:01,238 INFO valid F1: 0.970
2018-11-28 19:53:01,238 INFO valid AUC: 0.971
2018-11-28 19:53:01,320 INFO Epoch 37:
2018-11-28 19:53:01,322 INFO Training...
2018-11-28 19:53:01,764 INFO train time: 0.442
2018-11-28 19:53:01,764 INFO train loss: 0.055
2018-11-28 19:53:01,765 INFO train accuracy: 0.994
2018-11-28 19:53:01,765 INFO train precision: 0.991
2018-11-28 19:53:01,765 INFO train recall: 1.000
2018-11-28 19:53:01,765 INFO train F1: 0.995
2018-11-28 19:53:01,765 INFO train AUC: 0.992
2018-11-28 19:53:01,765 INFO Evaluating...
2018-11-28 19:53:02,005 INFO valid time: 0.239
2018-11-28 19:53:02,005 INFO valid loss: 0.073
2018-11-28 19:53:02,005 INFO valid accuracy: 0.958
2018-11-28 19:53:02,005 INFO valid precision: 1.000
2018-11-28 19:53:02,005 INFO valid recall: 0.941
2018-11-28 19:53:02,006 INFO valid F1: 0.970
2018-11-28 19:53:02,006 INFO valid AUC: 0.971
2018-11-28 19:53:02,112 INFO Epoch 38:
2018-11-28 19:53:02,113 INFO Training...
2018-11-28 19:53:02,548 INFO train time: 0.434
2018-11-28 19:53:02,548 INFO train loss: 0.053
2018-11-28 19:53:02,548 INFO train accuracy: 0.994
2018-11-28 19:53:02,548 INFO train precision: 0.991
2018-11-28 19:53:02,548 INFO train recall: 1.000
2018-11-28 19:53:02,549 INFO train F1: 0.995
2018-11-28 19:53:02,549 INFO train AUC: 0.992
2018-11-28 19:53:02,549 INFO Evaluating...
2018-11-28 19:53:02,805 INFO valid time: 0.255
2018-11-28 19:53:02,805 INFO valid loss: 0.071
2018-11-28 19:53:02,805 INFO valid accuracy: 0.958
2018-11-28 19:53:02,805 INFO valid precision: 1.000
2018-11-28 19:53:02,806 INFO valid recall: 0.941
2018-11-28 19:53:02,806 INFO valid F1: 0.970
2018-11-28 19:53:02,806 INFO valid AUC: 0.971
2018-11-28 19:53:02,887 INFO Epoch 39:
2018-11-28 19:53:02,888 INFO Training...
2018-11-28 19:53:03,302 INFO train time: 0.414
2018-11-28 19:53:03,303 INFO train loss: 0.050
2018-11-28 19:53:03,303 INFO train accuracy: 0.994
2018-11-28 19:53:03,303 INFO train precision: 0.991
2018-11-28 19:53:03,304 INFO train recall: 1.000
2018-11-28 19:53:03,304 INFO train F1: 0.995
2018-11-28 19:53:03,304 INFO train AUC: 0.992
2018-11-28 19:53:03,305 INFO Evaluating...
2018-11-28 19:53:03,551 INFO valid time: 0.246
2018-11-28 19:53:03,551 INFO valid loss: 0.069
2018-11-28 19:53:03,551 INFO valid accuracy: 0.958
2018-11-28 19:53:03,551 INFO valid precision: 1.000
2018-11-28 19:53:03,552 INFO valid recall: 0.941
2018-11-28 19:53:03,552 INFO valid F1: 0.970
2018-11-28 19:53:03,552 INFO valid AUC: 0.971
2018-11-28 19:53:03,673 INFO Epoch 40:
2018-11-28 19:53:03,675 INFO Training...
2018-11-28 19:53:04,072 INFO train time: 0.397
2018-11-28 19:53:04,073 INFO train loss: 0.048
2018-11-28 19:53:04,073 INFO train accuracy: 0.994
2018-11-28 19:53:04,073 INFO train precision: 0.991
2018-11-28 19:53:04,073 INFO train recall: 1.000
2018-11-28 19:53:04,073 INFO train F1: 0.995
2018-11-28 19:53:04,073 INFO train AUC: 0.992
2018-11-28 19:53:04,074 INFO Evaluating...
2018-11-28 19:53:04,335 INFO valid time: 0.261
2018-11-28 19:53:04,335 INFO valid loss: 0.067
2018-11-28 19:53:04,336 INFO valid accuracy: 0.958
2018-11-28 19:53:04,336 INFO valid precision: 1.000
2018-11-28 19:53:04,336 INFO valid recall: 0.941
2018-11-28 19:53:04,336 INFO valid F1: 0.970
2018-11-28 19:53:04,336 INFO valid AUC: 0.971
2018-11-28 19:53:04,419 INFO Epoch 41:
2018-11-28 19:53:04,420 INFO Training...
2018-11-28 19:53:04,866 INFO train time: 0.445
2018-11-28 19:53:04,866 INFO train loss: 0.046
2018-11-28 19:53:04,867 INFO train accuracy: 0.994
2018-11-28 19:53:04,867 INFO train precision: 0.991
2018-11-28 19:53:04,867 INFO train recall: 1.000
2018-11-28 19:53:04,867 INFO train F1: 0.995
2018-11-28 19:53:04,867 INFO train AUC: 0.992
2018-11-28 19:53:04,868 INFO Evaluating...
2018-11-28 19:53:05,107 INFO valid time: 0.239
2018-11-28 19:53:05,107 INFO valid loss: 0.065
2018-11-28 19:53:05,107 INFO valid accuracy: 0.958
2018-11-28 19:53:05,108 INFO valid precision: 1.000
2018-11-28 19:53:05,108 INFO valid recall: 0.941
2018-11-28 19:53:05,108 INFO valid F1: 0.970
2018-11-28 19:53:05,108 INFO valid AUC: 0.971
2018-11-28 19:53:05,189 INFO Epoch 42:
2018-11-28 19:53:05,192 INFO Training...
2018-11-28 19:53:05,593 INFO train time: 0.401
2018-11-28 19:53:05,593 INFO train loss: 0.044
2018-11-28 19:53:05,593 INFO train accuracy: 0.994
2018-11-28 19:53:05,593 INFO train precision: 0.991
2018-11-28 19:53:05,593 INFO train recall: 1.000
2018-11-28 19:53:05,594 INFO train F1: 0.995
2018-11-28 19:53:05,594 INFO train AUC: 0.992
2018-11-28 19:53:05,595 INFO Evaluating...
2018-11-28 19:53:05,825 INFO valid time: 0.230
2018-11-28 19:53:05,826 INFO valid loss: 0.063
2018-11-28 19:53:05,826 INFO valid accuracy: 0.958
2018-11-28 19:53:05,826 INFO valid precision: 1.000
2018-11-28 19:53:05,826 INFO valid recall: 0.941
2018-11-28 19:53:05,826 INFO valid F1: 0.970
2018-11-28 19:53:05,827 INFO valid AUC: 0.971
2018-11-28 19:53:05,915 INFO Epoch 43:
2018-11-28 19:53:05,916 INFO Training...
2018-11-28 19:53:06,339 INFO train time: 0.422
2018-11-28 19:53:06,339 INFO train loss: 0.043
2018-11-28 19:53:06,339 INFO train accuracy: 0.994
2018-11-28 19:53:06,339 INFO train precision: 0.991
2018-11-28 19:53:06,339 INFO train recall: 1.000
2018-11-28 19:53:06,339 INFO train F1: 0.995
2018-11-28 19:53:06,339 INFO train AUC: 0.992
2018-11-28 19:53:06,340 INFO Evaluating...
2018-11-28 19:53:06,582 INFO valid time: 0.242
2018-11-28 19:53:06,582 INFO valid loss: 0.062
2018-11-28 19:53:06,582 INFO valid accuracy: 0.958
2018-11-28 19:53:06,582 INFO valid precision: 1.000
2018-11-28 19:53:06,582 INFO valid recall: 0.941
2018-11-28 19:53:06,583 INFO valid F1: 0.970
2018-11-28 19:53:06,583 INFO valid AUC: 0.971
2018-11-28 19:53:06,663 INFO Epoch 44:
2018-11-28 19:53:06,667 INFO Training...
2018-11-28 19:53:07,086 INFO train time: 0.418
2018-11-28 19:53:07,087 INFO train loss: 0.041
2018-11-28 19:53:07,087 INFO train accuracy: 0.994
2018-11-28 19:53:07,087 INFO train precision: 0.991
2018-11-28 19:53:07,087 INFO train recall: 1.000
2018-11-28 19:53:07,087 INFO train F1: 0.995
2018-11-28 19:53:07,087 INFO train AUC: 0.992
2018-11-28 19:53:07,088 INFO Evaluating...
2018-11-28 19:53:07,336 INFO valid time: 0.248
2018-11-28 19:53:07,336 INFO valid loss: 0.060
2018-11-28 19:53:07,336 INFO valid accuracy: 0.958
2018-11-28 19:53:07,336 INFO valid precision: 1.000
2018-11-28 19:53:07,337 INFO valid recall: 0.941
2018-11-28 19:53:07,337 INFO valid F1: 0.970
2018-11-28 19:53:07,337 INFO valid AUC: 0.971
2018-11-28 19:53:07,425 INFO Epoch 45:
2018-11-28 19:53:07,427 INFO Training...
2018-11-28 19:53:07,854 INFO train time: 0.427
2018-11-28 19:53:07,854 INFO train loss: 0.040
2018-11-28 19:53:07,854 INFO train accuracy: 0.994
2018-11-28 19:53:07,855 INFO train precision: 0.991
2018-11-28 19:53:07,855 INFO train recall: 1.000
2018-11-28 19:53:07,855 INFO train F1: 0.995
2018-11-28 19:53:07,855 INFO train AUC: 0.992
2018-11-28 19:53:07,856 INFO Evaluating...
2018-11-28 19:53:08,107 INFO valid time: 0.251
2018-11-28 19:53:08,107 INFO valid loss: 0.059
2018-11-28 19:53:08,107 INFO valid accuracy: 0.958
2018-11-28 19:53:08,107 INFO valid precision: 1.000
2018-11-28 19:53:08,108 INFO valid recall: 0.941
2018-11-28 19:53:08,108 INFO valid F1: 0.970
2018-11-28 19:53:08,108 INFO valid AUC: 0.971
2018-11-28 19:53:08,197 INFO Epoch 46:
2018-11-28 19:53:08,198 INFO Training...
2018-11-28 19:53:08,660 INFO train time: 0.462
2018-11-28 19:53:08,661 INFO train loss: 0.038
2018-11-28 19:53:08,661 INFO train accuracy: 0.994
2018-11-28 19:53:08,661 INFO train precision: 0.991
2018-11-28 19:53:08,662 INFO train recall: 1.000
2018-11-28 19:53:08,662 INFO train F1: 0.995
2018-11-28 19:53:08,662 INFO train AUC: 0.992
2018-11-28 19:53:08,663 INFO Evaluating...
2018-11-28 19:53:08,918 INFO valid time: 0.255
2018-11-28 19:53:08,918 INFO valid loss: 0.057
2018-11-28 19:53:08,919 INFO valid accuracy: 0.958
2018-11-28 19:53:08,919 INFO valid precision: 1.000
2018-11-28 19:53:08,919 INFO valid recall: 0.941
2018-11-28 19:53:08,919 INFO valid F1: 0.970
2018-11-28 19:53:08,920 INFO valid AUC: 0.971
2018-11-28 19:53:08,993 INFO Epoch 47:
2018-11-28 19:53:08,995 INFO Training...
2018-11-28 19:53:09,471 INFO train time: 0.475
2018-11-28 19:53:09,471 INFO train loss: 0.037
2018-11-28 19:53:09,471 INFO train accuracy: 0.994
2018-11-28 19:53:09,472 INFO train precision: 0.991
2018-11-28 19:53:09,472 INFO train recall: 1.000
2018-11-28 19:53:09,472 INFO train F1: 0.995
2018-11-28 19:53:09,472 INFO train AUC: 0.992
2018-11-28 19:53:09,473 INFO Evaluating...
2018-11-28 19:53:09,712 INFO valid time: 0.239
2018-11-28 19:53:09,712 INFO valid loss: 0.056
2018-11-28 19:53:09,713 INFO valid accuracy: 0.958
2018-11-28 19:53:09,713 INFO valid precision: 1.000
2018-11-28 19:53:09,713 INFO valid recall: 0.941
2018-11-28 19:53:09,713 INFO valid F1: 0.970
2018-11-28 19:53:09,713 INFO valid AUC: 0.971
2018-11-28 19:53:09,798 INFO Epoch 48:
2018-11-28 19:53:09,800 INFO Training...
2018-11-28 19:53:10,287 INFO train time: 0.486
2018-11-28 19:53:10,287 INFO train loss: 0.036
2018-11-28 19:53:10,287 INFO train accuracy: 0.994
2018-11-28 19:53:10,287 INFO train precision: 0.991
2018-11-28 19:53:10,287 INFO train recall: 1.000
2018-11-28 19:53:10,288 INFO train F1: 0.995
2018-11-28 19:53:10,288 INFO train AUC: 0.992
2018-11-28 19:53:10,289 INFO Evaluating...
2018-11-28 19:53:10,533 INFO valid time: 0.243
2018-11-28 19:53:10,533 INFO valid loss: 0.055
2018-11-28 19:53:10,533 INFO valid accuracy: 0.958
2018-11-28 19:53:10,533 INFO valid precision: 1.000
2018-11-28 19:53:10,533 INFO valid recall: 0.941
2018-11-28 19:53:10,533 INFO valid F1: 0.970
2018-11-28 19:53:10,534 INFO valid AUC: 0.971
2018-11-28 19:53:10,616 INFO Epoch 49:
2018-11-28 19:53:10,617 INFO Training...
2018-11-28 19:53:11,050 INFO train time: 0.433
2018-11-28 19:53:11,051 INFO train loss: 0.035
2018-11-28 19:53:11,051 INFO train accuracy: 0.994
2018-11-28 19:53:11,051 INFO train precision: 0.991
2018-11-28 19:53:11,051 INFO train recall: 1.000
2018-11-28 19:53:11,051 INFO train F1: 0.995
2018-11-28 19:53:11,051 INFO train AUC: 0.992
2018-11-28 19:53:11,052 INFO Evaluating...
2018-11-28 19:53:11,308 INFO valid time: 0.256
2018-11-28 19:53:11,309 INFO valid loss: 0.054
2018-11-28 19:53:11,309 INFO valid accuracy: 0.958
2018-11-28 19:53:11,309 INFO valid precision: 1.000
2018-11-28 19:53:11,309 INFO valid recall: 0.941
2018-11-28 19:53:11,310 INFO valid F1: 0.970
2018-11-28 19:53:11,310 INFO valid AUC: 0.971
2018-11-28 19:53:11,393 INFO Epoch 50:
2018-11-28 19:53:11,395 INFO Training...
2018-11-28 19:53:11,807 INFO train time: 0.412
2018-11-28 19:53:11,807 INFO train loss: 0.034
2018-11-28 19:53:11,808 INFO train accuracy: 0.994
2018-11-28 19:53:11,808 INFO train precision: 0.991
2018-11-28 19:53:11,808 INFO train recall: 1.000
2018-11-28 19:53:11,808 INFO train F1: 0.995
2018-11-28 19:53:11,808 INFO train AUC: 0.992
2018-11-28 19:53:11,809 INFO Evaluating...
2018-11-28 19:53:12,057 INFO valid time: 0.248
2018-11-28 19:53:12,057 INFO valid loss: 0.053
2018-11-28 19:53:12,058 INFO valid accuracy: 0.958
2018-11-28 19:53:12,058 INFO valid precision: 1.000
2018-11-28 19:53:12,058 INFO valid recall: 0.941
2018-11-28 19:53:12,058 INFO valid F1: 0.970
2018-11-28 19:53:12,058 INFO valid AUC: 0.971
2018-11-28 19:53:12,139 INFO Epoch 51:
2018-11-28 19:53:12,142 INFO Training...
2018-11-28 19:53:12,603 INFO train time: 0.461
2018-11-28 19:53:12,603 INFO train loss: 0.033
2018-11-28 19:53:12,604 INFO train accuracy: 0.994
2018-11-28 19:53:12,604 INFO train precision: 0.991
2018-11-28 19:53:12,604 INFO train recall: 1.000
2018-11-28 19:53:12,605 INFO train F1: 0.995
2018-11-28 19:53:12,605 INFO train AUC: 0.992
2018-11-28 19:53:12,606 INFO Evaluating...
2018-11-28 19:53:12,851 INFO valid time: 0.245
2018-11-28 19:53:12,851 INFO valid loss: 0.052
2018-11-28 19:53:12,851 INFO valid accuracy: 0.958
2018-11-28 19:53:12,852 INFO valid precision: 1.000
2018-11-28 19:53:12,852 INFO valid recall: 0.941
2018-11-28 19:53:12,852 INFO valid F1: 0.970
2018-11-28 19:53:12,852 INFO valid AUC: 0.971
2018-11-28 19:53:12,954 INFO Epoch 52:
2018-11-28 19:53:12,956 INFO Training...
2018-11-28 19:53:13,429 INFO train time: 0.473
2018-11-28 19:53:13,430 INFO train loss: 0.032
2018-11-28 19:53:13,430 INFO train accuracy: 0.994
2018-11-28 19:53:13,430 INFO train precision: 0.991
2018-11-28 19:53:13,430 INFO train recall: 1.000
2018-11-28 19:53:13,430 INFO train F1: 0.995
2018-11-28 19:53:13,430 INFO train AUC: 0.992
2018-11-28 19:53:13,431 INFO Evaluating...
2018-11-28 19:53:13,677 INFO valid time: 0.245
2018-11-28 19:53:13,677 INFO valid loss: 0.051
2018-11-28 19:53:13,677 INFO valid accuracy: 0.958
2018-11-28 19:53:13,677 INFO valid precision: 1.000
2018-11-28 19:53:13,677 INFO valid recall: 0.941
2018-11-28 19:53:13,678 INFO valid F1: 0.970
2018-11-28 19:53:13,678 INFO valid AUC: 0.971
2018-11-28 19:53:13,754 INFO Epoch 53:
2018-11-28 19:53:13,756 INFO Training...
2018-11-28 19:53:14,197 INFO train time: 0.441
2018-11-28 19:53:14,198 INFO train loss: 0.031
2018-11-28 19:53:14,198 INFO train accuracy: 0.994
2018-11-28 19:53:14,198 INFO train precision: 0.991
2018-11-28 19:53:14,198 INFO train recall: 1.000
2018-11-28 19:53:14,198 INFO train F1: 0.995
2018-11-28 19:53:14,199 INFO train AUC: 0.992
2018-11-28 19:53:14,199 INFO Evaluating...
2018-11-28 19:53:14,453 INFO valid time: 0.253
2018-11-28 19:53:14,453 INFO valid loss: 0.050
2018-11-28 19:53:14,453 INFO valid accuracy: 0.958
2018-11-28 19:53:14,454 INFO valid precision: 1.000
2018-11-28 19:53:14,454 INFO valid recall: 0.941
2018-11-28 19:53:14,454 INFO valid F1: 0.970
2018-11-28 19:53:14,454 INFO valid AUC: 0.971
2018-11-28 19:53:14,560 INFO Epoch 54:
2018-11-28 19:53:14,561 INFO Training...
2018-11-28 19:53:15,010 INFO train time: 0.449
2018-11-28 19:53:15,011 INFO train loss: 0.030
2018-11-28 19:53:15,011 INFO train accuracy: 0.994
2018-11-28 19:53:15,011 INFO train precision: 0.991
2018-11-28 19:53:15,011 INFO train recall: 1.000
2018-11-28 19:53:15,011 INFO train F1: 0.995
2018-11-28 19:53:15,011 INFO train AUC: 0.992
2018-11-28 19:53:15,012 INFO Evaluating...
2018-11-28 19:53:15,268 INFO valid time: 0.257
2018-11-28 19:53:15,269 INFO valid loss: 0.049
2018-11-28 19:53:15,269 INFO valid accuracy: 0.958
2018-11-28 19:53:15,269 INFO valid precision: 1.000
2018-11-28 19:53:15,269 INFO valid recall: 0.941
2018-11-28 19:53:15,269 INFO valid F1: 0.970
2018-11-28 19:53:15,269 INFO valid AUC: 0.971
2018-11-28 19:53:15,359 INFO Epoch 55:
2018-11-28 19:53:15,360 INFO Training...
2018-11-28 19:53:15,835 INFO train time: 0.474
2018-11-28 19:53:15,835 INFO train loss: 0.029
2018-11-28 19:53:15,836 INFO train accuracy: 0.994
2018-11-28 19:53:15,836 INFO train precision: 0.991
2018-11-28 19:53:15,836 INFO train recall: 1.000
2018-11-28 19:53:15,836 INFO train F1: 0.995
2018-11-28 19:53:15,837 INFO train AUC: 0.992
2018-11-28 19:53:15,837 INFO Evaluating...
2018-11-28 19:53:16,078 INFO valid time: 0.240
2018-11-28 19:53:16,078 INFO valid loss: 0.049
2018-11-28 19:53:16,078 INFO valid accuracy: 0.958
2018-11-28 19:53:16,079 INFO valid precision: 1.000
2018-11-28 19:53:16,079 INFO valid recall: 0.941
2018-11-28 19:53:16,079 INFO valid F1: 0.970
2018-11-28 19:53:16,079 INFO valid AUC: 0.971
2018-11-28 19:53:16,159 INFO Epoch 56:
2018-11-28 19:53:16,161 INFO Training...
2018-11-28 19:53:16,586 INFO train time: 0.425
2018-11-28 19:53:16,587 INFO train loss: 0.028
2018-11-28 19:53:16,587 INFO train accuracy: 0.994
2018-11-28 19:53:16,587 INFO train precision: 0.991
2018-11-28 19:53:16,587 INFO train recall: 1.000
2018-11-28 19:53:16,587 INFO train F1: 0.995
2018-11-28 19:53:16,587 INFO train AUC: 0.992
2018-11-28 19:53:16,588 INFO Evaluating...
2018-11-28 19:53:16,836 INFO valid time: 0.248
2018-11-28 19:53:16,836 INFO valid loss: 0.048
2018-11-28 19:53:16,837 INFO valid accuracy: 0.958
2018-11-28 19:53:16,837 INFO valid precision: 1.000
2018-11-28 19:53:16,837 INFO valid recall: 0.941
2018-11-28 19:53:16,838 INFO valid F1: 0.970
2018-11-28 19:53:16,838 INFO valid AUC: 0.971
2018-11-28 19:53:16,927 INFO Epoch 57:
2018-11-28 19:53:16,928 INFO Training...
2018-11-28 19:53:17,373 INFO train time: 0.445
2018-11-28 19:53:17,374 INFO train loss: 0.027
2018-11-28 19:53:17,374 INFO train accuracy: 0.994
2018-11-28 19:53:17,374 INFO train precision: 0.991
2018-11-28 19:53:17,375 INFO train recall: 1.000
2018-11-28 19:53:17,375 INFO train F1: 0.995
2018-11-28 19:53:17,375 INFO train AUC: 0.992
2018-11-28 19:53:17,376 INFO Evaluating...
2018-11-28 19:53:17,615 INFO valid time: 0.239
2018-11-28 19:53:17,615 INFO valid loss: 0.047
2018-11-28 19:53:17,615 INFO valid accuracy: 0.958
2018-11-28 19:53:17,615 INFO valid precision: 1.000
2018-11-28 19:53:17,615 INFO valid recall: 0.941
2018-11-28 19:53:17,615 INFO valid F1: 0.970
2018-11-28 19:53:17,615 INFO valid AUC: 0.971
2018-11-28 19:53:17,717 INFO Epoch 58:
2018-11-28 19:53:17,718 INFO Training...
2018-11-28 19:53:18,131 INFO train time: 0.412
2018-11-28 19:53:18,131 INFO train loss: 0.027
2018-11-28 19:53:18,131 INFO train accuracy: 1.000
2018-11-28 19:53:18,131 INFO train precision: 1.000
2018-11-28 19:53:18,131 INFO train recall: 1.000
2018-11-28 19:53:18,131 INFO train F1: 1.000
2018-11-28 19:53:18,131 INFO train AUC: 1.000
2018-11-28 19:53:18,132 INFO Evaluating...
2018-11-28 19:53:18,362 INFO valid time: 0.230
2018-11-28 19:53:18,363 INFO valid loss: 0.046
2018-11-28 19:53:18,363 INFO valid accuracy: 0.958
2018-11-28 19:53:18,363 INFO valid precision: 1.000
2018-11-28 19:53:18,363 INFO valid recall: 0.941
2018-11-28 19:53:18,363 INFO valid F1: 0.970
2018-11-28 19:53:18,363 INFO valid AUC: 0.971
2018-11-28 19:53:18,461 INFO Epoch 59:
2018-11-28 19:53:18,462 INFO Training...
2018-11-28 19:53:18,921 INFO train time: 0.459
2018-11-28 19:53:18,922 INFO train loss: 0.026
2018-11-28 19:53:18,922 INFO train accuracy: 1.000
2018-11-28 19:53:18,922 INFO train precision: 1.000
2018-11-28 19:53:18,922 INFO train recall: 1.000
2018-11-28 19:53:18,922 INFO train F1: 1.000
2018-11-28 19:53:18,922 INFO train AUC: 1.000
2018-11-28 19:53:18,923 INFO Evaluating...
2018-11-28 19:53:19,180 INFO valid time: 0.257
2018-11-28 19:53:19,181 INFO valid loss: 0.046
2018-11-28 19:53:19,181 INFO valid accuracy: 0.958
2018-11-28 19:53:19,181 INFO valid precision: 1.000
2018-11-28 19:53:19,181 INFO valid recall: 0.941
2018-11-28 19:53:19,181 INFO valid F1: 0.970
2018-11-28 19:53:19,181 INFO valid AUC: 0.971
2018-11-28 19:53:19,262 INFO Epoch 60:
2018-11-28 19:53:19,273 INFO Training...
2018-11-28 19:53:19,675 INFO train time: 0.402
2018-11-28 19:53:19,676 INFO train loss: 0.025
2018-11-28 19:53:19,676 INFO train accuracy: 1.000
2018-11-28 19:53:19,676 INFO train precision: 1.000
2018-11-28 19:53:19,676 INFO train recall: 1.000
2018-11-28 19:53:19,676 INFO train F1: 1.000
2018-11-28 19:53:19,676 INFO train AUC: 1.000
2018-11-28 19:53:19,677 INFO Evaluating...
2018-11-28 19:53:19,928 INFO valid time: 0.251
2018-11-28 19:53:19,928 INFO valid loss: 0.045
2018-11-28 19:53:19,928 INFO valid accuracy: 0.958
2018-11-28 19:53:19,928 INFO valid precision: 1.000
2018-11-28 19:53:19,929 INFO valid recall: 0.941
2018-11-28 19:53:19,929 INFO valid F1: 0.970
2018-11-28 19:53:19,929 INFO valid AUC: 0.971
2018-11-28 19:53:20,053 INFO Epoch 61:
2018-11-28 19:53:20,054 INFO Training...
2018-11-28 19:53:20,480 INFO train time: 0.426
2018-11-28 19:53:20,480 INFO train loss: 0.025
2018-11-28 19:53:20,481 INFO train accuracy: 1.000
2018-11-28 19:53:20,481 INFO train precision: 1.000
2018-11-28 19:53:20,481 INFO train recall: 1.000
2018-11-28 19:53:20,481 INFO train F1: 1.000
2018-11-28 19:53:20,481 INFO train AUC: 1.000
2018-11-28 19:53:20,482 INFO Evaluating...
2018-11-28 19:53:20,728 INFO valid time: 0.246
2018-11-28 19:53:20,729 INFO valid loss: 0.044
2018-11-28 19:53:20,729 INFO valid accuracy: 0.958
2018-11-28 19:53:20,730 INFO valid precision: 1.000
2018-11-28 19:53:20,730 INFO valid recall: 0.941
2018-11-28 19:53:20,731 INFO valid F1: 0.970
2018-11-28 19:53:20,731 INFO valid AUC: 0.971
2018-11-28 19:53:20,829 INFO Epoch 62:
2018-11-28 19:53:20,832 INFO Training...
2018-11-28 19:53:21,238 INFO train time: 0.406
2018-11-28 19:53:21,238 INFO train loss: 0.024
2018-11-28 19:53:21,239 INFO train accuracy: 1.000
2018-11-28 19:53:21,239 INFO train precision: 1.000
2018-11-28 19:53:21,239 INFO train recall: 1.000
2018-11-28 19:53:21,239 INFO train F1: 1.000
2018-11-28 19:53:21,239 INFO train AUC: 1.000
2018-11-28 19:53:21,240 INFO Evaluating...
2018-11-28 19:53:21,477 INFO valid time: 0.237
2018-11-28 19:53:21,477 INFO valid loss: 0.043
2018-11-28 19:53:21,478 INFO valid accuracy: 0.958
2018-11-28 19:53:21,478 INFO valid precision: 1.000
2018-11-28 19:53:21,478 INFO valid recall: 0.941
2018-11-28 19:53:21,478 INFO valid F1: 0.970
2018-11-28 19:53:21,478 INFO valid AUC: 0.971
2018-11-28 19:53:21,559 INFO Epoch 63:
2018-11-28 19:53:21,560 INFO Training...
2018-11-28 19:53:21,989 INFO train time: 0.429
2018-11-28 19:53:21,989 INFO train loss: 0.023
2018-11-28 19:53:21,989 INFO train accuracy: 1.000
2018-11-28 19:53:21,989 INFO train precision: 1.000
2018-11-28 19:53:21,990 INFO train recall: 1.000
2018-11-28 19:53:21,990 INFO train F1: 1.000
2018-11-28 19:53:21,990 INFO train AUC: 1.000
2018-11-28 19:53:21,991 INFO Evaluating...
2018-11-28 19:53:22,240 INFO valid time: 0.249
2018-11-28 19:53:22,240 INFO valid loss: 0.043
2018-11-28 19:53:22,240 INFO valid accuracy: 0.958
2018-11-28 19:53:22,241 INFO valid precision: 1.000
2018-11-28 19:53:22,241 INFO valid recall: 0.941
2018-11-28 19:53:22,241 INFO valid F1: 0.970
2018-11-28 19:53:22,241 INFO valid AUC: 0.971
2018-11-28 19:53:22,414 INFO Epoch 64:
2018-11-28 19:53:22,415 INFO Training...
2018-11-28 19:53:22,849 INFO train time: 0.433
2018-11-28 19:53:22,849 INFO train loss: 0.023
2018-11-28 19:53:22,849 INFO train accuracy: 1.000
2018-11-28 19:53:22,850 INFO train precision: 1.000
2018-11-28 19:53:22,850 INFO train recall: 1.000
2018-11-28 19:53:22,850 INFO train F1: 1.000
2018-11-28 19:53:22,850 INFO train AUC: 1.000
2018-11-28 19:53:22,851 INFO Evaluating...
2018-11-28 19:53:23,091 INFO valid time: 0.241
2018-11-28 19:53:23,092 INFO valid loss: 0.042
2018-11-28 19:53:23,092 INFO valid accuracy: 0.958
2018-11-28 19:53:23,092 INFO valid precision: 1.000
2018-11-28 19:53:23,092 INFO valid recall: 0.941
2018-11-28 19:53:23,092 INFO valid F1: 0.970
2018-11-28 19:53:23,092 INFO valid AUC: 0.971
2018-11-28 19:53:23,186 INFO Epoch 65:
2018-11-28 19:53:23,187 INFO Training...
2018-11-28 19:53:23,673 INFO train time: 0.486
2018-11-28 19:53:23,674 INFO train loss: 0.022
2018-11-28 19:53:23,674 INFO train accuracy: 1.000
2018-11-28 19:53:23,674 INFO train precision: 1.000
2018-11-28 19:53:23,674 INFO train recall: 1.000
2018-11-28 19:53:23,674 INFO train F1: 1.000
2018-11-28 19:53:23,674 INFO train AUC: 1.000
2018-11-28 19:53:23,675 INFO Evaluating...
2018-11-28 19:53:23,916 INFO valid time: 0.240
2018-11-28 19:53:23,916 INFO valid loss: 0.042
2018-11-28 19:53:23,916 INFO valid accuracy: 0.958
2018-11-28 19:53:23,916 INFO valid precision: 1.000
2018-11-28 19:53:23,917 INFO valid recall: 0.941
2018-11-28 19:53:23,917 INFO valid F1: 0.970
2018-11-28 19:53:23,917 INFO valid AUC: 0.971
2018-11-28 19:53:24,007 INFO Epoch 66:
2018-11-28 19:53:24,008 INFO Training...
2018-11-28 19:53:24,433 INFO train time: 0.425
2018-11-28 19:53:24,433 INFO train loss: 0.022
2018-11-28 19:53:24,433 INFO train accuracy: 1.000
2018-11-28 19:53:24,433 INFO train precision: 1.000
2018-11-28 19:53:24,433 INFO train recall: 1.000
2018-11-28 19:53:24,434 INFO train F1: 1.000
2018-11-28 19:53:24,434 INFO train AUC: 1.000
2018-11-28 19:53:24,434 INFO Evaluating...
2018-11-28 19:53:24,687 INFO valid time: 0.252
2018-11-28 19:53:24,687 INFO valid loss: 0.041
2018-11-28 19:53:24,687 INFO valid accuracy: 0.958
2018-11-28 19:53:24,687 INFO valid precision: 1.000
2018-11-28 19:53:24,687 INFO valid recall: 0.941
2018-11-28 19:53:24,687 INFO valid F1: 0.970
2018-11-28 19:53:24,687 INFO valid AUC: 0.971
2018-11-28 19:53:24,762 INFO Epoch 67:
2018-11-28 19:53:24,766 INFO Training...
2018-11-28 19:53:25,205 INFO train time: 0.439
2018-11-28 19:53:25,205 INFO train loss: 0.021
2018-11-28 19:53:25,205 INFO train accuracy: 1.000
2018-11-28 19:53:25,205 INFO train precision: 1.000
2018-11-28 19:53:25,205 INFO train recall: 1.000
2018-11-28 19:53:25,205 INFO train F1: 1.000
2018-11-28 19:53:25,205 INFO train AUC: 1.000
2018-11-28 19:53:25,206 INFO Evaluating...
2018-11-28 19:53:25,482 INFO valid time: 0.275
2018-11-28 19:53:25,482 INFO valid loss: 0.041
2018-11-28 19:53:25,482 INFO valid accuracy: 0.958
2018-11-28 19:53:25,482 INFO valid precision: 1.000
2018-11-28 19:53:25,483 INFO valid recall: 0.941
2018-11-28 19:53:25,483 INFO valid F1: 0.970
2018-11-28 19:53:25,483 INFO valid AUC: 0.971
2018-11-28 19:53:25,562 INFO Epoch 68:
2018-11-28 19:53:25,565 INFO Training...
2018-11-28 19:53:26,030 INFO train time: 0.465
2018-11-28 19:53:26,031 INFO train loss: 0.020
2018-11-28 19:53:26,031 INFO train accuracy: 1.000
2018-11-28 19:53:26,031 INFO train precision: 1.000
2018-11-28 19:53:26,031 INFO train recall: 1.000
2018-11-28 19:53:26,031 INFO train F1: 1.000
2018-11-28 19:53:26,031 INFO train AUC: 1.000
2018-11-28 19:53:26,032 INFO Evaluating...
2018-11-28 19:53:26,284 INFO valid time: 0.252
2018-11-28 19:53:26,285 INFO valid loss: 0.040
2018-11-28 19:53:26,285 INFO valid accuracy: 0.958
2018-11-28 19:53:26,285 INFO valid precision: 1.000
2018-11-28 19:53:26,285 INFO valid recall: 0.941
2018-11-28 19:53:26,285 INFO valid F1: 0.970
2018-11-28 19:53:26,285 INFO valid AUC: 0.971
2018-11-28 19:53:26,391 INFO Epoch 69:
2018-11-28 19:53:26,392 INFO Training...
2018-11-28 19:53:26,834 INFO train time: 0.442
2018-11-28 19:53:26,835 INFO train loss: 0.020
2018-11-28 19:53:26,835 INFO train accuracy: 1.000
2018-11-28 19:53:26,835 INFO train precision: 1.000
2018-11-28 19:53:26,835 INFO train recall: 1.000
2018-11-28 19:53:26,835 INFO train F1: 1.000
2018-11-28 19:53:26,835 INFO train AUC: 1.000
2018-11-28 19:53:26,836 INFO Evaluating...
2018-11-28 19:53:27,073 INFO valid time: 0.236
2018-11-28 19:53:27,074 INFO valid loss: 0.039
2018-11-28 19:53:27,074 INFO valid accuracy: 0.958
2018-11-28 19:53:27,074 INFO valid precision: 1.000
2018-11-28 19:53:27,075 INFO valid recall: 0.941
2018-11-28 19:53:27,075 INFO valid F1: 0.970
2018-11-28 19:53:27,075 INFO valid AUC: 0.971
2018-11-28 19:53:27,153 INFO Epoch 70:
2018-11-28 19:53:27,158 INFO Training...
2018-11-28 19:53:27,599 INFO train time: 0.441
2018-11-28 19:53:27,600 INFO train loss: 0.019
2018-11-28 19:53:27,600 INFO train accuracy: 1.000
2018-11-28 19:53:27,600 INFO train precision: 1.000
2018-11-28 19:53:27,601 INFO train recall: 1.000
2018-11-28 19:53:27,601 INFO train F1: 1.000
2018-11-28 19:53:27,601 INFO train AUC: 1.000
2018-11-28 19:53:27,602 INFO Evaluating...
2018-11-28 19:53:27,845 INFO valid time: 0.242
2018-11-28 19:53:27,845 INFO valid loss: 0.038
2018-11-28 19:53:27,845 INFO valid accuracy: 0.958
2018-11-28 19:53:27,845 INFO valid precision: 1.000
2018-11-28 19:53:27,846 INFO valid recall: 0.941
2018-11-28 19:53:27,846 INFO valid F1: 0.970
2018-11-28 19:53:27,846 INFO valid AUC: 0.971
2018-11-28 19:53:27,949 INFO Epoch 71:
2018-11-28 19:53:27,952 INFO Training...
2018-11-28 19:53:28,395 INFO train time: 0.443
2018-11-28 19:53:28,396 INFO train loss: 0.019
2018-11-28 19:53:28,396 INFO train accuracy: 1.000
2018-11-28 19:53:28,396 INFO train precision: 1.000
2018-11-28 19:53:28,396 INFO train recall: 1.000
2018-11-28 19:53:28,396 INFO train F1: 1.000
2018-11-28 19:53:28,396 INFO train AUC: 1.000
2018-11-28 19:53:28,397 INFO Evaluating...
2018-11-28 19:53:28,650 INFO valid time: 0.253
2018-11-28 19:53:28,651 INFO valid loss: 0.038
2018-11-28 19:53:28,651 INFO valid accuracy: 0.958
2018-11-28 19:53:28,651 INFO valid precision: 1.000
2018-11-28 19:53:28,651 INFO valid recall: 0.941
2018-11-28 19:53:28,651 INFO valid F1: 0.970
2018-11-28 19:53:28,651 INFO valid AUC: 0.971
2018-11-28 19:53:28,750 INFO Epoch 72:
2018-11-28 19:53:28,753 INFO Training...
2018-11-28 19:53:29,193 INFO train time: 0.440
2018-11-28 19:53:29,193 INFO train loss: 0.018
2018-11-28 19:53:29,193 INFO train accuracy: 1.000
2018-11-28 19:53:29,194 INFO train precision: 1.000
2018-11-28 19:53:29,194 INFO train recall: 1.000
2018-11-28 19:53:29,194 INFO train F1: 1.000
2018-11-28 19:53:29,194 INFO train AUC: 1.000
2018-11-28 19:53:29,195 INFO Evaluating...
2018-11-28 19:53:29,450 INFO valid time: 0.255
2018-11-28 19:53:29,451 INFO valid loss: 0.037
2018-11-28 19:53:29,451 INFO valid accuracy: 0.958
2018-11-28 19:53:29,451 INFO valid precision: 1.000
2018-11-28 19:53:29,451 INFO valid recall: 0.941
2018-11-28 19:53:29,451 INFO valid F1: 0.970
2018-11-28 19:53:29,451 INFO valid AUC: 0.971
2018-11-28 19:53:29,545 INFO Epoch 73:
2018-11-28 19:53:29,546 INFO Training...
2018-11-28 19:53:29,936 INFO train time: 0.390
2018-11-28 19:53:29,937 INFO train loss: 0.018
2018-11-28 19:53:29,937 INFO train accuracy: 1.000
2018-11-28 19:53:29,937 INFO train precision: 1.000
2018-11-28 19:53:29,937 INFO train recall: 1.000
2018-11-28 19:53:29,937 INFO train F1: 1.000
2018-11-28 19:53:29,937 INFO train AUC: 1.000
2018-11-28 19:53:29,938 INFO Evaluating...
2018-11-28 19:53:30,189 INFO valid time: 0.251
2018-11-28 19:53:30,190 INFO valid loss: 0.037
2018-11-28 19:53:30,190 INFO valid accuracy: 0.958
2018-11-28 19:53:30,190 INFO valid precision: 1.000
2018-11-28 19:53:30,190 INFO valid recall: 0.941
2018-11-28 19:53:30,190 INFO valid F1: 0.970
2018-11-28 19:53:30,190 INFO valid AUC: 0.971
2018-11-28 19:53:30,289 INFO Epoch 74:
2018-11-28 19:53:30,290 INFO Training...
2018-11-28 19:53:30,753 INFO train time: 0.463
2018-11-28 19:53:30,754 INFO train loss: 0.018
2018-11-28 19:53:30,754 INFO train accuracy: 1.000
2018-11-28 19:53:30,754 INFO train precision: 1.000
2018-11-28 19:53:30,754 INFO train recall: 1.000
2018-11-28 19:53:30,754 INFO train F1: 1.000
2018-11-28 19:53:30,754 INFO train AUC: 1.000
2018-11-28 19:53:30,755 INFO Evaluating...
2018-11-28 19:53:31,023 INFO valid time: 0.268
2018-11-28 19:53:31,023 INFO valid loss: 0.036
2018-11-28 19:53:31,023 INFO valid accuracy: 0.958
2018-11-28 19:53:31,023 INFO valid precision: 1.000
2018-11-28 19:53:31,023 INFO valid recall: 0.941
2018-11-28 19:53:31,023 INFO valid F1: 0.970
2018-11-28 19:53:31,023 INFO valid AUC: 0.971
2018-11-28 19:53:31,099 INFO Epoch 75:
2018-11-28 19:53:31,100 INFO Training...
2018-11-28 19:53:31,542 INFO train time: 0.442
2018-11-28 19:53:31,543 INFO train loss: 0.017
2018-11-28 19:53:31,543 INFO train accuracy: 1.000
2018-11-28 19:53:31,543 INFO train precision: 1.000
2018-11-28 19:53:31,544 INFO train recall: 1.000
2018-11-28 19:53:31,544 INFO train F1: 1.000
2018-11-28 19:53:31,544 INFO train AUC: 1.000
2018-11-28 19:53:31,545 INFO Evaluating...
2018-11-28 19:53:31,792 INFO valid time: 0.247
2018-11-28 19:53:31,793 INFO valid loss: 0.036
2018-11-28 19:53:31,793 INFO valid accuracy: 0.958
2018-11-28 19:53:31,793 INFO valid precision: 1.000
2018-11-28 19:53:31,793 INFO valid recall: 0.941
2018-11-28 19:53:31,793 INFO valid F1: 0.970
2018-11-28 19:53:31,793 INFO valid AUC: 0.971
2018-11-28 19:53:31,881 INFO Epoch 76:
2018-11-28 19:53:31,885 INFO Training...
2018-11-28 19:53:32,319 INFO train time: 0.433
2018-11-28 19:53:32,319 INFO train loss: 0.017
2018-11-28 19:53:32,319 INFO train accuracy: 1.000
2018-11-28 19:53:32,319 INFO train precision: 1.000
2018-11-28 19:53:32,320 INFO train recall: 1.000
2018-11-28 19:53:32,320 INFO train F1: 1.000
2018-11-28 19:53:32,320 INFO train AUC: 1.000
2018-11-28 19:53:32,321 INFO Evaluating...
2018-11-28 19:53:32,555 INFO valid time: 0.234
2018-11-28 19:53:32,555 INFO valid loss: 0.036
2018-11-28 19:53:32,556 INFO valid accuracy: 0.958
2018-11-28 19:53:32,556 INFO valid precision: 1.000
2018-11-28 19:53:32,556 INFO valid recall: 0.941
2018-11-28 19:53:32,556 INFO valid F1: 0.970
2018-11-28 19:53:32,556 INFO valid AUC: 0.971
2018-11-28 19:53:32,636 INFO Epoch 77:
2018-11-28 19:53:32,637 INFO Training...
2018-11-28 19:53:33,057 INFO train time: 0.420
2018-11-28 19:53:33,057 INFO train loss: 0.016
2018-11-28 19:53:33,058 INFO train accuracy: 1.000
2018-11-28 19:53:33,058 INFO train precision: 1.000
2018-11-28 19:53:33,058 INFO train recall: 1.000
2018-11-28 19:53:33,058 INFO train F1: 1.000
2018-11-28 19:53:33,058 INFO train AUC: 1.000
2018-11-28 19:53:33,059 INFO Evaluating...
2018-11-28 19:53:33,308 INFO valid time: 0.248
2018-11-28 19:53:33,308 INFO valid loss: 0.035
2018-11-28 19:53:33,308 INFO valid accuracy: 0.958
2018-11-28 19:53:33,308 INFO valid precision: 1.000
2018-11-28 19:53:33,308 INFO valid recall: 0.941
2018-11-28 19:53:33,309 INFO valid F1: 0.970
2018-11-28 19:53:33,309 INFO valid AUC: 0.971
2018-11-28 19:53:33,388 INFO Epoch 78:
2018-11-28 19:53:33,391 INFO Training...
2018-11-28 19:53:33,805 INFO train time: 0.414
2018-11-28 19:53:33,806 INFO train loss: 0.016
2018-11-28 19:53:33,806 INFO train accuracy: 1.000
2018-11-28 19:53:33,806 INFO train precision: 1.000
2018-11-28 19:53:33,806 INFO train recall: 1.000
2018-11-28 19:53:33,806 INFO train F1: 1.000
2018-11-28 19:53:33,807 INFO train AUC: 1.000
2018-11-28 19:53:33,808 INFO Evaluating...
2018-11-28 19:53:34,059 INFO valid time: 0.251
2018-11-28 19:53:34,059 INFO valid loss: 0.035
2018-11-28 19:53:34,059 INFO valid accuracy: 0.958
2018-11-28 19:53:34,059 INFO valid precision: 1.000
2018-11-28 19:53:34,060 INFO valid recall: 0.941
2018-11-28 19:53:34,060 INFO valid F1: 0.970
2018-11-28 19:53:34,060 INFO valid AUC: 0.971
2018-11-28 19:53:34,142 INFO Epoch 79:
2018-11-28 19:53:34,145 INFO Training...
2018-11-28 19:53:34,572 INFO train time: 0.427
2018-11-28 19:53:34,572 INFO train loss: 0.016
2018-11-28 19:53:34,572 INFO train accuracy: 1.000
2018-11-28 19:53:34,573 INFO train precision: 1.000
2018-11-28 19:53:34,573 INFO train recall: 1.000
2018-11-28 19:53:34,573 INFO train F1: 1.000
2018-11-28 19:53:34,573 INFO train AUC: 1.000
2018-11-28 19:53:34,574 INFO Evaluating...
2018-11-28 19:53:34,831 INFO valid time: 0.257
2018-11-28 19:53:34,831 INFO valid loss: 0.034
2018-11-28 19:53:34,831 INFO valid accuracy: 0.958
2018-11-28 19:53:34,831 INFO valid precision: 1.000
2018-11-28 19:53:34,831 INFO valid recall: 0.941
2018-11-28 19:53:34,832 INFO valid F1: 0.970
2018-11-28 19:53:34,832 INFO valid AUC: 0.971
2018-11-28 19:53:34,936 INFO Epoch 80:
2018-11-28 19:53:34,937 INFO Training...
2018-11-28 19:53:35,358 INFO train time: 0.421
2018-11-28 19:53:35,359 INFO train loss: 0.015
2018-11-28 19:53:35,359 INFO train accuracy: 1.000
2018-11-28 19:53:35,359 INFO train precision: 1.000
2018-11-28 19:53:35,360 INFO train recall: 1.000
2018-11-28 19:53:35,360 INFO train F1: 1.000
2018-11-28 19:53:35,360 INFO train AUC: 1.000
2018-11-28 19:53:35,361 INFO Evaluating...
2018-11-28 19:53:35,614 INFO valid time: 0.253
2018-11-28 19:53:35,615 INFO valid loss: 0.034
2018-11-28 19:53:35,615 INFO valid accuracy: 0.958
2018-11-28 19:53:35,615 INFO valid precision: 1.000
2018-11-28 19:53:35,615 INFO valid recall: 0.941
2018-11-28 19:53:35,615 INFO valid F1: 0.970
2018-11-28 19:53:35,616 INFO valid AUC: 0.971
2018-11-28 19:53:35,692 INFO Epoch 81:
2018-11-28 19:53:35,696 INFO Training...
2018-11-28 19:53:36,125 INFO train time: 0.428
2018-11-28 19:53:36,125 INFO train loss: 0.015
2018-11-28 19:53:36,125 INFO train accuracy: 1.000
2018-11-28 19:53:36,125 INFO train precision: 1.000
2018-11-28 19:53:36,126 INFO train recall: 1.000
2018-11-28 19:53:36,126 INFO train F1: 1.000
2018-11-28 19:53:36,126 INFO train AUC: 1.000
2018-11-28 19:53:36,127 INFO Evaluating...
2018-11-28 19:53:36,378 INFO valid time: 0.251
2018-11-28 19:53:36,379 INFO valid loss: 0.034
2018-11-28 19:53:36,379 INFO valid accuracy: 0.958
2018-11-28 19:53:36,379 INFO valid precision: 1.000
2018-11-28 19:53:36,379 INFO valid recall: 0.941
2018-11-28 19:53:36,379 INFO valid F1: 0.970
2018-11-28 19:53:36,380 INFO valid AUC: 0.971
2018-11-28 19:53:36,471 INFO Epoch 82:
2018-11-28 19:53:36,472 INFO Training...
2018-11-28 19:53:36,895 INFO train time: 0.422
2018-11-28 19:53:36,895 INFO train loss: 0.015
2018-11-28 19:53:36,895 INFO train accuracy: 1.000
2018-11-28 19:53:36,895 INFO train precision: 1.000
2018-11-28 19:53:36,895 INFO train recall: 1.000
2018-11-28 19:53:36,896 INFO train F1: 1.000
2018-11-28 19:53:36,896 INFO train AUC: 1.000
2018-11-28 19:53:36,896 INFO Evaluating...
2018-11-28 19:53:37,153 INFO valid time: 0.256
2018-11-28 19:53:37,153 INFO valid loss: 0.033
2018-11-28 19:53:37,153 INFO valid accuracy: 0.958
2018-11-28 19:53:37,153 INFO valid precision: 1.000
2018-11-28 19:53:37,154 INFO valid recall: 0.941
2018-11-28 19:53:37,154 INFO valid F1: 0.970
2018-11-28 19:53:37,154 INFO valid AUC: 0.971
2018-11-28 19:53:37,244 INFO Epoch 83:
2018-11-28 19:53:37,246 INFO Training...
2018-11-28 19:53:37,711 INFO train time: 0.464
2018-11-28 19:53:37,711 INFO train loss: 0.014
2018-11-28 19:53:37,712 INFO train accuracy: 1.000
2018-11-28 19:53:37,712 INFO train precision: 1.000
2018-11-28 19:53:37,712 INFO train recall: 1.000
2018-11-28 19:53:37,712 INFO train F1: 1.000
2018-11-28 19:53:37,712 INFO train AUC: 1.000
2018-11-28 19:53:37,713 INFO Evaluating...
2018-11-28 19:53:37,988 INFO valid time: 0.275
2018-11-28 19:53:37,988 INFO valid loss: 0.033
2018-11-28 19:53:37,988 INFO valid accuracy: 0.958
2018-11-28 19:53:37,988 INFO valid precision: 1.000
2018-11-28 19:53:37,988 INFO valid recall: 0.941
2018-11-28 19:53:37,989 INFO valid F1: 0.970
2018-11-28 19:53:37,989 INFO valid AUC: 0.971
2018-11-28 19:53:38,089 INFO Epoch 84:
2018-11-28 19:53:38,090 INFO Training...
2018-11-28 19:53:38,543 INFO train time: 0.453
2018-11-28 19:53:38,544 INFO train loss: 0.014
2018-11-28 19:53:38,544 INFO train accuracy: 1.000
2018-11-28 19:53:38,544 INFO train precision: 1.000
2018-11-28 19:53:38,544 INFO train recall: 1.000
2018-11-28 19:53:38,544 INFO train F1: 1.000
2018-11-28 19:53:38,544 INFO train AUC: 1.000
2018-11-28 19:53:38,545 INFO Evaluating...
2018-11-28 19:53:38,784 INFO valid time: 0.239
2018-11-28 19:53:38,784 INFO valid loss: 0.032
2018-11-28 19:53:38,785 INFO valid accuracy: 0.958
2018-11-28 19:53:38,785 INFO valid precision: 1.000
2018-11-28 19:53:38,785 INFO valid recall: 0.941
2018-11-28 19:53:38,785 INFO valid F1: 0.970
2018-11-28 19:53:38,785 INFO valid AUC: 0.971
2018-11-28 19:53:38,867 INFO Epoch 85:
2018-11-28 19:53:38,871 INFO Training...
2018-11-28 19:53:39,287 INFO train time: 0.416
2018-11-28 19:53:39,287 INFO train loss: 0.014
2018-11-28 19:53:39,287 INFO train accuracy: 1.000
2018-11-28 19:53:39,287 INFO train precision: 1.000
2018-11-28 19:53:39,287 INFO train recall: 1.000
2018-11-28 19:53:39,287 INFO train F1: 1.000
2018-11-28 19:53:39,287 INFO train AUC: 1.000
2018-11-28 19:53:39,288 INFO Evaluating...
2018-11-28 19:53:39,574 INFO valid time: 0.286
2018-11-28 19:53:39,574 INFO valid loss: 0.032
2018-11-28 19:53:39,575 INFO valid accuracy: 0.958
2018-11-28 19:53:39,575 INFO valid precision: 1.000
2018-11-28 19:53:39,575 INFO valid recall: 0.941
2018-11-28 19:53:39,575 INFO valid F1: 0.970
2018-11-28 19:53:39,575 INFO valid AUC: 0.971
2018-11-28 19:53:39,665 INFO Epoch 86:
2018-11-28 19:53:39,666 INFO Training...
2018-11-28 19:53:40,140 INFO train time: 0.473
2018-11-28 19:53:40,140 INFO train loss: 0.014
2018-11-28 19:53:40,140 INFO train accuracy: 1.000
2018-11-28 19:53:40,140 INFO train precision: 1.000
2018-11-28 19:53:40,141 INFO train recall: 1.000
2018-11-28 19:53:40,141 INFO train F1: 1.000
2018-11-28 19:53:40,141 INFO train AUC: 1.000
2018-11-28 19:53:40,142 INFO Evaluating...
2018-11-28 19:53:40,410 INFO valid time: 0.268
2018-11-28 19:53:40,410 INFO valid loss: 0.032
2018-11-28 19:53:40,410 INFO valid accuracy: 0.958
2018-11-28 19:53:40,411 INFO valid precision: 1.000
2018-11-28 19:53:40,411 INFO valid recall: 0.941
2018-11-28 19:53:40,411 INFO valid F1: 0.970
2018-11-28 19:53:40,411 INFO valid AUC: 0.971
2018-11-28 19:53:40,497 INFO Epoch 87:
2018-11-28 19:53:40,499 INFO Training...
2018-11-28 19:53:40,919 INFO train time: 0.420
2018-11-28 19:53:40,920 INFO train loss: 0.013
2018-11-28 19:53:40,920 INFO train accuracy: 1.000
2018-11-28 19:53:40,920 INFO train precision: 1.000
2018-11-28 19:53:40,920 INFO train recall: 1.000
2018-11-28 19:53:40,920 INFO train F1: 1.000
2018-11-28 19:53:40,921 INFO train AUC: 1.000
2018-11-28 19:53:40,921 INFO Evaluating...
2018-11-28 19:53:41,174 INFO valid time: 0.253
2018-11-28 19:53:41,175 INFO valid loss: 0.032
2018-11-28 19:53:41,175 INFO valid accuracy: 0.958
2018-11-28 19:53:41,175 INFO valid precision: 1.000
2018-11-28 19:53:41,175 INFO valid recall: 0.941
2018-11-28 19:53:41,176 INFO valid F1: 0.970
2018-11-28 19:53:41,176 INFO valid AUC: 0.971
2018-11-28 19:53:41,257 INFO Epoch 88:
2018-11-28 19:53:41,270 INFO Training...
2018-11-28 19:53:41,696 INFO train time: 0.425
2018-11-28 19:53:41,696 INFO train loss: 0.013
2018-11-28 19:53:41,697 INFO train accuracy: 1.000
2018-11-28 19:53:41,697 INFO train precision: 1.000
2018-11-28 19:53:41,697 INFO train recall: 1.000
2018-11-28 19:53:41,697 INFO train F1: 1.000
2018-11-28 19:53:41,697 INFO train AUC: 1.000
2018-11-28 19:53:41,698 INFO Evaluating...
2018-11-28 19:53:41,959 INFO valid time: 0.261
2018-11-28 19:53:41,959 INFO valid loss: 0.031
2018-11-28 19:53:41,959 INFO valid accuracy: 0.958
2018-11-28 19:53:41,960 INFO valid precision: 1.000
2018-11-28 19:53:41,960 INFO valid recall: 0.941
2018-11-28 19:53:41,960 INFO valid F1: 0.970
2018-11-28 19:53:41,960 INFO valid AUC: 0.971
2018-11-28 19:53:42,052 INFO Epoch 89:
2018-11-28 19:53:42,053 INFO Training...
2018-11-28 19:53:42,505 INFO train time: 0.452
2018-11-28 19:53:42,506 INFO train loss: 0.013
2018-11-28 19:53:42,506 INFO train accuracy: 1.000
2018-11-28 19:53:42,506 INFO train precision: 1.000
2018-11-28 19:53:42,507 INFO train recall: 1.000
2018-11-28 19:53:42,507 INFO train F1: 1.000
2018-11-28 19:53:42,507 INFO train AUC: 1.000
2018-11-28 19:53:42,508 INFO Evaluating...
2018-11-28 19:53:42,764 INFO valid time: 0.256
2018-11-28 19:53:42,764 INFO valid loss: 0.031
2018-11-28 19:53:42,764 INFO valid accuracy: 0.958
2018-11-28 19:53:42,765 INFO valid precision: 1.000
2018-11-28 19:53:42,765 INFO valid recall: 0.941
2018-11-28 19:53:42,765 INFO valid F1: 0.970
2018-11-28 19:53:42,765 INFO valid AUC: 0.971
2018-11-28 19:53:42,863 INFO Epoch 90:
2018-11-28 19:53:42,864 INFO Training...
2018-11-28 19:53:43,317 INFO train time: 0.453
2018-11-28 19:53:43,317 INFO train loss: 0.013
2018-11-28 19:53:43,318 INFO train accuracy: 1.000
2018-11-28 19:53:43,318 INFO train precision: 1.000
2018-11-28 19:53:43,318 INFO train recall: 1.000
2018-11-28 19:53:43,318 INFO train F1: 1.000
2018-11-28 19:53:43,318 INFO train AUC: 1.000
2018-11-28 19:53:43,319 INFO Evaluating...
2018-11-28 19:53:43,569 INFO valid time: 0.250
2018-11-28 19:53:43,570 INFO valid loss: 0.031
2018-11-28 19:53:43,570 INFO valid accuracy: 0.958
2018-11-28 19:53:43,570 INFO valid precision: 1.000
2018-11-28 19:53:43,570 INFO valid recall: 0.941
2018-11-28 19:53:43,570 INFO valid F1: 0.970
2018-11-28 19:53:43,570 INFO valid AUC: 0.971
2018-11-28 19:53:43,655 INFO Epoch 91:
2018-11-28 19:53:43,656 INFO Training...
2018-11-28 19:53:44,138 INFO train time: 0.482
2018-11-28 19:53:44,138 INFO train loss: 0.012
2018-11-28 19:53:44,139 INFO train accuracy: 1.000
2018-11-28 19:53:44,139 INFO train precision: 1.000
2018-11-28 19:53:44,139 INFO train recall: 1.000
2018-11-28 19:53:44,139 INFO train F1: 1.000
2018-11-28 19:53:44,139 INFO train AUC: 1.000
2018-11-28 19:53:44,140 INFO Evaluating...
2018-11-28 19:53:44,393 INFO valid time: 0.253
2018-11-28 19:53:44,393 INFO valid loss: 0.030
2018-11-28 19:53:44,393 INFO valid accuracy: 0.958
2018-11-28 19:53:44,393 INFO valid precision: 1.000
2018-11-28 19:53:44,393 INFO valid recall: 0.941
2018-11-28 19:53:44,393 INFO valid F1: 0.970
2018-11-28 19:53:44,394 INFO valid AUC: 0.971
2018-11-28 19:53:44,471 INFO Epoch 92:
2018-11-28 19:53:44,472 INFO Training...
2018-11-28 19:53:44,888 INFO train time: 0.415
2018-11-28 19:53:44,889 INFO train loss: 0.012
2018-11-28 19:53:44,889 INFO train accuracy: 1.000
2018-11-28 19:53:44,889 INFO train precision: 1.000
2018-11-28 19:53:44,889 INFO train recall: 1.000
2018-11-28 19:53:44,889 INFO train F1: 1.000
2018-11-28 19:53:44,889 INFO train AUC: 1.000
2018-11-28 19:53:44,890 INFO Evaluating...
2018-11-28 19:53:45,136 INFO valid time: 0.246
2018-11-28 19:53:45,137 INFO valid loss: 0.030
2018-11-28 19:53:45,137 INFO valid accuracy: 0.958
2018-11-28 19:53:45,137 INFO valid precision: 1.000
2018-11-28 19:53:45,137 INFO valid recall: 0.941
2018-11-28 19:53:45,137 INFO valid F1: 0.970
2018-11-28 19:53:45,138 INFO valid AUC: 0.971
2018-11-28 19:53:45,216 INFO Epoch 93:
2018-11-28 19:53:45,221 INFO Training...
2018-11-28 19:53:45,680 INFO train time: 0.458
2018-11-28 19:53:45,680 INFO train loss: 0.012
2018-11-28 19:53:45,680 INFO train accuracy: 1.000
2018-11-28 19:53:45,681 INFO train precision: 1.000
2018-11-28 19:53:45,681 INFO train recall: 1.000
2018-11-28 19:53:45,681 INFO train F1: 1.000
2018-11-28 19:53:45,681 INFO train AUC: 1.000
2018-11-28 19:53:45,682 INFO Evaluating...
2018-11-28 19:53:45,933 INFO valid time: 0.251
2018-11-28 19:53:45,933 INFO valid loss: 0.030
2018-11-28 19:53:45,934 INFO valid accuracy: 0.958
2018-11-28 19:53:45,934 INFO valid precision: 1.000
2018-11-28 19:53:45,934 INFO valid recall: 0.941
2018-11-28 19:53:45,934 INFO valid F1: 0.970
2018-11-28 19:53:45,935 INFO valid AUC: 0.971
2018-11-28 19:53:46,025 INFO Epoch 94:
2018-11-28 19:53:46,026 INFO Training...
2018-11-28 19:53:46,440 INFO train time: 0.414
2018-11-28 19:53:46,441 INFO train loss: 0.012
2018-11-28 19:53:46,441 INFO train accuracy: 1.000
2018-11-28 19:53:46,441 INFO train precision: 1.000
2018-11-28 19:53:46,441 INFO train recall: 1.000
2018-11-28 19:53:46,441 INFO train F1: 1.000
2018-11-28 19:53:46,441 INFO train AUC: 1.000
2018-11-28 19:53:46,442 INFO Evaluating...
2018-11-28 19:53:46,688 INFO valid time: 0.246
2018-11-28 19:53:46,688 INFO valid loss: 0.030
2018-11-28 19:53:46,688 INFO valid accuracy: 0.958
2018-11-28 19:53:46,688 INFO valid precision: 1.000
2018-11-28 19:53:46,688 INFO valid recall: 0.941
2018-11-28 19:53:46,688 INFO valid F1: 0.970
2018-11-28 19:53:46,689 INFO valid AUC: 0.971
2018-11-28 19:53:46,765 INFO Epoch 95:
2018-11-28 19:53:46,768 INFO Training...
2018-11-28 19:53:47,169 INFO train time: 0.401
2018-11-28 19:53:47,169 INFO train loss: 0.011
2018-11-28 19:53:47,169 INFO train accuracy: 1.000
2018-11-28 19:53:47,169 INFO train precision: 1.000
2018-11-28 19:53:47,169 INFO train recall: 1.000
2018-11-28 19:53:47,169 INFO train F1: 1.000
2018-11-28 19:53:47,170 INFO train AUC: 1.000
2018-11-28 19:53:47,170 INFO Evaluating...
2018-11-28 19:53:47,432 INFO valid time: 0.262
2018-11-28 19:53:47,433 INFO valid loss: 0.029
2018-11-28 19:53:47,433 INFO valid accuracy: 0.958
2018-11-28 19:53:47,433 INFO valid precision: 1.000
2018-11-28 19:53:47,433 INFO valid recall: 0.941
2018-11-28 19:53:47,433 INFO valid F1: 0.970
2018-11-28 19:53:47,433 INFO valid AUC: 0.971
2018-11-28 19:53:47,538 INFO Epoch 96:
2018-11-28 19:53:47,539 INFO Training...
2018-11-28 19:53:47,964 INFO train time: 0.425
2018-11-28 19:53:47,965 INFO train loss: 0.011
2018-11-28 19:53:47,965 INFO train accuracy: 1.000
2018-11-28 19:53:47,965 INFO train precision: 1.000
2018-11-28 19:53:47,966 INFO train recall: 1.000
2018-11-28 19:53:47,966 INFO train F1: 1.000
2018-11-28 19:53:47,966 INFO train AUC: 1.000
2018-11-28 19:53:47,967 INFO Evaluating...
2018-11-28 19:53:48,223 INFO valid time: 0.256
2018-11-28 19:53:48,224 INFO valid loss: 0.029
2018-11-28 19:53:48,224 INFO valid accuracy: 0.958
2018-11-28 19:53:48,224 INFO valid precision: 1.000
2018-11-28 19:53:48,224 INFO valid recall: 0.941
2018-11-28 19:53:48,224 INFO valid F1: 0.970
2018-11-28 19:53:48,225 INFO valid AUC: 0.971
2018-11-28 19:53:48,323 INFO Epoch 97:
2018-11-28 19:53:48,325 INFO Training...
2018-11-28 19:53:48,747 INFO train time: 0.422
2018-11-28 19:53:48,747 INFO train loss: 0.011
2018-11-28 19:53:48,747 INFO train accuracy: 1.000
2018-11-28 19:53:48,748 INFO train precision: 1.000
2018-11-28 19:53:48,748 INFO train recall: 1.000
2018-11-28 19:53:48,748 INFO train F1: 1.000
2018-11-28 19:53:48,748 INFO train AUC: 1.000
2018-11-28 19:53:48,749 INFO Evaluating...
2018-11-28 19:53:48,999 INFO valid time: 0.250
2018-11-28 19:53:48,999 INFO valid loss: 0.029
2018-11-28 19:53:48,999 INFO valid accuracy: 0.958
2018-11-28 19:53:48,999 INFO valid precision: 1.000
2018-11-28 19:53:48,999 INFO valid recall: 0.941
2018-11-28 19:53:48,999 INFO valid F1: 0.970
2018-11-28 19:53:48,999 INFO valid AUC: 0.971
2018-11-28 19:53:49,106 INFO Epoch 98:
2018-11-28 19:53:49,109 INFO Training...
2018-11-28 19:53:49,542 INFO train time: 0.433
2018-11-28 19:53:49,543 INFO train loss: 0.011
2018-11-28 19:53:49,543 INFO train accuracy: 1.000
2018-11-28 19:53:49,543 INFO train precision: 1.000
2018-11-28 19:53:49,543 INFO train recall: 1.000
2018-11-28 19:53:49,543 INFO train F1: 1.000
2018-11-28 19:53:49,544 INFO train AUC: 1.000
2018-11-28 19:53:49,544 INFO Evaluating...
2018-11-28 19:53:49,819 INFO valid time: 0.274
2018-11-28 19:53:49,819 INFO valid loss: 0.029
2018-11-28 19:53:49,819 INFO valid accuracy: 0.958
2018-11-28 19:53:49,819 INFO valid precision: 1.000
2018-11-28 19:53:49,819 INFO valid recall: 0.941
2018-11-28 19:53:49,819 INFO valid F1: 0.970
2018-11-28 19:53:49,820 INFO valid AUC: 0.971
2018-11-28 19:53:49,901 INFO Epoch 99:
2018-11-28 19:53:49,902 INFO Training...
2018-11-28 19:53:50,389 INFO train time: 0.487
2018-11-28 19:53:50,389 INFO train loss: 0.011
2018-11-28 19:53:50,389 INFO train accuracy: 1.000
2018-11-28 19:53:50,389 INFO train precision: 1.000
2018-11-28 19:53:50,390 INFO train recall: 1.000
2018-11-28 19:53:50,390 INFO train F1: 1.000
2018-11-28 19:53:50,390 INFO train AUC: 1.000
2018-11-28 19:53:50,391 INFO Evaluating...
2018-11-28 19:53:50,651 INFO valid time: 0.259
2018-11-28 19:53:50,651 INFO valid loss: 0.028
2018-11-28 19:53:50,651 INFO valid accuracy: 0.958
2018-11-28 19:53:50,651 INFO valid precision: 1.000
2018-11-28 19:53:50,651 INFO valid recall: 0.941
2018-11-28 19:53:50,651 INFO valid F1: 0.970
2018-11-28 19:53:50,651 INFO valid AUC: 0.971
2018-11-28 19:53:50,750 INFO Restoring parameters from out/krashras_graph/model/model.ckpt
2018-11-28 19:53:50,765 INFO Evaluating...
2018-11-28 19:53:51,050 INFO test time: 0.285
2018-11-28 19:53:51,051 INFO test loss: 0.041
2018-11-28 19:53:51,051 INFO test accuracy: 1.000
2018-11-28 19:53:51,051 INFO test precision: 1.000
2018-11-28 19:53:51,052 INFO test recall: 1.000
2018-11-28 19:53:51,052 INFO test F1: 1.000
2018-11-28 19:53:51,052 INFO test AUC: 1.000
2018-11-28 19:53:51,112 INFO Saving History to out/krashras_graph/history.csv
2018-11-28 19:53:51,112 INFO Saving Summary to out/krashras_graph/summary.csv
2018-11-28 19:53:51,116 INFO All done!
