2018-11-28 19:26:01,930 INFO Initializing
2018-11-28 19:26:02,492 INFO Loaded 359 training samples
2018-11-28 19:26:02,492 INFO Loaded 52 validation samples
2018-11-28 19:26:02,493 INFO Loaded 103 test samples
2018-11-28 19:26:07,567 INFO Model: Graph-CNN
2018-11-28 19:26:07,568 INFO Parameters: 2887938
2018-11-28 19:26:08,460 INFO Epoch 0:
2018-11-28 19:26:08,478 INFO Training...
2018-11-28 19:26:10,519 INFO train time: 2.040
2018-11-28 19:26:10,519 INFO train loss: 2.402
2018-11-28 19:26:10,519 INFO train accuracy: 0.457
2018-11-28 19:26:10,519 INFO train precision: 0.671
2018-11-28 19:26:10,519 INFO train recall: 0.444
2018-11-28 19:26:10,520 INFO train F1: 0.535
2018-11-28 19:26:10,520 INFO train AUC: 0.465
2018-11-28 19:26:10,521 INFO Evaluating...
2018-11-28 19:26:10,916 INFO valid time: 0.395
2018-11-28 19:26:10,917 INFO valid loss: 0.530
2018-11-28 19:26:10,917 INFO valid accuracy: 0.788
2018-11-28 19:26:10,917 INFO valid precision: 0.788
2018-11-28 19:26:10,917 INFO valid recall: 1.000
2018-11-28 19:26:10,917 INFO valid F1: 0.882
2018-11-28 19:26:10,918 INFO valid AUC: 0.500
2018-11-28 19:26:11,088 INFO Epoch 1:
2018-11-28 19:26:11,089 INFO Training...
2018-11-28 19:26:11,906 INFO train time: 0.816
2018-11-28 19:26:11,906 INFO train loss: 0.246
2018-11-28 19:26:11,906 INFO train accuracy: 0.719
2018-11-28 19:26:11,906 INFO train precision: 0.715
2018-11-28 19:26:11,907 INFO train recall: 0.996
2018-11-28 19:26:11,907 INFO train F1: 0.833
2018-11-28 19:26:11,907 INFO train AUC: 0.531
2018-11-28 19:26:11,908 INFO Evaluating...
2018-11-28 19:26:12,227 INFO valid time: 0.319
2018-11-28 19:26:12,228 INFO valid loss: 0.189
2018-11-28 19:26:12,228 INFO valid accuracy: 0.808
2018-11-28 19:26:12,228 INFO valid precision: 0.860
2018-11-28 19:26:12,228 INFO valid recall: 0.902
2018-11-28 19:26:12,228 INFO valid F1: 0.881
2018-11-28 19:26:12,228 INFO valid AUC: 0.678
2018-11-28 19:26:12,416 INFO Epoch 2:
2018-11-28 19:26:12,417 INFO Training...
2018-11-28 19:26:13,311 INFO train time: 0.893
2018-11-28 19:26:13,311 INFO train loss: 0.160
2018-11-28 19:26:13,312 INFO train accuracy: 0.825
2018-11-28 19:26:13,312 INFO train precision: 0.865
2018-11-28 19:26:13,312 INFO train recall: 0.889
2018-11-28 19:26:13,313 INFO train F1: 0.877
2018-11-28 19:26:13,313 INFO train AUC: 0.781
2018-11-28 19:26:13,314 INFO Evaluating...
2018-11-28 19:26:13,624 INFO valid time: 0.310
2018-11-28 19:26:13,624 INFO valid loss: 0.222
2018-11-28 19:26:13,624 INFO valid accuracy: 0.712
2018-11-28 19:26:13,624 INFO valid precision: 0.933
2018-11-28 19:26:13,624 INFO valid recall: 0.683
2018-11-28 19:26:13,625 INFO valid F1: 0.789
2018-11-28 19:26:13,625 INFO valid AUC: 0.751
2018-11-28 19:26:13,799 INFO Epoch 3:
2018-11-28 19:26:13,801 INFO Training...
2018-11-28 19:26:14,668 INFO train time: 0.867
2018-11-28 19:26:14,669 INFO train loss: 0.163
2018-11-28 19:26:14,669 INFO train accuracy: 0.735
2018-11-28 19:26:14,669 INFO train precision: 0.883
2018-11-28 19:26:14,669 INFO train recall: 0.718
2018-11-28 19:26:14,669 INFO train F1: 0.792
2018-11-28 19:26:14,669 INFO train AUC: 0.747
2018-11-28 19:26:14,670 INFO Evaluating...
2018-11-28 19:26:15,006 INFO valid time: 0.336
2018-11-28 19:26:15,007 INFO valid loss: 0.177
2018-11-28 19:26:15,007 INFO valid accuracy: 0.769
2018-11-28 19:26:15,007 INFO valid precision: 0.939
2018-11-28 19:26:15,007 INFO valid recall: 0.756
2018-11-28 19:26:15,007 INFO valid F1: 0.838
2018-11-28 19:26:15,007 INFO valid AUC: 0.787
2018-11-28 19:26:15,190 INFO Epoch 4:
2018-11-28 19:26:15,191 INFO Training...
2018-11-28 19:26:16,190 INFO train time: 0.999
2018-11-28 19:26:16,191 INFO train loss: 0.123
2018-11-28 19:26:16,191 INFO train accuracy: 0.769
2018-11-28 19:26:16,191 INFO train precision: 0.872
2018-11-28 19:26:16,191 INFO train recall: 0.786
2018-11-28 19:26:16,191 INFO train F1: 0.827
2018-11-28 19:26:16,192 INFO train AUC: 0.757
2018-11-28 19:26:16,192 INFO Evaluating...
2018-11-28 19:26:16,504 INFO valid time: 0.312
2018-11-28 19:26:16,505 INFO valid loss: 0.140
2018-11-28 19:26:16,505 INFO valid accuracy: 0.808
2018-11-28 19:26:16,505 INFO valid precision: 0.860
2018-11-28 19:26:16,505 INFO valid recall: 0.902
2018-11-28 19:26:16,505 INFO valid F1: 0.881
2018-11-28 19:26:16,505 INFO valid AUC: 0.678
2018-11-28 19:26:16,714 INFO Epoch 5:
2018-11-28 19:26:16,715 INFO Training...
2018-11-28 19:26:17,654 INFO train time: 0.939
2018-11-28 19:26:17,654 INFO train loss: 0.103
2018-11-28 19:26:17,654 INFO train accuracy: 0.838
2018-11-28 19:26:17,654 INFO train precision: 0.873
2018-11-28 19:26:17,654 INFO train recall: 0.901
2018-11-28 19:26:17,654 INFO train F1: 0.887
2018-11-28 19:26:17,654 INFO train AUC: 0.796
2018-11-28 19:26:17,655 INFO Evaluating...
2018-11-28 19:26:17,970 INFO valid time: 0.315
2018-11-28 19:26:17,970 INFO valid loss: 0.129
2018-11-28 19:26:17,970 INFO valid accuracy: 0.808
2018-11-28 19:26:17,971 INFO valid precision: 0.844
2018-11-28 19:26:17,971 INFO valid recall: 0.927
2018-11-28 19:26:17,971 INFO valid F1: 0.884
2018-11-28 19:26:17,971 INFO valid AUC: 0.645
2018-11-28 19:26:18,167 INFO Epoch 6:
2018-11-28 19:26:18,168 INFO Training...
2018-11-28 19:26:19,072 INFO train time: 0.904
2018-11-28 19:26:19,072 INFO train loss: 0.096
2018-11-28 19:26:19,073 INFO train accuracy: 0.838
2018-11-28 19:26:19,073 INFO train precision: 0.865
2018-11-28 19:26:19,073 INFO train recall: 0.913
2018-11-28 19:26:19,073 INFO train F1: 0.888
2018-11-28 19:26:19,073 INFO train AUC: 0.788
2018-11-28 19:26:19,074 INFO Evaluating...
2018-11-28 19:26:19,383 INFO valid time: 0.309
2018-11-28 19:26:19,383 INFO valid loss: 0.117
2018-11-28 19:26:19,383 INFO valid accuracy: 0.808
2018-11-28 19:26:19,383 INFO valid precision: 0.844
2018-11-28 19:26:19,383 INFO valid recall: 0.927
2018-11-28 19:26:19,384 INFO valid F1: 0.884
2018-11-28 19:26:19,384 INFO valid AUC: 0.645
2018-11-28 19:26:19,572 INFO Epoch 7:
2018-11-28 19:26:19,573 INFO Training...
2018-11-28 19:26:20,439 INFO train time: 0.866
2018-11-28 19:26:20,440 INFO train loss: 0.086
2018-11-28 19:26:20,440 INFO train accuracy: 0.850
2018-11-28 19:26:20,440 INFO train precision: 0.867
2018-11-28 19:26:20,440 INFO train recall: 0.929
2018-11-28 19:26:20,440 INFO train F1: 0.897
2018-11-28 19:26:20,440 INFO train AUC: 0.796
2018-11-28 19:26:20,441 INFO Evaluating...
2018-11-28 19:26:20,745 INFO valid time: 0.304
2018-11-28 19:26:20,746 INFO valid loss: 0.105
2018-11-28 19:26:20,746 INFO valid accuracy: 0.827
2018-11-28 19:26:20,746 INFO valid precision: 0.864
2018-11-28 19:26:20,747 INFO valid recall: 0.927
2018-11-28 19:26:20,747 INFO valid F1: 0.894
2018-11-28 19:26:20,747 INFO valid AUC: 0.691
2018-11-28 19:26:20,951 INFO Epoch 8:
2018-11-28 19:26:20,952 INFO Training...
2018-11-28 19:26:21,863 INFO train time: 0.910
2018-11-28 19:26:21,863 INFO train loss: 0.073
2018-11-28 19:26:21,864 INFO train accuracy: 0.861
2018-11-28 19:26:21,864 INFO train precision: 0.880
2018-11-28 19:26:21,864 INFO train recall: 0.929
2018-11-28 19:26:21,864 INFO train F1: 0.903
2018-11-28 19:26:21,864 INFO train AUC: 0.815
2018-11-28 19:26:21,865 INFO Evaluating...
2018-11-28 19:26:22,167 INFO valid time: 0.302
2018-11-28 19:26:22,168 INFO valid loss: 0.106
2018-11-28 19:26:22,168 INFO valid accuracy: 0.885
2018-11-28 19:26:22,168 INFO valid precision: 0.927
2018-11-28 19:26:22,168 INFO valid recall: 0.927
2018-11-28 19:26:22,168 INFO valid F1: 0.927
2018-11-28 19:26:22,168 INFO valid AUC: 0.827
2018-11-28 19:26:22,385 INFO Epoch 9:
2018-11-28 19:26:22,386 INFO Training...
2018-11-28 19:26:23,258 INFO train time: 0.871
2018-11-28 19:26:23,258 INFO train loss: 0.065
2018-11-28 19:26:23,258 INFO train accuracy: 0.886
2018-11-28 19:26:23,258 INFO train precision: 0.911
2018-11-28 19:26:23,259 INFO train recall: 0.929
2018-11-28 19:26:23,259 INFO train F1: 0.919
2018-11-28 19:26:23,259 INFO train AUC: 0.857
2018-11-28 19:26:23,260 INFO Evaluating...
2018-11-28 19:26:23,562 INFO valid time: 0.302
2018-11-28 19:26:23,562 INFO valid loss: 0.111
2018-11-28 19:26:23,562 INFO valid accuracy: 0.885
2018-11-28 19:26:23,562 INFO valid precision: 0.949
2018-11-28 19:26:23,562 INFO valid recall: 0.902
2018-11-28 19:26:23,563 INFO valid F1: 0.925
2018-11-28 19:26:23,563 INFO valid AUC: 0.860
2018-11-28 19:26:23,768 INFO Epoch 10:
2018-11-28 19:26:23,769 INFO Training...
2018-11-28 19:26:24,669 INFO train time: 0.900
2018-11-28 19:26:24,669 INFO train loss: 0.059
2018-11-28 19:26:24,670 INFO train accuracy: 0.900
2018-11-28 19:26:24,670 INFO train precision: 0.925
2018-11-28 19:26:24,670 INFO train recall: 0.933
2018-11-28 19:26:24,670 INFO train F1: 0.929
2018-11-28 19:26:24,670 INFO train AUC: 0.877
2018-11-28 19:26:24,671 INFO Evaluating...
2018-11-28 19:26:24,962 INFO valid time: 0.291
2018-11-28 19:26:24,962 INFO valid loss: 0.097
2018-11-28 19:26:24,963 INFO valid accuracy: 0.885
2018-11-28 19:26:24,963 INFO valid precision: 0.927
2018-11-28 19:26:24,963 INFO valid recall: 0.927
2018-11-28 19:26:24,963 INFO valid F1: 0.927
2018-11-28 19:26:24,963 INFO valid AUC: 0.827
2018-11-28 19:26:25,156 INFO Epoch 11:
2018-11-28 19:26:25,157 INFO Training...
2018-11-28 19:26:26,059 INFO train time: 0.902
2018-11-28 19:26:26,059 INFO train loss: 0.052
2018-11-28 19:26:26,060 INFO train accuracy: 0.905
2018-11-28 19:26:26,060 INFO train precision: 0.922
2018-11-28 19:26:26,060 INFO train recall: 0.944
2018-11-28 19:26:26,060 INFO train F1: 0.933
2018-11-28 19:26:26,060 INFO train AUC: 0.879
2018-11-28 19:26:26,061 INFO Evaluating...
2018-11-28 19:26:26,389 INFO valid time: 0.328
2018-11-28 19:26:26,390 INFO valid loss: 0.085
2018-11-28 19:26:26,390 INFO valid accuracy: 0.885
2018-11-28 19:26:26,390 INFO valid precision: 0.927
2018-11-28 19:26:26,390 INFO valid recall: 0.927
2018-11-28 19:26:26,390 INFO valid F1: 0.927
2018-11-28 19:26:26,390 INFO valid AUC: 0.827
2018-11-28 19:26:26,599 INFO Epoch 12:
2018-11-28 19:26:26,600 INFO Training...
2018-11-28 19:26:27,520 INFO train time: 0.919
2018-11-28 19:26:27,520 INFO train loss: 0.048
2018-11-28 19:26:27,520 INFO train accuracy: 0.914
2018-11-28 19:26:27,521 INFO train precision: 0.920
2018-11-28 19:26:27,521 INFO train recall: 0.960
2018-11-28 19:26:27,521 INFO train F1: 0.940
2018-11-28 19:26:27,521 INFO train AUC: 0.882
2018-11-28 19:26:27,522 INFO Evaluating...
2018-11-28 19:26:27,809 INFO valid time: 0.287
2018-11-28 19:26:27,810 INFO valid loss: 0.080
2018-11-28 19:26:27,810 INFO valid accuracy: 0.865
2018-11-28 19:26:27,810 INFO valid precision: 0.925
2018-11-28 19:26:27,810 INFO valid recall: 0.902
2018-11-28 19:26:27,810 INFO valid F1: 0.914
2018-11-28 19:26:27,810 INFO valid AUC: 0.815
2018-11-28 19:26:28,035 INFO Epoch 13:
2018-11-28 19:26:28,036 INFO Training...
2018-11-28 19:26:29,007 INFO train time: 0.971
2018-11-28 19:26:29,007 INFO train loss: 0.044
2018-11-28 19:26:29,008 INFO train accuracy: 0.919
2018-11-28 19:26:29,008 INFO train precision: 0.927
2018-11-28 19:26:29,008 INFO train recall: 0.960
2018-11-28 19:26:29,008 INFO train F1: 0.943
2018-11-28 19:26:29,008 INFO train AUC: 0.891
2018-11-28 19:26:29,009 INFO Evaluating...
2018-11-28 19:26:29,338 INFO valid time: 0.330
2018-11-28 19:26:29,339 INFO valid loss: 0.079
2018-11-28 19:26:29,339 INFO valid accuracy: 0.885
2018-11-28 19:26:29,339 INFO valid precision: 0.927
2018-11-28 19:26:29,339 INFO valid recall: 0.927
2018-11-28 19:26:29,339 INFO valid F1: 0.927
2018-11-28 19:26:29,340 INFO valid AUC: 0.827
2018-11-28 19:26:29,578 INFO Epoch 14:
2018-11-28 19:26:29,579 INFO Training...
2018-11-28 19:26:30,461 INFO train time: 0.882
2018-11-28 19:26:30,462 INFO train loss: 0.041
2018-11-28 19:26:30,462 INFO train accuracy: 0.930
2018-11-28 19:26:30,462 INFO train precision: 0.942
2018-11-28 19:26:30,463 INFO train recall: 0.960
2018-11-28 19:26:30,463 INFO train F1: 0.951
2018-11-28 19:26:30,463 INFO train AUC: 0.910
2018-11-28 19:26:30,464 INFO Evaluating...
2018-11-28 19:26:30,784 INFO valid time: 0.319
2018-11-28 19:26:30,784 INFO valid loss: 0.084
2018-11-28 19:26:30,784 INFO valid accuracy: 0.885
2018-11-28 19:26:30,784 INFO valid precision: 0.927
2018-11-28 19:26:30,785 INFO valid recall: 0.927
2018-11-28 19:26:30,785 INFO valid F1: 0.927
2018-11-28 19:26:30,785 INFO valid AUC: 0.827
2018-11-28 19:26:31,002 INFO Epoch 15:
2018-11-28 19:26:31,003 INFO Training...
2018-11-28 19:26:31,888 INFO train time: 0.885
2018-11-28 19:26:31,889 INFO train loss: 0.038
2018-11-28 19:26:31,889 INFO train accuracy: 0.944
2018-11-28 19:26:31,889 INFO train precision: 0.957
2018-11-28 19:26:31,889 INFO train recall: 0.964
2018-11-28 19:26:31,889 INFO train F1: 0.960
2018-11-28 19:26:31,889 INFO train AUC: 0.931
2018-11-28 19:26:31,890 INFO Evaluating...
2018-11-28 19:26:32,174 INFO valid time: 0.283
2018-11-28 19:26:32,174 INFO valid loss: 0.076
2018-11-28 19:26:32,174 INFO valid accuracy: 0.885
2018-11-28 19:26:32,174 INFO valid precision: 0.927
2018-11-28 19:26:32,174 INFO valid recall: 0.927
2018-11-28 19:26:32,174 INFO valid F1: 0.927
2018-11-28 19:26:32,174 INFO valid AUC: 0.827
2018-11-28 19:26:32,382 INFO Epoch 16:
2018-11-28 19:26:32,383 INFO Training...
2018-11-28 19:26:33,235 INFO train time: 0.852
2018-11-28 19:26:33,235 INFO train loss: 0.035
2018-11-28 19:26:33,236 INFO train accuracy: 0.944
2018-11-28 19:26:33,236 INFO train precision: 0.957
2018-11-28 19:26:33,236 INFO train recall: 0.964
2018-11-28 19:26:33,236 INFO train F1: 0.960
2018-11-28 19:26:33,236 INFO train AUC: 0.931
2018-11-28 19:26:33,237 INFO Evaluating...
2018-11-28 19:26:33,541 INFO valid time: 0.304
2018-11-28 19:26:33,542 INFO valid loss: 0.073
2018-11-28 19:26:33,542 INFO valid accuracy: 0.885
2018-11-28 19:26:33,542 INFO valid precision: 0.927
2018-11-28 19:26:33,542 INFO valid recall: 0.927
2018-11-28 19:26:33,542 INFO valid F1: 0.927
2018-11-28 19:26:33,542 INFO valid AUC: 0.827
2018-11-28 19:26:33,757 INFO Epoch 17:
2018-11-28 19:26:33,758 INFO Training...
2018-11-28 19:26:34,641 INFO train time: 0.882
2018-11-28 19:26:34,641 INFO train loss: 0.033
2018-11-28 19:26:34,641 INFO train accuracy: 0.947
2018-11-28 19:26:34,641 INFO train precision: 0.957
2018-11-28 19:26:34,641 INFO train recall: 0.968
2018-11-28 19:26:34,642 INFO train F1: 0.963
2018-11-28 19:26:34,642 INFO train AUC: 0.933
2018-11-28 19:26:34,643 INFO Evaluating...
2018-11-28 19:26:34,948 INFO valid time: 0.306
2018-11-28 19:26:34,949 INFO valid loss: 0.071
2018-11-28 19:26:34,949 INFO valid accuracy: 0.885
2018-11-28 19:26:34,949 INFO valid precision: 0.927
2018-11-28 19:26:34,949 INFO valid recall: 0.927
2018-11-28 19:26:34,950 INFO valid F1: 0.927
2018-11-28 19:26:34,950 INFO valid AUC: 0.827
2018-11-28 19:26:35,154 INFO Epoch 18:
2018-11-28 19:26:35,155 INFO Training...
2018-11-28 19:26:36,054 INFO train time: 0.899
2018-11-28 19:26:36,055 INFO train loss: 0.031
2018-11-28 19:26:36,055 INFO train accuracy: 0.955
2018-11-28 19:26:36,055 INFO train precision: 0.961
2018-11-28 19:26:36,055 INFO train recall: 0.976
2018-11-28 19:26:36,055 INFO train F1: 0.969
2018-11-28 19:26:36,055 INFO train AUC: 0.941
2018-11-28 19:26:36,056 INFO Evaluating...
2018-11-28 19:26:36,367 INFO valid time: 0.311
2018-11-28 19:26:36,367 INFO valid loss: 0.069
2018-11-28 19:26:36,367 INFO valid accuracy: 0.885
2018-11-28 19:26:36,367 INFO valid precision: 0.927
2018-11-28 19:26:36,367 INFO valid recall: 0.927
2018-11-28 19:26:36,367 INFO valid F1: 0.927
2018-11-28 19:26:36,368 INFO valid AUC: 0.827
2018-11-28 19:26:36,559 INFO Epoch 19:
2018-11-28 19:26:36,561 INFO Training...
2018-11-28 19:26:37,410 INFO train time: 0.849
2018-11-28 19:26:37,410 INFO train loss: 0.029
2018-11-28 19:26:37,411 INFO train accuracy: 0.953
2018-11-28 19:26:37,411 INFO train precision: 0.957
2018-11-28 19:26:37,411 INFO train recall: 0.976
2018-11-28 19:26:37,411 INFO train F1: 0.967
2018-11-28 19:26:37,411 INFO train AUC: 0.937
2018-11-28 19:26:37,412 INFO Evaluating...
2018-11-28 19:26:37,709 INFO valid time: 0.297
2018-11-28 19:26:37,709 INFO valid loss: 0.074
2018-11-28 19:26:37,710 INFO valid accuracy: 0.904
2018-11-28 19:26:37,710 INFO valid precision: 0.950
2018-11-28 19:26:37,710 INFO valid recall: 0.927
2018-11-28 19:26:37,711 INFO valid F1: 0.938
2018-11-28 19:26:37,711 INFO valid AUC: 0.873
2018-11-28 19:26:37,927 INFO Epoch 20:
2018-11-28 19:26:37,928 INFO Training...
2018-11-28 19:26:38,812 INFO train time: 0.883
2018-11-28 19:26:38,812 INFO train loss: 0.027
2018-11-28 19:26:38,812 INFO train accuracy: 0.955
2018-11-28 19:26:38,812 INFO train precision: 0.961
2018-11-28 19:26:38,812 INFO train recall: 0.976
2018-11-28 19:26:38,813 INFO train F1: 0.969
2018-11-28 19:26:38,813 INFO train AUC: 0.941
2018-11-28 19:26:38,813 INFO Evaluating...
2018-11-28 19:26:39,129 INFO valid time: 0.315
2018-11-28 19:26:39,129 INFO valid loss: 0.073
2018-11-28 19:26:39,129 INFO valid accuracy: 0.904
2018-11-28 19:26:39,129 INFO valid precision: 0.950
2018-11-28 19:26:39,130 INFO valid recall: 0.927
2018-11-28 19:26:39,130 INFO valid F1: 0.938
2018-11-28 19:26:39,130 INFO valid AUC: 0.873
2018-11-28 19:26:39,347 INFO Epoch 21:
2018-11-28 19:26:39,348 INFO Training...
2018-11-28 19:26:40,223 INFO train time: 0.874
2018-11-28 19:26:40,223 INFO train loss: 0.026
2018-11-28 19:26:40,223 INFO train accuracy: 0.961
2018-11-28 19:26:40,223 INFO train precision: 0.961
2018-11-28 19:26:40,224 INFO train recall: 0.984
2018-11-28 19:26:40,224 INFO train F1: 0.973
2018-11-28 19:26:40,224 INFO train AUC: 0.945
2018-11-28 19:26:40,224 INFO Evaluating...
2018-11-28 19:26:40,523 INFO valid time: 0.299
2018-11-28 19:26:40,523 INFO valid loss: 0.067
2018-11-28 19:26:40,524 INFO valid accuracy: 0.904
2018-11-28 19:26:40,524 INFO valid precision: 0.929
2018-11-28 19:26:40,524 INFO valid recall: 0.951
2018-11-28 19:26:40,524 INFO valid F1: 0.940
2018-11-28 19:26:40,524 INFO valid AUC: 0.839
2018-11-28 19:26:40,743 INFO Epoch 22:
2018-11-28 19:26:40,745 INFO Training...
2018-11-28 19:26:41,677 INFO train time: 0.932
2018-11-28 19:26:41,678 INFO train loss: 0.024
2018-11-28 19:26:41,678 INFO train accuracy: 0.961
2018-11-28 19:26:41,678 INFO train precision: 0.961
2018-11-28 19:26:41,678 INFO train recall: 0.984
2018-11-28 19:26:41,678 INFO train F1: 0.973
2018-11-28 19:26:41,678 INFO train AUC: 0.945
2018-11-28 19:26:41,679 INFO Evaluating...
2018-11-28 19:26:41,984 INFO valid time: 0.305
2018-11-28 19:26:41,984 INFO valid loss: 0.078
2018-11-28 19:26:41,985 INFO valid accuracy: 0.904
2018-11-28 19:26:41,985 INFO valid precision: 0.950
2018-11-28 19:26:41,985 INFO valid recall: 0.927
2018-11-28 19:26:41,985 INFO valid F1: 0.938
2018-11-28 19:26:41,985 INFO valid AUC: 0.873
2018-11-28 19:26:42,176 INFO Epoch 23:
2018-11-28 19:26:42,177 INFO Training...
2018-11-28 19:26:43,073 INFO train time: 0.895
2018-11-28 19:26:43,073 INFO train loss: 0.023
2018-11-28 19:26:43,073 INFO train accuracy: 0.961
2018-11-28 19:26:43,073 INFO train precision: 0.961
2018-11-28 19:26:43,073 INFO train recall: 0.984
2018-11-28 19:26:43,074 INFO train F1: 0.973
2018-11-28 19:26:43,074 INFO train AUC: 0.945
2018-11-28 19:26:43,074 INFO Evaluating...
2018-11-28 19:26:43,399 INFO valid time: 0.324
2018-11-28 19:26:43,399 INFO valid loss: 0.074
2018-11-28 19:26:43,399 INFO valid accuracy: 0.904
2018-11-28 19:26:43,399 INFO valid precision: 0.950
2018-11-28 19:26:43,399 INFO valid recall: 0.927
2018-11-28 19:26:43,399 INFO valid F1: 0.938
2018-11-28 19:26:43,400 INFO valid AUC: 0.873
2018-11-28 19:26:43,597 INFO Epoch 24:
2018-11-28 19:26:43,598 INFO Training...
2018-11-28 19:26:44,558 INFO train time: 0.960
2018-11-28 19:26:44,559 INFO train loss: 0.021
2018-11-28 19:26:44,559 INFO train accuracy: 0.961
2018-11-28 19:26:44,559 INFO train precision: 0.961
2018-11-28 19:26:44,559 INFO train recall: 0.984
2018-11-28 19:26:44,559 INFO train F1: 0.973
2018-11-28 19:26:44,560 INFO train AUC: 0.945
2018-11-28 19:26:44,561 INFO Evaluating...
2018-11-28 19:26:44,883 INFO valid time: 0.321
2018-11-28 19:26:44,883 INFO valid loss: 0.081
2018-11-28 19:26:44,883 INFO valid accuracy: 0.904
2018-11-28 19:26:44,884 INFO valid precision: 0.950
2018-11-28 19:26:44,884 INFO valid recall: 0.927
2018-11-28 19:26:44,884 INFO valid F1: 0.938
2018-11-28 19:26:44,884 INFO valid AUC: 0.873
2018-11-28 19:26:45,091 INFO Epoch 25:
2018-11-28 19:26:45,092 INFO Training...
2018-11-28 19:26:45,975 INFO train time: 0.883
2018-11-28 19:26:45,976 INFO train loss: 0.020
2018-11-28 19:26:45,976 INFO train accuracy: 0.967
2018-11-28 19:26:45,976 INFO train precision: 0.969
2018-11-28 19:26:45,976 INFO train recall: 0.984
2018-11-28 19:26:45,976 INFO train F1: 0.976
2018-11-28 19:26:45,976 INFO train AUC: 0.955
2018-11-28 19:26:45,977 INFO Evaluating...
2018-11-28 19:26:46,393 INFO valid time: 0.416
2018-11-28 19:26:46,393 INFO valid loss: 0.077
2018-11-28 19:26:46,393 INFO valid accuracy: 0.904
2018-11-28 19:26:46,394 INFO valid precision: 0.950
2018-11-28 19:26:46,394 INFO valid recall: 0.927
2018-11-28 19:26:46,394 INFO valid F1: 0.938
2018-11-28 19:26:46,394 INFO valid AUC: 0.873
2018-11-28 19:26:46,618 INFO Epoch 26:
2018-11-28 19:26:46,619 INFO Training...
2018-11-28 19:26:47,516 INFO train time: 0.896
2018-11-28 19:26:47,516 INFO train loss: 0.018
2018-11-28 19:26:47,517 INFO train accuracy: 0.972
2018-11-28 19:26:47,517 INFO train precision: 0.973
2018-11-28 19:26:47,517 INFO train recall: 0.988
2018-11-28 19:26:47,517 INFO train F1: 0.980
2018-11-28 19:26:47,517 INFO train AUC: 0.961
2018-11-28 19:26:47,518 INFO Evaluating...
2018-11-28 19:26:47,823 INFO valid time: 0.305
2018-11-28 19:26:47,823 INFO valid loss: 0.088
2018-11-28 19:26:47,823 INFO valid accuracy: 0.904
2018-11-28 19:26:47,823 INFO valid precision: 0.950
2018-11-28 19:26:47,823 INFO valid recall: 0.927
2018-11-28 19:26:47,823 INFO valid F1: 0.938
2018-11-28 19:26:47,824 INFO valid AUC: 0.873
2018-11-28 19:26:48,033 INFO Epoch 27:
2018-11-28 19:26:48,034 INFO Training...
2018-11-28 19:26:48,933 INFO train time: 0.899
2018-11-28 19:26:48,934 INFO train loss: 0.017
2018-11-28 19:26:48,934 INFO train accuracy: 0.975
2018-11-28 19:26:48,934 INFO train precision: 0.976
2018-11-28 19:26:48,934 INFO train recall: 0.988
2018-11-28 19:26:48,934 INFO train F1: 0.982
2018-11-28 19:26:48,934 INFO train AUC: 0.966
2018-11-28 19:26:48,935 INFO Evaluating...
2018-11-28 19:26:49,259 INFO valid time: 0.324
2018-11-28 19:26:49,260 INFO valid loss: 0.073
2018-11-28 19:26:49,260 INFO valid accuracy: 0.904
2018-11-28 19:26:49,260 INFO valid precision: 0.950
2018-11-28 19:26:49,260 INFO valid recall: 0.927
2018-11-28 19:26:49,260 INFO valid F1: 0.938
2018-11-28 19:26:49,260 INFO valid AUC: 0.873
2018-11-28 19:26:49,492 INFO Epoch 28:
2018-11-28 19:26:49,493 INFO Training...
2018-11-28 19:26:50,344 INFO train time: 0.851
2018-11-28 19:26:50,344 INFO train loss: 0.017
2018-11-28 19:26:50,345 INFO train accuracy: 0.978
2018-11-28 19:26:50,345 INFO train precision: 0.977
2018-11-28 19:26:50,345 INFO train recall: 0.992
2018-11-28 19:26:50,345 INFO train F1: 0.984
2018-11-28 19:26:50,345 INFO train AUC: 0.968
2018-11-28 19:26:50,346 INFO Evaluating...
2018-11-28 19:26:50,647 INFO valid time: 0.301
2018-11-28 19:26:50,648 INFO valid loss: 0.090
2018-11-28 19:26:50,648 INFO valid accuracy: 0.904
2018-11-28 19:26:50,648 INFO valid precision: 0.950
2018-11-28 19:26:50,648 INFO valid recall: 0.927
2018-11-28 19:26:50,648 INFO valid F1: 0.938
2018-11-28 19:26:50,648 INFO valid AUC: 0.873
2018-11-28 19:26:50,858 INFO Epoch 29:
2018-11-28 19:26:50,859 INFO Training...
2018-11-28 19:26:51,753 INFO train time: 0.894
2018-11-28 19:26:51,754 INFO train loss: 0.015
2018-11-28 19:26:51,754 INFO train accuracy: 0.978
2018-11-28 19:26:51,754 INFO train precision: 0.977
2018-11-28 19:26:51,754 INFO train recall: 0.992
2018-11-28 19:26:51,754 INFO train F1: 0.984
2018-11-28 19:26:51,754 INFO train AUC: 0.968
2018-11-28 19:26:51,755 INFO Evaluating...
2018-11-28 19:26:52,088 INFO valid time: 0.333
2018-11-28 19:26:52,089 INFO valid loss: 0.080
2018-11-28 19:26:52,089 INFO valid accuracy: 0.904
2018-11-28 19:26:52,089 INFO valid precision: 0.950
2018-11-28 19:26:52,089 INFO valid recall: 0.927
2018-11-28 19:26:52,089 INFO valid F1: 0.938
2018-11-28 19:26:52,090 INFO valid AUC: 0.873
2018-11-28 19:26:52,302 INFO Epoch 30:
2018-11-28 19:26:52,303 INFO Training...
2018-11-28 19:26:53,240 INFO train time: 0.937
2018-11-28 19:26:53,240 INFO train loss: 0.014
2018-11-28 19:26:53,240 INFO train accuracy: 0.981
2018-11-28 19:26:53,241 INFO train precision: 0.977
2018-11-28 19:26:53,241 INFO train recall: 0.996
2018-11-28 19:26:53,241 INFO train F1: 0.986
2018-11-28 19:26:53,241 INFO train AUC: 0.970
2018-11-28 19:26:53,242 INFO Evaluating...
2018-11-28 19:26:53,568 INFO valid time: 0.325
2018-11-28 19:26:53,568 INFO valid loss: 0.088
2018-11-28 19:26:53,568 INFO valid accuracy: 0.904
2018-11-28 19:26:53,569 INFO valid precision: 0.950
2018-11-28 19:26:53,569 INFO valid recall: 0.927
2018-11-28 19:26:53,569 INFO valid F1: 0.938
2018-11-28 19:26:53,569 INFO valid AUC: 0.873
2018-11-28 19:26:53,795 INFO Epoch 31:
2018-11-28 19:26:53,799 INFO Training...
2018-11-28 19:26:54,654 INFO train time: 0.855
2018-11-28 19:26:54,654 INFO train loss: 0.014
2018-11-28 19:26:54,654 INFO train accuracy: 0.981
2018-11-28 19:26:54,655 INFO train precision: 0.977
2018-11-28 19:26:54,655 INFO train recall: 0.996
2018-11-28 19:26:54,655 INFO train F1: 0.986
2018-11-28 19:26:54,655 INFO train AUC: 0.970
2018-11-28 19:26:54,655 INFO Evaluating...
2018-11-28 19:26:54,992 INFO valid time: 0.337
2018-11-28 19:26:54,993 INFO valid loss: 0.086
2018-11-28 19:26:54,993 INFO valid accuracy: 0.904
2018-11-28 19:26:54,994 INFO valid precision: 0.950
2018-11-28 19:26:54,994 INFO valid recall: 0.927
2018-11-28 19:26:54,994 INFO valid F1: 0.938
2018-11-28 19:26:54,994 INFO valid AUC: 0.873
2018-11-28 19:26:55,207 INFO Epoch 32:
2018-11-28 19:26:55,209 INFO Training...
2018-11-28 19:26:56,108 INFO train time: 0.899
2018-11-28 19:26:56,108 INFO train loss: 0.013
2018-11-28 19:26:56,108 INFO train accuracy: 0.981
2018-11-28 19:26:56,108 INFO train precision: 0.977
2018-11-28 19:26:56,109 INFO train recall: 0.996
2018-11-28 19:26:56,109 INFO train F1: 0.986
2018-11-28 19:26:56,109 INFO train AUC: 0.970
2018-11-28 19:26:56,109 INFO Evaluating...
2018-11-28 19:26:56,427 INFO valid time: 0.317
2018-11-28 19:26:56,427 INFO valid loss: 0.083
2018-11-28 19:26:56,427 INFO valid accuracy: 0.904
2018-11-28 19:26:56,427 INFO valid precision: 0.950
2018-11-28 19:26:56,428 INFO valid recall: 0.927
2018-11-28 19:26:56,428 INFO valid F1: 0.938
2018-11-28 19:26:56,428 INFO valid AUC: 0.873
2018-11-28 19:26:56,641 INFO Epoch 33:
2018-11-28 19:26:56,642 INFO Training...
2018-11-28 19:26:57,566 INFO train time: 0.924
2018-11-28 19:26:57,566 INFO train loss: 0.012
2018-11-28 19:26:57,567 INFO train accuracy: 0.983
2018-11-28 19:26:57,567 INFO train precision: 0.977
2018-11-28 19:26:57,567 INFO train recall: 1.000
2018-11-28 19:26:57,567 INFO train F1: 0.988
2018-11-28 19:26:57,567 INFO train AUC: 0.972
2018-11-28 19:26:57,568 INFO Evaluating...
2018-11-28 19:26:57,893 INFO valid time: 0.325
2018-11-28 19:26:57,893 INFO valid loss: 0.093
2018-11-28 19:26:57,894 INFO valid accuracy: 0.904
2018-11-28 19:26:57,894 INFO valid precision: 0.950
2018-11-28 19:26:57,894 INFO valid recall: 0.927
2018-11-28 19:26:57,894 INFO valid F1: 0.938
2018-11-28 19:26:57,894 INFO valid AUC: 0.873
2018-11-28 19:26:58,116 INFO Epoch 34:
2018-11-28 19:26:58,118 INFO Training...
2018-11-28 19:26:58,958 INFO train time: 0.840
2018-11-28 19:26:58,958 INFO train loss: 0.012
2018-11-28 19:26:58,959 INFO train accuracy: 0.983
2018-11-28 19:26:58,959 INFO train precision: 0.977
2018-11-28 19:26:58,959 INFO train recall: 1.000
2018-11-28 19:26:58,959 INFO train F1: 0.988
2018-11-28 19:26:58,960 INFO train AUC: 0.972
2018-11-28 19:26:58,960 INFO Evaluating...
2018-11-28 19:26:59,306 INFO valid time: 0.345
2018-11-28 19:26:59,306 INFO valid loss: 0.094
2018-11-28 19:26:59,306 INFO valid accuracy: 0.904
2018-11-28 19:26:59,307 INFO valid precision: 0.950
2018-11-28 19:26:59,307 INFO valid recall: 0.927
2018-11-28 19:26:59,307 INFO valid F1: 0.938
2018-11-28 19:26:59,307 INFO valid AUC: 0.873
2018-11-28 19:26:59,533 INFO Epoch 35:
2018-11-28 19:26:59,534 INFO Training...
2018-11-28 19:27:00,468 INFO train time: 0.934
2018-11-28 19:27:00,468 INFO train loss: 0.011
2018-11-28 19:27:00,468 INFO train accuracy: 0.983
2018-11-28 19:27:00,468 INFO train precision: 0.977
2018-11-28 19:27:00,469 INFO train recall: 1.000
2018-11-28 19:27:00,469 INFO train F1: 0.988
2018-11-28 19:27:00,469 INFO train AUC: 0.972
2018-11-28 19:27:00,470 INFO Evaluating...
2018-11-28 19:27:00,801 INFO valid time: 0.331
2018-11-28 19:27:00,801 INFO valid loss: 0.094
2018-11-28 19:27:00,801 INFO valid accuracy: 0.904
2018-11-28 19:27:00,801 INFO valid precision: 0.950
2018-11-28 19:27:00,801 INFO valid recall: 0.927
2018-11-28 19:27:00,802 INFO valid F1: 0.938
2018-11-28 19:27:00,802 INFO valid AUC: 0.873
2018-11-28 19:27:01,035 INFO Epoch 36:
2018-11-28 19:27:01,036 INFO Training...
2018-11-28 19:27:01,911 INFO train time: 0.874
2018-11-28 19:27:01,911 INFO train loss: 0.011
2018-11-28 19:27:01,911 INFO train accuracy: 0.983
2018-11-28 19:27:01,912 INFO train precision: 0.977
2018-11-28 19:27:01,912 INFO train recall: 1.000
2018-11-28 19:27:01,912 INFO train F1: 0.988
2018-11-28 19:27:01,912 INFO train AUC: 0.972
2018-11-28 19:27:01,913 INFO Evaluating...
2018-11-28 19:27:02,228 INFO valid time: 0.315
2018-11-28 19:27:02,228 INFO valid loss: 0.089
2018-11-28 19:27:02,228 INFO valid accuracy: 0.904
2018-11-28 19:27:02,229 INFO valid precision: 0.950
2018-11-28 19:27:02,229 INFO valid recall: 0.927
2018-11-28 19:27:02,229 INFO valid F1: 0.938
2018-11-28 19:27:02,229 INFO valid AUC: 0.873
2018-11-28 19:27:02,415 INFO Epoch 37:
2018-11-28 19:27:02,416 INFO Training...
2018-11-28 19:27:03,366 INFO train time: 0.949
2018-11-28 19:27:03,366 INFO train loss: 0.010
2018-11-28 19:27:03,366 INFO train accuracy: 0.983
2018-11-28 19:27:03,366 INFO train precision: 0.977
2018-11-28 19:27:03,366 INFO train recall: 1.000
2018-11-28 19:27:03,367 INFO train F1: 0.988
2018-11-28 19:27:03,367 INFO train AUC: 0.972
2018-11-28 19:27:03,367 INFO Evaluating...
2018-11-28 19:27:03,705 INFO valid time: 0.338
2018-11-28 19:27:03,706 INFO valid loss: 0.094
2018-11-28 19:27:03,706 INFO valid accuracy: 0.904
2018-11-28 19:27:03,706 INFO valid precision: 0.950
2018-11-28 19:27:03,706 INFO valid recall: 0.927
2018-11-28 19:27:03,707 INFO valid F1: 0.938
2018-11-28 19:27:03,707 INFO valid AUC: 0.873
2018-11-28 19:27:03,887 INFO Epoch 38:
2018-11-28 19:27:03,888 INFO Training...
2018-11-28 19:27:04,804 INFO train time: 0.915
2018-11-28 19:27:04,804 INFO train loss: 0.010
2018-11-28 19:27:04,804 INFO train accuracy: 0.986
2018-11-28 19:27:04,805 INFO train precision: 0.981
2018-11-28 19:27:04,805 INFO train recall: 1.000
2018-11-28 19:27:04,805 INFO train F1: 0.990
2018-11-28 19:27:04,805 INFO train AUC: 0.977
2018-11-28 19:27:04,806 INFO Evaluating...
2018-11-28 19:27:05,117 INFO valid time: 0.311
2018-11-28 19:27:05,118 INFO valid loss: 0.094
2018-11-28 19:27:05,118 INFO valid accuracy: 0.904
2018-11-28 19:27:05,118 INFO valid precision: 0.950
2018-11-28 19:27:05,118 INFO valid recall: 0.927
2018-11-28 19:27:05,119 INFO valid F1: 0.938
2018-11-28 19:27:05,119 INFO valid AUC: 0.873
2018-11-28 19:27:05,319 INFO Epoch 39:
2018-11-28 19:27:05,321 INFO Training...
2018-11-28 19:27:06,289 INFO train time: 0.967
2018-11-28 19:27:06,289 INFO train loss: 0.009
2018-11-28 19:27:06,289 INFO train accuracy: 0.989
2018-11-28 19:27:06,289 INFO train precision: 0.984
2018-11-28 19:27:06,289 INFO train recall: 1.000
2018-11-28 19:27:06,289 INFO train F1: 0.992
2018-11-28 19:27:06,289 INFO train AUC: 0.981
2018-11-28 19:27:06,290 INFO Evaluating...
2018-11-28 19:27:06,601 INFO valid time: 0.311
2018-11-28 19:27:06,601 INFO valid loss: 0.096
2018-11-28 19:27:06,602 INFO valid accuracy: 0.904
2018-11-28 19:27:06,602 INFO valid precision: 0.950
2018-11-28 19:27:06,602 INFO valid recall: 0.927
2018-11-28 19:27:06,602 INFO valid F1: 0.938
2018-11-28 19:27:06,602 INFO valid AUC: 0.873
2018-11-28 19:27:06,805 INFO Epoch 40:
2018-11-28 19:27:06,808 INFO Training...
2018-11-28 19:27:07,734 INFO train time: 0.925
2018-11-28 19:27:07,734 INFO train loss: 0.009
2018-11-28 19:27:07,734 INFO train accuracy: 0.992
2018-11-28 19:27:07,735 INFO train precision: 0.988
2018-11-28 19:27:07,735 INFO train recall: 1.000
2018-11-28 19:27:07,735 INFO train F1: 0.994
2018-11-28 19:27:07,735 INFO train AUC: 0.986
2018-11-28 19:27:07,736 INFO Evaluating...
2018-11-28 19:27:08,094 INFO valid time: 0.358
2018-11-28 19:27:08,094 INFO valid loss: 0.099
2018-11-28 19:27:08,095 INFO valid accuracy: 0.904
2018-11-28 19:27:08,095 INFO valid precision: 0.950
2018-11-28 19:27:08,095 INFO valid recall: 0.927
2018-11-28 19:27:08,095 INFO valid F1: 0.938
2018-11-28 19:27:08,095 INFO valid AUC: 0.873
2018-11-28 19:27:08,302 INFO Epoch 41:
2018-11-28 19:27:08,303 INFO Training...
2018-11-28 19:27:09,197 INFO train time: 0.894
2018-11-28 19:27:09,197 INFO train loss: 0.009
2018-11-28 19:27:09,198 INFO train accuracy: 0.992
2018-11-28 19:27:09,198 INFO train precision: 0.988
2018-11-28 19:27:09,198 INFO train recall: 1.000
2018-11-28 19:27:09,198 INFO train F1: 0.994
2018-11-28 19:27:09,198 INFO train AUC: 0.986
2018-11-28 19:27:09,199 INFO Evaluating...
2018-11-28 19:27:09,519 INFO valid time: 0.319
2018-11-28 19:27:09,519 INFO valid loss: 0.097
2018-11-28 19:27:09,519 INFO valid accuracy: 0.904
2018-11-28 19:27:09,520 INFO valid precision: 0.950
2018-11-28 19:27:09,520 INFO valid recall: 0.927
2018-11-28 19:27:09,520 INFO valid F1: 0.938
2018-11-28 19:27:09,520 INFO valid AUC: 0.873
2018-11-28 19:27:09,724 INFO Epoch 42:
2018-11-28 19:27:09,725 INFO Training...
2018-11-28 19:27:10,676 INFO train time: 0.950
2018-11-28 19:27:10,676 INFO train loss: 0.008
2018-11-28 19:27:10,677 INFO train accuracy: 0.992
2018-11-28 19:27:10,677 INFO train precision: 0.988
2018-11-28 19:27:10,677 INFO train recall: 1.000
2018-11-28 19:27:10,677 INFO train F1: 0.994
2018-11-28 19:27:10,678 INFO train AUC: 0.986
2018-11-28 19:27:10,678 INFO Evaluating...
2018-11-28 19:27:11,011 INFO valid time: 0.332
2018-11-28 19:27:11,011 INFO valid loss: 0.104
2018-11-28 19:27:11,012 INFO valid accuracy: 0.904
2018-11-28 19:27:11,012 INFO valid precision: 0.950
2018-11-28 19:27:11,012 INFO valid recall: 0.927
2018-11-28 19:27:11,012 INFO valid F1: 0.938
2018-11-28 19:27:11,012 INFO valid AUC: 0.873
2018-11-28 19:27:11,216 INFO Epoch 43:
2018-11-28 19:27:11,218 INFO Training...
2018-11-28 19:27:12,138 INFO train time: 0.920
2018-11-28 19:27:12,138 INFO train loss: 0.008
2018-11-28 19:27:12,138 INFO train accuracy: 0.992
2018-11-28 19:27:12,139 INFO train precision: 0.988
2018-11-28 19:27:12,139 INFO train recall: 1.000
2018-11-28 19:27:12,139 INFO train F1: 0.994
2018-11-28 19:27:12,139 INFO train AUC: 0.986
2018-11-28 19:27:12,140 INFO Evaluating...
2018-11-28 19:27:12,472 INFO valid time: 0.332
2018-11-28 19:27:12,472 INFO valid loss: 0.083
2018-11-28 19:27:12,473 INFO valid accuracy: 0.904
2018-11-28 19:27:12,473 INFO valid precision: 0.950
2018-11-28 19:27:12,473 INFO valid recall: 0.927
2018-11-28 19:27:12,473 INFO valid F1: 0.938
2018-11-28 19:27:12,474 INFO valid AUC: 0.873
2018-11-28 19:27:12,677 INFO Epoch 44:
2018-11-28 19:27:12,678 INFO Training...
2018-11-28 19:27:13,590 INFO train time: 0.912
2018-11-28 19:27:13,591 INFO train loss: 0.008
2018-11-28 19:27:13,591 INFO train accuracy: 0.989
2018-11-28 19:27:13,591 INFO train precision: 0.984
2018-11-28 19:27:13,591 INFO train recall: 1.000
2018-11-28 19:27:13,591 INFO train F1: 0.992
2018-11-28 19:27:13,591 INFO train AUC: 0.981
2018-11-28 19:27:13,592 INFO Evaluating...
2018-11-28 19:27:13,951 INFO valid time: 0.359
2018-11-28 19:27:13,952 INFO valid loss: 0.124
2018-11-28 19:27:13,952 INFO valid accuracy: 0.904
2018-11-28 19:27:13,952 INFO valid precision: 0.950
2018-11-28 19:27:13,952 INFO valid recall: 0.927
2018-11-28 19:27:13,952 INFO valid F1: 0.938
2018-11-28 19:27:13,952 INFO valid AUC: 0.873
2018-11-28 19:27:14,162 INFO Epoch 45:
2018-11-28 19:27:14,164 INFO Training...
2018-11-28 19:27:15,124 INFO train time: 0.960
2018-11-28 19:27:15,125 INFO train loss: 0.008
2018-11-28 19:27:15,125 INFO train accuracy: 0.994
2018-11-28 19:27:15,125 INFO train precision: 0.996
2018-11-28 19:27:15,125 INFO train recall: 0.996
2018-11-28 19:27:15,126 INFO train F1: 0.996
2018-11-28 19:27:15,126 INFO train AUC: 0.993
2018-11-28 19:27:15,127 INFO Evaluating...
2018-11-28 19:27:15,457 INFO valid time: 0.330
2018-11-28 19:27:15,458 INFO valid loss: 0.093
2018-11-28 19:27:15,458 INFO valid accuracy: 0.904
2018-11-28 19:27:15,458 INFO valid precision: 0.950
2018-11-28 19:27:15,459 INFO valid recall: 0.927
2018-11-28 19:27:15,459 INFO valid F1: 0.938
2018-11-28 19:27:15,459 INFO valid AUC: 0.873
2018-11-28 19:27:15,667 INFO Epoch 46:
2018-11-28 19:27:15,668 INFO Training...
2018-11-28 19:27:16,601 INFO train time: 0.933
2018-11-28 19:27:16,601 INFO train loss: 0.007
2018-11-28 19:27:16,601 INFO train accuracy: 0.992
2018-11-28 19:27:16,602 INFO train precision: 0.988
2018-11-28 19:27:16,602 INFO train recall: 1.000
2018-11-28 19:27:16,602 INFO train F1: 0.994
2018-11-28 19:27:16,602 INFO train AUC: 0.986
2018-11-28 19:27:16,603 INFO Evaluating...
2018-11-28 19:27:16,927 INFO valid time: 0.324
2018-11-28 19:27:16,928 INFO valid loss: 0.107
2018-11-28 19:27:16,928 INFO valid accuracy: 0.904
2018-11-28 19:27:16,928 INFO valid precision: 0.950
2018-11-28 19:27:16,928 INFO valid recall: 0.927
2018-11-28 19:27:16,928 INFO valid F1: 0.938
2018-11-28 19:27:16,928 INFO valid AUC: 0.873
2018-11-28 19:27:17,135 INFO Epoch 47:
2018-11-28 19:27:17,136 INFO Training...
2018-11-28 19:27:18,110 INFO train time: 0.973
2018-11-28 19:27:18,110 INFO train loss: 0.007
2018-11-28 19:27:18,110 INFO train accuracy: 0.992
2018-11-28 19:27:18,111 INFO train precision: 0.988
2018-11-28 19:27:18,111 INFO train recall: 1.000
2018-11-28 19:27:18,111 INFO train F1: 0.994
2018-11-28 19:27:18,111 INFO train AUC: 0.986
2018-11-28 19:27:18,120 INFO Evaluating...
2018-11-28 19:27:18,428 INFO valid time: 0.308
2018-11-28 19:27:18,428 INFO valid loss: 0.117
2018-11-28 19:27:18,428 INFO valid accuracy: 0.904
2018-11-28 19:27:18,429 INFO valid precision: 0.950
2018-11-28 19:27:18,429 INFO valid recall: 0.927
2018-11-28 19:27:18,429 INFO valid F1: 0.938
2018-11-28 19:27:18,429 INFO valid AUC: 0.873
2018-11-28 19:27:18,655 INFO Epoch 48:
2018-11-28 19:27:18,656 INFO Training...
2018-11-28 19:27:19,616 INFO train time: 0.959
2018-11-28 19:27:19,616 INFO train loss: 0.007
2018-11-28 19:27:19,617 INFO train accuracy: 0.997
2018-11-28 19:27:19,617 INFO train precision: 0.996
2018-11-28 19:27:19,617 INFO train recall: 1.000
2018-11-28 19:27:19,617 INFO train F1: 0.998
2018-11-28 19:27:19,617 INFO train AUC: 0.995
2018-11-28 19:27:19,618 INFO Evaluating...
2018-11-28 19:27:19,963 INFO valid time: 0.345
2018-11-28 19:27:19,963 INFO valid loss: 0.102
2018-11-28 19:27:19,964 INFO valid accuracy: 0.904
2018-11-28 19:27:19,964 INFO valid precision: 0.950
2018-11-28 19:27:19,964 INFO valid recall: 0.927
2018-11-28 19:27:19,964 INFO valid F1: 0.938
2018-11-28 19:27:19,964 INFO valid AUC: 0.873
2018-11-28 19:27:20,182 INFO Epoch 49:
2018-11-28 19:27:20,183 INFO Training...
2018-11-28 19:27:21,093 INFO train time: 0.910
2018-11-28 19:27:21,094 INFO train loss: 0.006
2018-11-28 19:27:21,094 INFO train accuracy: 0.992
2018-11-28 19:27:21,094 INFO train precision: 0.988
2018-11-28 19:27:21,094 INFO train recall: 1.000
2018-11-28 19:27:21,094 INFO train F1: 0.994
2018-11-28 19:27:21,095 INFO train AUC: 0.986
2018-11-28 19:27:21,095 INFO Evaluating...
2018-11-28 19:27:21,434 INFO valid time: 0.338
2018-11-28 19:27:21,434 INFO valid loss: 0.113
2018-11-28 19:27:21,434 INFO valid accuracy: 0.904
2018-11-28 19:27:21,434 INFO valid precision: 0.950
2018-11-28 19:27:21,434 INFO valid recall: 0.927
2018-11-28 19:27:21,435 INFO valid F1: 0.938
2018-11-28 19:27:21,435 INFO valid AUC: 0.873
2018-11-28 19:27:21,653 INFO Epoch 50:
2018-11-28 19:27:21,654 INFO Training...
2018-11-28 19:27:22,558 INFO train time: 0.903
2018-11-28 19:27:22,558 INFO train loss: 0.006
2018-11-28 19:27:22,558 INFO train accuracy: 0.992
2018-11-28 19:27:22,558 INFO train precision: 0.988
2018-11-28 19:27:22,558 INFO train recall: 1.000
2018-11-28 19:27:22,558 INFO train F1: 0.994
2018-11-28 19:27:22,558 INFO train AUC: 0.986
2018-11-28 19:27:22,559 INFO Evaluating...
2018-11-28 19:27:22,872 INFO valid time: 0.312
2018-11-28 19:27:22,872 INFO valid loss: 0.120
2018-11-28 19:27:22,872 INFO valid accuracy: 0.904
2018-11-28 19:27:22,873 INFO valid precision: 0.950
2018-11-28 19:27:22,873 INFO valid recall: 0.927
2018-11-28 19:27:22,873 INFO valid F1: 0.938
2018-11-28 19:27:22,873 INFO valid AUC: 0.873
2018-11-28 19:27:23,080 INFO Epoch 51:
2018-11-28 19:27:23,081 INFO Training...
2018-11-28 19:27:23,997 INFO train time: 0.916
2018-11-28 19:27:23,997 INFO train loss: 0.006
2018-11-28 19:27:23,997 INFO train accuracy: 0.994
2018-11-28 19:27:23,998 INFO train precision: 0.992
2018-11-28 19:27:23,998 INFO train recall: 1.000
2018-11-28 19:27:23,998 INFO train F1: 0.996
2018-11-28 19:27:23,998 INFO train AUC: 0.991
2018-11-28 19:27:23,998 INFO Evaluating...
2018-11-28 19:27:24,317 INFO valid time: 0.318
2018-11-28 19:27:24,318 INFO valid loss: 0.112
2018-11-28 19:27:24,318 INFO valid accuracy: 0.904
2018-11-28 19:27:24,318 INFO valid precision: 0.950
2018-11-28 19:27:24,318 INFO valid recall: 0.927
2018-11-28 19:27:24,318 INFO valid F1: 0.938
2018-11-28 19:27:24,319 INFO valid AUC: 0.873
2018-11-28 19:27:24,595 INFO Epoch 52:
2018-11-28 19:27:24,596 INFO Training...
2018-11-28 19:27:25,496 INFO train time: 0.899
2018-11-28 19:27:25,496 INFO train loss: 0.006
2018-11-28 19:27:25,496 INFO train accuracy: 0.992
2018-11-28 19:27:25,497 INFO train precision: 0.988
2018-11-28 19:27:25,497 INFO train recall: 1.000
2018-11-28 19:27:25,497 INFO train F1: 0.994
2018-11-28 19:27:25,497 INFO train AUC: 0.986
2018-11-28 19:27:25,498 INFO Evaluating...
2018-11-28 19:27:25,803 INFO valid time: 0.304
2018-11-28 19:27:25,803 INFO valid loss: 0.127
2018-11-28 19:27:25,803 INFO valid accuracy: 0.904
2018-11-28 19:27:25,804 INFO valid precision: 0.950
2018-11-28 19:27:25,804 INFO valid recall: 0.927
2018-11-28 19:27:25,804 INFO valid F1: 0.938
2018-11-28 19:27:25,804 INFO valid AUC: 0.873
2018-11-28 19:27:26,016 INFO Epoch 53:
2018-11-28 19:27:26,017 INFO Training...
2018-11-28 19:27:26,951 INFO train time: 0.933
2018-11-28 19:27:26,951 INFO train loss: 0.006
2018-11-28 19:27:26,951 INFO train accuracy: 0.994
2018-11-28 19:27:26,951 INFO train precision: 0.992
2018-11-28 19:27:26,951 INFO train recall: 1.000
2018-11-28 19:27:26,951 INFO train F1: 0.996
2018-11-28 19:27:26,951 INFO train AUC: 0.991
2018-11-28 19:27:26,952 INFO Evaluating...
2018-11-28 19:27:27,290 INFO valid time: 0.338
2018-11-28 19:27:27,291 INFO valid loss: 0.126
2018-11-28 19:27:27,291 INFO valid accuracy: 0.904
2018-11-28 19:27:27,291 INFO valid precision: 0.950
2018-11-28 19:27:27,291 INFO valid recall: 0.927
2018-11-28 19:27:27,291 INFO valid F1: 0.938
2018-11-28 19:27:27,292 INFO valid AUC: 0.873
2018-11-28 19:27:27,499 INFO Epoch 54:
2018-11-28 19:27:27,500 INFO Training...
2018-11-28 19:27:28,459 INFO train time: 0.958
2018-11-28 19:27:28,459 INFO train loss: 0.005
2018-11-28 19:27:28,460 INFO train accuracy: 0.994
2018-11-28 19:27:28,460 INFO train precision: 0.992
2018-11-28 19:27:28,460 INFO train recall: 1.000
2018-11-28 19:27:28,460 INFO train F1: 0.996
2018-11-28 19:27:28,461 INFO train AUC: 0.991
2018-11-28 19:27:28,462 INFO Evaluating...
2018-11-28 19:27:28,770 INFO valid time: 0.308
2018-11-28 19:27:28,770 INFO valid loss: 0.109
2018-11-28 19:27:28,771 INFO valid accuracy: 0.904
2018-11-28 19:27:28,771 INFO valid precision: 0.950
2018-11-28 19:27:28,771 INFO valid recall: 0.927
2018-11-28 19:27:28,771 INFO valid F1: 0.938
2018-11-28 19:27:28,771 INFO valid AUC: 0.873
2018-11-28 19:27:28,982 INFO Epoch 55:
2018-11-28 19:27:28,983 INFO Training...
2018-11-28 19:27:29,831 INFO train time: 0.848
2018-11-28 19:27:29,832 INFO train loss: 0.005
2018-11-28 19:27:29,832 INFO train accuracy: 0.992
2018-11-28 19:27:29,832 INFO train precision: 0.988
2018-11-28 19:27:29,832 INFO train recall: 1.000
2018-11-28 19:27:29,832 INFO train F1: 0.994
2018-11-28 19:27:29,832 INFO train AUC: 0.986
2018-11-28 19:27:29,833 INFO Evaluating...
2018-11-28 19:27:30,200 INFO valid time: 0.367
2018-11-28 19:27:30,200 INFO valid loss: 0.114
2018-11-28 19:27:30,200 INFO valid accuracy: 0.904
2018-11-28 19:27:30,200 INFO valid precision: 0.950
2018-11-28 19:27:30,200 INFO valid recall: 0.927
2018-11-28 19:27:30,200 INFO valid F1: 0.938
2018-11-28 19:27:30,201 INFO valid AUC: 0.873
2018-11-28 19:27:30,388 INFO Epoch 56:
2018-11-28 19:27:30,391 INFO Training...
2018-11-28 19:27:31,267 INFO train time: 0.876
2018-11-28 19:27:31,268 INFO train loss: 0.005
2018-11-28 19:27:31,268 INFO train accuracy: 0.994
2018-11-28 19:27:31,268 INFO train precision: 0.992
2018-11-28 19:27:31,268 INFO train recall: 1.000
2018-11-28 19:27:31,268 INFO train F1: 0.996
2018-11-28 19:27:31,268 INFO train AUC: 0.991
2018-11-28 19:27:31,269 INFO Evaluating...
2018-11-28 19:27:31,585 INFO valid time: 0.316
2018-11-28 19:27:31,586 INFO valid loss: 0.120
2018-11-28 19:27:31,586 INFO valid accuracy: 0.904
2018-11-28 19:27:31,586 INFO valid precision: 0.950
2018-11-28 19:27:31,586 INFO valid recall: 0.927
2018-11-28 19:27:31,586 INFO valid F1: 0.938
2018-11-28 19:27:31,586 INFO valid AUC: 0.873
2018-11-28 19:27:31,764 INFO Epoch 57:
2018-11-28 19:27:31,765 INFO Training...
2018-11-28 19:27:32,653 INFO train time: 0.887
2018-11-28 19:27:32,653 INFO train loss: 0.005
2018-11-28 19:27:32,653 INFO train accuracy: 0.992
2018-11-28 19:27:32,654 INFO train precision: 0.988
2018-11-28 19:27:32,654 INFO train recall: 1.000
2018-11-28 19:27:32,654 INFO train F1: 0.994
2018-11-28 19:27:32,654 INFO train AUC: 0.986
2018-11-28 19:27:32,655 INFO Evaluating...
2018-11-28 19:27:32,976 INFO valid time: 0.321
2018-11-28 19:27:32,976 INFO valid loss: 0.161
2018-11-28 19:27:32,976 INFO valid accuracy: 0.904
2018-11-28 19:27:32,977 INFO valid precision: 0.950
2018-11-28 19:27:32,977 INFO valid recall: 0.927
2018-11-28 19:27:32,977 INFO valid F1: 0.938
2018-11-28 19:27:32,977 INFO valid AUC: 0.873
2018-11-28 19:27:33,185 INFO Epoch 58:
2018-11-28 19:27:33,186 INFO Training...
2018-11-28 19:27:34,064 INFO train time: 0.877
2018-11-28 19:27:34,064 INFO train loss: 0.005
2018-11-28 19:27:34,065 INFO train accuracy: 0.997
2018-11-28 19:27:34,065 INFO train precision: 0.996
2018-11-28 19:27:34,065 INFO train recall: 1.000
2018-11-28 19:27:34,065 INFO train F1: 0.998
2018-11-28 19:27:34,065 INFO train AUC: 0.995
2018-11-28 19:27:34,066 INFO Evaluating...
2018-11-28 19:27:34,397 INFO valid time: 0.331
2018-11-28 19:27:34,398 INFO valid loss: 0.120
2018-11-28 19:27:34,398 INFO valid accuracy: 0.904
2018-11-28 19:27:34,398 INFO valid precision: 0.950
2018-11-28 19:27:34,398 INFO valid recall: 0.927
2018-11-28 19:27:34,398 INFO valid F1: 0.938
2018-11-28 19:27:34,399 INFO valid AUC: 0.873
2018-11-28 19:27:34,613 INFO Epoch 59:
2018-11-28 19:27:34,614 INFO Training...
2018-11-28 19:27:35,523 INFO train time: 0.908
2018-11-28 19:27:35,523 INFO train loss: 0.005
2018-11-28 19:27:35,523 INFO train accuracy: 0.992
2018-11-28 19:27:35,523 INFO train precision: 0.988
2018-11-28 19:27:35,524 INFO train recall: 1.000
2018-11-28 19:27:35,524 INFO train F1: 0.994
2018-11-28 19:27:35,524 INFO train AUC: 0.986
2018-11-28 19:27:35,525 INFO Evaluating...
2018-11-28 19:27:35,848 INFO valid time: 0.323
2018-11-28 19:27:35,848 INFO valid loss: 0.168
2018-11-28 19:27:35,848 INFO valid accuracy: 0.904
2018-11-28 19:27:35,849 INFO valid precision: 0.950
2018-11-28 19:27:35,849 INFO valid recall: 0.927
2018-11-28 19:27:35,849 INFO valid F1: 0.938
2018-11-28 19:27:35,849 INFO valid AUC: 0.873
2018-11-28 19:27:36,073 INFO Epoch 60:
2018-11-28 19:27:36,074 INFO Training...
2018-11-28 19:27:36,966 INFO train time: 0.891
2018-11-28 19:27:36,966 INFO train loss: 0.005
2018-11-28 19:27:36,967 INFO train accuracy: 0.997
2018-11-28 19:27:36,967 INFO train precision: 1.000
2018-11-28 19:27:36,967 INFO train recall: 0.996
2018-11-28 19:27:36,967 INFO train F1: 0.998
2018-11-28 19:27:36,967 INFO train AUC: 0.998
2018-11-28 19:27:36,968 INFO Evaluating...
2018-11-28 19:27:37,311 INFO valid time: 0.343
2018-11-28 19:27:37,311 INFO valid loss: 0.117
2018-11-28 19:27:37,311 INFO valid accuracy: 0.904
2018-11-28 19:27:37,312 INFO valid precision: 0.950
2018-11-28 19:27:37,312 INFO valid recall: 0.927
2018-11-28 19:27:37,312 INFO valid F1: 0.938
2018-11-28 19:27:37,312 INFO valid AUC: 0.873
2018-11-28 19:27:37,518 INFO Epoch 61:
2018-11-28 19:27:37,519 INFO Training...
2018-11-28 19:27:38,394 INFO train time: 0.875
2018-11-28 19:27:38,394 INFO train loss: 0.005
2018-11-28 19:27:38,395 INFO train accuracy: 0.992
2018-11-28 19:27:38,395 INFO train precision: 0.988
2018-11-28 19:27:38,395 INFO train recall: 1.000
2018-11-28 19:27:38,395 INFO train F1: 0.994
2018-11-28 19:27:38,395 INFO train AUC: 0.986
2018-11-28 19:27:38,396 INFO Evaluating...
2018-11-28 19:27:38,714 INFO valid time: 0.318
2018-11-28 19:27:38,714 INFO valid loss: 0.158
2018-11-28 19:27:38,714 INFO valid accuracy: 0.904
2018-11-28 19:27:38,715 INFO valid precision: 0.950
2018-11-28 19:27:38,715 INFO valid recall: 0.927
2018-11-28 19:27:38,715 INFO valid F1: 0.938
2018-11-28 19:27:38,715 INFO valid AUC: 0.873
2018-11-28 19:27:38,943 INFO Epoch 62:
2018-11-28 19:27:38,944 INFO Training...
2018-11-28 19:27:39,824 INFO train time: 0.880
2018-11-28 19:27:39,824 INFO train loss: 0.004
2018-11-28 19:27:39,824 INFO train accuracy: 0.997
2018-11-28 19:27:39,824 INFO train precision: 1.000
2018-11-28 19:27:39,824 INFO train recall: 0.996
2018-11-28 19:27:39,825 INFO train F1: 0.998
2018-11-28 19:27:39,825 INFO train AUC: 0.998
2018-11-28 19:27:39,825 INFO Evaluating...
2018-11-28 19:27:40,163 INFO valid time: 0.337
2018-11-28 19:27:40,163 INFO valid loss: 0.129
2018-11-28 19:27:40,163 INFO valid accuracy: 0.904
2018-11-28 19:27:40,164 INFO valid precision: 0.950
2018-11-28 19:27:40,164 INFO valid recall: 0.927
2018-11-28 19:27:40,164 INFO valid F1: 0.938
2018-11-28 19:27:40,164 INFO valid AUC: 0.873
2018-11-28 19:27:40,381 INFO Epoch 63:
2018-11-28 19:27:40,382 INFO Training...
2018-11-28 19:27:41,312 INFO train time: 0.929
2018-11-28 19:27:41,312 INFO train loss: 0.004
2018-11-28 19:27:41,312 INFO train accuracy: 0.997
2018-11-28 19:27:41,313 INFO train precision: 0.996
2018-11-28 19:27:41,313 INFO train recall: 1.000
2018-11-28 19:27:41,313 INFO train F1: 0.998
2018-11-28 19:27:41,313 INFO train AUC: 0.995
2018-11-28 19:27:41,314 INFO Evaluating...
2018-11-28 19:27:41,651 INFO valid time: 0.337
2018-11-28 19:27:41,652 INFO valid loss: 0.130
2018-11-28 19:27:41,652 INFO valid accuracy: 0.904
2018-11-28 19:27:41,652 INFO valid precision: 0.950
2018-11-28 19:27:41,652 INFO valid recall: 0.927
2018-11-28 19:27:41,652 INFO valid F1: 0.938
2018-11-28 19:27:41,652 INFO valid AUC: 0.873
2018-11-28 19:27:41,869 INFO Epoch 64:
2018-11-28 19:27:41,870 INFO Training...
2018-11-28 19:27:42,747 INFO train time: 0.876
2018-11-28 19:27:42,747 INFO train loss: 0.004
2018-11-28 19:27:42,747 INFO train accuracy: 0.997
2018-11-28 19:27:42,748 INFO train precision: 0.996
2018-11-28 19:27:42,748 INFO train recall: 1.000
2018-11-28 19:27:42,748 INFO train F1: 0.998
2018-11-28 19:27:42,749 INFO train AUC: 0.995
2018-11-28 19:27:42,750 INFO Evaluating...
2018-11-28 19:27:43,082 INFO valid time: 0.332
2018-11-28 19:27:43,082 INFO valid loss: 0.148
2018-11-28 19:27:43,082 INFO valid accuracy: 0.904
2018-11-28 19:27:43,082 INFO valid precision: 0.950
2018-11-28 19:27:43,083 INFO valid recall: 0.927
2018-11-28 19:27:43,083 INFO valid F1: 0.938
2018-11-28 19:27:43,083 INFO valid AUC: 0.873
2018-11-28 19:27:43,257 INFO Epoch 65:
2018-11-28 19:27:43,259 INFO Training...
2018-11-28 19:27:44,127 INFO train time: 0.868
2018-11-28 19:27:44,128 INFO train loss: 0.004
2018-11-28 19:27:44,128 INFO train accuracy: 1.000
2018-11-28 19:27:44,128 INFO train precision: 1.000
2018-11-28 19:27:44,128 INFO train recall: 1.000
2018-11-28 19:27:44,128 INFO train F1: 1.000
2018-11-28 19:27:44,128 INFO train AUC: 1.000
2018-11-28 19:27:44,129 INFO Evaluating...
2018-11-28 19:27:44,444 INFO valid time: 0.315
2018-11-28 19:27:44,445 INFO valid loss: 0.129
2018-11-28 19:27:44,445 INFO valid accuracy: 0.904
2018-11-28 19:27:44,445 INFO valid precision: 0.950
2018-11-28 19:27:44,446 INFO valid recall: 0.927
2018-11-28 19:27:44,446 INFO valid F1: 0.938
2018-11-28 19:27:44,446 INFO valid AUC: 0.873
2018-11-28 19:27:44,628 INFO Epoch 66:
2018-11-28 19:27:44,629 INFO Training...
2018-11-28 19:27:45,619 INFO train time: 0.990
2018-11-28 19:27:45,620 INFO train loss: 0.004
2018-11-28 19:27:45,620 INFO train accuracy: 0.997
2018-11-28 19:27:45,620 INFO train precision: 0.996
2018-11-28 19:27:45,620 INFO train recall: 1.000
2018-11-28 19:27:45,621 INFO train F1: 0.998
2018-11-28 19:27:45,621 INFO train AUC: 0.995
2018-11-28 19:27:45,622 INFO Evaluating...
2018-11-28 19:27:45,934 INFO valid time: 0.312
2018-11-28 19:27:45,935 INFO valid loss: 0.141
2018-11-28 19:27:45,935 INFO valid accuracy: 0.904
2018-11-28 19:27:45,936 INFO valid precision: 0.950
2018-11-28 19:27:45,936 INFO valid recall: 0.927
2018-11-28 19:27:45,936 INFO valid F1: 0.938
2018-11-28 19:27:45,936 INFO valid AUC: 0.873
2018-11-28 19:27:46,148 INFO Epoch 67:
2018-11-28 19:27:46,149 INFO Training...
2018-11-28 19:27:47,091 INFO train time: 0.941
2018-11-28 19:27:47,091 INFO train loss: 0.004
2018-11-28 19:27:47,091 INFO train accuracy: 1.000
2018-11-28 19:27:47,091 INFO train precision: 1.000
2018-11-28 19:27:47,091 INFO train recall: 1.000
2018-11-28 19:27:47,091 INFO train F1: 1.000
2018-11-28 19:27:47,091 INFO train AUC: 1.000
2018-11-28 19:27:47,092 INFO Evaluating...
2018-11-28 19:27:47,419 INFO valid time: 0.327
2018-11-28 19:27:47,419 INFO valid loss: 0.131
2018-11-28 19:27:47,420 INFO valid accuracy: 0.904
2018-11-28 19:27:47,420 INFO valid precision: 0.950
2018-11-28 19:27:47,420 INFO valid recall: 0.927
2018-11-28 19:27:47,420 INFO valid F1: 0.938
2018-11-28 19:27:47,420 INFO valid AUC: 0.873
2018-11-28 19:27:47,595 INFO Epoch 68:
2018-11-28 19:27:47,596 INFO Training...
2018-11-28 19:27:48,606 INFO train time: 1.010
2018-11-28 19:27:48,606 INFO train loss: 0.004
2018-11-28 19:27:48,607 INFO train accuracy: 0.997
2018-11-28 19:27:48,607 INFO train precision: 0.996
2018-11-28 19:27:48,607 INFO train recall: 1.000
2018-11-28 19:27:48,607 INFO train F1: 0.998
2018-11-28 19:27:48,607 INFO train AUC: 0.995
2018-11-28 19:27:48,608 INFO Evaluating...
2018-11-28 19:27:48,936 INFO valid time: 0.328
2018-11-28 19:27:48,936 INFO valid loss: 0.168
2018-11-28 19:27:48,936 INFO valid accuracy: 0.904
2018-11-28 19:27:48,936 INFO valid precision: 0.950
2018-11-28 19:27:48,936 INFO valid recall: 0.927
2018-11-28 19:27:48,936 INFO valid F1: 0.938
2018-11-28 19:27:48,936 INFO valid AUC: 0.873
2018-11-28 19:27:49,133 INFO Epoch 69:
2018-11-28 19:27:49,134 INFO Training...
2018-11-28 19:27:50,018 INFO train time: 0.883
2018-11-28 19:27:50,018 INFO train loss: 0.004
2018-11-28 19:27:50,018 INFO train accuracy: 1.000
2018-11-28 19:27:50,018 INFO train precision: 1.000
2018-11-28 19:27:50,018 INFO train recall: 1.000
2018-11-28 19:27:50,018 INFO train F1: 1.000
2018-11-28 19:27:50,019 INFO train AUC: 1.000
2018-11-28 19:27:50,019 INFO Evaluating...
2018-11-28 19:27:50,352 INFO valid time: 0.333
2018-11-28 19:27:50,352 INFO valid loss: 0.132
2018-11-28 19:27:50,353 INFO valid accuracy: 0.904
2018-11-28 19:27:50,353 INFO valid precision: 0.950
2018-11-28 19:27:50,353 INFO valid recall: 0.927
2018-11-28 19:27:50,353 INFO valid F1: 0.938
2018-11-28 19:27:50,353 INFO valid AUC: 0.873
2018-11-28 19:27:50,548 INFO Epoch 70:
2018-11-28 19:27:50,550 INFO Training...
2018-11-28 19:27:51,471 INFO train time: 0.921
2018-11-28 19:27:51,472 INFO train loss: 0.003
2018-11-28 19:27:51,472 INFO train accuracy: 0.997
2018-11-28 19:27:51,472 INFO train precision: 0.996
2018-11-28 19:27:51,472 INFO train recall: 1.000
2018-11-28 19:27:51,472 INFO train F1: 0.998
2018-11-28 19:27:51,472 INFO train AUC: 0.995
2018-11-28 19:27:51,472 INFO Evaluating...
2018-11-28 19:27:51,813 INFO valid time: 0.341
2018-11-28 19:27:51,814 INFO valid loss: 0.167
2018-11-28 19:27:51,814 INFO valid accuracy: 0.904
2018-11-28 19:27:51,814 INFO valid precision: 0.950
2018-11-28 19:27:51,814 INFO valid recall: 0.927
2018-11-28 19:27:51,814 INFO valid F1: 0.938
2018-11-28 19:27:51,814 INFO valid AUC: 0.873
2018-11-28 19:27:52,001 INFO Epoch 71:
2018-11-28 19:27:52,002 INFO Training...
2018-11-28 19:27:52,923 INFO train time: 0.920
2018-11-28 19:27:52,923 INFO train loss: 0.003
2018-11-28 19:27:52,923 INFO train accuracy: 1.000
2018-11-28 19:27:52,923 INFO train precision: 1.000
2018-11-28 19:27:52,923 INFO train recall: 1.000
2018-11-28 19:27:52,923 INFO train F1: 1.000
2018-11-28 19:27:52,923 INFO train AUC: 1.000
2018-11-28 19:27:52,924 INFO Evaluating...
2018-11-28 19:27:53,259 INFO valid time: 0.335
2018-11-28 19:27:53,259 INFO valid loss: 0.146
2018-11-28 19:27:53,260 INFO valid accuracy: 0.904
2018-11-28 19:27:53,260 INFO valid precision: 0.950
2018-11-28 19:27:53,260 INFO valid recall: 0.927
2018-11-28 19:27:53,260 INFO valid F1: 0.938
2018-11-28 19:27:53,260 INFO valid AUC: 0.873
2018-11-28 19:27:53,448 INFO Epoch 72:
2018-11-28 19:27:53,450 INFO Training...
2018-11-28 19:27:54,341 INFO train time: 0.891
2018-11-28 19:27:54,342 INFO train loss: 0.003
2018-11-28 19:27:54,342 INFO train accuracy: 0.997
2018-11-28 19:27:54,342 INFO train precision: 0.996
2018-11-28 19:27:54,342 INFO train recall: 1.000
2018-11-28 19:27:54,342 INFO train F1: 0.998
2018-11-28 19:27:54,343 INFO train AUC: 0.995
2018-11-28 19:27:54,343 INFO Evaluating...
2018-11-28 19:27:54,669 INFO valid time: 0.325
2018-11-28 19:27:54,669 INFO valid loss: 0.161
2018-11-28 19:27:54,670 INFO valid accuracy: 0.904
2018-11-28 19:27:54,670 INFO valid precision: 0.950
2018-11-28 19:27:54,670 INFO valid recall: 0.927
2018-11-28 19:27:54,670 INFO valid F1: 0.938
2018-11-28 19:27:54,671 INFO valid AUC: 0.873
2018-11-28 19:27:54,859 INFO Epoch 73:
2018-11-28 19:27:54,862 INFO Training...
2018-11-28 19:27:55,817 INFO train time: 0.955
2018-11-28 19:27:55,818 INFO train loss: 0.003
2018-11-28 19:27:55,818 INFO train accuracy: 1.000
2018-11-28 19:27:55,818 INFO train precision: 1.000
2018-11-28 19:27:55,818 INFO train recall: 1.000
2018-11-28 19:27:55,818 INFO train F1: 1.000
2018-11-28 19:27:55,818 INFO train AUC: 1.000
2018-11-28 19:27:55,819 INFO Evaluating...
2018-11-28 19:27:56,158 INFO valid time: 0.339
2018-11-28 19:27:56,158 INFO valid loss: 0.155
2018-11-28 19:27:56,158 INFO valid accuracy: 0.904
2018-11-28 19:27:56,159 INFO valid precision: 0.950
2018-11-28 19:27:56,159 INFO valid recall: 0.927
2018-11-28 19:27:56,159 INFO valid F1: 0.938
2018-11-28 19:27:56,159 INFO valid AUC: 0.873
2018-11-28 19:27:56,359 INFO Epoch 74:
2018-11-28 19:27:56,360 INFO Training...
2018-11-28 19:27:57,301 INFO train time: 0.941
2018-11-28 19:27:57,302 INFO train loss: 0.003
2018-11-28 19:27:57,302 INFO train accuracy: 1.000
2018-11-28 19:27:57,302 INFO train precision: 1.000
2018-11-28 19:27:57,302 INFO train recall: 1.000
2018-11-28 19:27:57,302 INFO train F1: 1.000
2018-11-28 19:27:57,303 INFO train AUC: 1.000
2018-11-28 19:27:57,303 INFO Evaluating...
2018-11-28 19:27:57,637 INFO valid time: 0.334
2018-11-28 19:27:57,638 INFO valid loss: 0.157
2018-11-28 19:27:57,638 INFO valid accuracy: 0.904
2018-11-28 19:27:57,638 INFO valid precision: 0.950
2018-11-28 19:27:57,638 INFO valid recall: 0.927
2018-11-28 19:27:57,638 INFO valid F1: 0.938
2018-11-28 19:27:57,638 INFO valid AUC: 0.873
2018-11-28 19:27:57,821 INFO Epoch 75:
2018-11-28 19:27:57,822 INFO Training...
2018-11-28 19:27:58,761 INFO train time: 0.939
2018-11-28 19:27:58,761 INFO train loss: 0.003
2018-11-28 19:27:58,762 INFO train accuracy: 1.000
2018-11-28 19:27:58,762 INFO train precision: 1.000
2018-11-28 19:27:58,762 INFO train recall: 1.000
2018-11-28 19:27:58,762 INFO train F1: 1.000
2018-11-28 19:27:58,762 INFO train AUC: 1.000
2018-11-28 19:27:58,762 INFO Evaluating...
2018-11-28 19:27:59,096 INFO valid time: 0.333
2018-11-28 19:27:59,097 INFO valid loss: 0.163
2018-11-28 19:27:59,097 INFO valid accuracy: 0.904
2018-11-28 19:27:59,097 INFO valid precision: 0.950
2018-11-28 19:27:59,097 INFO valid recall: 0.927
2018-11-28 19:27:59,097 INFO valid F1: 0.938
2018-11-28 19:27:59,097 INFO valid AUC: 0.873
2018-11-28 19:27:59,287 INFO Epoch 76:
2018-11-28 19:27:59,288 INFO Training...
2018-11-28 19:28:00,181 INFO train time: 0.893
2018-11-28 19:28:00,187 INFO train loss: 0.003
2018-11-28 19:28:00,187 INFO train accuracy: 1.000
2018-11-28 19:28:00,187 INFO train precision: 1.000
2018-11-28 19:28:00,187 INFO train recall: 1.000
2018-11-28 19:28:00,187 INFO train F1: 1.000
2018-11-28 19:28:00,188 INFO train AUC: 1.000
2018-11-28 19:28:00,189 INFO Evaluating...
2018-11-28 19:28:00,506 INFO valid time: 0.317
2018-11-28 19:28:00,507 INFO valid loss: 0.157
2018-11-28 19:28:00,507 INFO valid accuracy: 0.904
2018-11-28 19:28:00,507 INFO valid precision: 0.950
2018-11-28 19:28:00,508 INFO valid recall: 0.927
2018-11-28 19:28:00,508 INFO valid F1: 0.938
2018-11-28 19:28:00,508 INFO valid AUC: 0.873
2018-11-28 19:28:00,697 INFO Epoch 77:
2018-11-28 19:28:00,698 INFO Training...
2018-11-28 19:28:01,628 INFO train time: 0.929
2018-11-28 19:28:01,629 INFO train loss: 0.003
2018-11-28 19:28:01,629 INFO train accuracy: 0.997
2018-11-28 19:28:01,629 INFO train precision: 0.996
2018-11-28 19:28:01,629 INFO train recall: 1.000
2018-11-28 19:28:01,629 INFO train F1: 0.998
2018-11-28 19:28:01,630 INFO train AUC: 0.995
2018-11-28 19:28:01,631 INFO Evaluating...
2018-11-28 19:28:01,964 INFO valid time: 0.333
2018-11-28 19:28:01,964 INFO valid loss: 0.174
2018-11-28 19:28:01,964 INFO valid accuracy: 0.904
2018-11-28 19:28:01,965 INFO valid precision: 0.950
2018-11-28 19:28:01,965 INFO valid recall: 0.927
2018-11-28 19:28:01,965 INFO valid F1: 0.938
2018-11-28 19:28:01,965 INFO valid AUC: 0.873
2018-11-28 19:28:02,154 INFO Epoch 78:
2018-11-28 19:28:02,156 INFO Training...
2018-11-28 19:28:03,084 INFO train time: 0.928
2018-11-28 19:28:03,084 INFO train loss: 0.003
2018-11-28 19:28:03,084 INFO train accuracy: 1.000
2018-11-28 19:28:03,084 INFO train precision: 1.000
2018-11-28 19:28:03,084 INFO train recall: 1.000
2018-11-28 19:28:03,085 INFO train F1: 1.000
2018-11-28 19:28:03,085 INFO train AUC: 1.000
2018-11-28 19:28:03,086 INFO Evaluating...
2018-11-28 19:28:03,429 INFO valid time: 0.343
2018-11-28 19:28:03,429 INFO valid loss: 0.156
2018-11-28 19:28:03,429 INFO valid accuracy: 0.904
2018-11-28 19:28:03,429 INFO valid precision: 0.950
2018-11-28 19:28:03,429 INFO valid recall: 0.927
2018-11-28 19:28:03,430 INFO valid F1: 0.938
2018-11-28 19:28:03,430 INFO valid AUC: 0.873
2018-11-28 19:28:03,649 INFO Epoch 79:
2018-11-28 19:28:03,650 INFO Training...
2018-11-28 19:28:04,629 INFO train time: 0.979
2018-11-28 19:28:04,629 INFO train loss: 0.003
2018-11-28 19:28:04,629 INFO train accuracy: 0.997
2018-11-28 19:28:04,629 INFO train precision: 0.996
2018-11-28 19:28:04,629 INFO train recall: 1.000
2018-11-28 19:28:04,630 INFO train F1: 0.998
2018-11-28 19:28:04,630 INFO train AUC: 0.995
2018-11-28 19:28:04,630 INFO Evaluating...
2018-11-28 19:28:04,991 INFO valid time: 0.360
2018-11-28 19:28:04,991 INFO valid loss: 0.169
2018-11-28 19:28:04,991 INFO valid accuracy: 0.904
2018-11-28 19:28:04,992 INFO valid precision: 0.950
2018-11-28 19:28:04,992 INFO valid recall: 0.927
2018-11-28 19:28:04,992 INFO valid F1: 0.938
2018-11-28 19:28:04,992 INFO valid AUC: 0.873
2018-11-28 19:28:05,208 INFO Epoch 80:
2018-11-28 19:28:05,209 INFO Training...
2018-11-28 19:28:06,189 INFO train time: 0.979
2018-11-28 19:28:06,189 INFO train loss: 0.003
2018-11-28 19:28:06,189 INFO train accuracy: 1.000
2018-11-28 19:28:06,189 INFO train precision: 1.000
2018-11-28 19:28:06,189 INFO train recall: 1.000
2018-11-28 19:28:06,189 INFO train F1: 1.000
2018-11-28 19:28:06,189 INFO train AUC: 1.000
2018-11-28 19:28:06,190 INFO Evaluating...
2018-11-28 19:28:06,543 INFO valid time: 0.353
2018-11-28 19:28:06,544 INFO valid loss: 0.158
2018-11-28 19:28:06,544 INFO valid accuracy: 0.904
2018-11-28 19:28:06,544 INFO valid precision: 0.950
2018-11-28 19:28:06,544 INFO valid recall: 0.927
2018-11-28 19:28:06,544 INFO valid F1: 0.938
2018-11-28 19:28:06,544 INFO valid AUC: 0.873
2018-11-28 19:28:06,755 INFO Epoch 81:
2018-11-28 19:28:06,756 INFO Training...
2018-11-28 19:28:07,658 INFO train time: 0.902
2018-11-28 19:28:07,659 INFO train loss: 0.003
2018-11-28 19:28:07,659 INFO train accuracy: 1.000
2018-11-28 19:28:07,659 INFO train precision: 1.000
2018-11-28 19:28:07,659 INFO train recall: 1.000
2018-11-28 19:28:07,659 INFO train F1: 1.000
2018-11-28 19:28:07,659 INFO train AUC: 1.000
2018-11-28 19:28:07,660 INFO Evaluating...
2018-11-28 19:28:08,004 INFO valid time: 0.344
2018-11-28 19:28:08,004 INFO valid loss: 0.179
2018-11-28 19:28:08,004 INFO valid accuracy: 0.904
2018-11-28 19:28:08,005 INFO valid precision: 0.950
2018-11-28 19:28:08,005 INFO valid recall: 0.927
2018-11-28 19:28:08,005 INFO valid F1: 0.938
2018-11-28 19:28:08,005 INFO valid AUC: 0.873
2018-11-28 19:28:08,201 INFO Epoch 82:
2018-11-28 19:28:08,202 INFO Training...
2018-11-28 19:28:09,162 INFO train time: 0.959
2018-11-28 19:28:09,162 INFO train loss: 0.003
2018-11-28 19:28:09,162 INFO train accuracy: 1.000
2018-11-28 19:28:09,163 INFO train precision: 1.000
2018-11-28 19:28:09,163 INFO train recall: 1.000
2018-11-28 19:28:09,163 INFO train F1: 1.000
2018-11-28 19:28:09,163 INFO train AUC: 1.000
2018-11-28 19:28:09,164 INFO Evaluating...
2018-11-28 19:28:09,510 INFO valid time: 0.346
2018-11-28 19:28:09,511 INFO valid loss: 0.159
2018-11-28 19:28:09,511 INFO valid accuracy: 0.904
2018-11-28 19:28:09,511 INFO valid precision: 0.950
2018-11-28 19:28:09,511 INFO valid recall: 0.927
2018-11-28 19:28:09,511 INFO valid F1: 0.938
2018-11-28 19:28:09,511 INFO valid AUC: 0.873
2018-11-28 19:28:09,691 INFO Epoch 83:
2018-11-28 19:28:09,692 INFO Training...
2018-11-28 19:28:10,695 INFO train time: 1.003
2018-11-28 19:28:10,695 INFO train loss: 0.003
2018-11-28 19:28:10,696 INFO train accuracy: 0.997
2018-11-28 19:28:10,696 INFO train precision: 0.996
2018-11-28 19:28:10,696 INFO train recall: 1.000
2018-11-28 19:28:10,696 INFO train F1: 0.998
2018-11-28 19:28:10,696 INFO train AUC: 0.995
2018-11-28 19:28:10,697 INFO Evaluating...
2018-11-28 19:28:11,022 INFO valid time: 0.325
2018-11-28 19:28:11,022 INFO valid loss: 0.177
2018-11-28 19:28:11,023 INFO valid accuracy: 0.904
2018-11-28 19:28:11,023 INFO valid precision: 0.950
2018-11-28 19:28:11,023 INFO valid recall: 0.927
2018-11-28 19:28:11,023 INFO valid F1: 0.938
2018-11-28 19:28:11,023 INFO valid AUC: 0.873
2018-11-28 19:28:11,217 INFO Epoch 84:
2018-11-28 19:28:11,218 INFO Training...
2018-11-28 19:28:12,163 INFO train time: 0.945
2018-11-28 19:28:12,164 INFO train loss: 0.003
2018-11-28 19:28:12,164 INFO train accuracy: 1.000
2018-11-28 19:28:12,164 INFO train precision: 1.000
2018-11-28 19:28:12,164 INFO train recall: 1.000
2018-11-28 19:28:12,164 INFO train F1: 1.000
2018-11-28 19:28:12,164 INFO train AUC: 1.000
2018-11-28 19:28:12,165 INFO Evaluating...
2018-11-28 19:28:12,516 INFO valid time: 0.350
2018-11-28 19:28:12,516 INFO valid loss: 0.162
2018-11-28 19:28:12,516 INFO valid accuracy: 0.904
2018-11-28 19:28:12,516 INFO valid precision: 0.950
2018-11-28 19:28:12,517 INFO valid recall: 0.927
2018-11-28 19:28:12,517 INFO valid F1: 0.938
2018-11-28 19:28:12,517 INFO valid AUC: 0.873
2018-11-28 19:28:12,724 INFO Epoch 85:
2018-11-28 19:28:12,725 INFO Training...
2018-11-28 19:28:13,709 INFO train time: 0.984
2018-11-28 19:28:13,709 INFO train loss: 0.002
2018-11-28 19:28:13,710 INFO train accuracy: 1.000
2018-11-28 19:28:13,710 INFO train precision: 1.000
2018-11-28 19:28:13,710 INFO train recall: 1.000
2018-11-28 19:28:13,710 INFO train F1: 1.000
2018-11-28 19:28:13,710 INFO train AUC: 1.000
2018-11-28 19:28:13,711 INFO Evaluating...
2018-11-28 19:28:14,034 INFO valid time: 0.322
2018-11-28 19:28:14,034 INFO valid loss: 0.173
2018-11-28 19:28:14,034 INFO valid accuracy: 0.904
2018-11-28 19:28:14,035 INFO valid precision: 0.950
2018-11-28 19:28:14,035 INFO valid recall: 0.927
2018-11-28 19:28:14,035 INFO valid F1: 0.938
2018-11-28 19:28:14,035 INFO valid AUC: 0.873
2018-11-28 19:28:14,259 INFO Epoch 86:
2018-11-28 19:28:14,260 INFO Training...
2018-11-28 19:28:15,231 INFO train time: 0.970
2018-11-28 19:28:15,231 INFO train loss: 0.002
2018-11-28 19:28:15,231 INFO train accuracy: 1.000
2018-11-28 19:28:15,231 INFO train precision: 1.000
2018-11-28 19:28:15,231 INFO train recall: 1.000
2018-11-28 19:28:15,231 INFO train F1: 1.000
2018-11-28 19:28:15,231 INFO train AUC: 1.000
2018-11-28 19:28:15,232 INFO Evaluating...
2018-11-28 19:28:15,563 INFO valid time: 0.331
2018-11-28 19:28:15,563 INFO valid loss: 0.167
2018-11-28 19:28:15,564 INFO valid accuracy: 0.904
2018-11-28 19:28:15,564 INFO valid precision: 0.950
2018-11-28 19:28:15,564 INFO valid recall: 0.927
2018-11-28 19:28:15,564 INFO valid F1: 0.938
2018-11-28 19:28:15,564 INFO valid AUC: 0.873
2018-11-28 19:28:15,770 INFO Epoch 87:
2018-11-28 19:28:15,771 INFO Training...
2018-11-28 19:28:16,696 INFO train time: 0.924
2018-11-28 19:28:16,696 INFO train loss: 0.002
2018-11-28 19:28:16,696 INFO train accuracy: 1.000
2018-11-28 19:28:16,696 INFO train precision: 1.000
2018-11-28 19:28:16,696 INFO train recall: 1.000
2018-11-28 19:28:16,696 INFO train F1: 1.000
2018-11-28 19:28:16,697 INFO train AUC: 1.000
2018-11-28 19:28:16,697 INFO Evaluating...
2018-11-28 19:28:17,042 INFO valid time: 0.344
2018-11-28 19:28:17,042 INFO valid loss: 0.174
2018-11-28 19:28:17,042 INFO valid accuracy: 0.904
2018-11-28 19:28:17,043 INFO valid precision: 0.950
2018-11-28 19:28:17,043 INFO valid recall: 0.927
2018-11-28 19:28:17,043 INFO valid F1: 0.938
2018-11-28 19:28:17,043 INFO valid AUC: 0.873
2018-11-28 19:28:17,277 INFO Epoch 88:
2018-11-28 19:28:17,278 INFO Training...
2018-11-28 19:28:18,222 INFO train time: 0.943
2018-11-28 19:28:18,222 INFO train loss: 0.002
2018-11-28 19:28:18,222 INFO train accuracy: 1.000
2018-11-28 19:28:18,222 INFO train precision: 1.000
2018-11-28 19:28:18,223 INFO train recall: 1.000
2018-11-28 19:28:18,223 INFO train F1: 1.000
2018-11-28 19:28:18,223 INFO train AUC: 1.000
2018-11-28 19:28:18,224 INFO Evaluating...
2018-11-28 19:28:18,620 INFO valid time: 0.396
2018-11-28 19:28:18,620 INFO valid loss: 0.173
2018-11-28 19:28:18,620 INFO valid accuracy: 0.904
2018-11-28 19:28:18,621 INFO valid precision: 0.950
2018-11-28 19:28:18,621 INFO valid recall: 0.927
2018-11-28 19:28:18,621 INFO valid F1: 0.938
2018-11-28 19:28:18,621 INFO valid AUC: 0.873
2018-11-28 19:28:18,802 INFO Epoch 89:
2018-11-28 19:28:18,804 INFO Training...
2018-11-28 19:28:19,705 INFO train time: 0.901
2018-11-28 19:28:19,705 INFO train loss: 0.002
2018-11-28 19:28:19,705 INFO train accuracy: 1.000
2018-11-28 19:28:19,706 INFO train precision: 1.000
2018-11-28 19:28:19,706 INFO train recall: 1.000
2018-11-28 19:28:19,706 INFO train F1: 1.000
2018-11-28 19:28:19,706 INFO train AUC: 1.000
2018-11-28 19:28:19,706 INFO Evaluating...
2018-11-28 19:28:20,046 INFO valid time: 0.339
2018-11-28 19:28:20,046 INFO valid loss: 0.177
2018-11-28 19:28:20,047 INFO valid accuracy: 0.904
2018-11-28 19:28:20,047 INFO valid precision: 0.950
2018-11-28 19:28:20,047 INFO valid recall: 0.927
2018-11-28 19:28:20,047 INFO valid F1: 0.938
2018-11-28 19:28:20,048 INFO valid AUC: 0.873
2018-11-28 19:28:20,245 INFO Epoch 90:
2018-11-28 19:28:20,247 INFO Training...
2018-11-28 19:28:21,147 INFO train time: 0.900
2018-11-28 19:28:21,148 INFO train loss: 0.002
2018-11-28 19:28:21,148 INFO train accuracy: 1.000
2018-11-28 19:28:21,148 INFO train precision: 1.000
2018-11-28 19:28:21,148 INFO train recall: 1.000
2018-11-28 19:28:21,148 INFO train F1: 1.000
2018-11-28 19:28:21,148 INFO train AUC: 1.000
2018-11-28 19:28:21,149 INFO Evaluating...
2018-11-28 19:28:21,487 INFO valid time: 0.338
2018-11-28 19:28:21,487 INFO valid loss: 0.176
2018-11-28 19:28:21,488 INFO valid accuracy: 0.904
2018-11-28 19:28:21,488 INFO valid precision: 0.950
2018-11-28 19:28:21,488 INFO valid recall: 0.927
2018-11-28 19:28:21,488 INFO valid F1: 0.938
2018-11-28 19:28:21,488 INFO valid AUC: 0.873
2018-11-28 19:28:21,684 INFO Epoch 91:
2018-11-28 19:28:21,685 INFO Training...
2018-11-28 19:28:22,616 INFO train time: 0.932
2018-11-28 19:28:22,617 INFO train loss: 0.002
2018-11-28 19:28:22,617 INFO train accuracy: 1.000
2018-11-28 19:28:22,617 INFO train precision: 1.000
2018-11-28 19:28:22,617 INFO train recall: 1.000
2018-11-28 19:28:22,618 INFO train F1: 1.000
2018-11-28 19:28:22,618 INFO train AUC: 1.000
2018-11-28 19:28:22,619 INFO Evaluating...
2018-11-28 19:28:22,992 INFO valid time: 0.373
2018-11-28 19:28:22,993 INFO valid loss: 0.180
2018-11-28 19:28:22,993 INFO valid accuracy: 0.904
2018-11-28 19:28:22,993 INFO valid precision: 0.950
2018-11-28 19:28:22,993 INFO valid recall: 0.927
2018-11-28 19:28:22,993 INFO valid F1: 0.938
2018-11-28 19:28:22,993 INFO valid AUC: 0.873
2018-11-28 19:28:23,277 INFO Epoch 92:
2018-11-28 19:28:23,279 INFO Training...
2018-11-28 19:28:24,215 INFO train time: 0.936
2018-11-28 19:28:24,216 INFO train loss: 0.002
2018-11-28 19:28:24,216 INFO train accuracy: 1.000
2018-11-28 19:28:24,216 INFO train precision: 1.000
2018-11-28 19:28:24,216 INFO train recall: 1.000
2018-11-28 19:28:24,217 INFO train F1: 1.000
2018-11-28 19:28:24,217 INFO train AUC: 1.000
2018-11-28 19:28:24,218 INFO Evaluating...
2018-11-28 19:28:24,547 INFO valid time: 0.329
2018-11-28 19:28:24,548 INFO valid loss: 0.177
2018-11-28 19:28:24,548 INFO valid accuracy: 0.904
2018-11-28 19:28:24,548 INFO valid precision: 0.950
2018-11-28 19:28:24,548 INFO valid recall: 0.927
2018-11-28 19:28:24,548 INFO valid F1: 0.938
2018-11-28 19:28:24,548 INFO valid AUC: 0.873
2018-11-28 19:28:24,738 INFO Epoch 93:
2018-11-28 19:28:24,739 INFO Training...
2018-11-28 19:28:25,701 INFO train time: 0.962
2018-11-28 19:28:25,702 INFO train loss: 0.002
2018-11-28 19:28:25,702 INFO train accuracy: 1.000
2018-11-28 19:28:25,702 INFO train precision: 1.000
2018-11-28 19:28:25,702 INFO train recall: 1.000
2018-11-28 19:28:25,702 INFO train F1: 1.000
2018-11-28 19:28:25,702 INFO train AUC: 1.000
2018-11-28 19:28:25,703 INFO Evaluating...
2018-11-28 19:28:26,062 INFO valid time: 0.359
2018-11-28 19:28:26,063 INFO valid loss: 0.180
2018-11-28 19:28:26,063 INFO valid accuracy: 0.904
2018-11-28 19:28:26,063 INFO valid precision: 0.950
2018-11-28 19:28:26,063 INFO valid recall: 0.927
2018-11-28 19:28:26,063 INFO valid F1: 0.938
2018-11-28 19:28:26,063 INFO valid AUC: 0.873
2018-11-28 19:28:26,260 INFO Epoch 94:
2018-11-28 19:28:26,261 INFO Training...
2018-11-28 19:28:27,220 INFO train time: 0.959
2018-11-28 19:28:27,221 INFO train loss: 0.002
2018-11-28 19:28:27,221 INFO train accuracy: 1.000
2018-11-28 19:28:27,221 INFO train precision: 1.000
2018-11-28 19:28:27,221 INFO train recall: 1.000
2018-11-28 19:28:27,222 INFO train F1: 1.000
2018-11-28 19:28:27,222 INFO train AUC: 1.000
2018-11-28 19:28:27,223 INFO Evaluating...
2018-11-28 19:28:27,572 INFO valid time: 0.348
2018-11-28 19:28:27,572 INFO valid loss: 0.163
2018-11-28 19:28:27,572 INFO valid accuracy: 0.904
2018-11-28 19:28:27,572 INFO valid precision: 0.950
2018-11-28 19:28:27,572 INFO valid recall: 0.927
2018-11-28 19:28:27,572 INFO valid F1: 0.938
2018-11-28 19:28:27,572 INFO valid AUC: 0.873
2018-11-28 19:28:27,753 INFO Epoch 95:
2018-11-28 19:28:27,755 INFO Training...
2018-11-28 19:28:28,733 INFO train time: 0.978
2018-11-28 19:28:28,734 INFO train loss: 0.002
2018-11-28 19:28:28,734 INFO train accuracy: 1.000
2018-11-28 19:28:28,734 INFO train precision: 1.000
2018-11-28 19:28:28,734 INFO train recall: 1.000
2018-11-28 19:28:28,734 INFO train F1: 1.000
2018-11-28 19:28:28,735 INFO train AUC: 1.000
2018-11-28 19:28:28,736 INFO Evaluating...
2018-11-28 19:28:29,095 INFO valid time: 0.359
2018-11-28 19:28:29,095 INFO valid loss: 0.195
2018-11-28 19:28:29,095 INFO valid accuracy: 0.904
2018-11-28 19:28:29,095 INFO valid precision: 0.950
2018-11-28 19:28:29,096 INFO valid recall: 0.927
2018-11-28 19:28:29,096 INFO valid F1: 0.938
2018-11-28 19:28:29,096 INFO valid AUC: 0.873
2018-11-28 19:28:29,281 INFO Epoch 96:
2018-11-28 19:28:29,282 INFO Training...
2018-11-28 19:28:30,308 INFO train time: 1.026
2018-11-28 19:28:30,309 INFO train loss: 0.002
2018-11-28 19:28:30,309 INFO train accuracy: 0.997
2018-11-28 19:28:30,309 INFO train precision: 1.000
2018-11-28 19:28:30,309 INFO train recall: 0.996
2018-11-28 19:28:30,309 INFO train F1: 0.998
2018-11-28 19:28:30,310 INFO train AUC: 0.998
2018-11-28 19:28:30,310 INFO Evaluating...
2018-11-28 19:28:30,627 INFO valid time: 0.317
2018-11-28 19:28:30,628 INFO valid loss: 0.167
2018-11-28 19:28:30,628 INFO valid accuracy: 0.904
2018-11-28 19:28:30,628 INFO valid precision: 0.950
2018-11-28 19:28:30,628 INFO valid recall: 0.927
2018-11-28 19:28:30,628 INFO valid F1: 0.938
2018-11-28 19:28:30,628 INFO valid AUC: 0.873
2018-11-28 19:28:30,818 INFO Epoch 97:
2018-11-28 19:28:30,819 INFO Training...
2018-11-28 19:28:31,793 INFO train time: 0.974
2018-11-28 19:28:31,794 INFO train loss: 0.002
2018-11-28 19:28:31,794 INFO train accuracy: 0.997
2018-11-28 19:28:31,794 INFO train precision: 0.996
2018-11-28 19:28:31,794 INFO train recall: 1.000
2018-11-28 19:28:31,794 INFO train F1: 0.998
2018-11-28 19:28:31,794 INFO train AUC: 0.995
2018-11-28 19:28:31,795 INFO Evaluating...
2018-11-28 19:28:32,137 INFO valid time: 0.342
2018-11-28 19:28:32,137 INFO valid loss: 0.198
2018-11-28 19:28:32,138 INFO valid accuracy: 0.904
2018-11-28 19:28:32,138 INFO valid precision: 0.950
2018-11-28 19:28:32,138 INFO valid recall: 0.927
2018-11-28 19:28:32,138 INFO valid F1: 0.938
2018-11-28 19:28:32,138 INFO valid AUC: 0.873
2018-11-28 19:28:32,317 INFO Epoch 98:
2018-11-28 19:28:32,318 INFO Training...
2018-11-28 19:28:33,290 INFO train time: 0.972
2018-11-28 19:28:33,290 INFO train loss: 0.002
2018-11-28 19:28:33,290 INFO train accuracy: 1.000
2018-11-28 19:28:33,290 INFO train precision: 1.000
2018-11-28 19:28:33,290 INFO train recall: 1.000
2018-11-28 19:28:33,291 INFO train F1: 1.000
2018-11-28 19:28:33,291 INFO train AUC: 1.000
2018-11-28 19:28:33,291 INFO Evaluating...
2018-11-28 19:28:33,627 INFO valid time: 0.336
2018-11-28 19:28:33,628 INFO valid loss: 0.180
2018-11-28 19:28:33,628 INFO valid accuracy: 0.904
2018-11-28 19:28:33,628 INFO valid precision: 0.950
2018-11-28 19:28:33,628 INFO valid recall: 0.927
2018-11-28 19:28:33,628 INFO valid F1: 0.938
2018-11-28 19:28:33,629 INFO valid AUC: 0.873
2018-11-28 19:28:33,806 INFO Epoch 99:
2018-11-28 19:28:33,808 INFO Training...
2018-11-28 19:28:34,750 INFO train time: 0.942
2018-11-28 19:28:34,750 INFO train loss: 0.002
2018-11-28 19:28:34,750 INFO train accuracy: 1.000
2018-11-28 19:28:34,751 INFO train precision: 1.000
2018-11-28 19:28:34,751 INFO train recall: 1.000
2018-11-28 19:28:34,751 INFO train F1: 1.000
2018-11-28 19:28:34,751 INFO train AUC: 1.000
2018-11-28 19:28:34,752 INFO Evaluating...
2018-11-28 19:28:35,134 INFO valid time: 0.381
2018-11-28 19:28:35,134 INFO valid loss: 0.188
2018-11-28 19:28:35,134 INFO valid accuracy: 0.904
2018-11-28 19:28:35,134 INFO valid precision: 0.950
2018-11-28 19:28:35,134 INFO valid recall: 0.927
2018-11-28 19:28:35,134 INFO valid F1: 0.938
2018-11-28 19:28:35,135 INFO valid AUC: 0.873
2018-11-28 19:28:35,328 INFO Restoring parameters from out/psiblast_graph/model/model.ckpt
2018-11-28 19:28:35,371 INFO Evaluating...
2018-11-28 19:28:35,778 INFO test time: 0.407
2018-11-28 19:28:35,778 INFO test loss: 0.428
2018-11-28 19:28:35,778 INFO test accuracy: 0.903
2018-11-28 19:28:35,779 INFO test precision: 0.896
2018-11-28 19:28:35,779 INFO test recall: 0.972
2018-11-28 19:28:35,779 INFO test F1: 0.932
2018-11-28 19:28:35,779 INFO test AUC: 0.861
2018-11-28 19:28:35,865 INFO Saving History to out/psiblast_graph/history.csv
2018-11-28 19:28:35,866 INFO Saving Summary to out/psiblast_graph/summary.csv
2018-11-28 19:28:35,870 INFO All done!
