2018-11-28 19:55:41,494 INFO Initializing
2018-11-28 19:55:42,029 INFO Loaded 167 training samples
2018-11-28 19:55:42,030 INFO Loaded 24 validation samples
2018-11-28 19:55:42,030 INFO Loaded 48 test samples
2018-11-28 19:55:46,702 INFO Model: 2D-CNN
2018-11-28 19:55:46,702 INFO Parameters: 505090
2018-11-28 19:55:47,396 INFO Epoch 0:
2018-11-28 19:55:47,413 INFO Training...
2018-11-28 19:55:48,863 INFO train time: 1.450
2018-11-28 19:55:48,864 INFO train loss: 2.820
2018-11-28 19:55:48,864 INFO train accuracy: 0.653
2018-11-28 19:55:48,864 INFO train precision: 0.652
2018-11-28 19:55:48,864 INFO train recall: 0.991
2018-11-28 19:55:48,864 INFO train F1: 0.787
2018-11-28 19:55:48,865 INFO train AUC: 0.512
2018-11-28 19:55:48,866 INFO Evaluating...
2018-11-28 19:55:49,185 INFO valid time: 0.319
2018-11-28 19:55:49,185 INFO valid loss: 7.704
2018-11-28 19:55:49,185 INFO valid accuracy: 0.708
2018-11-28 19:55:49,186 INFO valid precision: 0.708
2018-11-28 19:55:49,186 INFO valid recall: 1.000
2018-11-28 19:55:49,186 INFO valid F1: 0.829
2018-11-28 19:55:49,186 INFO valid AUC: 0.500
2018-11-28 19:55:49,335 INFO Epoch 1:
2018-11-28 19:55:49,336 INFO Training...
2018-11-28 19:55:49,661 INFO train time: 0.324
2018-11-28 19:55:49,661 INFO train loss: 11.981
2018-11-28 19:55:49,661 INFO train accuracy: 0.635
2018-11-28 19:55:49,661 INFO train precision: 0.642
2018-11-28 19:55:49,661 INFO train recall: 0.981
2018-11-28 19:55:49,661 INFO train F1: 0.777
2018-11-28 19:55:49,661 INFO train AUC: 0.491
2018-11-28 19:55:49,662 INFO Evaluating...
2018-11-28 19:55:49,861 INFO valid time: 0.198
2018-11-28 19:55:49,861 INFO valid loss: 1.736
2018-11-28 19:55:49,862 INFO valid accuracy: 0.292
2018-11-28 19:55:49,862 INFO valid precision: 0.000
2018-11-28 19:55:49,862 INFO valid recall: 0.000
2018-11-28 19:55:49,863 INFO valid F1: nan
2018-11-28 19:55:49,863 INFO valid AUC: 0.500
2018-11-28 19:55:49,974 INFO Epoch 2:
2018-11-28 19:55:49,975 INFO Training...
2018-11-28 19:55:50,278 INFO train time: 0.303
2018-11-28 19:55:50,279 INFO train loss: 0.358
2018-11-28 19:55:50,279 INFO train accuracy: 0.365
2018-11-28 19:55:50,279 INFO train precision: 1.000
2018-11-28 19:55:50,279 INFO train recall: 0.019
2018-11-28 19:55:50,279 INFO train F1: 0.036
2018-11-28 19:55:50,279 INFO train AUC: 0.509
2018-11-28 19:55:50,280 INFO Evaluating...
2018-11-28 19:55:50,488 INFO valid time: 0.207
2018-11-28 19:55:50,488 INFO valid loss: 1.161
2018-11-28 19:55:50,488 INFO valid accuracy: 0.708
2018-11-28 19:55:50,488 INFO valid precision: 0.708
2018-11-28 19:55:50,488 INFO valid recall: 1.000
2018-11-28 19:55:50,488 INFO valid F1: 0.829
2018-11-28 19:55:50,489 INFO valid AUC: 0.500
2018-11-28 19:55:50,586 INFO Epoch 3:
2018-11-28 19:55:50,588 INFO Training...
2018-11-28 19:55:50,890 INFO train time: 0.302
2018-11-28 19:55:50,891 INFO train loss: 1.424
2018-11-28 19:55:50,891 INFO train accuracy: 0.683
2018-11-28 19:55:50,891 INFO train precision: 0.671
2018-11-28 19:55:50,891 INFO train recall: 1.000
2018-11-28 19:55:50,891 INFO train F1: 0.803
2018-11-28 19:55:50,891 INFO train AUC: 0.551
2018-11-28 19:55:50,892 INFO Evaluating...
2018-11-28 19:55:51,112 INFO valid time: 0.219
2018-11-28 19:55:51,112 INFO valid loss: 0.005
2018-11-28 19:55:51,112 INFO valid accuracy: 1.000
2018-11-28 19:55:51,113 INFO valid precision: 1.000
2018-11-28 19:55:51,113 INFO valid recall: 1.000
2018-11-28 19:55:51,113 INFO valid F1: 1.000
2018-11-28 19:55:51,113 INFO valid AUC: 1.000
2018-11-28 19:55:51,206 INFO Epoch 4:
2018-11-28 19:55:51,210 INFO Training...
2018-11-28 19:55:51,523 INFO train time: 0.313
2018-11-28 19:55:51,524 INFO train loss: 0.039
2018-11-28 19:55:51,524 INFO train accuracy: 1.000
2018-11-28 19:55:51,524 INFO train precision: 1.000
2018-11-28 19:55:51,524 INFO train recall: 1.000
2018-11-28 19:55:51,524 INFO train F1: 1.000
2018-11-28 19:55:51,525 INFO train AUC: 1.000
2018-11-28 19:55:51,525 INFO Evaluating...
2018-11-28 19:55:51,741 INFO valid time: 0.216
2018-11-28 19:55:51,742 INFO valid loss: 0.243
2018-11-28 19:55:51,742 INFO valid accuracy: 0.917
2018-11-28 19:55:51,743 INFO valid precision: 1.000
2018-11-28 19:55:51,743 INFO valid recall: 0.882
2018-11-28 19:55:51,743 INFO valid F1: 0.938
2018-11-28 19:55:51,743 INFO valid AUC: 0.941
2018-11-28 19:55:51,858 INFO Epoch 5:
2018-11-28 19:55:51,859 INFO Training...
2018-11-28 19:55:52,175 INFO train time: 0.315
2018-11-28 19:55:52,175 INFO train loss: 0.096
2018-11-28 19:55:52,175 INFO train accuracy: 0.940
2018-11-28 19:55:52,176 INFO train precision: 1.000
2018-11-28 19:55:52,176 INFO train recall: 0.907
2018-11-28 19:55:52,176 INFO train F1: 0.951
2018-11-28 19:55:52,176 INFO train AUC: 0.954
2018-11-28 19:55:52,177 INFO Evaluating...
2018-11-28 19:55:52,394 INFO valid time: 0.217
2018-11-28 19:55:52,394 INFO valid loss: 0.030
2018-11-28 19:55:52,395 INFO valid accuracy: 0.958
2018-11-28 19:55:52,395 INFO valid precision: 1.000
2018-11-28 19:55:52,395 INFO valid recall: 0.941
2018-11-28 19:55:52,395 INFO valid F1: 0.970
2018-11-28 19:55:52,396 INFO valid AUC: 0.971
2018-11-28 19:55:52,495 INFO Epoch 6:
2018-11-28 19:55:52,497 INFO Training...
2018-11-28 19:55:52,817 INFO train time: 0.321
2018-11-28 19:55:52,818 INFO train loss: 0.009
2018-11-28 19:55:52,818 INFO train accuracy: 0.982
2018-11-28 19:55:52,819 INFO train precision: 1.000
2018-11-28 19:55:52,819 INFO train recall: 0.972
2018-11-28 19:55:52,819 INFO train F1: 0.986
2018-11-28 19:55:52,819 INFO train AUC: 0.986
2018-11-28 19:55:52,820 INFO Evaluating...
2018-11-28 19:55:53,033 INFO valid time: 0.213
2018-11-28 19:55:53,034 INFO valid loss: 0.002
2018-11-28 19:55:53,034 INFO valid accuracy: 1.000
2018-11-28 19:55:53,034 INFO valid precision: 1.000
2018-11-28 19:55:53,035 INFO valid recall: 1.000
2018-11-28 19:55:53,035 INFO valid F1: 1.000
2018-11-28 19:55:53,035 INFO valid AUC: 1.000
2018-11-28 19:55:53,135 INFO Epoch 7:
2018-11-28 19:55:53,137 INFO Training...
2018-11-28 19:55:53,469 INFO train time: 0.332
2018-11-28 19:55:53,470 INFO train loss: 0.002
2018-11-28 19:55:53,470 INFO train accuracy: 1.000
2018-11-28 19:55:53,470 INFO train precision: 1.000
2018-11-28 19:55:53,470 INFO train recall: 1.000
2018-11-28 19:55:53,470 INFO train F1: 1.000
2018-11-28 19:55:53,470 INFO train AUC: 1.000
2018-11-28 19:55:53,471 INFO Evaluating...
2018-11-28 19:55:53,691 INFO valid time: 0.219
2018-11-28 19:55:53,691 INFO valid loss: 0.004
2018-11-28 19:55:53,691 INFO valid accuracy: 1.000
2018-11-28 19:55:53,691 INFO valid precision: 1.000
2018-11-28 19:55:53,691 INFO valid recall: 1.000
2018-11-28 19:55:53,692 INFO valid F1: 1.000
2018-11-28 19:55:53,692 INFO valid AUC: 1.000
2018-11-28 19:55:53,794 INFO Epoch 8:
2018-11-28 19:55:53,796 INFO Training...
2018-11-28 19:55:54,155 INFO train time: 0.359
2018-11-28 19:55:54,155 INFO train loss: 0.006
2018-11-28 19:55:54,155 INFO train accuracy: 0.994
2018-11-28 19:55:54,155 INFO train precision: 0.991
2018-11-28 19:55:54,155 INFO train recall: 1.000
2018-11-28 19:55:54,155 INFO train F1: 0.995
2018-11-28 19:55:54,156 INFO train AUC: 0.992
2018-11-28 19:55:54,156 INFO Evaluating...
2018-11-28 19:55:54,384 INFO valid time: 0.228
2018-11-28 19:55:54,385 INFO valid loss: 0.004
2018-11-28 19:55:54,385 INFO valid accuracy: 1.000
2018-11-28 19:55:54,385 INFO valid precision: 1.000
2018-11-28 19:55:54,386 INFO valid recall: 1.000
2018-11-28 19:55:54,386 INFO valid F1: 1.000
2018-11-28 19:55:54,386 INFO valid AUC: 1.000
2018-11-28 19:55:54,499 INFO Epoch 9:
2018-11-28 19:55:54,501 INFO Training...
2018-11-28 19:55:54,836 INFO train time: 0.335
2018-11-28 19:55:54,836 INFO train loss: 0.005
2018-11-28 19:55:54,837 INFO train accuracy: 0.994
2018-11-28 19:55:54,837 INFO train precision: 0.991
2018-11-28 19:55:54,837 INFO train recall: 1.000
2018-11-28 19:55:54,837 INFO train F1: 0.995
2018-11-28 19:55:54,837 INFO train AUC: 0.992
2018-11-28 19:55:54,838 INFO Evaluating...
2018-11-28 19:55:55,081 INFO valid time: 0.243
2018-11-28 19:55:55,081 INFO valid loss: 0.002
2018-11-28 19:55:55,082 INFO valid accuracy: 1.000
2018-11-28 19:55:55,082 INFO valid precision: 1.000
2018-11-28 19:55:55,082 INFO valid recall: 1.000
2018-11-28 19:55:55,082 INFO valid F1: 1.000
2018-11-28 19:55:55,083 INFO valid AUC: 1.000
2018-11-28 19:55:55,192 INFO Epoch 10:
2018-11-28 19:55:55,193 INFO Training...
2018-11-28 19:55:55,505 INFO train time: 0.312
2018-11-28 19:55:55,506 INFO train loss: 0.002
2018-11-28 19:55:55,506 INFO train accuracy: 1.000
2018-11-28 19:55:55,506 INFO train precision: 1.000
2018-11-28 19:55:55,506 INFO train recall: 1.000
2018-11-28 19:55:55,506 INFO train F1: 1.000
2018-11-28 19:55:55,506 INFO train AUC: 1.000
2018-11-28 19:55:55,507 INFO Evaluating...
2018-11-28 19:55:55,732 INFO valid time: 0.225
2018-11-28 19:55:55,732 INFO valid loss: 0.001
2018-11-28 19:55:55,732 INFO valid accuracy: 1.000
2018-11-28 19:55:55,733 INFO valid precision: 1.000
2018-11-28 19:55:55,733 INFO valid recall: 1.000
2018-11-28 19:55:55,733 INFO valid F1: 1.000
2018-11-28 19:55:55,733 INFO valid AUC: 1.000
2018-11-28 19:55:55,845 INFO Epoch 11:
2018-11-28 19:55:55,847 INFO Training...
2018-11-28 19:55:56,137 INFO train time: 0.290
2018-11-28 19:55:56,137 INFO train loss: 0.001
2018-11-28 19:55:56,137 INFO train accuracy: 1.000
2018-11-28 19:55:56,137 INFO train precision: 1.000
2018-11-28 19:55:56,137 INFO train recall: 1.000
2018-11-28 19:55:56,138 INFO train F1: 1.000
2018-11-28 19:55:56,138 INFO train AUC: 1.000
2018-11-28 19:55:56,138 INFO Evaluating...
2018-11-28 19:55:56,363 INFO valid time: 0.224
2018-11-28 19:55:56,363 INFO valid loss: 0.001
2018-11-28 19:55:56,363 INFO valid accuracy: 1.000
2018-11-28 19:55:56,363 INFO valid precision: 1.000
2018-11-28 19:55:56,363 INFO valid recall: 1.000
2018-11-28 19:55:56,363 INFO valid F1: 1.000
2018-11-28 19:55:56,363 INFO valid AUC: 1.000
2018-11-28 19:55:56,457 INFO Epoch 12:
2018-11-28 19:55:56,461 INFO Training...
2018-11-28 19:55:56,759 INFO train time: 0.297
2018-11-28 19:55:56,759 INFO train loss: 0.001
2018-11-28 19:55:56,759 INFO train accuracy: 1.000
2018-11-28 19:55:56,760 INFO train precision: 1.000
2018-11-28 19:55:56,760 INFO train recall: 1.000
2018-11-28 19:55:56,760 INFO train F1: 1.000
2018-11-28 19:55:56,761 INFO train AUC: 1.000
2018-11-28 19:55:56,762 INFO Evaluating...
2018-11-28 19:55:56,977 INFO valid time: 0.215
2018-11-28 19:55:56,977 INFO valid loss: 0.001
2018-11-28 19:55:56,977 INFO valid accuracy: 1.000
2018-11-28 19:55:56,977 INFO valid precision: 1.000
2018-11-28 19:55:56,978 INFO valid recall: 1.000
2018-11-28 19:55:56,978 INFO valid F1: 1.000
2018-11-28 19:55:56,978 INFO valid AUC: 1.000
2018-11-28 19:55:57,076 INFO Epoch 13:
2018-11-28 19:55:57,077 INFO Training...
2018-11-28 19:55:57,375 INFO train time: 0.297
2018-11-28 19:55:57,375 INFO train loss: 0.001
2018-11-28 19:55:57,375 INFO train accuracy: 1.000
2018-11-28 19:55:57,375 INFO train precision: 1.000
2018-11-28 19:55:57,375 INFO train recall: 1.000
2018-11-28 19:55:57,375 INFO train F1: 1.000
2018-11-28 19:55:57,376 INFO train AUC: 1.000
2018-11-28 19:55:57,376 INFO Evaluating...
2018-11-28 19:55:57,598 INFO valid time: 0.221
2018-11-28 19:55:57,598 INFO valid loss: 0.001
2018-11-28 19:55:57,599 INFO valid accuracy: 1.000
2018-11-28 19:55:57,599 INFO valid precision: 1.000
2018-11-28 19:55:57,600 INFO valid recall: 1.000
2018-11-28 19:55:57,600 INFO valid F1: 1.000
2018-11-28 19:55:57,600 INFO valid AUC: 1.000
2018-11-28 19:55:57,694 INFO Epoch 14:
2018-11-28 19:55:57,697 INFO Training...
2018-11-28 19:55:57,988 INFO train time: 0.290
2018-11-28 19:55:57,988 INFO train loss: 0.000
2018-11-28 19:55:57,988 INFO train accuracy: 1.000
2018-11-28 19:55:57,989 INFO train precision: 1.000
2018-11-28 19:55:57,989 INFO train recall: 1.000
2018-11-28 19:55:57,989 INFO train F1: 1.000
2018-11-28 19:55:57,989 INFO train AUC: 1.000
2018-11-28 19:55:57,989 INFO Evaluating...
2018-11-28 19:55:58,209 INFO valid time: 0.220
2018-11-28 19:55:58,210 INFO valid loss: 0.001
2018-11-28 19:55:58,210 INFO valid accuracy: 1.000
2018-11-28 19:55:58,211 INFO valid precision: 1.000
2018-11-28 19:55:58,211 INFO valid recall: 1.000
2018-11-28 19:55:58,211 INFO valid F1: 1.000
2018-11-28 19:55:58,211 INFO valid AUC: 1.000
2018-11-28 19:55:58,329 INFO Epoch 15:
2018-11-28 19:55:58,330 INFO Training...
2018-11-28 19:55:58,642 INFO train time: 0.311
2018-11-28 19:55:58,643 INFO train loss: 0.000
2018-11-28 19:55:58,643 INFO train accuracy: 1.000
2018-11-28 19:55:58,643 INFO train precision: 1.000
2018-11-28 19:55:58,644 INFO train recall: 1.000
2018-11-28 19:55:58,644 INFO train F1: 1.000
2018-11-28 19:55:58,644 INFO train AUC: 1.000
2018-11-28 19:55:58,645 INFO Evaluating...
2018-11-28 19:55:58,866 INFO valid time: 0.221
2018-11-28 19:55:58,867 INFO valid loss: 0.001
2018-11-28 19:55:58,867 INFO valid accuracy: 1.000
2018-11-28 19:55:58,867 INFO valid precision: 1.000
2018-11-28 19:55:58,867 INFO valid recall: 1.000
2018-11-28 19:55:58,867 INFO valid F1: 1.000
2018-11-28 19:55:58,867 INFO valid AUC: 1.000
2018-11-28 19:55:58,964 INFO Epoch 16:
2018-11-28 19:55:58,965 INFO Training...
2018-11-28 19:55:59,304 INFO train time: 0.339
2018-11-28 19:55:59,305 INFO train loss: 0.000
2018-11-28 19:55:59,305 INFO train accuracy: 1.000
2018-11-28 19:55:59,305 INFO train precision: 1.000
2018-11-28 19:55:59,305 INFO train recall: 1.000
2018-11-28 19:55:59,305 INFO train F1: 1.000
2018-11-28 19:55:59,305 INFO train AUC: 1.000
2018-11-28 19:55:59,306 INFO Evaluating...
2018-11-28 19:55:59,526 INFO valid time: 0.220
2018-11-28 19:55:59,526 INFO valid loss: 0.001
2018-11-28 19:55:59,526 INFO valid accuracy: 1.000
2018-11-28 19:55:59,526 INFO valid precision: 1.000
2018-11-28 19:55:59,526 INFO valid recall: 1.000
2018-11-28 19:55:59,526 INFO valid F1: 1.000
2018-11-28 19:55:59,526 INFO valid AUC: 1.000
2018-11-28 19:55:59,619 INFO Epoch 17:
2018-11-28 19:55:59,621 INFO Training...
2018-11-28 19:55:59,967 INFO train time: 0.346
2018-11-28 19:55:59,967 INFO train loss: 0.000
2018-11-28 19:55:59,968 INFO train accuracy: 1.000
2018-11-28 19:55:59,968 INFO train precision: 1.000
2018-11-28 19:55:59,968 INFO train recall: 1.000
2018-11-28 19:55:59,968 INFO train F1: 1.000
2018-11-28 19:55:59,968 INFO train AUC: 1.000
2018-11-28 19:55:59,969 INFO Evaluating...
2018-11-28 19:56:00,200 INFO valid time: 0.231
2018-11-28 19:56:00,200 INFO valid loss: 0.001
2018-11-28 19:56:00,200 INFO valid accuracy: 1.000
2018-11-28 19:56:00,200 INFO valid precision: 1.000
2018-11-28 19:56:00,200 INFO valid recall: 1.000
2018-11-28 19:56:00,201 INFO valid F1: 1.000
2018-11-28 19:56:00,201 INFO valid AUC: 1.000
2018-11-28 19:56:00,299 INFO Epoch 18:
2018-11-28 19:56:00,300 INFO Training...
2018-11-28 19:56:00,596 INFO train time: 0.296
2018-11-28 19:56:00,597 INFO train loss: 0.000
2018-11-28 19:56:00,597 INFO train accuracy: 1.000
2018-11-28 19:56:00,597 INFO train precision: 1.000
2018-11-28 19:56:00,597 INFO train recall: 1.000
2018-11-28 19:56:00,597 INFO train F1: 1.000
2018-11-28 19:56:00,597 INFO train AUC: 1.000
2018-11-28 19:56:00,598 INFO Evaluating...
2018-11-28 19:56:00,807 INFO valid time: 0.209
2018-11-28 19:56:00,807 INFO valid loss: 0.001
2018-11-28 19:56:00,807 INFO valid accuracy: 1.000
2018-11-28 19:56:00,807 INFO valid precision: 1.000
2018-11-28 19:56:00,807 INFO valid recall: 1.000
2018-11-28 19:56:00,808 INFO valid F1: 1.000
2018-11-28 19:56:00,808 INFO valid AUC: 1.000
2018-11-28 19:56:00,896 INFO Epoch 19:
2018-11-28 19:56:00,900 INFO Training...
2018-11-28 19:56:01,260 INFO train time: 0.360
2018-11-28 19:56:01,261 INFO train loss: 0.000
2018-11-28 19:56:01,261 INFO train accuracy: 1.000
2018-11-28 19:56:01,261 INFO train precision: 1.000
2018-11-28 19:56:01,261 INFO train recall: 1.000
2018-11-28 19:56:01,261 INFO train F1: 1.000
2018-11-28 19:56:01,261 INFO train AUC: 1.000
2018-11-28 19:56:01,262 INFO Evaluating...
2018-11-28 19:56:01,475 INFO valid time: 0.212
2018-11-28 19:56:01,475 INFO valid loss: 0.001
2018-11-28 19:56:01,475 INFO valid accuracy: 1.000
2018-11-28 19:56:01,475 INFO valid precision: 1.000
2018-11-28 19:56:01,475 INFO valid recall: 1.000
2018-11-28 19:56:01,475 INFO valid F1: 1.000
2018-11-28 19:56:01,475 INFO valid AUC: 1.000
2018-11-28 19:56:01,581 INFO Epoch 20:
2018-11-28 19:56:01,582 INFO Training...
2018-11-28 19:56:01,904 INFO train time: 0.322
2018-11-28 19:56:01,904 INFO train loss: 0.000
2018-11-28 19:56:01,905 INFO train accuracy: 1.000
2018-11-28 19:56:01,905 INFO train precision: 1.000
2018-11-28 19:56:01,905 INFO train recall: 1.000
2018-11-28 19:56:01,905 INFO train F1: 1.000
2018-11-28 19:56:01,906 INFO train AUC: 1.000
2018-11-28 19:56:01,907 INFO Evaluating...
2018-11-28 19:56:02,133 INFO valid time: 0.226
2018-11-28 19:56:02,134 INFO valid loss: 0.001
2018-11-28 19:56:02,134 INFO valid accuracy: 1.000
2018-11-28 19:56:02,134 INFO valid precision: 1.000
2018-11-28 19:56:02,134 INFO valid recall: 1.000
2018-11-28 19:56:02,135 INFO valid F1: 1.000
2018-11-28 19:56:02,135 INFO valid AUC: 1.000
2018-11-28 19:56:02,226 INFO Epoch 21:
2018-11-28 19:56:02,239 INFO Training...
2018-11-28 19:56:02,569 INFO train time: 0.329
2018-11-28 19:56:02,569 INFO train loss: 0.000
2018-11-28 19:56:02,569 INFO train accuracy: 1.000
2018-11-28 19:56:02,569 INFO train precision: 1.000
2018-11-28 19:56:02,569 INFO train recall: 1.000
2018-11-28 19:56:02,569 INFO train F1: 1.000
2018-11-28 19:56:02,569 INFO train AUC: 1.000
2018-11-28 19:56:02,570 INFO Evaluating...
2018-11-28 19:56:02,790 INFO valid time: 0.220
2018-11-28 19:56:02,791 INFO valid loss: 0.001
2018-11-28 19:56:02,791 INFO valid accuracy: 1.000
2018-11-28 19:56:02,791 INFO valid precision: 1.000
2018-11-28 19:56:02,791 INFO valid recall: 1.000
2018-11-28 19:56:02,791 INFO valid F1: 1.000
2018-11-28 19:56:02,791 INFO valid AUC: 1.000
2018-11-28 19:56:02,891 INFO Epoch 22:
2018-11-28 19:56:02,892 INFO Training...
2018-11-28 19:56:03,220 INFO train time: 0.327
2018-11-28 19:56:03,221 INFO train loss: 0.000
2018-11-28 19:56:03,221 INFO train accuracy: 1.000
2018-11-28 19:56:03,221 INFO train precision: 1.000
2018-11-28 19:56:03,221 INFO train recall: 1.000
2018-11-28 19:56:03,221 INFO train F1: 1.000
2018-11-28 19:56:03,222 INFO train AUC: 1.000
2018-11-28 19:56:03,222 INFO Evaluating...
2018-11-28 19:56:03,451 INFO valid time: 0.228
2018-11-28 19:56:03,451 INFO valid loss: 0.001
2018-11-28 19:56:03,451 INFO valid accuracy: 1.000
2018-11-28 19:56:03,451 INFO valid precision: 1.000
2018-11-28 19:56:03,452 INFO valid recall: 1.000
2018-11-28 19:56:03,452 INFO valid F1: 1.000
2018-11-28 19:56:03,452 INFO valid AUC: 1.000
2018-11-28 19:56:03,539 INFO Epoch 23:
2018-11-28 19:56:03,541 INFO Training...
2018-11-28 19:56:03,865 INFO train time: 0.325
2018-11-28 19:56:03,866 INFO train loss: 0.000
2018-11-28 19:56:03,866 INFO train accuracy: 1.000
2018-11-28 19:56:03,866 INFO train precision: 1.000
2018-11-28 19:56:03,866 INFO train recall: 1.000
2018-11-28 19:56:03,866 INFO train F1: 1.000
2018-11-28 19:56:03,866 INFO train AUC: 1.000
2018-11-28 19:56:03,867 INFO Evaluating...
2018-11-28 19:56:04,108 INFO valid time: 0.241
2018-11-28 19:56:04,109 INFO valid loss: 0.001
2018-11-28 19:56:04,109 INFO valid accuracy: 1.000
2018-11-28 19:56:04,109 INFO valid precision: 1.000
2018-11-28 19:56:04,109 INFO valid recall: 1.000
2018-11-28 19:56:04,110 INFO valid F1: 1.000
2018-11-28 19:56:04,110 INFO valid AUC: 1.000
2018-11-28 19:56:04,214 INFO Epoch 24:
2018-11-28 19:56:04,216 INFO Training...
2018-11-28 19:56:04,530 INFO train time: 0.314
2018-11-28 19:56:04,530 INFO train loss: 0.000
2018-11-28 19:56:04,531 INFO train accuracy: 1.000
2018-11-28 19:56:04,531 INFO train precision: 1.000
2018-11-28 19:56:04,531 INFO train recall: 1.000
2018-11-28 19:56:04,531 INFO train F1: 1.000
2018-11-28 19:56:04,531 INFO train AUC: 1.000
2018-11-28 19:56:04,532 INFO Evaluating...
2018-11-28 19:56:04,754 INFO valid time: 0.222
2018-11-28 19:56:04,755 INFO valid loss: 0.001
2018-11-28 19:56:04,755 INFO valid accuracy: 1.000
2018-11-28 19:56:04,755 INFO valid precision: 1.000
2018-11-28 19:56:04,755 INFO valid recall: 1.000
2018-11-28 19:56:04,755 INFO valid F1: 1.000
2018-11-28 19:56:04,755 INFO valid AUC: 1.000
2018-11-28 19:56:04,853 INFO Epoch 25:
2018-11-28 19:56:04,855 INFO Training...
2018-11-28 19:56:05,196 INFO train time: 0.341
2018-11-28 19:56:05,197 INFO train loss: 0.000
2018-11-28 19:56:05,197 INFO train accuracy: 1.000
2018-11-28 19:56:05,197 INFO train precision: 1.000
2018-11-28 19:56:05,197 INFO train recall: 1.000
2018-11-28 19:56:05,197 INFO train F1: 1.000
2018-11-28 19:56:05,197 INFO train AUC: 1.000
2018-11-28 19:56:05,198 INFO Evaluating...
2018-11-28 19:56:05,429 INFO valid time: 0.231
2018-11-28 19:56:05,429 INFO valid loss: 0.001
2018-11-28 19:56:05,429 INFO valid accuracy: 1.000
2018-11-28 19:56:05,430 INFO valid precision: 1.000
2018-11-28 19:56:05,430 INFO valid recall: 1.000
2018-11-28 19:56:05,430 INFO valid F1: 1.000
2018-11-28 19:56:05,430 INFO valid AUC: 1.000
2018-11-28 19:56:05,562 INFO Epoch 26:
2018-11-28 19:56:05,563 INFO Training...
2018-11-28 19:56:05,902 INFO train time: 0.338
2018-11-28 19:56:05,902 INFO train loss: 0.000
2018-11-28 19:56:05,902 INFO train accuracy: 1.000
2018-11-28 19:56:05,903 INFO train precision: 1.000
2018-11-28 19:56:05,903 INFO train recall: 1.000
2018-11-28 19:56:05,903 INFO train F1: 1.000
2018-11-28 19:56:05,903 INFO train AUC: 1.000
2018-11-28 19:56:05,904 INFO Evaluating...
2018-11-28 19:56:06,134 INFO valid time: 0.230
2018-11-28 19:56:06,135 INFO valid loss: 0.001
2018-11-28 19:56:06,135 INFO valid accuracy: 1.000
2018-11-28 19:56:06,135 INFO valid precision: 1.000
2018-11-28 19:56:06,135 INFO valid recall: 1.000
2018-11-28 19:56:06,135 INFO valid F1: 1.000
2018-11-28 19:56:06,135 INFO valid AUC: 1.000
2018-11-28 19:56:06,228 INFO Epoch 27:
2018-11-28 19:56:06,230 INFO Training...
2018-11-28 19:56:06,542 INFO train time: 0.312
2018-11-28 19:56:06,542 INFO train loss: 0.000
2018-11-28 19:56:06,542 INFO train accuracy: 1.000
2018-11-28 19:56:06,543 INFO train precision: 1.000
2018-11-28 19:56:06,543 INFO train recall: 1.000
2018-11-28 19:56:06,543 INFO train F1: 1.000
2018-11-28 19:56:06,543 INFO train AUC: 1.000
2018-11-28 19:56:06,544 INFO Evaluating...
2018-11-28 19:56:06,782 INFO valid time: 0.238
2018-11-28 19:56:06,783 INFO valid loss: 0.001
2018-11-28 19:56:06,783 INFO valid accuracy: 1.000
2018-11-28 19:56:06,783 INFO valid precision: 1.000
2018-11-28 19:56:06,783 INFO valid recall: 1.000
2018-11-28 19:56:06,783 INFO valid F1: 1.000
2018-11-28 19:56:06,783 INFO valid AUC: 1.000
2018-11-28 19:56:06,881 INFO Epoch 28:
2018-11-28 19:56:06,882 INFO Training...
2018-11-28 19:56:07,238 INFO train time: 0.356
2018-11-28 19:56:07,238 INFO train loss: 0.000
2018-11-28 19:56:07,238 INFO train accuracy: 1.000
2018-11-28 19:56:07,238 INFO train precision: 1.000
2018-11-28 19:56:07,239 INFO train recall: 1.000
2018-11-28 19:56:07,239 INFO train F1: 1.000
2018-11-28 19:56:07,239 INFO train AUC: 1.000
2018-11-28 19:56:07,239 INFO Evaluating...
2018-11-28 19:56:07,457 INFO valid time: 0.217
2018-11-28 19:56:07,457 INFO valid loss: 0.001
2018-11-28 19:56:07,457 INFO valid accuracy: 1.000
2018-11-28 19:56:07,457 INFO valid precision: 1.000
2018-11-28 19:56:07,457 INFO valid recall: 1.000
2018-11-28 19:56:07,457 INFO valid F1: 1.000
2018-11-28 19:56:07,458 INFO valid AUC: 1.000
2018-11-28 19:56:07,550 INFO Epoch 29:
2018-11-28 19:56:07,553 INFO Training...
2018-11-28 19:56:07,884 INFO train time: 0.330
2018-11-28 19:56:07,884 INFO train loss: 0.000
2018-11-28 19:56:07,884 INFO train accuracy: 1.000
2018-11-28 19:56:07,885 INFO train precision: 1.000
2018-11-28 19:56:07,885 INFO train recall: 1.000
2018-11-28 19:56:07,885 INFO train F1: 1.000
2018-11-28 19:56:07,885 INFO train AUC: 1.000
2018-11-28 19:56:07,886 INFO Evaluating...
2018-11-28 19:56:08,108 INFO valid time: 0.222
2018-11-28 19:56:08,108 INFO valid loss: 0.001
2018-11-28 19:56:08,109 INFO valid accuracy: 1.000
2018-11-28 19:56:08,109 INFO valid precision: 1.000
2018-11-28 19:56:08,109 INFO valid recall: 1.000
2018-11-28 19:56:08,109 INFO valid F1: 1.000
2018-11-28 19:56:08,109 INFO valid AUC: 1.000
2018-11-28 19:56:08,196 INFO Epoch 30:
2018-11-28 19:56:08,201 INFO Training...
2018-11-28 19:56:08,531 INFO train time: 0.330
2018-11-28 19:56:08,532 INFO train loss: 0.000
2018-11-28 19:56:08,532 INFO train accuracy: 1.000
2018-11-28 19:56:08,532 INFO train precision: 1.000
2018-11-28 19:56:08,532 INFO train recall: 1.000
2018-11-28 19:56:08,532 INFO train F1: 1.000
2018-11-28 19:56:08,532 INFO train AUC: 1.000
2018-11-28 19:56:08,533 INFO Evaluating...
2018-11-28 19:56:08,765 INFO valid time: 0.232
2018-11-28 19:56:08,766 INFO valid loss: 0.001
2018-11-28 19:56:08,766 INFO valid accuracy: 1.000
2018-11-28 19:56:08,766 INFO valid precision: 1.000
2018-11-28 19:56:08,766 INFO valid recall: 1.000
2018-11-28 19:56:08,766 INFO valid F1: 1.000
2018-11-28 19:56:08,767 INFO valid AUC: 1.000
2018-11-28 19:56:08,866 INFO Epoch 31:
2018-11-28 19:56:08,873 INFO Training...
2018-11-28 19:56:09,204 INFO train time: 0.331
2018-11-28 19:56:09,205 INFO train loss: 0.000
2018-11-28 19:56:09,205 INFO train accuracy: 1.000
2018-11-28 19:56:09,205 INFO train precision: 1.000
2018-11-28 19:56:09,205 INFO train recall: 1.000
2018-11-28 19:56:09,206 INFO train F1: 1.000
2018-11-28 19:56:09,206 INFO train AUC: 1.000
2018-11-28 19:56:09,207 INFO Evaluating...
2018-11-28 19:56:09,441 INFO valid time: 0.234
2018-11-28 19:56:09,441 INFO valid loss: 0.001
2018-11-28 19:56:09,441 INFO valid accuracy: 1.000
2018-11-28 19:56:09,442 INFO valid precision: 1.000
2018-11-28 19:56:09,442 INFO valid recall: 1.000
2018-11-28 19:56:09,442 INFO valid F1: 1.000
2018-11-28 19:56:09,442 INFO valid AUC: 1.000
2018-11-28 19:56:09,533 INFO Epoch 32:
2018-11-28 19:56:09,534 INFO Training...
2018-11-28 19:56:09,861 INFO train time: 0.327
2018-11-28 19:56:09,861 INFO train loss: 0.000
2018-11-28 19:56:09,862 INFO train accuracy: 1.000
2018-11-28 19:56:09,862 INFO train precision: 1.000
2018-11-28 19:56:09,862 INFO train recall: 1.000
2018-11-28 19:56:09,862 INFO train F1: 1.000
2018-11-28 19:56:09,862 INFO train AUC: 1.000
2018-11-28 19:56:09,863 INFO Evaluating...
2018-11-28 19:56:10,100 INFO valid time: 0.237
2018-11-28 19:56:10,101 INFO valid loss: 0.001
2018-11-28 19:56:10,101 INFO valid accuracy: 1.000
2018-11-28 19:56:10,101 INFO valid precision: 1.000
2018-11-28 19:56:10,101 INFO valid recall: 1.000
2018-11-28 19:56:10,102 INFO valid F1: 1.000
2018-11-28 19:56:10,102 INFO valid AUC: 1.000
2018-11-28 19:56:10,196 INFO Epoch 33:
2018-11-28 19:56:10,201 INFO Training...
2018-11-28 19:56:10,535 INFO train time: 0.334
2018-11-28 19:56:10,535 INFO train loss: 0.000
2018-11-28 19:56:10,536 INFO train accuracy: 1.000
2018-11-28 19:56:10,536 INFO train precision: 1.000
2018-11-28 19:56:10,536 INFO train recall: 1.000
2018-11-28 19:56:10,536 INFO train F1: 1.000
2018-11-28 19:56:10,536 INFO train AUC: 1.000
2018-11-28 19:56:10,537 INFO Evaluating...
2018-11-28 19:56:10,761 INFO valid time: 0.224
2018-11-28 19:56:10,761 INFO valid loss: 0.000
2018-11-28 19:56:10,761 INFO valid accuracy: 1.000
2018-11-28 19:56:10,761 INFO valid precision: 1.000
2018-11-28 19:56:10,762 INFO valid recall: 1.000
2018-11-28 19:56:10,762 INFO valid F1: 1.000
2018-11-28 19:56:10,762 INFO valid AUC: 1.000
2018-11-28 19:56:10,856 INFO Epoch 34:
2018-11-28 19:56:10,857 INFO Training...
2018-11-28 19:56:11,197 INFO train time: 0.339
2018-11-28 19:56:11,197 INFO train loss: 0.000
2018-11-28 19:56:11,198 INFO train accuracy: 1.000
2018-11-28 19:56:11,198 INFO train precision: 1.000
2018-11-28 19:56:11,198 INFO train recall: 1.000
2018-11-28 19:56:11,198 INFO train F1: 1.000
2018-11-28 19:56:11,198 INFO train AUC: 1.000
2018-11-28 19:56:11,199 INFO Evaluating...
2018-11-28 19:56:11,416 INFO valid time: 0.217
2018-11-28 19:56:11,417 INFO valid loss: 0.000
2018-11-28 19:56:11,417 INFO valid accuracy: 1.000
2018-11-28 19:56:11,417 INFO valid precision: 1.000
2018-11-28 19:56:11,417 INFO valid recall: 1.000
2018-11-28 19:56:11,417 INFO valid F1: 1.000
2018-11-28 19:56:11,418 INFO valid AUC: 1.000
2018-11-28 19:56:11,518 INFO Epoch 35:
2018-11-28 19:56:11,520 INFO Training...
2018-11-28 19:56:11,846 INFO train time: 0.326
2018-11-28 19:56:11,846 INFO train loss: 0.000
2018-11-28 19:56:11,846 INFO train accuracy: 1.000
2018-11-28 19:56:11,846 INFO train precision: 1.000
2018-11-28 19:56:11,847 INFO train recall: 1.000
2018-11-28 19:56:11,847 INFO train F1: 1.000
2018-11-28 19:56:11,847 INFO train AUC: 1.000
2018-11-28 19:56:11,847 INFO Evaluating...
2018-11-28 19:56:12,068 INFO valid time: 0.220
2018-11-28 19:56:12,068 INFO valid loss: 0.000
2018-11-28 19:56:12,068 INFO valid accuracy: 1.000
2018-11-28 19:56:12,069 INFO valid precision: 1.000
2018-11-28 19:56:12,069 INFO valid recall: 1.000
2018-11-28 19:56:12,069 INFO valid F1: 1.000
2018-11-28 19:56:12,069 INFO valid AUC: 1.000
2018-11-28 19:56:12,159 INFO Epoch 36:
2018-11-28 19:56:12,163 INFO Training...
2018-11-28 19:56:12,490 INFO train time: 0.327
2018-11-28 19:56:12,490 INFO train loss: 0.000
2018-11-28 19:56:12,490 INFO train accuracy: 1.000
2018-11-28 19:56:12,490 INFO train precision: 1.000
2018-11-28 19:56:12,490 INFO train recall: 1.000
2018-11-28 19:56:12,491 INFO train F1: 1.000
2018-11-28 19:56:12,491 INFO train AUC: 1.000
2018-11-28 19:56:12,491 INFO Evaluating...
2018-11-28 19:56:12,751 INFO valid time: 0.260
2018-11-28 19:56:12,752 INFO valid loss: 0.000
2018-11-28 19:56:12,752 INFO valid accuracy: 1.000
2018-11-28 19:56:12,752 INFO valid precision: 1.000
2018-11-28 19:56:12,752 INFO valid recall: 1.000
2018-11-28 19:56:12,752 INFO valid F1: 1.000
2018-11-28 19:56:12,752 INFO valid AUC: 1.000
2018-11-28 19:56:12,865 INFO Epoch 37:
2018-11-28 19:56:12,866 INFO Training...
2018-11-28 19:56:13,185 INFO train time: 0.318
2018-11-28 19:56:13,185 INFO train loss: 0.000
2018-11-28 19:56:13,185 INFO train accuracy: 1.000
2018-11-28 19:56:13,185 INFO train precision: 1.000
2018-11-28 19:56:13,185 INFO train recall: 1.000
2018-11-28 19:56:13,185 INFO train F1: 1.000
2018-11-28 19:56:13,185 INFO train AUC: 1.000
2018-11-28 19:56:13,186 INFO Evaluating...
2018-11-28 19:56:13,405 INFO valid time: 0.218
2018-11-28 19:56:13,405 INFO valid loss: 0.000
2018-11-28 19:56:13,405 INFO valid accuracy: 1.000
2018-11-28 19:56:13,406 INFO valid precision: 1.000
2018-11-28 19:56:13,406 INFO valid recall: 1.000
2018-11-28 19:56:13,406 INFO valid F1: 1.000
2018-11-28 19:56:13,406 INFO valid AUC: 1.000
2018-11-28 19:56:13,496 INFO Epoch 38:
2018-11-28 19:56:13,500 INFO Training...
2018-11-28 19:56:13,849 INFO train time: 0.349
2018-11-28 19:56:13,850 INFO train loss: 0.000
2018-11-28 19:56:13,850 INFO train accuracy: 1.000
2018-11-28 19:56:13,850 INFO train precision: 1.000
2018-11-28 19:56:13,850 INFO train recall: 1.000
2018-11-28 19:56:13,850 INFO train F1: 1.000
2018-11-28 19:56:13,850 INFO train AUC: 1.000
2018-11-28 19:56:13,851 INFO Evaluating...
2018-11-28 19:56:14,081 INFO valid time: 0.230
2018-11-28 19:56:14,081 INFO valid loss: 0.000
2018-11-28 19:56:14,081 INFO valid accuracy: 1.000
2018-11-28 19:56:14,082 INFO valid precision: 1.000
2018-11-28 19:56:14,082 INFO valid recall: 1.000
2018-11-28 19:56:14,082 INFO valid F1: 1.000
2018-11-28 19:56:14,083 INFO valid AUC: 1.000
2018-11-28 19:56:14,190 INFO Epoch 39:
2018-11-28 19:56:14,194 INFO Training...
2018-11-28 19:56:14,536 INFO train time: 0.342
2018-11-28 19:56:14,537 INFO train loss: 0.000
2018-11-28 19:56:14,537 INFO train accuracy: 1.000
2018-11-28 19:56:14,537 INFO train precision: 1.000
2018-11-28 19:56:14,537 INFO train recall: 1.000
2018-11-28 19:56:14,537 INFO train F1: 1.000
2018-11-28 19:56:14,537 INFO train AUC: 1.000
2018-11-28 19:56:14,538 INFO Evaluating...
2018-11-28 19:56:14,771 INFO valid time: 0.232
2018-11-28 19:56:14,771 INFO valid loss: 0.000
2018-11-28 19:56:14,772 INFO valid accuracy: 1.000
2018-11-28 19:56:14,772 INFO valid precision: 1.000
2018-11-28 19:56:14,772 INFO valid recall: 1.000
2018-11-28 19:56:14,772 INFO valid F1: 1.000
2018-11-28 19:56:14,772 INFO valid AUC: 1.000
2018-11-28 19:56:14,871 INFO Epoch 40:
2018-11-28 19:56:14,872 INFO Training...
2018-11-28 19:56:15,186 INFO train time: 0.313
2018-11-28 19:56:15,186 INFO train loss: 0.000
2018-11-28 19:56:15,187 INFO train accuracy: 1.000
2018-11-28 19:56:15,187 INFO train precision: 1.000
2018-11-28 19:56:15,187 INFO train recall: 1.000
2018-11-28 19:56:15,187 INFO train F1: 1.000
2018-11-28 19:56:15,188 INFO train AUC: 1.000
2018-11-28 19:56:15,188 INFO Evaluating...
2018-11-28 19:56:15,413 INFO valid time: 0.224
2018-11-28 19:56:15,414 INFO valid loss: 0.000
2018-11-28 19:56:15,414 INFO valid accuracy: 1.000
2018-11-28 19:56:15,414 INFO valid precision: 1.000
2018-11-28 19:56:15,414 INFO valid recall: 1.000
2018-11-28 19:56:15,414 INFO valid F1: 1.000
2018-11-28 19:56:15,415 INFO valid AUC: 1.000
2018-11-28 19:56:15,531 INFO Epoch 41:
2018-11-28 19:56:15,533 INFO Training...
2018-11-28 19:56:15,857 INFO train time: 0.324
2018-11-28 19:56:15,858 INFO train loss: 0.000
2018-11-28 19:56:15,858 INFO train accuracy: 1.000
2018-11-28 19:56:15,858 INFO train precision: 1.000
2018-11-28 19:56:15,858 INFO train recall: 1.000
2018-11-28 19:56:15,858 INFO train F1: 1.000
2018-11-28 19:56:15,859 INFO train AUC: 1.000
2018-11-28 19:56:15,860 INFO Evaluating...
2018-11-28 19:56:16,089 INFO valid time: 0.229
2018-11-28 19:56:16,089 INFO valid loss: 0.000
2018-11-28 19:56:16,089 INFO valid accuracy: 1.000
2018-11-28 19:56:16,089 INFO valid precision: 1.000
2018-11-28 19:56:16,090 INFO valid recall: 1.000
2018-11-28 19:56:16,090 INFO valid F1: 1.000
2018-11-28 19:56:16,090 INFO valid AUC: 1.000
2018-11-28 19:56:16,189 INFO Epoch 42:
2018-11-28 19:56:16,190 INFO Training...
2018-11-28 19:56:16,512 INFO train time: 0.321
2018-11-28 19:56:16,512 INFO train loss: 0.000
2018-11-28 19:56:16,512 INFO train accuracy: 1.000
2018-11-28 19:56:16,512 INFO train precision: 1.000
2018-11-28 19:56:16,512 INFO train recall: 1.000
2018-11-28 19:56:16,512 INFO train F1: 1.000
2018-11-28 19:56:16,512 INFO train AUC: 1.000
2018-11-28 19:56:16,513 INFO Evaluating...
2018-11-28 19:56:16,757 INFO valid time: 0.244
2018-11-28 19:56:16,758 INFO valid loss: 0.000
2018-11-28 19:56:16,758 INFO valid accuracy: 1.000
2018-11-28 19:56:16,758 INFO valid precision: 1.000
2018-11-28 19:56:16,759 INFO valid recall: 1.000
2018-11-28 19:56:16,759 INFO valid F1: 1.000
2018-11-28 19:56:16,759 INFO valid AUC: 1.000
2018-11-28 19:56:16,864 INFO Epoch 43:
2018-11-28 19:56:16,865 INFO Training...
2018-11-28 19:56:17,170 INFO train time: 0.304
2018-11-28 19:56:17,170 INFO train loss: 0.000
2018-11-28 19:56:17,170 INFO train accuracy: 1.000
2018-11-28 19:56:17,170 INFO train precision: 1.000
2018-11-28 19:56:17,170 INFO train recall: 1.000
2018-11-28 19:56:17,171 INFO train F1: 1.000
2018-11-28 19:56:17,171 INFO train AUC: 1.000
2018-11-28 19:56:17,171 INFO Evaluating...
2018-11-28 19:56:17,403 INFO valid time: 0.231
2018-11-28 19:56:17,403 INFO valid loss: 0.000
2018-11-28 19:56:17,403 INFO valid accuracy: 1.000
2018-11-28 19:56:17,404 INFO valid precision: 1.000
2018-11-28 19:56:17,404 INFO valid recall: 1.000
2018-11-28 19:56:17,404 INFO valid F1: 1.000
2018-11-28 19:56:17,404 INFO valid AUC: 1.000
2018-11-28 19:56:17,495 INFO Epoch 44:
2018-11-28 19:56:17,497 INFO Training...
2018-11-28 19:56:17,841 INFO train time: 0.344
2018-11-28 19:56:17,842 INFO train loss: 0.000
2018-11-28 19:56:17,842 INFO train accuracy: 1.000
2018-11-28 19:56:17,843 INFO train precision: 1.000
2018-11-28 19:56:17,843 INFO train recall: 1.000
2018-11-28 19:56:17,843 INFO train F1: 1.000
2018-11-28 19:56:17,844 INFO train AUC: 1.000
2018-11-28 19:56:17,845 INFO Evaluating...
2018-11-28 19:56:18,078 INFO valid time: 0.233
2018-11-28 19:56:18,078 INFO valid loss: 0.000
2018-11-28 19:56:18,078 INFO valid accuracy: 1.000
2018-11-28 19:56:18,078 INFO valid precision: 1.000
2018-11-28 19:56:18,078 INFO valid recall: 1.000
2018-11-28 19:56:18,079 INFO valid F1: 1.000
2018-11-28 19:56:18,079 INFO valid AUC: 1.000
2018-11-28 19:56:18,180 INFO Epoch 45:
2018-11-28 19:56:18,181 INFO Training...
2018-11-28 19:56:18,491 INFO train time: 0.310
2018-11-28 19:56:18,491 INFO train loss: 0.000
2018-11-28 19:56:18,492 INFO train accuracy: 1.000
2018-11-28 19:56:18,492 INFO train precision: 1.000
2018-11-28 19:56:18,492 INFO train recall: 1.000
2018-11-28 19:56:18,492 INFO train F1: 1.000
2018-11-28 19:56:18,492 INFO train AUC: 1.000
2018-11-28 19:56:18,492 INFO Evaluating...
2018-11-28 19:56:18,727 INFO valid time: 0.234
2018-11-28 19:56:18,727 INFO valid loss: 0.000
2018-11-28 19:56:18,728 INFO valid accuracy: 1.000
2018-11-28 19:56:18,728 INFO valid precision: 1.000
2018-11-28 19:56:18,728 INFO valid recall: 1.000
2018-11-28 19:56:18,728 INFO valid F1: 1.000
2018-11-28 19:56:18,728 INFO valid AUC: 1.000
2018-11-28 19:56:18,822 INFO Epoch 46:
2018-11-28 19:56:18,823 INFO Training...
2018-11-28 19:56:19,164 INFO train time: 0.340
2018-11-28 19:56:19,164 INFO train loss: 0.000
2018-11-28 19:56:19,164 INFO train accuracy: 1.000
2018-11-28 19:56:19,165 INFO train precision: 1.000
2018-11-28 19:56:19,165 INFO train recall: 1.000
2018-11-28 19:56:19,165 INFO train F1: 1.000
2018-11-28 19:56:19,165 INFO train AUC: 1.000
2018-11-28 19:56:19,166 INFO Evaluating...
2018-11-28 19:56:19,400 INFO valid time: 0.233
2018-11-28 19:56:19,400 INFO valid loss: 0.000
2018-11-28 19:56:19,400 INFO valid accuracy: 1.000
2018-11-28 19:56:19,400 INFO valid precision: 1.000
2018-11-28 19:56:19,400 INFO valid recall: 1.000
2018-11-28 19:56:19,400 INFO valid F1: 1.000
2018-11-28 19:56:19,400 INFO valid AUC: 1.000
2018-11-28 19:56:19,505 INFO Epoch 47:
2018-11-28 19:56:19,506 INFO Training...
2018-11-28 19:56:19,824 INFO train time: 0.317
2018-11-28 19:56:19,824 INFO train loss: 0.000
2018-11-28 19:56:19,824 INFO train accuracy: 1.000
2018-11-28 19:56:19,824 INFO train precision: 1.000
2018-11-28 19:56:19,824 INFO train recall: 1.000
2018-11-28 19:56:19,824 INFO train F1: 1.000
2018-11-28 19:56:19,825 INFO train AUC: 1.000
2018-11-28 19:56:19,825 INFO Evaluating...
2018-11-28 19:56:20,047 INFO valid time: 0.222
2018-11-28 19:56:20,048 INFO valid loss: 0.000
2018-11-28 19:56:20,048 INFO valid accuracy: 1.000
2018-11-28 19:56:20,048 INFO valid precision: 1.000
2018-11-28 19:56:20,048 INFO valid recall: 1.000
2018-11-28 19:56:20,048 INFO valid F1: 1.000
2018-11-28 19:56:20,048 INFO valid AUC: 1.000
2018-11-28 19:56:20,141 INFO Epoch 48:
2018-11-28 19:56:20,142 INFO Training...
2018-11-28 19:56:20,483 INFO train time: 0.341
2018-11-28 19:56:20,484 INFO train loss: 0.000
2018-11-28 19:56:20,484 INFO train accuracy: 1.000
2018-11-28 19:56:20,484 INFO train precision: 1.000
2018-11-28 19:56:20,484 INFO train recall: 1.000
2018-11-28 19:56:20,484 INFO train F1: 1.000
2018-11-28 19:56:20,484 INFO train AUC: 1.000
2018-11-28 19:56:20,485 INFO Evaluating...
2018-11-28 19:56:20,711 INFO valid time: 0.227
2018-11-28 19:56:20,712 INFO valid loss: 0.000
2018-11-28 19:56:20,712 INFO valid accuracy: 1.000
2018-11-28 19:56:20,712 INFO valid precision: 1.000
2018-11-28 19:56:20,712 INFO valid recall: 1.000
2018-11-28 19:56:20,712 INFO valid F1: 1.000
2018-11-28 19:56:20,712 INFO valid AUC: 1.000
2018-11-28 19:56:20,820 INFO Epoch 49:
2018-11-28 19:56:20,821 INFO Training...
2018-11-28 19:56:21,120 INFO train time: 0.299
2018-11-28 19:56:21,120 INFO train loss: 0.000
2018-11-28 19:56:21,120 INFO train accuracy: 1.000
2018-11-28 19:56:21,121 INFO train precision: 1.000
2018-11-28 19:56:21,121 INFO train recall: 1.000
2018-11-28 19:56:21,121 INFO train F1: 1.000
2018-11-28 19:56:21,121 INFO train AUC: 1.000
2018-11-28 19:56:21,121 INFO Evaluating...
2018-11-28 19:56:21,349 INFO valid time: 0.227
2018-11-28 19:56:21,349 INFO valid loss: 0.000
2018-11-28 19:56:21,350 INFO valid accuracy: 1.000
2018-11-28 19:56:21,350 INFO valid precision: 1.000
2018-11-28 19:56:21,350 INFO valid recall: 1.000
2018-11-28 19:56:21,350 INFO valid F1: 1.000
2018-11-28 19:56:21,350 INFO valid AUC: 1.000
2018-11-28 19:56:21,455 INFO Epoch 50:
2018-11-28 19:56:21,458 INFO Training...
2018-11-28 19:56:21,774 INFO train time: 0.316
2018-11-28 19:56:21,775 INFO train loss: 0.000
2018-11-28 19:56:21,775 INFO train accuracy: 1.000
2018-11-28 19:56:21,775 INFO train precision: 1.000
2018-11-28 19:56:21,775 INFO train recall: 1.000
2018-11-28 19:56:21,775 INFO train F1: 1.000
2018-11-28 19:56:21,775 INFO train AUC: 1.000
2018-11-28 19:56:21,776 INFO Evaluating...
2018-11-28 19:56:21,987 INFO valid time: 0.211
2018-11-28 19:56:21,987 INFO valid loss: 0.000
2018-11-28 19:56:21,987 INFO valid accuracy: 1.000
2018-11-28 19:56:21,987 INFO valid precision: 1.000
2018-11-28 19:56:21,987 INFO valid recall: 1.000
2018-11-28 19:56:21,988 INFO valid F1: 1.000
2018-11-28 19:56:21,988 INFO valid AUC: 1.000
2018-11-28 19:56:22,107 INFO Epoch 51:
2018-11-28 19:56:22,108 INFO Training...
2018-11-28 19:56:22,430 INFO train time: 0.322
2018-11-28 19:56:22,430 INFO train loss: 0.000
2018-11-28 19:56:22,430 INFO train accuracy: 1.000
2018-11-28 19:56:22,431 INFO train precision: 1.000
2018-11-28 19:56:22,431 INFO train recall: 1.000
2018-11-28 19:56:22,431 INFO train F1: 1.000
2018-11-28 19:56:22,431 INFO train AUC: 1.000
2018-11-28 19:56:22,431 INFO Evaluating...
2018-11-28 19:56:22,649 INFO valid time: 0.217
2018-11-28 19:56:22,649 INFO valid loss: 0.000
2018-11-28 19:56:22,650 INFO valid accuracy: 1.000
2018-11-28 19:56:22,650 INFO valid precision: 1.000
2018-11-28 19:56:22,650 INFO valid recall: 1.000
2018-11-28 19:56:22,650 INFO valid F1: 1.000
2018-11-28 19:56:22,650 INFO valid AUC: 1.000
2018-11-28 19:56:22,751 INFO Epoch 52:
2018-11-28 19:56:22,752 INFO Training...
2018-11-28 19:56:23,091 INFO train time: 0.338
2018-11-28 19:56:23,091 INFO train loss: 0.000
2018-11-28 19:56:23,091 INFO train accuracy: 1.000
2018-11-28 19:56:23,091 INFO train precision: 1.000
2018-11-28 19:56:23,091 INFO train recall: 1.000
2018-11-28 19:56:23,091 INFO train F1: 1.000
2018-11-28 19:56:23,091 INFO train AUC: 1.000
2018-11-28 19:56:23,092 INFO Evaluating...
2018-11-28 19:56:23,318 INFO valid time: 0.226
2018-11-28 19:56:23,319 INFO valid loss: 0.000
2018-11-28 19:56:23,319 INFO valid accuracy: 1.000
2018-11-28 19:56:23,319 INFO valid precision: 1.000
2018-11-28 19:56:23,320 INFO valid recall: 1.000
2018-11-28 19:56:23,320 INFO valid F1: 1.000
2018-11-28 19:56:23,320 INFO valid AUC: 1.000
2018-11-28 19:56:23,431 INFO Epoch 53:
2018-11-28 19:56:23,432 INFO Training...
2018-11-28 19:56:23,770 INFO train time: 0.338
2018-11-28 19:56:23,771 INFO train loss: 0.000
2018-11-28 19:56:23,771 INFO train accuracy: 1.000
2018-11-28 19:56:23,771 INFO train precision: 1.000
2018-11-28 19:56:23,771 INFO train recall: 1.000
2018-11-28 19:56:23,771 INFO train F1: 1.000
2018-11-28 19:56:23,771 INFO train AUC: 1.000
2018-11-28 19:56:23,772 INFO Evaluating...
2018-11-28 19:56:23,999 INFO valid time: 0.227
2018-11-28 19:56:24,000 INFO valid loss: 0.000
2018-11-28 19:56:24,000 INFO valid accuracy: 1.000
2018-11-28 19:56:24,000 INFO valid precision: 1.000
2018-11-28 19:56:24,000 INFO valid recall: 1.000
2018-11-28 19:56:24,000 INFO valid F1: 1.000
2018-11-28 19:56:24,000 INFO valid AUC: 1.000
2018-11-28 19:56:24,106 INFO Epoch 54:
2018-11-28 19:56:24,108 INFO Training...
2018-11-28 19:56:24,419 INFO train time: 0.311
2018-11-28 19:56:24,419 INFO train loss: 0.000
2018-11-28 19:56:24,419 INFO train accuracy: 1.000
2018-11-28 19:56:24,419 INFO train precision: 1.000
2018-11-28 19:56:24,419 INFO train recall: 1.000
2018-11-28 19:56:24,419 INFO train F1: 1.000
2018-11-28 19:56:24,419 INFO train AUC: 1.000
2018-11-28 19:56:24,420 INFO Evaluating...
2018-11-28 19:56:24,658 INFO valid time: 0.237
2018-11-28 19:56:24,658 INFO valid loss: 0.000
2018-11-28 19:56:24,658 INFO valid accuracy: 1.000
2018-11-28 19:56:24,658 INFO valid precision: 1.000
2018-11-28 19:56:24,658 INFO valid recall: 1.000
2018-11-28 19:56:24,658 INFO valid F1: 1.000
2018-11-28 19:56:24,658 INFO valid AUC: 1.000
2018-11-28 19:56:24,766 INFO Epoch 55:
2018-11-28 19:56:24,769 INFO Training...
2018-11-28 19:56:25,102 INFO train time: 0.333
2018-11-28 19:56:25,102 INFO train loss: 0.000
2018-11-28 19:56:25,102 INFO train accuracy: 1.000
2018-11-28 19:56:25,102 INFO train precision: 1.000
2018-11-28 19:56:25,103 INFO train recall: 1.000
2018-11-28 19:56:25,103 INFO train F1: 1.000
2018-11-28 19:56:25,103 INFO train AUC: 1.000
2018-11-28 19:56:25,103 INFO Evaluating...
2018-11-28 19:56:25,324 INFO valid time: 0.221
2018-11-28 19:56:25,325 INFO valid loss: 0.000
2018-11-28 19:56:25,325 INFO valid accuracy: 1.000
2018-11-28 19:56:25,325 INFO valid precision: 1.000
2018-11-28 19:56:25,325 INFO valid recall: 1.000
2018-11-28 19:56:25,325 INFO valid F1: 1.000
2018-11-28 19:56:25,325 INFO valid AUC: 1.000
2018-11-28 19:56:25,414 INFO Epoch 56:
2018-11-28 19:56:25,416 INFO Training...
2018-11-28 19:56:25,751 INFO train time: 0.334
2018-11-28 19:56:25,751 INFO train loss: 0.000
2018-11-28 19:56:25,751 INFO train accuracy: 1.000
2018-11-28 19:56:25,751 INFO train precision: 1.000
2018-11-28 19:56:25,751 INFO train recall: 1.000
2018-11-28 19:56:25,751 INFO train F1: 1.000
2018-11-28 19:56:25,751 INFO train AUC: 1.000
2018-11-28 19:56:25,752 INFO Evaluating...
2018-11-28 19:56:26,025 INFO valid time: 0.272
2018-11-28 19:56:26,025 INFO valid loss: 0.000
2018-11-28 19:56:26,026 INFO valid accuracy: 1.000
2018-11-28 19:56:26,026 INFO valid precision: 1.000
2018-11-28 19:56:26,026 INFO valid recall: 1.000
2018-11-28 19:56:26,027 INFO valid F1: 1.000
2018-11-28 19:56:26,027 INFO valid AUC: 1.000
2018-11-28 19:56:26,122 INFO Epoch 57:
2018-11-28 19:56:26,124 INFO Training...
2018-11-28 19:56:26,449 INFO train time: 0.326
2018-11-28 19:56:26,450 INFO train loss: 0.000
2018-11-28 19:56:26,450 INFO train accuracy: 1.000
2018-11-28 19:56:26,450 INFO train precision: 1.000
2018-11-28 19:56:26,450 INFO train recall: 1.000
2018-11-28 19:56:26,450 INFO train F1: 1.000
2018-11-28 19:56:26,450 INFO train AUC: 1.000
2018-11-28 19:56:26,451 INFO Evaluating...
2018-11-28 19:56:26,691 INFO valid time: 0.240
2018-11-28 19:56:26,692 INFO valid loss: 0.000
2018-11-28 19:56:26,692 INFO valid accuracy: 1.000
2018-11-28 19:56:26,692 INFO valid precision: 1.000
2018-11-28 19:56:26,692 INFO valid recall: 1.000
2018-11-28 19:56:26,692 INFO valid F1: 1.000
2018-11-28 19:56:26,692 INFO valid AUC: 1.000
2018-11-28 19:56:26,838 INFO Epoch 58:
2018-11-28 19:56:26,839 INFO Training...
2018-11-28 19:56:27,182 INFO train time: 0.343
2018-11-28 19:56:27,182 INFO train loss: 0.000
2018-11-28 19:56:27,183 INFO train accuracy: 1.000
2018-11-28 19:56:27,183 INFO train precision: 1.000
2018-11-28 19:56:27,183 INFO train recall: 1.000
2018-11-28 19:56:27,183 INFO train F1: 1.000
2018-11-28 19:56:27,183 INFO train AUC: 1.000
2018-11-28 19:56:27,184 INFO Evaluating...
2018-11-28 19:56:27,417 INFO valid time: 0.233
2018-11-28 19:56:27,418 INFO valid loss: 0.000
2018-11-28 19:56:27,418 INFO valid accuracy: 1.000
2018-11-28 19:56:27,418 INFO valid precision: 1.000
2018-11-28 19:56:27,418 INFO valid recall: 1.000
2018-11-28 19:56:27,418 INFO valid F1: 1.000
2018-11-28 19:56:27,418 INFO valid AUC: 1.000
2018-11-28 19:56:27,617 INFO Epoch 59:
2018-11-28 19:56:27,618 INFO Training...
2018-11-28 19:56:27,953 INFO train time: 0.335
2018-11-28 19:56:27,953 INFO train loss: 0.000
2018-11-28 19:56:27,953 INFO train accuracy: 1.000
2018-11-28 19:56:27,954 INFO train precision: 1.000
2018-11-28 19:56:27,954 INFO train recall: 1.000
2018-11-28 19:56:27,954 INFO train F1: 1.000
2018-11-28 19:56:27,954 INFO train AUC: 1.000
2018-11-28 19:56:27,955 INFO Evaluating...
2018-11-28 19:56:28,181 INFO valid time: 0.226
2018-11-28 19:56:28,181 INFO valid loss: 0.000
2018-11-28 19:56:28,181 INFO valid accuracy: 1.000
2018-11-28 19:56:28,181 INFO valid precision: 1.000
2018-11-28 19:56:28,181 INFO valid recall: 1.000
2018-11-28 19:56:28,182 INFO valid F1: 1.000
2018-11-28 19:56:28,182 INFO valid AUC: 1.000
2018-11-28 19:56:28,281 INFO Epoch 60:
2018-11-28 19:56:28,283 INFO Training...
2018-11-28 19:56:28,585 INFO train time: 0.302
2018-11-28 19:56:28,585 INFO train loss: 0.000
2018-11-28 19:56:28,585 INFO train accuracy: 1.000
2018-11-28 19:56:28,586 INFO train precision: 1.000
2018-11-28 19:56:28,586 INFO train recall: 1.000
2018-11-28 19:56:28,586 INFO train F1: 1.000
2018-11-28 19:56:28,586 INFO train AUC: 1.000
2018-11-28 19:56:28,587 INFO Evaluating...
2018-11-28 19:56:28,812 INFO valid time: 0.226
2018-11-28 19:56:28,813 INFO valid loss: 0.000
2018-11-28 19:56:28,813 INFO valid accuracy: 1.000
2018-11-28 19:56:28,813 INFO valid precision: 1.000
2018-11-28 19:56:28,813 INFO valid recall: 1.000
2018-11-28 19:56:28,814 INFO valid F1: 1.000
2018-11-28 19:56:28,814 INFO valid AUC: 1.000
2018-11-28 19:56:28,922 INFO Epoch 61:
2018-11-28 19:56:28,927 INFO Training...
2018-11-28 19:56:29,294 INFO train time: 0.367
2018-11-28 19:56:29,294 INFO train loss: 0.000
2018-11-28 19:56:29,295 INFO train accuracy: 1.000
2018-11-28 19:56:29,295 INFO train precision: 1.000
2018-11-28 19:56:29,295 INFO train recall: 1.000
2018-11-28 19:56:29,295 INFO train F1: 1.000
2018-11-28 19:56:29,296 INFO train AUC: 1.000
2018-11-28 19:56:29,296 INFO Evaluating...
2018-11-28 19:56:29,537 INFO valid time: 0.240
2018-11-28 19:56:29,537 INFO valid loss: 0.000
2018-11-28 19:56:29,537 INFO valid accuracy: 1.000
2018-11-28 19:56:29,537 INFO valid precision: 1.000
2018-11-28 19:56:29,537 INFO valid recall: 1.000
2018-11-28 19:56:29,537 INFO valid F1: 1.000
2018-11-28 19:56:29,537 INFO valid AUC: 1.000
2018-11-28 19:56:29,660 INFO Epoch 62:
2018-11-28 19:56:29,663 INFO Training...
2018-11-28 19:56:30,006 INFO train time: 0.343
2018-11-28 19:56:30,006 INFO train loss: 0.000
2018-11-28 19:56:30,007 INFO train accuracy: 1.000
2018-11-28 19:56:30,007 INFO train precision: 1.000
2018-11-28 19:56:30,007 INFO train recall: 1.000
2018-11-28 19:56:30,007 INFO train F1: 1.000
2018-11-28 19:56:30,007 INFO train AUC: 1.000
2018-11-28 19:56:30,008 INFO Evaluating...
2018-11-28 19:56:30,249 INFO valid time: 0.241
2018-11-28 19:56:30,250 INFO valid loss: 0.000
2018-11-28 19:56:30,250 INFO valid accuracy: 1.000
2018-11-28 19:56:30,250 INFO valid precision: 1.000
2018-11-28 19:56:30,251 INFO valid recall: 1.000
2018-11-28 19:56:30,251 INFO valid F1: 1.000
2018-11-28 19:56:30,251 INFO valid AUC: 1.000
2018-11-28 19:56:30,367 INFO Epoch 63:
2018-11-28 19:56:30,369 INFO Training...
2018-11-28 19:56:30,676 INFO train time: 0.307
2018-11-28 19:56:30,676 INFO train loss: 0.000
2018-11-28 19:56:30,676 INFO train accuracy: 1.000
2018-11-28 19:56:30,677 INFO train precision: 1.000
2018-11-28 19:56:30,677 INFO train recall: 1.000
2018-11-28 19:56:30,677 INFO train F1: 1.000
2018-11-28 19:56:30,677 INFO train AUC: 1.000
2018-11-28 19:56:30,678 INFO Evaluating...
2018-11-28 19:56:30,901 INFO valid time: 0.223
2018-11-28 19:56:30,901 INFO valid loss: 0.000
2018-11-28 19:56:30,901 INFO valid accuracy: 1.000
2018-11-28 19:56:30,902 INFO valid precision: 1.000
2018-11-28 19:56:30,902 INFO valid recall: 1.000
2018-11-28 19:56:30,902 INFO valid F1: 1.000
2018-11-28 19:56:30,902 INFO valid AUC: 1.000
2018-11-28 19:56:31,008 INFO Epoch 64:
2018-11-28 19:56:31,009 INFO Training...
2018-11-28 19:56:31,328 INFO train time: 0.319
2018-11-28 19:56:31,329 INFO train loss: 0.000
2018-11-28 19:56:31,329 INFO train accuracy: 1.000
2018-11-28 19:56:31,329 INFO train precision: 1.000
2018-11-28 19:56:31,329 INFO train recall: 1.000
2018-11-28 19:56:31,329 INFO train F1: 1.000
2018-11-28 19:56:31,329 INFO train AUC: 1.000
2018-11-28 19:56:31,330 INFO Evaluating...
2018-11-28 19:56:31,581 INFO valid time: 0.250
2018-11-28 19:56:31,581 INFO valid loss: 0.000
2018-11-28 19:56:31,581 INFO valid accuracy: 1.000
2018-11-28 19:56:31,581 INFO valid precision: 1.000
2018-11-28 19:56:31,581 INFO valid recall: 1.000
2018-11-28 19:56:31,581 INFO valid F1: 1.000
2018-11-28 19:56:31,582 INFO valid AUC: 1.000
2018-11-28 19:56:31,692 INFO Epoch 65:
2018-11-28 19:56:31,693 INFO Training...
2018-11-28 19:56:32,010 INFO train time: 0.317
2018-11-28 19:56:32,010 INFO train loss: 0.000
2018-11-28 19:56:32,011 INFO train accuracy: 1.000
2018-11-28 19:56:32,011 INFO train precision: 1.000
2018-11-28 19:56:32,011 INFO train recall: 1.000
2018-11-28 19:56:32,011 INFO train F1: 1.000
2018-11-28 19:56:32,011 INFO train AUC: 1.000
2018-11-28 19:56:32,012 INFO Evaluating...
2018-11-28 19:56:32,262 INFO valid time: 0.250
2018-11-28 19:56:32,263 INFO valid loss: 0.000
2018-11-28 19:56:32,263 INFO valid accuracy: 1.000
2018-11-28 19:56:32,263 INFO valid precision: 1.000
2018-11-28 19:56:32,263 INFO valid recall: 1.000
2018-11-28 19:56:32,263 INFO valid F1: 1.000
2018-11-28 19:56:32,263 INFO valid AUC: 1.000
2018-11-28 19:56:32,355 INFO Epoch 66:
2018-11-28 19:56:32,357 INFO Training...
2018-11-28 19:56:32,701 INFO train time: 0.344
2018-11-28 19:56:32,702 INFO train loss: 0.000
2018-11-28 19:56:32,702 INFO train accuracy: 1.000
2018-11-28 19:56:32,702 INFO train precision: 1.000
2018-11-28 19:56:32,702 INFO train recall: 1.000
2018-11-28 19:56:32,702 INFO train F1: 1.000
2018-11-28 19:56:32,702 INFO train AUC: 1.000
2018-11-28 19:56:32,703 INFO Evaluating...
2018-11-28 19:56:32,935 INFO valid time: 0.231
2018-11-28 19:56:32,935 INFO valid loss: 0.000
2018-11-28 19:56:32,935 INFO valid accuracy: 1.000
2018-11-28 19:56:32,936 INFO valid precision: 1.000
2018-11-28 19:56:32,936 INFO valid recall: 1.000
2018-11-28 19:56:32,936 INFO valid F1: 1.000
2018-11-28 19:56:32,936 INFO valid AUC: 1.000
2018-11-28 19:56:33,063 INFO Epoch 67:
2018-11-28 19:56:33,065 INFO Training...
2018-11-28 19:56:33,375 INFO train time: 0.311
2018-11-28 19:56:33,376 INFO train loss: 0.000
2018-11-28 19:56:33,376 INFO train accuracy: 1.000
2018-11-28 19:56:33,376 INFO train precision: 1.000
2018-11-28 19:56:33,377 INFO train recall: 1.000
2018-11-28 19:56:33,377 INFO train F1: 1.000
2018-11-28 19:56:33,377 INFO train AUC: 1.000
2018-11-28 19:56:33,378 INFO Evaluating...
2018-11-28 19:56:33,599 INFO valid time: 0.221
2018-11-28 19:56:33,600 INFO valid loss: 0.000
2018-11-28 19:56:33,600 INFO valid accuracy: 1.000
2018-11-28 19:56:33,601 INFO valid precision: 1.000
2018-11-28 19:56:33,601 INFO valid recall: 1.000
2018-11-28 19:56:33,601 INFO valid F1: 1.000
2018-11-28 19:56:33,601 INFO valid AUC: 1.000
2018-11-28 19:56:33,711 INFO Epoch 68:
2018-11-28 19:56:33,713 INFO Training...
2018-11-28 19:56:34,046 INFO train time: 0.333
2018-11-28 19:56:34,046 INFO train loss: 0.000
2018-11-28 19:56:34,046 INFO train accuracy: 1.000
2018-11-28 19:56:34,046 INFO train precision: 1.000
2018-11-28 19:56:34,047 INFO train recall: 1.000
2018-11-28 19:56:34,047 INFO train F1: 1.000
2018-11-28 19:56:34,047 INFO train AUC: 1.000
2018-11-28 19:56:34,047 INFO Evaluating...
2018-11-28 19:56:34,280 INFO valid time: 0.232
2018-11-28 19:56:34,280 INFO valid loss: 0.000
2018-11-28 19:56:34,281 INFO valid accuracy: 1.000
2018-11-28 19:56:34,281 INFO valid precision: 1.000
2018-11-28 19:56:34,281 INFO valid recall: 1.000
2018-11-28 19:56:34,281 INFO valid F1: 1.000
2018-11-28 19:56:34,281 INFO valid AUC: 1.000
2018-11-28 19:56:34,384 INFO Epoch 69:
2018-11-28 19:56:34,385 INFO Training...
2018-11-28 19:56:34,697 INFO train time: 0.312
2018-11-28 19:56:34,698 INFO train loss: 0.000
2018-11-28 19:56:34,698 INFO train accuracy: 1.000
2018-11-28 19:56:34,698 INFO train precision: 1.000
2018-11-28 19:56:34,698 INFO train recall: 1.000
2018-11-28 19:56:34,698 INFO train F1: 1.000
2018-11-28 19:56:34,698 INFO train AUC: 1.000
2018-11-28 19:56:34,699 INFO Evaluating...
2018-11-28 19:56:34,931 INFO valid time: 0.231
2018-11-28 19:56:34,931 INFO valid loss: 0.000
2018-11-28 19:56:34,931 INFO valid accuracy: 1.000
2018-11-28 19:56:34,932 INFO valid precision: 1.000
2018-11-28 19:56:34,932 INFO valid recall: 1.000
2018-11-28 19:56:34,932 INFO valid F1: 1.000
2018-11-28 19:56:34,932 INFO valid AUC: 1.000
2018-11-28 19:56:35,024 INFO Epoch 70:
2018-11-28 19:56:35,029 INFO Training...
2018-11-28 19:56:35,369 INFO train time: 0.340
2018-11-28 19:56:35,369 INFO train loss: 0.000
2018-11-28 19:56:35,369 INFO train accuracy: 1.000
2018-11-28 19:56:35,369 INFO train precision: 1.000
2018-11-28 19:56:35,370 INFO train recall: 1.000
2018-11-28 19:56:35,370 INFO train F1: 1.000
2018-11-28 19:56:35,370 INFO train AUC: 1.000
2018-11-28 19:56:35,371 INFO Evaluating...
2018-11-28 19:56:35,596 INFO valid time: 0.225
2018-11-28 19:56:35,596 INFO valid loss: 0.000
2018-11-28 19:56:35,596 INFO valid accuracy: 1.000
2018-11-28 19:56:35,596 INFO valid precision: 1.000
2018-11-28 19:56:35,597 INFO valid recall: 1.000
2018-11-28 19:56:35,597 INFO valid F1: 1.000
2018-11-28 19:56:35,597 INFO valid AUC: 1.000
2018-11-28 19:56:35,712 INFO Epoch 71:
2018-11-28 19:56:35,713 INFO Training...
2018-11-28 19:56:36,047 INFO train time: 0.333
2018-11-28 19:56:36,047 INFO train loss: 0.000
2018-11-28 19:56:36,047 INFO train accuracy: 1.000
2018-11-28 19:56:36,047 INFO train precision: 1.000
2018-11-28 19:56:36,047 INFO train recall: 1.000
2018-11-28 19:56:36,047 INFO train F1: 1.000
2018-11-28 19:56:36,048 INFO train AUC: 1.000
2018-11-28 19:56:36,048 INFO Evaluating...
2018-11-28 19:56:36,277 INFO valid time: 0.228
2018-11-28 19:56:36,277 INFO valid loss: 0.000
2018-11-28 19:56:36,277 INFO valid accuracy: 1.000
2018-11-28 19:56:36,278 INFO valid precision: 1.000
2018-11-28 19:56:36,278 INFO valid recall: 1.000
2018-11-28 19:56:36,278 INFO valid F1: 1.000
2018-11-28 19:56:36,278 INFO valid AUC: 1.000
2018-11-28 19:56:36,365 INFO Epoch 72:
2018-11-28 19:56:36,368 INFO Training...
2018-11-28 19:56:36,684 INFO train time: 0.315
2018-11-28 19:56:36,684 INFO train loss: 0.000
2018-11-28 19:56:36,684 INFO train accuracy: 1.000
2018-11-28 19:56:36,685 INFO train precision: 1.000
2018-11-28 19:56:36,685 INFO train recall: 1.000
2018-11-28 19:56:36,685 INFO train F1: 1.000
2018-11-28 19:56:36,685 INFO train AUC: 1.000
2018-11-28 19:56:36,686 INFO Evaluating...
2018-11-28 19:56:36,901 INFO valid time: 0.215
2018-11-28 19:56:36,901 INFO valid loss: 0.000
2018-11-28 19:56:36,901 INFO valid accuracy: 1.000
2018-11-28 19:56:36,901 INFO valid precision: 1.000
2018-11-28 19:56:36,901 INFO valid recall: 1.000
2018-11-28 19:56:36,901 INFO valid F1: 1.000
2018-11-28 19:56:36,901 INFO valid AUC: 1.000
2018-11-28 19:56:36,998 INFO Epoch 73:
2018-11-28 19:56:37,002 INFO Training...
2018-11-28 19:56:37,314 INFO train time: 0.312
2018-11-28 19:56:37,315 INFO train loss: 0.000
2018-11-28 19:56:37,315 INFO train accuracy: 1.000
2018-11-28 19:56:37,315 INFO train precision: 1.000
2018-11-28 19:56:37,315 INFO train recall: 1.000
2018-11-28 19:56:37,315 INFO train F1: 1.000
2018-11-28 19:56:37,315 INFO train AUC: 1.000
2018-11-28 19:56:37,316 INFO Evaluating...
2018-11-28 19:56:37,538 INFO valid time: 0.221
2018-11-28 19:56:37,538 INFO valid loss: 0.000
2018-11-28 19:56:37,538 INFO valid accuracy: 1.000
2018-11-28 19:56:37,538 INFO valid precision: 1.000
2018-11-28 19:56:37,538 INFO valid recall: 1.000
2018-11-28 19:56:37,539 INFO valid F1: 1.000
2018-11-28 19:56:37,539 INFO valid AUC: 1.000
2018-11-28 19:56:37,649 INFO Epoch 74:
2018-11-28 19:56:37,650 INFO Training...
2018-11-28 19:56:37,996 INFO train time: 0.345
2018-11-28 19:56:37,996 INFO train loss: 0.000
2018-11-28 19:56:37,996 INFO train accuracy: 1.000
2018-11-28 19:56:37,997 INFO train precision: 1.000
2018-11-28 19:56:37,997 INFO train recall: 1.000
2018-11-28 19:56:37,997 INFO train F1: 1.000
2018-11-28 19:56:37,998 INFO train AUC: 1.000
2018-11-28 19:56:37,999 INFO Evaluating...
2018-11-28 19:56:38,249 INFO valid time: 0.250
2018-11-28 19:56:38,249 INFO valid loss: 0.000
2018-11-28 19:56:38,250 INFO valid accuracy: 1.000
2018-11-28 19:56:38,250 INFO valid precision: 1.000
2018-11-28 19:56:38,250 INFO valid recall: 1.000
2018-11-28 19:56:38,250 INFO valid F1: 1.000
2018-11-28 19:56:38,250 INFO valid AUC: 1.000
2018-11-28 19:56:38,345 INFO Epoch 75:
2018-11-28 19:56:38,349 INFO Training...
2018-11-28 19:56:38,655 INFO train time: 0.306
2018-11-28 19:56:38,656 INFO train loss: 0.000
2018-11-28 19:56:38,656 INFO train accuracy: 1.000
2018-11-28 19:56:38,656 INFO train precision: 1.000
2018-11-28 19:56:38,656 INFO train recall: 1.000
2018-11-28 19:56:38,656 INFO train F1: 1.000
2018-11-28 19:56:38,657 INFO train AUC: 1.000
2018-11-28 19:56:38,657 INFO Evaluating...
2018-11-28 19:56:38,875 INFO valid time: 0.217
2018-11-28 19:56:38,875 INFO valid loss: 0.000
2018-11-28 19:56:38,875 INFO valid accuracy: 1.000
2018-11-28 19:56:38,875 INFO valid precision: 1.000
2018-11-28 19:56:38,875 INFO valid recall: 1.000
2018-11-28 19:56:38,876 INFO valid F1: 1.000
2018-11-28 19:56:38,876 INFO valid AUC: 1.000
2018-11-28 19:56:38,970 INFO Epoch 76:
2018-11-28 19:56:38,971 INFO Training...
2018-11-28 19:56:39,312 INFO train time: 0.341
2018-11-28 19:56:39,313 INFO train loss: 0.000
2018-11-28 19:56:39,313 INFO train accuracy: 1.000
2018-11-28 19:56:39,313 INFO train precision: 1.000
2018-11-28 19:56:39,313 INFO train recall: 1.000
2018-11-28 19:56:39,313 INFO train F1: 1.000
2018-11-28 19:56:39,313 INFO train AUC: 1.000
2018-11-28 19:56:39,314 INFO Evaluating...
2018-11-28 19:56:39,549 INFO valid time: 0.234
2018-11-28 19:56:39,549 INFO valid loss: 0.000
2018-11-28 19:56:39,549 INFO valid accuracy: 1.000
2018-11-28 19:56:39,550 INFO valid precision: 1.000
2018-11-28 19:56:39,550 INFO valid recall: 1.000
2018-11-28 19:56:39,550 INFO valid F1: 1.000
2018-11-28 19:56:39,550 INFO valid AUC: 1.000
2018-11-28 19:56:39,646 INFO Epoch 77:
2018-11-28 19:56:39,647 INFO Training...
2018-11-28 19:56:39,953 INFO train time: 0.306
2018-11-28 19:56:39,954 INFO train loss: 0.000
2018-11-28 19:56:39,954 INFO train accuracy: 1.000
2018-11-28 19:56:39,954 INFO train precision: 1.000
2018-11-28 19:56:39,954 INFO train recall: 1.000
2018-11-28 19:56:39,954 INFO train F1: 1.000
2018-11-28 19:56:39,955 INFO train AUC: 1.000
2018-11-28 19:56:39,955 INFO Evaluating...
2018-11-28 19:56:40,191 INFO valid time: 0.236
2018-11-28 19:56:40,192 INFO valid loss: 0.000
2018-11-28 19:56:40,192 INFO valid accuracy: 1.000
2018-11-28 19:56:40,192 INFO valid precision: 1.000
2018-11-28 19:56:40,192 INFO valid recall: 1.000
2018-11-28 19:56:40,192 INFO valid F1: 1.000
2018-11-28 19:56:40,192 INFO valid AUC: 1.000
2018-11-28 19:56:40,299 INFO Epoch 78:
2018-11-28 19:56:40,303 INFO Training...
2018-11-28 19:56:40,624 INFO train time: 0.321
2018-11-28 19:56:40,624 INFO train loss: 0.000
2018-11-28 19:56:40,624 INFO train accuracy: 1.000
2018-11-28 19:56:40,624 INFO train precision: 1.000
2018-11-28 19:56:40,624 INFO train recall: 1.000
2018-11-28 19:56:40,624 INFO train F1: 1.000
2018-11-28 19:56:40,625 INFO train AUC: 1.000
2018-11-28 19:56:40,625 INFO Evaluating...
2018-11-28 19:56:40,845 INFO valid time: 0.220
2018-11-28 19:56:40,846 INFO valid loss: 0.000
2018-11-28 19:56:40,846 INFO valid accuracy: 1.000
2018-11-28 19:56:40,846 INFO valid precision: 1.000
2018-11-28 19:56:40,846 INFO valid recall: 1.000
2018-11-28 19:56:40,846 INFO valid F1: 1.000
2018-11-28 19:56:40,846 INFO valid AUC: 1.000
2018-11-28 19:56:40,939 INFO Epoch 79:
2018-11-28 19:56:40,941 INFO Training...
2018-11-28 19:56:41,266 INFO train time: 0.325
2018-11-28 19:56:41,266 INFO train loss: 0.000
2018-11-28 19:56:41,266 INFO train accuracy: 1.000
2018-11-28 19:56:41,266 INFO train precision: 1.000
2018-11-28 19:56:41,267 INFO train recall: 1.000
2018-11-28 19:56:41,267 INFO train F1: 1.000
2018-11-28 19:56:41,267 INFO train AUC: 1.000
2018-11-28 19:56:41,268 INFO Evaluating...
2018-11-28 19:56:41,498 INFO valid time: 0.230
2018-11-28 19:56:41,498 INFO valid loss: 0.000
2018-11-28 19:56:41,499 INFO valid accuracy: 1.000
2018-11-28 19:56:41,499 INFO valid precision: 1.000
2018-11-28 19:56:41,499 INFO valid recall: 1.000
2018-11-28 19:56:41,500 INFO valid F1: 1.000
2018-11-28 19:56:41,500 INFO valid AUC: 1.000
2018-11-28 19:56:41,616 INFO Epoch 80:
2018-11-28 19:56:41,617 INFO Training...
2018-11-28 19:56:41,943 INFO train time: 0.326
2018-11-28 19:56:41,944 INFO train loss: 0.000
2018-11-28 19:56:41,945 INFO train accuracy: 1.000
2018-11-28 19:56:41,945 INFO train precision: 1.000
2018-11-28 19:56:41,945 INFO train recall: 1.000
2018-11-28 19:56:41,946 INFO train F1: 1.000
2018-11-28 19:56:41,946 INFO train AUC: 1.000
2018-11-28 19:56:41,947 INFO Evaluating...
2018-11-28 19:56:42,181 INFO valid time: 0.234
2018-11-28 19:56:42,181 INFO valid loss: 0.000
2018-11-28 19:56:42,182 INFO valid accuracy: 1.000
2018-11-28 19:56:42,182 INFO valid precision: 1.000
2018-11-28 19:56:42,182 INFO valid recall: 1.000
2018-11-28 19:56:42,182 INFO valid F1: 1.000
2018-11-28 19:56:42,183 INFO valid AUC: 1.000
2018-11-28 19:56:42,286 INFO Epoch 81:
2018-11-28 19:56:42,291 INFO Training...
2018-11-28 19:56:42,630 INFO train time: 0.339
2018-11-28 19:56:42,632 INFO train loss: 0.000
2018-11-28 19:56:42,632 INFO train accuracy: 1.000
2018-11-28 19:56:42,632 INFO train precision: 1.000
2018-11-28 19:56:42,633 INFO train recall: 1.000
2018-11-28 19:56:42,633 INFO train F1: 1.000
2018-11-28 19:56:42,633 INFO train AUC: 1.000
2018-11-28 19:56:42,634 INFO Evaluating...
2018-11-28 19:56:42,872 INFO valid time: 0.237
2018-11-28 19:56:42,872 INFO valid loss: 0.000
2018-11-28 19:56:42,872 INFO valid accuracy: 1.000
2018-11-28 19:56:42,872 INFO valid precision: 1.000
2018-11-28 19:56:42,872 INFO valid recall: 1.000
2018-11-28 19:56:42,872 INFO valid F1: 1.000
2018-11-28 19:56:42,872 INFO valid AUC: 1.000
2018-11-28 19:56:42,969 INFO Epoch 82:
2018-11-28 19:56:42,970 INFO Training...
2018-11-28 19:56:43,308 INFO train time: 0.337
2018-11-28 19:56:43,308 INFO train loss: 0.000
2018-11-28 19:56:43,309 INFO train accuracy: 1.000
2018-11-28 19:56:43,309 INFO train precision: 1.000
2018-11-28 19:56:43,309 INFO train recall: 1.000
2018-11-28 19:56:43,309 INFO train F1: 1.000
2018-11-28 19:56:43,309 INFO train AUC: 1.000
2018-11-28 19:56:43,310 INFO Evaluating...
2018-11-28 19:56:43,551 INFO valid time: 0.240
2018-11-28 19:56:43,551 INFO valid loss: 0.000
2018-11-28 19:56:43,551 INFO valid accuracy: 1.000
2018-11-28 19:56:43,551 INFO valid precision: 1.000
2018-11-28 19:56:43,552 INFO valid recall: 1.000
2018-11-28 19:56:43,552 INFO valid F1: 1.000
2018-11-28 19:56:43,552 INFO valid AUC: 1.000
2018-11-28 19:56:43,652 INFO Epoch 83:
2018-11-28 19:56:43,657 INFO Training...
2018-11-28 19:56:43,989 INFO train time: 0.332
2018-11-28 19:56:43,990 INFO train loss: 0.000
2018-11-28 19:56:43,990 INFO train accuracy: 1.000
2018-11-28 19:56:43,990 INFO train precision: 1.000
2018-11-28 19:56:43,990 INFO train recall: 1.000
2018-11-28 19:56:43,991 INFO train F1: 1.000
2018-11-28 19:56:43,991 INFO train AUC: 1.000
2018-11-28 19:56:43,992 INFO Evaluating...
2018-11-28 19:56:44,227 INFO valid time: 0.235
2018-11-28 19:56:44,227 INFO valid loss: 0.000
2018-11-28 19:56:44,227 INFO valid accuracy: 1.000
2018-11-28 19:56:44,227 INFO valid precision: 1.000
2018-11-28 19:56:44,227 INFO valid recall: 1.000
2018-11-28 19:56:44,228 INFO valid F1: 1.000
2018-11-28 19:56:44,228 INFO valid AUC: 1.000
2018-11-28 19:56:44,342 INFO Epoch 84:
2018-11-28 19:56:44,346 INFO Training...
2018-11-28 19:56:44,690 INFO train time: 0.344
2018-11-28 19:56:44,691 INFO train loss: 0.000
2018-11-28 19:56:44,691 INFO train accuracy: 1.000
2018-11-28 19:56:44,691 INFO train precision: 1.000
2018-11-28 19:56:44,691 INFO train recall: 1.000
2018-11-28 19:56:44,692 INFO train F1: 1.000
2018-11-28 19:56:44,692 INFO train AUC: 1.000
2018-11-28 19:56:44,693 INFO Evaluating...
2018-11-28 19:56:44,928 INFO valid time: 0.235
2018-11-28 19:56:44,928 INFO valid loss: 0.000
2018-11-28 19:56:44,928 INFO valid accuracy: 1.000
2018-11-28 19:56:44,929 INFO valid precision: 1.000
2018-11-28 19:56:44,929 INFO valid recall: 1.000
2018-11-28 19:56:44,929 INFO valid F1: 1.000
2018-11-28 19:56:44,929 INFO valid AUC: 1.000
2018-11-28 19:56:45,060 INFO Epoch 85:
2018-11-28 19:56:45,063 INFO Training...
2018-11-28 19:56:45,392 INFO train time: 0.328
2018-11-28 19:56:45,393 INFO train loss: 0.000
2018-11-28 19:56:45,393 INFO train accuracy: 1.000
2018-11-28 19:56:45,393 INFO train precision: 1.000
2018-11-28 19:56:45,393 INFO train recall: 1.000
2018-11-28 19:56:45,394 INFO train F1: 1.000
2018-11-28 19:56:45,394 INFO train AUC: 1.000
2018-11-28 19:56:45,395 INFO Evaluating...
2018-11-28 19:56:45,616 INFO valid time: 0.221
2018-11-28 19:56:45,616 INFO valid loss: 0.000
2018-11-28 19:56:45,617 INFO valid accuracy: 1.000
2018-11-28 19:56:45,617 INFO valid precision: 1.000
2018-11-28 19:56:45,617 INFO valid recall: 1.000
2018-11-28 19:56:45,617 INFO valid F1: 1.000
2018-11-28 19:56:45,617 INFO valid AUC: 1.000
2018-11-28 19:56:45,720 INFO Epoch 86:
2018-11-28 19:56:45,721 INFO Training...
2018-11-28 19:56:46,062 INFO train time: 0.340
2018-11-28 19:56:46,062 INFO train loss: 0.000
2018-11-28 19:56:46,062 INFO train accuracy: 1.000
2018-11-28 19:56:46,062 INFO train precision: 1.000
2018-11-28 19:56:46,062 INFO train recall: 1.000
2018-11-28 19:56:46,062 INFO train F1: 1.000
2018-11-28 19:56:46,063 INFO train AUC: 1.000
2018-11-28 19:56:46,063 INFO Evaluating...
2018-11-28 19:56:46,290 INFO valid time: 0.227
2018-11-28 19:56:46,291 INFO valid loss: 0.000
2018-11-28 19:56:46,291 INFO valid accuracy: 1.000
2018-11-28 19:56:46,291 INFO valid precision: 1.000
2018-11-28 19:56:46,291 INFO valid recall: 1.000
2018-11-28 19:56:46,291 INFO valid F1: 1.000
2018-11-28 19:56:46,291 INFO valid AUC: 1.000
2018-11-28 19:56:46,391 INFO Epoch 87:
2018-11-28 19:56:46,392 INFO Training...
2018-11-28 19:56:46,725 INFO train time: 0.333
2018-11-28 19:56:46,726 INFO train loss: 0.000
2018-11-28 19:56:46,726 INFO train accuracy: 1.000
2018-11-28 19:56:46,726 INFO train precision: 1.000
2018-11-28 19:56:46,726 INFO train recall: 1.000
2018-11-28 19:56:46,726 INFO train F1: 1.000
2018-11-28 19:56:46,726 INFO train AUC: 1.000
2018-11-28 19:56:46,727 INFO Evaluating...
2018-11-28 19:56:46,962 INFO valid time: 0.235
2018-11-28 19:56:46,962 INFO valid loss: 0.000
2018-11-28 19:56:46,962 INFO valid accuracy: 1.000
2018-11-28 19:56:46,962 INFO valid precision: 1.000
2018-11-28 19:56:46,962 INFO valid recall: 1.000
2018-11-28 19:56:46,962 INFO valid F1: 1.000
2018-11-28 19:56:46,963 INFO valid AUC: 1.000
2018-11-28 19:56:47,062 INFO Epoch 88:
2018-11-28 19:56:47,066 INFO Training...
2018-11-28 19:56:47,391 INFO train time: 0.325
2018-11-28 19:56:47,391 INFO train loss: 0.000
2018-11-28 19:56:47,392 INFO train accuracy: 1.000
2018-11-28 19:56:47,392 INFO train precision: 1.000
2018-11-28 19:56:47,392 INFO train recall: 1.000
2018-11-28 19:56:47,392 INFO train F1: 1.000
2018-11-28 19:56:47,392 INFO train AUC: 1.000
2018-11-28 19:56:47,393 INFO Evaluating...
2018-11-28 19:56:47,614 INFO valid time: 0.221
2018-11-28 19:56:47,614 INFO valid loss: 0.000
2018-11-28 19:56:47,614 INFO valid accuracy: 1.000
2018-11-28 19:56:47,614 INFO valid precision: 1.000
2018-11-28 19:56:47,614 INFO valid recall: 1.000
2018-11-28 19:56:47,614 INFO valid F1: 1.000
2018-11-28 19:56:47,615 INFO valid AUC: 1.000
2018-11-28 19:56:47,711 INFO Epoch 89:
2018-11-28 19:56:47,716 INFO Training...
2018-11-28 19:56:48,041 INFO train time: 0.325
2018-11-28 19:56:48,042 INFO train loss: 0.000
2018-11-28 19:56:48,042 INFO train accuracy: 1.000
2018-11-28 19:56:48,042 INFO train precision: 1.000
2018-11-28 19:56:48,042 INFO train recall: 1.000
2018-11-28 19:56:48,042 INFO train F1: 1.000
2018-11-28 19:56:48,042 INFO train AUC: 1.000
2018-11-28 19:56:48,043 INFO Evaluating...
2018-11-28 19:56:48,271 INFO valid time: 0.228
2018-11-28 19:56:48,271 INFO valid loss: 0.000
2018-11-28 19:56:48,272 INFO valid accuracy: 1.000
2018-11-28 19:56:48,272 INFO valid precision: 1.000
2018-11-28 19:56:48,272 INFO valid recall: 1.000
2018-11-28 19:56:48,273 INFO valid F1: 1.000
2018-11-28 19:56:48,273 INFO valid AUC: 1.000
2018-11-28 19:56:48,376 INFO Epoch 90:
2018-11-28 19:56:48,383 INFO Training...
2018-11-28 19:56:48,736 INFO train time: 0.352
2018-11-28 19:56:48,737 INFO train loss: 0.000
2018-11-28 19:56:48,737 INFO train accuracy: 1.000
2018-11-28 19:56:48,737 INFO train precision: 1.000
2018-11-28 19:56:48,737 INFO train recall: 1.000
2018-11-28 19:56:48,737 INFO train F1: 1.000
2018-11-28 19:56:48,737 INFO train AUC: 1.000
2018-11-28 19:56:48,738 INFO Evaluating...
2018-11-28 19:56:49,002 INFO valid time: 0.264
2018-11-28 19:56:49,002 INFO valid loss: 0.000
2018-11-28 19:56:49,003 INFO valid accuracy: 1.000
2018-11-28 19:56:49,003 INFO valid precision: 1.000
2018-11-28 19:56:49,003 INFO valid recall: 1.000
2018-11-28 19:56:49,003 INFO valid F1: 1.000
2018-11-28 19:56:49,003 INFO valid AUC: 1.000
2018-11-28 19:56:49,103 INFO Epoch 91:
2018-11-28 19:56:49,104 INFO Training...
2018-11-28 19:56:49,447 INFO train time: 0.343
2018-11-28 19:56:49,448 INFO train loss: 0.000
2018-11-28 19:56:49,448 INFO train accuracy: 1.000
2018-11-28 19:56:49,448 INFO train precision: 1.000
2018-11-28 19:56:49,448 INFO train recall: 1.000
2018-11-28 19:56:49,448 INFO train F1: 1.000
2018-11-28 19:56:49,448 INFO train AUC: 1.000
2018-11-28 19:56:49,450 INFO Evaluating...
2018-11-28 19:56:49,686 INFO valid time: 0.236
2018-11-28 19:56:49,686 INFO valid loss: 0.000
2018-11-28 19:56:49,686 INFO valid accuracy: 1.000
2018-11-28 19:56:49,686 INFO valid precision: 1.000
2018-11-28 19:56:49,686 INFO valid recall: 1.000
2018-11-28 19:56:49,687 INFO valid F1: 1.000
2018-11-28 19:56:49,687 INFO valid AUC: 1.000
2018-11-28 19:56:49,784 INFO Epoch 92:
2018-11-28 19:56:49,787 INFO Training...
2018-11-28 19:56:50,115 INFO train time: 0.327
2018-11-28 19:56:50,115 INFO train loss: 0.000
2018-11-28 19:56:50,116 INFO train accuracy: 1.000
2018-11-28 19:56:50,116 INFO train precision: 1.000
2018-11-28 19:56:50,116 INFO train recall: 1.000
2018-11-28 19:56:50,116 INFO train F1: 1.000
2018-11-28 19:56:50,116 INFO train AUC: 1.000
2018-11-28 19:56:50,117 INFO Evaluating...
2018-11-28 19:56:50,377 INFO valid time: 0.260
2018-11-28 19:56:50,378 INFO valid loss: 0.000
2018-11-28 19:56:50,378 INFO valid accuracy: 1.000
2018-11-28 19:56:50,378 INFO valid precision: 1.000
2018-11-28 19:56:50,379 INFO valid recall: 1.000
2018-11-28 19:56:50,379 INFO valid F1: 1.000
2018-11-28 19:56:50,379 INFO valid AUC: 1.000
2018-11-28 19:56:50,474 INFO Epoch 93:
2018-11-28 19:56:50,475 INFO Training...
2018-11-28 19:56:50,807 INFO train time: 0.332
2018-11-28 19:56:50,808 INFO train loss: 0.000
2018-11-28 19:56:50,808 INFO train accuracy: 1.000
2018-11-28 19:56:50,808 INFO train precision: 1.000
2018-11-28 19:56:50,808 INFO train recall: 1.000
2018-11-28 19:56:50,808 INFO train F1: 1.000
2018-11-28 19:56:50,809 INFO train AUC: 1.000
2018-11-28 19:56:50,809 INFO Evaluating...
2018-11-28 19:56:51,050 INFO valid time: 0.240
2018-11-28 19:56:51,051 INFO valid loss: 0.000
2018-11-28 19:56:51,051 INFO valid accuracy: 1.000
2018-11-28 19:56:51,051 INFO valid precision: 1.000
2018-11-28 19:56:51,051 INFO valid recall: 1.000
2018-11-28 19:56:51,051 INFO valid F1: 1.000
2018-11-28 19:56:51,052 INFO valid AUC: 1.000
2018-11-28 19:56:51,171 INFO Epoch 94:
2018-11-28 19:56:51,172 INFO Training...
2018-11-28 19:56:51,502 INFO train time: 0.329
2018-11-28 19:56:51,502 INFO train loss: 0.000
2018-11-28 19:56:51,502 INFO train accuracy: 1.000
2018-11-28 19:56:51,503 INFO train precision: 1.000
2018-11-28 19:56:51,503 INFO train recall: 1.000
2018-11-28 19:56:51,503 INFO train F1: 1.000
2018-11-28 19:56:51,503 INFO train AUC: 1.000
2018-11-28 19:56:51,504 INFO Evaluating...
2018-11-28 19:56:51,751 INFO valid time: 0.247
2018-11-28 19:56:51,752 INFO valid loss: 0.000
2018-11-28 19:56:51,752 INFO valid accuracy: 1.000
2018-11-28 19:56:51,752 INFO valid precision: 1.000
2018-11-28 19:56:51,752 INFO valid recall: 1.000
2018-11-28 19:56:51,752 INFO valid F1: 1.000
2018-11-28 19:56:51,753 INFO valid AUC: 1.000
2018-11-28 19:56:51,857 INFO Epoch 95:
2018-11-28 19:56:51,859 INFO Training...
2018-11-28 19:56:52,199 INFO train time: 0.340
2018-11-28 19:56:52,199 INFO train loss: 0.000
2018-11-28 19:56:52,199 INFO train accuracy: 1.000
2018-11-28 19:56:52,199 INFO train precision: 1.000
2018-11-28 19:56:52,199 INFO train recall: 1.000
2018-11-28 19:56:52,199 INFO train F1: 1.000
2018-11-28 19:56:52,200 INFO train AUC: 1.000
2018-11-28 19:56:52,200 INFO Evaluating...
2018-11-28 19:56:52,443 INFO valid time: 0.243
2018-11-28 19:56:52,444 INFO valid loss: 0.000
2018-11-28 19:56:52,444 INFO valid accuracy: 1.000
2018-11-28 19:56:52,444 INFO valid precision: 1.000
2018-11-28 19:56:52,444 INFO valid recall: 1.000
2018-11-28 19:56:52,445 INFO valid F1: 1.000
2018-11-28 19:56:52,445 INFO valid AUC: 1.000
2018-11-28 19:56:52,545 INFO Epoch 96:
2018-11-28 19:56:52,546 INFO Training...
2018-11-28 19:56:52,873 INFO train time: 0.327
2018-11-28 19:56:52,873 INFO train loss: 0.000
2018-11-28 19:56:52,874 INFO train accuracy: 1.000
2018-11-28 19:56:52,874 INFO train precision: 1.000
2018-11-28 19:56:52,874 INFO train recall: 1.000
2018-11-28 19:56:52,874 INFO train F1: 1.000
2018-11-28 19:56:52,874 INFO train AUC: 1.000
2018-11-28 19:56:52,875 INFO Evaluating...
2018-11-28 19:56:53,119 INFO valid time: 0.244
2018-11-28 19:56:53,119 INFO valid loss: 0.000
2018-11-28 19:56:53,119 INFO valid accuracy: 1.000
2018-11-28 19:56:53,119 INFO valid precision: 1.000
2018-11-28 19:56:53,120 INFO valid recall: 1.000
2018-11-28 19:56:53,120 INFO valid F1: 1.000
2018-11-28 19:56:53,120 INFO valid AUC: 1.000
2018-11-28 19:56:53,222 INFO Epoch 97:
2018-11-28 19:56:53,224 INFO Training...
2018-11-28 19:56:53,578 INFO train time: 0.354
2018-11-28 19:56:53,578 INFO train loss: 0.000
2018-11-28 19:56:53,578 INFO train accuracy: 1.000
2018-11-28 19:56:53,578 INFO train precision: 1.000
2018-11-28 19:56:53,578 INFO train recall: 1.000
2018-11-28 19:56:53,579 INFO train F1: 1.000
2018-11-28 19:56:53,579 INFO train AUC: 1.000
2018-11-28 19:56:53,579 INFO Evaluating...
2018-11-28 19:56:53,811 INFO valid time: 0.232
2018-11-28 19:56:53,812 INFO valid loss: 0.000
2018-11-28 19:56:53,812 INFO valid accuracy: 1.000
2018-11-28 19:56:53,812 INFO valid precision: 1.000
2018-11-28 19:56:53,812 INFO valid recall: 1.000
2018-11-28 19:56:53,812 INFO valid F1: 1.000
2018-11-28 19:56:53,812 INFO valid AUC: 1.000
2018-11-28 19:56:53,907 INFO Epoch 98:
2018-11-28 19:56:53,911 INFO Training...
2018-11-28 19:56:54,271 INFO train time: 0.360
2018-11-28 19:56:54,272 INFO train loss: 0.000
2018-11-28 19:56:54,272 INFO train accuracy: 1.000
2018-11-28 19:56:54,272 INFO train precision: 1.000
2018-11-28 19:56:54,272 INFO train recall: 1.000
2018-11-28 19:56:54,273 INFO train F1: 1.000
2018-11-28 19:56:54,273 INFO train AUC: 1.000
2018-11-28 19:56:54,274 INFO Evaluating...
2018-11-28 19:56:54,525 INFO valid time: 0.251
2018-11-28 19:56:54,525 INFO valid loss: 0.000
2018-11-28 19:56:54,525 INFO valid accuracy: 1.000
2018-11-28 19:56:54,525 INFO valid precision: 1.000
2018-11-28 19:56:54,525 INFO valid recall: 1.000
2018-11-28 19:56:54,526 INFO valid F1: 1.000
2018-11-28 19:56:54,526 INFO valid AUC: 1.000
2018-11-28 19:56:54,636 INFO Epoch 99:
2018-11-28 19:56:54,637 INFO Training...
2018-11-28 19:56:54,979 INFO train time: 0.342
2018-11-28 19:56:54,980 INFO train loss: 0.000
2018-11-28 19:56:54,980 INFO train accuracy: 1.000
2018-11-28 19:56:54,980 INFO train precision: 1.000
2018-11-28 19:56:54,980 INFO train recall: 1.000
2018-11-28 19:56:54,980 INFO train F1: 1.000
2018-11-28 19:56:54,981 INFO train AUC: 1.000
2018-11-28 19:56:54,981 INFO Evaluating...
2018-11-28 19:56:55,217 INFO valid time: 0.236
2018-11-28 19:56:55,218 INFO valid loss: 0.000
2018-11-28 19:56:55,218 INFO valid accuracy: 1.000
2018-11-28 19:56:55,218 INFO valid precision: 1.000
2018-11-28 19:56:55,218 INFO valid recall: 1.000
2018-11-28 19:56:55,218 INFO valid F1: 1.000
2018-11-28 19:56:55,218 INFO valid AUC: 1.000
2018-11-28 19:56:55,327 INFO Restoring parameters from out/krashras_pairwise/model/model.ckpt
2018-11-28 19:56:55,348 INFO Evaluating...
2018-11-28 19:56:55,607 INFO test time: 0.259
2018-11-28 19:56:55,608 INFO test loss: 0.000
2018-11-28 19:56:55,608 INFO test accuracy: 1.000
2018-11-28 19:56:55,608 INFO test precision: 1.000
2018-11-28 19:56:55,608 INFO test recall: 1.000
2018-11-28 19:56:55,609 INFO test F1: 1.000
2018-11-28 19:56:55,609 INFO test AUC: 1.000
2018-11-28 19:56:55,678 INFO Saving History to out/krashras_pairwise/history.csv
2018-11-28 19:56:55,678 INFO Saving Summary to out/krashras_pairwise/summary.csv
2018-11-28 19:56:55,683 INFO All done!
