2018-11-28 20:00:35,704 INFO Initializing
2018-11-28 20:00:36,251 INFO Loaded 167 training samples
2018-11-28 20:00:36,252 INFO Loaded 24 validation samples
2018-11-28 20:00:36,252 INFO Loaded 48 test samples
2018-11-28 20:00:42,293 INFO Model: Dilated_Graph-CNN
2018-11-28 20:00:42,293 INFO Parameters: 551386
2018-11-28 20:00:43,255 INFO Epoch 0:
2018-11-28 20:00:43,284 INFO Training...
2018-11-28 20:00:45,182 INFO train time: 1.899
2018-11-28 20:00:45,183 INFO train loss: 0.971
2018-11-28 20:00:45,183 INFO train accuracy: 0.341
2018-11-28 20:00:45,183 INFO train precision: 0.250
2018-11-28 20:00:45,183 INFO train recall: 0.009
2018-11-28 20:00:45,183 INFO train F1: 0.018
2018-11-28 20:00:45,183 INFO train AUC: 0.479
2018-11-28 20:00:45,184 INFO Evaluating...
2018-11-28 20:00:45,674 INFO valid time: 0.489
2018-11-28 20:00:45,674 INFO valid loss: 0.737
2018-11-28 20:00:45,674 INFO valid accuracy: 0.375
2018-11-28 20:00:45,675 INFO valid precision: 1.000
2018-11-28 20:00:45,675 INFO valid recall: 0.118
2018-11-28 20:00:45,675 INFO valid F1: 0.211
2018-11-28 20:00:45,675 INFO valid AUC: 0.559
2018-11-28 20:00:46,063 INFO Epoch 1:
2018-11-28 20:00:46,078 INFO Training...
2018-11-28 20:00:46,651 INFO train time: 0.573
2018-11-28 20:00:46,652 INFO train loss: 0.556
2018-11-28 20:00:46,652 INFO train accuracy: 0.371
2018-11-28 20:00:46,652 INFO train precision: 1.000
2018-11-28 20:00:46,652 INFO train recall: 0.028
2018-11-28 20:00:46,652 INFO train F1: 0.054
2018-11-28 20:00:46,652 INFO train AUC: 0.514
2018-11-28 20:00:46,653 INFO Evaluating...
2018-11-28 20:00:46,916 INFO valid time: 0.263
2018-11-28 20:00:46,916 INFO valid loss: 0.466
2018-11-28 20:00:46,916 INFO valid accuracy: 0.833
2018-11-28 20:00:46,916 INFO valid precision: 0.810
2018-11-28 20:00:46,917 INFO valid recall: 1.000
2018-11-28 20:00:46,917 INFO valid F1: 0.895
2018-11-28 20:00:46,917 INFO valid AUC: 0.714
2018-11-28 20:00:47,130 INFO Epoch 2:
2018-11-28 20:00:47,146 INFO Training...
2018-11-28 20:00:47,787 INFO train time: 0.641
2018-11-28 20:00:47,787 INFO train loss: 0.496
2018-11-28 20:00:47,787 INFO train accuracy: 0.838
2018-11-28 20:00:47,787 INFO train precision: 0.805
2018-11-28 20:00:47,787 INFO train recall: 0.991
2018-11-28 20:00:47,787 INFO train F1: 0.888
2018-11-28 20:00:47,788 INFO train AUC: 0.775
2018-11-28 20:00:47,788 INFO Evaluating...
2018-11-28 20:00:48,060 INFO valid time: 0.272
2018-11-28 20:00:48,060 INFO valid loss: 0.381
2018-11-28 20:00:48,061 INFO valid accuracy: 0.833
2018-11-28 20:00:48,061 INFO valid precision: 0.810
2018-11-28 20:00:48,061 INFO valid recall: 1.000
2018-11-28 20:00:48,061 INFO valid F1: 0.895
2018-11-28 20:00:48,061 INFO valid AUC: 0.714
2018-11-28 20:00:48,270 INFO Epoch 3:
2018-11-28 20:00:48,287 INFO Training...
2018-11-28 20:00:48,888 INFO train time: 0.600
2018-11-28 20:00:48,888 INFO train loss: 0.465
2018-11-28 20:00:48,888 INFO train accuracy: 0.760
2018-11-28 20:00:48,888 INFO train precision: 0.730
2018-11-28 20:00:48,888 INFO train recall: 1.000
2018-11-28 20:00:48,888 INFO train F1: 0.844
2018-11-28 20:00:48,888 INFO train AUC: 0.661
2018-11-28 20:00:48,889 INFO Evaluating...
2018-11-28 20:00:49,137 INFO valid time: 0.248
2018-11-28 20:00:49,138 INFO valid loss: 0.402
2018-11-28 20:00:49,138 INFO valid accuracy: 0.875
2018-11-28 20:00:49,138 INFO valid precision: 0.889
2018-11-28 20:00:49,138 INFO valid recall: 0.941
2018-11-28 20:00:49,138 INFO valid F1: 0.914
2018-11-28 20:00:49,139 INFO valid AUC: 0.828
2018-11-28 20:00:49,347 INFO Epoch 4:
2018-11-28 20:00:49,363 INFO Training...
2018-11-28 20:00:49,855 INFO train time: 0.492
2018-11-28 20:00:49,856 INFO train loss: 0.392
2018-11-28 20:00:49,856 INFO train accuracy: 0.886
2018-11-28 20:00:49,856 INFO train precision: 0.868
2018-11-28 20:00:49,856 INFO train recall: 0.972
2018-11-28 20:00:49,856 INFO train F1: 0.917
2018-11-28 20:00:49,856 INFO train AUC: 0.851
2018-11-28 20:00:49,857 INFO Evaluating...
2018-11-28 20:00:50,114 INFO valid time: 0.257
2018-11-28 20:00:50,115 INFO valid loss: 0.406
2018-11-28 20:00:50,115 INFO valid accuracy: 0.917
2018-11-28 20:00:50,118 INFO valid precision: 0.941
2018-11-28 20:00:50,119 INFO valid recall: 0.941
2018-11-28 20:00:50,119 INFO valid F1: 0.941
2018-11-28 20:00:50,119 INFO valid AUC: 0.899
2018-11-28 20:00:50,352 INFO Epoch 5:
2018-11-28 20:00:50,368 INFO Training...
2018-11-28 20:00:50,870 INFO train time: 0.502
2018-11-28 20:00:50,871 INFO train loss: 0.331
2018-11-28 20:00:50,871 INFO train accuracy: 0.928
2018-11-28 20:00:50,871 INFO train precision: 0.990
2018-11-28 20:00:50,871 INFO train recall: 0.898
2018-11-28 20:00:50,871 INFO train F1: 0.942
2018-11-28 20:00:50,871 INFO train AUC: 0.941
2018-11-28 20:00:50,872 INFO Evaluating...
2018-11-28 20:00:51,138 INFO valid time: 0.265
2018-11-28 20:00:51,138 INFO valid loss: 0.336
2018-11-28 20:00:51,138 INFO valid accuracy: 0.917
2018-11-28 20:00:51,138 INFO valid precision: 0.941
2018-11-28 20:00:51,138 INFO valid recall: 0.941
2018-11-28 20:00:51,138 INFO valid F1: 0.941
2018-11-28 20:00:51,138 INFO valid AUC: 0.899
2018-11-28 20:00:51,357 INFO Epoch 6:
2018-11-28 20:00:51,372 INFO Training...
2018-11-28 20:00:51,900 INFO train time: 0.528
2018-11-28 20:00:51,900 INFO train loss: 0.294
2018-11-28 20:00:51,900 INFO train accuracy: 0.958
2018-11-28 20:00:51,901 INFO train precision: 0.972
2018-11-28 20:00:51,901 INFO train recall: 0.963
2018-11-28 20:00:51,901 INFO train F1: 0.967
2018-11-28 20:00:51,901 INFO train AUC: 0.956
2018-11-28 20:00:51,902 INFO Evaluating...
2018-11-28 20:00:52,205 INFO valid time: 0.303
2018-11-28 20:00:52,205 INFO valid loss: 0.286
2018-11-28 20:00:52,205 INFO valid accuracy: 0.917
2018-11-28 20:00:52,205 INFO valid precision: 0.895
2018-11-28 20:00:52,206 INFO valid recall: 1.000
2018-11-28 20:00:52,206 INFO valid F1: 0.944
2018-11-28 20:00:52,206 INFO valid AUC: 0.857
2018-11-28 20:00:52,432 INFO Epoch 7:
2018-11-28 20:00:52,448 INFO Training...
2018-11-28 20:00:52,923 INFO train time: 0.475
2018-11-28 20:00:52,923 INFO train loss: 0.271
2018-11-28 20:00:52,923 INFO train accuracy: 0.946
2018-11-28 20:00:52,924 INFO train precision: 0.938
2018-11-28 20:00:52,924 INFO train recall: 0.981
2018-11-28 20:00:52,924 INFO train F1: 0.959
2018-11-28 20:00:52,924 INFO train AUC: 0.931
2018-11-28 20:00:52,925 INFO Evaluating...
2018-11-28 20:00:53,181 INFO valid time: 0.256
2018-11-28 20:00:53,181 INFO valid loss: 0.277
2018-11-28 20:00:53,181 INFO valid accuracy: 0.917
2018-11-28 20:00:53,181 INFO valid precision: 0.941
2018-11-28 20:00:53,181 INFO valid recall: 0.941
2018-11-28 20:00:53,182 INFO valid F1: 0.941
2018-11-28 20:00:53,182 INFO valid AUC: 0.899
2018-11-28 20:00:53,388 INFO Epoch 8:
2018-11-28 20:00:53,402 INFO Training...
2018-11-28 20:00:53,881 INFO train time: 0.479
2018-11-28 20:00:53,881 INFO train loss: 0.242
2018-11-28 20:00:53,882 INFO train accuracy: 0.964
2018-11-28 20:00:53,882 INFO train precision: 0.972
2018-11-28 20:00:53,882 INFO train recall: 0.972
2018-11-28 20:00:53,882 INFO train F1: 0.972
2018-11-28 20:00:53,882 INFO train AUC: 0.961
2018-11-28 20:00:53,883 INFO Evaluating...
2018-11-28 20:00:54,129 INFO valid time: 0.246
2018-11-28 20:00:54,130 INFO valid loss: 0.273
2018-11-28 20:00:54,130 INFO valid accuracy: 0.917
2018-11-28 20:00:54,130 INFO valid precision: 0.941
2018-11-28 20:00:54,130 INFO valid recall: 0.941
2018-11-28 20:00:54,130 INFO valid F1: 0.941
2018-11-28 20:00:54,130 INFO valid AUC: 0.899
2018-11-28 20:00:54,348 INFO Epoch 9:
2018-11-28 20:00:54,363 INFO Training...
2018-11-28 20:00:54,837 INFO train time: 0.474
2018-11-28 20:00:54,838 INFO train loss: 0.216
2018-11-28 20:00:54,838 INFO train accuracy: 0.964
2018-11-28 20:00:54,838 INFO train precision: 1.000
2018-11-28 20:00:54,838 INFO train recall: 0.944
2018-11-28 20:00:54,839 INFO train F1: 0.971
2018-11-28 20:00:54,839 INFO train AUC: 0.972
2018-11-28 20:00:54,839 INFO Evaluating...
2018-11-28 20:00:55,103 INFO valid time: 0.263
2018-11-28 20:00:55,103 INFO valid loss: 0.251
2018-11-28 20:00:55,103 INFO valid accuracy: 0.917
2018-11-28 20:00:55,103 INFO valid precision: 0.941
2018-11-28 20:00:55,104 INFO valid recall: 0.941
2018-11-28 20:00:55,104 INFO valid F1: 0.941
2018-11-28 20:00:55,104 INFO valid AUC: 0.899
2018-11-28 20:00:55,313 INFO Epoch 10:
2018-11-28 20:00:55,327 INFO Training...
2018-11-28 20:00:55,804 INFO train time: 0.477
2018-11-28 20:00:55,805 INFO train loss: 0.195
2018-11-28 20:00:55,805 INFO train accuracy: 0.970
2018-11-28 20:00:55,805 INFO train precision: 1.000
2018-11-28 20:00:55,806 INFO train recall: 0.954
2018-11-28 20:00:55,806 INFO train F1: 0.976
2018-11-28 20:00:55,806 INFO train AUC: 0.977
2018-11-28 20:00:55,807 INFO Evaluating...
2018-11-28 20:00:56,057 INFO valid time: 0.250
2018-11-28 20:00:56,057 INFO valid loss: 0.225
2018-11-28 20:00:56,057 INFO valid accuracy: 0.917
2018-11-28 20:00:56,058 INFO valid precision: 0.941
2018-11-28 20:00:56,058 INFO valid recall: 0.941
2018-11-28 20:00:56,058 INFO valid F1: 0.941
2018-11-28 20:00:56,058 INFO valid AUC: 0.899
2018-11-28 20:00:56,271 INFO Epoch 11:
2018-11-28 20:00:56,286 INFO Training...
2018-11-28 20:00:56,748 INFO train time: 0.462
2018-11-28 20:00:56,749 INFO train loss: 0.180
2018-11-28 20:00:56,749 INFO train accuracy: 0.976
2018-11-28 20:00:56,749 INFO train precision: 0.991
2018-11-28 20:00:56,749 INFO train recall: 0.972
2018-11-28 20:00:56,750 INFO train F1: 0.981
2018-11-28 20:00:56,750 INFO train AUC: 0.978
2018-11-28 20:00:56,751 INFO Evaluating...
2018-11-28 20:00:57,022 INFO valid time: 0.271
2018-11-28 20:00:57,022 INFO valid loss: 0.211
2018-11-28 20:00:57,022 INFO valid accuracy: 0.917
2018-11-28 20:00:57,022 INFO valid precision: 0.941
2018-11-28 20:00:57,023 INFO valid recall: 0.941
2018-11-28 20:00:57,023 INFO valid F1: 0.941
2018-11-28 20:00:57,023 INFO valid AUC: 0.899
2018-11-28 20:00:57,233 INFO Epoch 12:
2018-11-28 20:00:57,247 INFO Training...
2018-11-28 20:00:57,726 INFO train time: 0.479
2018-11-28 20:00:57,726 INFO train loss: 0.167
2018-11-28 20:00:57,726 INFO train accuracy: 0.976
2018-11-28 20:00:57,727 INFO train precision: 0.991
2018-11-28 20:00:57,727 INFO train recall: 0.972
2018-11-28 20:00:57,727 INFO train F1: 0.981
2018-11-28 20:00:57,727 INFO train AUC: 0.978
2018-11-28 20:00:57,727 INFO Evaluating...
2018-11-28 20:00:57,968 INFO valid time: 0.241
2018-11-28 20:00:57,969 INFO valid loss: 0.204
2018-11-28 20:00:57,969 INFO valid accuracy: 0.958
2018-11-28 20:00:57,969 INFO valid precision: 1.000
2018-11-28 20:00:57,969 INFO valid recall: 0.941
2018-11-28 20:00:57,969 INFO valid F1: 0.970
2018-11-28 20:00:57,969 INFO valid AUC: 0.971
2018-11-28 20:00:58,190 INFO Epoch 13:
2018-11-28 20:00:58,204 INFO Training...
2018-11-28 20:00:58,634 INFO train time: 0.429
2018-11-28 20:00:58,634 INFO train loss: 0.154
2018-11-28 20:00:58,634 INFO train accuracy: 0.976
2018-11-28 20:00:58,634 INFO train precision: 1.000
2018-11-28 20:00:58,634 INFO train recall: 0.963
2018-11-28 20:00:58,634 INFO train F1: 0.981
2018-11-28 20:00:58,634 INFO train AUC: 0.981
2018-11-28 20:00:58,635 INFO Evaluating...
2018-11-28 20:00:58,886 INFO valid time: 0.250
2018-11-28 20:00:58,886 INFO valid loss: 0.195
2018-11-28 20:00:58,886 INFO valid accuracy: 0.958
2018-11-28 20:00:58,886 INFO valid precision: 1.000
2018-11-28 20:00:58,886 INFO valid recall: 0.941
2018-11-28 20:00:58,887 INFO valid F1: 0.970
2018-11-28 20:00:58,887 INFO valid AUC: 0.971
2018-11-28 20:00:59,130 INFO Epoch 14:
2018-11-28 20:00:59,145 INFO Training...
2018-11-28 20:00:59,630 INFO train time: 0.484
2018-11-28 20:00:59,630 INFO train loss: 0.143
2018-11-28 20:00:59,631 INFO train accuracy: 0.976
2018-11-28 20:00:59,631 INFO train precision: 1.000
2018-11-28 20:00:59,631 INFO train recall: 0.963
2018-11-28 20:00:59,631 INFO train F1: 0.981
2018-11-28 20:00:59,631 INFO train AUC: 0.981
2018-11-28 20:00:59,632 INFO Evaluating...
2018-11-28 20:00:59,888 INFO valid time: 0.256
2018-11-28 20:00:59,889 INFO valid loss: 0.184
2018-11-28 20:00:59,889 INFO valid accuracy: 0.958
2018-11-28 20:00:59,889 INFO valid precision: 1.000
2018-11-28 20:00:59,889 INFO valid recall: 0.941
2018-11-28 20:00:59,889 INFO valid F1: 0.970
2018-11-28 20:00:59,889 INFO valid AUC: 0.971
2018-11-28 20:01:00,096 INFO Epoch 15:
2018-11-28 20:01:00,112 INFO Training...
2018-11-28 20:01:00,576 INFO train time: 0.464
2018-11-28 20:01:00,577 INFO train loss: 0.133
2018-11-28 20:01:00,577 INFO train accuracy: 0.976
2018-11-28 20:01:00,577 INFO train precision: 1.000
2018-11-28 20:01:00,577 INFO train recall: 0.963
2018-11-28 20:01:00,577 INFO train F1: 0.981
2018-11-28 20:01:00,577 INFO train AUC: 0.981
2018-11-28 20:01:00,578 INFO Evaluating...
2018-11-28 20:01:00,840 INFO valid time: 0.260
2018-11-28 20:01:00,841 INFO valid loss: 0.173
2018-11-28 20:01:00,841 INFO valid accuracy: 0.958
2018-11-28 20:01:00,841 INFO valid precision: 1.000
2018-11-28 20:01:00,841 INFO valid recall: 0.941
2018-11-28 20:01:00,842 INFO valid F1: 0.970
2018-11-28 20:01:00,842 INFO valid AUC: 0.971
2018-11-28 20:01:01,087 INFO Epoch 16:
2018-11-28 20:01:01,104 INFO Training...
2018-11-28 20:01:01,592 INFO train time: 0.488
2018-11-28 20:01:01,593 INFO train loss: 0.125
2018-11-28 20:01:01,593 INFO train accuracy: 0.976
2018-11-28 20:01:01,593 INFO train precision: 1.000
2018-11-28 20:01:01,593 INFO train recall: 0.963
2018-11-28 20:01:01,593 INFO train F1: 0.981
2018-11-28 20:01:01,593 INFO train AUC: 0.981
2018-11-28 20:01:01,594 INFO Evaluating...
2018-11-28 20:01:01,872 INFO valid time: 0.278
2018-11-28 20:01:01,873 INFO valid loss: 0.166
2018-11-28 20:01:01,873 INFO valid accuracy: 0.958
2018-11-28 20:01:01,873 INFO valid precision: 1.000
2018-11-28 20:01:01,873 INFO valid recall: 0.941
2018-11-28 20:01:01,873 INFO valid F1: 0.970
2018-11-28 20:01:01,873 INFO valid AUC: 0.971
2018-11-28 20:01:02,105 INFO Epoch 17:
2018-11-28 20:01:02,122 INFO Training...
2018-11-28 20:01:02,602 INFO train time: 0.479
2018-11-28 20:01:02,602 INFO train loss: 0.118
2018-11-28 20:01:02,602 INFO train accuracy: 0.976
2018-11-28 20:01:02,603 INFO train precision: 1.000
2018-11-28 20:01:02,603 INFO train recall: 0.963
2018-11-28 20:01:02,603 INFO train F1: 0.981
2018-11-28 20:01:02,603 INFO train AUC: 0.981
2018-11-28 20:01:02,604 INFO Evaluating...
2018-11-28 20:01:02,873 INFO valid time: 0.269
2018-11-28 20:01:02,873 INFO valid loss: 0.160
2018-11-28 20:01:02,873 INFO valid accuracy: 0.958
2018-11-28 20:01:02,873 INFO valid precision: 1.000
2018-11-28 20:01:02,873 INFO valid recall: 0.941
2018-11-28 20:01:02,874 INFO valid F1: 0.970
2018-11-28 20:01:02,874 INFO valid AUC: 0.971
2018-11-28 20:01:03,094 INFO Epoch 18:
2018-11-28 20:01:03,110 INFO Training...
2018-11-28 20:01:03,598 INFO train time: 0.487
2018-11-28 20:01:03,598 INFO train loss: 0.111
2018-11-28 20:01:03,598 INFO train accuracy: 0.976
2018-11-28 20:01:03,599 INFO train precision: 1.000
2018-11-28 20:01:03,599 INFO train recall: 0.963
2018-11-28 20:01:03,599 INFO train F1: 0.981
2018-11-28 20:01:03,599 INFO train AUC: 0.981
2018-11-28 20:01:03,600 INFO Evaluating...
2018-11-28 20:01:03,850 INFO valid time: 0.250
2018-11-28 20:01:03,850 INFO valid loss: 0.153
2018-11-28 20:01:03,850 INFO valid accuracy: 0.958
2018-11-28 20:01:03,850 INFO valid precision: 1.000
2018-11-28 20:01:03,850 INFO valid recall: 0.941
2018-11-28 20:01:03,850 INFO valid F1: 0.970
2018-11-28 20:01:03,851 INFO valid AUC: 0.971
2018-11-28 20:01:04,071 INFO Epoch 19:
2018-11-28 20:01:04,085 INFO Training...
2018-11-28 20:01:04,559 INFO train time: 0.474
2018-11-28 20:01:04,559 INFO train loss: 0.105
2018-11-28 20:01:04,560 INFO train accuracy: 0.976
2018-11-28 20:01:04,560 INFO train precision: 1.000
2018-11-28 20:01:04,560 INFO train recall: 0.963
2018-11-28 20:01:04,560 INFO train F1: 0.981
2018-11-28 20:01:04,560 INFO train AUC: 0.981
2018-11-28 20:01:04,565 INFO Evaluating...
2018-11-28 20:01:04,811 INFO valid time: 0.246
2018-11-28 20:01:04,811 INFO valid loss: 0.146
2018-11-28 20:01:04,812 INFO valid accuracy: 0.958
2018-11-28 20:01:04,812 INFO valid precision: 1.000
2018-11-28 20:01:04,812 INFO valid recall: 0.941
2018-11-28 20:01:04,812 INFO valid F1: 0.970
2018-11-28 20:01:04,812 INFO valid AUC: 0.971
2018-11-28 20:01:05,022 INFO Epoch 20:
2018-11-28 20:01:05,039 INFO Training...
2018-11-28 20:01:05,499 INFO train time: 0.460
2018-11-28 20:01:05,499 INFO train loss: 0.100
2018-11-28 20:01:05,499 INFO train accuracy: 0.976
2018-11-28 20:01:05,500 INFO train precision: 1.000
2018-11-28 20:01:05,500 INFO train recall: 0.963
2018-11-28 20:01:05,500 INFO train F1: 0.981
2018-11-28 20:01:05,500 INFO train AUC: 0.981
2018-11-28 20:01:05,500 INFO Evaluating...
2018-11-28 20:01:05,756 INFO valid time: 0.255
2018-11-28 20:01:05,756 INFO valid loss: 0.140
2018-11-28 20:01:05,756 INFO valid accuracy: 0.958
2018-11-28 20:01:05,756 INFO valid precision: 1.000
2018-11-28 20:01:05,756 INFO valid recall: 0.941
2018-11-28 20:01:05,756 INFO valid F1: 0.970
2018-11-28 20:01:05,757 INFO valid AUC: 0.971
2018-11-28 20:01:05,981 INFO Epoch 21:
2018-11-28 20:01:05,996 INFO Training...
2018-11-28 20:01:06,459 INFO train time: 0.462
2018-11-28 20:01:06,459 INFO train loss: 0.095
2018-11-28 20:01:06,459 INFO train accuracy: 0.976
2018-11-28 20:01:06,459 INFO train precision: 1.000
2018-11-28 20:01:06,460 INFO train recall: 0.963
2018-11-28 20:01:06,460 INFO train F1: 0.981
2018-11-28 20:01:06,460 INFO train AUC: 0.981
2018-11-28 20:01:06,461 INFO Evaluating...
2018-11-28 20:01:06,731 INFO valid time: 0.270
2018-11-28 20:01:06,732 INFO valid loss: 0.135
2018-11-28 20:01:06,732 INFO valid accuracy: 0.958
2018-11-28 20:01:06,732 INFO valid precision: 1.000
2018-11-28 20:01:06,733 INFO valid recall: 0.941
2018-11-28 20:01:06,733 INFO valid F1: 0.970
2018-11-28 20:01:06,733 INFO valid AUC: 0.971
2018-11-28 20:01:06,941 INFO Epoch 22:
2018-11-28 20:01:06,958 INFO Training...
2018-11-28 20:01:07,427 INFO train time: 0.469
2018-11-28 20:01:07,427 INFO train loss: 0.091
2018-11-28 20:01:07,427 INFO train accuracy: 0.982
2018-11-28 20:01:07,427 INFO train precision: 1.000
2018-11-28 20:01:07,427 INFO train recall: 0.972
2018-11-28 20:01:07,428 INFO train F1: 0.986
2018-11-28 20:01:07,428 INFO train AUC: 0.986
2018-11-28 20:01:07,429 INFO Evaluating...
2018-11-28 20:01:07,713 INFO valid time: 0.284
2018-11-28 20:01:07,714 INFO valid loss: 0.131
2018-11-28 20:01:07,714 INFO valid accuracy: 0.958
2018-11-28 20:01:07,714 INFO valid precision: 1.000
2018-11-28 20:01:07,714 INFO valid recall: 0.941
2018-11-28 20:01:07,714 INFO valid F1: 0.970
2018-11-28 20:01:07,714 INFO valid AUC: 0.971
2018-11-28 20:01:07,933 INFO Epoch 23:
2018-11-28 20:01:07,952 INFO Training...
2018-11-28 20:01:08,402 INFO train time: 0.451
2018-11-28 20:01:08,403 INFO train loss: 0.087
2018-11-28 20:01:08,403 INFO train accuracy: 0.982
2018-11-28 20:01:08,403 INFO train precision: 1.000
2018-11-28 20:01:08,403 INFO train recall: 0.972
2018-11-28 20:01:08,404 INFO train F1: 0.986
2018-11-28 20:01:08,404 INFO train AUC: 0.986
2018-11-28 20:01:08,405 INFO Evaluating...
2018-11-28 20:01:08,669 INFO valid time: 0.264
2018-11-28 20:01:08,669 INFO valid loss: 0.126
2018-11-28 20:01:08,669 INFO valid accuracy: 0.958
2018-11-28 20:01:08,670 INFO valid precision: 1.000
2018-11-28 20:01:08,670 INFO valid recall: 0.941
2018-11-28 20:01:08,670 INFO valid F1: 0.970
2018-11-28 20:01:08,670 INFO valid AUC: 0.971
2018-11-28 20:01:08,884 INFO Epoch 24:
2018-11-28 20:01:08,900 INFO Training...
2018-11-28 20:01:09,402 INFO train time: 0.502
2018-11-28 20:01:09,403 INFO train loss: 0.083
2018-11-28 20:01:09,403 INFO train accuracy: 0.982
2018-11-28 20:01:09,403 INFO train precision: 1.000
2018-11-28 20:01:09,403 INFO train recall: 0.972
2018-11-28 20:01:09,403 INFO train F1: 0.986
2018-11-28 20:01:09,403 INFO train AUC: 0.986
2018-11-28 20:01:09,404 INFO Evaluating...
2018-11-28 20:01:09,684 INFO valid time: 0.280
2018-11-28 20:01:09,684 INFO valid loss: 0.122
2018-11-28 20:01:09,684 INFO valid accuracy: 0.958
2018-11-28 20:01:09,685 INFO valid precision: 1.000
2018-11-28 20:01:09,685 INFO valid recall: 0.941
2018-11-28 20:01:09,685 INFO valid F1: 0.970
2018-11-28 20:01:09,685 INFO valid AUC: 0.971
2018-11-28 20:01:09,901 INFO Epoch 25:
2018-11-28 20:01:09,915 INFO Training...
2018-11-28 20:01:10,391 INFO train time: 0.476
2018-11-28 20:01:10,391 INFO train loss: 0.079
2018-11-28 20:01:10,391 INFO train accuracy: 0.988
2018-11-28 20:01:10,391 INFO train precision: 1.000
2018-11-28 20:01:10,392 INFO train recall: 0.981
2018-11-28 20:01:10,392 INFO train F1: 0.991
2018-11-28 20:01:10,392 INFO train AUC: 0.991
2018-11-28 20:01:10,392 INFO Evaluating...
2018-11-28 20:01:10,677 INFO valid time: 0.284
2018-11-28 20:01:10,677 INFO valid loss: 0.118
2018-11-28 20:01:10,677 INFO valid accuracy: 0.958
2018-11-28 20:01:10,677 INFO valid precision: 1.000
2018-11-28 20:01:10,678 INFO valid recall: 0.941
2018-11-28 20:01:10,678 INFO valid F1: 0.970
2018-11-28 20:01:10,678 INFO valid AUC: 0.971
2018-11-28 20:01:10,897 INFO Epoch 26:
2018-11-28 20:01:10,912 INFO Training...
2018-11-28 20:01:11,409 INFO train time: 0.497
2018-11-28 20:01:11,410 INFO train loss: 0.076
2018-11-28 20:01:11,410 INFO train accuracy: 0.988
2018-11-28 20:01:11,410 INFO train precision: 1.000
2018-11-28 20:01:11,410 INFO train recall: 0.981
2018-11-28 20:01:11,411 INFO train F1: 0.991
2018-11-28 20:01:11,411 INFO train AUC: 0.991
2018-11-28 20:01:11,412 INFO Evaluating...
2018-11-28 20:01:11,681 INFO valid time: 0.269
2018-11-28 20:01:11,681 INFO valid loss: 0.114
2018-11-28 20:01:11,681 INFO valid accuracy: 0.958
2018-11-28 20:01:11,681 INFO valid precision: 1.000
2018-11-28 20:01:11,681 INFO valid recall: 0.941
2018-11-28 20:01:11,681 INFO valid F1: 0.970
2018-11-28 20:01:11,682 INFO valid AUC: 0.971
2018-11-28 20:01:11,916 INFO Epoch 27:
2018-11-28 20:01:11,929 INFO Training...
2018-11-28 20:01:12,403 INFO train time: 0.473
2018-11-28 20:01:12,404 INFO train loss: 0.073
2018-11-28 20:01:12,404 INFO train accuracy: 0.988
2018-11-28 20:01:12,404 INFO train precision: 1.000
2018-11-28 20:01:12,404 INFO train recall: 0.981
2018-11-28 20:01:12,404 INFO train F1: 0.991
2018-11-28 20:01:12,404 INFO train AUC: 0.991
2018-11-28 20:01:12,405 INFO Evaluating...
2018-11-28 20:01:12,682 INFO valid time: 0.277
2018-11-28 20:01:12,683 INFO valid loss: 0.111
2018-11-28 20:01:12,683 INFO valid accuracy: 0.958
2018-11-28 20:01:12,684 INFO valid precision: 1.000
2018-11-28 20:01:12,684 INFO valid recall: 0.941
2018-11-28 20:01:12,684 INFO valid F1: 0.970
2018-11-28 20:01:12,684 INFO valid AUC: 0.971
2018-11-28 20:01:12,890 INFO Epoch 28:
2018-11-28 20:01:12,906 INFO Training...
2018-11-28 20:01:13,418 INFO train time: 0.512
2018-11-28 20:01:13,419 INFO train loss: 0.070
2018-11-28 20:01:13,419 INFO train accuracy: 0.988
2018-11-28 20:01:13,419 INFO train precision: 1.000
2018-11-28 20:01:13,419 INFO train recall: 0.981
2018-11-28 20:01:13,419 INFO train F1: 0.991
2018-11-28 20:01:13,420 INFO train AUC: 0.991
2018-11-28 20:01:13,420 INFO Evaluating...
2018-11-28 20:01:13,690 INFO valid time: 0.269
2018-11-28 20:01:13,690 INFO valid loss: 0.107
2018-11-28 20:01:13,690 INFO valid accuracy: 0.958
2018-11-28 20:01:13,690 INFO valid precision: 1.000
2018-11-28 20:01:13,691 INFO valid recall: 0.941
2018-11-28 20:01:13,691 INFO valid F1: 0.970
2018-11-28 20:01:13,691 INFO valid AUC: 0.971
2018-11-28 20:01:14,027 INFO Epoch 29:
2018-11-28 20:01:14,044 INFO Training...
2018-11-28 20:01:14,569 INFO train time: 0.525
2018-11-28 20:01:14,569 INFO train loss: 0.068
2018-11-28 20:01:14,569 INFO train accuracy: 0.988
2018-11-28 20:01:14,569 INFO train precision: 1.000
2018-11-28 20:01:14,569 INFO train recall: 0.981
2018-11-28 20:01:14,569 INFO train F1: 0.991
2018-11-28 20:01:14,570 INFO train AUC: 0.991
2018-11-28 20:01:14,570 INFO Evaluating...
2018-11-28 20:01:14,828 INFO valid time: 0.257
2018-11-28 20:01:14,828 INFO valid loss: 0.104
2018-11-28 20:01:14,829 INFO valid accuracy: 0.958
2018-11-28 20:01:14,829 INFO valid precision: 1.000
2018-11-28 20:01:14,829 INFO valid recall: 0.941
2018-11-28 20:01:14,829 INFO valid F1: 0.970
2018-11-28 20:01:14,829 INFO valid AUC: 0.971
2018-11-28 20:01:15,053 INFO Epoch 30:
2018-11-28 20:01:15,066 INFO Training...
2018-11-28 20:01:15,578 INFO train time: 0.512
2018-11-28 20:01:15,579 INFO train loss: 0.065
2018-11-28 20:01:15,579 INFO train accuracy: 0.988
2018-11-28 20:01:15,579 INFO train precision: 1.000
2018-11-28 20:01:15,579 INFO train recall: 0.981
2018-11-28 20:01:15,579 INFO train F1: 0.991
2018-11-28 20:01:15,579 INFO train AUC: 0.991
2018-11-28 20:01:15,580 INFO Evaluating...
2018-11-28 20:01:15,839 INFO valid time: 0.259
2018-11-28 20:01:15,840 INFO valid loss: 0.101
2018-11-28 20:01:15,840 INFO valid accuracy: 0.958
2018-11-28 20:01:15,840 INFO valid precision: 1.000
2018-11-28 20:01:15,840 INFO valid recall: 0.941
2018-11-28 20:01:15,840 INFO valid F1: 0.970
2018-11-28 20:01:15,840 INFO valid AUC: 0.971
2018-11-28 20:01:16,055 INFO Epoch 31:
2018-11-28 20:01:16,075 INFO Training...
2018-11-28 20:01:16,571 INFO train time: 0.495
2018-11-28 20:01:16,571 INFO train loss: 0.063
2018-11-28 20:01:16,571 INFO train accuracy: 0.988
2018-11-28 20:01:16,572 INFO train precision: 1.000
2018-11-28 20:01:16,572 INFO train recall: 0.981
2018-11-28 20:01:16,572 INFO train F1: 0.991
2018-11-28 20:01:16,572 INFO train AUC: 0.991
2018-11-28 20:01:16,573 INFO Evaluating...
2018-11-28 20:01:16,846 INFO valid time: 0.273
2018-11-28 20:01:16,846 INFO valid loss: 0.098
2018-11-28 20:01:16,846 INFO valid accuracy: 0.958
2018-11-28 20:01:16,846 INFO valid precision: 1.000
2018-11-28 20:01:16,847 INFO valid recall: 0.941
2018-11-28 20:01:16,847 INFO valid F1: 0.970
2018-11-28 20:01:16,847 INFO valid AUC: 0.971
2018-11-28 20:01:17,057 INFO Epoch 32:
2018-11-28 20:01:17,072 INFO Training...
2018-11-28 20:01:17,592 INFO train time: 0.519
2018-11-28 20:01:17,592 INFO train loss: 0.061
2018-11-28 20:01:17,592 INFO train accuracy: 0.988
2018-11-28 20:01:17,592 INFO train precision: 1.000
2018-11-28 20:01:17,592 INFO train recall: 0.981
2018-11-28 20:01:17,592 INFO train F1: 0.991
2018-11-28 20:01:17,593 INFO train AUC: 0.991
2018-11-28 20:01:17,593 INFO Evaluating...
2018-11-28 20:01:17,853 INFO valid time: 0.260
2018-11-28 20:01:17,854 INFO valid loss: 0.095
2018-11-28 20:01:17,854 INFO valid accuracy: 0.958
2018-11-28 20:01:17,854 INFO valid precision: 1.000
2018-11-28 20:01:17,854 INFO valid recall: 0.941
2018-11-28 20:01:17,854 INFO valid F1: 0.970
2018-11-28 20:01:17,854 INFO valid AUC: 0.971
2018-11-28 20:01:18,068 INFO Epoch 33:
2018-11-28 20:01:18,082 INFO Training...
2018-11-28 20:01:18,571 INFO train time: 0.489
2018-11-28 20:01:18,572 INFO train loss: 0.059
2018-11-28 20:01:18,572 INFO train accuracy: 0.988
2018-11-28 20:01:18,572 INFO train precision: 1.000
2018-11-28 20:01:18,572 INFO train recall: 0.981
2018-11-28 20:01:18,572 INFO train F1: 0.991
2018-11-28 20:01:18,572 INFO train AUC: 0.991
2018-11-28 20:01:18,573 INFO Evaluating...
2018-11-28 20:01:18,850 INFO valid time: 0.276
2018-11-28 20:01:18,850 INFO valid loss: 0.093
2018-11-28 20:01:18,851 INFO valid accuracy: 0.958
2018-11-28 20:01:18,851 INFO valid precision: 1.000
2018-11-28 20:01:18,851 INFO valid recall: 0.941
2018-11-28 20:01:18,852 INFO valid F1: 0.970
2018-11-28 20:01:18,852 INFO valid AUC: 0.971
2018-11-28 20:01:19,072 INFO Epoch 34:
2018-11-28 20:01:19,089 INFO Training...
2018-11-28 20:01:19,602 INFO train time: 0.513
2018-11-28 20:01:19,602 INFO train loss: 0.057
2018-11-28 20:01:19,603 INFO train accuracy: 0.988
2018-11-28 20:01:19,603 INFO train precision: 1.000
2018-11-28 20:01:19,603 INFO train recall: 0.981
2018-11-28 20:01:19,603 INFO train F1: 0.991
2018-11-28 20:01:19,603 INFO train AUC: 0.991
2018-11-28 20:01:19,604 INFO Evaluating...
2018-11-28 20:01:19,879 INFO valid time: 0.275
2018-11-28 20:01:19,880 INFO valid loss: 0.091
2018-11-28 20:01:19,880 INFO valid accuracy: 0.958
2018-11-28 20:01:19,880 INFO valid precision: 1.000
2018-11-28 20:01:19,880 INFO valid recall: 0.941
2018-11-28 20:01:19,881 INFO valid F1: 0.970
2018-11-28 20:01:19,881 INFO valid AUC: 0.971
2018-11-28 20:01:20,100 INFO Epoch 35:
2018-11-28 20:01:20,118 INFO Training...
2018-11-28 20:01:20,583 INFO train time: 0.465
2018-11-28 20:01:20,583 INFO train loss: 0.055
2018-11-28 20:01:20,583 INFO train accuracy: 0.994
2018-11-28 20:01:20,583 INFO train precision: 1.000
2018-11-28 20:01:20,583 INFO train recall: 0.991
2018-11-28 20:01:20,584 INFO train F1: 0.995
2018-11-28 20:01:20,584 INFO train AUC: 0.995
2018-11-28 20:01:20,584 INFO Evaluating...
2018-11-28 20:01:20,853 INFO valid time: 0.269
2018-11-28 20:01:20,854 INFO valid loss: 0.088
2018-11-28 20:01:20,854 INFO valid accuracy: 0.958
2018-11-28 20:01:20,855 INFO valid precision: 1.000
2018-11-28 20:01:20,855 INFO valid recall: 0.941
2018-11-28 20:01:20,855 INFO valid F1: 0.970
2018-11-28 20:01:20,855 INFO valid AUC: 0.971
2018-11-28 20:01:21,080 INFO Epoch 36:
2018-11-28 20:01:21,093 INFO Training...
2018-11-28 20:01:21,565 INFO train time: 0.472
2018-11-28 20:01:21,566 INFO train loss: 0.053
2018-11-28 20:01:21,566 INFO train accuracy: 0.994
2018-11-28 20:01:21,566 INFO train precision: 1.000
2018-11-28 20:01:21,566 INFO train recall: 0.991
2018-11-28 20:01:21,567 INFO train F1: 0.995
2018-11-28 20:01:21,567 INFO train AUC: 0.995
2018-11-28 20:01:21,568 INFO Evaluating...
2018-11-28 20:01:21,824 INFO valid time: 0.256
2018-11-28 20:01:21,824 INFO valid loss: 0.086
2018-11-28 20:01:21,824 INFO valid accuracy: 0.958
2018-11-28 20:01:21,825 INFO valid precision: 1.000
2018-11-28 20:01:21,825 INFO valid recall: 0.941
2018-11-28 20:01:21,825 INFO valid F1: 0.970
2018-11-28 20:01:21,825 INFO valid AUC: 0.971
2018-11-28 20:01:22,057 INFO Epoch 37:
2018-11-28 20:01:22,072 INFO Training...
2018-11-28 20:01:22,537 INFO train time: 0.465
2018-11-28 20:01:22,537 INFO train loss: 0.052
2018-11-28 20:01:22,537 INFO train accuracy: 0.994
2018-11-28 20:01:22,538 INFO train precision: 1.000
2018-11-28 20:01:22,538 INFO train recall: 0.991
2018-11-28 20:01:22,538 INFO train F1: 0.995
2018-11-28 20:01:22,538 INFO train AUC: 0.995
2018-11-28 20:01:22,539 INFO Evaluating...
2018-11-28 20:01:22,816 INFO valid time: 0.276
2018-11-28 20:01:22,817 INFO valid loss: 0.084
2018-11-28 20:01:22,817 INFO valid accuracy: 0.958
2018-11-28 20:01:22,817 INFO valid precision: 1.000
2018-11-28 20:01:22,818 INFO valid recall: 0.941
2018-11-28 20:01:22,818 INFO valid F1: 0.970
2018-11-28 20:01:22,818 INFO valid AUC: 0.971
2018-11-28 20:01:23,038 INFO Epoch 38:
2018-11-28 20:01:23,053 INFO Training...
2018-11-28 20:01:23,559 INFO train time: 0.506
2018-11-28 20:01:23,560 INFO train loss: 0.050
2018-11-28 20:01:23,560 INFO train accuracy: 0.994
2018-11-28 20:01:23,560 INFO train precision: 1.000
2018-11-28 20:01:23,561 INFO train recall: 0.991
2018-11-28 20:01:23,561 INFO train F1: 0.995
2018-11-28 20:01:23,561 INFO train AUC: 0.995
2018-11-28 20:01:23,562 INFO Evaluating...
2018-11-28 20:01:23,823 INFO valid time: 0.261
2018-11-28 20:01:23,823 INFO valid loss: 0.082
2018-11-28 20:01:23,823 INFO valid accuracy: 0.958
2018-11-28 20:01:23,824 INFO valid precision: 1.000
2018-11-28 20:01:23,824 INFO valid recall: 0.941
2018-11-28 20:01:23,824 INFO valid F1: 0.970
2018-11-28 20:01:23,824 INFO valid AUC: 0.971
2018-11-28 20:01:24,041 INFO Epoch 39:
2018-11-28 20:01:24,057 INFO Training...
2018-11-28 20:01:24,553 INFO train time: 0.495
2018-11-28 20:01:24,553 INFO train loss: 0.048
2018-11-28 20:01:24,554 INFO train accuracy: 0.994
2018-11-28 20:01:24,554 INFO train precision: 1.000
2018-11-28 20:01:24,554 INFO train recall: 0.991
2018-11-28 20:01:24,554 INFO train F1: 0.995
2018-11-28 20:01:24,554 INFO train AUC: 0.995
2018-11-28 20:01:24,555 INFO Evaluating...
2018-11-28 20:01:24,846 INFO valid time: 0.290
2018-11-28 20:01:24,846 INFO valid loss: 0.079
2018-11-28 20:01:24,847 INFO valid accuracy: 0.958
2018-11-28 20:01:24,847 INFO valid precision: 1.000
2018-11-28 20:01:24,847 INFO valid recall: 0.941
2018-11-28 20:01:24,847 INFO valid F1: 0.970
2018-11-28 20:01:24,847 INFO valid AUC: 0.971
2018-11-28 20:01:25,080 INFO Epoch 40:
2018-11-28 20:01:25,095 INFO Training...
2018-11-28 20:01:25,586 INFO train time: 0.490
2018-11-28 20:01:25,586 INFO train loss: 0.047
2018-11-28 20:01:25,586 INFO train accuracy: 1.000
2018-11-28 20:01:25,586 INFO train precision: 1.000
2018-11-28 20:01:25,586 INFO train recall: 1.000
2018-11-28 20:01:25,587 INFO train F1: 1.000
2018-11-28 20:01:25,587 INFO train AUC: 1.000
2018-11-28 20:01:25,587 INFO Evaluating...
2018-11-28 20:01:25,878 INFO valid time: 0.290
2018-11-28 20:01:25,878 INFO valid loss: 0.076
2018-11-28 20:01:25,878 INFO valid accuracy: 0.958
2018-11-28 20:01:25,879 INFO valid precision: 1.000
2018-11-28 20:01:25,879 INFO valid recall: 0.941
2018-11-28 20:01:25,879 INFO valid F1: 0.970
2018-11-28 20:01:25,879 INFO valid AUC: 0.971
2018-11-28 20:01:26,094 INFO Epoch 41:
2018-11-28 20:01:26,110 INFO Training...
2018-11-28 20:01:26,571 INFO train time: 0.460
2018-11-28 20:01:26,571 INFO train loss: 0.046
2018-11-28 20:01:26,571 INFO train accuracy: 1.000
2018-11-28 20:01:26,571 INFO train precision: 1.000
2018-11-28 20:01:26,572 INFO train recall: 1.000
2018-11-28 20:01:26,572 INFO train F1: 1.000
2018-11-28 20:01:26,572 INFO train AUC: 1.000
2018-11-28 20:01:26,573 INFO Evaluating...
2018-11-28 20:01:26,843 INFO valid time: 0.271
2018-11-28 20:01:26,844 INFO valid loss: 0.074
2018-11-28 20:01:26,844 INFO valid accuracy: 0.958
2018-11-28 20:01:26,845 INFO valid precision: 1.000
2018-11-28 20:01:26,845 INFO valid recall: 0.941
2018-11-28 20:01:26,845 INFO valid F1: 0.970
2018-11-28 20:01:26,845 INFO valid AUC: 0.971
2018-11-28 20:01:27,072 INFO Epoch 42:
2018-11-28 20:01:27,089 INFO Training...
2018-11-28 20:01:27,589 INFO train time: 0.499
2018-11-28 20:01:27,590 INFO train loss: 0.044
2018-11-28 20:01:27,590 INFO train accuracy: 1.000
2018-11-28 20:01:27,590 INFO train precision: 1.000
2018-11-28 20:01:27,591 INFO train recall: 1.000
2018-11-28 20:01:27,591 INFO train F1: 1.000
2018-11-28 20:01:27,591 INFO train AUC: 1.000
2018-11-28 20:01:27,592 INFO Evaluating...
2018-11-28 20:01:27,857 INFO valid time: 0.265
2018-11-28 20:01:27,858 INFO valid loss: 0.073
2018-11-28 20:01:27,858 INFO valid accuracy: 0.958
2018-11-28 20:01:27,859 INFO valid precision: 1.000
2018-11-28 20:01:27,859 INFO valid recall: 0.941
2018-11-28 20:01:27,859 INFO valid F1: 0.970
2018-11-28 20:01:27,859 INFO valid AUC: 0.971
2018-11-28 20:01:28,071 INFO Epoch 43:
2018-11-28 20:01:28,088 INFO Training...
2018-11-28 20:01:28,555 INFO train time: 0.467
2018-11-28 20:01:28,556 INFO train loss: 0.043
2018-11-28 20:01:28,556 INFO train accuracy: 1.000
2018-11-28 20:01:28,556 INFO train precision: 1.000
2018-11-28 20:01:28,556 INFO train recall: 1.000
2018-11-28 20:01:28,556 INFO train F1: 1.000
2018-11-28 20:01:28,556 INFO train AUC: 1.000
2018-11-28 20:01:28,557 INFO Evaluating...
2018-11-28 20:01:28,829 INFO valid time: 0.272
2018-11-28 20:01:28,829 INFO valid loss: 0.071
2018-11-28 20:01:28,830 INFO valid accuracy: 0.958
2018-11-28 20:01:28,830 INFO valid precision: 1.000
2018-11-28 20:01:28,830 INFO valid recall: 0.941
2018-11-28 20:01:28,830 INFO valid F1: 0.970
2018-11-28 20:01:28,830 INFO valid AUC: 0.971
2018-11-28 20:01:29,065 INFO Epoch 44:
2018-11-28 20:01:29,084 INFO Training...
2018-11-28 20:01:29,558 INFO train time: 0.474
2018-11-28 20:01:29,558 INFO train loss: 0.042
2018-11-28 20:01:29,558 INFO train accuracy: 1.000
2018-11-28 20:01:29,559 INFO train precision: 1.000
2018-11-28 20:01:29,559 INFO train recall: 1.000
2018-11-28 20:01:29,559 INFO train F1: 1.000
2018-11-28 20:01:29,559 INFO train AUC: 1.000
2018-11-28 20:01:29,560 INFO Evaluating...
2018-11-28 20:01:29,823 INFO valid time: 0.263
2018-11-28 20:01:29,824 INFO valid loss: 0.070
2018-11-28 20:01:29,824 INFO valid accuracy: 0.958
2018-11-28 20:01:29,824 INFO valid precision: 1.000
2018-11-28 20:01:29,824 INFO valid recall: 0.941
2018-11-28 20:01:29,824 INFO valid F1: 0.970
2018-11-28 20:01:29,824 INFO valid AUC: 0.971
2018-11-28 20:01:30,025 INFO Epoch 45:
2018-11-28 20:01:30,041 INFO Training...
2018-11-28 20:01:30,568 INFO train time: 0.526
2018-11-28 20:01:30,568 INFO train loss: 0.040
2018-11-28 20:01:30,568 INFO train accuracy: 1.000
2018-11-28 20:01:30,569 INFO train precision: 1.000
2018-11-28 20:01:30,569 INFO train recall: 1.000
2018-11-28 20:01:30,569 INFO train F1: 1.000
2018-11-28 20:01:30,569 INFO train AUC: 1.000
2018-11-28 20:01:30,570 INFO Evaluating...
2018-11-28 20:01:30,828 INFO valid time: 0.258
2018-11-28 20:01:30,828 INFO valid loss: 0.068
2018-11-28 20:01:30,829 INFO valid accuracy: 0.958
2018-11-28 20:01:30,829 INFO valid precision: 1.000
2018-11-28 20:01:30,829 INFO valid recall: 0.941
2018-11-28 20:01:30,829 INFO valid F1: 0.970
2018-11-28 20:01:30,829 INFO valid AUC: 0.971
2018-11-28 20:01:31,056 INFO Epoch 46:
2018-11-28 20:01:31,073 INFO Training...
2018-11-28 20:01:31,553 INFO train time: 0.480
2018-11-28 20:01:31,553 INFO train loss: 0.039
2018-11-28 20:01:31,553 INFO train accuracy: 1.000
2018-11-28 20:01:31,553 INFO train precision: 1.000
2018-11-28 20:01:31,553 INFO train recall: 1.000
2018-11-28 20:01:31,554 INFO train F1: 1.000
2018-11-28 20:01:31,554 INFO train AUC: 1.000
2018-11-28 20:01:31,554 INFO Evaluating...
2018-11-28 20:01:31,819 INFO valid time: 0.264
2018-11-28 20:01:31,819 INFO valid loss: 0.066
2018-11-28 20:01:31,819 INFO valid accuracy: 0.958
2018-11-28 20:01:31,819 INFO valid precision: 1.000
2018-11-28 20:01:31,820 INFO valid recall: 0.941
2018-11-28 20:01:31,820 INFO valid F1: 0.970
2018-11-28 20:01:31,820 INFO valid AUC: 0.971
2018-11-28 20:01:32,092 INFO Epoch 47:
2018-11-28 20:01:32,111 INFO Training...
2018-11-28 20:01:32,604 INFO train time: 0.493
2018-11-28 20:01:32,604 INFO train loss: 0.038
2018-11-28 20:01:32,605 INFO train accuracy: 1.000
2018-11-28 20:01:32,605 INFO train precision: 1.000
2018-11-28 20:01:32,605 INFO train recall: 1.000
2018-11-28 20:01:32,605 INFO train F1: 1.000
2018-11-28 20:01:32,605 INFO train AUC: 1.000
2018-11-28 20:01:32,606 INFO Evaluating...
2018-11-28 20:01:32,931 INFO valid time: 0.325
2018-11-28 20:01:32,931 INFO valid loss: 0.065
2018-11-28 20:01:32,931 INFO valid accuracy: 0.958
2018-11-28 20:01:32,931 INFO valid precision: 1.000
2018-11-28 20:01:32,931 INFO valid recall: 0.941
2018-11-28 20:01:32,932 INFO valid F1: 0.970
2018-11-28 20:01:32,932 INFO valid AUC: 0.971
2018-11-28 20:01:33,174 INFO Epoch 48:
2018-11-28 20:01:33,190 INFO Training...
2018-11-28 20:01:33,672 INFO train time: 0.482
2018-11-28 20:01:33,682 INFO train loss: 0.037
2018-11-28 20:01:33,683 INFO train accuracy: 1.000
2018-11-28 20:01:33,683 INFO train precision: 1.000
2018-11-28 20:01:33,683 INFO train recall: 1.000
2018-11-28 20:01:33,683 INFO train F1: 1.000
2018-11-28 20:01:33,683 INFO train AUC: 1.000
2018-11-28 20:01:33,685 INFO Evaluating...
2018-11-28 20:01:33,958 INFO valid time: 0.273
2018-11-28 20:01:33,958 INFO valid loss: 0.063
2018-11-28 20:01:33,958 INFO valid accuracy: 0.958
2018-11-28 20:01:33,959 INFO valid precision: 1.000
2018-11-28 20:01:33,959 INFO valid recall: 0.941
2018-11-28 20:01:33,959 INFO valid F1: 0.970
2018-11-28 20:01:33,959 INFO valid AUC: 0.971
2018-11-28 20:01:34,187 INFO Epoch 49:
2018-11-28 20:01:34,203 INFO Training...
2018-11-28 20:01:34,694 INFO train time: 0.491
2018-11-28 20:01:34,695 INFO train loss: 0.036
2018-11-28 20:01:34,695 INFO train accuracy: 1.000
2018-11-28 20:01:34,695 INFO train precision: 1.000
2018-11-28 20:01:34,695 INFO train recall: 1.000
2018-11-28 20:01:34,695 INFO train F1: 1.000
2018-11-28 20:01:34,695 INFO train AUC: 1.000
2018-11-28 20:01:34,696 INFO Evaluating...
2018-11-28 20:01:34,977 INFO valid time: 0.280
2018-11-28 20:01:34,977 INFO valid loss: 0.062
2018-11-28 20:01:34,977 INFO valid accuracy: 0.958
2018-11-28 20:01:34,977 INFO valid precision: 1.000
2018-11-28 20:01:34,978 INFO valid recall: 0.941
2018-11-28 20:01:34,978 INFO valid F1: 0.970
2018-11-28 20:01:34,978 INFO valid AUC: 0.971
2018-11-28 20:01:35,202 INFO Epoch 50:
2018-11-28 20:01:35,218 INFO Training...
2018-11-28 20:01:35,693 INFO train time: 0.476
2018-11-28 20:01:35,701 INFO train loss: 0.035
2018-11-28 20:01:35,702 INFO train accuracy: 1.000
2018-11-28 20:01:35,702 INFO train precision: 1.000
2018-11-28 20:01:35,702 INFO train recall: 1.000
2018-11-28 20:01:35,702 INFO train F1: 1.000
2018-11-28 20:01:35,702 INFO train AUC: 1.000
2018-11-28 20:01:35,703 INFO Evaluating...
2018-11-28 20:01:35,974 INFO valid time: 0.271
2018-11-28 20:01:35,975 INFO valid loss: 0.061
2018-11-28 20:01:35,975 INFO valid accuracy: 1.000
2018-11-28 20:01:35,975 INFO valid precision: 1.000
2018-11-28 20:01:35,975 INFO valid recall: 1.000
2018-11-28 20:01:35,975 INFO valid F1: 1.000
2018-11-28 20:01:35,975 INFO valid AUC: 1.000
2018-11-28 20:01:36,197 INFO Epoch 51:
2018-11-28 20:01:36,216 INFO Training...
2018-11-28 20:01:36,701 INFO train time: 0.485
2018-11-28 20:01:36,701 INFO train loss: 0.034
2018-11-28 20:01:36,701 INFO train accuracy: 1.000
2018-11-28 20:01:36,702 INFO train precision: 1.000
2018-11-28 20:01:36,702 INFO train recall: 1.000
2018-11-28 20:01:36,702 INFO train F1: 1.000
2018-11-28 20:01:36,702 INFO train AUC: 1.000
2018-11-28 20:01:36,703 INFO Evaluating...
2018-11-28 20:01:36,975 INFO valid time: 0.272
2018-11-28 20:01:36,975 INFO valid loss: 0.059
2018-11-28 20:01:36,975 INFO valid accuracy: 1.000
2018-11-28 20:01:36,975 INFO valid precision: 1.000
2018-11-28 20:01:36,975 INFO valid recall: 1.000
2018-11-28 20:01:36,975 INFO valid F1: 1.000
2018-11-28 20:01:36,975 INFO valid AUC: 1.000
2018-11-28 20:01:37,219 INFO Epoch 52:
2018-11-28 20:01:37,237 INFO Training...
2018-11-28 20:01:37,737 INFO train time: 0.500
2018-11-28 20:01:37,738 INFO train loss: 0.033
2018-11-28 20:01:37,738 INFO train accuracy: 1.000
2018-11-28 20:01:37,738 INFO train precision: 1.000
2018-11-28 20:01:37,738 INFO train recall: 1.000
2018-11-28 20:01:37,738 INFO train F1: 1.000
2018-11-28 20:01:37,738 INFO train AUC: 1.000
2018-11-28 20:01:37,739 INFO Evaluating...
2018-11-28 20:01:38,008 INFO valid time: 0.269
2018-11-28 20:01:38,009 INFO valid loss: 0.058
2018-11-28 20:01:38,009 INFO valid accuracy: 1.000
2018-11-28 20:01:38,009 INFO valid precision: 1.000
2018-11-28 20:01:38,009 INFO valid recall: 1.000
2018-11-28 20:01:38,009 INFO valid F1: 1.000
2018-11-28 20:01:38,010 INFO valid AUC: 1.000
2018-11-28 20:01:38,232 INFO Epoch 53:
2018-11-28 20:01:38,248 INFO Training...
2018-11-28 20:01:38,765 INFO train time: 0.517
2018-11-28 20:01:38,765 INFO train loss: 0.032
2018-11-28 20:01:38,765 INFO train accuracy: 1.000
2018-11-28 20:01:38,765 INFO train precision: 1.000
2018-11-28 20:01:38,765 INFO train recall: 1.000
2018-11-28 20:01:38,766 INFO train F1: 1.000
2018-11-28 20:01:38,766 INFO train AUC: 1.000
2018-11-28 20:01:38,766 INFO Evaluating...
2018-11-28 20:01:39,024 INFO valid time: 0.258
2018-11-28 20:01:39,025 INFO valid loss: 0.057
2018-11-28 20:01:39,025 INFO valid accuracy: 1.000
2018-11-28 20:01:39,025 INFO valid precision: 1.000
2018-11-28 20:01:39,025 INFO valid recall: 1.000
2018-11-28 20:01:39,025 INFO valid F1: 1.000
2018-11-28 20:01:39,025 INFO valid AUC: 1.000
2018-11-28 20:01:39,244 INFO Epoch 54:
2018-11-28 20:01:39,258 INFO Training...
2018-11-28 20:01:39,732 INFO train time: 0.474
2018-11-28 20:01:39,732 INFO train loss: 0.032
2018-11-28 20:01:39,732 INFO train accuracy: 1.000
2018-11-28 20:01:39,732 INFO train precision: 1.000
2018-11-28 20:01:39,732 INFO train recall: 1.000
2018-11-28 20:01:39,732 INFO train F1: 1.000
2018-11-28 20:01:39,732 INFO train AUC: 1.000
2018-11-28 20:01:39,733 INFO Evaluating...
2018-11-28 20:01:40,002 INFO valid time: 0.268
2018-11-28 20:01:40,002 INFO valid loss: 0.056
2018-11-28 20:01:40,002 INFO valid accuracy: 1.000
2018-11-28 20:01:40,003 INFO valid precision: 1.000
2018-11-28 20:01:40,003 INFO valid recall: 1.000
2018-11-28 20:01:40,003 INFO valid F1: 1.000
2018-11-28 20:01:40,003 INFO valid AUC: 1.000
2018-11-28 20:01:40,231 INFO Epoch 55:
2018-11-28 20:01:40,248 INFO Training...
2018-11-28 20:01:40,764 INFO train time: 0.516
2018-11-28 20:01:40,765 INFO train loss: 0.031
2018-11-28 20:01:40,765 INFO train accuracy: 1.000
2018-11-28 20:01:40,765 INFO train precision: 1.000
2018-11-28 20:01:40,765 INFO train recall: 1.000
2018-11-28 20:01:40,765 INFO train F1: 1.000
2018-11-28 20:01:40,765 INFO train AUC: 1.000
2018-11-28 20:01:40,766 INFO Evaluating...
2018-11-28 20:01:41,064 INFO valid time: 0.298
2018-11-28 20:01:41,064 INFO valid loss: 0.055
2018-11-28 20:01:41,064 INFO valid accuracy: 1.000
2018-11-28 20:01:41,064 INFO valid precision: 1.000
2018-11-28 20:01:41,065 INFO valid recall: 1.000
2018-11-28 20:01:41,065 INFO valid F1: 1.000
2018-11-28 20:01:41,065 INFO valid AUC: 1.000
2018-11-28 20:01:41,301 INFO Epoch 56:
2018-11-28 20:01:41,318 INFO Training...
2018-11-28 20:01:41,806 INFO train time: 0.488
2018-11-28 20:01:41,807 INFO train loss: 0.030
2018-11-28 20:01:41,807 INFO train accuracy: 1.000
2018-11-28 20:01:41,807 INFO train precision: 1.000
2018-11-28 20:01:41,807 INFO train recall: 1.000
2018-11-28 20:01:41,807 INFO train F1: 1.000
2018-11-28 20:01:41,808 INFO train AUC: 1.000
2018-11-28 20:01:41,808 INFO Evaluating...
2018-11-28 20:01:42,079 INFO valid time: 0.270
2018-11-28 20:01:42,079 INFO valid loss: 0.054
2018-11-28 20:01:42,079 INFO valid accuracy: 1.000
2018-11-28 20:01:42,079 INFO valid precision: 1.000
2018-11-28 20:01:42,079 INFO valid recall: 1.000
2018-11-28 20:01:42,079 INFO valid F1: 1.000
2018-11-28 20:01:42,079 INFO valid AUC: 1.000
2018-11-28 20:01:42,289 INFO Epoch 57:
2018-11-28 20:01:42,305 INFO Training...
2018-11-28 20:01:42,805 INFO train time: 0.500
2018-11-28 20:01:42,805 INFO train loss: 0.029
2018-11-28 20:01:42,805 INFO train accuracy: 1.000
2018-11-28 20:01:42,805 INFO train precision: 1.000
2018-11-28 20:01:42,806 INFO train recall: 1.000
2018-11-28 20:01:42,806 INFO train F1: 1.000
2018-11-28 20:01:42,806 INFO train AUC: 1.000
2018-11-28 20:01:42,806 INFO Evaluating...
2018-11-28 20:01:43,079 INFO valid time: 0.272
2018-11-28 20:01:43,079 INFO valid loss: 0.053
2018-11-28 20:01:43,080 INFO valid accuracy: 1.000
2018-11-28 20:01:43,080 INFO valid precision: 1.000
2018-11-28 20:01:43,080 INFO valid recall: 1.000
2018-11-28 20:01:43,080 INFO valid F1: 1.000
2018-11-28 20:01:43,080 INFO valid AUC: 1.000
2018-11-28 20:01:43,304 INFO Epoch 58:
2018-11-28 20:01:43,321 INFO Training...
2018-11-28 20:01:43,775 INFO train time: 0.453
2018-11-28 20:01:43,775 INFO train loss: 0.029
2018-11-28 20:01:43,775 INFO train accuracy: 1.000
2018-11-28 20:01:43,775 INFO train precision: 1.000
2018-11-28 20:01:43,775 INFO train recall: 1.000
2018-11-28 20:01:43,775 INFO train F1: 1.000
2018-11-28 20:01:43,776 INFO train AUC: 1.000
2018-11-28 20:01:43,776 INFO Evaluating...
2018-11-28 20:01:44,036 INFO valid time: 0.260
2018-11-28 20:01:44,037 INFO valid loss: 0.052
2018-11-28 20:01:44,037 INFO valid accuracy: 1.000
2018-11-28 20:01:44,037 INFO valid precision: 1.000
2018-11-28 20:01:44,037 INFO valid recall: 1.000
2018-11-28 20:01:44,037 INFO valid F1: 1.000
2018-11-28 20:01:44,037 INFO valid AUC: 1.000
2018-11-28 20:01:44,270 INFO Epoch 59:
2018-11-28 20:01:44,286 INFO Training...
2018-11-28 20:01:44,754 INFO train time: 0.468
2018-11-28 20:01:44,755 INFO train loss: 0.028
2018-11-28 20:01:44,755 INFO train accuracy: 1.000
2018-11-28 20:01:44,755 INFO train precision: 1.000
2018-11-28 20:01:44,755 INFO train recall: 1.000
2018-11-28 20:01:44,755 INFO train F1: 1.000
2018-11-28 20:01:44,755 INFO train AUC: 1.000
2018-11-28 20:01:44,756 INFO Evaluating...
2018-11-28 20:01:45,019 INFO valid time: 0.263
2018-11-28 20:01:45,019 INFO valid loss: 0.051
2018-11-28 20:01:45,020 INFO valid accuracy: 1.000
2018-11-28 20:01:45,020 INFO valid precision: 1.000
2018-11-28 20:01:45,020 INFO valid recall: 1.000
2018-11-28 20:01:45,020 INFO valid F1: 1.000
2018-11-28 20:01:45,020 INFO valid AUC: 1.000
2018-11-28 20:01:45,355 INFO Epoch 60:
2018-11-28 20:01:45,370 INFO Training...
2018-11-28 20:01:45,858 INFO train time: 0.487
2018-11-28 20:01:45,858 INFO train loss: 0.027
2018-11-28 20:01:45,858 INFO train accuracy: 1.000
2018-11-28 20:01:45,858 INFO train precision: 1.000
2018-11-28 20:01:45,858 INFO train recall: 1.000
2018-11-28 20:01:45,859 INFO train F1: 1.000
2018-11-28 20:01:45,859 INFO train AUC: 1.000
2018-11-28 20:01:45,859 INFO Evaluating...
2018-11-28 20:01:46,122 INFO valid time: 0.263
2018-11-28 20:01:46,123 INFO valid loss: 0.050
2018-11-28 20:01:46,123 INFO valid accuracy: 1.000
2018-11-28 20:01:46,123 INFO valid precision: 1.000
2018-11-28 20:01:46,123 INFO valid recall: 1.000
2018-11-28 20:01:46,123 INFO valid F1: 1.000
2018-11-28 20:01:46,123 INFO valid AUC: 1.000
2018-11-28 20:01:46,334 INFO Epoch 61:
2018-11-28 20:01:46,349 INFO Training...
2018-11-28 20:01:46,821 INFO train time: 0.472
2018-11-28 20:01:46,822 INFO train loss: 0.027
2018-11-28 20:01:46,822 INFO train accuracy: 1.000
2018-11-28 20:01:46,822 INFO train precision: 1.000
2018-11-28 20:01:46,822 INFO train recall: 1.000
2018-11-28 20:01:46,822 INFO train F1: 1.000
2018-11-28 20:01:46,822 INFO train AUC: 1.000
2018-11-28 20:01:46,823 INFO Evaluating...
2018-11-28 20:01:47,120 INFO valid time: 0.296
2018-11-28 20:01:47,120 INFO valid loss: 0.049
2018-11-28 20:01:47,120 INFO valid accuracy: 1.000
2018-11-28 20:01:47,120 INFO valid precision: 1.000
2018-11-28 20:01:47,120 INFO valid recall: 1.000
2018-11-28 20:01:47,120 INFO valid F1: 1.000
2018-11-28 20:01:47,120 INFO valid AUC: 1.000
2018-11-28 20:01:47,358 INFO Epoch 62:
2018-11-28 20:01:47,374 INFO Training...
2018-11-28 20:01:47,840 INFO train time: 0.465
2018-11-28 20:01:47,840 INFO train loss: 0.026
2018-11-28 20:01:47,840 INFO train accuracy: 1.000
2018-11-28 20:01:47,841 INFO train precision: 1.000
2018-11-28 20:01:47,841 INFO train recall: 1.000
2018-11-28 20:01:47,841 INFO train F1: 1.000
2018-11-28 20:01:47,841 INFO train AUC: 1.000
2018-11-28 20:01:47,842 INFO Evaluating...
2018-11-28 20:01:48,128 INFO valid time: 0.286
2018-11-28 20:01:48,129 INFO valid loss: 0.049
2018-11-28 20:01:48,129 INFO valid accuracy: 1.000
2018-11-28 20:01:48,129 INFO valid precision: 1.000
2018-11-28 20:01:48,129 INFO valid recall: 1.000
2018-11-28 20:01:48,129 INFO valid F1: 1.000
2018-11-28 20:01:48,129 INFO valid AUC: 1.000
2018-11-28 20:01:48,376 INFO Epoch 63:
2018-11-28 20:01:48,390 INFO Training...
2018-11-28 20:01:48,907 INFO train time: 0.517
2018-11-28 20:01:48,907 INFO train loss: 0.026
2018-11-28 20:01:48,908 INFO train accuracy: 1.000
2018-11-28 20:01:48,908 INFO train precision: 1.000
2018-11-28 20:01:48,908 INFO train recall: 1.000
2018-11-28 20:01:48,908 INFO train F1: 1.000
2018-11-28 20:01:48,908 INFO train AUC: 1.000
2018-11-28 20:01:48,909 INFO Evaluating...
2018-11-28 20:01:49,204 INFO valid time: 0.295
2018-11-28 20:01:49,204 INFO valid loss: 0.048
2018-11-28 20:01:49,204 INFO valid accuracy: 1.000
2018-11-28 20:01:49,205 INFO valid precision: 1.000
2018-11-28 20:01:49,205 INFO valid recall: 1.000
2018-11-28 20:01:49,205 INFO valid F1: 1.000
2018-11-28 20:01:49,205 INFO valid AUC: 1.000
2018-11-28 20:01:49,427 INFO Epoch 64:
2018-11-28 20:01:49,442 INFO Training...
2018-11-28 20:01:49,922 INFO train time: 0.480
2018-11-28 20:01:49,922 INFO train loss: 0.025
2018-11-28 20:01:49,922 INFO train accuracy: 1.000
2018-11-28 20:01:49,923 INFO train precision: 1.000
2018-11-28 20:01:49,923 INFO train recall: 1.000
2018-11-28 20:01:49,923 INFO train F1: 1.000
2018-11-28 20:01:49,923 INFO train AUC: 1.000
2018-11-28 20:01:49,924 INFO Evaluating...
2018-11-28 20:01:50,185 INFO valid time: 0.261
2018-11-28 20:01:50,185 INFO valid loss: 0.047
2018-11-28 20:01:50,186 INFO valid accuracy: 1.000
2018-11-28 20:01:50,186 INFO valid precision: 1.000
2018-11-28 20:01:50,186 INFO valid recall: 1.000
2018-11-28 20:01:50,186 INFO valid F1: 1.000
2018-11-28 20:01:50,187 INFO valid AUC: 1.000
2018-11-28 20:01:50,418 INFO Epoch 65:
2018-11-28 20:01:50,433 INFO Training...
2018-11-28 20:01:50,936 INFO train time: 0.502
2018-11-28 20:01:50,937 INFO train loss: 0.025
2018-11-28 20:01:50,937 INFO train accuracy: 1.000
2018-11-28 20:01:50,937 INFO train precision: 1.000
2018-11-28 20:01:50,937 INFO train recall: 1.000
2018-11-28 20:01:50,938 INFO train F1: 1.000
2018-11-28 20:01:50,938 INFO train AUC: 1.000
2018-11-28 20:01:50,939 INFO Evaluating...
2018-11-28 20:01:51,211 INFO valid time: 0.272
2018-11-28 20:01:51,212 INFO valid loss: 0.046
2018-11-28 20:01:51,212 INFO valid accuracy: 1.000
2018-11-28 20:01:51,212 INFO valid precision: 1.000
2018-11-28 20:01:51,212 INFO valid recall: 1.000
2018-11-28 20:01:51,213 INFO valid F1: 1.000
2018-11-28 20:01:51,213 INFO valid AUC: 1.000
2018-11-28 20:01:51,423 INFO Epoch 66:
2018-11-28 20:01:51,438 INFO Training...
2018-11-28 20:01:51,949 INFO train time: 0.510
2018-11-28 20:01:51,949 INFO train loss: 0.024
2018-11-28 20:01:51,949 INFO train accuracy: 1.000
2018-11-28 20:01:51,949 INFO train precision: 1.000
2018-11-28 20:01:51,949 INFO train recall: 1.000
2018-11-28 20:01:51,950 INFO train F1: 1.000
2018-11-28 20:01:51,950 INFO train AUC: 1.000
2018-11-28 20:01:51,950 INFO Evaluating...
2018-11-28 20:01:52,216 INFO valid time: 0.265
2018-11-28 20:01:52,216 INFO valid loss: 0.046
2018-11-28 20:01:52,217 INFO valid accuracy: 1.000
2018-11-28 20:01:52,217 INFO valid precision: 1.000
2018-11-28 20:01:52,217 INFO valid recall: 1.000
2018-11-28 20:01:52,217 INFO valid F1: 1.000
2018-11-28 20:01:52,217 INFO valid AUC: 1.000
2018-11-28 20:01:52,428 INFO Epoch 67:
2018-11-28 20:01:52,444 INFO Training...
2018-11-28 20:01:52,943 INFO train time: 0.499
2018-11-28 20:01:52,943 INFO train loss: 0.024
2018-11-28 20:01:52,943 INFO train accuracy: 1.000
2018-11-28 20:01:52,943 INFO train precision: 1.000
2018-11-28 20:01:52,943 INFO train recall: 1.000
2018-11-28 20:01:52,943 INFO train F1: 1.000
2018-11-28 20:01:52,944 INFO train AUC: 1.000
2018-11-28 20:01:52,944 INFO Evaluating...
2018-11-28 20:01:53,214 INFO valid time: 0.270
2018-11-28 20:01:53,214 INFO valid loss: 0.045
2018-11-28 20:01:53,215 INFO valid accuracy: 1.000
2018-11-28 20:01:53,215 INFO valid precision: 1.000
2018-11-28 20:01:53,215 INFO valid recall: 1.000
2018-11-28 20:01:53,215 INFO valid F1: 1.000
2018-11-28 20:01:53,215 INFO valid AUC: 1.000
2018-11-28 20:01:53,425 INFO Epoch 68:
2018-11-28 20:01:53,440 INFO Training...
2018-11-28 20:01:53,892 INFO train time: 0.453
2018-11-28 20:01:53,893 INFO train loss: 0.023
2018-11-28 20:01:53,893 INFO train accuracy: 1.000
2018-11-28 20:01:53,893 INFO train precision: 1.000
2018-11-28 20:01:53,893 INFO train recall: 1.000
2018-11-28 20:01:53,893 INFO train F1: 1.000
2018-11-28 20:01:53,894 INFO train AUC: 1.000
2018-11-28 20:01:53,894 INFO Evaluating...
2018-11-28 20:01:54,167 INFO valid time: 0.273
2018-11-28 20:01:54,168 INFO valid loss: 0.044
2018-11-28 20:01:54,168 INFO valid accuracy: 1.000
2018-11-28 20:01:54,168 INFO valid precision: 1.000
2018-11-28 20:01:54,168 INFO valid recall: 1.000
2018-11-28 20:01:54,169 INFO valid F1: 1.000
2018-11-28 20:01:54,169 INFO valid AUC: 1.000
2018-11-28 20:01:54,391 INFO Epoch 69:
2018-11-28 20:01:54,407 INFO Training...
2018-11-28 20:01:54,930 INFO train time: 0.523
2018-11-28 20:01:54,930 INFO train loss: 0.023
2018-11-28 20:01:54,930 INFO train accuracy: 1.000
2018-11-28 20:01:54,930 INFO train precision: 1.000
2018-11-28 20:01:54,931 INFO train recall: 1.000
2018-11-28 20:01:54,931 INFO train F1: 1.000
2018-11-28 20:01:54,931 INFO train AUC: 1.000
2018-11-28 20:01:54,932 INFO Evaluating...
2018-11-28 20:01:55,198 INFO valid time: 0.266
2018-11-28 20:01:55,198 INFO valid loss: 0.044
2018-11-28 20:01:55,198 INFO valid accuracy: 1.000
2018-11-28 20:01:55,198 INFO valid precision: 1.000
2018-11-28 20:01:55,199 INFO valid recall: 1.000
2018-11-28 20:01:55,199 INFO valid F1: 1.000
2018-11-28 20:01:55,199 INFO valid AUC: 1.000
2018-11-28 20:01:55,426 INFO Epoch 70:
2018-11-28 20:01:55,441 INFO Training...
2018-11-28 20:01:55,891 INFO train time: 0.451
2018-11-28 20:01:55,892 INFO train loss: 0.022
2018-11-28 20:01:55,892 INFO train accuracy: 1.000
2018-11-28 20:01:55,892 INFO train precision: 1.000
2018-11-28 20:01:55,892 INFO train recall: 1.000
2018-11-28 20:01:55,892 INFO train F1: 1.000
2018-11-28 20:01:55,892 INFO train AUC: 1.000
2018-11-28 20:01:55,893 INFO Evaluating...
2018-11-28 20:01:56,150 INFO valid time: 0.257
2018-11-28 20:01:56,151 INFO valid loss: 0.043
2018-11-28 20:01:56,151 INFO valid accuracy: 1.000
2018-11-28 20:01:56,151 INFO valid precision: 1.000
2018-11-28 20:01:56,151 INFO valid recall: 1.000
2018-11-28 20:01:56,151 INFO valid F1: 1.000
2018-11-28 20:01:56,151 INFO valid AUC: 1.000
2018-11-28 20:01:56,363 INFO Epoch 71:
2018-11-28 20:01:56,377 INFO Training...
2018-11-28 20:01:56,840 INFO train time: 0.463
2018-11-28 20:01:56,840 INFO train loss: 0.022
2018-11-28 20:01:56,840 INFO train accuracy: 1.000
2018-11-28 20:01:56,840 INFO train precision: 1.000
2018-11-28 20:01:56,841 INFO train recall: 1.000
2018-11-28 20:01:56,841 INFO train F1: 1.000
2018-11-28 20:01:56,841 INFO train AUC: 1.000
2018-11-28 20:01:56,841 INFO Evaluating...
2018-11-28 20:01:57,118 INFO valid time: 0.276
2018-11-28 20:01:57,118 INFO valid loss: 0.042
2018-11-28 20:01:57,118 INFO valid accuracy: 1.000
2018-11-28 20:01:57,118 INFO valid precision: 1.000
2018-11-28 20:01:57,118 INFO valid recall: 1.000
2018-11-28 20:01:57,119 INFO valid F1: 1.000
2018-11-28 20:01:57,119 INFO valid AUC: 1.000
2018-11-28 20:01:57,343 INFO Epoch 72:
2018-11-28 20:01:57,357 INFO Training...
2018-11-28 20:01:57,887 INFO train time: 0.530
2018-11-28 20:01:57,888 INFO train loss: 0.021
2018-11-28 20:01:57,888 INFO train accuracy: 1.000
2018-11-28 20:01:57,888 INFO train precision: 1.000
2018-11-28 20:01:57,888 INFO train recall: 1.000
2018-11-28 20:01:57,889 INFO train F1: 1.000
2018-11-28 20:01:57,889 INFO train AUC: 1.000
2018-11-28 20:01:57,890 INFO Evaluating...
2018-11-28 20:01:58,155 INFO valid time: 0.265
2018-11-28 20:01:58,155 INFO valid loss: 0.042
2018-11-28 20:01:58,155 INFO valid accuracy: 1.000
2018-11-28 20:01:58,156 INFO valid precision: 1.000
2018-11-28 20:01:58,156 INFO valid recall: 1.000
2018-11-28 20:01:58,156 INFO valid F1: 1.000
2018-11-28 20:01:58,156 INFO valid AUC: 1.000
2018-11-28 20:01:58,376 INFO Epoch 73:
2018-11-28 20:01:58,391 INFO Training...
2018-11-28 20:01:58,849 INFO train time: 0.458
2018-11-28 20:01:58,849 INFO train loss: 0.021
2018-11-28 20:01:58,849 INFO train accuracy: 1.000
2018-11-28 20:01:58,850 INFO train precision: 1.000
2018-11-28 20:01:58,850 INFO train recall: 1.000
2018-11-28 20:01:58,850 INFO train F1: 1.000
2018-11-28 20:01:58,850 INFO train AUC: 1.000
2018-11-28 20:01:58,851 INFO Evaluating...
2018-11-28 20:01:59,140 INFO valid time: 0.289
2018-11-28 20:01:59,141 INFO valid loss: 0.041
2018-11-28 20:01:59,141 INFO valid accuracy: 1.000
2018-11-28 20:01:59,141 INFO valid precision: 1.000
2018-11-28 20:01:59,141 INFO valid recall: 1.000
2018-11-28 20:01:59,141 INFO valid F1: 1.000
2018-11-28 20:01:59,141 INFO valid AUC: 1.000
2018-11-28 20:01:59,350 INFO Epoch 74:
2018-11-28 20:01:59,364 INFO Training...
2018-11-28 20:01:59,849 INFO train time: 0.485
2018-11-28 20:01:59,849 INFO train loss: 0.020
2018-11-28 20:01:59,849 INFO train accuracy: 1.000
2018-11-28 20:01:59,849 INFO train precision: 1.000
2018-11-28 20:01:59,849 INFO train recall: 1.000
2018-11-28 20:01:59,850 INFO train F1: 1.000
2018-11-28 20:01:59,850 INFO train AUC: 1.000
2018-11-28 20:01:59,850 INFO Evaluating...
2018-11-28 20:02:00,115 INFO valid time: 0.264
2018-11-28 20:02:00,115 INFO valid loss: 0.040
2018-11-28 20:02:00,116 INFO valid accuracy: 1.000
2018-11-28 20:02:00,116 INFO valid precision: 1.000
2018-11-28 20:02:00,116 INFO valid recall: 1.000
2018-11-28 20:02:00,116 INFO valid F1: 1.000
2018-11-28 20:02:00,116 INFO valid AUC: 1.000
2018-11-28 20:02:00,337 INFO Epoch 75:
2018-11-28 20:02:00,352 INFO Training...
2018-11-28 20:02:00,857 INFO train time: 0.505
2018-11-28 20:02:00,858 INFO train loss: 0.020
2018-11-28 20:02:00,858 INFO train accuracy: 1.000
2018-11-28 20:02:00,858 INFO train precision: 1.000
2018-11-28 20:02:00,858 INFO train recall: 1.000
2018-11-28 20:02:00,858 INFO train F1: 1.000
2018-11-28 20:02:00,859 INFO train AUC: 1.000
2018-11-28 20:02:00,859 INFO Evaluating...
2018-11-28 20:02:01,130 INFO valid time: 0.270
2018-11-28 20:02:01,130 INFO valid loss: 0.040
2018-11-28 20:02:01,131 INFO valid accuracy: 1.000
2018-11-28 20:02:01,131 INFO valid precision: 1.000
2018-11-28 20:02:01,131 INFO valid recall: 1.000
2018-11-28 20:02:01,131 INFO valid F1: 1.000
2018-11-28 20:02:01,131 INFO valid AUC: 1.000
2018-11-28 20:02:01,341 INFO Epoch 76:
2018-11-28 20:02:01,356 INFO Training...
2018-11-28 20:02:01,838 INFO train time: 0.482
2018-11-28 20:02:01,838 INFO train loss: 0.020
2018-11-28 20:02:01,839 INFO train accuracy: 1.000
2018-11-28 20:02:01,839 INFO train precision: 1.000
2018-11-28 20:02:01,839 INFO train recall: 1.000
2018-11-28 20:02:01,839 INFO train F1: 1.000
2018-11-28 20:02:01,839 INFO train AUC: 1.000
2018-11-28 20:02:01,840 INFO Evaluating...
2018-11-28 20:02:02,116 INFO valid time: 0.276
2018-11-28 20:02:02,117 INFO valid loss: 0.039
2018-11-28 20:02:02,117 INFO valid accuracy: 1.000
2018-11-28 20:02:02,117 INFO valid precision: 1.000
2018-11-28 20:02:02,117 INFO valid recall: 1.000
2018-11-28 20:02:02,117 INFO valid F1: 1.000
2018-11-28 20:02:02,117 INFO valid AUC: 1.000
2018-11-28 20:02:02,337 INFO Epoch 77:
2018-11-28 20:02:02,352 INFO Training...
2018-11-28 20:02:02,885 INFO train time: 0.532
2018-11-28 20:02:02,885 INFO train loss: 0.019
2018-11-28 20:02:02,885 INFO train accuracy: 1.000
2018-11-28 20:02:02,885 INFO train precision: 1.000
2018-11-28 20:02:02,885 INFO train recall: 1.000
2018-11-28 20:02:02,886 INFO train F1: 1.000
2018-11-28 20:02:02,886 INFO train AUC: 1.000
2018-11-28 20:02:02,886 INFO Evaluating...
2018-11-28 20:02:03,166 INFO valid time: 0.279
2018-11-28 20:02:03,166 INFO valid loss: 0.039
2018-11-28 20:02:03,167 INFO valid accuracy: 1.000
2018-11-28 20:02:03,167 INFO valid precision: 1.000
2018-11-28 20:02:03,167 INFO valid recall: 1.000
2018-11-28 20:02:03,167 INFO valid F1: 1.000
2018-11-28 20:02:03,168 INFO valid AUC: 1.000
2018-11-28 20:02:03,386 INFO Epoch 78:
2018-11-28 20:02:03,403 INFO Training...
2018-11-28 20:02:03,900 INFO train time: 0.498
2018-11-28 20:02:03,901 INFO train loss: 0.019
2018-11-28 20:02:03,901 INFO train accuracy: 1.000
2018-11-28 20:02:03,901 INFO train precision: 1.000
2018-11-28 20:02:03,901 INFO train recall: 1.000
2018-11-28 20:02:03,901 INFO train F1: 1.000
2018-11-28 20:02:03,901 INFO train AUC: 1.000
2018-11-28 20:02:03,902 INFO Evaluating...
2018-11-28 20:02:04,192 INFO valid time: 0.290
2018-11-28 20:02:04,193 INFO valid loss: 0.038
2018-11-28 20:02:04,193 INFO valid accuracy: 1.000
2018-11-28 20:02:04,193 INFO valid precision: 1.000
2018-11-28 20:02:04,193 INFO valid recall: 1.000
2018-11-28 20:02:04,194 INFO valid F1: 1.000
2018-11-28 20:02:04,194 INFO valid AUC: 1.000
2018-11-28 20:02:04,419 INFO Epoch 79:
2018-11-28 20:02:04,434 INFO Training...
2018-11-28 20:02:04,961 INFO train time: 0.527
2018-11-28 20:02:04,962 INFO train loss: 0.019
2018-11-28 20:02:04,962 INFO train accuracy: 1.000
2018-11-28 20:02:04,962 INFO train precision: 1.000
2018-11-28 20:02:04,962 INFO train recall: 1.000
2018-11-28 20:02:04,962 INFO train F1: 1.000
2018-11-28 20:02:04,963 INFO train AUC: 1.000
2018-11-28 20:02:04,963 INFO Evaluating...
2018-11-28 20:02:05,228 INFO valid time: 0.265
2018-11-28 20:02:05,229 INFO valid loss: 0.038
2018-11-28 20:02:05,229 INFO valid accuracy: 1.000
2018-11-28 20:02:05,229 INFO valid precision: 1.000
2018-11-28 20:02:05,229 INFO valid recall: 1.000
2018-11-28 20:02:05,229 INFO valid F1: 1.000
2018-11-28 20:02:05,229 INFO valid AUC: 1.000
2018-11-28 20:02:05,444 INFO Epoch 80:
2018-11-28 20:02:05,459 INFO Training...
2018-11-28 20:02:05,955 INFO train time: 0.496
2018-11-28 20:02:05,955 INFO train loss: 0.018
2018-11-28 20:02:05,956 INFO train accuracy: 1.000
2018-11-28 20:02:05,956 INFO train precision: 1.000
2018-11-28 20:02:05,956 INFO train recall: 1.000
2018-11-28 20:02:05,957 INFO train F1: 1.000
2018-11-28 20:02:05,957 INFO train AUC: 1.000
2018-11-28 20:02:05,958 INFO Evaluating...
2018-11-28 20:02:06,233 INFO valid time: 0.275
2018-11-28 20:02:06,233 INFO valid loss: 0.037
2018-11-28 20:02:06,233 INFO valid accuracy: 1.000
2018-11-28 20:02:06,233 INFO valid precision: 1.000
2018-11-28 20:02:06,234 INFO valid recall: 1.000
2018-11-28 20:02:06,234 INFO valid F1: 1.000
2018-11-28 20:02:06,234 INFO valid AUC: 1.000
2018-11-28 20:02:06,446 INFO Epoch 81:
2018-11-28 20:02:06,461 INFO Training...
2018-11-28 20:02:06,975 INFO train time: 0.514
2018-11-28 20:02:06,976 INFO train loss: 0.018
2018-11-28 20:02:06,976 INFO train accuracy: 1.000
2018-11-28 20:02:06,976 INFO train precision: 1.000
2018-11-28 20:02:06,977 INFO train recall: 1.000
2018-11-28 20:02:06,977 INFO train F1: 1.000
2018-11-28 20:02:06,977 INFO train AUC: 1.000
2018-11-28 20:02:06,978 INFO Evaluating...
2018-11-28 20:02:07,243 INFO valid time: 0.265
2018-11-28 20:02:07,244 INFO valid loss: 0.037
2018-11-28 20:02:07,244 INFO valid accuracy: 1.000
2018-11-28 20:02:07,244 INFO valid precision: 1.000
2018-11-28 20:02:07,244 INFO valid recall: 1.000
2018-11-28 20:02:07,245 INFO valid F1: 1.000
2018-11-28 20:02:07,245 INFO valid AUC: 1.000
2018-11-28 20:02:07,457 INFO Epoch 82:
2018-11-28 20:02:07,473 INFO Training...
2018-11-28 20:02:07,988 INFO train time: 0.515
2018-11-28 20:02:07,989 INFO train loss: 0.018
2018-11-28 20:02:07,989 INFO train accuracy: 1.000
2018-11-28 20:02:07,989 INFO train precision: 1.000
2018-11-28 20:02:07,990 INFO train recall: 1.000
2018-11-28 20:02:07,990 INFO train F1: 1.000
2018-11-28 20:02:07,990 INFO train AUC: 1.000
2018-11-28 20:02:07,991 INFO Evaluating...
2018-11-28 20:02:08,262 INFO valid time: 0.271
2018-11-28 20:02:08,262 INFO valid loss: 0.036
2018-11-28 20:02:08,262 INFO valid accuracy: 1.000
2018-11-28 20:02:08,262 INFO valid precision: 1.000
2018-11-28 20:02:08,263 INFO valid recall: 1.000
2018-11-28 20:02:08,263 INFO valid F1: 1.000
2018-11-28 20:02:08,263 INFO valid AUC: 1.000
2018-11-28 20:02:08,518 INFO Epoch 83:
2018-11-28 20:02:08,536 INFO Training...
2018-11-28 20:02:09,077 INFO train time: 0.541
2018-11-28 20:02:09,078 INFO train loss: 0.017
2018-11-28 20:02:09,078 INFO train accuracy: 1.000
2018-11-28 20:02:09,078 INFO train precision: 1.000
2018-11-28 20:02:09,078 INFO train recall: 1.000
2018-11-28 20:02:09,078 INFO train F1: 1.000
2018-11-28 20:02:09,078 INFO train AUC: 1.000
2018-11-28 20:02:09,079 INFO Evaluating...
2018-11-28 20:02:09,331 INFO valid time: 0.252
2018-11-28 20:02:09,332 INFO valid loss: 0.036
2018-11-28 20:02:09,332 INFO valid accuracy: 1.000
2018-11-28 20:02:09,332 INFO valid precision: 1.000
2018-11-28 20:02:09,332 INFO valid recall: 1.000
2018-11-28 20:02:09,332 INFO valid F1: 1.000
2018-11-28 20:02:09,333 INFO valid AUC: 1.000
2018-11-28 20:02:09,557 INFO Epoch 84:
2018-11-28 20:02:09,571 INFO Training...
2018-11-28 20:02:10,082 INFO train time: 0.510
2018-11-28 20:02:10,083 INFO train loss: 0.017
2018-11-28 20:02:10,083 INFO train accuracy: 1.000
2018-11-28 20:02:10,083 INFO train precision: 1.000
2018-11-28 20:02:10,083 INFO train recall: 1.000
2018-11-28 20:02:10,084 INFO train F1: 1.000
2018-11-28 20:02:10,084 INFO train AUC: 1.000
2018-11-28 20:02:10,085 INFO Evaluating...
2018-11-28 20:02:10,362 INFO valid time: 0.277
2018-11-28 20:02:10,362 INFO valid loss: 0.035
2018-11-28 20:02:10,362 INFO valid accuracy: 1.000
2018-11-28 20:02:10,362 INFO valid precision: 1.000
2018-11-28 20:02:10,363 INFO valid recall: 1.000
2018-11-28 20:02:10,363 INFO valid F1: 1.000
2018-11-28 20:02:10,363 INFO valid AUC: 1.000
2018-11-28 20:02:10,589 INFO Epoch 85:
2018-11-28 20:02:10,604 INFO Training...
2018-11-28 20:02:11,112 INFO train time: 0.507
2018-11-28 20:02:11,112 INFO train loss: 0.017
2018-11-28 20:02:11,112 INFO train accuracy: 1.000
2018-11-28 20:02:11,112 INFO train precision: 1.000
2018-11-28 20:02:11,113 INFO train recall: 1.000
2018-11-28 20:02:11,113 INFO train F1: 1.000
2018-11-28 20:02:11,113 INFO train AUC: 1.000
2018-11-28 20:02:11,114 INFO Evaluating...
2018-11-28 20:02:11,376 INFO valid time: 0.261
2018-11-28 20:02:11,376 INFO valid loss: 0.035
2018-11-28 20:02:11,376 INFO valid accuracy: 1.000
2018-11-28 20:02:11,377 INFO valid precision: 1.000
2018-11-28 20:02:11,377 INFO valid recall: 1.000
2018-11-28 20:02:11,377 INFO valid F1: 1.000
2018-11-28 20:02:11,378 INFO valid AUC: 1.000
2018-11-28 20:02:11,596 INFO Epoch 86:
2018-11-28 20:02:11,612 INFO Training...
2018-11-28 20:02:12,081 INFO train time: 0.468
2018-11-28 20:02:12,081 INFO train loss: 0.016
2018-11-28 20:02:12,081 INFO train accuracy: 1.000
2018-11-28 20:02:12,081 INFO train precision: 1.000
2018-11-28 20:02:12,082 INFO train recall: 1.000
2018-11-28 20:02:12,082 INFO train F1: 1.000
2018-11-28 20:02:12,082 INFO train AUC: 1.000
2018-11-28 20:02:12,083 INFO Evaluating...
2018-11-28 20:02:12,346 INFO valid time: 0.263
2018-11-28 20:02:12,347 INFO valid loss: 0.035
2018-11-28 20:02:12,347 INFO valid accuracy: 1.000
2018-11-28 20:02:12,347 INFO valid precision: 1.000
2018-11-28 20:02:12,347 INFO valid recall: 1.000
2018-11-28 20:02:12,347 INFO valid F1: 1.000
2018-11-28 20:02:12,348 INFO valid AUC: 1.000
2018-11-28 20:02:12,553 INFO Epoch 87:
2018-11-28 20:02:12,569 INFO Training...
2018-11-28 20:02:13,028 INFO train time: 0.459
2018-11-28 20:02:13,029 INFO train loss: 0.016
2018-11-28 20:02:13,029 INFO train accuracy: 1.000
2018-11-28 20:02:13,029 INFO train precision: 1.000
2018-11-28 20:02:13,030 INFO train recall: 1.000
2018-11-28 20:02:13,030 INFO train F1: 1.000
2018-11-28 20:02:13,030 INFO train AUC: 1.000
2018-11-28 20:02:13,031 INFO Evaluating...
2018-11-28 20:02:13,300 INFO valid time: 0.268
2018-11-28 20:02:13,300 INFO valid loss: 0.034
2018-11-28 20:02:13,300 INFO valid accuracy: 1.000
2018-11-28 20:02:13,301 INFO valid precision: 1.000
2018-11-28 20:02:13,301 INFO valid recall: 1.000
2018-11-28 20:02:13,301 INFO valid F1: 1.000
2018-11-28 20:02:13,301 INFO valid AUC: 1.000
2018-11-28 20:02:13,508 INFO Epoch 88:
2018-11-28 20:02:13,523 INFO Training...
2018-11-28 20:02:14,011 INFO train time: 0.488
2018-11-28 20:02:14,012 INFO train loss: 0.016
2018-11-28 20:02:14,012 INFO train accuracy: 1.000
2018-11-28 20:02:14,012 INFO train precision: 1.000
2018-11-28 20:02:14,012 INFO train recall: 1.000
2018-11-28 20:02:14,012 INFO train F1: 1.000
2018-11-28 20:02:14,013 INFO train AUC: 1.000
2018-11-28 20:02:14,013 INFO Evaluating...
2018-11-28 20:02:14,298 INFO valid time: 0.285
2018-11-28 20:02:14,299 INFO valid loss: 0.034
2018-11-28 20:02:14,299 INFO valid accuracy: 1.000
2018-11-28 20:02:14,299 INFO valid precision: 1.000
2018-11-28 20:02:14,299 INFO valid recall: 1.000
2018-11-28 20:02:14,299 INFO valid F1: 1.000
2018-11-28 20:02:14,299 INFO valid AUC: 1.000
2018-11-28 20:02:14,514 INFO Epoch 89:
2018-11-28 20:02:14,529 INFO Training...
2018-11-28 20:02:15,027 INFO train time: 0.498
2018-11-28 20:02:15,028 INFO train loss: 0.016
2018-11-28 20:02:15,028 INFO train accuracy: 1.000
2018-11-28 20:02:15,028 INFO train precision: 1.000
2018-11-28 20:02:15,028 INFO train recall: 1.000
2018-11-28 20:02:15,028 INFO train F1: 1.000
2018-11-28 20:02:15,028 INFO train AUC: 1.000
2018-11-28 20:02:15,029 INFO Evaluating...
2018-11-28 20:02:15,292 INFO valid time: 0.262
2018-11-28 20:02:15,292 INFO valid loss: 0.033
2018-11-28 20:02:15,292 INFO valid accuracy: 1.000
2018-11-28 20:02:15,292 INFO valid precision: 1.000
2018-11-28 20:02:15,292 INFO valid recall: 1.000
2018-11-28 20:02:15,292 INFO valid F1: 1.000
2018-11-28 20:02:15,292 INFO valid AUC: 1.000
2018-11-28 20:02:15,603 INFO Epoch 90:
2018-11-28 20:02:15,617 INFO Training...
2018-11-28 20:02:16,087 INFO train time: 0.470
2018-11-28 20:02:16,088 INFO train loss: 0.015
2018-11-28 20:02:16,088 INFO train accuracy: 1.000
2018-11-28 20:02:16,088 INFO train precision: 1.000
2018-11-28 20:02:16,088 INFO train recall: 1.000
2018-11-28 20:02:16,088 INFO train F1: 1.000
2018-11-28 20:02:16,088 INFO train AUC: 1.000
2018-11-28 20:02:16,089 INFO Evaluating...
2018-11-28 20:02:16,358 INFO valid time: 0.269
2018-11-28 20:02:16,358 INFO valid loss: 0.033
2018-11-28 20:02:16,358 INFO valid accuracy: 1.000
2018-11-28 20:02:16,358 INFO valid precision: 1.000
2018-11-28 20:02:16,358 INFO valid recall: 1.000
2018-11-28 20:02:16,358 INFO valid F1: 1.000
2018-11-28 20:02:16,359 INFO valid AUC: 1.000
2018-11-28 20:02:16,576 INFO Epoch 91:
2018-11-28 20:02:16,591 INFO Training...
2018-11-28 20:02:17,079 INFO train time: 0.487
2018-11-28 20:02:17,079 INFO train loss: 0.015
2018-11-28 20:02:17,079 INFO train accuracy: 1.000
2018-11-28 20:02:17,079 INFO train precision: 1.000
2018-11-28 20:02:17,079 INFO train recall: 1.000
2018-11-28 20:02:17,079 INFO train F1: 1.000
2018-11-28 20:02:17,080 INFO train AUC: 1.000
2018-11-28 20:02:17,080 INFO Evaluating...
2018-11-28 20:02:17,368 INFO valid time: 0.288
2018-11-28 20:02:17,369 INFO valid loss: 0.032
2018-11-28 20:02:17,369 INFO valid accuracy: 1.000
2018-11-28 20:02:17,369 INFO valid precision: 1.000
2018-11-28 20:02:17,369 INFO valid recall: 1.000
2018-11-28 20:02:17,369 INFO valid F1: 1.000
2018-11-28 20:02:17,370 INFO valid AUC: 1.000
2018-11-28 20:02:17,606 INFO Epoch 92:
2018-11-28 20:02:17,620 INFO Training...
2018-11-28 20:02:18,115 INFO train time: 0.494
2018-11-28 20:02:18,115 INFO train loss: 0.015
2018-11-28 20:02:18,115 INFO train accuracy: 1.000
2018-11-28 20:02:18,115 INFO train precision: 1.000
2018-11-28 20:02:18,115 INFO train recall: 1.000
2018-11-28 20:02:18,116 INFO train F1: 1.000
2018-11-28 20:02:18,116 INFO train AUC: 1.000
2018-11-28 20:02:18,116 INFO Evaluating...
2018-11-28 20:02:18,384 INFO valid time: 0.268
2018-11-28 20:02:18,385 INFO valid loss: 0.032
2018-11-28 20:02:18,385 INFO valid accuracy: 1.000
2018-11-28 20:02:18,385 INFO valid precision: 1.000
2018-11-28 20:02:18,385 INFO valid recall: 1.000
2018-11-28 20:02:18,385 INFO valid F1: 1.000
2018-11-28 20:02:18,385 INFO valid AUC: 1.000
2018-11-28 20:02:18,612 INFO Epoch 93:
2018-11-28 20:02:18,626 INFO Training...
2018-11-28 20:02:19,143 INFO train time: 0.517
2018-11-28 20:02:19,143 INFO train loss: 0.015
2018-11-28 20:02:19,143 INFO train accuracy: 1.000
2018-11-28 20:02:19,143 INFO train precision: 1.000
2018-11-28 20:02:19,143 INFO train recall: 1.000
2018-11-28 20:02:19,143 INFO train F1: 1.000
2018-11-28 20:02:19,143 INFO train AUC: 1.000
2018-11-28 20:02:19,144 INFO Evaluating...
2018-11-28 20:02:19,430 INFO valid time: 0.285
2018-11-28 20:02:19,430 INFO valid loss: 0.032
2018-11-28 20:02:19,430 INFO valid accuracy: 1.000
2018-11-28 20:02:19,431 INFO valid precision: 1.000
2018-11-28 20:02:19,431 INFO valid recall: 1.000
2018-11-28 20:02:19,431 INFO valid F1: 1.000
2018-11-28 20:02:19,431 INFO valid AUC: 1.000
2018-11-28 20:02:19,637 INFO Epoch 94:
2018-11-28 20:02:19,652 INFO Training...
2018-11-28 20:02:20,159 INFO train time: 0.507
2018-11-28 20:02:20,159 INFO train loss: 0.014
2018-11-28 20:02:20,160 INFO train accuracy: 1.000
2018-11-28 20:02:20,160 INFO train precision: 1.000
2018-11-28 20:02:20,160 INFO train recall: 1.000
2018-11-28 20:02:20,160 INFO train F1: 1.000
2018-11-28 20:02:20,160 INFO train AUC: 1.000
2018-11-28 20:02:20,161 INFO Evaluating...
2018-11-28 20:02:20,432 INFO valid time: 0.271
2018-11-28 20:02:20,432 INFO valid loss: 0.031
2018-11-28 20:02:20,432 INFO valid accuracy: 1.000
2018-11-28 20:02:20,432 INFO valid precision: 1.000
2018-11-28 20:02:20,432 INFO valid recall: 1.000
2018-11-28 20:02:20,433 INFO valid F1: 1.000
2018-11-28 20:02:20,433 INFO valid AUC: 1.000
2018-11-28 20:02:20,660 INFO Epoch 95:
2018-11-28 20:02:20,674 INFO Training...
2018-11-28 20:02:21,194 INFO train time: 0.520
2018-11-28 20:02:21,194 INFO train loss: 0.014
2018-11-28 20:02:21,194 INFO train accuracy: 1.000
2018-11-28 20:02:21,194 INFO train precision: 1.000
2018-11-28 20:02:21,194 INFO train recall: 1.000
2018-11-28 20:02:21,194 INFO train F1: 1.000
2018-11-28 20:02:21,195 INFO train AUC: 1.000
2018-11-28 20:02:21,195 INFO Evaluating...
2018-11-28 20:02:21,470 INFO valid time: 0.275
2018-11-28 20:02:21,471 INFO valid loss: 0.031
2018-11-28 20:02:21,471 INFO valid accuracy: 1.000
2018-11-28 20:02:21,472 INFO valid precision: 1.000
2018-11-28 20:02:21,472 INFO valid recall: 1.000
2018-11-28 20:02:21,472 INFO valid F1: 1.000
2018-11-28 20:02:21,473 INFO valid AUC: 1.000
2018-11-28 20:02:21,696 INFO Epoch 96:
2018-11-28 20:02:21,711 INFO Training...
2018-11-28 20:02:22,168 INFO train time: 0.457
2018-11-28 20:02:22,168 INFO train loss: 0.014
2018-11-28 20:02:22,168 INFO train accuracy: 1.000
2018-11-28 20:02:22,168 INFO train precision: 1.000
2018-11-28 20:02:22,169 INFO train recall: 1.000
2018-11-28 20:02:22,169 INFO train F1: 1.000
2018-11-28 20:02:22,169 INFO train AUC: 1.000
2018-11-28 20:02:22,170 INFO Evaluating...
2018-11-28 20:02:22,456 INFO valid time: 0.286
2018-11-28 20:02:22,456 INFO valid loss: 0.031
2018-11-28 20:02:22,456 INFO valid accuracy: 1.000
2018-11-28 20:02:22,456 INFO valid precision: 1.000
2018-11-28 20:02:22,456 INFO valid recall: 1.000
2018-11-28 20:02:22,456 INFO valid F1: 1.000
2018-11-28 20:02:22,456 INFO valid AUC: 1.000
2018-11-28 20:02:22,687 INFO Epoch 97:
2018-11-28 20:02:22,704 INFO Training...
2018-11-28 20:02:23,214 INFO train time: 0.510
2018-11-28 20:02:23,214 INFO train loss: 0.014
2018-11-28 20:02:23,214 INFO train accuracy: 1.000
2018-11-28 20:02:23,215 INFO train precision: 1.000
2018-11-28 20:02:23,215 INFO train recall: 1.000
2018-11-28 20:02:23,215 INFO train F1: 1.000
2018-11-28 20:02:23,215 INFO train AUC: 1.000
2018-11-28 20:02:23,216 INFO Evaluating...
2018-11-28 20:02:23,478 INFO valid time: 0.261
2018-11-28 20:02:23,478 INFO valid loss: 0.030
2018-11-28 20:02:23,478 INFO valid accuracy: 1.000
2018-11-28 20:02:23,479 INFO valid precision: 1.000
2018-11-28 20:02:23,479 INFO valid recall: 1.000
2018-11-28 20:02:23,479 INFO valid F1: 1.000
2018-11-28 20:02:23,479 INFO valid AUC: 1.000
2018-11-28 20:02:23,692 INFO Epoch 98:
2018-11-28 20:02:23,708 INFO Training...
2018-11-28 20:02:24,218 INFO train time: 0.509
2018-11-28 20:02:24,218 INFO train loss: 0.013
2018-11-28 20:02:24,218 INFO train accuracy: 1.000
2018-11-28 20:02:24,218 INFO train precision: 1.000
2018-11-28 20:02:24,219 INFO train recall: 1.000
2018-11-28 20:02:24,219 INFO train F1: 1.000
2018-11-28 20:02:24,219 INFO train AUC: 1.000
2018-11-28 20:02:24,220 INFO Evaluating...
2018-11-28 20:02:24,496 INFO valid time: 0.276
2018-11-28 20:02:24,496 INFO valid loss: 0.030
2018-11-28 20:02:24,496 INFO valid accuracy: 1.000
2018-11-28 20:02:24,496 INFO valid precision: 1.000
2018-11-28 20:02:24,496 INFO valid recall: 1.000
2018-11-28 20:02:24,496 INFO valid F1: 1.000
2018-11-28 20:02:24,496 INFO valid AUC: 1.000
2018-11-28 20:02:24,725 INFO Epoch 99:
2018-11-28 20:02:24,739 INFO Training...
2018-11-28 20:02:25,188 INFO train time: 0.449
2018-11-28 20:02:25,188 INFO train loss: 0.013
2018-11-28 20:02:25,188 INFO train accuracy: 1.000
2018-11-28 20:02:25,188 INFO train precision: 1.000
2018-11-28 20:02:25,188 INFO train recall: 1.000
2018-11-28 20:02:25,188 INFO train F1: 1.000
2018-11-28 20:02:25,188 INFO train AUC: 1.000
2018-11-28 20:02:25,189 INFO Evaluating...
2018-11-28 20:02:25,472 INFO valid time: 0.283
2018-11-28 20:02:25,473 INFO valid loss: 0.030
2018-11-28 20:02:25,473 INFO valid accuracy: 1.000
2018-11-28 20:02:25,473 INFO valid precision: 1.000
2018-11-28 20:02:25,473 INFO valid recall: 1.000
2018-11-28 20:02:25,473 INFO valid F1: 1.000
2018-11-28 20:02:25,473 INFO valid AUC: 1.000
2018-11-28 20:02:25,708 INFO Restoring parameters from out/krashras_dilated_graph/model/model.ckpt
2018-11-28 20:02:25,756 INFO Evaluating...
2018-11-28 20:02:26,054 INFO test time: 0.299
2018-11-28 20:02:26,055 INFO test loss: 0.045
2018-11-28 20:02:26,055 INFO test accuracy: 0.979
2018-11-28 20:02:26,055 INFO test precision: 1.000
2018-11-28 20:02:26,055 INFO test recall: 0.972
2018-11-28 20:02:26,055 INFO test F1: 0.986
2018-11-28 20:02:26,055 INFO test AUC: 0.986
2018-11-28 20:02:26,148 INFO Saving History to out/krashras_dilated_graph/history.csv
2018-11-28 20:02:26,148 INFO Saving Summary to out/krashras_dilated_graph/summary.csv
2018-11-28 20:02:26,153 INFO All done!
