2018-11-28 23:32:07,542 INFO Initializing
2018-11-28 23:32:08,092 INFO Loaded 2355 training samples
2018-11-28 23:32:08,092 INFO Loaded 337 validation samples
2018-11-28 23:32:08,092 INFO Loaded 673 test samples
2018-11-28 23:32:13,060 INFO Model: 2D-CNN
2018-11-28 23:32:13,060 INFO Parameters: 505090
2018-11-28 23:32:13,810 INFO Epoch 0:
2018-11-28 23:32:13,825 INFO Training...
2018-11-28 23:32:18,877 INFO train time: 5.051
2018-11-28 23:32:18,877 INFO train loss: 16.192
2018-11-28 23:32:18,878 INFO train accuracy: 0.485
2018-11-28 23:32:18,878 INFO train precision: 0.451
2018-11-28 23:32:18,878 INFO train recall: 0.404
2018-11-28 23:32:18,878 INFO train F1: 0.426
2018-11-28 23:32:18,878 INFO train AUC: 0.481
2018-11-28 23:32:18,879 INFO Evaluating...
2018-11-28 23:32:19,454 INFO valid time: 0.574
2018-11-28 23:32:19,454 INFO valid loss: 0.778
2018-11-28 23:32:19,454 INFO valid accuracy: 0.614
2018-11-28 23:32:19,454 INFO valid precision: 0.578
2018-11-28 23:32:19,455 INFO valid recall: 0.788
2018-11-28 23:32:19,455 INFO valid F1: 0.667
2018-11-28 23:32:19,455 INFO valid AUC: 0.618
2018-11-28 23:32:19,588 INFO Epoch 1:
2018-11-28 23:32:19,589 INFO Training...
2018-11-28 23:32:23,042 INFO train time: 3.452
2018-11-28 23:32:23,042 INFO train loss: 0.552
2018-11-28 23:32:23,043 INFO train accuracy: 0.631
2018-11-28 23:32:23,043 INFO train precision: 0.620
2018-11-28 23:32:23,043 INFO train recall: 0.569
2018-11-28 23:32:23,044 INFO train F1: 0.593
2018-11-28 23:32:23,044 INFO train AUC: 0.628
2018-11-28 23:32:23,045 INFO Evaluating...
2018-11-28 23:32:23,476 INFO valid time: 0.431
2018-11-28 23:32:23,477 INFO valid loss: 1.722
2018-11-28 23:32:23,477 INFO valid accuracy: 0.510
2018-11-28 23:32:23,477 INFO valid precision: 0.000
2018-11-28 23:32:23,478 INFO valid recall: 0.000
2018-11-28 23:32:23,478 INFO valid F1: nan
2018-11-28 23:32:23,478 INFO valid AUC: 0.500
2018-11-28 23:32:23,599 INFO Epoch 2:
2018-11-28 23:32:23,600 INFO Training...
2018-11-28 23:32:27,167 INFO train time: 3.567
2018-11-28 23:32:27,168 INFO train loss: 0.928
2018-11-28 23:32:27,168 INFO train accuracy: 0.586
2018-11-28 23:32:27,168 INFO train precision: 0.598
2018-11-28 23:32:27,168 INFO train recall: 0.379
2018-11-28 23:32:27,168 INFO train F1: 0.464
2018-11-28 23:32:27,168 INFO train AUC: 0.575
2018-11-28 23:32:27,169 INFO Evaluating...
2018-11-28 23:32:27,576 INFO valid time: 0.407
2018-11-28 23:32:27,577 INFO valid loss: 0.585
2018-11-28 23:32:27,577 INFO valid accuracy: 0.629
2018-11-28 23:32:27,577 INFO valid precision: 0.664
2018-11-28 23:32:27,577 INFO valid recall: 0.491
2018-11-28 23:32:27,577 INFO valid F1: 0.564
2018-11-28 23:32:27,577 INFO valid AUC: 0.626
2018-11-28 23:32:27,683 INFO Epoch 3:
2018-11-28 23:32:27,684 INFO Training...
2018-11-28 23:32:31,361 INFO train time: 3.676
2018-11-28 23:32:31,361 INFO train loss: 0.600
2018-11-28 23:32:31,361 INFO train accuracy: 0.571
2018-11-28 23:32:31,361 INFO train precision: 0.709
2018-11-28 23:32:31,361 INFO train recall: 0.160
2018-11-28 23:32:31,362 INFO train F1: 0.261
2018-11-28 23:32:31,362 INFO train AUC: 0.550
2018-11-28 23:32:31,362 INFO Evaluating...
2018-11-28 23:32:31,827 INFO valid time: 0.464
2018-11-28 23:32:31,827 INFO valid loss: 0.627
2018-11-28 23:32:31,827 INFO valid accuracy: 0.721
2018-11-28 23:32:31,827 INFO valid precision: 0.647
2018-11-28 23:32:31,827 INFO valid recall: 0.945
2018-11-28 23:32:31,827 INFO valid F1: 0.768
2018-11-28 23:32:31,828 INFO valid AUC: 0.726
2018-11-28 23:32:31,919 INFO Epoch 4:
2018-11-28 23:32:31,921 INFO Training...
2018-11-28 23:32:35,808 INFO train time: 3.887
2018-11-28 23:32:35,808 INFO train loss: 0.445
2018-11-28 23:32:35,808 INFO train accuracy: 0.709
2018-11-28 23:32:35,808 INFO train precision: 0.639
2018-11-28 23:32:35,809 INFO train recall: 0.889
2018-11-28 23:32:35,809 INFO train F1: 0.743
2018-11-28 23:32:35,809 INFO train AUC: 0.718
2018-11-28 23:32:35,809 INFO Evaluating...
2018-11-28 23:32:36,237 INFO valid time: 0.427
2018-11-28 23:32:36,237 INFO valid loss: 0.691
2018-11-28 23:32:36,237 INFO valid accuracy: 0.585
2018-11-28 23:32:36,237 INFO valid precision: 1.000
2018-11-28 23:32:36,237 INFO valid recall: 0.152
2018-11-28 23:32:36,237 INFO valid F1: 0.263
2018-11-28 23:32:36,238 INFO valid AUC: 0.576
2018-11-28 23:32:36,333 INFO Epoch 5:
2018-11-28 23:32:36,334 INFO Training...
2018-11-28 23:32:40,091 INFO train time: 3.756
2018-11-28 23:32:40,091 INFO train loss: 0.437
2018-11-28 23:32:40,091 INFO train accuracy: 0.660
2018-11-28 23:32:40,091 INFO train precision: 0.922
2018-11-28 23:32:40,092 INFO train recall: 0.308
2018-11-28 23:32:40,092 INFO train F1: 0.461
2018-11-28 23:32:40,092 INFO train AUC: 0.642
2018-11-28 23:32:40,093 INFO Evaluating...
2018-11-28 23:32:40,547 INFO valid time: 0.454
2018-11-28 23:32:40,548 INFO valid loss: 0.581
2018-11-28 23:32:40,548 INFO valid accuracy: 0.730
2018-11-28 23:32:40,548 INFO valid precision: 0.658
2018-11-28 23:32:40,548 INFO valid recall: 0.933
2018-11-28 23:32:40,549 INFO valid F1: 0.772
2018-11-28 23:32:40,549 INFO valid AUC: 0.734
2018-11-28 23:32:40,637 INFO Epoch 6:
2018-11-28 23:32:40,639 INFO Training...
2018-11-28 23:32:44,225 INFO train time: 3.586
2018-11-28 23:32:44,225 INFO train loss: 0.391
2018-11-28 23:32:44,226 INFO train accuracy: 0.748
2018-11-28 23:32:44,226 INFO train precision: 0.682
2018-11-28 23:32:44,226 INFO train recall: 0.877
2018-11-28 23:32:44,227 INFO train F1: 0.767
2018-11-28 23:32:44,227 INFO train AUC: 0.754
2018-11-28 23:32:44,228 INFO Evaluating...
2018-11-28 23:32:44,668 INFO valid time: 0.440
2018-11-28 23:32:44,668 INFO valid loss: 0.601
2018-11-28 23:32:44,668 INFO valid accuracy: 0.626
2018-11-28 23:32:44,668 INFO valid precision: 1.000
2018-11-28 23:32:44,668 INFO valid recall: 0.236
2018-11-28 23:32:44,668 INFO valid F1: 0.382
2018-11-28 23:32:44,668 INFO valid AUC: 0.618
2018-11-28 23:32:44,760 INFO Epoch 7:
2018-11-28 23:32:44,761 INFO Training...
2018-11-28 23:32:48,495 INFO train time: 3.733
2018-11-28 23:32:48,495 INFO train loss: 0.388
2018-11-28 23:32:48,495 INFO train accuracy: 0.686
2018-11-28 23:32:48,495 INFO train precision: 0.918
2018-11-28 23:32:48,496 INFO train recall: 0.370
2018-11-28 23:32:48,496 INFO train F1: 0.527
2018-11-28 23:32:48,496 INFO train AUC: 0.670
2018-11-28 23:32:48,497 INFO Evaluating...
2018-11-28 23:32:48,919 INFO valid time: 0.421
2018-11-28 23:32:48,919 INFO valid loss: 0.511
2018-11-28 23:32:48,919 INFO valid accuracy: 0.754
2018-11-28 23:32:48,919 INFO valid precision: 0.683
2018-11-28 23:32:48,920 INFO valid recall: 0.927
2018-11-28 23:32:48,920 INFO valid F1: 0.787
2018-11-28 23:32:48,920 INFO valid AUC: 0.757
2018-11-28 23:32:49,019 INFO Epoch 8:
2018-11-28 23:32:49,020 INFO Training...
2018-11-28 23:32:52,884 INFO train time: 3.863
2018-11-28 23:32:52,884 INFO train loss: 0.350
2018-11-28 23:32:52,884 INFO train accuracy: 0.778
2018-11-28 23:32:52,885 INFO train precision: 0.706
2018-11-28 23:32:52,885 INFO train recall: 0.911
2018-11-28 23:32:52,885 INFO train F1: 0.796
2018-11-28 23:32:52,885 INFO train AUC: 0.785
2018-11-28 23:32:52,885 INFO Evaluating...
2018-11-28 23:32:53,306 INFO valid time: 0.420
2018-11-28 23:32:53,306 INFO valid loss: 0.537
2018-11-28 23:32:53,306 INFO valid accuracy: 0.668
2018-11-28 23:32:53,306 INFO valid precision: 1.000
2018-11-28 23:32:53,307 INFO valid recall: 0.321
2018-11-28 23:32:53,307 INFO valid F1: 0.486
2018-11-28 23:32:53,307 INFO valid AUC: 0.661
2018-11-28 23:32:53,419 INFO Epoch 9:
2018-11-28 23:32:53,420 INFO Training...
2018-11-28 23:32:57,135 INFO train time: 3.715
2018-11-28 23:32:57,135 INFO train loss: 0.338
2018-11-28 23:32:57,136 INFO train accuracy: 0.744
2018-11-28 23:32:57,136 INFO train precision: 0.934
2018-11-28 23:32:57,136 INFO train recall: 0.493
2018-11-28 23:32:57,136 INFO train F1: 0.646
2018-11-28 23:32:57,136 INFO train AUC: 0.731
2018-11-28 23:32:57,137 INFO Evaluating...
2018-11-28 23:32:57,558 INFO valid time: 0.421
2018-11-28 23:32:57,559 INFO valid loss: 0.479
2018-11-28 23:32:57,559 INFO valid accuracy: 0.754
2018-11-28 23:32:57,559 INFO valid precision: 0.680
2018-11-28 23:32:57,559 INFO valid recall: 0.939
2018-11-28 23:32:57,559 INFO valid F1: 0.789
2018-11-28 23:32:57,559 INFO valid AUC: 0.757
2018-11-28 23:32:57,650 INFO Epoch 10:
2018-11-28 23:32:57,651 INFO Training...
2018-11-28 23:33:01,297 INFO train time: 3.645
2018-11-28 23:33:01,297 INFO train loss: 0.320
2018-11-28 23:33:01,298 INFO train accuracy: 0.800
2018-11-28 23:33:01,298 INFO train precision: 0.729
2018-11-28 23:33:01,298 INFO train recall: 0.920
2018-11-28 23:33:01,299 INFO train F1: 0.814
2018-11-28 23:33:01,299 INFO train AUC: 0.806
2018-11-28 23:33:01,300 INFO Evaluating...
2018-11-28 23:33:01,753 INFO valid time: 0.453
2018-11-28 23:33:01,754 INFO valid loss: 0.519
2018-11-28 23:33:01,754 INFO valid accuracy: 0.691
2018-11-28 23:33:01,754 INFO valid precision: 1.000
2018-11-28 23:33:01,754 INFO valid recall: 0.370
2018-11-28 23:33:01,755 INFO valid F1: 0.540
2018-11-28 23:33:01,755 INFO valid AUC: 0.685
2018-11-28 23:33:01,862 INFO Epoch 11:
2018-11-28 23:33:01,863 INFO Training...
2018-11-28 23:33:05,533 INFO train time: 3.670
2018-11-28 23:33:05,534 INFO train loss: 0.313
2018-11-28 23:33:05,534 INFO train accuracy: 0.771
2018-11-28 23:33:05,535 INFO train precision: 0.928
2018-11-28 23:33:05,535 INFO train recall: 0.559
2018-11-28 23:33:05,535 INFO train F1: 0.698
2018-11-28 23:33:05,535 INFO train AUC: 0.760
2018-11-28 23:33:05,536 INFO Evaluating...
2018-11-28 23:33:05,976 INFO valid time: 0.440
2018-11-28 23:33:05,976 INFO valid loss: 0.459
2018-11-28 23:33:05,977 INFO valid accuracy: 0.760
2018-11-28 23:33:05,977 INFO valid precision: 0.683
2018-11-28 23:33:05,977 INFO valid recall: 0.952
2018-11-28 23:33:05,977 INFO valid F1: 0.795
2018-11-28 23:33:05,977 INFO valid AUC: 0.764
2018-11-28 23:33:06,109 INFO Epoch 12:
2018-11-28 23:33:06,110 INFO Training...
2018-11-28 23:33:09,940 INFO train time: 3.829
2018-11-28 23:33:09,941 INFO train loss: 0.302
2018-11-28 23:33:09,941 INFO train accuracy: 0.811
2018-11-28 23:33:09,941 INFO train precision: 0.738
2018-11-28 23:33:09,941 INFO train recall: 0.931
2018-11-28 23:33:09,942 INFO train F1: 0.823
2018-11-28 23:33:09,942 INFO train AUC: 0.817
2018-11-28 23:33:09,942 INFO Evaluating...
2018-11-28 23:33:10,410 INFO valid time: 0.467
2018-11-28 23:33:10,410 INFO valid loss: 0.527
2018-11-28 23:33:10,410 INFO valid accuracy: 0.706
2018-11-28 23:33:10,411 INFO valid precision: 1.000
2018-11-28 23:33:10,411 INFO valid recall: 0.400
2018-11-28 23:33:10,411 INFO valid F1: 0.571
2018-11-28 23:33:10,418 INFO valid AUC: 0.700
2018-11-28 23:33:10,537 INFO Epoch 13:
2018-11-28 23:33:10,538 INFO Training...
2018-11-28 23:33:14,255 INFO train time: 3.717
2018-11-28 23:33:14,256 INFO train loss: 0.297
2018-11-28 23:33:14,256 INFO train accuracy: 0.788
2018-11-28 23:33:14,256 INFO train precision: 0.930
2018-11-28 23:33:14,257 INFO train recall: 0.597
2018-11-28 23:33:14,257 INFO train F1: 0.727
2018-11-28 23:33:14,257 INFO train AUC: 0.778
2018-11-28 23:33:14,258 INFO Evaluating...
2018-11-28 23:33:14,663 INFO valid time: 0.404
2018-11-28 23:33:14,663 INFO valid loss: 0.453
2018-11-28 23:33:14,663 INFO valid accuracy: 0.769
2018-11-28 23:33:14,663 INFO valid precision: 0.688
2018-11-28 23:33:14,664 INFO valid recall: 0.964
2018-11-28 23:33:14,664 INFO valid F1: 0.803
2018-11-28 23:33:14,664 INFO valid AUC: 0.773
2018-11-28 23:33:14,761 INFO Epoch 14:
2018-11-28 23:33:14,767 INFO Training...
2018-11-28 23:33:18,557 INFO train time: 3.790
2018-11-28 23:33:18,557 INFO train loss: 0.294
2018-11-28 23:33:18,557 INFO train accuracy: 0.812
2018-11-28 23:33:18,558 INFO train precision: 0.734
2018-11-28 23:33:18,558 INFO train recall: 0.944
2018-11-28 23:33:18,558 INFO train F1: 0.826
2018-11-28 23:33:18,558 INFO train AUC: 0.819
2018-11-28 23:33:18,559 INFO Evaluating...
2018-11-28 23:33:19,040 INFO valid time: 0.481
2018-11-28 23:33:19,040 INFO valid loss: 0.504
2018-11-28 23:33:19,040 INFO valid accuracy: 0.709
2018-11-28 23:33:19,040 INFO valid precision: 1.000
2018-11-28 23:33:19,040 INFO valid recall: 0.406
2018-11-28 23:33:19,041 INFO valid F1: 0.578
2018-11-28 23:33:19,041 INFO valid AUC: 0.703
2018-11-28 23:33:19,159 INFO Epoch 15:
2018-11-28 23:33:19,160 INFO Training...
2018-11-28 23:33:22,842 INFO train time: 3.682
2018-11-28 23:33:22,843 INFO train loss: 0.291
2018-11-28 23:33:22,843 INFO train accuracy: 0.781
2018-11-28 23:33:22,843 INFO train precision: 0.949
2018-11-28 23:33:22,843 INFO train recall: 0.569
2018-11-28 23:33:22,844 INFO train F1: 0.711
2018-11-28 23:33:22,844 INFO train AUC: 0.771
2018-11-28 23:33:22,844 INFO Evaluating...
2018-11-28 23:33:23,298 INFO valid time: 0.454
2018-11-28 23:33:23,299 INFO valid loss: 0.420
2018-11-28 23:33:23,299 INFO valid accuracy: 0.777
2018-11-28 23:33:23,300 INFO valid precision: 0.696
2018-11-28 23:33:23,300 INFO valid recall: 0.970
2018-11-28 23:33:23,300 INFO valid F1: 0.810
2018-11-28 23:33:23,300 INFO valid AUC: 0.781
2018-11-28 23:33:23,411 INFO Epoch 16:
2018-11-28 23:33:23,412 INFO Training...
2018-11-28 23:33:27,102 INFO train time: 3.689
2018-11-28 23:33:27,103 INFO train loss: 0.282
2018-11-28 23:33:27,103 INFO train accuracy: 0.823
2018-11-28 23:33:27,103 INFO train precision: 0.741
2018-11-28 23:33:27,103 INFO train recall: 0.965
2018-11-28 23:33:27,104 INFO train F1: 0.838
2018-11-28 23:33:27,104 INFO train AUC: 0.830
2018-11-28 23:33:27,104 INFO Evaluating...
2018-11-28 23:33:27,543 INFO valid time: 0.438
2018-11-28 23:33:27,543 INFO valid loss: 0.461
2018-11-28 23:33:27,543 INFO valid accuracy: 0.727
2018-11-28 23:33:27,543 INFO valid precision: 1.000
2018-11-28 23:33:27,544 INFO valid recall: 0.442
2018-11-28 23:33:27,544 INFO valid F1: 0.613
2018-11-28 23:33:27,544 INFO valid AUC: 0.721
2018-11-28 23:33:27,637 INFO Epoch 17:
2018-11-28 23:33:27,643 INFO Training...
2018-11-28 23:33:31,211 INFO train time: 3.569
2018-11-28 23:33:31,212 INFO train loss: 0.278
2018-11-28 23:33:31,212 INFO train accuracy: 0.794
2018-11-28 23:33:31,213 INFO train precision: 0.961
2018-11-28 23:33:31,213 INFO train recall: 0.589
2018-11-28 23:33:31,213 INFO train F1: 0.730
2018-11-28 23:33:31,213 INFO train AUC: 0.784
2018-11-28 23:33:31,214 INFO Evaluating...
2018-11-28 23:33:31,680 INFO valid time: 0.466
2018-11-28 23:33:31,681 INFO valid loss: 0.368
2018-11-28 23:33:31,681 INFO valid accuracy: 0.804
2018-11-28 23:33:31,681 INFO valid precision: 0.728
2018-11-28 23:33:31,682 INFO valid recall: 0.958
2018-11-28 23:33:31,682 INFO valid F1: 0.827
2018-11-28 23:33:31,682 INFO valid AUC: 0.807
2018-11-28 23:33:31,774 INFO Epoch 18:
2018-11-28 23:33:31,775 INFO Training...
2018-11-28 23:33:35,504 INFO train time: 3.729
2018-11-28 23:33:35,505 INFO train loss: 0.259
2018-11-28 23:33:35,505 INFO train accuracy: 0.835
2018-11-28 23:33:35,505 INFO train precision: 0.753
2018-11-28 23:33:35,505 INFO train recall: 0.971
2018-11-28 23:33:35,505 INFO train F1: 0.848
2018-11-28 23:33:35,505 INFO train AUC: 0.842
2018-11-28 23:33:35,506 INFO Evaluating...
2018-11-28 23:33:35,942 INFO valid time: 0.436
2018-11-28 23:33:35,942 INFO valid loss: 0.412
2018-11-28 23:33:35,943 INFO valid accuracy: 0.777
2018-11-28 23:33:35,943 INFO valid precision: 1.000
2018-11-28 23:33:35,943 INFO valid recall: 0.545
2018-11-28 23:33:35,943 INFO valid F1: 0.706
2018-11-28 23:33:35,943 INFO valid AUC: 0.773
2018-11-28 23:33:36,032 INFO Epoch 19:
2018-11-28 23:33:36,035 INFO Training...
2018-11-28 23:33:39,653 INFO train time: 3.618
2018-11-28 23:33:39,654 INFO train loss: 0.247
2018-11-28 23:33:39,654 INFO train accuracy: 0.826
2018-11-28 23:33:39,654 INFO train precision: 0.961
2018-11-28 23:33:39,654 INFO train recall: 0.660
2018-11-28 23:33:39,655 INFO train F1: 0.783
2018-11-28 23:33:39,655 INFO train AUC: 0.818
2018-11-28 23:33:39,655 INFO Evaluating...
2018-11-28 23:33:40,071 INFO valid time: 0.415
2018-11-28 23:33:40,071 INFO valid loss: 0.326
2018-11-28 23:33:40,071 INFO valid accuracy: 0.813
2018-11-28 23:33:40,072 INFO valid precision: 0.738
2018-11-28 23:33:40,072 INFO valid recall: 0.958
2018-11-28 23:33:40,072 INFO valid F1: 0.834
2018-11-28 23:33:40,072 INFO valid AUC: 0.816
2018-11-28 23:33:40,186 INFO Epoch 20:
2018-11-28 23:33:40,190 INFO Training...
2018-11-28 23:33:44,091 INFO train time: 3.900
2018-11-28 23:33:44,091 INFO train loss: 0.226
2018-11-28 23:33:44,091 INFO train accuracy: 0.859
2018-11-28 23:33:44,092 INFO train precision: 0.787
2018-11-28 23:33:44,092 INFO train recall: 0.964
2018-11-28 23:33:44,092 INFO train F1: 0.867
2018-11-28 23:33:44,092 INFO train AUC: 0.865
2018-11-28 23:33:44,093 INFO Evaluating...
2018-11-28 23:33:44,513 INFO valid time: 0.419
2018-11-28 23:33:44,513 INFO valid loss: 0.349
2018-11-28 23:33:44,513 INFO valid accuracy: 0.855
2018-11-28 23:33:44,514 INFO valid precision: 1.000
2018-11-28 23:33:44,514 INFO valid recall: 0.703
2018-11-28 23:33:44,514 INFO valid F1: 0.826
2018-11-28 23:33:44,514 INFO valid AUC: 0.852
2018-11-28 23:33:44,635 INFO Epoch 21:
2018-11-28 23:33:44,638 INFO Training...
2018-11-28 23:33:48,270 INFO train time: 3.632
2018-11-28 23:33:48,271 INFO train loss: 0.215
2018-11-28 23:33:48,271 INFO train accuracy: 0.873
2018-11-28 23:33:48,271 INFO train precision: 0.951
2018-11-28 23:33:48,271 INFO train recall: 0.772
2018-11-28 23:33:48,271 INFO train F1: 0.852
2018-11-28 23:33:48,272 INFO train AUC: 0.868
2018-11-28 23:33:48,272 INFO Evaluating...
2018-11-28 23:33:48,754 INFO valid time: 0.481
2018-11-28 23:33:48,754 INFO valid loss: 0.321
2018-11-28 23:33:48,755 INFO valid accuracy: 0.822
2018-11-28 23:33:48,755 INFO valid precision: 0.742
2018-11-28 23:33:48,755 INFO valid recall: 0.976
2018-11-28 23:33:48,755 INFO valid F1: 0.843
2018-11-28 23:33:48,755 INFO valid AUC: 0.825
2018-11-28 23:33:48,842 INFO Epoch 22:
2018-11-28 23:33:48,871 INFO Training...
2018-11-28 23:33:52,737 INFO train time: 3.866
2018-11-28 23:33:52,737 INFO train loss: 0.211
2018-11-28 23:33:52,738 INFO train accuracy: 0.875
2018-11-28 23:33:52,738 INFO train precision: 0.818
2018-11-28 23:33:52,738 INFO train recall: 0.946
2018-11-28 23:33:52,738 INFO train F1: 0.878
2018-11-28 23:33:52,738 INFO train AUC: 0.879
2018-11-28 23:33:52,739 INFO Evaluating...
2018-11-28 23:33:53,233 INFO valid time: 0.494
2018-11-28 23:33:53,234 INFO valid loss: 0.366
2018-11-28 23:33:53,234 INFO valid accuracy: 0.819
2018-11-28 23:33:53,234 INFO valid precision: 1.000
2018-11-28 23:33:53,235 INFO valid recall: 0.630
2018-11-28 23:33:53,235 INFO valid F1: 0.773
2018-11-28 23:33:53,235 INFO valid AUC: 0.815
2018-11-28 23:33:53,361 INFO Epoch 23:
2018-11-28 23:33:53,364 INFO Training...
2018-11-28 23:33:57,159 INFO train time: 3.794
2018-11-28 23:33:57,159 INFO train loss: 0.198
2018-11-28 23:33:57,160 INFO train accuracy: 0.879
2018-11-28 23:33:57,160 INFO train precision: 0.943
2018-11-28 23:33:57,160 INFO train recall: 0.792
2018-11-28 23:33:57,160 INFO train F1: 0.861
2018-11-28 23:33:57,160 INFO train AUC: 0.875
2018-11-28 23:33:57,161 INFO Evaluating...
2018-11-28 23:33:57,580 INFO valid time: 0.419
2018-11-28 23:33:57,580 INFO valid loss: 0.309
2018-11-28 23:33:57,580 INFO valid accuracy: 0.828
2018-11-28 23:33:57,581 INFO valid precision: 0.749
2018-11-28 23:33:57,581 INFO valid recall: 0.976
2018-11-28 23:33:57,581 INFO valid F1: 0.847
2018-11-28 23:33:57,581 INFO valid AUC: 0.831
2018-11-28 23:33:57,681 INFO Epoch 24:
2018-11-28 23:33:57,682 INFO Training...
2018-11-28 23:34:01,440 INFO train time: 3.757
2018-11-28 23:34:01,440 INFO train loss: 0.200
2018-11-28 23:34:01,440 INFO train accuracy: 0.879
2018-11-28 23:34:01,440 INFO train precision: 0.821
2018-11-28 23:34:01,440 INFO train recall: 0.952
2018-11-28 23:34:01,440 INFO train F1: 0.881
2018-11-28 23:34:01,441 INFO train AUC: 0.882
2018-11-28 23:34:01,441 INFO Evaluating...
2018-11-28 23:34:01,918 INFO valid time: 0.476
2018-11-28 23:34:01,919 INFO valid loss: 0.373
2018-11-28 23:34:01,919 INFO valid accuracy: 0.813
2018-11-28 23:34:01,920 INFO valid precision: 1.000
2018-11-28 23:34:01,920 INFO valid recall: 0.618
2018-11-28 23:34:01,920 INFO valid F1: 0.764
2018-11-28 23:34:01,920 INFO valid AUC: 0.809
2018-11-28 23:34:02,025 INFO Epoch 25:
2018-11-28 23:34:02,027 INFO Training...
2018-11-28 23:34:05,701 INFO train time: 3.674
2018-11-28 23:34:05,702 INFO train loss: 0.192
2018-11-28 23:34:05,702 INFO train accuracy: 0.882
2018-11-28 23:34:05,703 INFO train precision: 0.956
2018-11-28 23:34:05,703 INFO train recall: 0.787
2018-11-28 23:34:05,703 INFO train F1: 0.863
2018-11-28 23:34:05,703 INFO train AUC: 0.877
2018-11-28 23:34:05,704 INFO Evaluating...
2018-11-28 23:34:06,118 INFO valid time: 0.414
2018-11-28 23:34:06,119 INFO valid loss: 0.302
2018-11-28 23:34:06,119 INFO valid accuracy: 0.840
2018-11-28 23:34:06,119 INFO valid precision: 0.761
2018-11-28 23:34:06,119 INFO valid recall: 0.982
2018-11-28 23:34:06,119 INFO valid F1: 0.857
2018-11-28 23:34:06,120 INFO valid AUC: 0.843
2018-11-28 23:34:06,220 INFO Epoch 26:
2018-11-28 23:34:06,221 INFO Training...
2018-11-28 23:34:09,907 INFO train time: 3.686
2018-11-28 23:34:09,908 INFO train loss: 0.197
2018-11-28 23:34:09,908 INFO train accuracy: 0.879
2018-11-28 23:34:09,908 INFO train precision: 0.811
2018-11-28 23:34:09,908 INFO train recall: 0.972
2018-11-28 23:34:09,908 INFO train F1: 0.884
2018-11-28 23:34:09,908 INFO train AUC: 0.884
2018-11-28 23:34:09,909 INFO Evaluating...
2018-11-28 23:34:10,375 INFO valid time: 0.465
2018-11-28 23:34:10,375 INFO valid loss: 0.366
2018-11-28 23:34:10,375 INFO valid accuracy: 0.837
2018-11-28 23:34:10,375 INFO valid precision: 1.000
2018-11-28 23:34:10,375 INFO valid recall: 0.667
2018-11-28 23:34:10,376 INFO valid F1: 0.800
2018-11-28 23:34:10,376 INFO valid AUC: 0.833
2018-11-28 23:34:10,476 INFO Epoch 27:
2018-11-28 23:34:10,477 INFO Training...
2018-11-28 23:34:14,099 INFO train time: 3.621
2018-11-28 23:34:14,099 INFO train loss: 0.199
2018-11-28 23:34:14,099 INFO train accuracy: 0.870
2018-11-28 23:34:14,100 INFO train precision: 0.967
2018-11-28 23:34:14,100 INFO train recall: 0.752
2018-11-28 23:34:14,100 INFO train F1: 0.846
2018-11-28 23:34:14,100 INFO train AUC: 0.864
2018-11-28 23:34:14,101 INFO Evaluating...
2018-11-28 23:34:14,556 INFO valid time: 0.455
2018-11-28 23:34:14,556 INFO valid loss: 0.273
2018-11-28 23:34:14,556 INFO valid accuracy: 0.861
2018-11-28 23:34:14,556 INFO valid precision: 0.786
2018-11-28 23:34:14,556 INFO valid recall: 0.982
2018-11-28 23:34:14,557 INFO valid F1: 0.873
2018-11-28 23:34:14,557 INFO valid AUC: 0.863
2018-11-28 23:34:14,674 INFO Epoch 28:
2018-11-28 23:34:14,682 INFO Training...
2018-11-28 23:34:18,342 INFO train time: 3.659
2018-11-28 23:34:18,342 INFO train loss: 0.191
2018-11-28 23:34:18,342 INFO train accuracy: 0.885
2018-11-28 23:34:18,342 INFO train precision: 0.811
2018-11-28 23:34:18,342 INFO train recall: 0.987
2018-11-28 23:34:18,342 INFO train F1: 0.890
2018-11-28 23:34:18,342 INFO train AUC: 0.890
2018-11-28 23:34:18,343 INFO Evaluating...
2018-11-28 23:34:18,785 INFO valid time: 0.441
2018-11-28 23:34:18,785 INFO valid loss: 0.322
2018-11-28 23:34:18,786 INFO valid accuracy: 0.852
2018-11-28 23:34:18,786 INFO valid precision: 1.000
2018-11-28 23:34:18,786 INFO valid recall: 0.697
2018-11-28 23:34:18,786 INFO valid F1: 0.821
2018-11-28 23:34:18,786 INFO valid AUC: 0.848
2018-11-28 23:34:18,896 INFO Epoch 29:
2018-11-28 23:34:18,897 INFO Training...
2018-11-28 23:34:22,929 INFO train time: 4.031
2018-11-28 23:34:22,930 INFO train loss: 0.180
2018-11-28 23:34:22,930 INFO train accuracy: 0.882
2018-11-28 23:34:22,930 INFO train precision: 0.967
2018-11-28 23:34:22,930 INFO train recall: 0.778
2018-11-28 23:34:22,930 INFO train F1: 0.862
2018-11-28 23:34:22,931 INFO train AUC: 0.877
2018-11-28 23:34:22,931 INFO Evaluating...
2018-11-28 23:34:23,388 INFO valid time: 0.457
2018-11-28 23:34:23,389 INFO valid loss: 0.240
2018-11-28 23:34:23,389 INFO valid accuracy: 0.896
2018-11-28 23:34:23,389 INFO valid precision: 0.842
2018-11-28 23:34:23,390 INFO valid recall: 0.970
2018-11-28 23:34:23,390 INFO valid F1: 0.901
2018-11-28 23:34:23,390 INFO valid AUC: 0.898
2018-11-28 23:34:23,491 INFO Epoch 30:
2018-11-28 23:34:23,492 INFO Training...
2018-11-28 23:34:27,097 INFO train time: 3.605
2018-11-28 23:34:27,098 INFO train loss: 0.168
2018-11-28 23:34:27,098 INFO train accuracy: 0.907
2018-11-28 23:34:27,098 INFO train precision: 0.846
2018-11-28 23:34:27,098 INFO train recall: 0.983
2018-11-28 23:34:27,098 INFO train F1: 0.910
2018-11-28 23:34:27,098 INFO train AUC: 0.911
2018-11-28 23:34:27,099 INFO Evaluating...
2018-11-28 23:34:27,547 INFO valid time: 0.448
2018-11-28 23:34:27,548 INFO valid loss: 0.263
2018-11-28 23:34:27,548 INFO valid accuracy: 0.902
2018-11-28 23:34:27,548 INFO valid precision: 1.000
2018-11-28 23:34:27,548 INFO valid recall: 0.800
2018-11-28 23:34:27,548 INFO valid F1: 0.889
2018-11-28 23:34:27,548 INFO valid AUC: 0.900
2018-11-28 23:34:27,650 INFO Epoch 31:
2018-11-28 23:34:27,651 INFO Training...
2018-11-28 23:34:31,072 INFO train time: 3.421
2018-11-28 23:34:31,073 INFO train loss: 0.154
2018-11-28 23:34:31,073 INFO train accuracy: 0.917
2018-11-28 23:34:31,073 INFO train precision: 0.969
2018-11-28 23:34:31,074 INFO train recall: 0.851
2018-11-28 23:34:31,074 INFO train F1: 0.906
2018-11-28 23:34:31,074 INFO train AUC: 0.913
2018-11-28 23:34:31,075 INFO Evaluating...
2018-11-28 23:34:31,475 INFO valid time: 0.400
2018-11-28 23:34:31,476 INFO valid loss: 0.193
2018-11-28 23:34:31,476 INFO valid accuracy: 0.920
2018-11-28 23:34:31,476 INFO valid precision: 0.875
2018-11-28 23:34:31,476 INFO valid recall: 0.976
2018-11-28 23:34:31,477 INFO valid F1: 0.923
2018-11-28 23:34:31,477 INFO valid AUC: 0.921
2018-11-28 23:34:31,595 INFO Epoch 32:
2018-11-28 23:34:31,598 INFO Training...
2018-11-28 23:34:35,255 INFO train time: 3.657
2018-11-28 23:34:35,256 INFO train loss: 0.141
2018-11-28 23:34:35,256 INFO train accuracy: 0.935
2018-11-28 23:34:35,256 INFO train precision: 0.894
2018-11-28 23:34:35,257 INFO train recall: 0.980
2018-11-28 23:34:35,257 INFO train F1: 0.935
2018-11-28 23:34:35,257 INFO train AUC: 0.938
2018-11-28 23:34:35,258 INFO Evaluating...
2018-11-28 23:34:35,703 INFO valid time: 0.445
2018-11-28 23:34:35,704 INFO valid loss: 0.233
2018-11-28 23:34:35,704 INFO valid accuracy: 0.917
2018-11-28 23:34:35,704 INFO valid precision: 1.000
2018-11-28 23:34:35,704 INFO valid recall: 0.830
2018-11-28 23:34:35,704 INFO valid F1: 0.907
2018-11-28 23:34:35,704 INFO valid AUC: 0.915
2018-11-28 23:34:35,801 INFO Epoch 33:
2018-11-28 23:34:35,802 INFO Training...
2018-11-28 23:34:39,434 INFO train time: 3.631
2018-11-28 23:34:39,434 INFO train loss: 0.132
2018-11-28 23:34:39,434 INFO train accuracy: 0.938
2018-11-28 23:34:39,435 INFO train precision: 0.969
2018-11-28 23:34:39,435 INFO train recall: 0.897
2018-11-28 23:34:39,435 INFO train F1: 0.932
2018-11-28 23:34:39,435 INFO train AUC: 0.936
2018-11-28 23:34:39,436 INFO Evaluating...
2018-11-28 23:34:39,858 INFO valid time: 0.422
2018-11-28 23:34:39,858 INFO valid loss: 0.180
2018-11-28 23:34:39,858 INFO valid accuracy: 0.935
2018-11-28 23:34:39,859 INFO valid precision: 0.909
2018-11-28 23:34:39,859 INFO valid recall: 0.964
2018-11-28 23:34:39,859 INFO valid F1: 0.935
2018-11-28 23:34:39,859 INFO valid AUC: 0.935
2018-11-28 23:34:39,958 INFO Epoch 34:
2018-11-28 23:34:39,959 INFO Training...
2018-11-28 23:34:43,563 INFO train time: 3.604
2018-11-28 23:34:43,563 INFO train loss: 0.127
2018-11-28 23:34:43,564 INFO train accuracy: 0.947
2018-11-28 23:34:43,564 INFO train precision: 0.915
2018-11-28 23:34:43,564 INFO train recall: 0.980
2018-11-28 23:34:43,564 INFO train F1: 0.946
2018-11-28 23:34:43,565 INFO train AUC: 0.949
2018-11-28 23:34:43,565 INFO Evaluating...
2018-11-28 23:34:43,973 INFO valid time: 0.408
2018-11-28 23:34:43,974 INFO valid loss: 0.228
2018-11-28 23:34:43,974 INFO valid accuracy: 0.926
2018-11-28 23:34:43,974 INFO valid precision: 0.993
2018-11-28 23:34:43,974 INFO valid recall: 0.855
2018-11-28 23:34:43,974 INFO valid F1: 0.919
2018-11-28 23:34:43,974 INFO valid AUC: 0.924
2018-11-28 23:34:44,086 INFO Epoch 35:
2018-11-28 23:34:44,091 INFO Training...
2018-11-28 23:34:47,771 INFO train time: 3.680
2018-11-28 23:34:47,772 INFO train loss: 0.123
2018-11-28 23:34:47,772 INFO train accuracy: 0.940
2018-11-28 23:34:47,772 INFO train precision: 0.971
2018-11-28 23:34:47,772 INFO train recall: 0.900
2018-11-28 23:34:47,773 INFO train F1: 0.934
2018-11-28 23:34:47,774 INFO train AUC: 0.938
2018-11-28 23:34:47,777 INFO Evaluating...
2018-11-28 23:34:48,287 INFO valid time: 0.510
2018-11-28 23:34:48,287 INFO valid loss: 0.172
2018-11-28 23:34:48,287 INFO valid accuracy: 0.935
2018-11-28 23:34:48,287 INFO valid precision: 0.904
2018-11-28 23:34:48,287 INFO valid recall: 0.970
2018-11-28 23:34:48,287 INFO valid F1: 0.936
2018-11-28 23:34:48,288 INFO valid AUC: 0.935
2018-11-28 23:34:48,379 INFO Epoch 36:
2018-11-28 23:34:48,380 INFO Training...
2018-11-28 23:34:51,989 INFO train time: 3.608
2018-11-28 23:34:51,989 INFO train loss: 0.123
2018-11-28 23:34:51,989 INFO train accuracy: 0.941
2018-11-28 23:34:51,990 INFO train precision: 0.901
2018-11-28 23:34:51,990 INFO train recall: 0.984
2018-11-28 23:34:51,990 INFO train F1: 0.941
2018-11-28 23:34:51,991 INFO train AUC: 0.944
2018-11-28 23:34:51,991 INFO Evaluating...
2018-11-28 23:34:52,460 INFO valid time: 0.469
2018-11-28 23:34:52,461 INFO valid loss: 0.214
2018-11-28 23:34:52,461 INFO valid accuracy: 0.929
2018-11-28 23:34:52,461 INFO valid precision: 1.000
2018-11-28 23:34:52,462 INFO valid recall: 0.855
2018-11-28 23:34:52,462 INFO valid F1: 0.922
2018-11-28 23:34:52,462 INFO valid AUC: 0.927
2018-11-28 23:34:52,568 INFO Epoch 37:
2018-11-28 23:34:52,569 INFO Training...
2018-11-28 23:34:56,305 INFO train time: 3.736
2018-11-28 23:34:56,307 INFO train loss: 0.119
2018-11-28 23:34:56,307 INFO train accuracy: 0.942
2018-11-28 23:34:56,307 INFO train precision: 0.973
2018-11-28 23:34:56,307 INFO train recall: 0.902
2018-11-28 23:34:56,307 INFO train F1: 0.936
2018-11-28 23:34:56,307 INFO train AUC: 0.940
2018-11-28 23:34:56,308 INFO Evaluating...
2018-11-28 23:34:56,741 INFO valid time: 0.433
2018-11-28 23:34:56,742 INFO valid loss: 0.159
2018-11-28 23:34:56,742 INFO valid accuracy: 0.944
2018-11-28 23:34:56,742 INFO valid precision: 0.915
2018-11-28 23:34:56,742 INFO valid recall: 0.976
2018-11-28 23:34:56,742 INFO valid F1: 0.944
2018-11-28 23:34:56,742 INFO valid AUC: 0.944
2018-11-28 23:34:56,862 INFO Epoch 38:
2018-11-28 23:34:56,865 INFO Training...
2018-11-28 23:35:00,472 INFO train time: 3.607
2018-11-28 23:35:00,473 INFO train loss: 0.114
2018-11-28 23:35:00,473 INFO train accuracy: 0.947
2018-11-28 23:35:00,473 INFO train precision: 0.911
2018-11-28 23:35:00,473 INFO train recall: 0.986
2018-11-28 23:35:00,473 INFO train F1: 0.947
2018-11-28 23:35:00,473 INFO train AUC: 0.949
2018-11-28 23:35:00,474 INFO Evaluating...
2018-11-28 23:35:00,949 INFO valid time: 0.475
2018-11-28 23:35:00,949 INFO valid loss: 0.211
2018-11-28 23:35:00,949 INFO valid accuracy: 0.929
2018-11-28 23:35:00,950 INFO valid precision: 1.000
2018-11-28 23:35:00,950 INFO valid recall: 0.855
2018-11-28 23:35:00,950 INFO valid F1: 0.922
2018-11-28 23:35:00,950 INFO valid AUC: 0.927
2018-11-28 23:35:01,037 INFO Epoch 39:
2018-11-28 23:35:01,038 INFO Training...
2018-11-28 23:35:04,640 INFO train time: 3.602
2018-11-28 23:35:04,641 INFO train loss: 0.111
2018-11-28 23:35:04,641 INFO train accuracy: 0.946
2018-11-28 23:35:04,641 INFO train precision: 0.972
2018-11-28 23:35:04,641 INFO train recall: 0.912
2018-11-28 23:35:04,641 INFO train F1: 0.941
2018-11-28 23:35:04,641 INFO train AUC: 0.944
2018-11-28 23:35:04,642 INFO Evaluating...
2018-11-28 23:35:05,078 INFO valid time: 0.436
2018-11-28 23:35:05,078 INFO valid loss: 0.155
2018-11-28 23:35:05,078 INFO valid accuracy: 0.953
2018-11-28 23:35:05,078 INFO valid precision: 0.926
2018-11-28 23:35:05,078 INFO valid recall: 0.982
2018-11-28 23:35:05,079 INFO valid F1: 0.953
2018-11-28 23:35:05,079 INFO valid AUC: 0.953
2018-11-28 23:35:05,196 INFO Epoch 40:
2018-11-28 23:35:05,198 INFO Training...
2018-11-28 23:35:08,897 INFO train time: 3.699
2018-11-28 23:35:08,897 INFO train loss: 0.109
2018-11-28 23:35:08,897 INFO train accuracy: 0.955
2018-11-28 23:35:08,898 INFO train precision: 0.923
2018-11-28 23:35:08,898 INFO train recall: 0.988
2018-11-28 23:35:08,898 INFO train F1: 0.955
2018-11-28 23:35:08,898 INFO train AUC: 0.957
2018-11-28 23:35:08,899 INFO Evaluating...
2018-11-28 23:35:09,306 INFO valid time: 0.407
2018-11-28 23:35:09,306 INFO valid loss: 0.215
2018-11-28 23:35:09,307 INFO valid accuracy: 0.920
2018-11-28 23:35:09,307 INFO valid precision: 0.993
2018-11-28 23:35:09,307 INFO valid recall: 0.842
2018-11-28 23:35:09,307 INFO valid F1: 0.911
2018-11-28 23:35:09,308 INFO valid AUC: 0.918
2018-11-28 23:35:09,414 INFO Epoch 41:
2018-11-28 23:35:09,419 INFO Training...
2018-11-28 23:35:13,187 INFO train time: 3.768
2018-11-28 23:35:13,187 INFO train loss: 0.106
2018-11-28 23:35:13,188 INFO train accuracy: 0.946
2018-11-28 23:35:13,188 INFO train precision: 0.972
2018-11-28 23:35:13,188 INFO train recall: 0.912
2018-11-28 23:35:13,188 INFO train F1: 0.941
2018-11-28 23:35:13,188 INFO train AUC: 0.944
2018-11-28 23:35:13,210 INFO Evaluating...
2018-11-28 23:35:13,608 INFO valid time: 0.397
2018-11-28 23:35:13,608 INFO valid loss: 0.155
2018-11-28 23:35:13,608 INFO valid accuracy: 0.964
2018-11-28 23:35:13,608 INFO valid precision: 0.947
2018-11-28 23:35:13,609 INFO valid recall: 0.982
2018-11-28 23:35:13,609 INFO valid F1: 0.964
2018-11-28 23:35:13,609 INFO valid AUC: 0.965
2018-11-28 23:35:13,705 INFO Epoch 42:
2018-11-28 23:35:13,721 INFO Training...
2018-11-28 23:35:17,361 INFO train time: 3.639
2018-11-28 23:35:17,362 INFO train loss: 0.104
2018-11-28 23:35:17,362 INFO train accuracy: 0.961
2018-11-28 23:35:17,362 INFO train precision: 0.934
2018-11-28 23:35:17,362 INFO train recall: 0.988
2018-11-28 23:35:17,363 INFO train F1: 0.960
2018-11-28 23:35:17,363 INFO train AUC: 0.963
2018-11-28 23:35:17,363 INFO Evaluating...
2018-11-28 23:35:17,808 INFO valid time: 0.444
2018-11-28 23:35:17,808 INFO valid loss: 0.209
2018-11-28 23:35:17,809 INFO valid accuracy: 0.926
2018-11-28 23:35:17,809 INFO valid precision: 0.993
2018-11-28 23:35:17,809 INFO valid recall: 0.855
2018-11-28 23:35:17,811 INFO valid F1: 0.919
2018-11-28 23:35:17,811 INFO valid AUC: 0.924
2018-11-28 23:35:17,912 INFO Epoch 43:
2018-11-28 23:35:17,933 INFO Training...
2018-11-28 23:35:22,148 INFO train time: 4.215
2018-11-28 23:35:22,148 INFO train loss: 0.100
2018-11-28 23:35:22,149 INFO train accuracy: 0.953
2018-11-28 23:35:22,149 INFO train precision: 0.973
2018-11-28 23:35:22,149 INFO train recall: 0.927
2018-11-28 23:35:22,149 INFO train F1: 0.949
2018-11-28 23:35:22,149 INFO train AUC: 0.952
2018-11-28 23:35:22,150 INFO Evaluating...
2018-11-28 23:35:22,573 INFO valid time: 0.423
2018-11-28 23:35:22,574 INFO valid loss: 0.147
2018-11-28 23:35:22,574 INFO valid accuracy: 0.964
2018-11-28 23:35:22,574 INFO valid precision: 0.947
2018-11-28 23:35:22,574 INFO valid recall: 0.982
2018-11-28 23:35:22,574 INFO valid F1: 0.964
2018-11-28 23:35:22,574 INFO valid AUC: 0.965
2018-11-28 23:35:22,732 INFO Epoch 44:
2018-11-28 23:35:22,735 INFO Training...
2018-11-28 23:35:26,768 INFO train time: 4.033
2018-11-28 23:35:26,768 INFO train loss: 0.098
2018-11-28 23:35:26,768 INFO train accuracy: 0.959
2018-11-28 23:35:26,768 INFO train precision: 0.934
2018-11-28 23:35:26,769 INFO train recall: 0.982
2018-11-28 23:35:26,769 INFO train F1: 0.958
2018-11-28 23:35:26,769 INFO train AUC: 0.960
2018-11-28 23:35:26,770 INFO Evaluating...
2018-11-28 23:35:27,213 INFO valid time: 0.443
2018-11-28 23:35:27,214 INFO valid loss: 0.198
2018-11-28 23:35:27,214 INFO valid accuracy: 0.932
2018-11-28 23:35:27,214 INFO valid precision: 0.993
2018-11-28 23:35:27,214 INFO valid recall: 0.867
2018-11-28 23:35:27,215 INFO valid F1: 0.926
2018-11-28 23:35:27,215 INFO valid AUC: 0.930
2018-11-28 23:35:27,338 INFO Epoch 45:
2018-11-28 23:35:27,339 INFO Training...
2018-11-28 23:35:31,407 INFO train time: 4.067
2018-11-28 23:35:31,407 INFO train loss: 0.093
2018-11-28 23:35:31,408 INFO train accuracy: 0.955
2018-11-28 23:35:31,408 INFO train precision: 0.974
2018-11-28 23:35:31,408 INFO train recall: 0.930
2018-11-28 23:35:31,408 INFO train F1: 0.951
2018-11-28 23:35:31,408 INFO train AUC: 0.954
2018-11-28 23:35:31,409 INFO Evaluating...
2018-11-28 23:35:31,851 INFO valid time: 0.442
2018-11-28 23:35:31,852 INFO valid loss: 0.142
2018-11-28 23:35:31,852 INFO valid accuracy: 0.950
2018-11-28 23:35:31,852 INFO valid precision: 0.925
2018-11-28 23:35:31,852 INFO valid recall: 0.976
2018-11-28 23:35:31,853 INFO valid F1: 0.950
2018-11-28 23:35:31,853 INFO valid AUC: 0.950
2018-11-28 23:35:31,981 INFO Epoch 46:
2018-11-28 23:35:31,982 INFO Training...
2018-11-28 23:35:35,734 INFO train time: 3.752
2018-11-28 23:35:35,735 INFO train loss: 0.093
2018-11-28 23:35:35,735 INFO train accuracy: 0.956
2018-11-28 23:35:35,735 INFO train precision: 0.927
2018-11-28 23:35:35,735 INFO train recall: 0.986
2018-11-28 23:35:35,736 INFO train F1: 0.955
2018-11-28 23:35:35,736 INFO train AUC: 0.958
2018-11-28 23:35:35,736 INFO Evaluating...
2018-11-28 23:35:36,188 INFO valid time: 0.451
2018-11-28 23:35:36,188 INFO valid loss: 0.192
2018-11-28 23:35:36,188 INFO valid accuracy: 0.932
2018-11-28 23:35:36,188 INFO valid precision: 0.993
2018-11-28 23:35:36,189 INFO valid recall: 0.867
2018-11-28 23:35:36,189 INFO valid F1: 0.926
2018-11-28 23:35:36,189 INFO valid AUC: 0.930
2018-11-28 23:35:36,310 INFO Epoch 47:
2018-11-28 23:35:36,311 INFO Training...
2018-11-28 23:35:39,913 INFO train time: 3.601
2018-11-28 23:35:39,914 INFO train loss: 0.090
2018-11-28 23:35:39,914 INFO train accuracy: 0.956
2018-11-28 23:35:39,914 INFO train precision: 0.979
2018-11-28 23:35:39,914 INFO train recall: 0.927
2018-11-28 23:35:39,914 INFO train F1: 0.953
2018-11-28 23:35:39,915 INFO train AUC: 0.955
2018-11-28 23:35:39,915 INFO Evaluating...
2018-11-28 23:35:40,356 INFO valid time: 0.441
2018-11-28 23:35:40,357 INFO valid loss: 0.137
2018-11-28 23:35:40,357 INFO valid accuracy: 0.947
2018-11-28 23:35:40,357 INFO valid precision: 0.920
2018-11-28 23:35:40,357 INFO valid recall: 0.976
2018-11-28 23:35:40,358 INFO valid F1: 0.947
2018-11-28 23:35:40,358 INFO valid AUC: 0.947
2018-11-28 23:35:40,470 INFO Epoch 48:
2018-11-28 23:35:40,471 INFO Training...
2018-11-28 23:35:44,161 INFO train time: 3.690
2018-11-28 23:35:44,162 INFO train loss: 0.094
2018-11-28 23:35:44,162 INFO train accuracy: 0.957
2018-11-28 23:35:44,162 INFO train precision: 0.925
2018-11-28 23:35:44,162 INFO train recall: 0.989
2018-11-28 23:35:44,162 INFO train F1: 0.956
2018-11-28 23:35:44,162 INFO train AUC: 0.958
2018-11-28 23:35:44,163 INFO Evaluating...
2018-11-28 23:35:44,619 INFO valid time: 0.456
2018-11-28 23:35:44,619 INFO valid loss: 0.194
2018-11-28 23:35:44,619 INFO valid accuracy: 0.932
2018-11-28 23:35:44,620 INFO valid precision: 1.000
2018-11-28 23:35:44,620 INFO valid recall: 0.861
2018-11-28 23:35:44,620 INFO valid F1: 0.925
2018-11-28 23:35:44,620 INFO valid AUC: 0.930
2018-11-28 23:35:44,724 INFO Epoch 49:
2018-11-28 23:35:44,726 INFO Training...
2018-11-28 23:35:48,195 INFO train time: 3.469
2018-11-28 23:35:48,195 INFO train loss: 0.091
2018-11-28 23:35:48,195 INFO train accuracy: 0.956
2018-11-28 23:35:48,195 INFO train precision: 0.982
2018-11-28 23:35:48,196 INFO train recall: 0.925
2018-11-28 23:35:48,196 INFO train F1: 0.952
2018-11-28 23:35:48,196 INFO train AUC: 0.955
2018-11-28 23:35:48,218 INFO Evaluating...
2018-11-28 23:35:48,684 INFO valid time: 0.466
2018-11-28 23:35:48,685 INFO valid loss: 0.129
2018-11-28 23:35:48,685 INFO valid accuracy: 0.958
2018-11-28 23:35:48,685 INFO valid precision: 0.936
2018-11-28 23:35:48,685 INFO valid recall: 0.982
2018-11-28 23:35:48,686 INFO valid F1: 0.959
2018-11-28 23:35:48,686 INFO valid AUC: 0.959
2018-11-28 23:35:48,792 INFO Epoch 50:
2018-11-28 23:35:48,793 INFO Training...
2018-11-28 23:35:52,596 INFO train time: 3.803
2018-11-28 23:35:52,597 INFO train loss: 0.087
2018-11-28 23:35:52,597 INFO train accuracy: 0.961
2018-11-28 23:35:52,597 INFO train precision: 0.932
2018-11-28 23:35:52,597 INFO train recall: 0.989
2018-11-28 23:35:52,598 INFO train F1: 0.960
2018-11-28 23:35:52,598 INFO train AUC: 0.962
2018-11-28 23:35:52,598 INFO Evaluating...
2018-11-28 23:35:53,051 INFO valid time: 0.452
2018-11-28 23:35:53,052 INFO valid loss: 0.193
2018-11-28 23:35:53,052 INFO valid accuracy: 0.926
2018-11-28 23:35:53,052 INFO valid precision: 1.000
2018-11-28 23:35:53,052 INFO valid recall: 0.848
2018-11-28 23:35:53,052 INFO valid F1: 0.918
2018-11-28 23:35:53,053 INFO valid AUC: 0.924
2018-11-28 23:35:53,161 INFO Epoch 51:
2018-11-28 23:35:53,162 INFO Training...
2018-11-28 23:35:56,827 INFO train time: 3.664
2018-11-28 23:35:56,827 INFO train loss: 0.084
2018-11-28 23:35:56,827 INFO train accuracy: 0.956
2018-11-28 23:35:56,827 INFO train precision: 0.975
2018-11-28 23:35:56,828 INFO train recall: 0.931
2018-11-28 23:35:56,828 INFO train F1: 0.952
2018-11-28 23:35:56,828 INFO train AUC: 0.955
2018-11-28 23:35:56,829 INFO Evaluating...
2018-11-28 23:35:57,270 INFO valid time: 0.441
2018-11-28 23:35:57,271 INFO valid loss: 0.137
2018-11-28 23:35:57,271 INFO valid accuracy: 0.958
2018-11-28 23:35:57,271 INFO valid precision: 0.942
2018-11-28 23:35:57,271 INFO valid recall: 0.976
2018-11-28 23:35:57,272 INFO valid F1: 0.958
2018-11-28 23:35:57,272 INFO valid AUC: 0.959
2018-11-28 23:35:57,394 INFO Epoch 52:
2018-11-28 23:35:57,395 INFO Training...
2018-11-28 23:36:01,401 INFO train time: 4.006
2018-11-28 23:36:01,402 INFO train loss: 0.085
2018-11-28 23:36:01,402 INFO train accuracy: 0.967
2018-11-28 23:36:01,402 INFO train precision: 0.941
2018-11-28 23:36:01,402 INFO train recall: 0.992
2018-11-28 23:36:01,402 INFO train F1: 0.966
2018-11-28 23:36:01,403 INFO train AUC: 0.968
2018-11-28 23:36:01,404 INFO Evaluating...
2018-11-28 23:36:01,889 INFO valid time: 0.485
2018-11-28 23:36:01,889 INFO valid loss: 0.201
2018-11-28 23:36:01,889 INFO valid accuracy: 0.926
2018-11-28 23:36:01,890 INFO valid precision: 1.000
2018-11-28 23:36:01,890 INFO valid recall: 0.848
2018-11-28 23:36:01,890 INFO valid F1: 0.918
2018-11-28 23:36:01,891 INFO valid AUC: 0.924
2018-11-28 23:36:02,014 INFO Epoch 53:
2018-11-28 23:36:02,015 INFO Training...
2018-11-28 23:36:06,261 INFO train time: 4.245
2018-11-28 23:36:06,261 INFO train loss: 0.082
2018-11-28 23:36:06,262 INFO train accuracy: 0.957
2018-11-28 23:36:06,262 INFO train precision: 0.976
2018-11-28 23:36:06,262 INFO train recall: 0.931
2018-11-28 23:36:06,263 INFO train F1: 0.953
2018-11-28 23:36:06,263 INFO train AUC: 0.955
2018-11-28 23:36:06,264 INFO Evaluating...
2018-11-28 23:36:06,837 INFO valid time: 0.573
2018-11-28 23:36:06,838 INFO valid loss: 0.128
2018-11-28 23:36:06,838 INFO valid accuracy: 0.964
2018-11-28 23:36:06,838 INFO valid precision: 0.953
2018-11-28 23:36:06,839 INFO valid recall: 0.976
2018-11-28 23:36:06,839 INFO valid F1: 0.964
2018-11-28 23:36:06,839 INFO valid AUC: 0.965
2018-11-28 23:36:06,961 INFO Epoch 54:
2018-11-28 23:36:06,962 INFO Training...
2018-11-28 23:36:11,454 INFO train time: 4.491
2018-11-28 23:36:11,454 INFO train loss: 0.081
2018-11-28 23:36:11,454 INFO train accuracy: 0.965
2018-11-28 23:36:11,454 INFO train precision: 0.939
2018-11-28 23:36:11,455 INFO train recall: 0.990
2018-11-28 23:36:11,455 INFO train F1: 0.964
2018-11-28 23:36:11,455 INFO train AUC: 0.966
2018-11-28 23:36:11,456 INFO Evaluating...
2018-11-28 23:36:11,936 INFO valid time: 0.480
2018-11-28 23:36:11,936 INFO valid loss: 0.182
2018-11-28 23:36:11,937 INFO valid accuracy: 0.926
2018-11-28 23:36:11,937 INFO valid precision: 0.993
2018-11-28 23:36:11,938 INFO valid recall: 0.855
2018-11-28 23:36:11,938 INFO valid F1: 0.919
2018-11-28 23:36:11,938 INFO valid AUC: 0.924
2018-11-28 23:36:12,040 INFO Epoch 55:
2018-11-28 23:36:12,041 INFO Training...
2018-11-28 23:36:16,116 INFO train time: 4.074
2018-11-28 23:36:16,116 INFO train loss: 0.075
2018-11-28 23:36:16,116 INFO train accuracy: 0.964
2018-11-28 23:36:16,117 INFO train precision: 0.980
2018-11-28 23:36:16,117 INFO train recall: 0.943
2018-11-28 23:36:16,117 INFO train F1: 0.962
2018-11-28 23:36:16,117 INFO train AUC: 0.963
2018-11-28 23:36:16,118 INFO Evaluating...
2018-11-28 23:36:16,634 INFO valid time: 0.515
2018-11-28 23:36:16,635 INFO valid loss: 0.122
2018-11-28 23:36:16,636 INFO valid accuracy: 0.958
2018-11-28 23:36:16,637 INFO valid precision: 0.936
2018-11-28 23:36:16,637 INFO valid recall: 0.982
2018-11-28 23:36:16,638 INFO valid F1: 0.959
2018-11-28 23:36:16,638 INFO valid AUC: 0.959
2018-11-28 23:36:16,751 INFO Epoch 56:
2018-11-28 23:36:16,760 INFO Training...
2018-11-28 23:36:21,131 INFO train time: 4.370
2018-11-28 23:36:21,132 INFO train loss: 0.076
2018-11-28 23:36:21,132 INFO train accuracy: 0.966
2018-11-28 23:36:21,132 INFO train precision: 0.943
2018-11-28 23:36:21,132 INFO train recall: 0.987
2018-11-28 23:36:21,132 INFO train F1: 0.965
2018-11-28 23:36:21,132 INFO train AUC: 0.967
2018-11-28 23:36:21,134 INFO Evaluating...
2018-11-28 23:36:21,722 INFO valid time: 0.588
2018-11-28 23:36:21,723 INFO valid loss: 0.199
2018-11-28 23:36:21,723 INFO valid accuracy: 0.935
2018-11-28 23:36:21,724 INFO valid precision: 1.000
2018-11-28 23:36:21,724 INFO valid recall: 0.867
2018-11-28 23:36:21,725 INFO valid F1: 0.929
2018-11-28 23:36:21,725 INFO valid AUC: 0.933
2018-11-28 23:36:21,881 INFO Epoch 57:
2018-11-28 23:36:21,882 INFO Training...
2018-11-28 23:36:26,249 INFO train time: 4.367
2018-11-28 23:36:26,250 INFO train loss: 0.073
2018-11-28 23:36:26,250 INFO train accuracy: 0.961
2018-11-28 23:36:26,250 INFO train precision: 0.978
2018-11-28 23:36:26,250 INFO train recall: 0.938
2018-11-28 23:36:26,251 INFO train F1: 0.957
2018-11-28 23:36:26,251 INFO train AUC: 0.959
2018-11-28 23:36:26,251 INFO Evaluating...
2018-11-28 23:36:26,735 INFO valid time: 0.483
2018-11-28 23:36:26,736 INFO valid loss: 0.131
2018-11-28 23:36:26,736 INFO valid accuracy: 0.953
2018-11-28 23:36:26,736 INFO valid precision: 0.926
2018-11-28 23:36:26,736 INFO valid recall: 0.982
2018-11-28 23:36:26,736 INFO valid F1: 0.953
2018-11-28 23:36:26,736 INFO valid AUC: 0.953
2018-11-28 23:36:26,939 INFO Epoch 58:
2018-11-28 23:36:26,940 INFO Training...
2018-11-28 23:36:30,917 INFO train time: 3.977
2018-11-28 23:36:30,918 INFO train loss: 0.076
2018-11-28 23:36:30,918 INFO train accuracy: 0.961
2018-11-28 23:36:30,918 INFO train precision: 0.931
2018-11-28 23:36:30,919 INFO train recall: 0.992
2018-11-28 23:36:30,919 INFO train F1: 0.960
2018-11-28 23:36:30,919 INFO train AUC: 0.963
2018-11-28 23:36:30,919 INFO Evaluating...
2018-11-28 23:36:31,380 INFO valid time: 0.460
2018-11-28 23:36:31,380 INFO valid loss: 0.193
2018-11-28 23:36:31,380 INFO valid accuracy: 0.941
2018-11-28 23:36:31,380 INFO valid precision: 1.000
2018-11-28 23:36:31,381 INFO valid recall: 0.879
2018-11-28 23:36:31,381 INFO valid F1: 0.935
2018-11-28 23:36:31,381 INFO valid AUC: 0.939
2018-11-28 23:36:31,495 INFO Epoch 59:
2018-11-28 23:36:31,496 INFO Training...
2018-11-28 23:36:35,652 INFO train time: 4.156
2018-11-28 23:36:35,653 INFO train loss: 0.074
2018-11-28 23:36:35,653 INFO train accuracy: 0.959
2018-11-28 23:36:35,653 INFO train precision: 0.982
2018-11-28 23:36:35,654 INFO train recall: 0.930
2018-11-28 23:36:35,654 INFO train F1: 0.955
2018-11-28 23:36:35,654 INFO train AUC: 0.957
2018-11-28 23:36:35,655 INFO Evaluating...
2018-11-28 23:36:36,128 INFO valid time: 0.473
2018-11-28 23:36:36,129 INFO valid loss: 0.120
2018-11-28 23:36:36,129 INFO valid accuracy: 0.958
2018-11-28 23:36:36,129 INFO valid precision: 0.936
2018-11-28 23:36:36,129 INFO valid recall: 0.982
2018-11-28 23:36:36,129 INFO valid F1: 0.959
2018-11-28 23:36:36,129 INFO valid AUC: 0.959
2018-11-28 23:36:36,261 INFO Epoch 60:
2018-11-28 23:36:36,262 INFO Training...
2018-11-28 23:36:40,237 INFO train time: 3.975
2018-11-28 23:36:40,238 INFO train loss: 0.079
2018-11-28 23:36:40,238 INFO train accuracy: 0.963
2018-11-28 23:36:40,238 INFO train precision: 0.932
2018-11-28 23:36:40,238 INFO train recall: 0.994
2018-11-28 23:36:40,239 INFO train F1: 0.962
2018-11-28 23:36:40,239 INFO train AUC: 0.964
2018-11-28 23:36:40,240 INFO Evaluating...
2018-11-28 23:36:40,683 INFO valid time: 0.443
2018-11-28 23:36:40,684 INFO valid loss: 0.193
2018-11-28 23:36:40,684 INFO valid accuracy: 0.926
2018-11-28 23:36:40,684 INFO valid precision: 1.000
2018-11-28 23:36:40,684 INFO valid recall: 0.848
2018-11-28 23:36:40,684 INFO valid F1: 0.918
2018-11-28 23:36:40,685 INFO valid AUC: 0.924
2018-11-28 23:36:40,785 INFO Epoch 61:
2018-11-28 23:36:40,787 INFO Training...
2018-11-28 23:36:44,844 INFO train time: 4.057
2018-11-28 23:36:44,844 INFO train loss: 0.076
2018-11-28 23:36:44,844 INFO train accuracy: 0.959
2018-11-28 23:36:44,844 INFO train precision: 0.988
2018-11-28 23:36:44,845 INFO train recall: 0.925
2018-11-28 23:36:44,845 INFO train F1: 0.955
2018-11-28 23:36:44,845 INFO train AUC: 0.957
2018-11-28 23:36:44,846 INFO Evaluating...
2018-11-28 23:36:45,317 INFO valid time: 0.471
2018-11-28 23:36:45,318 INFO valid loss: 0.125
2018-11-28 23:36:45,318 INFO valid accuracy: 0.955
2018-11-28 23:36:45,318 INFO valid precision: 0.931
2018-11-28 23:36:45,318 INFO valid recall: 0.982
2018-11-28 23:36:45,318 INFO valid F1: 0.956
2018-11-28 23:36:45,318 INFO valid AUC: 0.956
2018-11-28 23:36:45,431 INFO Epoch 62:
2018-11-28 23:36:45,432 INFO Training...
2018-11-28 23:36:49,536 INFO train time: 4.103
2018-11-28 23:36:49,537 INFO train loss: 0.077
2018-11-28 23:36:49,537 INFO train accuracy: 0.965
2018-11-28 23:36:49,537 INFO train precision: 0.936
2018-11-28 23:36:49,538 INFO train recall: 0.995
2018-11-28 23:36:49,538 INFO train F1: 0.964
2018-11-28 23:36:49,538 INFO train AUC: 0.967
2018-11-28 23:36:49,539 INFO Evaluating...
2018-11-28 23:36:50,017 INFO valid time: 0.478
2018-11-28 23:36:50,018 INFO valid loss: 0.189
2018-11-28 23:36:50,018 INFO valid accuracy: 0.938
2018-11-28 23:36:50,018 INFO valid precision: 1.000
2018-11-28 23:36:50,018 INFO valid recall: 0.873
2018-11-28 23:36:50,018 INFO valid F1: 0.932
2018-11-28 23:36:50,018 INFO valid AUC: 0.936
2018-11-28 23:36:50,123 INFO Epoch 63:
2018-11-28 23:36:50,124 INFO Training...
2018-11-28 23:36:54,144 INFO train time: 4.020
2018-11-28 23:36:54,145 INFO train loss: 0.072
2018-11-28 23:36:54,145 INFO train accuracy: 0.962
2018-11-28 23:36:54,145 INFO train precision: 0.983
2018-11-28 23:36:54,145 INFO train recall: 0.936
2018-11-28 23:36:54,145 INFO train F1: 0.959
2018-11-28 23:36:54,146 INFO train AUC: 0.961
2018-11-28 23:36:54,146 INFO Evaluating...
2018-11-28 23:36:54,621 INFO valid time: 0.474
2018-11-28 23:36:54,621 INFO valid loss: 0.124
2018-11-28 23:36:54,621 INFO valid accuracy: 0.955
2018-11-28 23:36:54,621 INFO valid precision: 0.931
2018-11-28 23:36:54,622 INFO valid recall: 0.982
2018-11-28 23:36:54,622 INFO valid F1: 0.956
2018-11-28 23:36:54,622 INFO valid AUC: 0.956
2018-11-28 23:36:54,768 INFO Epoch 64:
2018-11-28 23:36:54,769 INFO Training...
2018-11-28 23:36:59,065 INFO train time: 4.296
2018-11-28 23:36:59,065 INFO train loss: 0.073
2018-11-28 23:36:59,065 INFO train accuracy: 0.968
2018-11-28 23:36:59,066 INFO train precision: 0.941
2018-11-28 23:36:59,066 INFO train recall: 0.994
2018-11-28 23:36:59,066 INFO train F1: 0.967
2018-11-28 23:36:59,066 INFO train AUC: 0.969
2018-11-28 23:36:59,067 INFO Evaluating...
2018-11-28 23:36:59,546 INFO valid time: 0.479
2018-11-28 23:36:59,547 INFO valid loss: 0.201
2018-11-28 23:36:59,547 INFO valid accuracy: 0.929
2018-11-28 23:36:59,547 INFO valid precision: 1.000
2018-11-28 23:36:59,547 INFO valid recall: 0.855
2018-11-28 23:36:59,548 INFO valid F1: 0.922
2018-11-28 23:36:59,548 INFO valid AUC: 0.927
2018-11-28 23:36:59,671 INFO Epoch 65:
2018-11-28 23:36:59,673 INFO Training...
2018-11-28 23:37:03,727 INFO train time: 4.055
2018-11-28 23:37:03,728 INFO train loss: 0.068
2018-11-28 23:37:03,728 INFO train accuracy: 0.963
2018-11-28 23:37:03,728 INFO train precision: 0.989
2018-11-28 23:37:03,728 INFO train recall: 0.934
2018-11-28 23:37:03,728 INFO train F1: 0.960
2018-11-28 23:37:03,729 INFO train AUC: 0.962
2018-11-28 23:37:03,729 INFO Evaluating...
2018-11-28 23:37:04,195 INFO valid time: 0.466
2018-11-28 23:37:04,196 INFO valid loss: 0.113
2018-11-28 23:37:04,196 INFO valid accuracy: 0.970
2018-11-28 23:37:04,196 INFO valid precision: 0.959
2018-11-28 23:37:04,196 INFO valid recall: 0.982
2018-11-28 23:37:04,197 INFO valid F1: 0.970
2018-11-28 23:37:04,197 INFO valid AUC: 0.971
2018-11-28 23:37:04,304 INFO Epoch 66:
2018-11-28 23:37:04,305 INFO Training...
2018-11-28 23:37:08,274 INFO train time: 3.968
2018-11-28 23:37:08,274 INFO train loss: 0.067
2018-11-28 23:37:08,274 INFO train accuracy: 0.969
2018-11-28 23:37:08,274 INFO train precision: 0.945
2018-11-28 23:37:08,275 INFO train recall: 0.993
2018-11-28 23:37:08,275 INFO train F1: 0.969
2018-11-28 23:37:08,275 INFO train AUC: 0.971
2018-11-28 23:37:08,276 INFO Evaluating...
2018-11-28 23:37:08,715 INFO valid time: 0.439
2018-11-28 23:37:08,716 INFO valid loss: 0.183
2018-11-28 23:37:08,716 INFO valid accuracy: 0.938
2018-11-28 23:37:08,716 INFO valid precision: 1.000
2018-11-28 23:37:08,716 INFO valid recall: 0.873
2018-11-28 23:37:08,716 INFO valid F1: 0.932
2018-11-28 23:37:08,716 INFO valid AUC: 0.936
2018-11-28 23:37:08,843 INFO Epoch 67:
2018-11-28 23:37:08,844 INFO Training...
2018-11-28 23:37:13,021 INFO train time: 4.177
2018-11-28 23:37:13,021 INFO train loss: 0.062
2018-11-28 23:37:13,021 INFO train accuracy: 0.971
2018-11-28 23:37:13,022 INFO train precision: 0.986
2018-11-28 23:37:13,022 INFO train recall: 0.952
2018-11-28 23:37:13,022 INFO train F1: 0.969
2018-11-28 23:37:13,023 INFO train AUC: 0.970
2018-11-28 23:37:13,024 INFO Evaluating...
2018-11-28 23:37:13,503 INFO valid time: 0.479
2018-11-28 23:37:13,503 INFO valid loss: 0.113
2018-11-28 23:37:13,504 INFO valid accuracy: 0.970
2018-11-28 23:37:13,504 INFO valid precision: 0.959
2018-11-28 23:37:13,504 INFO valid recall: 0.982
2018-11-28 23:37:13,504 INFO valid F1: 0.970
2018-11-28 23:37:13,505 INFO valid AUC: 0.971
2018-11-28 23:37:13,624 INFO Epoch 68:
2018-11-28 23:37:13,625 INFO Training...
2018-11-28 23:37:17,572 INFO train time: 3.946
2018-11-28 23:37:17,573 INFO train loss: 0.065
2018-11-28 23:37:17,573 INFO train accuracy: 0.972
2018-11-28 23:37:17,573 INFO train precision: 0.949
2018-11-28 23:37:17,573 INFO train recall: 0.994
2018-11-28 23:37:17,574 INFO train F1: 0.971
2018-11-28 23:37:17,574 INFO train AUC: 0.973
2018-11-28 23:37:17,574 INFO Evaluating...
2018-11-28 23:37:18,054 INFO valid time: 0.480
2018-11-28 23:37:18,055 INFO valid loss: 0.167
2018-11-28 23:37:18,055 INFO valid accuracy: 0.944
2018-11-28 23:37:18,055 INFO valid precision: 0.993
2018-11-28 23:37:18,055 INFO valid recall: 0.891
2018-11-28 23:37:18,056 INFO valid F1: 0.939
2018-11-28 23:37:18,056 INFO valid AUC: 0.943
2018-11-28 23:37:18,153 INFO Epoch 69:
2018-11-28 23:37:18,155 INFO Training...
2018-11-28 23:37:22,168 INFO train time: 4.012
2018-11-28 23:37:22,168 INFO train loss: 0.058
2018-11-28 23:37:22,169 INFO train accuracy: 0.969
2018-11-28 23:37:22,169 INFO train precision: 0.986
2018-11-28 23:37:22,169 INFO train recall: 0.948
2018-11-28 23:37:22,169 INFO train F1: 0.967
2018-11-28 23:37:22,170 INFO train AUC: 0.968
2018-11-28 23:37:22,171 INFO Evaluating...
2018-11-28 23:37:22,647 INFO valid time: 0.476
2018-11-28 23:37:22,648 INFO valid loss: 0.108
2018-11-28 23:37:22,648 INFO valid accuracy: 0.958
2018-11-28 23:37:22,648 INFO valid precision: 0.936
2018-11-28 23:37:22,648 INFO valid recall: 0.982
2018-11-28 23:37:22,648 INFO valid F1: 0.959
2018-11-28 23:37:22,648 INFO valid AUC: 0.959
2018-11-28 23:37:22,766 INFO Epoch 70:
2018-11-28 23:37:22,767 INFO Training...
2018-11-28 23:37:26,866 INFO train time: 4.099
2018-11-28 23:37:26,867 INFO train loss: 0.058
2018-11-28 23:37:26,867 INFO train accuracy: 0.971
2018-11-28 23:37:26,867 INFO train precision: 0.945
2018-11-28 23:37:26,867 INFO train recall: 0.996
2018-11-28 23:37:26,867 INFO train F1: 0.970
2018-11-28 23:37:26,868 INFO train AUC: 0.972
2018-11-28 23:37:26,868 INFO Evaluating...
2018-11-28 23:37:27,352 INFO valid time: 0.484
2018-11-28 23:37:27,353 INFO valid loss: 0.161
2018-11-28 23:37:27,353 INFO valid accuracy: 0.944
2018-11-28 23:37:27,354 INFO valid precision: 1.000
2018-11-28 23:37:27,354 INFO valid recall: 0.885
2018-11-28 23:37:27,354 INFO valid F1: 0.939
2018-11-28 23:37:27,354 INFO valid AUC: 0.942
2018-11-28 23:37:27,455 INFO Epoch 71:
2018-11-28 23:37:27,457 INFO Training...
2018-11-28 23:37:31,424 INFO train time: 3.967
2018-11-28 23:37:31,425 INFO train loss: 0.055
2018-11-28 23:37:31,426 INFO train accuracy: 0.973
2018-11-28 23:37:31,426 INFO train precision: 0.991
2018-11-28 23:37:31,426 INFO train recall: 0.952
2018-11-28 23:37:31,426 INFO train F1: 0.971
2018-11-28 23:37:31,427 INFO train AUC: 0.972
2018-11-28 23:37:31,428 INFO Evaluating...
2018-11-28 23:37:31,899 INFO valid time: 0.472
2018-11-28 23:37:31,900 INFO valid loss: 0.092
2018-11-28 23:37:31,900 INFO valid accuracy: 0.970
2018-11-28 23:37:31,900 INFO valid precision: 0.959
2018-11-28 23:37:31,900 INFO valid recall: 0.982
2018-11-28 23:37:31,900 INFO valid F1: 0.970
2018-11-28 23:37:31,901 INFO valid AUC: 0.971
2018-11-28 23:37:32,011 INFO Epoch 72:
2018-11-28 23:37:32,012 INFO Training...
2018-11-28 23:37:36,048 INFO train time: 4.036
2018-11-28 23:37:36,049 INFO train loss: 0.058
2018-11-28 23:37:36,049 INFO train accuracy: 0.972
2018-11-28 23:37:36,049 INFO train precision: 0.949
2018-11-28 23:37:36,049 INFO train recall: 0.996
2018-11-28 23:37:36,049 INFO train F1: 0.972
2018-11-28 23:37:36,049 INFO train AUC: 0.974
2018-11-28 23:37:36,050 INFO Evaluating...
2018-11-28 23:37:36,596 INFO valid time: 0.546
2018-11-28 23:37:36,597 INFO valid loss: 0.152
2018-11-28 23:37:36,597 INFO valid accuracy: 0.950
2018-11-28 23:37:36,597 INFO valid precision: 1.000
2018-11-28 23:37:36,598 INFO valid recall: 0.897
2018-11-28 23:37:36,598 INFO valid F1: 0.946
2018-11-28 23:37:36,598 INFO valid AUC: 0.948
2018-11-28 23:37:36,736 INFO Epoch 73:
2018-11-28 23:37:36,738 INFO Training...
2018-11-28 23:37:40,561 INFO train time: 3.823
2018-11-28 23:37:40,561 INFO train loss: 0.052
2018-11-28 23:37:40,562 INFO train accuracy: 0.972
2018-11-28 23:37:40,562 INFO train precision: 0.991
2018-11-28 23:37:40,562 INFO train recall: 0.949
2018-11-28 23:37:40,562 INFO train F1: 0.969
2018-11-28 23:37:40,563 INFO train AUC: 0.970
2018-11-28 23:37:40,564 INFO Evaluating...
2018-11-28 23:37:41,033 INFO valid time: 0.469
2018-11-28 23:37:41,034 INFO valid loss: 0.090
2018-11-28 23:37:41,034 INFO valid accuracy: 0.964
2018-11-28 23:37:41,034 INFO valid precision: 0.947
2018-11-28 23:37:41,035 INFO valid recall: 0.982
2018-11-28 23:37:41,035 INFO valid F1: 0.964
2018-11-28 23:37:41,035 INFO valid AUC: 0.965
2018-11-28 23:37:41,130 INFO Epoch 74:
2018-11-28 23:37:41,132 INFO Training...
2018-11-28 23:37:45,147 INFO train time: 4.015
2018-11-28 23:37:45,147 INFO train loss: 0.053
2018-11-28 23:37:45,147 INFO train accuracy: 0.974
2018-11-28 23:37:45,148 INFO train precision: 0.950
2018-11-28 23:37:45,148 INFO train recall: 0.997
2018-11-28 23:37:45,148 INFO train F1: 0.973
2018-11-28 23:37:45,148 INFO train AUC: 0.975
2018-11-28 23:37:45,149 INFO Evaluating...
2018-11-28 23:37:45,604 INFO valid time: 0.455
2018-11-28 23:37:45,604 INFO valid loss: 0.135
2018-11-28 23:37:45,604 INFO valid accuracy: 0.953
2018-11-28 23:37:45,605 INFO valid precision: 0.993
2018-11-28 23:37:45,605 INFO valid recall: 0.909
2018-11-28 23:37:45,605 INFO valid F1: 0.949
2018-11-28 23:37:45,605 INFO valid AUC: 0.952
2018-11-28 23:37:45,729 INFO Epoch 75:
2018-11-28 23:37:45,730 INFO Training...
2018-11-28 23:37:49,769 INFO train time: 4.038
2018-11-28 23:37:49,769 INFO train loss: 0.044
2018-11-28 23:37:49,770 INFO train accuracy: 0.979
2018-11-28 23:37:49,770 INFO train precision: 0.989
2018-11-28 23:37:49,770 INFO train recall: 0.966
2018-11-28 23:37:49,770 INFO train F1: 0.977
2018-11-28 23:37:49,770 INFO train AUC: 0.978
2018-11-28 23:37:49,771 INFO Evaluating...
2018-11-28 23:37:50,270 INFO valid time: 0.498
2018-11-28 23:37:50,270 INFO valid loss: 0.100
2018-11-28 23:37:50,271 INFO valid accuracy: 0.955
2018-11-28 23:37:50,271 INFO valid precision: 0.926
2018-11-28 23:37:50,275 INFO valid recall: 0.988
2018-11-28 23:37:50,275 INFO valid F1: 0.956
2018-11-28 23:37:50,275 INFO valid AUC: 0.956
2018-11-28 23:37:50,387 INFO Epoch 76:
2018-11-28 23:37:50,388 INFO Training...
2018-11-28 23:37:54,377 INFO train time: 3.989
2018-11-28 23:37:54,377 INFO train loss: 0.051
2018-11-28 23:37:54,378 INFO train accuracy: 0.978
2018-11-28 23:37:54,378 INFO train precision: 0.960
2018-11-28 23:37:54,378 INFO train recall: 0.995
2018-11-28 23:37:54,378 INFO train F1: 0.977
2018-11-28 23:37:54,378 INFO train AUC: 0.979
2018-11-28 23:37:54,379 INFO Evaluating...
2018-11-28 23:37:54,883 INFO valid time: 0.504
2018-11-28 23:37:54,884 INFO valid loss: 0.195
2018-11-28 23:37:54,884 INFO valid accuracy: 0.941
2018-11-28 23:37:54,884 INFO valid precision: 1.000
2018-11-28 23:37:54,884 INFO valid recall: 0.879
2018-11-28 23:37:54,884 INFO valid F1: 0.935
2018-11-28 23:37:54,884 INFO valid AUC: 0.939
2018-11-28 23:37:54,999 INFO Epoch 77:
2018-11-28 23:37:55,008 INFO Training...
2018-11-28 23:37:59,059 INFO train time: 4.051
2018-11-28 23:37:59,060 INFO train loss: 0.046
2018-11-28 23:37:59,060 INFO train accuracy: 0.978
2018-11-28 23:37:59,060 INFO train precision: 0.989
2018-11-28 23:37:59,060 INFO train recall: 0.965
2018-11-28 23:37:59,060 INFO train F1: 0.977
2018-11-28 23:37:59,060 INFO train AUC: 0.978
2018-11-28 23:37:59,061 INFO Evaluating...
2018-11-28 23:37:59,531 INFO valid time: 0.470
2018-11-28 23:37:59,531 INFO valid loss: 0.106
2018-11-28 23:37:59,531 INFO valid accuracy: 0.961
2018-11-28 23:37:59,531 INFO valid precision: 0.942
2018-11-28 23:37:59,532 INFO valid recall: 0.982
2018-11-28 23:37:59,532 INFO valid F1: 0.961
2018-11-28 23:37:59,532 INFO valid AUC: 0.962
2018-11-28 23:37:59,648 INFO Epoch 78:
2018-11-28 23:37:59,649 INFO Training...
2018-11-28 23:38:03,715 INFO train time: 4.066
2018-11-28 23:38:03,716 INFO train loss: 0.052
2018-11-28 23:38:03,716 INFO train accuracy: 0.975
2018-11-28 23:38:03,716 INFO train precision: 0.953
2018-11-28 23:38:03,716 INFO train recall: 0.997
2018-11-28 23:38:03,716 INFO train F1: 0.975
2018-11-28 23:38:03,716 INFO train AUC: 0.976
2018-11-28 23:38:03,717 INFO Evaluating...
2018-11-28 23:38:04,145 INFO valid time: 0.427
2018-11-28 23:38:04,145 INFO valid loss: 0.210
2018-11-28 23:38:04,145 INFO valid accuracy: 0.926
2018-11-28 23:38:04,145 INFO valid precision: 1.000
2018-11-28 23:38:04,145 INFO valid recall: 0.848
2018-11-28 23:38:04,145 INFO valid F1: 0.918
2018-11-28 23:38:04,145 INFO valid AUC: 0.924
2018-11-28 23:38:04,270 INFO Epoch 79:
2018-11-28 23:38:04,271 INFO Training...
2018-11-28 23:38:08,149 INFO train time: 3.878
2018-11-28 23:38:08,149 INFO train loss: 0.056
2018-11-28 23:38:08,149 INFO train accuracy: 0.968
2018-11-28 23:38:08,150 INFO train precision: 0.988
2018-11-28 23:38:08,150 INFO train recall: 0.944
2018-11-28 23:38:08,150 INFO train F1: 0.966
2018-11-28 23:38:08,150 INFO train AUC: 0.967
2018-11-28 23:38:08,151 INFO Evaluating...
2018-11-28 23:38:08,632 INFO valid time: 0.482
2018-11-28 23:38:08,633 INFO valid loss: 0.119
2018-11-28 23:38:08,633 INFO valid accuracy: 0.955
2018-11-28 23:38:08,633 INFO valid precision: 0.926
2018-11-28 23:38:08,633 INFO valid recall: 0.988
2018-11-28 23:38:08,633 INFO valid F1: 0.956
2018-11-28 23:38:08,633 INFO valid AUC: 0.956
2018-11-28 23:38:08,721 INFO Epoch 80:
2018-11-28 23:38:08,722 INFO Training...
2018-11-28 23:38:12,634 INFO train time: 3.912
2018-11-28 23:38:12,635 INFO train loss: 0.060
2018-11-28 23:38:12,635 INFO train accuracy: 0.971
2018-11-28 23:38:12,635 INFO train precision: 0.945
2018-11-28 23:38:12,635 INFO train recall: 0.997
2018-11-28 23:38:12,636 INFO train F1: 0.970
2018-11-28 23:38:12,636 INFO train AUC: 0.972
2018-11-28 23:38:12,637 INFO Evaluating...
2018-11-28 23:38:13,074 INFO valid time: 0.437
2018-11-28 23:38:13,074 INFO valid loss: 0.234
2018-11-28 23:38:13,074 INFO valid accuracy: 0.929
2018-11-28 23:38:13,074 INFO valid precision: 1.000
2018-11-28 23:38:13,075 INFO valid recall: 0.855
2018-11-28 23:38:13,075 INFO valid F1: 0.922
2018-11-28 23:38:13,075 INFO valid AUC: 0.927
2018-11-28 23:38:13,187 INFO Epoch 81:
2018-11-28 23:38:13,188 INFO Training...
2018-11-28 23:38:17,164 INFO train time: 3.976
2018-11-28 23:38:17,164 INFO train loss: 0.060
2018-11-28 23:38:17,165 INFO train accuracy: 0.967
2018-11-28 23:38:17,165 INFO train precision: 0.991
2018-11-28 23:38:17,165 INFO train recall: 0.939
2018-11-28 23:38:17,166 INFO train F1: 0.964
2018-11-28 23:38:17,166 INFO train AUC: 0.965
2018-11-28 23:38:17,167 INFO Evaluating...
2018-11-28 23:38:17,679 INFO valid time: 0.512
2018-11-28 23:38:17,680 INFO valid loss: 0.130
2018-11-28 23:38:17,680 INFO valid accuracy: 0.947
2018-11-28 23:38:17,680 INFO valid precision: 0.915
2018-11-28 23:38:17,680 INFO valid recall: 0.982
2018-11-28 23:38:17,681 INFO valid F1: 0.947
2018-11-28 23:38:17,681 INFO valid AUC: 0.947
2018-11-28 23:38:17,796 INFO Epoch 82:
2018-11-28 23:38:17,797 INFO Training...
2018-11-28 23:38:21,926 INFO train time: 4.128
2018-11-28 23:38:21,926 INFO train loss: 0.061
2018-11-28 23:38:21,927 INFO train accuracy: 0.966
2018-11-28 23:38:21,927 INFO train precision: 0.937
2018-11-28 23:38:21,927 INFO train recall: 0.995
2018-11-28 23:38:21,927 INFO train F1: 0.965
2018-11-28 23:38:21,928 INFO train AUC: 0.967
2018-11-28 23:38:21,928 INFO Evaluating...
2018-11-28 23:38:22,409 INFO valid time: 0.480
2018-11-28 23:38:22,409 INFO valid loss: 0.181
2018-11-28 23:38:22,409 INFO valid accuracy: 0.938
2018-11-28 23:38:22,410 INFO valid precision: 1.000
2018-11-28 23:38:22,410 INFO valid recall: 0.873
2018-11-28 23:38:22,410 INFO valid F1: 0.932
2018-11-28 23:38:22,410 INFO valid AUC: 0.936
2018-11-28 23:38:22,505 INFO Epoch 83:
2018-11-28 23:38:22,507 INFO Training...
2018-11-28 23:38:26,427 INFO train time: 3.920
2018-11-28 23:38:26,427 INFO train loss: 0.059
2018-11-28 23:38:26,428 INFO train accuracy: 0.973
2018-11-28 23:38:26,428 INFO train precision: 0.987
2018-11-28 23:38:26,428 INFO train recall: 0.956
2018-11-28 23:38:26,428 INFO train F1: 0.971
2018-11-28 23:38:26,428 INFO train AUC: 0.972
2018-11-28 23:38:26,429 INFO Evaluating...
2018-11-28 23:38:27,002 INFO valid time: 0.573
2018-11-28 23:38:27,003 INFO valid loss: 0.124
2018-11-28 23:38:27,003 INFO valid accuracy: 0.953
2018-11-28 23:38:27,003 INFO valid precision: 0.926
2018-11-28 23:38:27,003 INFO valid recall: 0.982
2018-11-28 23:38:27,003 INFO valid F1: 0.953
2018-11-28 23:38:27,003 INFO valid AUC: 0.953
2018-11-28 23:38:27,142 INFO Epoch 84:
2018-11-28 23:38:27,145 INFO Training...
2018-11-28 23:38:30,902 INFO train time: 3.757
2018-11-28 23:38:30,903 INFO train loss: 0.057
2018-11-28 23:38:30,903 INFO train accuracy: 0.972
2018-11-28 23:38:30,903 INFO train precision: 0.950
2018-11-28 23:38:30,903 INFO train recall: 0.994
2018-11-28 23:38:30,904 INFO train F1: 0.972
2018-11-28 23:38:30,904 INFO train AUC: 0.973
2018-11-28 23:38:30,905 INFO Evaluating...
2018-11-28 23:38:31,353 INFO valid time: 0.449
2018-11-28 23:38:31,354 INFO valid loss: 0.229
2018-11-28 23:38:31,354 INFO valid accuracy: 0.923
2018-11-28 23:38:31,354 INFO valid precision: 1.000
2018-11-28 23:38:31,354 INFO valid recall: 0.842
2018-11-28 23:38:31,354 INFO valid F1: 0.914
2018-11-28 23:38:31,354 INFO valid AUC: 0.921
2018-11-28 23:38:31,449 INFO Epoch 85:
2018-11-28 23:38:31,450 INFO Training...
2018-11-28 23:38:35,274 INFO train time: 3.824
2018-11-28 23:38:35,275 INFO train loss: 0.054
2018-11-28 23:38:35,275 INFO train accuracy: 0.972
2018-11-28 23:38:35,275 INFO train precision: 0.988
2018-11-28 23:38:35,275 INFO train recall: 0.953
2018-11-28 23:38:35,275 INFO train F1: 0.970
2018-11-28 23:38:35,275 INFO train AUC: 0.971
2018-11-28 23:38:35,276 INFO Evaluating...
2018-11-28 23:38:35,756 INFO valid time: 0.480
2018-11-28 23:38:35,757 INFO valid loss: 0.124
2018-11-28 23:38:35,757 INFO valid accuracy: 0.961
2018-11-28 23:38:35,757 INFO valid precision: 0.942
2018-11-28 23:38:35,757 INFO valid recall: 0.982
2018-11-28 23:38:35,757 INFO valid F1: 0.961
2018-11-28 23:38:35,758 INFO valid AUC: 0.962
2018-11-28 23:38:35,849 INFO Epoch 86:
2018-11-28 23:38:35,850 INFO Training...
2018-11-28 23:38:39,755 INFO train time: 3.905
2018-11-28 23:38:39,757 INFO train loss: 0.058
2018-11-28 23:38:39,757 INFO train accuracy: 0.972
2018-11-28 23:38:39,757 INFO train precision: 0.949
2018-11-28 23:38:39,757 INFO train recall: 0.996
2018-11-28 23:38:39,757 INFO train F1: 0.972
2018-11-28 23:38:39,757 INFO train AUC: 0.974
2018-11-28 23:38:39,758 INFO Evaluating...
2018-11-28 23:38:40,285 INFO valid time: 0.527
2018-11-28 23:38:40,286 INFO valid loss: 0.209
2018-11-28 23:38:40,286 INFO valid accuracy: 0.926
2018-11-28 23:38:40,286 INFO valid precision: 0.986
2018-11-28 23:38:40,286 INFO valid recall: 0.861
2018-11-28 23:38:40,286 INFO valid F1: 0.919
2018-11-28 23:38:40,286 INFO valid AUC: 0.924
2018-11-28 23:38:40,397 INFO Epoch 87:
2018-11-28 23:38:40,406 INFO Training...
2018-11-28 23:38:44,244 INFO train time: 3.838
2018-11-28 23:38:44,245 INFO train loss: 0.053
2018-11-28 23:38:44,245 INFO train accuracy: 0.970
2018-11-28 23:38:44,245 INFO train precision: 0.991
2018-11-28 23:38:44,245 INFO train recall: 0.946
2018-11-28 23:38:44,245 INFO train F1: 0.968
2018-11-28 23:38:44,245 INFO train AUC: 0.969
2018-11-28 23:38:44,246 INFO Evaluating...
2018-11-28 23:38:44,728 INFO valid time: 0.482
2018-11-28 23:38:44,729 INFO valid loss: 0.108
2018-11-28 23:38:44,729 INFO valid accuracy: 0.967
2018-11-28 23:38:44,729 INFO valid precision: 0.948
2018-11-28 23:38:44,729 INFO valid recall: 0.988
2018-11-28 23:38:44,729 INFO valid F1: 0.967
2018-11-28 23:38:44,729 INFO valid AUC: 0.968
2018-11-28 23:38:44,824 INFO Epoch 88:
2018-11-28 23:38:44,825 INFO Training...
2018-11-28 23:38:48,568 INFO train time: 3.742
2018-11-28 23:38:48,568 INFO train loss: 0.052
2018-11-28 23:38:48,568 INFO train accuracy: 0.975
2018-11-28 23:38:48,568 INFO train precision: 0.951
2018-11-28 23:38:48,569 INFO train recall: 0.997
2018-11-28 23:38:48,569 INFO train F1: 0.974
2018-11-28 23:38:48,569 INFO train AUC: 0.976
2018-11-28 23:38:48,570 INFO Evaluating...
2018-11-28 23:38:49,061 INFO valid time: 0.491
2018-11-28 23:38:49,061 INFO valid loss: 0.209
2018-11-28 23:38:49,061 INFO valid accuracy: 0.926
2018-11-28 23:38:49,061 INFO valid precision: 0.993
2018-11-28 23:38:49,062 INFO valid recall: 0.855
2018-11-28 23:38:49,062 INFO valid F1: 0.919
2018-11-28 23:38:49,062 INFO valid AUC: 0.924
2018-11-28 23:38:49,151 INFO Epoch 89:
2018-11-28 23:38:49,153 INFO Training...
2018-11-28 23:38:52,989 INFO train time: 3.836
2018-11-28 23:38:52,989 INFO train loss: 0.048
2018-11-28 23:38:52,989 INFO train accuracy: 0.977
2018-11-28 23:38:52,990 INFO train precision: 0.994
2018-11-28 23:38:52,990 INFO train recall: 0.956
2018-11-28 23:38:52,990 INFO train F1: 0.975
2018-11-28 23:38:52,990 INFO train AUC: 0.976
2018-11-28 23:38:52,991 INFO Evaluating...
2018-11-28 23:38:53,398 INFO valid time: 0.406
2018-11-28 23:38:53,398 INFO valid loss: 0.102
2018-11-28 23:38:53,398 INFO valid accuracy: 0.958
2018-11-28 23:38:53,398 INFO valid precision: 0.936
2018-11-28 23:38:53,399 INFO valid recall: 0.982
2018-11-28 23:38:53,399 INFO valid F1: 0.959
2018-11-28 23:38:53,399 INFO valid AUC: 0.959
2018-11-28 23:38:53,511 INFO Epoch 90:
2018-11-28 23:38:53,514 INFO Training...
2018-11-28 23:38:57,353 INFO train time: 3.839
2018-11-28 23:38:57,353 INFO train loss: 0.054
2018-11-28 23:38:57,353 INFO train accuracy: 0.973
2018-11-28 23:38:57,353 INFO train precision: 0.949
2018-11-28 23:38:57,353 INFO train recall: 0.996
2018-11-28 23:38:57,353 INFO train F1: 0.972
2018-11-28 23:38:57,354 INFO train AUC: 0.974
2018-11-28 23:38:57,354 INFO Evaluating...
2018-11-28 23:38:57,810 INFO valid time: 0.455
2018-11-28 23:38:57,810 INFO valid loss: 0.159
2018-11-28 23:38:57,810 INFO valid accuracy: 0.947
2018-11-28 23:38:57,810 INFO valid precision: 0.993
2018-11-28 23:38:57,810 INFO valid recall: 0.897
2018-11-28 23:38:57,810 INFO valid F1: 0.943
2018-11-28 23:38:57,811 INFO valid AUC: 0.946
2018-11-28 23:38:57,930 INFO Epoch 91:
2018-11-28 23:38:57,931 INFO Training...
2018-11-28 23:39:01,762 INFO train time: 3.830
2018-11-28 23:39:01,763 INFO train loss: 0.042
2018-11-28 23:39:01,763 INFO train accuracy: 0.976
2018-11-28 23:39:01,763 INFO train precision: 0.996
2018-11-28 23:39:01,763 INFO train recall: 0.953
2018-11-28 23:39:01,763 INFO train F1: 0.974
2018-11-28 23:39:01,763 INFO train AUC: 0.975
2018-11-28 23:39:01,764 INFO Evaluating...
2018-11-28 23:39:02,203 INFO valid time: 0.439
2018-11-28 23:39:02,204 INFO valid loss: 0.105
2018-11-28 23:39:02,204 INFO valid accuracy: 0.970
2018-11-28 23:39:02,204 INFO valid precision: 0.953
2018-11-28 23:39:02,204 INFO valid recall: 0.988
2018-11-28 23:39:02,204 INFO valid F1: 0.970
2018-11-28 23:39:02,204 INFO valid AUC: 0.971
2018-11-28 23:39:02,299 INFO Epoch 92:
2018-11-28 23:39:02,300 INFO Training...
2018-11-28 23:39:06,217 INFO train time: 3.916
2018-11-28 23:39:06,217 INFO train loss: 0.045
2018-11-28 23:39:06,217 INFO train accuracy: 0.977
2018-11-28 23:39:06,217 INFO train precision: 0.955
2018-11-28 23:39:06,217 INFO train recall: 0.998
2018-11-28 23:39:06,217 INFO train F1: 0.976
2018-11-28 23:39:06,217 INFO train AUC: 0.978
2018-11-28 23:39:06,218 INFO Evaluating...
2018-11-28 23:39:06,678 INFO valid time: 0.460
2018-11-28 23:39:06,678 INFO valid loss: 0.139
2018-11-28 23:39:06,679 INFO valid accuracy: 0.953
2018-11-28 23:39:06,679 INFO valid precision: 0.993
2018-11-28 23:39:06,679 INFO valid recall: 0.909
2018-11-28 23:39:06,679 INFO valid F1: 0.949
2018-11-28 23:39:06,679 INFO valid AUC: 0.952
2018-11-28 23:39:06,776 INFO Epoch 93:
2018-11-28 23:39:06,777 INFO Training...
2018-11-28 23:39:10,555 INFO train time: 3.778
2018-11-28 23:39:10,556 INFO train loss: 0.038
2018-11-28 23:39:10,556 INFO train accuracy: 0.984
2018-11-28 23:39:10,556 INFO train precision: 0.994
2018-11-28 23:39:10,556 INFO train recall: 0.971
2018-11-28 23:39:10,556 INFO train F1: 0.983
2018-11-28 23:39:10,556 INFO train AUC: 0.983
2018-11-28 23:39:10,557 INFO Evaluating...
2018-11-28 23:39:11,008 INFO valid time: 0.451
2018-11-28 23:39:11,009 INFO valid loss: 0.091
2018-11-28 23:39:11,009 INFO valid accuracy: 0.973
2018-11-28 23:39:11,009 INFO valid precision: 0.964
2018-11-28 23:39:11,009 INFO valid recall: 0.982
2018-11-28 23:39:11,009 INFO valid F1: 0.973
2018-11-28 23:39:11,010 INFO valid AUC: 0.973
2018-11-28 23:39:11,108 INFO Epoch 94:
2018-11-28 23:39:11,110 INFO Training...
2018-11-28 23:39:14,802 INFO train time: 3.692
2018-11-28 23:39:14,803 INFO train loss: 0.041
2018-11-28 23:39:14,803 INFO train accuracy: 0.980
2018-11-28 23:39:14,804 INFO train precision: 0.961
2018-11-28 23:39:14,804 INFO train recall: 0.997
2018-11-28 23:39:14,804 INFO train F1: 0.979
2018-11-28 23:39:14,805 INFO train AUC: 0.981
2018-11-28 23:39:14,806 INFO Evaluating...
2018-11-28 23:39:15,258 INFO valid time: 0.452
2018-11-28 23:39:15,258 INFO valid loss: 0.145
2018-11-28 23:39:15,258 INFO valid accuracy: 0.953
2018-11-28 23:39:15,258 INFO valid precision: 1.000
2018-11-28 23:39:15,259 INFO valid recall: 0.903
2018-11-28 23:39:15,259 INFO valid F1: 0.949
2018-11-28 23:39:15,259 INFO valid AUC: 0.952
2018-11-28 23:39:15,369 INFO Epoch 95:
2018-11-28 23:39:15,370 INFO Training...
2018-11-28 23:39:19,295 INFO train time: 3.924
2018-11-28 23:39:19,295 INFO train loss: 0.036
2018-11-28 23:39:19,295 INFO train accuracy: 0.985
2018-11-28 23:39:19,295 INFO train precision: 0.996
2018-11-28 23:39:19,296 INFO train recall: 0.972
2018-11-28 23:39:19,296 INFO train F1: 0.984
2018-11-28 23:39:19,296 INFO train AUC: 0.984
2018-11-28 23:39:19,297 INFO Evaluating...
2018-11-28 23:39:19,744 INFO valid time: 0.447
2018-11-28 23:39:19,744 INFO valid loss: 0.077
2018-11-28 23:39:19,744 INFO valid accuracy: 0.976
2018-11-28 23:39:19,744 INFO valid precision: 0.970
2018-11-28 23:39:19,744 INFO valid recall: 0.982
2018-11-28 23:39:19,745 INFO valid F1: 0.976
2018-11-28 23:39:19,745 INFO valid AUC: 0.976
2018-11-28 23:39:19,864 INFO Epoch 96:
2018-11-28 23:39:19,865 INFO Training...
2018-11-28 23:39:23,725 INFO train time: 3.859
2018-11-28 23:39:23,725 INFO train loss: 0.038
2018-11-28 23:39:23,725 INFO train accuracy: 0.981
2018-11-28 23:39:23,725 INFO train precision: 0.962
2018-11-28 23:39:23,725 INFO train recall: 0.999
2018-11-28 23:39:23,726 INFO train F1: 0.980
2018-11-28 23:39:23,726 INFO train AUC: 0.982
2018-11-28 23:39:23,726 INFO Evaluating...
2018-11-28 23:39:24,186 INFO valid time: 0.460
2018-11-28 23:39:24,187 INFO valid loss: 0.129
2018-11-28 23:39:24,187 INFO valid accuracy: 0.955
2018-11-28 23:39:24,187 INFO valid precision: 1.000
2018-11-28 23:39:24,187 INFO valid recall: 0.909
2018-11-28 23:39:24,187 INFO valid F1: 0.952
2018-11-28 23:39:24,187 INFO valid AUC: 0.955
2018-11-28 23:39:24,301 INFO Epoch 97:
2018-11-28 23:39:24,302 INFO Training...
2018-11-28 23:39:28,027 INFO train time: 3.725
2018-11-28 23:39:28,028 INFO train loss: 0.031
2018-11-28 23:39:28,028 INFO train accuracy: 0.989
2018-11-28 23:39:28,028 INFO train precision: 0.998
2018-11-28 23:39:28,028 INFO train recall: 0.979
2018-11-28 23:39:28,029 INFO train F1: 0.989
2018-11-28 23:39:28,029 INFO train AUC: 0.989
2018-11-28 23:39:28,029 INFO Evaluating...
2018-11-28 23:39:28,462 INFO valid time: 0.433
2018-11-28 23:39:28,463 INFO valid loss: 0.074
2018-11-28 23:39:28,463 INFO valid accuracy: 0.976
2018-11-28 23:39:28,463 INFO valid precision: 0.970
2018-11-28 23:39:28,463 INFO valid recall: 0.982
2018-11-28 23:39:28,463 INFO valid F1: 0.976
2018-11-28 23:39:28,464 INFO valid AUC: 0.976
2018-11-28 23:39:28,576 INFO Epoch 98:
2018-11-28 23:39:28,577 INFO Training...
2018-11-28 23:39:32,394 INFO train time: 3.816
2018-11-28 23:39:32,394 INFO train loss: 0.029
2018-11-28 23:39:32,395 INFO train accuracy: 0.987
2018-11-28 23:39:32,395 INFO train precision: 0.973
2018-11-28 23:39:32,395 INFO train recall: 1.000
2018-11-28 23:39:32,396 INFO train F1: 0.986
2018-11-28 23:39:32,396 INFO train AUC: 0.988
2018-11-28 23:39:32,397 INFO Evaluating...
2018-11-28 23:39:32,897 INFO valid time: 0.500
2018-11-28 23:39:32,898 INFO valid loss: 0.114
2018-11-28 23:39:32,898 INFO valid accuracy: 0.955
2018-11-28 23:39:32,898 INFO valid precision: 0.987
2018-11-28 23:39:32,898 INFO valid recall: 0.921
2018-11-28 23:39:32,898 INFO valid F1: 0.953
2018-11-28 23:39:32,898 INFO valid AUC: 0.955
2018-11-28 23:39:33,011 INFO Epoch 99:
2018-11-28 23:39:33,012 INFO Training...
2018-11-28 23:39:36,911 INFO train time: 3.900
2018-11-28 23:39:36,912 INFO train loss: 0.023
2018-11-28 23:39:36,913 INFO train accuracy: 0.992
2018-11-28 23:39:36,913 INFO train precision: 0.997
2018-11-28 23:39:36,913 INFO train recall: 0.985
2018-11-28 23:39:36,913 INFO train F1: 0.991
2018-11-28 23:39:36,913 INFO train AUC: 0.991
2018-11-28 23:39:36,915 INFO Evaluating...
2018-11-28 23:39:37,341 INFO valid time: 0.425
2018-11-28 23:39:37,341 INFO valid loss: 0.071
2018-11-28 23:39:37,342 INFO valid accuracy: 0.982
2018-11-28 23:39:37,342 INFO valid precision: 0.988
2018-11-28 23:39:37,342 INFO valid recall: 0.976
2018-11-28 23:39:37,342 INFO valid F1: 0.982
2018-11-28 23:39:37,342 INFO valid AUC: 0.982
2018-11-28 23:39:37,458 INFO Restoring parameters from out/kinase_pairwise/model/model.ckpt
2018-11-28 23:39:37,483 INFO Evaluating...
2018-11-28 23:39:38,276 INFO test time: 0.792
2018-11-28 23:39:38,276 INFO test loss: 0.068
2018-11-28 23:39:38,276 INFO test accuracy: 0.976
2018-11-28 23:39:38,277 INFO test precision: 0.965
2018-11-28 23:39:38,277 INFO test recall: 0.984
2018-11-28 23:39:38,277 INFO test F1: 0.975
2018-11-28 23:39:38,277 INFO test AUC: 0.977
2018-11-28 23:39:38,346 INFO Saving History to out/kinase_pairwise/history.csv
2018-11-28 23:39:38,346 INFO Saving Summary to out/kinase_pairwise/summary.csv
2018-11-28 23:39:38,350 INFO All done!
