2018-11-28 22:52:35,131 INFO Initializing
2018-11-28 22:52:35,692 INFO Loaded 2355 training samples
2018-11-28 22:52:35,693 INFO Loaded 337 validation samples
2018-11-28 22:52:35,693 INFO Loaded 673 test samples
2018-11-28 22:52:40,506 INFO Model: Graph-CNN
2018-11-28 22:52:40,508 INFO Parameters: 1134850
2018-11-28 22:52:41,256 INFO Epoch 0:
2018-11-28 22:52:41,272 INFO Training...
2018-11-28 22:52:48,615 INFO train time: 7.342
2018-11-28 22:52:48,615 INFO train loss: 0.628
2018-11-28 22:52:48,616 INFO train accuracy: 0.586
2018-11-28 22:52:48,616 INFO train precision: 0.563
2018-11-28 22:52:48,616 INFO train recall: 0.566
2018-11-28 22:52:48,616 INFO train F1: 0.564
2018-11-28 22:52:48,616 INFO train AUC: 0.585
2018-11-28 22:52:48,617 INFO Evaluating...
2018-11-28 22:52:49,525 INFO valid time: 0.907
2018-11-28 22:52:49,526 INFO valid loss: 0.633
2018-11-28 22:52:49,526 INFO valid accuracy: 0.602
2018-11-28 22:52:49,526 INFO valid precision: 0.919
2018-11-28 22:52:49,526 INFO valid recall: 0.206
2018-11-28 22:52:49,527 INFO valid F1: 0.337
2018-11-28 22:52:49,527 INFO valid AUC: 0.594
2018-11-28 22:52:49,674 INFO Epoch 1:
2018-11-28 22:52:49,676 INFO Training...
2018-11-28 22:52:55,943 INFO train time: 6.267
2018-11-28 22:52:55,945 INFO train loss: 0.408
2018-11-28 22:52:55,945 INFO train accuracy: 0.612
2018-11-28 22:52:55,945 INFO train precision: 0.877
2018-11-28 22:52:55,946 INFO train recall: 0.211
2018-11-28 22:52:55,946 INFO train F1: 0.340
2018-11-28 22:52:55,946 INFO train AUC: 0.592
2018-11-28 22:52:55,947 INFO Evaluating...
2018-11-28 22:52:57,016 INFO valid time: 1.069
2018-11-28 22:52:57,016 INFO valid loss: 0.633
2018-11-28 22:52:57,016 INFO valid accuracy: 0.617
2018-11-28 22:52:57,017 INFO valid precision: 0.891
2018-11-28 22:52:57,017 INFO valid recall: 0.248
2018-11-28 22:52:57,017 INFO valid F1: 0.389
2018-11-28 22:52:57,017 INFO valid AUC: 0.610
2018-11-28 22:52:57,171 INFO Epoch 2:
2018-11-28 22:52:57,175 INFO Training...
2018-11-28 22:53:03,904 INFO train time: 6.729
2018-11-28 22:53:03,904 INFO train loss: 0.348
2018-11-28 22:53:03,905 INFO train accuracy: 0.664
2018-11-28 22:53:03,905 INFO train precision: 0.861
2018-11-28 22:53:03,905 INFO train recall: 0.345
2018-11-28 22:53:03,905 INFO train F1: 0.493
2018-11-28 22:53:03,906 INFO train AUC: 0.648
2018-11-28 22:53:03,906 INFO Evaluating...
2018-11-28 22:53:04,816 INFO valid time: 0.909
2018-11-28 22:53:04,816 INFO valid loss: 0.509
2018-11-28 22:53:04,816 INFO valid accuracy: 0.772
2018-11-28 22:53:04,816 INFO valid precision: 0.737
2018-11-28 22:53:04,817 INFO valid recall: 0.830
2018-11-28 22:53:04,817 INFO valid F1: 0.781
2018-11-28 22:53:04,817 INFO valid AUC: 0.773
2018-11-28 22:53:04,945 INFO Epoch 3:
2018-11-28 22:53:04,947 INFO Training...
2018-11-28 22:53:11,977 INFO train time: 7.030
2018-11-28 22:53:11,978 INFO train loss: 0.307
2018-11-28 22:53:11,978 INFO train accuracy: 0.764
2018-11-28 22:53:11,978 INFO train precision: 0.717
2018-11-28 22:53:11,978 INFO train recall: 0.830
2018-11-28 22:53:11,978 INFO train F1: 0.769
2018-11-28 22:53:11,979 INFO train AUC: 0.768
2018-11-28 22:53:11,979 INFO Evaluating...
2018-11-28 22:53:12,778 INFO valid time: 0.799
2018-11-28 22:53:12,779 INFO valid loss: 0.481
2018-11-28 22:53:12,779 INFO valid accuracy: 0.789
2018-11-28 22:53:12,779 INFO valid precision: 0.753
2018-11-28 22:53:12,779 INFO valid recall: 0.848
2018-11-28 22:53:12,780 INFO valid F1: 0.798
2018-11-28 22:53:12,780 INFO valid AUC: 0.791
2018-11-28 22:53:12,912 INFO Epoch 4:
2018-11-28 22:53:12,913 INFO Training...
2018-11-28 22:53:19,310 INFO train time: 6.396
2018-11-28 22:53:19,310 INFO train loss: 0.277
2018-11-28 22:53:19,310 INFO train accuracy: 0.798
2018-11-28 22:53:19,310 INFO train precision: 0.760
2018-11-28 22:53:19,310 INFO train recall: 0.839
2018-11-28 22:53:19,310 INFO train F1: 0.797
2018-11-28 22:53:19,311 INFO train AUC: 0.800
2018-11-28 22:53:19,311 INFO Evaluating...
2018-11-28 22:53:20,269 INFO valid time: 0.957
2018-11-28 22:53:20,269 INFO valid loss: 0.438
2018-11-28 22:53:20,269 INFO valid accuracy: 0.834
2018-11-28 22:53:20,269 INFO valid precision: 0.922
2018-11-28 22:53:20,269 INFO valid recall: 0.721
2018-11-28 22:53:20,269 INFO valid F1: 0.810
2018-11-28 22:53:20,269 INFO valid AUC: 0.832
2018-11-28 22:53:20,394 INFO Epoch 5:
2018-11-28 22:53:20,399 INFO Training...
2018-11-28 22:53:26,839 INFO train time: 6.440
2018-11-28 22:53:26,840 INFO train loss: 0.253
2018-11-28 22:53:26,840 INFO train accuracy: 0.805
2018-11-28 22:53:26,840 INFO train precision: 0.902
2018-11-28 22:53:26,840 INFO train recall: 0.659
2018-11-28 22:53:26,840 INFO train F1: 0.762
2018-11-28 22:53:26,840 INFO train AUC: 0.797
2018-11-28 22:53:26,841 INFO Evaluating...
2018-11-28 22:53:27,910 INFO valid time: 1.069
2018-11-28 22:53:27,910 INFO valid loss: 0.409
2018-11-28 22:53:27,910 INFO valid accuracy: 0.861
2018-11-28 22:53:27,911 INFO valid precision: 0.947
2018-11-28 22:53:27,911 INFO valid recall: 0.758
2018-11-28 22:53:27,912 INFO valid F1: 0.842
2018-11-28 22:53:27,912 INFO valid AUC: 0.858
2018-11-28 22:53:28,039 INFO Epoch 6:
2018-11-28 22:53:28,041 INFO Training...
2018-11-28 22:53:34,663 INFO train time: 6.622
2018-11-28 22:53:34,663 INFO train loss: 0.228
2018-11-28 22:53:34,664 INFO train accuracy: 0.852
2018-11-28 22:53:34,664 INFO train precision: 0.919
2018-11-28 22:53:34,664 INFO train recall: 0.754
2018-11-28 22:53:34,664 INFO train F1: 0.829
2018-11-28 22:53:34,664 INFO train AUC: 0.847
2018-11-28 22:53:34,665 INFO Evaluating...
2018-11-28 22:53:35,619 INFO valid time: 0.954
2018-11-28 22:53:35,619 INFO valid loss: 0.373
2018-11-28 22:53:35,620 INFO valid accuracy: 0.855
2018-11-28 22:53:35,620 INFO valid precision: 0.872
2018-11-28 22:53:35,620 INFO valid recall: 0.824
2018-11-28 22:53:35,620 INFO valid F1: 0.847
2018-11-28 22:53:35,620 INFO valid AUC: 0.854
2018-11-28 22:53:35,742 INFO Epoch 7:
2018-11-28 22:53:35,746 INFO Training...
2018-11-28 22:53:42,048 INFO train time: 6.302
2018-11-28 22:53:42,049 INFO train loss: 0.212
2018-11-28 22:53:42,049 INFO train accuracy: 0.872
2018-11-28 22:53:42,049 INFO train precision: 0.859
2018-11-28 22:53:42,050 INFO train recall: 0.874
2018-11-28 22:53:42,050 INFO train F1: 0.866
2018-11-28 22:53:42,050 INFO train AUC: 0.872
2018-11-28 22:53:42,051 INFO Evaluating...
2018-11-28 22:53:42,878 INFO valid time: 0.827
2018-11-28 22:53:42,879 INFO valid loss: 0.344
2018-11-28 22:53:42,879 INFO valid accuracy: 0.884
2018-11-28 22:53:42,879 INFO valid precision: 0.932
2018-11-28 22:53:42,880 INFO valid recall: 0.824
2018-11-28 22:53:42,880 INFO valid F1: 0.875
2018-11-28 22:53:42,880 INFO valid AUC: 0.883
2018-11-28 22:53:43,010 INFO Epoch 8:
2018-11-28 22:53:43,011 INFO Training...
2018-11-28 22:53:49,777 INFO train time: 6.766
2018-11-28 22:53:49,778 INFO train loss: 0.194
2018-11-28 22:53:49,778 INFO train accuracy: 0.878
2018-11-28 22:53:49,778 INFO train precision: 0.901
2018-11-28 22:53:49,778 INFO train recall: 0.833
2018-11-28 22:53:49,778 INFO train F1: 0.866
2018-11-28 22:53:49,778 INFO train AUC: 0.875
2018-11-28 22:53:49,779 INFO Evaluating...
2018-11-28 22:53:50,601 INFO valid time: 0.822
2018-11-28 22:53:50,601 INFO valid loss: 0.325
2018-11-28 22:53:50,602 INFO valid accuracy: 0.893
2018-11-28 22:53:50,602 INFO valid precision: 0.951
2018-11-28 22:53:50,602 INFO valid recall: 0.824
2018-11-28 22:53:50,602 INFO valid F1: 0.883
2018-11-28 22:53:50,602 INFO valid AUC: 0.892
2018-11-28 22:53:50,728 INFO Epoch 9:
2018-11-28 22:53:50,729 INFO Training...
2018-11-28 22:53:57,318 INFO train time: 6.589
2018-11-28 22:53:57,319 INFO train loss: 0.181
2018-11-28 22:53:57,319 INFO train accuracy: 0.887
2018-11-28 22:53:57,319 INFO train precision: 0.920
2018-11-28 22:53:57,319 INFO train recall: 0.835
2018-11-28 22:53:57,319 INFO train F1: 0.875
2018-11-28 22:53:57,319 INFO train AUC: 0.885
2018-11-28 22:53:57,320 INFO Evaluating...
2018-11-28 22:53:58,344 INFO valid time: 1.024
2018-11-28 22:53:58,345 INFO valid loss: 0.302
2018-11-28 22:53:58,345 INFO valid accuracy: 0.890
2018-11-28 22:53:58,345 INFO valid precision: 0.921
2018-11-28 22:53:58,345 INFO valid recall: 0.848
2018-11-28 22:53:58,345 INFO valid F1: 0.883
2018-11-28 22:53:58,345 INFO valid AUC: 0.889
2018-11-28 22:53:58,475 INFO Epoch 10:
2018-11-28 22:53:58,476 INFO Training...
2018-11-28 22:54:05,484 INFO train time: 7.008
2018-11-28 22:54:05,485 INFO train loss: 0.169
2018-11-28 22:54:05,485 INFO train accuracy: 0.895
2018-11-28 22:54:05,485 INFO train precision: 0.890
2018-11-28 22:54:05,485 INFO train recall: 0.889
2018-11-28 22:54:05,485 INFO train F1: 0.889
2018-11-28 22:54:05,485 INFO train AUC: 0.895
2018-11-28 22:54:05,486 INFO Evaluating...
2018-11-28 22:54:06,374 INFO valid time: 0.887
2018-11-28 22:54:06,374 INFO valid loss: 0.288
2018-11-28 22:54:06,374 INFO valid accuracy: 0.905
2018-11-28 22:54:06,375 INFO valid precision: 0.952
2018-11-28 22:54:06,375 INFO valid recall: 0.848
2018-11-28 22:54:06,375 INFO valid F1: 0.897
2018-11-28 22:54:06,375 INFO valid AUC: 0.904
2018-11-28 22:54:06,504 INFO Epoch 11:
2018-11-28 22:54:06,505 INFO Training...
2018-11-28 22:54:12,851 INFO train time: 6.346
2018-11-28 22:54:12,852 INFO train loss: 0.159
2018-11-28 22:54:12,852 INFO train accuracy: 0.898
2018-11-28 22:54:12,852 INFO train precision: 0.920
2018-11-28 22:54:12,853 INFO train recall: 0.858
2018-11-28 22:54:12,853 INFO train F1: 0.888
2018-11-28 22:54:12,853 INFO train AUC: 0.896
2018-11-28 22:54:12,854 INFO Evaluating...
2018-11-28 22:54:13,883 INFO valid time: 1.028
2018-11-28 22:54:13,883 INFO valid loss: 0.273
2018-11-28 22:54:13,883 INFO valid accuracy: 0.902
2018-11-28 22:54:13,884 INFO valid precision: 0.940
2018-11-28 22:54:13,884 INFO valid recall: 0.855
2018-11-28 22:54:13,884 INFO valid F1: 0.895
2018-11-28 22:54:13,884 INFO valid AUC: 0.901
2018-11-28 22:54:14,030 INFO Epoch 12:
2018-11-28 22:54:14,031 INFO Training...
2018-11-28 22:54:20,881 INFO train time: 6.850
2018-11-28 22:54:20,882 INFO train loss: 0.149
2018-11-28 22:54:20,882 INFO train accuracy: 0.911
2018-11-28 22:54:20,882 INFO train precision: 0.916
2018-11-28 22:54:20,883 INFO train recall: 0.894
2018-11-28 22:54:20,883 INFO train F1: 0.905
2018-11-28 22:54:20,883 INFO train AUC: 0.910
2018-11-28 22:54:20,884 INFO Evaluating...
2018-11-28 22:54:21,957 INFO valid time: 1.074
2018-11-28 22:54:21,958 INFO valid loss: 0.261
2018-11-28 22:54:21,958 INFO valid accuracy: 0.905
2018-11-28 22:54:21,958 INFO valid precision: 0.940
2018-11-28 22:54:21,958 INFO valid recall: 0.861
2018-11-28 22:54:21,958 INFO valid F1: 0.899
2018-11-28 22:54:21,958 INFO valid AUC: 0.904
2018-11-28 22:54:22,103 INFO Epoch 13:
2018-11-28 22:54:22,109 INFO Training...
2018-11-28 22:54:28,260 INFO train time: 6.150
2018-11-28 22:54:28,260 INFO train loss: 0.140
2018-11-28 22:54:28,260 INFO train accuracy: 0.916
2018-11-28 22:54:28,261 INFO train precision: 0.921
2018-11-28 22:54:28,261 INFO train recall: 0.900
2018-11-28 22:54:28,261 INFO train F1: 0.911
2018-11-28 22:54:28,261 INFO train AUC: 0.916
2018-11-28 22:54:28,262 INFO Evaluating...
2018-11-28 22:54:29,085 INFO valid time: 0.824
2018-11-28 22:54:29,086 INFO valid loss: 0.252
2018-11-28 22:54:29,086 INFO valid accuracy: 0.905
2018-11-28 22:54:29,086 INFO valid precision: 0.940
2018-11-28 22:54:29,086 INFO valid recall: 0.861
2018-11-28 22:54:29,086 INFO valid F1: 0.899
2018-11-28 22:54:29,086 INFO valid AUC: 0.904
2018-11-28 22:54:29,216 INFO Epoch 14:
2018-11-28 22:54:29,217 INFO Training...
2018-11-28 22:54:35,586 INFO train time: 6.368
2018-11-28 22:54:35,586 INFO train loss: 0.132
2018-11-28 22:54:35,586 INFO train accuracy: 0.919
2018-11-28 22:54:35,586 INFO train precision: 0.926
2018-11-28 22:54:35,586 INFO train recall: 0.901
2018-11-28 22:54:35,586 INFO train F1: 0.914
2018-11-28 22:54:35,587 INFO train AUC: 0.918
2018-11-28 22:54:35,587 INFO Evaluating...
2018-11-28 22:54:36,622 INFO valid time: 1.034
2018-11-28 22:54:36,622 INFO valid loss: 0.241
2018-11-28 22:54:36,623 INFO valid accuracy: 0.908
2018-11-28 22:54:36,623 INFO valid precision: 0.941
2018-11-28 22:54:36,623 INFO valid recall: 0.867
2018-11-28 22:54:36,623 INFO valid F1: 0.902
2018-11-28 22:54:36,624 INFO valid AUC: 0.907
2018-11-28 22:54:36,751 INFO Epoch 15:
2018-11-28 22:54:36,752 INFO Training...
2018-11-28 22:54:43,536 INFO train time: 6.783
2018-11-28 22:54:43,536 INFO train loss: 0.125
2018-11-28 22:54:43,536 INFO train accuracy: 0.930
2018-11-28 22:54:43,536 INFO train precision: 0.929
2018-11-28 22:54:43,537 INFO train recall: 0.924
2018-11-28 22:54:43,537 INFO train F1: 0.926
2018-11-28 22:54:43,537 INFO train AUC: 0.930
2018-11-28 22:54:43,538 INFO Evaluating...
2018-11-28 22:54:44,411 INFO valid time: 0.873
2018-11-28 22:54:44,411 INFO valid loss: 0.234
2018-11-28 22:54:44,411 INFO valid accuracy: 0.908
2018-11-28 22:54:44,411 INFO valid precision: 0.947
2018-11-28 22:54:44,411 INFO valid recall: 0.861
2018-11-28 22:54:44,412 INFO valid F1: 0.902
2018-11-28 22:54:44,412 INFO valid AUC: 0.907
2018-11-28 22:54:44,569 INFO Epoch 16:
2018-11-28 22:54:44,571 INFO Training...
2018-11-28 22:54:51,407 INFO train time: 6.836
2018-11-28 22:54:51,407 INFO train loss: 0.119
2018-11-28 22:54:51,407 INFO train accuracy: 0.934
2018-11-28 22:54:51,408 INFO train precision: 0.940
2018-11-28 22:54:51,408 INFO train recall: 0.919
2018-11-28 22:54:51,408 INFO train F1: 0.929
2018-11-28 22:54:51,408 INFO train AUC: 0.933
2018-11-28 22:54:51,409 INFO Evaluating...
2018-11-28 22:54:52,388 INFO valid time: 0.979
2018-11-28 22:54:52,388 INFO valid loss: 0.225
2018-11-28 22:54:52,389 INFO valid accuracy: 0.911
2018-11-28 22:54:52,389 INFO valid precision: 0.947
2018-11-28 22:54:52,389 INFO valid recall: 0.867
2018-11-28 22:54:52,389 INFO valid F1: 0.905
2018-11-28 22:54:52,389 INFO valid AUC: 0.910
2018-11-28 22:54:52,524 INFO Epoch 17:
2018-11-28 22:54:52,530 INFO Training...
2018-11-28 22:54:59,280 INFO train time: 6.750
2018-11-28 22:54:59,281 INFO train loss: 0.113
2018-11-28 22:54:59,281 INFO train accuracy: 0.938
2018-11-28 22:54:59,281 INFO train precision: 0.938
2018-11-28 22:54:59,281 INFO train recall: 0.932
2018-11-28 22:54:59,281 INFO train F1: 0.935
2018-11-28 22:54:59,281 INFO train AUC: 0.938
2018-11-28 22:54:59,282 INFO Evaluating...
2018-11-28 22:55:00,174 INFO valid time: 0.891
2018-11-28 22:55:00,175 INFO valid loss: 0.221
2018-11-28 22:55:00,175 INFO valid accuracy: 0.908
2018-11-28 22:55:00,175 INFO valid precision: 0.953
2018-11-28 22:55:00,175 INFO valid recall: 0.855
2018-11-28 22:55:00,175 INFO valid F1: 0.901
2018-11-28 22:55:00,175 INFO valid AUC: 0.907
2018-11-28 22:55:00,311 INFO Epoch 18:
2018-11-28 22:55:00,314 INFO Training...
2018-11-28 22:55:06,709 INFO train time: 6.395
2018-11-28 22:55:06,710 INFO train loss: 0.108
2018-11-28 22:55:06,710 INFO train accuracy: 0.943
2018-11-28 22:55:06,710 INFO train precision: 0.950
2018-11-28 22:55:06,710 INFO train recall: 0.929
2018-11-28 22:55:06,710 INFO train F1: 0.939
2018-11-28 22:55:06,710 INFO train AUC: 0.942
2018-11-28 22:55:06,711 INFO Evaluating...
2018-11-28 22:55:07,746 INFO valid time: 1.034
2018-11-28 22:55:07,746 INFO valid loss: 0.213
2018-11-28 22:55:07,746 INFO valid accuracy: 0.908
2018-11-28 22:55:07,746 INFO valid precision: 0.947
2018-11-28 22:55:07,747 INFO valid recall: 0.861
2018-11-28 22:55:07,747 INFO valid F1: 0.902
2018-11-28 22:55:07,747 INFO valid AUC: 0.907
2018-11-28 22:55:07,877 INFO Epoch 19:
2018-11-28 22:55:07,879 INFO Training...
2018-11-28 22:55:14,190 INFO train time: 6.311
2018-11-28 22:55:14,190 INFO train loss: 0.103
2018-11-28 22:55:14,191 INFO train accuracy: 0.946
2018-11-28 22:55:14,191 INFO train precision: 0.949
2018-11-28 22:55:14,191 INFO train recall: 0.937
2018-11-28 22:55:14,191 INFO train F1: 0.943
2018-11-28 22:55:14,191 INFO train AUC: 0.946
2018-11-28 22:55:14,192 INFO Evaluating...
2018-11-28 22:55:14,969 INFO valid time: 0.777
2018-11-28 22:55:14,970 INFO valid loss: 0.209
2018-11-28 22:55:14,970 INFO valid accuracy: 0.914
2018-11-28 22:55:14,970 INFO valid precision: 0.959
2018-11-28 22:55:14,970 INFO valid recall: 0.861
2018-11-28 22:55:14,970 INFO valid F1: 0.907
2018-11-28 22:55:14,971 INFO valid AUC: 0.913
2018-11-28 22:55:15,208 INFO Epoch 20:
2018-11-28 22:55:15,210 INFO Training...
2018-11-28 22:55:22,062 INFO train time: 6.852
2018-11-28 22:55:22,062 INFO train loss: 0.099
2018-11-28 22:55:22,063 INFO train accuracy: 0.951
2018-11-28 22:55:22,063 INFO train precision: 0.960
2018-11-28 22:55:22,063 INFO train recall: 0.935
2018-11-28 22:55:22,063 INFO train F1: 0.947
2018-11-28 22:55:22,063 INFO train AUC: 0.950
2018-11-28 22:55:22,064 INFO Evaluating...
2018-11-28 22:55:23,036 INFO valid time: 0.972
2018-11-28 22:55:23,036 INFO valid loss: 0.202
2018-11-28 22:55:23,036 INFO valid accuracy: 0.926
2018-11-28 22:55:23,036 INFO valid precision: 0.961
2018-11-28 22:55:23,037 INFO valid recall: 0.885
2018-11-28 22:55:23,037 INFO valid F1: 0.921
2018-11-28 22:55:23,037 INFO valid AUC: 0.925
2018-11-28 22:55:23,178 INFO Epoch 21:
2018-11-28 22:55:23,181 INFO Training...
2018-11-28 22:55:29,601 INFO train time: 6.420
2018-11-28 22:55:29,602 INFO train loss: 0.095
2018-11-28 22:55:29,602 INFO train accuracy: 0.955
2018-11-28 22:55:29,602 INFO train precision: 0.961
2018-11-28 22:55:29,602 INFO train recall: 0.943
2018-11-28 22:55:29,602 INFO train F1: 0.952
2018-11-28 22:55:29,602 INFO train AUC: 0.954
2018-11-28 22:55:29,603 INFO Evaluating...
2018-11-28 22:55:30,454 INFO valid time: 0.850
2018-11-28 22:55:30,455 INFO valid loss: 0.199
2018-11-28 22:55:30,455 INFO valid accuracy: 0.923
2018-11-28 22:55:30,455 INFO valid precision: 0.966
2018-11-28 22:55:30,455 INFO valid recall: 0.873
2018-11-28 22:55:30,455 INFO valid F1: 0.917
2018-11-28 22:55:30,455 INFO valid AUC: 0.922
2018-11-28 22:55:30,582 INFO Epoch 22:
2018-11-28 22:55:30,584 INFO Training...
2018-11-28 22:55:37,160 INFO train time: 6.576
2018-11-28 22:55:37,160 INFO train loss: 0.091
2018-11-28 22:55:37,160 INFO train accuracy: 0.953
2018-11-28 22:55:37,161 INFO train precision: 0.961
2018-11-28 22:55:37,161 INFO train recall: 0.939
2018-11-28 22:55:37,161 INFO train F1: 0.950
2018-11-28 22:55:37,161 INFO train AUC: 0.953
2018-11-28 22:55:37,162 INFO Evaluating...
2018-11-28 22:55:38,015 INFO valid time: 0.853
2018-11-28 22:55:38,015 INFO valid loss: 0.192
2018-11-28 22:55:38,015 INFO valid accuracy: 0.929
2018-11-28 22:55:38,016 INFO valid precision: 0.967
2018-11-28 22:55:38,016 INFO valid recall: 0.885
2018-11-28 22:55:38,016 INFO valid F1: 0.924
2018-11-28 22:55:38,016 INFO valid AUC: 0.928
2018-11-28 22:55:38,168 INFO Epoch 23:
2018-11-28 22:55:38,170 INFO Training...
2018-11-28 22:55:44,506 INFO train time: 6.336
2018-11-28 22:55:44,507 INFO train loss: 0.088
2018-11-28 22:55:44,507 INFO train accuracy: 0.958
2018-11-28 22:55:44,507 INFO train precision: 0.961
2018-11-28 22:55:44,508 INFO train recall: 0.949
2018-11-28 22:55:44,508 INFO train F1: 0.955
2018-11-28 22:55:44,508 INFO train AUC: 0.957
2018-11-28 22:55:44,509 INFO Evaluating...
2018-11-28 22:55:45,400 INFO valid time: 0.891
2018-11-28 22:55:45,400 INFO valid loss: 0.190
2018-11-28 22:55:45,400 INFO valid accuracy: 0.929
2018-11-28 22:55:45,400 INFO valid precision: 0.967
2018-11-28 22:55:45,400 INFO valid recall: 0.885
2018-11-28 22:55:45,401 INFO valid F1: 0.924
2018-11-28 22:55:45,401 INFO valid AUC: 0.928
2018-11-28 22:55:45,536 INFO Epoch 24:
2018-11-28 22:55:45,537 INFO Training...
2018-11-28 22:55:52,495 INFO train time: 6.957
2018-11-28 22:55:52,496 INFO train loss: 0.084
2018-11-28 22:55:52,496 INFO train accuracy: 0.957
2018-11-28 22:55:52,496 INFO train precision: 0.964
2018-11-28 22:55:52,496 INFO train recall: 0.944
2018-11-28 22:55:52,496 INFO train F1: 0.954
2018-11-28 22:55:52,496 INFO train AUC: 0.956
2018-11-28 22:55:52,497 INFO Evaluating...
2018-11-28 22:55:53,426 INFO valid time: 0.929
2018-11-28 22:55:53,427 INFO valid loss: 0.184
2018-11-28 22:55:53,427 INFO valid accuracy: 0.935
2018-11-28 22:55:53,427 INFO valid precision: 0.967
2018-11-28 22:55:53,427 INFO valid recall: 0.897
2018-11-28 22:55:53,427 INFO valid F1: 0.931
2018-11-28 22:55:53,427 INFO valid AUC: 0.934
2018-11-28 22:55:53,571 INFO Epoch 25:
2018-11-28 22:55:53,572 INFO Training...
2018-11-28 22:55:59,909 INFO train time: 6.337
2018-11-28 22:55:59,910 INFO train loss: 0.081
2018-11-28 22:55:59,910 INFO train accuracy: 0.959
2018-11-28 22:55:59,910 INFO train precision: 0.963
2018-11-28 22:55:59,910 INFO train recall: 0.951
2018-11-28 22:55:59,910 INFO train F1: 0.957
2018-11-28 22:55:59,911 INFO train AUC: 0.959
2018-11-28 22:55:59,911 INFO Evaluating...
2018-11-28 22:56:00,785 INFO valid time: 0.874
2018-11-28 22:56:00,786 INFO valid loss: 0.183
2018-11-28 22:56:00,786 INFO valid accuracy: 0.932
2018-11-28 22:56:00,786 INFO valid precision: 0.967
2018-11-28 22:56:00,786 INFO valid recall: 0.891
2018-11-28 22:56:00,787 INFO valid F1: 0.927
2018-11-28 22:56:00,787 INFO valid AUC: 0.931
2018-11-28 22:56:00,904 INFO Epoch 26:
2018-11-28 22:56:00,909 INFO Training...
2018-11-28 22:56:08,059 INFO train time: 7.149
2018-11-28 22:56:08,060 INFO train loss: 0.079
2018-11-28 22:56:08,060 INFO train accuracy: 0.959
2018-11-28 22:56:08,060 INFO train precision: 0.968
2018-11-28 22:56:08,060 INFO train recall: 0.945
2018-11-28 22:56:08,061 INFO train F1: 0.956
2018-11-28 22:56:08,061 INFO train AUC: 0.959
2018-11-28 22:56:08,062 INFO Evaluating...
2018-11-28 22:56:09,186 INFO valid time: 1.124
2018-11-28 22:56:09,186 INFO valid loss: 0.176
2018-11-28 22:56:09,187 INFO valid accuracy: 0.935
2018-11-28 22:56:09,187 INFO valid precision: 0.967
2018-11-28 22:56:09,187 INFO valid recall: 0.897
2018-11-28 22:56:09,187 INFO valid F1: 0.931
2018-11-28 22:56:09,188 INFO valid AUC: 0.934
2018-11-28 22:56:09,314 INFO Epoch 27:
2018-11-28 22:56:09,316 INFO Training...
2018-11-28 22:56:15,892 INFO train time: 6.576
2018-11-28 22:56:15,892 INFO train loss: 0.076
2018-11-28 22:56:15,893 INFO train accuracy: 0.963
2018-11-28 22:56:15,893 INFO train precision: 0.966
2018-11-28 22:56:15,893 INFO train recall: 0.955
2018-11-28 22:56:15,893 INFO train F1: 0.960
2018-11-28 22:56:15,893 INFO train AUC: 0.962
2018-11-28 22:56:15,894 INFO Evaluating...
2018-11-28 22:56:16,763 INFO valid time: 0.869
2018-11-28 22:56:16,763 INFO valid loss: 0.177
2018-11-28 22:56:16,763 INFO valid accuracy: 0.935
2018-11-28 22:56:16,763 INFO valid precision: 0.967
2018-11-28 22:56:16,763 INFO valid recall: 0.897
2018-11-28 22:56:16,764 INFO valid F1: 0.931
2018-11-28 22:56:16,764 INFO valid AUC: 0.934
2018-11-28 22:56:16,914 INFO Epoch 28:
2018-11-28 22:56:16,915 INFO Training...
2018-11-28 22:56:23,700 INFO train time: 6.785
2018-11-28 22:56:23,701 INFO train loss: 0.073
2018-11-28 22:56:23,701 INFO train accuracy: 0.961
2018-11-28 22:56:23,701 INFO train precision: 0.971
2018-11-28 22:56:23,701 INFO train recall: 0.945
2018-11-28 22:56:23,701 INFO train F1: 0.958
2018-11-28 22:56:23,702 INFO train AUC: 0.960
2018-11-28 22:56:23,702 INFO Evaluating...
2018-11-28 22:56:24,731 INFO valid time: 1.028
2018-11-28 22:56:24,731 INFO valid loss: 0.169
2018-11-28 22:56:24,732 INFO valid accuracy: 0.941
2018-11-28 22:56:24,732 INFO valid precision: 0.968
2018-11-28 22:56:24,732 INFO valid recall: 0.909
2018-11-28 22:56:24,732 INFO valid F1: 0.938
2018-11-28 22:56:24,732 INFO valid AUC: 0.940
2018-11-28 22:56:24,870 INFO Epoch 29:
2018-11-28 22:56:24,871 INFO Training...
2018-11-28 22:56:31,708 INFO train time: 6.837
2018-11-28 22:56:31,709 INFO train loss: 0.071
2018-11-28 22:56:31,709 INFO train accuracy: 0.965
2018-11-28 22:56:31,709 INFO train precision: 0.967
2018-11-28 22:56:31,710 INFO train recall: 0.959
2018-11-28 22:56:31,710 INFO train F1: 0.963
2018-11-28 22:56:31,710 INFO train AUC: 0.964
2018-11-28 22:56:31,711 INFO Evaluating...
2018-11-28 22:56:32,541 INFO valid time: 0.830
2018-11-28 22:56:32,541 INFO valid loss: 0.172
2018-11-28 22:56:32,542 INFO valid accuracy: 0.935
2018-11-28 22:56:32,542 INFO valid precision: 0.967
2018-11-28 22:56:32,542 INFO valid recall: 0.897
2018-11-28 22:56:32,542 INFO valid F1: 0.931
2018-11-28 22:56:32,542 INFO valid AUC: 0.934
2018-11-28 22:56:32,691 INFO Epoch 30:
2018-11-28 22:56:32,692 INFO Training...
2018-11-28 22:56:39,516 INFO train time: 6.824
2018-11-28 22:56:39,516 INFO train loss: 0.069
2018-11-28 22:56:39,517 INFO train accuracy: 0.962
2018-11-28 22:56:39,517 INFO train precision: 0.971
2018-11-28 22:56:39,517 INFO train recall: 0.949
2018-11-28 22:56:39,517 INFO train F1: 0.960
2018-11-28 22:56:39,517 INFO train AUC: 0.962
2018-11-28 22:56:39,518 INFO Evaluating...
2018-11-28 22:56:40,378 INFO valid time: 0.860
2018-11-28 22:56:40,378 INFO valid loss: 0.163
2018-11-28 22:56:40,378 INFO valid accuracy: 0.941
2018-11-28 22:56:40,379 INFO valid precision: 0.968
2018-11-28 22:56:40,379 INFO valid recall: 0.909
2018-11-28 22:56:40,379 INFO valid F1: 0.938
2018-11-28 22:56:40,379 INFO valid AUC: 0.940
2018-11-28 22:56:40,506 INFO Epoch 31:
2018-11-28 22:56:40,507 INFO Training...
2018-11-28 22:56:46,853 INFO train time: 6.346
2018-11-28 22:56:46,853 INFO train loss: 0.067
2018-11-28 22:56:46,854 INFO train accuracy: 0.968
2018-11-28 22:56:46,854 INFO train precision: 0.968
2018-11-28 22:56:46,854 INFO train recall: 0.964
2018-11-28 22:56:46,854 INFO train F1: 0.966
2018-11-28 22:56:46,854 INFO train AUC: 0.968
2018-11-28 22:56:46,855 INFO Evaluating...
2018-11-28 22:56:47,825 INFO valid time: 0.970
2018-11-28 22:56:47,825 INFO valid loss: 0.168
2018-11-28 22:56:47,825 INFO valid accuracy: 0.941
2018-11-28 22:56:47,825 INFO valid precision: 0.980
2018-11-28 22:56:47,825 INFO valid recall: 0.897
2018-11-28 22:56:47,825 INFO valid F1: 0.937
2018-11-28 22:56:47,825 INFO valid AUC: 0.940
2018-11-28 22:56:47,967 INFO Epoch 32:
2018-11-28 22:56:47,971 INFO Training...
2018-11-28 22:56:54,719 INFO train time: 6.748
2018-11-28 22:56:54,720 INFO train loss: 0.065
2018-11-28 22:56:54,720 INFO train accuracy: 0.965
2018-11-28 22:56:54,721 INFO train precision: 0.977
2018-11-28 22:56:54,721 INFO train recall: 0.949
2018-11-28 22:56:54,721 INFO train F1: 0.963
2018-11-28 22:56:54,721 INFO train AUC: 0.964
2018-11-28 22:56:54,722 INFO Evaluating...
2018-11-28 22:56:55,694 INFO valid time: 0.972
2018-11-28 22:56:55,694 INFO valid loss: 0.158
2018-11-28 22:56:55,694 INFO valid accuracy: 0.941
2018-11-28 22:56:55,695 INFO valid precision: 0.968
2018-11-28 22:56:55,695 INFO valid recall: 0.909
2018-11-28 22:56:55,695 INFO valid F1: 0.938
2018-11-28 22:56:55,695 INFO valid AUC: 0.940
2018-11-28 22:56:55,835 INFO Epoch 33:
2018-11-28 22:56:55,839 INFO Training...
2018-11-28 22:57:02,470 INFO train time: 6.631
2018-11-28 22:57:02,471 INFO train loss: 0.063
2018-11-28 22:57:02,471 INFO train accuracy: 0.969
2018-11-28 22:57:02,471 INFO train precision: 0.969
2018-11-28 22:57:02,471 INFO train recall: 0.966
2018-11-28 22:57:02,471 INFO train F1: 0.968
2018-11-28 22:57:02,472 INFO train AUC: 0.969
2018-11-28 22:57:02,472 INFO Evaluating...
2018-11-28 22:57:03,352 INFO valid time: 0.880
2018-11-28 22:57:03,353 INFO valid loss: 0.164
2018-11-28 22:57:03,353 INFO valid accuracy: 0.941
2018-11-28 22:57:03,353 INFO valid precision: 0.980
2018-11-28 22:57:03,353 INFO valid recall: 0.897
2018-11-28 22:57:03,353 INFO valid F1: 0.937
2018-11-28 22:57:03,353 INFO valid AUC: 0.940
2018-11-28 22:57:03,494 INFO Epoch 34:
2018-11-28 22:57:03,495 INFO Training...
2018-11-28 22:57:09,950 INFO train time: 6.455
2018-11-28 22:57:09,951 INFO train loss: 0.061
2018-11-28 22:57:09,951 INFO train accuracy: 0.967
2018-11-28 22:57:09,951 INFO train precision: 0.979
2018-11-28 22:57:09,951 INFO train recall: 0.952
2018-11-28 22:57:09,952 INFO train F1: 0.965
2018-11-28 22:57:09,952 INFO train AUC: 0.967
2018-11-28 22:57:09,952 INFO Evaluating...
2018-11-28 22:57:10,833 INFO valid time: 0.880
2018-11-28 22:57:10,833 INFO valid loss: 0.153
2018-11-28 22:57:10,833 INFO valid accuracy: 0.941
2018-11-28 22:57:10,834 INFO valid precision: 0.968
2018-11-28 22:57:10,834 INFO valid recall: 0.909
2018-11-28 22:57:10,834 INFO valid F1: 0.938
2018-11-28 22:57:10,834 INFO valid AUC: 0.940
2018-11-28 22:57:10,964 INFO Epoch 35:
2018-11-28 22:57:10,968 INFO Training...
2018-11-28 22:57:17,636 INFO train time: 6.667
2018-11-28 22:57:17,636 INFO train loss: 0.059
2018-11-28 22:57:17,636 INFO train accuracy: 0.971
2018-11-28 22:57:17,636 INFO train precision: 0.969
2018-11-28 22:57:17,636 INFO train recall: 0.969
2018-11-28 22:57:17,636 INFO train F1: 0.969
2018-11-28 22:57:17,637 INFO train AUC: 0.971
2018-11-28 22:57:17,637 INFO Evaluating...
2018-11-28 22:57:18,614 INFO valid time: 0.977
2018-11-28 22:57:18,615 INFO valid loss: 0.160
2018-11-28 22:57:18,615 INFO valid accuracy: 0.944
2018-11-28 22:57:18,615 INFO valid precision: 0.980
2018-11-28 22:57:18,615 INFO valid recall: 0.903
2018-11-28 22:57:18,615 INFO valid F1: 0.940
2018-11-28 22:57:18,615 INFO valid AUC: 0.943
2018-11-28 22:57:18,749 INFO Epoch 36:
2018-11-28 22:57:18,751 INFO Training...
2018-11-28 22:57:25,066 INFO train time: 6.315
2018-11-28 22:57:25,067 INFO train loss: 0.058
2018-11-28 22:57:25,067 INFO train accuracy: 0.971
2018-11-28 22:57:25,067 INFO train precision: 0.980
2018-11-28 22:57:25,068 INFO train recall: 0.958
2018-11-28 22:57:25,068 INFO train F1: 0.969
2018-11-28 22:57:25,068 INFO train AUC: 0.970
2018-11-28 22:57:25,069 INFO Evaluating...
2018-11-28 22:57:26,065 INFO valid time: 0.996
2018-11-28 22:57:26,065 INFO valid loss: 0.149
2018-11-28 22:57:26,065 INFO valid accuracy: 0.941
2018-11-28 22:57:26,066 INFO valid precision: 0.968
2018-11-28 22:57:26,066 INFO valid recall: 0.909
2018-11-28 22:57:26,066 INFO valid F1: 0.938
2018-11-28 22:57:26,066 INFO valid AUC: 0.940
2018-11-28 22:57:26,194 INFO Epoch 37:
2018-11-28 22:57:26,200 INFO Training...
2018-11-28 22:57:32,551 INFO train time: 6.351
2018-11-28 22:57:32,551 INFO train loss: 0.056
2018-11-28 22:57:32,551 INFO train accuracy: 0.971
2018-11-28 22:57:32,551 INFO train precision: 0.970
2018-11-28 22:57:32,551 INFO train recall: 0.970
2018-11-28 22:57:32,551 INFO train F1: 0.970
2018-11-28 22:57:32,552 INFO train AUC: 0.971
2018-11-28 22:57:32,552 INFO Evaluating...
2018-11-28 22:57:33,427 INFO valid time: 0.875
2018-11-28 22:57:33,427 INFO valid loss: 0.156
2018-11-28 22:57:33,428 INFO valid accuracy: 0.947
2018-11-28 22:57:33,428 INFO valid precision: 0.980
2018-11-28 22:57:33,428 INFO valid recall: 0.909
2018-11-28 22:57:33,428 INFO valid F1: 0.943
2018-11-28 22:57:33,428 INFO valid AUC: 0.946
2018-11-28 22:57:33,558 INFO Epoch 38:
2018-11-28 22:57:33,559 INFO Training...
2018-11-28 22:57:40,086 INFO train time: 6.527
2018-11-28 22:57:40,087 INFO train loss: 0.054
2018-11-28 22:57:40,087 INFO train accuracy: 0.973
2018-11-28 22:57:40,087 INFO train precision: 0.982
2018-11-28 22:57:40,087 INFO train recall: 0.961
2018-11-28 22:57:40,087 INFO train F1: 0.971
2018-11-28 22:57:40,087 INFO train AUC: 0.972
2018-11-28 22:57:40,088 INFO Evaluating...
2018-11-28 22:57:41,005 INFO valid time: 0.917
2018-11-28 22:57:41,005 INFO valid loss: 0.145
2018-11-28 22:57:41,006 INFO valid accuracy: 0.944
2018-11-28 22:57:41,006 INFO valid precision: 0.968
2018-11-28 22:57:41,006 INFO valid recall: 0.915
2018-11-28 22:57:41,006 INFO valid F1: 0.941
2018-11-28 22:57:41,006 INFO valid AUC: 0.943
2018-11-28 22:57:41,166 INFO Epoch 39:
2018-11-28 22:57:41,167 INFO Training...
2018-11-28 22:57:47,606 INFO train time: 6.439
2018-11-28 22:57:47,607 INFO train loss: 0.053
2018-11-28 22:57:47,607 INFO train accuracy: 0.973
2018-11-28 22:57:47,607 INFO train precision: 0.970
2018-11-28 22:57:47,607 INFO train recall: 0.972
2018-11-28 22:57:47,607 INFO train F1: 0.971
2018-11-28 22:57:47,607 INFO train AUC: 0.973
2018-11-28 22:57:47,608 INFO Evaluating...
2018-11-28 22:57:48,575 INFO valid time: 0.967
2018-11-28 22:57:48,575 INFO valid loss: 0.151
2018-11-28 22:57:48,576 INFO valid accuracy: 0.947
2018-11-28 22:57:48,576 INFO valid precision: 0.980
2018-11-28 22:57:48,576 INFO valid recall: 0.909
2018-11-28 22:57:48,577 INFO valid F1: 0.943
2018-11-28 22:57:48,577 INFO valid AUC: 0.946
2018-11-28 22:57:48,695 INFO Epoch 40:
2018-11-28 22:57:48,696 INFO Training...
2018-11-28 22:57:55,545 INFO train time: 6.848
2018-11-28 22:57:55,545 INFO train loss: 0.051
2018-11-28 22:57:55,545 INFO train accuracy: 0.974
2018-11-28 22:57:55,546 INFO train precision: 0.983
2018-11-28 22:57:55,546 INFO train recall: 0.961
2018-11-28 22:57:55,546 INFO train F1: 0.972
2018-11-28 22:57:55,546 INFO train AUC: 0.973
2018-11-28 22:57:55,547 INFO Evaluating...
2018-11-28 22:57:56,448 INFO valid time: 0.901
2018-11-28 22:57:56,448 INFO valid loss: 0.143
2018-11-28 22:57:56,448 INFO valid accuracy: 0.947
2018-11-28 22:57:56,449 INFO valid precision: 0.974
2018-11-28 22:57:56,449 INFO valid recall: 0.915
2018-11-28 22:57:56,449 INFO valid F1: 0.944
2018-11-28 22:57:56,449 INFO valid AUC: 0.946
2018-11-28 22:57:56,565 INFO Epoch 41:
2018-11-28 22:57:56,570 INFO Training...
2018-11-28 22:58:03,506 INFO train time: 6.936
2018-11-28 22:58:03,507 INFO train loss: 0.050
2018-11-28 22:58:03,507 INFO train accuracy: 0.976
2018-11-28 22:58:03,507 INFO train precision: 0.976
2018-11-28 22:58:03,507 INFO train recall: 0.974
2018-11-28 22:58:03,507 INFO train F1: 0.975
2018-11-28 22:58:03,508 INFO train AUC: 0.976
2018-11-28 22:58:03,508 INFO Evaluating...
2018-11-28 22:58:04,497 INFO valid time: 0.988
2018-11-28 22:58:04,497 INFO valid loss: 0.147
2018-11-28 22:58:04,497 INFO valid accuracy: 0.947
2018-11-28 22:58:04,497 INFO valid precision: 0.980
2018-11-28 22:58:04,498 INFO valid recall: 0.909
2018-11-28 22:58:04,498 INFO valid F1: 0.943
2018-11-28 22:58:04,498 INFO valid AUC: 0.946
2018-11-28 22:58:04,640 INFO Epoch 42:
2018-11-28 22:58:04,641 INFO Training...
2018-11-28 22:58:11,161 INFO train time: 6.520
2018-11-28 22:58:11,162 INFO train loss: 0.048
2018-11-28 22:58:11,162 INFO train accuracy: 0.976
2018-11-28 22:58:11,162 INFO train precision: 0.984
2018-11-28 22:58:11,162 INFO train recall: 0.966
2018-11-28 22:58:11,162 INFO train F1: 0.975
2018-11-28 22:58:11,162 INFO train AUC: 0.976
2018-11-28 22:58:11,163 INFO Evaluating...
2018-11-28 22:58:12,115 INFO valid time: 0.952
2018-11-28 22:58:12,115 INFO valid loss: 0.140
2018-11-28 22:58:12,116 INFO valid accuracy: 0.950
2018-11-28 22:58:12,116 INFO valid precision: 0.981
2018-11-28 22:58:12,116 INFO valid recall: 0.915
2018-11-28 22:58:12,116 INFO valid F1: 0.947
2018-11-28 22:58:12,116 INFO valid AUC: 0.949
2018-11-28 22:58:12,242 INFO Epoch 43:
2018-11-28 22:58:12,243 INFO Training...
2018-11-28 22:58:19,426 INFO train time: 7.183
2018-11-28 22:58:19,427 INFO train loss: 0.047
2018-11-28 22:58:19,427 INFO train accuracy: 0.978
2018-11-28 22:58:19,427 INFO train precision: 0.978
2018-11-28 22:58:19,427 INFO train recall: 0.975
2018-11-28 22:58:19,427 INFO train F1: 0.977
2018-11-28 22:58:19,427 INFO train AUC: 0.978
2018-11-28 22:58:19,428 INFO Evaluating...
2018-11-28 22:58:20,355 INFO valid time: 0.927
2018-11-28 22:58:20,355 INFO valid loss: 0.143
2018-11-28 22:58:20,356 INFO valid accuracy: 0.947
2018-11-28 22:58:20,356 INFO valid precision: 0.980
2018-11-28 22:58:20,356 INFO valid recall: 0.909
2018-11-28 22:58:20,356 INFO valid F1: 0.943
2018-11-28 22:58:20,356 INFO valid AUC: 0.946
2018-11-28 22:58:20,487 INFO Epoch 44:
2018-11-28 22:58:20,488 INFO Training...
2018-11-28 22:58:27,412 INFO train time: 6.924
2018-11-28 22:58:27,414 INFO train loss: 0.046
2018-11-28 22:58:27,414 INFO train accuracy: 0.977
2018-11-28 22:58:27,415 INFO train precision: 0.984
2018-11-28 22:58:27,415 INFO train recall: 0.969
2018-11-28 22:58:27,415 INFO train F1: 0.976
2018-11-28 22:58:27,415 INFO train AUC: 0.977
2018-11-28 22:58:27,416 INFO Evaluating...
2018-11-28 22:58:28,322 INFO valid time: 0.906
2018-11-28 22:58:28,323 INFO valid loss: 0.138
2018-11-28 22:58:28,323 INFO valid accuracy: 0.950
2018-11-28 22:58:28,323 INFO valid precision: 0.981
2018-11-28 22:58:28,323 INFO valid recall: 0.915
2018-11-28 22:58:28,323 INFO valid F1: 0.947
2018-11-28 22:58:28,324 INFO valid AUC: 0.949
2018-11-28 22:58:28,463 INFO Epoch 45:
2018-11-28 22:58:28,464 INFO Training...
2018-11-28 22:58:35,282 INFO train time: 6.818
2018-11-28 22:58:35,283 INFO train loss: 0.045
2018-11-28 22:58:35,283 INFO train accuracy: 0.980
2018-11-28 22:58:35,283 INFO train precision: 0.982
2018-11-28 22:58:35,283 INFO train recall: 0.975
2018-11-28 22:58:35,283 INFO train F1: 0.978
2018-11-28 22:58:35,283 INFO train AUC: 0.979
2018-11-28 22:58:35,284 INFO Evaluating...
2018-11-28 22:58:36,229 INFO valid time: 0.945
2018-11-28 22:58:36,230 INFO valid loss: 0.140
2018-11-28 22:58:36,230 INFO valid accuracy: 0.947
2018-11-28 22:58:36,230 INFO valid precision: 0.980
2018-11-28 22:58:36,230 INFO valid recall: 0.909
2018-11-28 22:58:36,230 INFO valid F1: 0.943
2018-11-28 22:58:36,230 INFO valid AUC: 0.946
2018-11-28 22:58:36,380 INFO Epoch 46:
2018-11-28 22:58:36,381 INFO Training...
2018-11-28 22:58:42,959 INFO train time: 6.578
2018-11-28 22:58:42,960 INFO train loss: 0.043
2018-11-28 22:58:42,960 INFO train accuracy: 0.980
2018-11-28 22:58:42,960 INFO train precision: 0.985
2018-11-28 22:58:42,960 INFO train recall: 0.972
2018-11-28 22:58:42,961 INFO train F1: 0.978
2018-11-28 22:58:42,961 INFO train AUC: 0.979
2018-11-28 22:58:42,961 INFO Evaluating...
2018-11-28 22:58:43,966 INFO valid time: 1.005
2018-11-28 22:58:43,967 INFO valid loss: 0.136
2018-11-28 22:58:43,967 INFO valid accuracy: 0.950
2018-11-28 22:58:43,967 INFO valid precision: 0.981
2018-11-28 22:58:43,968 INFO valid recall: 0.915
2018-11-28 22:58:43,986 INFO valid F1: 0.947
2018-11-28 22:58:43,987 INFO valid AUC: 0.949
2018-11-28 22:58:44,108 INFO Epoch 47:
2018-11-28 22:58:44,109 INFO Training...
2018-11-28 22:58:50,772 INFO train time: 6.663
2018-11-28 22:58:50,773 INFO train loss: 0.042
2018-11-28 22:58:50,773 INFO train accuracy: 0.981
2018-11-28 22:58:50,773 INFO train precision: 0.983
2018-11-28 22:58:50,773 INFO train recall: 0.977
2018-11-28 22:58:50,773 INFO train F1: 0.980
2018-11-28 22:58:50,773 INFO train AUC: 0.981
2018-11-28 22:58:50,774 INFO Evaluating...
2018-11-28 22:58:51,675 INFO valid time: 0.901
2018-11-28 22:58:51,676 INFO valid loss: 0.137
2018-11-28 22:58:51,676 INFO valid accuracy: 0.947
2018-11-28 22:58:51,676 INFO valid precision: 0.980
2018-11-28 22:58:51,676 INFO valid recall: 0.909
2018-11-28 22:58:51,676 INFO valid F1: 0.943
2018-11-28 22:58:51,676 INFO valid AUC: 0.946
2018-11-28 22:58:51,804 INFO Epoch 48:
2018-11-28 22:58:51,805 INFO Training...
2018-11-28 22:58:58,541 INFO train time: 6.736
2018-11-28 22:58:58,541 INFO train loss: 0.041
2018-11-28 22:58:58,541 INFO train accuracy: 0.980
2018-11-28 22:58:58,542 INFO train precision: 0.985
2018-11-28 22:58:58,542 INFO train recall: 0.973
2018-11-28 22:58:58,542 INFO train F1: 0.979
2018-11-28 22:58:58,542 INFO train AUC: 0.980
2018-11-28 22:58:58,542 INFO Evaluating...
2018-11-28 22:58:59,633 INFO valid time: 1.090
2018-11-28 22:58:59,633 INFO valid loss: 0.133
2018-11-28 22:58:59,633 INFO valid accuracy: 0.950
2018-11-28 22:58:59,633 INFO valid precision: 0.981
2018-11-28 22:58:59,633 INFO valid recall: 0.915
2018-11-28 22:58:59,633 INFO valid F1: 0.947
2018-11-28 22:58:59,633 INFO valid AUC: 0.949
2018-11-28 22:58:59,755 INFO Epoch 49:
2018-11-28 22:58:59,761 INFO Training...
2018-11-28 22:59:06,307 INFO train time: 6.546
2018-11-28 22:59:06,307 INFO train loss: 0.040
2018-11-28 22:59:06,307 INFO train accuracy: 0.982
2018-11-28 22:59:06,307 INFO train precision: 0.984
2018-11-28 22:59:06,307 INFO train recall: 0.978
2018-11-28 22:59:06,307 INFO train F1: 0.981
2018-11-28 22:59:06,307 INFO train AUC: 0.982
2018-11-28 22:59:06,308 INFO Evaluating...
2018-11-28 22:59:07,225 INFO valid time: 0.917
2018-11-28 22:59:07,226 INFO valid loss: 0.135
2018-11-28 22:59:07,226 INFO valid accuracy: 0.947
2018-11-28 22:59:07,226 INFO valid precision: 0.980
2018-11-28 22:59:07,226 INFO valid recall: 0.909
2018-11-28 22:59:07,227 INFO valid F1: 0.943
2018-11-28 22:59:07,227 INFO valid AUC: 0.946
2018-11-28 22:59:07,371 INFO Epoch 50:
2018-11-28 22:59:07,373 INFO Training...
2018-11-28 22:59:14,329 INFO train time: 6.956
2018-11-28 22:59:14,330 INFO train loss: 0.039
2018-11-28 22:59:14,330 INFO train accuracy: 0.981
2018-11-28 22:59:14,330 INFO train precision: 0.985
2018-11-28 22:59:14,330 INFO train recall: 0.975
2018-11-28 22:59:14,331 INFO train F1: 0.980
2018-11-28 22:59:14,331 INFO train AUC: 0.981
2018-11-28 22:59:14,331 INFO Evaluating...
2018-11-28 22:59:15,249 INFO valid time: 0.918
2018-11-28 22:59:15,250 INFO valid loss: 0.131
2018-11-28 22:59:15,250 INFO valid accuracy: 0.950
2018-11-28 22:59:15,251 INFO valid precision: 0.981
2018-11-28 22:59:15,251 INFO valid recall: 0.915
2018-11-28 22:59:15,251 INFO valid F1: 0.947
2018-11-28 22:59:15,251 INFO valid AUC: 0.949
2018-11-28 22:59:15,389 INFO Epoch 51:
2018-11-28 22:59:15,390 INFO Training...
2018-11-28 22:59:21,979 INFO train time: 6.589
2018-11-28 22:59:21,979 INFO train loss: 0.038
2018-11-28 22:59:21,979 INFO train accuracy: 0.982
2018-11-28 22:59:21,979 INFO train precision: 0.984
2018-11-28 22:59:21,979 INFO train recall: 0.978
2018-11-28 22:59:21,980 INFO train F1: 0.981
2018-11-28 22:59:21,980 INFO train AUC: 0.982
2018-11-28 22:59:21,980 INFO Evaluating...
2018-11-28 22:59:22,981 INFO valid time: 1.000
2018-11-28 22:59:22,981 INFO valid loss: 0.134
2018-11-28 22:59:22,981 INFO valid accuracy: 0.947
2018-11-28 22:59:22,981 INFO valid precision: 0.980
2018-11-28 22:59:22,982 INFO valid recall: 0.909
2018-11-28 22:59:22,982 INFO valid F1: 0.943
2018-11-28 22:59:22,982 INFO valid AUC: 0.946
2018-11-28 22:59:23,138 INFO Epoch 52:
2018-11-28 22:59:23,141 INFO Training...
2018-11-28 22:59:29,409 INFO train time: 6.267
2018-11-28 22:59:29,409 INFO train loss: 0.037
2018-11-28 22:59:29,410 INFO train accuracy: 0.982
2018-11-28 22:59:29,410 INFO train precision: 0.986
2018-11-28 22:59:29,410 INFO train recall: 0.977
2018-11-28 22:59:29,410 INFO train F1: 0.981
2018-11-28 22:59:29,411 INFO train AUC: 0.982
2018-11-28 22:59:29,412 INFO Evaluating...
2018-11-28 22:59:30,372 INFO valid time: 0.960
2018-11-28 22:59:30,373 INFO valid loss: 0.128
2018-11-28 22:59:30,373 INFO valid accuracy: 0.953
2018-11-28 22:59:30,373 INFO valid precision: 0.981
2018-11-28 22:59:30,373 INFO valid recall: 0.921
2018-11-28 22:59:30,374 INFO valid F1: 0.950
2018-11-28 22:59:30,374 INFO valid AUC: 0.952
2018-11-28 22:59:30,512 INFO Epoch 53:
2018-11-28 22:59:30,513 INFO Training...
2018-11-28 22:59:37,514 INFO train time: 7.001
2018-11-28 22:59:37,515 INFO train loss: 0.036
2018-11-28 22:59:37,515 INFO train accuracy: 0.983
2018-11-28 22:59:37,515 INFO train precision: 0.985
2018-11-28 22:59:37,515 INFO train recall: 0.980
2018-11-28 22:59:37,516 INFO train F1: 0.982
2018-11-28 22:59:37,516 INFO train AUC: 0.983
2018-11-28 22:59:37,517 INFO Evaluating...
2018-11-28 22:59:38,548 INFO valid time: 1.031
2018-11-28 22:59:38,549 INFO valid loss: 0.132
2018-11-28 22:59:38,549 INFO valid accuracy: 0.947
2018-11-28 22:59:38,549 INFO valid precision: 0.980
2018-11-28 22:59:38,549 INFO valid recall: 0.909
2018-11-28 22:59:38,549 INFO valid F1: 0.943
2018-11-28 22:59:38,549 INFO valid AUC: 0.946
2018-11-28 22:59:38,706 INFO Epoch 54:
2018-11-28 22:59:38,707 INFO Training...
2018-11-28 22:59:45,742 INFO train time: 7.034
2018-11-28 22:59:45,743 INFO train loss: 0.036
2018-11-28 22:59:45,743 INFO train accuracy: 0.983
2018-11-28 22:59:45,743 INFO train precision: 0.986
2018-11-28 22:59:45,743 INFO train recall: 0.978
2018-11-28 22:59:45,744 INFO train F1: 0.982
2018-11-28 22:59:45,744 INFO train AUC: 0.982
2018-11-28 22:59:45,745 INFO Evaluating...
2018-11-28 22:59:46,779 INFO valid time: 1.034
2018-11-28 22:59:46,780 INFO valid loss: 0.126
2018-11-28 22:59:46,780 INFO valid accuracy: 0.955
2018-11-28 22:59:46,780 INFO valid precision: 0.981
2018-11-28 22:59:46,780 INFO valid recall: 0.927
2018-11-28 22:59:46,780 INFO valid F1: 0.953
2018-11-28 22:59:46,780 INFO valid AUC: 0.955
2018-11-28 22:59:46,912 INFO Epoch 55:
2018-11-28 22:59:46,913 INFO Training...
2018-11-28 22:59:53,523 INFO train time: 6.609
2018-11-28 22:59:53,523 INFO train loss: 0.035
2018-11-28 22:59:53,523 INFO train accuracy: 0.984
2018-11-28 22:59:53,523 INFO train precision: 0.986
2018-11-28 22:59:53,524 INFO train recall: 0.981
2018-11-28 22:59:53,524 INFO train F1: 0.983
2018-11-28 22:59:53,524 INFO train AUC: 0.984
2018-11-28 22:59:53,525 INFO Evaluating...
2018-11-28 22:59:54,417 INFO valid time: 0.892
2018-11-28 22:59:54,417 INFO valid loss: 0.131
2018-11-28 22:59:54,417 INFO valid accuracy: 0.947
2018-11-28 22:59:54,418 INFO valid precision: 0.980
2018-11-28 22:59:54,418 INFO valid recall: 0.909
2018-11-28 22:59:54,418 INFO valid F1: 0.943
2018-11-28 22:59:54,418 INFO valid AUC: 0.946
2018-11-28 22:59:54,557 INFO Epoch 56:
2018-11-28 22:59:54,561 INFO Training...
2018-11-28 23:00:01,291 INFO train time: 6.730
2018-11-28 23:00:01,291 INFO train loss: 0.034
2018-11-28 23:00:01,292 INFO train accuracy: 0.984
2018-11-28 23:00:01,292 INFO train precision: 0.987
2018-11-28 23:00:01,292 INFO train recall: 0.978
2018-11-28 23:00:01,292 INFO train F1: 0.983
2018-11-28 23:00:01,292 INFO train AUC: 0.984
2018-11-28 23:00:01,293 INFO Evaluating...
2018-11-28 23:00:02,439 INFO valid time: 1.146
2018-11-28 23:00:02,440 INFO valid loss: 0.124
2018-11-28 23:00:02,440 INFO valid accuracy: 0.955
2018-11-28 23:00:02,440 INFO valid precision: 0.981
2018-11-28 23:00:02,440 INFO valid recall: 0.927
2018-11-28 23:00:02,440 INFO valid F1: 0.953
2018-11-28 23:00:02,440 INFO valid AUC: 0.955
2018-11-28 23:00:02,577 INFO Epoch 57:
2018-11-28 23:00:02,578 INFO Training...
2018-11-28 23:00:09,323 INFO train time: 6.745
2018-11-28 23:00:09,324 INFO train loss: 0.033
2018-11-28 23:00:09,324 INFO train accuracy: 0.985
2018-11-28 23:00:09,324 INFO train precision: 0.986
2018-11-28 23:00:09,324 INFO train recall: 0.982
2018-11-28 23:00:09,325 INFO train F1: 0.984
2018-11-28 23:00:09,325 INFO train AUC: 0.985
2018-11-28 23:00:09,326 INFO Evaluating...
2018-11-28 23:00:10,449 INFO valid time: 1.123
2018-11-28 23:00:10,450 INFO valid loss: 0.130
2018-11-28 23:00:10,450 INFO valid accuracy: 0.947
2018-11-28 23:00:10,450 INFO valid precision: 0.980
2018-11-28 23:00:10,450 INFO valid recall: 0.909
2018-11-28 23:00:10,451 INFO valid F1: 0.943
2018-11-28 23:00:10,451 INFO valid AUC: 0.946
2018-11-28 23:00:10,572 INFO Epoch 58:
2018-11-28 23:00:10,573 INFO Training...
2018-11-28 23:00:17,660 INFO train time: 7.087
2018-11-28 23:00:17,661 INFO train loss: 0.032
2018-11-28 23:00:17,661 INFO train accuracy: 0.985
2018-11-28 23:00:17,662 INFO train precision: 0.988
2018-11-28 23:00:17,662 INFO train recall: 0.979
2018-11-28 23:00:17,662 INFO train F1: 0.984
2018-11-28 23:00:17,662 INFO train AUC: 0.984
2018-11-28 23:00:17,663 INFO Evaluating...
2018-11-28 23:00:18,907 INFO valid time: 1.244
2018-11-28 23:00:18,908 INFO valid loss: 0.123
2018-11-28 23:00:18,908 INFO valid accuracy: 0.955
2018-11-28 23:00:18,908 INFO valid precision: 0.981
2018-11-28 23:00:18,908 INFO valid recall: 0.927
2018-11-28 23:00:18,908 INFO valid F1: 0.953
2018-11-28 23:00:18,908 INFO valid AUC: 0.955
2018-11-28 23:00:19,050 INFO Epoch 59:
2018-11-28 23:00:19,051 INFO Training...
2018-11-28 23:00:25,657 INFO train time: 6.606
2018-11-28 23:00:25,658 INFO train loss: 0.032
2018-11-28 23:00:25,658 INFO train accuracy: 0.986
2018-11-28 23:00:25,658 INFO train precision: 0.986
2018-11-28 23:00:25,658 INFO train recall: 0.984
2018-11-28 23:00:25,659 INFO train F1: 0.985
2018-11-28 23:00:25,659 INFO train AUC: 0.985
2018-11-28 23:00:25,660 INFO Evaluating...
2018-11-28 23:00:26,725 INFO valid time: 1.065
2018-11-28 23:00:26,726 INFO valid loss: 0.128
2018-11-28 23:00:26,726 INFO valid accuracy: 0.947
2018-11-28 23:00:26,726 INFO valid precision: 0.980
2018-11-28 23:00:26,726 INFO valid recall: 0.909
2018-11-28 23:00:26,727 INFO valid F1: 0.943
2018-11-28 23:00:26,727 INFO valid AUC: 0.946
2018-11-28 23:00:26,856 INFO Epoch 60:
2018-11-28 23:00:26,858 INFO Training...
2018-11-28 23:00:33,961 INFO train time: 7.103
2018-11-28 23:00:33,961 INFO train loss: 0.031
2018-11-28 23:00:33,961 INFO train accuracy: 0.985
2018-11-28 23:00:33,961 INFO train precision: 0.989
2018-11-28 23:00:33,961 INFO train recall: 0.979
2018-11-28 23:00:33,961 INFO train F1: 0.984
2018-11-28 23:00:33,961 INFO train AUC: 0.985
2018-11-28 23:00:33,962 INFO Evaluating...
2018-11-28 23:00:34,985 INFO valid time: 1.023
2018-11-28 23:00:34,985 INFO valid loss: 0.122
2018-11-28 23:00:34,985 INFO valid accuracy: 0.955
2018-11-28 23:00:34,985 INFO valid precision: 0.981
2018-11-28 23:00:34,985 INFO valid recall: 0.927
2018-11-28 23:00:34,986 INFO valid F1: 0.953
2018-11-28 23:00:34,986 INFO valid AUC: 0.955
2018-11-28 23:00:35,122 INFO Epoch 61:
2018-11-28 23:00:35,123 INFO Training...
2018-11-28 23:00:41,667 INFO train time: 6.543
2018-11-28 23:00:41,667 INFO train loss: 0.030
2018-11-28 23:00:41,667 INFO train accuracy: 0.987
2018-11-28 23:00:41,668 INFO train precision: 0.986
2018-11-28 23:00:41,668 INFO train recall: 0.987
2018-11-28 23:00:41,668 INFO train F1: 0.986
2018-11-28 23:00:41,668 INFO train AUC: 0.987
2018-11-28 23:00:41,669 INFO Evaluating...
2018-11-28 23:00:42,801 INFO valid time: 1.131
2018-11-28 23:00:42,801 INFO valid loss: 0.127
2018-11-28 23:00:42,802 INFO valid accuracy: 0.953
2018-11-28 23:00:42,802 INFO valid precision: 0.981
2018-11-28 23:00:42,802 INFO valid recall: 0.921
2018-11-28 23:00:42,802 INFO valid F1: 0.950
2018-11-28 23:00:42,802 INFO valid AUC: 0.952
2018-11-28 23:00:42,926 INFO Epoch 62:
2018-11-28 23:00:42,927 INFO Training...
2018-11-28 23:00:49,526 INFO train time: 6.598
2018-11-28 23:00:49,526 INFO train loss: 0.030
2018-11-28 23:00:49,526 INFO train accuracy: 0.986
2018-11-28 23:00:49,526 INFO train precision: 0.991
2018-11-28 23:00:49,526 INFO train recall: 0.980
2018-11-28 23:00:49,527 INFO train F1: 0.986
2018-11-28 23:00:49,527 INFO train AUC: 0.986
2018-11-28 23:00:49,527 INFO Evaluating...
2018-11-28 23:00:50,467 INFO valid time: 0.939
2018-11-28 23:00:50,467 INFO valid loss: 0.120
2018-11-28 23:00:50,467 INFO valid accuracy: 0.955
2018-11-28 23:00:50,468 INFO valid precision: 0.981
2018-11-28 23:00:50,468 INFO valid recall: 0.927
2018-11-28 23:00:50,468 INFO valid F1: 0.953
2018-11-28 23:00:50,468 INFO valid AUC: 0.955
2018-11-28 23:00:50,784 INFO Epoch 63:
2018-11-28 23:00:50,786 INFO Training...
2018-11-28 23:00:57,593 INFO train time: 6.807
2018-11-28 23:00:57,593 INFO train loss: 0.029
2018-11-28 23:00:57,593 INFO train accuracy: 0.987
2018-11-28 23:00:57,593 INFO train precision: 0.987
2018-11-28 23:00:57,593 INFO train recall: 0.987
2018-11-28 23:00:57,593 INFO train F1: 0.987
2018-11-28 23:00:57,593 INFO train AUC: 0.987
2018-11-28 23:00:57,594 INFO Evaluating...
2018-11-28 23:00:58,585 INFO valid time: 0.991
2018-11-28 23:00:58,586 INFO valid loss: 0.125
2018-11-28 23:00:58,586 INFO valid accuracy: 0.955
2018-11-28 23:00:58,586 INFO valid precision: 0.981
2018-11-28 23:00:58,586 INFO valid recall: 0.927
2018-11-28 23:00:58,586 INFO valid F1: 0.953
2018-11-28 23:00:58,587 INFO valid AUC: 0.955
2018-11-28 23:00:58,723 INFO Epoch 64:
2018-11-28 23:00:58,724 INFO Training...
2018-11-28 23:01:05,139 INFO train time: 6.414
2018-11-28 23:01:05,139 INFO train loss: 0.028
2018-11-28 23:01:05,139 INFO train accuracy: 0.988
2018-11-28 23:01:05,139 INFO train precision: 0.992
2018-11-28 23:01:05,139 INFO train recall: 0.983
2018-11-28 23:01:05,139 INFO train F1: 0.987
2018-11-28 23:01:05,139 INFO train AUC: 0.988
2018-11-28 23:01:05,140 INFO Evaluating...
2018-11-28 23:01:06,174 INFO valid time: 1.033
2018-11-28 23:01:06,174 INFO valid loss: 0.120
2018-11-28 23:01:06,174 INFO valid accuracy: 0.955
2018-11-28 23:01:06,174 INFO valid precision: 0.981
2018-11-28 23:01:06,174 INFO valid recall: 0.927
2018-11-28 23:01:06,174 INFO valid F1: 0.953
2018-11-28 23:01:06,174 INFO valid AUC: 0.955
2018-11-28 23:01:06,336 INFO Epoch 65:
2018-11-28 23:01:06,338 INFO Training...
2018-11-28 23:01:12,955 INFO train time: 6.617
2018-11-28 23:01:12,955 INFO train loss: 0.027
2018-11-28 23:01:12,956 INFO train accuracy: 0.989
2018-11-28 23:01:12,956 INFO train precision: 0.989
2018-11-28 23:01:12,956 INFO train recall: 0.987
2018-11-28 23:01:12,956 INFO train F1: 0.988
2018-11-28 23:01:12,956 INFO train AUC: 0.988
2018-11-28 23:01:12,957 INFO Evaluating...
2018-11-28 23:01:13,980 INFO valid time: 1.022
2018-11-28 23:01:13,980 INFO valid loss: 0.123
2018-11-28 23:01:13,980 INFO valid accuracy: 0.955
2018-11-28 23:01:13,980 INFO valid precision: 0.981
2018-11-28 23:01:13,981 INFO valid recall: 0.927
2018-11-28 23:01:13,981 INFO valid F1: 0.953
2018-11-28 23:01:13,981 INFO valid AUC: 0.955
2018-11-28 23:01:14,134 INFO Epoch 66:
2018-11-28 23:01:14,135 INFO Training...
2018-11-28 23:01:20,382 INFO train time: 6.247
2018-11-28 23:01:20,383 INFO train loss: 0.027
2018-11-28 23:01:20,383 INFO train accuracy: 0.989
2018-11-28 23:01:20,383 INFO train precision: 0.993
2018-11-28 23:01:20,383 INFO train recall: 0.985
2018-11-28 23:01:20,383 INFO train F1: 0.989
2018-11-28 23:01:20,383 INFO train AUC: 0.989
2018-11-28 23:01:20,384 INFO Evaluating...
2018-11-28 23:01:21,305 INFO valid time: 0.921
2018-11-28 23:01:21,306 INFO valid loss: 0.119
2018-11-28 23:01:21,306 INFO valid accuracy: 0.955
2018-11-28 23:01:21,306 INFO valid precision: 0.981
2018-11-28 23:01:21,306 INFO valid recall: 0.927
2018-11-28 23:01:21,306 INFO valid F1: 0.953
2018-11-28 23:01:21,306 INFO valid AUC: 0.955
2018-11-28 23:01:21,438 INFO Epoch 67:
2018-11-28 23:01:21,439 INFO Training...
2018-11-28 23:01:28,297 INFO train time: 6.857
2018-11-28 23:01:28,298 INFO train loss: 0.026
2018-11-28 23:01:28,298 INFO train accuracy: 0.990
2018-11-28 23:01:28,298 INFO train precision: 0.991
2018-11-28 23:01:28,298 INFO train recall: 0.987
2018-11-28 23:01:28,298 INFO train F1: 0.989
2018-11-28 23:01:28,298 INFO train AUC: 0.990
2018-11-28 23:01:28,299 INFO Evaluating...
2018-11-28 23:01:29,299 INFO valid time: 1.000
2018-11-28 23:01:29,299 INFO valid loss: 0.122
2018-11-28 23:01:29,300 INFO valid accuracy: 0.955
2018-11-28 23:01:29,300 INFO valid precision: 0.981
2018-11-28 23:01:29,300 INFO valid recall: 0.927
2018-11-28 23:01:29,300 INFO valid F1: 0.953
2018-11-28 23:01:29,300 INFO valid AUC: 0.955
2018-11-28 23:01:29,450 INFO Epoch 68:
2018-11-28 23:01:29,451 INFO Training...
2018-11-28 23:01:35,866 INFO train time: 6.415
2018-11-28 23:01:35,866 INFO train loss: 0.026
2018-11-28 23:01:35,867 INFO train accuracy: 0.990
2018-11-28 23:01:35,867 INFO train precision: 0.994
2018-11-28 23:01:35,867 INFO train recall: 0.986
2018-11-28 23:01:35,867 INFO train F1: 0.990
2018-11-28 23:01:35,867 INFO train AUC: 0.990
2018-11-28 23:01:35,868 INFO Evaluating...
2018-11-28 23:01:36,760 INFO valid time: 0.891
2018-11-28 23:01:36,760 INFO valid loss: 0.118
2018-11-28 23:01:36,761 INFO valid accuracy: 0.955
2018-11-28 23:01:36,761 INFO valid precision: 0.981
2018-11-28 23:01:36,761 INFO valid recall: 0.927
2018-11-28 23:01:36,761 INFO valid F1: 0.953
2018-11-28 23:01:36,762 INFO valid AUC: 0.955
2018-11-28 23:01:36,900 INFO Epoch 69:
2018-11-28 23:01:36,901 INFO Training...
2018-11-28 23:01:43,748 INFO train time: 6.847
2018-11-28 23:01:43,749 INFO train loss: 0.025
2018-11-28 23:01:43,749 INFO train accuracy: 0.991
2018-11-28 23:01:43,749 INFO train precision: 0.992
2018-11-28 23:01:43,750 INFO train recall: 0.988
2018-11-28 23:01:43,750 INFO train F1: 0.990
2018-11-28 23:01:43,750 INFO train AUC: 0.991
2018-11-28 23:01:43,751 INFO Evaluating...
2018-11-28 23:01:44,680 INFO valid time: 0.929
2018-11-28 23:01:44,681 INFO valid loss: 0.121
2018-11-28 23:01:44,681 INFO valid accuracy: 0.955
2018-11-28 23:01:44,681 INFO valid precision: 0.981
2018-11-28 23:01:44,681 INFO valid recall: 0.927
2018-11-28 23:01:44,681 INFO valid F1: 0.953
2018-11-28 23:01:44,682 INFO valid AUC: 0.955
2018-11-28 23:01:44,820 INFO Epoch 70:
2018-11-28 23:01:44,821 INFO Training...
2018-11-28 23:01:52,082 INFO train time: 7.260
2018-11-28 23:01:52,082 INFO train loss: 0.024
2018-11-28 23:01:52,082 INFO train accuracy: 0.991
2018-11-28 23:01:52,082 INFO train precision: 0.995
2018-11-28 23:01:52,082 INFO train recall: 0.986
2018-11-28 23:01:52,083 INFO train F1: 0.991
2018-11-28 23:01:52,083 INFO train AUC: 0.991
2018-11-28 23:01:52,083 INFO Evaluating...
2018-11-28 23:01:53,155 INFO valid time: 1.071
2018-11-28 23:01:53,155 INFO valid loss: 0.117
2018-11-28 23:01:53,156 INFO valid accuracy: 0.955
2018-11-28 23:01:53,156 INFO valid precision: 0.981
2018-11-28 23:01:53,156 INFO valid recall: 0.927
2018-11-28 23:01:53,156 INFO valid F1: 0.953
2018-11-28 23:01:53,156 INFO valid AUC: 0.955
2018-11-28 23:01:53,299 INFO Epoch 71:
2018-11-28 23:01:53,300 INFO Training...
2018-11-28 23:01:59,761 INFO train time: 6.461
2018-11-28 23:01:59,762 INFO train loss: 0.024
2018-11-28 23:01:59,762 INFO train accuracy: 0.992
2018-11-28 23:01:59,763 INFO train precision: 0.994
2018-11-28 23:01:59,763 INFO train recall: 0.989
2018-11-28 23:01:59,764 INFO train F1: 0.991
2018-11-28 23:01:59,764 INFO train AUC: 0.992
2018-11-28 23:01:59,765 INFO Evaluating...
2018-11-28 23:02:00,865 INFO valid time: 1.099
2018-11-28 23:02:00,865 INFO valid loss: 0.120
2018-11-28 23:02:00,865 INFO valid accuracy: 0.955
2018-11-28 23:02:00,866 INFO valid precision: 0.981
2018-11-28 23:02:00,866 INFO valid recall: 0.927
2018-11-28 23:02:00,866 INFO valid F1: 0.953
2018-11-28 23:02:00,867 INFO valid AUC: 0.955
2018-11-28 23:02:00,990 INFO Epoch 72:
2018-11-28 23:02:01,002 INFO Training...
2018-11-28 23:02:07,968 INFO train time: 6.965
2018-11-28 23:02:07,968 INFO train loss: 0.023
2018-11-28 23:02:07,968 INFO train accuracy: 0.992
2018-11-28 23:02:07,969 INFO train precision: 0.996
2018-11-28 23:02:07,969 INFO train recall: 0.987
2018-11-28 23:02:07,969 INFO train F1: 0.991
2018-11-28 23:02:07,969 INFO train AUC: 0.992
2018-11-28 23:02:07,970 INFO Evaluating...
2018-11-28 23:02:08,872 INFO valid time: 0.902
2018-11-28 23:02:08,873 INFO valid loss: 0.116
2018-11-28 23:02:08,873 INFO valid accuracy: 0.955
2018-11-28 23:02:08,873 INFO valid precision: 0.981
2018-11-28 23:02:08,873 INFO valid recall: 0.927
2018-11-28 23:02:08,874 INFO valid F1: 0.953
2018-11-28 23:02:08,874 INFO valid AUC: 0.955
2018-11-28 23:02:09,116 INFO Epoch 73:
2018-11-28 23:02:09,117 INFO Training...
2018-11-28 23:02:15,748 INFO train time: 6.630
2018-11-28 23:02:15,748 INFO train loss: 0.023
2018-11-28 23:02:15,748 INFO train accuracy: 0.992
2018-11-28 23:02:15,748 INFO train precision: 0.995
2018-11-28 23:02:15,748 INFO train recall: 0.989
2018-11-28 23:02:15,749 INFO train F1: 0.992
2018-11-28 23:02:15,749 INFO train AUC: 0.992
2018-11-28 23:02:15,750 INFO Evaluating...
2018-11-28 23:02:16,586 INFO valid time: 0.836
2018-11-28 23:02:16,586 INFO valid loss: 0.119
2018-11-28 23:02:16,587 INFO valid accuracy: 0.955
2018-11-28 23:02:16,587 INFO valid precision: 0.981
2018-11-28 23:02:16,587 INFO valid recall: 0.927
2018-11-28 23:02:16,587 INFO valid F1: 0.953
2018-11-28 23:02:16,588 INFO valid AUC: 0.955
2018-11-28 23:02:16,722 INFO Epoch 74:
2018-11-28 23:02:16,723 INFO Training...
2018-11-28 23:02:23,291 INFO train time: 6.568
2018-11-28 23:02:23,292 INFO train loss: 0.022
2018-11-28 23:02:23,292 INFO train accuracy: 0.993
2018-11-28 23:02:23,293 INFO train precision: 0.997
2018-11-28 23:02:23,293 INFO train recall: 0.987
2018-11-28 23:02:23,293 INFO train F1: 0.992
2018-11-28 23:02:23,293 INFO train AUC: 0.993
2018-11-28 23:02:23,294 INFO Evaluating...
2018-11-28 23:02:24,284 INFO valid time: 0.990
2018-11-28 23:02:24,285 INFO valid loss: 0.115
2018-11-28 23:02:24,285 INFO valid accuracy: 0.955
2018-11-28 23:02:24,285 INFO valid precision: 0.981
2018-11-28 23:02:24,285 INFO valid recall: 0.927
2018-11-28 23:02:24,285 INFO valid F1: 0.953
2018-11-28 23:02:24,285 INFO valid AUC: 0.955
2018-11-28 23:02:24,423 INFO Epoch 75:
2018-11-28 23:02:24,426 INFO Training...
2018-11-28 23:02:31,046 INFO train time: 6.620
2018-11-28 23:02:31,046 INFO train loss: 0.022
2018-11-28 23:02:31,046 INFO train accuracy: 0.993
2018-11-28 23:02:31,047 INFO train precision: 0.995
2018-11-28 23:02:31,047 INFO train recall: 0.990
2018-11-28 23:02:31,047 INFO train F1: 0.993
2018-11-28 23:02:31,047 INFO train AUC: 0.993
2018-11-28 23:02:31,047 INFO Evaluating...
2018-11-28 23:02:32,055 INFO valid time: 1.008
2018-11-28 23:02:32,056 INFO valid loss: 0.118
2018-11-28 23:02:32,056 INFO valid accuracy: 0.955
2018-11-28 23:02:32,056 INFO valid precision: 0.981
2018-11-28 23:02:32,056 INFO valid recall: 0.927
2018-11-28 23:02:32,056 INFO valid F1: 0.953
2018-11-28 23:02:32,057 INFO valid AUC: 0.955
2018-11-28 23:02:32,219 INFO Epoch 76:
2018-11-28 23:02:32,220 INFO Training...
2018-11-28 23:02:38,365 INFO train time: 6.145
2018-11-28 23:02:38,366 INFO train loss: 0.021
2018-11-28 23:02:38,366 INFO train accuracy: 0.993
2018-11-28 23:02:38,366 INFO train precision: 0.997
2018-11-28 23:02:38,366 INFO train recall: 0.988
2018-11-28 23:02:38,367 INFO train F1: 0.993
2018-11-28 23:02:38,367 INFO train AUC: 0.993
2018-11-28 23:02:38,367 INFO Evaluating...
2018-11-28 23:02:39,262 INFO valid time: 0.894
2018-11-28 23:02:39,262 INFO valid loss: 0.114
2018-11-28 23:02:39,262 INFO valid accuracy: 0.955
2018-11-28 23:02:39,263 INFO valid precision: 0.981
2018-11-28 23:02:39,263 INFO valid recall: 0.927
2018-11-28 23:02:39,263 INFO valid F1: 0.953
2018-11-28 23:02:39,263 INFO valid AUC: 0.955
2018-11-28 23:02:39,404 INFO Epoch 77:
2018-11-28 23:02:39,405 INFO Training...
2018-11-28 23:02:45,942 INFO train time: 6.536
2018-11-28 23:02:45,942 INFO train loss: 0.021
2018-11-28 23:02:45,942 INFO train accuracy: 0.994
2018-11-28 23:02:45,942 INFO train precision: 0.996
2018-11-28 23:02:45,942 INFO train recall: 0.990
2018-11-28 23:02:45,942 INFO train F1: 0.993
2018-11-28 23:02:45,942 INFO train AUC: 0.993
2018-11-28 23:02:45,943 INFO Evaluating...
2018-11-28 23:02:46,978 INFO valid time: 1.035
2018-11-28 23:02:46,978 INFO valid loss: 0.118
2018-11-28 23:02:46,978 INFO valid accuracy: 0.955
2018-11-28 23:02:46,979 INFO valid precision: 0.981
2018-11-28 23:02:46,979 INFO valid recall: 0.927
2018-11-28 23:02:46,979 INFO valid F1: 0.953
2018-11-28 23:02:46,979 INFO valid AUC: 0.955
2018-11-28 23:02:47,117 INFO Epoch 78:
2018-11-28 23:02:47,120 INFO Training...
2018-11-28 23:02:53,791 INFO train time: 6.671
2018-11-28 23:02:53,792 INFO train loss: 0.021
2018-11-28 23:02:53,792 INFO train accuracy: 0.993
2018-11-28 23:02:53,792 INFO train precision: 0.997
2018-11-28 23:02:53,792 INFO train recall: 0.988
2018-11-28 23:02:53,792 INFO train F1: 0.993
2018-11-28 23:02:53,792 INFO train AUC: 0.993
2018-11-28 23:02:53,793 INFO Evaluating...
2018-11-28 23:02:54,770 INFO valid time: 0.976
2018-11-28 23:02:54,770 INFO valid loss: 0.113
2018-11-28 23:02:54,771 INFO valid accuracy: 0.955
2018-11-28 23:02:54,771 INFO valid precision: 0.981
2018-11-28 23:02:54,771 INFO valid recall: 0.927
2018-11-28 23:02:54,771 INFO valid F1: 0.953
2018-11-28 23:02:54,771 INFO valid AUC: 0.955
2018-11-28 23:02:54,947 INFO Epoch 79:
2018-11-28 23:02:54,948 INFO Training...
2018-11-28 23:03:01,676 INFO train time: 6.728
2018-11-28 23:03:01,677 INFO train loss: 0.020
2018-11-28 23:03:01,677 INFO train accuracy: 0.994
2018-11-28 23:03:01,677 INFO train precision: 0.997
2018-11-28 23:03:01,677 INFO train recall: 0.991
2018-11-28 23:03:01,677 INFO train F1: 0.994
2018-11-28 23:03:01,677 INFO train AUC: 0.994
2018-11-28 23:03:01,678 INFO Evaluating...
2018-11-28 23:03:02,492 INFO valid time: 0.814
2018-11-28 23:03:02,492 INFO valid loss: 0.117
2018-11-28 23:03:02,493 INFO valid accuracy: 0.955
2018-11-28 23:03:02,493 INFO valid precision: 0.981
2018-11-28 23:03:02,493 INFO valid recall: 0.927
2018-11-28 23:03:02,493 INFO valid F1: 0.953
2018-11-28 23:03:02,493 INFO valid AUC: 0.955
2018-11-28 23:03:02,632 INFO Epoch 80:
2018-11-28 23:03:02,633 INFO Training...
2018-11-28 23:03:09,153 INFO train time: 6.520
2018-11-28 23:03:09,154 INFO train loss: 0.020
2018-11-28 23:03:09,154 INFO train accuracy: 0.993
2018-11-28 23:03:09,154 INFO train precision: 0.997
2018-11-28 23:03:09,154 INFO train recall: 0.988
2018-11-28 23:03:09,155 INFO train F1: 0.993
2018-11-28 23:03:09,155 INFO train AUC: 0.993
2018-11-28 23:03:09,156 INFO Evaluating...
2018-11-28 23:03:10,255 INFO valid time: 1.099
2018-11-28 23:03:10,255 INFO valid loss: 0.113
2018-11-28 23:03:10,255 INFO valid accuracy: 0.958
2018-11-28 23:03:10,255 INFO valid precision: 0.981
2018-11-28 23:03:10,256 INFO valid recall: 0.933
2018-11-28 23:03:10,256 INFO valid F1: 0.957
2018-11-28 23:03:10,256 INFO valid AUC: 0.958
2018-11-28 23:03:10,393 INFO Epoch 81:
2018-11-28 23:03:10,394 INFO Training...
2018-11-28 23:03:17,224 INFO train time: 6.830
2018-11-28 23:03:17,225 INFO train loss: 0.019
2018-11-28 23:03:17,225 INFO train accuracy: 0.995
2018-11-28 23:03:17,225 INFO train precision: 0.997
2018-11-28 23:03:17,225 INFO train recall: 0.992
2018-11-28 23:03:17,225 INFO train F1: 0.995
2018-11-28 23:03:17,225 INFO train AUC: 0.995
2018-11-28 23:03:17,226 INFO Evaluating...
2018-11-28 23:03:18,219 INFO valid time: 0.993
2018-11-28 23:03:18,219 INFO valid loss: 0.116
2018-11-28 23:03:18,219 INFO valid accuracy: 0.955
2018-11-28 23:03:18,220 INFO valid precision: 0.981
2018-11-28 23:03:18,220 INFO valid recall: 0.927
2018-11-28 23:03:18,220 INFO valid F1: 0.953
2018-11-28 23:03:18,220 INFO valid AUC: 0.955
2018-11-28 23:03:18,341 INFO Epoch 82:
2018-11-28 23:03:18,342 INFO Training...
2018-11-28 23:03:25,307 INFO train time: 6.965
2018-11-28 23:03:25,308 INFO train loss: 0.019
2018-11-28 23:03:25,308 INFO train accuracy: 0.994
2018-11-28 23:03:25,308 INFO train precision: 0.997
2018-11-28 23:03:25,308 INFO train recall: 0.989
2018-11-28 23:03:25,308 INFO train F1: 0.993
2018-11-28 23:03:25,309 INFO train AUC: 0.993
2018-11-28 23:03:25,309 INFO Evaluating...
2018-11-28 23:03:26,308 INFO valid time: 0.998
2018-11-28 23:03:26,308 INFO valid loss: 0.112
2018-11-28 23:03:26,308 INFO valid accuracy: 0.958
2018-11-28 23:03:26,309 INFO valid precision: 0.981
2018-11-28 23:03:26,309 INFO valid recall: 0.933
2018-11-28 23:03:26,309 INFO valid F1: 0.957
2018-11-28 23:03:26,309 INFO valid AUC: 0.958
2018-11-28 23:03:26,447 INFO Epoch 83:
2018-11-28 23:03:26,451 INFO Training...
2018-11-28 23:03:32,861 INFO train time: 6.410
2018-11-28 23:03:32,861 INFO train loss: 0.018
2018-11-28 23:03:32,861 INFO train accuracy: 0.995
2018-11-28 23:03:32,862 INFO train precision: 0.997
2018-11-28 23:03:32,862 INFO train recall: 0.992
2018-11-28 23:03:32,862 INFO train F1: 0.995
2018-11-28 23:03:32,862 INFO train AUC: 0.995
2018-11-28 23:03:32,863 INFO Evaluating...
2018-11-28 23:03:33,992 INFO valid time: 1.129
2018-11-28 23:03:33,992 INFO valid loss: 0.115
2018-11-28 23:03:33,992 INFO valid accuracy: 0.955
2018-11-28 23:03:33,992 INFO valid precision: 0.981
2018-11-28 23:03:33,992 INFO valid recall: 0.927
2018-11-28 23:03:33,993 INFO valid F1: 0.953
2018-11-28 23:03:33,993 INFO valid AUC: 0.955
2018-11-28 23:03:34,114 INFO Epoch 84:
2018-11-28 23:03:34,115 INFO Training...
2018-11-28 23:03:41,140 INFO train time: 7.024
2018-11-28 23:03:41,140 INFO train loss: 0.018
2018-11-28 23:03:41,140 INFO train accuracy: 0.994
2018-11-28 23:03:41,140 INFO train precision: 0.997
2018-11-28 23:03:41,141 INFO train recall: 0.989
2018-11-28 23:03:41,141 INFO train F1: 0.993
2018-11-28 23:03:41,141 INFO train AUC: 0.993
2018-11-28 23:03:41,142 INFO Evaluating...
2018-11-28 23:03:42,186 INFO valid time: 1.044
2018-11-28 23:03:42,187 INFO valid loss: 0.112
2018-11-28 23:03:42,187 INFO valid accuracy: 0.958
2018-11-28 23:03:42,187 INFO valid precision: 0.981
2018-11-28 23:03:42,187 INFO valid recall: 0.933
2018-11-28 23:03:42,187 INFO valid F1: 0.957
2018-11-28 23:03:42,188 INFO valid AUC: 0.958
2018-11-28 23:03:42,340 INFO Epoch 85:
2018-11-28 23:03:42,341 INFO Training...
2018-11-28 23:03:48,964 INFO train time: 6.622
2018-11-28 23:03:48,964 INFO train loss: 0.018
2018-11-28 23:03:48,965 INFO train accuracy: 0.996
2018-11-28 23:03:48,965 INFO train precision: 0.997
2018-11-28 23:03:48,965 INFO train recall: 0.994
2018-11-28 23:03:48,965 INFO train F1: 0.996
2018-11-28 23:03:48,965 INFO train AUC: 0.996
2018-11-28 23:03:48,966 INFO Evaluating...
2018-11-28 23:03:50,044 INFO valid time: 1.078
2018-11-28 23:03:50,045 INFO valid loss: 0.114
2018-11-28 23:03:50,045 INFO valid accuracy: 0.955
2018-11-28 23:03:50,045 INFO valid precision: 0.981
2018-11-28 23:03:50,045 INFO valid recall: 0.927
2018-11-28 23:03:50,045 INFO valid F1: 0.953
2018-11-28 23:03:50,046 INFO valid AUC: 0.955
2018-11-28 23:03:50,189 INFO Epoch 86:
2018-11-28 23:03:50,190 INFO Training...
2018-11-28 23:03:56,879 INFO train time: 6.688
2018-11-28 23:03:56,879 INFO train loss: 0.017
2018-11-28 23:03:56,879 INFO train accuracy: 0.995
2018-11-28 23:03:56,880 INFO train precision: 0.997
2018-11-28 23:03:56,880 INFO train recall: 0.992
2018-11-28 23:03:56,880 INFO train F1: 0.995
2018-11-28 23:03:56,880 INFO train AUC: 0.995
2018-11-28 23:03:56,881 INFO Evaluating...
2018-11-28 23:03:57,920 INFO valid time: 1.038
2018-11-28 23:03:57,920 INFO valid loss: 0.111
2018-11-28 23:03:57,920 INFO valid accuracy: 0.958
2018-11-28 23:03:57,921 INFO valid precision: 0.981
2018-11-28 23:03:57,921 INFO valid recall: 0.933
2018-11-28 23:03:57,921 INFO valid F1: 0.957
2018-11-28 23:03:57,921 INFO valid AUC: 0.958
2018-11-28 23:03:58,045 INFO Epoch 87:
2018-11-28 23:03:58,047 INFO Training...
2018-11-28 23:04:04,328 INFO train time: 6.281
2018-11-28 23:04:04,328 INFO train loss: 0.017
2018-11-28 23:04:04,328 INFO train accuracy: 0.996
2018-11-28 23:04:04,328 INFO train precision: 0.997
2018-11-28 23:04:04,328 INFO train recall: 0.995
2018-11-28 23:04:04,328 INFO train F1: 0.996
2018-11-28 23:04:04,328 INFO train AUC: 0.996
2018-11-28 23:04:04,329 INFO Evaluating...
2018-11-28 23:04:05,232 INFO valid time: 0.903
2018-11-28 23:04:05,233 INFO valid loss: 0.113
2018-11-28 23:04:05,233 INFO valid accuracy: 0.955
2018-11-28 23:04:05,233 INFO valid precision: 0.981
2018-11-28 23:04:05,233 INFO valid recall: 0.927
2018-11-28 23:04:05,233 INFO valid F1: 0.953
2018-11-28 23:04:05,233 INFO valid AUC: 0.955
2018-11-28 23:04:05,369 INFO Epoch 88:
2018-11-28 23:04:05,373 INFO Training...
2018-11-28 23:04:12,304 INFO train time: 6.931
2018-11-28 23:04:12,304 INFO train loss: 0.017
2018-11-28 23:04:12,305 INFO train accuracy: 0.996
2018-11-28 23:04:12,305 INFO train precision: 0.998
2018-11-28 23:04:12,305 INFO train recall: 0.994
2018-11-28 23:04:12,306 INFO train F1: 0.996
2018-11-28 23:04:12,306 INFO train AUC: 0.996
2018-11-28 23:04:12,306 INFO Evaluating...
2018-11-28 23:04:13,181 INFO valid time: 0.874
2018-11-28 23:04:13,182 INFO valid loss: 0.110
2018-11-28 23:04:13,182 INFO valid accuracy: 0.958
2018-11-28 23:04:13,182 INFO valid precision: 0.981
2018-11-28 23:04:13,182 INFO valid recall: 0.933
2018-11-28 23:04:13,182 INFO valid F1: 0.957
2018-11-28 23:04:13,182 INFO valid AUC: 0.958
2018-11-28 23:04:13,304 INFO Epoch 89:
2018-11-28 23:04:13,305 INFO Training...
2018-11-28 23:04:20,049 INFO train time: 6.744
2018-11-28 23:04:20,050 INFO train loss: 0.016
2018-11-28 23:04:20,050 INFO train accuracy: 0.996
2018-11-28 23:04:20,050 INFO train precision: 0.997
2018-11-28 23:04:20,050 INFO train recall: 0.995
2018-11-28 23:04:20,050 INFO train F1: 0.996
2018-11-28 23:04:20,050 INFO train AUC: 0.996
2018-11-28 23:04:20,051 INFO Evaluating...
2018-11-28 23:04:21,152 INFO valid time: 1.101
2018-11-28 23:04:21,153 INFO valid loss: 0.112
2018-11-28 23:04:21,153 INFO valid accuracy: 0.955
2018-11-28 23:04:21,153 INFO valid precision: 0.981
2018-11-28 23:04:21,153 INFO valid recall: 0.927
2018-11-28 23:04:21,153 INFO valid F1: 0.953
2018-11-28 23:04:21,153 INFO valid AUC: 0.955
2018-11-28 23:04:21,282 INFO Epoch 90:
2018-11-28 23:04:21,283 INFO Training...
2018-11-28 23:04:28,254 INFO train time: 6.971
2018-11-28 23:04:28,254 INFO train loss: 0.016
2018-11-28 23:04:28,254 INFO train accuracy: 0.996
2018-11-28 23:04:28,255 INFO train precision: 0.998
2018-11-28 23:04:28,255 INFO train recall: 0.994
2018-11-28 23:04:28,255 INFO train F1: 0.996
2018-11-28 23:04:28,255 INFO train AUC: 0.996
2018-11-28 23:04:28,255 INFO Evaluating...
2018-11-28 23:04:29,179 INFO valid time: 0.923
2018-11-28 23:04:29,179 INFO valid loss: 0.110
2018-11-28 23:04:29,180 INFO valid accuracy: 0.961
2018-11-28 23:04:29,180 INFO valid precision: 0.981
2018-11-28 23:04:29,180 INFO valid recall: 0.939
2018-11-28 23:04:29,180 INFO valid F1: 0.960
2018-11-28 23:04:29,180 INFO valid AUC: 0.961
2018-11-28 23:04:29,304 INFO Epoch 91:
2018-11-28 23:04:29,305 INFO Training...
2018-11-28 23:04:35,647 INFO train time: 6.343
2018-11-28 23:04:35,648 INFO train loss: 0.016
2018-11-28 23:04:35,648 INFO train accuracy: 0.997
2018-11-28 23:04:35,648 INFO train precision: 0.998
2018-11-28 23:04:35,648 INFO train recall: 0.995
2018-11-28 23:04:35,649 INFO train F1: 0.996
2018-11-28 23:04:35,649 INFO train AUC: 0.997
2018-11-28 23:04:35,650 INFO Evaluating...
2018-11-28 23:04:36,632 INFO valid time: 0.983
2018-11-28 23:04:36,634 INFO valid loss: 0.112
2018-11-28 23:04:36,634 INFO valid accuracy: 0.955
2018-11-28 23:04:36,634 INFO valid precision: 0.981
2018-11-28 23:04:36,635 INFO valid recall: 0.927
2018-11-28 23:04:36,635 INFO valid F1: 0.953
2018-11-28 23:04:36,635 INFO valid AUC: 0.955
2018-11-28 23:04:36,762 INFO Epoch 92:
2018-11-28 23:04:36,763 INFO Training...
2018-11-28 23:04:43,529 INFO train time: 6.765
2018-11-28 23:04:43,529 INFO train loss: 0.015
2018-11-28 23:04:43,529 INFO train accuracy: 0.996
2018-11-28 23:04:43,529 INFO train precision: 0.998
2018-11-28 23:04:43,529 INFO train recall: 0.994
2018-11-28 23:04:43,530 INFO train F1: 0.996
2018-11-28 23:04:43,530 INFO train AUC: 0.996
2018-11-28 23:04:43,530 INFO Evaluating...
2018-11-28 23:04:44,496 INFO valid time: 0.966
2018-11-28 23:04:44,497 INFO valid loss: 0.109
2018-11-28 23:04:44,497 INFO valid accuracy: 0.961
2018-11-28 23:04:44,497 INFO valid precision: 0.981
2018-11-28 23:04:44,497 INFO valid recall: 0.939
2018-11-28 23:04:44,497 INFO valid F1: 0.960
2018-11-28 23:04:44,497 INFO valid AUC: 0.961
2018-11-28 23:04:44,630 INFO Epoch 93:
2018-11-28 23:04:44,631 INFO Training...
2018-11-28 23:04:51,297 INFO train time: 6.665
2018-11-28 23:04:51,298 INFO train loss: 0.015
2018-11-28 23:04:51,298 INFO train accuracy: 0.997
2018-11-28 23:04:51,298 INFO train precision: 0.998
2018-11-28 23:04:51,298 INFO train recall: 0.996
2018-11-28 23:04:51,299 INFO train F1: 0.997
2018-11-28 23:04:51,299 INFO train AUC: 0.997
2018-11-28 23:04:51,300 INFO Evaluating...
2018-11-28 23:04:52,270 INFO valid time: 0.970
2018-11-28 23:04:52,271 INFO valid loss: 0.111
2018-11-28 23:04:52,271 INFO valid accuracy: 0.955
2018-11-28 23:04:52,271 INFO valid precision: 0.981
2018-11-28 23:04:52,272 INFO valid recall: 0.927
2018-11-28 23:04:52,272 INFO valid F1: 0.953
2018-11-28 23:04:52,272 INFO valid AUC: 0.955
2018-11-28 23:04:52,411 INFO Epoch 94:
2018-11-28 23:04:52,412 INFO Training...
2018-11-28 23:04:58,961 INFO train time: 6.548
2018-11-28 23:04:58,961 INFO train loss: 0.015
2018-11-28 23:04:58,961 INFO train accuracy: 0.997
2018-11-28 23:04:58,961 INFO train precision: 0.998
2018-11-28 23:04:58,961 INFO train recall: 0.995
2018-11-28 23:04:58,962 INFO train F1: 0.996
2018-11-28 23:04:58,962 INFO train AUC: 0.997
2018-11-28 23:04:58,962 INFO Evaluating...
2018-11-28 23:05:00,226 INFO valid time: 1.264
2018-11-28 23:05:00,227 INFO valid loss: 0.109
2018-11-28 23:05:00,227 INFO valid accuracy: 0.964
2018-11-28 23:05:00,227 INFO valid precision: 0.981
2018-11-28 23:05:00,227 INFO valid recall: 0.945
2018-11-28 23:05:00,227 INFO valid F1: 0.963
2018-11-28 23:05:00,227 INFO valid AUC: 0.964
2018-11-28 23:05:00,345 INFO Epoch 95:
2018-11-28 23:05:00,346 INFO Training...
2018-11-28 23:05:06,627 INFO train time: 6.280
2018-11-28 23:05:06,627 INFO train loss: 0.014
2018-11-28 23:05:06,627 INFO train accuracy: 0.997
2018-11-28 23:05:06,628 INFO train precision: 0.998
2018-11-28 23:05:06,628 INFO train recall: 0.996
2018-11-28 23:05:06,628 INFO train F1: 0.997
2018-11-28 23:05:06,628 INFO train AUC: 0.997
2018-11-28 23:05:06,642 INFO Evaluating...
2018-11-28 23:05:07,526 INFO valid time: 0.884
2018-11-28 23:05:07,527 INFO valid loss: 0.110
2018-11-28 23:05:07,527 INFO valid accuracy: 0.961
2018-11-28 23:05:07,527 INFO valid precision: 0.981
2018-11-28 23:05:07,528 INFO valid recall: 0.939
2018-11-28 23:05:07,528 INFO valid F1: 0.960
2018-11-28 23:05:07,528 INFO valid AUC: 0.961
2018-11-28 23:05:07,673 INFO Epoch 96:
2018-11-28 23:05:07,674 INFO Training...
2018-11-28 23:05:14,198 INFO train time: 6.524
2018-11-28 23:05:14,199 INFO train loss: 0.014
2018-11-28 23:05:14,199 INFO train accuracy: 0.997
2018-11-28 23:05:14,199 INFO train precision: 0.999
2018-11-28 23:05:14,199 INFO train recall: 0.995
2018-11-28 23:05:14,199 INFO train F1: 0.997
2018-11-28 23:05:14,199 INFO train AUC: 0.997
2018-11-28 23:05:14,200 INFO Evaluating...
2018-11-28 23:05:15,191 INFO valid time: 0.990
2018-11-28 23:05:15,191 INFO valid loss: 0.108
2018-11-28 23:05:15,191 INFO valid accuracy: 0.964
2018-11-28 23:05:15,191 INFO valid precision: 0.981
2018-11-28 23:05:15,191 INFO valid recall: 0.945
2018-11-28 23:05:15,192 INFO valid F1: 0.963
2018-11-28 23:05:15,192 INFO valid AUC: 0.964
2018-11-28 23:05:15,333 INFO Epoch 97:
2018-11-28 23:05:15,334 INFO Training...
2018-11-28 23:05:22,522 INFO train time: 7.188
2018-11-28 23:05:22,523 INFO train loss: 0.014
2018-11-28 23:05:22,523 INFO train accuracy: 0.997
2018-11-28 23:05:22,524 INFO train precision: 0.998
2018-11-28 23:05:22,524 INFO train recall: 0.996
2018-11-28 23:05:22,524 INFO train F1: 0.997
2018-11-28 23:05:22,525 INFO train AUC: 0.997
2018-11-28 23:05:22,525 INFO Evaluating...
2018-11-28 23:05:23,507 INFO valid time: 0.981
2018-11-28 23:05:23,507 INFO valid loss: 0.110
2018-11-28 23:05:23,507 INFO valid accuracy: 0.961
2018-11-28 23:05:23,507 INFO valid precision: 0.981
2018-11-28 23:05:23,508 INFO valid recall: 0.939
2018-11-28 23:05:23,508 INFO valid F1: 0.960
2018-11-28 23:05:23,508 INFO valid AUC: 0.961
2018-11-28 23:05:23,641 INFO Epoch 98:
2018-11-28 23:05:23,642 INFO Training...
2018-11-28 23:05:30,720 INFO train time: 7.078
2018-11-28 23:05:30,721 INFO train loss: 0.014
2018-11-28 23:05:30,721 INFO train accuracy: 0.997
2018-11-28 23:05:30,721 INFO train precision: 0.999
2018-11-28 23:05:30,721 INFO train recall: 0.995
2018-11-28 23:05:30,721 INFO train F1: 0.997
2018-11-28 23:05:30,722 INFO train AUC: 0.997
2018-11-28 23:05:30,722 INFO Evaluating...
2018-11-28 23:05:31,790 INFO valid time: 1.068
2018-11-28 23:05:31,790 INFO valid loss: 0.108
2018-11-28 23:05:31,791 INFO valid accuracy: 0.964
2018-11-28 23:05:31,791 INFO valid precision: 0.981
2018-11-28 23:05:31,791 INFO valid recall: 0.945
2018-11-28 23:05:31,791 INFO valid F1: 0.963
2018-11-28 23:05:31,791 INFO valid AUC: 0.964
2018-11-28 23:05:31,917 INFO Epoch 99:
2018-11-28 23:05:31,918 INFO Training...
2018-11-28 23:05:38,582 INFO train time: 6.663
2018-11-28 23:05:38,582 INFO train loss: 0.013
2018-11-28 23:05:38,582 INFO train accuracy: 0.998
2018-11-28 23:05:38,583 INFO train precision: 0.999
2018-11-28 23:05:38,583 INFO train recall: 0.996
2018-11-28 23:05:38,583 INFO train F1: 0.998
2018-11-28 23:05:38,583 INFO train AUC: 0.998
2018-11-28 23:05:38,584 INFO Evaluating...
2018-11-28 23:05:39,727 INFO valid time: 1.143
2018-11-28 23:05:39,728 INFO valid loss: 0.109
2018-11-28 23:05:39,728 INFO valid accuracy: 0.964
2018-11-28 23:05:39,728 INFO valid precision: 0.981
2018-11-28 23:05:39,728 INFO valid recall: 0.945
2018-11-28 23:05:39,728 INFO valid F1: 0.963
2018-11-28 23:05:39,728 INFO valid AUC: 0.964
2018-11-28 23:05:39,870 INFO Restoring parameters from out/kinase_graph/model/model.ckpt
2018-11-28 23:05:39,896 INFO Evaluating...
2018-11-28 23:05:41,385 INFO test time: 1.489
2018-11-28 23:05:41,385 INFO test loss: 0.104
2018-11-28 23:05:41,386 INFO test accuracy: 0.967
2018-11-28 23:05:41,386 INFO test precision: 0.971
2018-11-28 23:05:41,386 INFO test recall: 0.958
2018-11-28 23:05:41,387 INFO test F1: 0.965
2018-11-28 23:05:41,387 INFO test AUC: 0.967
2018-11-28 23:05:41,458 INFO Saving History to out/kinase_graph/history.csv
2018-11-28 23:05:41,458 INFO Saving Summary to out/kinase_graph/summary.csv
2018-11-28 23:05:41,462 INFO All done!
