2018-11-22 19:10:23,716 INFO Initializing
2018-11-22 19:10:24,864 INFO Loaded 359 training samples
2018-11-22 19:10:24,864 INFO Loaded 52 validation samples
2018-11-22 19:10:24,865 INFO Loaded 103 test samples
2018-11-22 19:10:31,603 INFO Model: Dilated_Graph-CNN
2018-11-22 19:10:31,603 INFO Parameters: 3526530
2018-11-22 19:10:32,154 INFO Epoch 0:
2018-11-22 19:10:32,180 INFO Training...
2018-11-22 19:10:35,062 INFO train time: 2.883
2018-11-22 19:10:35,063 INFO train loss: 0.433
2018-11-22 19:10:35,063 INFO train accuracy: 0.808
2018-11-22 19:10:35,063 INFO train precision: 0.843
2018-11-22 19:10:35,063 INFO train recall: 0.893
2018-11-22 19:10:35,063 INFO train F1: 0.867
2018-11-22 19:10:35,063 INFO train AUC: 0.750
2018-11-22 19:10:35,064 INFO Evaluating...
2018-11-22 19:10:35,556 INFO valid time: 0.492
2018-11-22 19:10:35,556 INFO valid loss: 0.153
2018-11-22 19:10:35,556 INFO valid accuracy: 0.962
2018-11-22 19:10:35,557 INFO valid precision: 0.953
2018-11-22 19:10:35,557 INFO valid recall: 1.000
2018-11-22 19:10:35,557 INFO valid F1: 0.976
2018-11-22 19:10:35,557 INFO valid AUC: 0.909
2018-11-22 19:10:35,837 INFO Epoch 1:
2018-11-22 19:10:35,838 INFO Training...
2018-11-22 19:10:38,921 INFO train time: 3.083
2018-11-22 19:10:38,923 INFO train loss: 0.156
2018-11-22 19:10:38,923 INFO train accuracy: 0.942
2018-11-22 19:10:38,924 INFO train precision: 0.949
2018-11-22 19:10:38,924 INFO train recall: 0.968
2018-11-22 19:10:38,924 INFO train F1: 0.959
2018-11-22 19:10:38,924 INFO train AUC: 0.923
2018-11-22 19:10:38,925 INFO Evaluating...
2018-11-22 19:10:39,295 INFO valid time: 0.370
2018-11-22 19:10:39,295 INFO valid loss: 0.125
2018-11-22 19:10:39,295 INFO valid accuracy: 0.962
2018-11-22 19:10:39,295 INFO valid precision: 0.953
2018-11-22 19:10:39,295 INFO valid recall: 1.000
2018-11-22 19:10:39,296 INFO valid F1: 0.976
2018-11-22 19:10:39,296 INFO valid AUC: 0.909
2018-11-22 19:10:39,602 INFO Epoch 2:
2018-11-22 19:10:39,603 INFO Training...
2018-11-22 19:10:42,544 INFO train time: 2.941
2018-11-22 19:10:42,544 INFO train loss: 0.101
2018-11-22 19:10:42,544 INFO train accuracy: 0.972
2018-11-22 19:10:42,545 INFO train precision: 0.965
2018-11-22 19:10:42,545 INFO train recall: 0.996
2018-11-22 19:10:42,545 INFO train F1: 0.980
2018-11-22 19:10:42,545 INFO train AUC: 0.956
2018-11-22 19:10:42,546 INFO Evaluating...
2018-11-22 19:10:42,901 INFO valid time: 0.355
2018-11-22 19:10:42,901 INFO valid loss: 0.123
2018-11-22 19:10:42,901 INFO valid accuracy: 0.962
2018-11-22 19:10:42,901 INFO valid precision: 0.953
2018-11-22 19:10:42,902 INFO valid recall: 1.000
2018-11-22 19:10:42,902 INFO valid F1: 0.976
2018-11-22 19:10:42,902 INFO valid AUC: 0.909
2018-11-22 19:10:43,606 INFO Epoch 3:
2018-11-22 19:10:43,607 INFO Training...
2018-11-22 19:10:46,512 INFO train time: 2.905
2018-11-22 19:10:46,514 INFO train loss: 0.070
2018-11-22 19:10:46,514 INFO train accuracy: 0.983
2018-11-22 19:10:46,515 INFO train precision: 0.977
2018-11-22 19:10:46,515 INFO train recall: 1.000
2018-11-22 19:10:46,515 INFO train F1: 0.988
2018-11-22 19:10:46,515 INFO train AUC: 0.972
2018-11-22 19:10:46,516 INFO Evaluating...
2018-11-22 19:10:46,830 INFO valid time: 0.314
2018-11-22 19:10:46,831 INFO valid loss: 0.093
2018-11-22 19:10:46,831 INFO valid accuracy: 0.962
2018-11-22 19:10:46,831 INFO valid precision: 0.953
2018-11-22 19:10:46,831 INFO valid recall: 1.000
2018-11-22 19:10:46,832 INFO valid F1: 0.976
2018-11-22 19:10:46,832 INFO valid AUC: 0.909
2018-11-22 19:10:47,084 INFO Epoch 4:
2018-11-22 19:10:47,085 INFO Training...
2018-11-22 19:10:49,787 INFO train time: 2.702
2018-11-22 19:10:49,787 INFO train loss: 0.048
2018-11-22 19:10:49,787 INFO train accuracy: 0.992
2018-11-22 19:10:49,787 INFO train precision: 0.988
2018-11-22 19:10:49,787 INFO train recall: 1.000
2018-11-22 19:10:49,788 INFO train F1: 0.994
2018-11-22 19:10:49,788 INFO train AUC: 0.986
2018-11-22 19:10:49,788 INFO Evaluating...
2018-11-22 19:10:50,063 INFO valid time: 0.275
2018-11-22 19:10:50,063 INFO valid loss: 0.075
2018-11-22 19:10:50,063 INFO valid accuracy: 0.981
2018-11-22 19:10:50,064 INFO valid precision: 0.976
2018-11-22 19:10:50,064 INFO valid recall: 1.000
2018-11-22 19:10:50,064 INFO valid F1: 0.988
2018-11-22 19:10:50,064 INFO valid AUC: 0.955
2018-11-22 19:10:50,343 INFO Epoch 5:
2018-11-22 19:10:50,344 INFO Training...
2018-11-22 19:10:53,076 INFO train time: 2.733
2018-11-22 19:10:53,078 INFO train loss: 0.031
2018-11-22 19:10:53,079 INFO train accuracy: 0.997
2018-11-22 19:10:53,079 INFO train precision: 0.996
2018-11-22 19:10:53,079 INFO train recall: 1.000
2018-11-22 19:10:53,079 INFO train F1: 0.998
2018-11-22 19:10:53,079 INFO train AUC: 0.995
2018-11-22 19:10:53,080 INFO Evaluating...
2018-11-22 19:10:53,418 INFO valid time: 0.337
2018-11-22 19:10:53,418 INFO valid loss: 0.095
2018-11-22 19:10:53,418 INFO valid accuracy: 0.962
2018-11-22 19:10:53,418 INFO valid precision: 0.976
2018-11-22 19:10:53,418 INFO valid recall: 0.976
2018-11-22 19:10:53,418 INFO valid F1: 0.976
2018-11-22 19:10:53,419 INFO valid AUC: 0.942
2018-11-22 19:10:53,738 INFO Epoch 6:
2018-11-22 19:10:53,738 INFO Training...
2018-11-22 19:10:56,201 INFO train time: 2.462
2018-11-22 19:10:56,201 INFO train loss: 0.024
2018-11-22 19:10:56,201 INFO train accuracy: 1.000
2018-11-22 19:10:56,201 INFO train precision: 1.000
2018-11-22 19:10:56,201 INFO train recall: 1.000
2018-11-22 19:10:56,201 INFO train F1: 1.000
2018-11-22 19:10:56,201 INFO train AUC: 1.000
2018-11-22 19:10:56,202 INFO Evaluating...
2018-11-22 19:10:56,467 INFO valid time: 0.265
2018-11-22 19:10:56,467 INFO valid loss: 0.110
2018-11-22 19:10:56,467 INFO valid accuracy: 0.942
2018-11-22 19:10:56,467 INFO valid precision: 0.952
2018-11-22 19:10:56,468 INFO valid recall: 0.976
2018-11-22 19:10:56,468 INFO valid F1: 0.964
2018-11-22 19:10:56,468 INFO valid AUC: 0.897
2018-11-22 19:10:56,991 INFO Epoch 7:
2018-11-22 19:10:56,991 INFO Training...
2018-11-22 19:10:59,313 INFO train time: 2.321
2018-11-22 19:10:59,313 INFO train loss: 0.022
2018-11-22 19:10:59,313 INFO train accuracy: 0.994
2018-11-22 19:10:59,313 INFO train precision: 0.996
2018-11-22 19:10:59,313 INFO train recall: 0.996
2018-11-22 19:10:59,313 INFO train F1: 0.996
2018-11-22 19:10:59,313 INFO train AUC: 0.993
2018-11-22 19:10:59,314 INFO Evaluating...
2018-11-22 19:10:59,575 INFO valid time: 0.261
2018-11-22 19:10:59,575 INFO valid loss: 0.105
2018-11-22 19:10:59,576 INFO valid accuracy: 0.942
2018-11-22 19:10:59,576 INFO valid precision: 0.952
2018-11-22 19:10:59,576 INFO valid recall: 0.976
2018-11-22 19:10:59,576 INFO valid F1: 0.964
2018-11-22 19:10:59,576 INFO valid AUC: 0.897
2018-11-22 19:10:59,804 INFO Epoch 8:
2018-11-22 19:10:59,805 INFO Training...
2018-11-22 19:11:02,252 INFO train time: 2.447
2018-11-22 19:11:02,252 INFO train loss: 0.019
2018-11-22 19:11:02,252 INFO train accuracy: 0.997
2018-11-22 19:11:02,252 INFO train precision: 0.996
2018-11-22 19:11:02,252 INFO train recall: 1.000
2018-11-22 19:11:02,252 INFO train F1: 0.998
2018-11-22 19:11:02,253 INFO train AUC: 0.995
2018-11-22 19:11:02,253 INFO Evaluating...
2018-11-22 19:11:02,667 INFO valid time: 0.414
2018-11-22 19:11:02,667 INFO valid loss: 0.082
2018-11-22 19:11:02,667 INFO valid accuracy: 0.962
2018-11-22 19:11:02,667 INFO valid precision: 0.976
2018-11-22 19:11:02,668 INFO valid recall: 0.976
2018-11-22 19:11:02,668 INFO valid F1: 0.976
2018-11-22 19:11:02,668 INFO valid AUC: 0.942
2018-11-22 19:11:02,939 INFO Epoch 9:
2018-11-22 19:11:02,940 INFO Training...
2018-11-22 19:11:05,508 INFO train time: 2.568
2018-11-22 19:11:05,508 INFO train loss: 0.012
2018-11-22 19:11:05,508 INFO train accuracy: 1.000
2018-11-22 19:11:05,508 INFO train precision: 1.000
2018-11-22 19:11:05,509 INFO train recall: 1.000
2018-11-22 19:11:05,509 INFO train F1: 1.000
2018-11-22 19:11:05,509 INFO train AUC: 1.000
2018-11-22 19:11:05,509 INFO Evaluating...
2018-11-22 19:11:05,788 INFO valid time: 0.279
2018-11-22 19:11:05,789 INFO valid loss: 0.092
2018-11-22 19:11:05,789 INFO valid accuracy: 0.942
2018-11-22 19:11:05,789 INFO valid precision: 0.952
2018-11-22 19:11:05,789 INFO valid recall: 0.976
2018-11-22 19:11:05,790 INFO valid F1: 0.964
2018-11-22 19:11:05,790 INFO valid AUC: 0.897
2018-11-22 19:11:06,023 INFO Restoring parameters from ../out/psiblast_dilated_graph/model/model.ckpt
2018-11-22 19:11:06,116 INFO Evaluating...
2018-11-22 19:11:06,751 INFO test time: 0.634
2018-11-22 19:11:06,751 INFO test loss: 0.289
2018-11-22 19:11:06,751 INFO test accuracy: 0.942
2018-11-22 19:11:06,752 INFO test precision: 0.933
2018-11-22 19:11:06,752 INFO test recall: 0.986
2018-11-22 19:11:06,752 INFO test F1: 0.959
2018-11-22 19:11:06,752 INFO test AUC: 0.915
2018-11-22 19:11:06,833 INFO Saving History to ../out/psiblast_dilated_graph/history.csv
2018-11-22 19:11:06,833 INFO Saving Summary to ../out/psiblast_dilated_graph/summary.csv
2018-11-22 19:11:06,839 INFO All done!
