2018-11-28 23:15:28,789 INFO Initializing
2018-11-28 23:15:29,363 INFO Loaded 2355 training samples
2018-11-28 23:15:29,363 INFO Loaded 337 validation samples
2018-11-28 23:15:29,363 INFO Loaded 673 test samples
2018-11-28 23:15:35,390 INFO Model: Dilated_Graph-CNN
2018-11-28 23:15:35,390 INFO Parameters: 2183386
2018-11-28 23:15:36,452 INFO Epoch 0:
2018-11-28 23:15:36,477 INFO Training...
2018-11-28 23:15:45,900 INFO train time: 9.422
2018-11-28 23:15:45,900 INFO train loss: 0.666
2018-11-28 23:15:45,900 INFO train accuracy: 0.537
2018-11-28 23:15:45,900 INFO train precision: 0.514
2018-11-28 23:15:45,900 INFO train recall: 0.400
2018-11-28 23:15:45,900 INFO train F1: 0.450
2018-11-28 23:15:45,901 INFO train AUC: 0.530
2018-11-28 23:15:45,901 INFO Evaluating...
2018-11-28 23:15:47,168 INFO valid time: 1.267
2018-11-28 23:15:47,169 INFO valid loss: 0.705
2018-11-28 23:15:47,169 INFO valid accuracy: 0.525
2018-11-28 23:15:47,169 INFO valid precision: 1.000
2018-11-28 23:15:47,169 INFO valid recall: 0.030
2018-11-28 23:15:47,169 INFO valid F1: 0.059
2018-11-28 23:15:47,169 INFO valid AUC: 0.515
2018-11-28 23:15:47,593 INFO Epoch 1:
2018-11-28 23:15:47,608 INFO Training...
2018-11-28 23:15:55,287 INFO train time: 7.678
2018-11-28 23:15:55,287 INFO train loss: 0.529
2018-11-28 23:15:55,287 INFO train accuracy: 0.606
2018-11-28 23:15:55,287 INFO train precision: 0.923
2018-11-28 23:15:55,288 INFO train recall: 0.182
2018-11-28 23:15:55,288 INFO train F1: 0.304
2018-11-28 23:15:55,288 INFO train AUC: 0.584
2018-11-28 23:15:55,288 INFO Evaluating...
2018-11-28 23:15:56,486 INFO valid time: 1.197
2018-11-28 23:15:56,486 INFO valid loss: 0.544
2018-11-28 23:15:56,487 INFO valid accuracy: 0.813
2018-11-28 23:15:56,487 INFO valid precision: 0.763
2018-11-28 23:15:56,487 INFO valid recall: 0.897
2018-11-28 23:15:56,487 INFO valid F1: 0.825
2018-11-28 23:15:56,488 INFO valid AUC: 0.815
2018-11-28 23:15:56,748 INFO Epoch 2:
2018-11-28 23:15:56,763 INFO Training...
2018-11-28 23:16:05,277 INFO train time: 8.513
2018-11-28 23:16:05,278 INFO train loss: 0.392
2018-11-28 23:16:05,278 INFO train accuracy: 0.752
2018-11-28 23:16:05,278 INFO train precision: 0.791
2018-11-28 23:16:05,279 INFO train recall: 0.648
2018-11-28 23:16:05,279 INFO train F1: 0.712
2018-11-28 23:16:05,279 INFO train AUC: 0.747
2018-11-28 23:16:05,280 INFO Evaluating...
2018-11-28 23:16:06,317 INFO valid time: 1.037
2018-11-28 23:16:06,317 INFO valid loss: 0.493
2018-11-28 23:16:06,318 INFO valid accuracy: 0.760
2018-11-28 23:16:06,318 INFO valid precision: 0.839
2018-11-28 23:16:06,318 INFO valid recall: 0.630
2018-11-28 23:16:06,318 INFO valid F1: 0.720
2018-11-28 23:16:06,319 INFO valid AUC: 0.757
2018-11-28 23:16:06,578 INFO Epoch 3:
2018-11-28 23:16:06,592 INFO Training...
2018-11-28 23:16:15,117 INFO train time: 8.524
2018-11-28 23:16:15,117 INFO train loss: 0.340
2018-11-28 23:16:15,118 INFO train accuracy: 0.794
2018-11-28 23:16:15,118 INFO train precision: 0.825
2018-11-28 23:16:15,118 INFO train recall: 0.717
2018-11-28 23:16:15,118 INFO train F1: 0.767
2018-11-28 23:16:15,118 INFO train AUC: 0.790
2018-11-28 23:16:15,119 INFO Evaluating...
2018-11-28 23:16:16,165 INFO valid time: 1.046
2018-11-28 23:16:16,165 INFO valid loss: 0.443
2018-11-28 23:16:16,165 INFO valid accuracy: 0.825
2018-11-28 23:16:16,165 INFO valid precision: 0.791
2018-11-28 23:16:16,166 INFO valid recall: 0.873
2018-11-28 23:16:16,166 INFO valid F1: 0.830
2018-11-28 23:16:16,166 INFO valid AUC: 0.826
2018-11-28 23:16:16,435 INFO Epoch 4:
2018-11-28 23:16:16,449 INFO Training...
2018-11-28 23:16:25,094 INFO train time: 8.645
2018-11-28 23:16:25,095 INFO train loss: 0.312
2018-11-28 23:16:25,095 INFO train accuracy: 0.820
2018-11-28 23:16:25,095 INFO train precision: 0.834
2018-11-28 23:16:25,095 INFO train recall: 0.773
2018-11-28 23:16:25,095 INFO train F1: 0.802
2018-11-28 23:16:25,095 INFO train AUC: 0.817
2018-11-28 23:16:25,096 INFO Evaluating...
2018-11-28 23:16:26,125 INFO valid time: 1.029
2018-11-28 23:16:26,126 INFO valid loss: 0.396
2018-11-28 23:16:26,126 INFO valid accuracy: 0.846
2018-11-28 23:16:26,126 INFO valid precision: 0.869
2018-11-28 23:16:26,126 INFO valid recall: 0.806
2018-11-28 23:16:26,126 INFO valid F1: 0.836
2018-11-28 23:16:26,126 INFO valid AUC: 0.845
2018-11-28 23:16:26,380 INFO Epoch 5:
2018-11-28 23:16:26,395 INFO Training...
2018-11-28 23:16:34,591 INFO train time: 8.196
2018-11-28 23:16:34,591 INFO train loss: 0.275
2018-11-28 23:16:34,592 INFO train accuracy: 0.855
2018-11-28 23:16:34,592 INFO train precision: 0.875
2018-11-28 23:16:34,592 INFO train recall: 0.810
2018-11-28 23:16:34,592 INFO train F1: 0.841
2018-11-28 23:16:34,592 INFO train AUC: 0.853
2018-11-28 23:16:34,594 INFO Evaluating...
2018-11-28 23:16:35,673 INFO valid time: 1.078
2018-11-28 23:16:35,673 INFO valid loss: 0.361
2018-11-28 23:16:35,673 INFO valid accuracy: 0.869
2018-11-28 23:16:35,673 INFO valid precision: 0.890
2018-11-28 23:16:35,673 INFO valid recall: 0.836
2018-11-28 23:16:35,674 INFO valid F1: 0.862
2018-11-28 23:16:35,674 INFO valid AUC: 0.869
2018-11-28 23:16:35,928 INFO Epoch 6:
2018-11-28 23:16:35,943 INFO Training...
2018-11-28 23:16:43,990 INFO train time: 8.047
2018-11-28 23:16:43,991 INFO train loss: 0.252
2018-11-28 23:16:43,991 INFO train accuracy: 0.871
2018-11-28 23:16:43,992 INFO train precision: 0.900
2018-11-28 23:16:43,992 INFO train recall: 0.820
2018-11-28 23:16:43,992 INFO train F1: 0.858
2018-11-28 23:16:43,992 INFO train AUC: 0.869
2018-11-28 23:16:43,994 INFO Evaluating...
2018-11-28 23:16:45,202 INFO valid time: 1.208
2018-11-28 23:16:45,202 INFO valid loss: 0.333
2018-11-28 23:16:45,202 INFO valid accuracy: 0.881
2018-11-28 23:16:45,203 INFO valid precision: 0.879
2018-11-28 23:16:45,203 INFO valid recall: 0.879
2018-11-28 23:16:45,203 INFO valid F1: 0.879
2018-11-28 23:16:45,203 INFO valid AUC: 0.881
2018-11-28 23:16:45,474 INFO Epoch 7:
2018-11-28 23:16:45,489 INFO Training...
2018-11-28 23:16:53,420 INFO train time: 7.931
2018-11-28 23:16:53,421 INFO train loss: 0.234
2018-11-28 23:16:53,421 INFO train accuracy: 0.886
2018-11-28 23:16:53,421 INFO train precision: 0.898
2018-11-28 23:16:53,421 INFO train recall: 0.857
2018-11-28 23:16:53,421 INFO train F1: 0.877
2018-11-28 23:16:53,421 INFO train AUC: 0.885
2018-11-28 23:16:53,422 INFO Evaluating...
2018-11-28 23:16:54,514 INFO valid time: 1.091
2018-11-28 23:16:54,514 INFO valid loss: 0.302
2018-11-28 23:16:54,514 INFO valid accuracy: 0.878
2018-11-28 23:16:54,514 INFO valid precision: 0.897
2018-11-28 23:16:54,514 INFO valid recall: 0.848
2018-11-28 23:16:54,514 INFO valid F1: 0.872
2018-11-28 23:16:54,514 INFO valid AUC: 0.878
2018-11-28 23:16:54,767 INFO Epoch 8:
2018-11-28 23:16:54,781 INFO Training...
2018-11-28 23:17:02,844 INFO train time: 8.063
2018-11-28 23:17:02,845 INFO train loss: 0.212
2018-11-28 23:17:02,845 INFO train accuracy: 0.901
2018-11-28 23:17:02,845 INFO train precision: 0.912
2018-11-28 23:17:02,845 INFO train recall: 0.875
2018-11-28 23:17:02,845 INFO train F1: 0.893
2018-11-28 23:17:02,846 INFO train AUC: 0.900
2018-11-28 23:17:02,846 INFO Evaluating...
2018-11-28 23:17:03,987 INFO valid time: 1.140
2018-11-28 23:17:03,987 INFO valid loss: 0.282
2018-11-28 23:17:03,988 INFO valid accuracy: 0.887
2018-11-28 23:17:03,988 INFO valid precision: 0.904
2018-11-28 23:17:03,988 INFO valid recall: 0.861
2018-11-28 23:17:03,988 INFO valid F1: 0.882
2018-11-28 23:17:03,988 INFO valid AUC: 0.887
2018-11-28 23:17:04,248 INFO Epoch 9:
2018-11-28 23:17:04,263 INFO Training...
2018-11-28 23:17:12,373 INFO train time: 8.110
2018-11-28 23:17:12,373 INFO train loss: 0.196
2018-11-28 23:17:12,373 INFO train accuracy: 0.907
2018-11-28 23:17:12,373 INFO train precision: 0.920
2018-11-28 23:17:12,374 INFO train recall: 0.880
2018-11-28 23:17:12,374 INFO train F1: 0.900
2018-11-28 23:17:12,374 INFO train AUC: 0.906
2018-11-28 23:17:12,375 INFO Evaluating...
2018-11-28 23:17:13,447 INFO valid time: 1.072
2018-11-28 23:17:13,447 INFO valid loss: 0.267
2018-11-28 23:17:13,447 INFO valid accuracy: 0.911
2018-11-28 23:17:13,447 INFO valid precision: 0.909
2018-11-28 23:17:13,448 INFO valid recall: 0.909
2018-11-28 23:17:13,448 INFO valid F1: 0.909
2018-11-28 23:17:13,448 INFO valid AUC: 0.911
2018-11-28 23:17:13,732 INFO Epoch 10:
2018-11-28 23:17:13,748 INFO Training...
2018-11-28 23:17:21,795 INFO train time: 8.047
2018-11-28 23:17:21,796 INFO train loss: 0.184
2018-11-28 23:17:21,796 INFO train accuracy: 0.913
2018-11-28 23:17:21,796 INFO train precision: 0.922
2018-11-28 23:17:21,797 INFO train recall: 0.891
2018-11-28 23:17:21,797 INFO train F1: 0.907
2018-11-28 23:17:21,797 INFO train AUC: 0.912
2018-11-28 23:17:21,798 INFO Evaluating...
2018-11-28 23:17:22,882 INFO valid time: 1.084
2018-11-28 23:17:22,883 INFO valid loss: 0.251
2018-11-28 23:17:22,883 INFO valid accuracy: 0.917
2018-11-28 23:17:22,883 INFO valid precision: 0.910
2018-11-28 23:17:22,883 INFO valid recall: 0.921
2018-11-28 23:17:22,883 INFO valid F1: 0.916
2018-11-28 23:17:22,884 INFO valid AUC: 0.917
2018-11-28 23:17:23,159 INFO Epoch 11:
2018-11-28 23:17:23,175 INFO Training...
2018-11-28 23:17:31,165 INFO train time: 7.989
2018-11-28 23:17:31,165 INFO train loss: 0.172
2018-11-28 23:17:31,165 INFO train accuracy: 0.921
2018-11-28 23:17:31,165 INFO train precision: 0.923
2018-11-28 23:17:31,165 INFO train recall: 0.909
2018-11-28 23:17:31,165 INFO train F1: 0.916
2018-11-28 23:17:31,165 INFO train AUC: 0.920
2018-11-28 23:17:31,166 INFO Evaluating...
2018-11-28 23:17:32,292 INFO valid time: 1.126
2018-11-28 23:17:32,292 INFO valid loss: 0.235
2018-11-28 23:17:32,293 INFO valid accuracy: 0.920
2018-11-28 23:17:32,293 INFO valid precision: 0.921
2018-11-28 23:17:32,293 INFO valid recall: 0.915
2018-11-28 23:17:32,293 INFO valid F1: 0.918
2018-11-28 23:17:32,293 INFO valid AUC: 0.920
2018-11-28 23:17:32,566 INFO Epoch 12:
2018-11-28 23:17:32,581 INFO Training...
2018-11-28 23:17:40,628 INFO train time: 8.047
2018-11-28 23:17:40,628 INFO train loss: 0.160
2018-11-28 23:17:40,629 INFO train accuracy: 0.926
2018-11-28 23:17:40,629 INFO train precision: 0.932
2018-11-28 23:17:40,629 INFO train recall: 0.910
2018-11-28 23:17:40,629 INFO train F1: 0.921
2018-11-28 23:17:40,629 INFO train AUC: 0.925
2018-11-28 23:17:40,630 INFO Evaluating...
2018-11-28 23:17:41,715 INFO valid time: 1.085
2018-11-28 23:17:41,715 INFO valid loss: 0.226
2018-11-28 23:17:41,716 INFO valid accuracy: 0.926
2018-11-28 23:17:41,716 INFO valid precision: 0.912
2018-11-28 23:17:41,716 INFO valid recall: 0.939
2018-11-28 23:17:41,716 INFO valid F1: 0.925
2018-11-28 23:17:41,716 INFO valid AUC: 0.926
2018-11-28 23:17:41,982 INFO Epoch 13:
2018-11-28 23:17:41,999 INFO Training...
2018-11-28 23:17:50,459 INFO train time: 8.460
2018-11-28 23:17:50,459 INFO train loss: 0.152
2018-11-28 23:17:50,459 INFO train accuracy: 0.930
2018-11-28 23:17:50,459 INFO train precision: 0.934
2018-11-28 23:17:50,460 INFO train recall: 0.917
2018-11-28 23:17:50,460 INFO train F1: 0.926
2018-11-28 23:17:50,460 INFO train AUC: 0.930
2018-11-28 23:17:50,461 INFO Evaluating...
2018-11-28 23:17:51,536 INFO valid time: 1.075
2018-11-28 23:17:51,536 INFO valid loss: 0.218
2018-11-28 23:17:51,536 INFO valid accuracy: 0.926
2018-11-28 23:17:51,537 INFO valid precision: 0.907
2018-11-28 23:17:51,537 INFO valid recall: 0.945
2018-11-28 23:17:51,537 INFO valid F1: 0.926
2018-11-28 23:17:51,537 INFO valid AUC: 0.926
2018-11-28 23:17:51,803 INFO Epoch 14:
2018-11-28 23:17:51,819 INFO Training...
2018-11-28 23:18:00,049 INFO train time: 8.230
2018-11-28 23:18:00,049 INFO train loss: 0.144
2018-11-28 23:18:00,049 INFO train accuracy: 0.936
2018-11-28 23:18:00,050 INFO train precision: 0.934
2018-11-28 23:18:00,050 INFO train recall: 0.932
2018-11-28 23:18:00,050 INFO train F1: 0.933
2018-11-28 23:18:00,050 INFO train AUC: 0.936
2018-11-28 23:18:00,051 INFO Evaluating...
2018-11-28 23:18:01,174 INFO valid time: 1.122
2018-11-28 23:18:01,174 INFO valid loss: 0.206
2018-11-28 23:18:01,174 INFO valid accuracy: 0.929
2018-11-28 23:18:01,175 INFO valid precision: 0.917
2018-11-28 23:18:01,175 INFO valid recall: 0.939
2018-11-28 23:18:01,175 INFO valid F1: 0.928
2018-11-28 23:18:01,175 INFO valid AUC: 0.929
2018-11-28 23:18:01,445 INFO Epoch 15:
2018-11-28 23:18:01,460 INFO Training...
2018-11-28 23:18:09,680 INFO train time: 8.220
2018-11-28 23:18:09,680 INFO train loss: 0.133
2018-11-28 23:18:09,680 INFO train accuracy: 0.944
2018-11-28 23:18:09,681 INFO train precision: 0.938
2018-11-28 23:18:09,681 INFO train recall: 0.943
2018-11-28 23:18:09,681 INFO train F1: 0.941
2018-11-28 23:18:09,681 INFO train AUC: 0.944
2018-11-28 23:18:09,681 INFO Evaluating...
2018-11-28 23:18:10,775 INFO valid time: 1.093
2018-11-28 23:18:10,776 INFO valid loss: 0.197
2018-11-28 23:18:10,776 INFO valid accuracy: 0.926
2018-11-28 23:18:10,776 INFO valid precision: 0.932
2018-11-28 23:18:10,776 INFO valid recall: 0.915
2018-11-28 23:18:10,776 INFO valid F1: 0.924
2018-11-28 23:18:10,776 INFO valid AUC: 0.926
2018-11-28 23:18:11,020 INFO Epoch 16:
2018-11-28 23:18:11,034 INFO Training...
2018-11-28 23:18:19,173 INFO train time: 8.139
2018-11-28 23:18:19,173 INFO train loss: 0.125
2018-11-28 23:18:19,173 INFO train accuracy: 0.949
2018-11-28 23:18:19,174 INFO train precision: 0.949
2018-11-28 23:18:19,174 INFO train recall: 0.943
2018-11-28 23:18:19,174 INFO train F1: 0.946
2018-11-28 23:18:19,174 INFO train AUC: 0.949
2018-11-28 23:18:19,176 INFO Evaluating...
2018-11-28 23:18:20,341 INFO valid time: 1.165
2018-11-28 23:18:20,342 INFO valid loss: 0.189
2018-11-28 23:18:20,342 INFO valid accuracy: 0.926
2018-11-28 23:18:20,342 INFO valid precision: 0.927
2018-11-28 23:18:20,342 INFO valid recall: 0.921
2018-11-28 23:18:20,343 INFO valid F1: 0.924
2018-11-28 23:18:20,343 INFO valid AUC: 0.926
2018-11-28 23:18:20,620 INFO Epoch 17:
2018-11-28 23:18:20,635 INFO Training...
2018-11-28 23:18:28,543 INFO train time: 7.908
2018-11-28 23:18:28,544 INFO train loss: 0.118
2018-11-28 23:18:28,544 INFO train accuracy: 0.954
2018-11-28 23:18:28,544 INFO train precision: 0.956
2018-11-28 23:18:28,544 INFO train recall: 0.946
2018-11-28 23:18:28,545 INFO train F1: 0.951
2018-11-28 23:18:28,545 INFO train AUC: 0.953
2018-11-28 23:18:28,545 INFO Evaluating...
2018-11-28 23:18:29,703 INFO valid time: 1.158
2018-11-28 23:18:29,704 INFO valid loss: 0.182
2018-11-28 23:18:29,704 INFO valid accuracy: 0.935
2018-11-28 23:18:29,704 INFO valid precision: 0.923
2018-11-28 23:18:29,705 INFO valid recall: 0.945
2018-11-28 23:18:29,705 INFO valid F1: 0.934
2018-11-28 23:18:29,705 INFO valid AUC: 0.935
2018-11-28 23:18:29,958 INFO Epoch 18:
2018-11-28 23:18:29,972 INFO Training...
2018-11-28 23:18:38,100 INFO train time: 8.127
2018-11-28 23:18:38,100 INFO train loss: 0.113
2018-11-28 23:18:38,100 INFO train accuracy: 0.958
2018-11-28 23:18:38,100 INFO train precision: 0.959
2018-11-28 23:18:38,100 INFO train recall: 0.952
2018-11-28 23:18:38,100 INFO train F1: 0.955
2018-11-28 23:18:38,101 INFO train AUC: 0.958
2018-11-28 23:18:38,101 INFO Evaluating...
2018-11-28 23:18:39,179 INFO valid time: 1.078
2018-11-28 23:18:39,180 INFO valid loss: 0.176
2018-11-28 23:18:39,180 INFO valid accuracy: 0.938
2018-11-28 23:18:39,180 INFO valid precision: 0.934
2018-11-28 23:18:39,180 INFO valid recall: 0.939
2018-11-28 23:18:39,181 INFO valid F1: 0.937
2018-11-28 23:18:39,181 INFO valid AUC: 0.938
2018-11-28 23:18:39,443 INFO Epoch 19:
2018-11-28 23:18:39,458 INFO Training...
2018-11-28 23:18:47,566 INFO train time: 8.107
2018-11-28 23:18:47,566 INFO train loss: 0.107
2018-11-28 23:18:47,566 INFO train accuracy: 0.962
2018-11-28 23:18:47,566 INFO train precision: 0.962
2018-11-28 23:18:47,566 INFO train recall: 0.957
2018-11-28 23:18:47,567 INFO train F1: 0.960
2018-11-28 23:18:47,567 INFO train AUC: 0.962
2018-11-28 23:18:47,567 INFO Evaluating...
2018-11-28 23:18:48,648 INFO valid time: 1.080
2018-11-28 23:18:48,648 INFO valid loss: 0.171
2018-11-28 23:18:48,648 INFO valid accuracy: 0.938
2018-11-28 23:18:48,648 INFO valid precision: 0.939
2018-11-28 23:18:48,649 INFO valid recall: 0.933
2018-11-28 23:18:48,649 INFO valid F1: 0.936
2018-11-28 23:18:48,649 INFO valid AUC: 0.938
2018-11-28 23:18:48,907 INFO Epoch 20:
2018-11-28 23:18:48,922 INFO Training...
2018-11-28 23:18:57,035 INFO train time: 8.088
2018-11-28 23:18:57,035 INFO train loss: 0.101
2018-11-28 23:18:57,035 INFO train accuracy: 0.964
2018-11-28 23:18:57,035 INFO train precision: 0.965
2018-11-28 23:18:57,035 INFO train recall: 0.960
2018-11-28 23:18:57,036 INFO train F1: 0.962
2018-11-28 23:18:57,036 INFO train AUC: 0.964
2018-11-28 23:18:57,039 INFO Evaluating...
2018-11-28 23:18:58,152 INFO valid time: 1.112
2018-11-28 23:18:58,152 INFO valid loss: 0.166
2018-11-28 23:18:58,152 INFO valid accuracy: 0.947
2018-11-28 23:18:58,152 INFO valid precision: 0.957
2018-11-28 23:18:58,153 INFO valid recall: 0.933
2018-11-28 23:18:58,153 INFO valid F1: 0.945
2018-11-28 23:18:58,153 INFO valid AUC: 0.946
2018-11-28 23:18:58,430 INFO Epoch 21:
2018-11-28 23:18:58,444 INFO Training...
2018-11-28 23:19:06,583 INFO train time: 8.139
2018-11-28 23:19:06,584 INFO train loss: 0.096
2018-11-28 23:19:06,584 INFO train accuracy: 0.967
2018-11-28 23:19:06,584 INFO train precision: 0.968
2018-11-28 23:19:06,584 INFO train recall: 0.963
2018-11-28 23:19:06,584 INFO train F1: 0.965
2018-11-28 23:19:06,584 INFO train AUC: 0.967
2018-11-28 23:19:06,585 INFO Evaluating...
2018-11-28 23:19:07,689 INFO valid time: 1.103
2018-11-28 23:19:07,689 INFO valid loss: 0.161
2018-11-28 23:19:07,689 INFO valid accuracy: 0.947
2018-11-28 23:19:07,690 INFO valid precision: 0.957
2018-11-28 23:19:07,690 INFO valid recall: 0.933
2018-11-28 23:19:07,690 INFO valid F1: 0.945
2018-11-28 23:19:07,690 INFO valid AUC: 0.946
2018-11-28 23:19:07,970 INFO Epoch 22:
2018-11-28 23:19:07,985 INFO Training...
2018-11-28 23:19:16,102 INFO train time: 8.116
2018-11-28 23:19:16,102 INFO train loss: 0.092
2018-11-28 23:19:16,102 INFO train accuracy: 0.970
2018-11-28 23:19:16,102 INFO train precision: 0.969
2018-11-28 23:19:16,102 INFO train recall: 0.968
2018-11-28 23:19:16,103 INFO train F1: 0.969
2018-11-28 23:19:16,103 INFO train AUC: 0.970
2018-11-28 23:19:16,103 INFO Evaluating...
2018-11-28 23:19:17,329 INFO valid time: 1.226
2018-11-28 23:19:17,330 INFO valid loss: 0.157
2018-11-28 23:19:17,330 INFO valid accuracy: 0.947
2018-11-28 23:19:17,330 INFO valid precision: 0.957
2018-11-28 23:19:17,330 INFO valid recall: 0.933
2018-11-28 23:19:17,330 INFO valid F1: 0.945
2018-11-28 23:19:17,330 INFO valid AUC: 0.946
2018-11-28 23:19:17,600 INFO Epoch 23:
2018-11-28 23:19:17,616 INFO Training...
2018-11-28 23:19:26,176 INFO train time: 8.560
2018-11-28 23:19:26,176 INFO train loss: 0.087
2018-11-28 23:19:26,176 INFO train accuracy: 0.972
2018-11-28 23:19:26,176 INFO train precision: 0.971
2018-11-28 23:19:26,176 INFO train recall: 0.970
2018-11-28 23:19:26,176 INFO train F1: 0.971
2018-11-28 23:19:26,176 INFO train AUC: 0.972
2018-11-28 23:19:26,177 INFO Evaluating...
2018-11-28 23:19:27,359 INFO valid time: 1.182
2018-11-28 23:19:27,360 INFO valid loss: 0.153
2018-11-28 23:19:27,360 INFO valid accuracy: 0.953
2018-11-28 23:19:27,360 INFO valid precision: 0.969
2018-11-28 23:19:27,360 INFO valid recall: 0.933
2018-11-28 23:19:27,360 INFO valid F1: 0.951
2018-11-28 23:19:27,360 INFO valid AUC: 0.952
2018-11-28 23:19:27,638 INFO Epoch 24:
2018-11-28 23:19:27,653 INFO Training...
2018-11-28 23:19:35,835 INFO train time: 8.182
2018-11-28 23:19:35,836 INFO train loss: 0.083
2018-11-28 23:19:35,836 INFO train accuracy: 0.973
2018-11-28 23:19:35,836 INFO train precision: 0.973
2018-11-28 23:19:35,837 INFO train recall: 0.970
2018-11-28 23:19:35,837 INFO train F1: 0.972
2018-11-28 23:19:35,838 INFO train AUC: 0.973
2018-11-28 23:19:35,847 INFO Evaluating...
2018-11-28 23:19:36,927 INFO valid time: 1.080
2018-11-28 23:19:36,927 INFO valid loss: 0.149
2018-11-28 23:19:36,927 INFO valid accuracy: 0.955
2018-11-28 23:19:36,928 INFO valid precision: 0.975
2018-11-28 23:19:36,928 INFO valid recall: 0.933
2018-11-28 23:19:36,928 INFO valid F1: 0.954
2018-11-28 23:19:36,928 INFO valid AUC: 0.955
2018-11-28 23:19:37,183 INFO Epoch 25:
2018-11-28 23:19:37,197 INFO Training...
2018-11-28 23:19:45,033 INFO train time: 7.836
2018-11-28 23:19:45,034 INFO train loss: 0.079
2018-11-28 23:19:45,034 INFO train accuracy: 0.975
2018-11-28 23:19:45,034 INFO train precision: 0.974
2018-11-28 23:19:45,034 INFO train recall: 0.972
2018-11-28 23:19:45,034 INFO train F1: 0.973
2018-11-28 23:19:45,034 INFO train AUC: 0.974
2018-11-28 23:19:45,035 INFO Evaluating...
2018-11-28 23:19:46,178 INFO valid time: 1.142
2018-11-28 23:19:46,178 INFO valid loss: 0.146
2018-11-28 23:19:46,178 INFO valid accuracy: 0.955
2018-11-28 23:19:46,179 INFO valid precision: 0.975
2018-11-28 23:19:46,179 INFO valid recall: 0.933
2018-11-28 23:19:46,179 INFO valid F1: 0.954
2018-11-28 23:19:46,179 INFO valid AUC: 0.955
2018-11-28 23:19:46,440 INFO Epoch 26:
2018-11-28 23:19:46,456 INFO Training...
2018-11-28 23:19:54,816 INFO train time: 8.359
2018-11-28 23:19:54,816 INFO train loss: 0.076
2018-11-28 23:19:54,816 INFO train accuracy: 0.977
2018-11-28 23:19:54,817 INFO train precision: 0.978
2018-11-28 23:19:54,817 INFO train recall: 0.975
2018-11-28 23:19:54,817 INFO train F1: 0.976
2018-11-28 23:19:54,817 INFO train AUC: 0.977
2018-11-28 23:19:54,818 INFO Evaluating...
2018-11-28 23:19:55,863 INFO valid time: 1.045
2018-11-28 23:19:55,864 INFO valid loss: 0.143
2018-11-28 23:19:55,864 INFO valid accuracy: 0.955
2018-11-28 23:19:55,864 INFO valid precision: 0.975
2018-11-28 23:19:55,864 INFO valid recall: 0.933
2018-11-28 23:19:55,864 INFO valid F1: 0.954
2018-11-28 23:19:55,864 INFO valid AUC: 0.955
2018-11-28 23:19:56,233 INFO Epoch 27:
2018-11-28 23:19:56,247 INFO Training...
2018-11-28 23:20:04,867 INFO train time: 8.619
2018-11-28 23:20:04,868 INFO train loss: 0.073
2018-11-28 23:20:04,868 INFO train accuracy: 0.979
2018-11-28 23:20:04,868 INFO train precision: 0.978
2018-11-28 23:20:04,868 INFO train recall: 0.977
2018-11-28 23:20:04,868 INFO train F1: 0.978
2018-11-28 23:20:04,868 INFO train AUC: 0.979
2018-11-28 23:20:04,869 INFO Evaluating...
2018-11-28 23:20:05,987 INFO valid time: 1.118
2018-11-28 23:20:05,987 INFO valid loss: 0.140
2018-11-28 23:20:05,987 INFO valid accuracy: 0.955
2018-11-28 23:20:05,988 INFO valid precision: 0.975
2018-11-28 23:20:05,988 INFO valid recall: 0.933
2018-11-28 23:20:05,988 INFO valid F1: 0.954
2018-11-28 23:20:05,988 INFO valid AUC: 0.955
2018-11-28 23:20:06,255 INFO Epoch 28:
2018-11-28 23:20:06,270 INFO Training...
2018-11-28 23:20:14,406 INFO train time: 8.135
2018-11-28 23:20:14,407 INFO train loss: 0.069
2018-11-28 23:20:14,407 INFO train accuracy: 0.980
2018-11-28 23:20:14,407 INFO train precision: 0.980
2018-11-28 23:20:14,407 INFO train recall: 0.978
2018-11-28 23:20:14,407 INFO train F1: 0.979
2018-11-28 23:20:14,408 INFO train AUC: 0.980
2018-11-28 23:20:14,408 INFO Evaluating...
2018-11-28 23:20:15,453 INFO valid time: 1.045
2018-11-28 23:20:15,454 INFO valid loss: 0.137
2018-11-28 23:20:15,454 INFO valid accuracy: 0.958
2018-11-28 23:20:15,454 INFO valid precision: 0.975
2018-11-28 23:20:15,454 INFO valid recall: 0.939
2018-11-28 23:20:15,454 INFO valid F1: 0.957
2018-11-28 23:20:15,454 INFO valid AUC: 0.958
2018-11-28 23:20:15,732 INFO Epoch 29:
2018-11-28 23:20:15,746 INFO Training...
2018-11-28 23:20:23,816 INFO train time: 8.069
2018-11-28 23:20:23,816 INFO train loss: 0.066
2018-11-28 23:20:23,816 INFO train accuracy: 0.981
2018-11-28 23:20:23,817 INFO train precision: 0.981
2018-11-28 23:20:23,817 INFO train recall: 0.979
2018-11-28 23:20:23,817 INFO train F1: 0.980
2018-11-28 23:20:23,817 INFO train AUC: 0.981
2018-11-28 23:20:23,818 INFO Evaluating...
2018-11-28 23:20:24,904 INFO valid time: 1.086
2018-11-28 23:20:24,904 INFO valid loss: 0.134
2018-11-28 23:20:24,904 INFO valid accuracy: 0.961
2018-11-28 23:20:24,904 INFO valid precision: 0.975
2018-11-28 23:20:24,905 INFO valid recall: 0.945
2018-11-28 23:20:24,905 INFO valid F1: 0.960
2018-11-28 23:20:24,905 INFO valid AUC: 0.961
2018-11-28 23:20:25,173 INFO Epoch 30:
2018-11-28 23:20:25,188 INFO Training...
2018-11-28 23:20:33,561 INFO train time: 8.373
2018-11-28 23:20:33,561 INFO train loss: 0.064
2018-11-28 23:20:33,562 INFO train accuracy: 0.983
2018-11-28 23:20:33,562 INFO train precision: 0.982
2018-11-28 23:20:33,562 INFO train recall: 0.981
2018-11-28 23:20:33,562 INFO train F1: 0.982
2018-11-28 23:20:33,562 INFO train AUC: 0.983
2018-11-28 23:20:33,563 INFO Evaluating...
2018-11-28 23:20:34,734 INFO valid time: 1.171
2018-11-28 23:20:34,734 INFO valid loss: 0.132
2018-11-28 23:20:34,734 INFO valid accuracy: 0.964
2018-11-28 23:20:34,734 INFO valid precision: 0.975
2018-11-28 23:20:34,734 INFO valid recall: 0.952
2018-11-28 23:20:34,735 INFO valid F1: 0.963
2018-11-28 23:20:34,735 INFO valid AUC: 0.964
2018-11-28 23:20:34,999 INFO Epoch 31:
2018-11-28 23:20:35,014 INFO Training...
2018-11-28 23:20:43,192 INFO train time: 8.177
2018-11-28 23:20:43,192 INFO train loss: 0.061
2018-11-28 23:20:43,192 INFO train accuracy: 0.984
2018-11-28 23:20:43,193 INFO train precision: 0.984
2018-11-28 23:20:43,193 INFO train recall: 0.983
2018-11-28 23:20:43,193 INFO train F1: 0.983
2018-11-28 23:20:43,193 INFO train AUC: 0.984
2018-11-28 23:20:43,194 INFO Evaluating...
2018-11-28 23:20:44,284 INFO valid time: 1.090
2018-11-28 23:20:44,285 INFO valid loss: 0.129
2018-11-28 23:20:44,285 INFO valid accuracy: 0.964
2018-11-28 23:20:44,285 INFO valid precision: 0.975
2018-11-28 23:20:44,285 INFO valid recall: 0.952
2018-11-28 23:20:44,285 INFO valid F1: 0.963
2018-11-28 23:20:44,286 INFO valid AUC: 0.964
2018-11-28 23:20:44,538 INFO Epoch 32:
2018-11-28 23:20:44,556 INFO Training...
2018-11-28 23:20:53,034 INFO train time: 8.478
2018-11-28 23:20:53,035 INFO train loss: 0.058
2018-11-28 23:20:53,035 INFO train accuracy: 0.984
2018-11-28 23:20:53,035 INFO train precision: 0.984
2018-11-28 23:20:53,036 INFO train recall: 0.983
2018-11-28 23:20:53,036 INFO train F1: 0.983
2018-11-28 23:20:53,036 INFO train AUC: 0.984
2018-11-28 23:20:53,036 INFO Evaluating...
2018-11-28 23:20:54,196 INFO valid time: 1.160
2018-11-28 23:20:54,197 INFO valid loss: 0.127
2018-11-28 23:20:54,197 INFO valid accuracy: 0.967
2018-11-28 23:20:54,197 INFO valid precision: 0.981
2018-11-28 23:20:54,197 INFO valid recall: 0.952
2018-11-28 23:20:54,198 INFO valid F1: 0.966
2018-11-28 23:20:54,198 INFO valid AUC: 0.967
2018-11-28 23:20:54,467 INFO Epoch 33:
2018-11-28 23:20:54,482 INFO Training...
2018-11-28 23:21:03,218 INFO train time: 8.735
2018-11-28 23:21:03,218 INFO train loss: 0.056
2018-11-28 23:21:03,218 INFO train accuracy: 0.986
2018-11-28 23:21:03,218 INFO train precision: 0.984
2018-11-28 23:21:03,218 INFO train recall: 0.987
2018-11-28 23:21:03,218 INFO train F1: 0.986
2018-11-28 23:21:03,218 INFO train AUC: 0.986
2018-11-28 23:21:03,219 INFO Evaluating...
2018-11-28 23:21:04,306 INFO valid time: 1.087
2018-11-28 23:21:04,306 INFO valid loss: 0.125
2018-11-28 23:21:04,306 INFO valid accuracy: 0.967
2018-11-28 23:21:04,307 INFO valid precision: 0.981
2018-11-28 23:21:04,307 INFO valid recall: 0.952
2018-11-28 23:21:04,307 INFO valid F1: 0.966
2018-11-28 23:21:04,307 INFO valid AUC: 0.967
2018-11-28 23:21:04,564 INFO Epoch 34:
2018-11-28 23:21:04,579 INFO Training...
2018-11-28 23:21:13,140 INFO train time: 8.561
2018-11-28 23:21:13,140 INFO train loss: 0.054
2018-11-28 23:21:13,140 INFO train accuracy: 0.987
2018-11-28 23:21:13,141 INFO train precision: 0.986
2018-11-28 23:21:13,141 INFO train recall: 0.987
2018-11-28 23:21:13,141 INFO train F1: 0.987
2018-11-28 23:21:13,141 INFO train AUC: 0.987
2018-11-28 23:21:13,142 INFO Evaluating...
2018-11-28 23:21:14,339 INFO valid time: 1.197
2018-11-28 23:21:14,340 INFO valid loss: 0.123
2018-11-28 23:21:14,340 INFO valid accuracy: 0.964
2018-11-28 23:21:14,340 INFO valid precision: 0.981
2018-11-28 23:21:14,340 INFO valid recall: 0.945
2018-11-28 23:21:14,340 INFO valid F1: 0.963
2018-11-28 23:21:14,341 INFO valid AUC: 0.964
2018-11-28 23:21:14,610 INFO Epoch 35:
2018-11-28 23:21:14,624 INFO Training...
2018-11-28 23:21:22,817 INFO train time: 8.192
2018-11-28 23:21:22,817 INFO train loss: 0.052
2018-11-28 23:21:22,817 INFO train accuracy: 0.988
2018-11-28 23:21:22,817 INFO train precision: 0.987
2018-11-28 23:21:22,818 INFO train recall: 0.987
2018-11-28 23:21:22,818 INFO train F1: 0.987
2018-11-28 23:21:22,818 INFO train AUC: 0.988
2018-11-28 23:21:22,818 INFO Evaluating...
2018-11-28 23:21:24,052 INFO valid time: 1.234
2018-11-28 23:21:24,053 INFO valid loss: 0.121
2018-11-28 23:21:24,053 INFO valid accuracy: 0.964
2018-11-28 23:21:24,053 INFO valid precision: 0.981
2018-11-28 23:21:24,053 INFO valid recall: 0.945
2018-11-28 23:21:24,053 INFO valid F1: 0.963
2018-11-28 23:21:24,053 INFO valid AUC: 0.964
2018-11-28 23:21:24,339 INFO Epoch 36:
2018-11-28 23:21:24,356 INFO Training...
2018-11-28 23:21:32,192 INFO train time: 7.835
2018-11-28 23:21:32,192 INFO train loss: 0.050
2018-11-28 23:21:32,192 INFO train accuracy: 0.990
2018-11-28 23:21:32,192 INFO train precision: 0.987
2018-11-28 23:21:32,193 INFO train recall: 0.992
2018-11-28 23:21:32,193 INFO train F1: 0.989
2018-11-28 23:21:32,193 INFO train AUC: 0.990
2018-11-28 23:21:32,193 INFO Evaluating...
2018-11-28 23:21:33,295 INFO valid time: 1.101
2018-11-28 23:21:33,295 INFO valid loss: 0.119
2018-11-28 23:21:33,295 INFO valid accuracy: 0.964
2018-11-28 23:21:33,295 INFO valid precision: 0.981
2018-11-28 23:21:33,296 INFO valid recall: 0.945
2018-11-28 23:21:33,296 INFO valid F1: 0.963
2018-11-28 23:21:33,296 INFO valid AUC: 0.964
2018-11-28 23:21:33,586 INFO Epoch 37:
2018-11-28 23:21:33,601 INFO Training...
2018-11-28 23:21:42,462 INFO train time: 8.861
2018-11-28 23:21:42,463 INFO train loss: 0.048
2018-11-28 23:21:42,463 INFO train accuracy: 0.990
2018-11-28 23:21:42,463 INFO train precision: 0.988
2018-11-28 23:21:42,464 INFO train recall: 0.992
2018-11-28 23:21:42,464 INFO train F1: 0.990
2018-11-28 23:21:42,464 INFO train AUC: 0.990
2018-11-28 23:21:42,465 INFO Evaluating...
2018-11-28 23:21:43,558 INFO valid time: 1.092
2018-11-28 23:21:43,558 INFO valid loss: 0.117
2018-11-28 23:21:43,558 INFO valid accuracy: 0.964
2018-11-28 23:21:43,558 INFO valid precision: 0.981
2018-11-28 23:21:43,558 INFO valid recall: 0.945
2018-11-28 23:21:43,558 INFO valid F1: 0.963
2018-11-28 23:21:43,559 INFO valid AUC: 0.964
2018-11-28 23:21:43,828 INFO Epoch 38:
2018-11-28 23:21:43,843 INFO Training...
2018-11-28 23:21:52,132 INFO train time: 8.290
2018-11-28 23:21:52,133 INFO train loss: 0.046
2018-11-28 23:21:52,133 INFO train accuracy: 0.992
2018-11-28 23:21:52,133 INFO train precision: 0.990
2018-11-28 23:21:52,133 INFO train recall: 0.993
2018-11-28 23:21:52,134 INFO train F1: 0.991
2018-11-28 23:21:52,134 INFO train AUC: 0.992
2018-11-28 23:21:52,135 INFO Evaluating...
2018-11-28 23:21:53,212 INFO valid time: 1.077
2018-11-28 23:21:53,212 INFO valid loss: 0.116
2018-11-28 23:21:53,212 INFO valid accuracy: 0.964
2018-11-28 23:21:53,212 INFO valid precision: 0.981
2018-11-28 23:21:53,212 INFO valid recall: 0.945
2018-11-28 23:21:53,212 INFO valid F1: 0.963
2018-11-28 23:21:53,213 INFO valid AUC: 0.964
2018-11-28 23:21:53,479 INFO Epoch 39:
2018-11-28 23:21:53,493 INFO Training...
2018-11-28 23:22:01,582 INFO train time: 8.088
2018-11-28 23:22:01,583 INFO train loss: 0.044
2018-11-28 23:22:01,583 INFO train accuracy: 0.993
2018-11-28 23:22:01,583 INFO train precision: 0.991
2018-11-28 23:22:01,583 INFO train recall: 0.994
2018-11-28 23:22:01,583 INFO train F1: 0.992
2018-11-28 23:22:01,583 INFO train AUC: 0.993
2018-11-28 23:22:01,584 INFO Evaluating...
2018-11-28 23:22:02,659 INFO valid time: 1.074
2018-11-28 23:22:02,659 INFO valid loss: 0.114
2018-11-28 23:22:02,659 INFO valid accuracy: 0.964
2018-11-28 23:22:02,659 INFO valid precision: 0.981
2018-11-28 23:22:02,659 INFO valid recall: 0.945
2018-11-28 23:22:02,659 INFO valid F1: 0.963
2018-11-28 23:22:02,659 INFO valid AUC: 0.964
2018-11-28 23:22:02,932 INFO Epoch 40:
2018-11-28 23:22:02,947 INFO Training...
2018-11-28 23:22:11,298 INFO train time: 8.351
2018-11-28 23:22:11,299 INFO train loss: 0.042
2018-11-28 23:22:11,299 INFO train accuracy: 0.993
2018-11-28 23:22:11,299 INFO train precision: 0.992
2018-11-28 23:22:11,300 INFO train recall: 0.994
2018-11-28 23:22:11,300 INFO train F1: 0.993
2018-11-28 23:22:11,300 INFO train AUC: 0.993
2018-11-28 23:22:11,301 INFO Evaluating...
2018-11-28 23:22:12,408 INFO valid time: 1.107
2018-11-28 23:22:12,408 INFO valid loss: 0.112
2018-11-28 23:22:12,409 INFO valid accuracy: 0.964
2018-11-28 23:22:12,409 INFO valid precision: 0.981
2018-11-28 23:22:12,409 INFO valid recall: 0.945
2018-11-28 23:22:12,409 INFO valid F1: 0.963
2018-11-28 23:22:12,410 INFO valid AUC: 0.964
2018-11-28 23:22:12,685 INFO Epoch 41:
2018-11-28 23:22:12,699 INFO Training...
2018-11-28 23:22:20,991 INFO train time: 8.292
2018-11-28 23:22:20,992 INFO train loss: 0.041
2018-11-28 23:22:20,992 INFO train accuracy: 0.994
2018-11-28 23:22:20,992 INFO train precision: 0.994
2018-11-28 23:22:20,992 INFO train recall: 0.995
2018-11-28 23:22:20,992 INFO train F1: 0.994
2018-11-28 23:22:20,992 INFO train AUC: 0.994
2018-11-28 23:22:20,994 INFO Evaluating...
2018-11-28 23:22:22,080 INFO valid time: 1.086
2018-11-28 23:22:22,080 INFO valid loss: 0.111
2018-11-28 23:22:22,080 INFO valid accuracy: 0.967
2018-11-28 23:22:22,080 INFO valid precision: 0.981
2018-11-28 23:22:22,080 INFO valid recall: 0.952
2018-11-28 23:22:22,080 INFO valid F1: 0.966
2018-11-28 23:22:22,080 INFO valid AUC: 0.967
2018-11-28 23:22:22,363 INFO Epoch 42:
2018-11-28 23:22:22,378 INFO Training...
2018-11-28 23:22:30,722 INFO train time: 8.344
2018-11-28 23:22:30,723 INFO train loss: 0.039
2018-11-28 23:22:30,723 INFO train accuracy: 0.995
2018-11-28 23:22:30,723 INFO train precision: 0.994
2018-11-28 23:22:30,723 INFO train recall: 0.996
2018-11-28 23:22:30,724 INFO train F1: 0.995
2018-11-28 23:22:30,724 INFO train AUC: 0.995
2018-11-28 23:22:30,724 INFO Evaluating...
2018-11-28 23:22:31,849 INFO valid time: 1.124
2018-11-28 23:22:31,849 INFO valid loss: 0.110
2018-11-28 23:22:31,849 INFO valid accuracy: 0.967
2018-11-28 23:22:31,849 INFO valid precision: 0.981
2018-11-28 23:22:31,850 INFO valid recall: 0.952
2018-11-28 23:22:31,850 INFO valid F1: 0.966
2018-11-28 23:22:31,850 INFO valid AUC: 0.967
2018-11-28 23:22:32,117 INFO Epoch 43:
2018-11-28 23:22:32,132 INFO Training...
2018-11-28 23:22:40,120 INFO train time: 7.988
2018-11-28 23:22:40,120 INFO train loss: 0.038
2018-11-28 23:22:40,120 INFO train accuracy: 0.995
2018-11-28 23:22:40,121 INFO train precision: 0.994
2018-11-28 23:22:40,121 INFO train recall: 0.996
2018-11-28 23:22:40,121 INFO train F1: 0.995
2018-11-28 23:22:40,121 INFO train AUC: 0.995
2018-11-28 23:22:40,122 INFO Evaluating...
2018-11-28 23:22:41,219 INFO valid time: 1.097
2018-11-28 23:22:41,219 INFO valid loss: 0.108
2018-11-28 23:22:41,219 INFO valid accuracy: 0.967
2018-11-28 23:22:41,220 INFO valid precision: 0.981
2018-11-28 23:22:41,220 INFO valid recall: 0.952
2018-11-28 23:22:41,220 INFO valid F1: 0.966
2018-11-28 23:22:41,220 INFO valid AUC: 0.967
2018-11-28 23:22:41,494 INFO Epoch 44:
2018-11-28 23:22:41,509 INFO Training...
2018-11-28 23:22:49,570 INFO train time: 8.061
2018-11-28 23:22:49,570 INFO train loss: 0.036
2018-11-28 23:22:49,570 INFO train accuracy: 0.996
2018-11-28 23:22:49,570 INFO train precision: 0.996
2018-11-28 23:22:49,571 INFO train recall: 0.996
2018-11-28 23:22:49,571 INFO train F1: 0.996
2018-11-28 23:22:49,571 INFO train AUC: 0.996
2018-11-28 23:22:49,571 INFO Evaluating...
2018-11-28 23:22:50,687 INFO valid time: 1.115
2018-11-28 23:22:50,687 INFO valid loss: 0.107
2018-11-28 23:22:50,687 INFO valid accuracy: 0.967
2018-11-28 23:22:50,687 INFO valid precision: 0.981
2018-11-28 23:22:50,687 INFO valid recall: 0.952
2018-11-28 23:22:50,688 INFO valid F1: 0.966
2018-11-28 23:22:50,688 INFO valid AUC: 0.967
2018-11-28 23:22:50,949 INFO Epoch 45:
2018-11-28 23:22:50,963 INFO Training...
2018-11-28 23:22:59,223 INFO train time: 8.260
2018-11-28 23:22:59,224 INFO train loss: 0.035
2018-11-28 23:22:59,224 INFO train accuracy: 0.996
2018-11-28 23:22:59,224 INFO train precision: 0.996
2018-11-28 23:22:59,225 INFO train recall: 0.996
2018-11-28 23:22:59,225 INFO train F1: 0.996
2018-11-28 23:22:59,225 INFO train AUC: 0.996
2018-11-28 23:22:59,226 INFO Evaluating...
2018-11-28 23:23:00,342 INFO valid time: 1.116
2018-11-28 23:23:00,343 INFO valid loss: 0.106
2018-11-28 23:23:00,343 INFO valid accuracy: 0.967
2018-11-28 23:23:00,343 INFO valid precision: 0.981
2018-11-28 23:23:00,343 INFO valid recall: 0.952
2018-11-28 23:23:00,343 INFO valid F1: 0.966
2018-11-28 23:23:00,343 INFO valid AUC: 0.967
2018-11-28 23:23:00,609 INFO Epoch 46:
2018-11-28 23:23:00,624 INFO Training...
2018-11-28 23:23:08,950 INFO train time: 8.325
2018-11-28 23:23:08,950 INFO train loss: 0.034
2018-11-28 23:23:08,951 INFO train accuracy: 0.997
2018-11-28 23:23:08,951 INFO train precision: 0.997
2018-11-28 23:23:08,951 INFO train recall: 0.996
2018-11-28 23:23:08,951 INFO train F1: 0.996
2018-11-28 23:23:08,951 INFO train AUC: 0.997
2018-11-28 23:23:08,952 INFO Evaluating...
2018-11-28 23:23:10,093 INFO valid time: 1.141
2018-11-28 23:23:10,093 INFO valid loss: 0.105
2018-11-28 23:23:10,093 INFO valid accuracy: 0.967
2018-11-28 23:23:10,094 INFO valid precision: 0.981
2018-11-28 23:23:10,094 INFO valid recall: 0.952
2018-11-28 23:23:10,094 INFO valid F1: 0.966
2018-11-28 23:23:10,094 INFO valid AUC: 0.967
2018-11-28 23:23:10,362 INFO Epoch 47:
2018-11-28 23:23:10,377 INFO Training...
2018-11-28 23:23:18,593 INFO train time: 8.216
2018-11-28 23:23:18,594 INFO train loss: 0.032
2018-11-28 23:23:18,594 INFO train accuracy: 0.997
2018-11-28 23:23:18,594 INFO train precision: 0.998
2018-11-28 23:23:18,594 INFO train recall: 0.996
2018-11-28 23:23:18,595 INFO train F1: 0.997
2018-11-28 23:23:18,595 INFO train AUC: 0.997
2018-11-28 23:23:18,595 INFO Evaluating...
2018-11-28 23:23:19,701 INFO valid time: 1.106
2018-11-28 23:23:19,702 INFO valid loss: 0.103
2018-11-28 23:23:19,702 INFO valid accuracy: 0.967
2018-11-28 23:23:19,702 INFO valid precision: 0.981
2018-11-28 23:23:19,703 INFO valid recall: 0.952
2018-11-28 23:23:19,703 INFO valid F1: 0.966
2018-11-28 23:23:19,703 INFO valid AUC: 0.967
2018-11-28 23:23:19,962 INFO Epoch 48:
2018-11-28 23:23:19,976 INFO Training...
2018-11-28 23:23:28,449 INFO train time: 8.473
2018-11-28 23:23:28,450 INFO train loss: 0.031
2018-11-28 23:23:28,450 INFO train accuracy: 0.997
2018-11-28 23:23:28,450 INFO train precision: 0.998
2018-11-28 23:23:28,450 INFO train recall: 0.996
2018-11-28 23:23:28,450 INFO train F1: 0.997
2018-11-28 23:23:28,451 INFO train AUC: 0.997
2018-11-28 23:23:28,451 INFO Evaluating...
2018-11-28 23:23:29,578 INFO valid time: 1.126
2018-11-28 23:23:29,578 INFO valid loss: 0.102
2018-11-28 23:23:29,579 INFO valid accuracy: 0.967
2018-11-28 23:23:29,579 INFO valid precision: 0.981
2018-11-28 23:23:29,579 INFO valid recall: 0.952
2018-11-28 23:23:29,579 INFO valid F1: 0.966
2018-11-28 23:23:29,579 INFO valid AUC: 0.967
2018-11-28 23:23:29,853 INFO Epoch 49:
2018-11-28 23:23:29,867 INFO Training...
2018-11-28 23:23:38,355 INFO train time: 8.488
2018-11-28 23:23:38,356 INFO train loss: 0.030
2018-11-28 23:23:38,356 INFO train accuracy: 0.997
2018-11-28 23:23:38,356 INFO train precision: 0.998
2018-11-28 23:23:38,356 INFO train recall: 0.996
2018-11-28 23:23:38,356 INFO train F1: 0.997
2018-11-28 23:23:38,357 INFO train AUC: 0.997
2018-11-28 23:23:38,357 INFO Evaluating...
2018-11-28 23:23:39,489 INFO valid time: 1.132
2018-11-28 23:23:39,489 INFO valid loss: 0.101
2018-11-28 23:23:39,489 INFO valid accuracy: 0.967
2018-11-28 23:23:39,490 INFO valid precision: 0.981
2018-11-28 23:23:39,490 INFO valid recall: 0.952
2018-11-28 23:23:39,490 INFO valid F1: 0.966
2018-11-28 23:23:39,490 INFO valid AUC: 0.967
2018-11-28 23:23:39,766 INFO Epoch 50:
2018-11-28 23:23:39,781 INFO Training...
2018-11-28 23:23:48,263 INFO train time: 8.481
2018-11-28 23:23:48,264 INFO train loss: 0.029
2018-11-28 23:23:48,264 INFO train accuracy: 0.997
2018-11-28 23:23:48,264 INFO train precision: 0.998
2018-11-28 23:23:48,264 INFO train recall: 0.996
2018-11-28 23:23:48,264 INFO train F1: 0.997
2018-11-28 23:23:48,264 INFO train AUC: 0.997
2018-11-28 23:23:48,265 INFO Evaluating...
2018-11-28 23:23:49,316 INFO valid time: 1.051
2018-11-28 23:23:49,317 INFO valid loss: 0.100
2018-11-28 23:23:49,317 INFO valid accuracy: 0.967
2018-11-28 23:23:49,317 INFO valid precision: 0.981
2018-11-28 23:23:49,317 INFO valid recall: 0.952
2018-11-28 23:23:49,317 INFO valid F1: 0.966
2018-11-28 23:23:49,317 INFO valid AUC: 0.967
2018-11-28 23:23:49,588 INFO Epoch 51:
2018-11-28 23:23:49,603 INFO Training...
2018-11-28 23:23:57,665 INFO train time: 8.062
2018-11-28 23:23:57,665 INFO train loss: 0.028
2018-11-28 23:23:57,665 INFO train accuracy: 0.997
2018-11-28 23:23:57,665 INFO train precision: 0.998
2018-11-28 23:23:57,666 INFO train recall: 0.996
2018-11-28 23:23:57,666 INFO train F1: 0.997
2018-11-28 23:23:57,666 INFO train AUC: 0.997
2018-11-28 23:23:57,666 INFO Evaluating...
2018-11-28 23:23:58,729 INFO valid time: 1.062
2018-11-28 23:23:58,729 INFO valid loss: 0.099
2018-11-28 23:23:58,729 INFO valid accuracy: 0.967
2018-11-28 23:23:58,730 INFO valid precision: 0.981
2018-11-28 23:23:58,730 INFO valid recall: 0.952
2018-11-28 23:23:58,730 INFO valid F1: 0.966
2018-11-28 23:23:58,730 INFO valid AUC: 0.967
2018-11-28 23:23:58,998 INFO Epoch 52:
2018-11-28 23:23:59,013 INFO Training...
2018-11-28 23:24:07,332 INFO train time: 8.319
2018-11-28 23:24:07,333 INFO train loss: 0.027
2018-11-28 23:24:07,334 INFO train accuracy: 0.997
2018-11-28 23:24:07,334 INFO train precision: 0.998
2018-11-28 23:24:07,334 INFO train recall: 0.996
2018-11-28 23:24:07,334 INFO train F1: 0.997
2018-11-28 23:24:07,335 INFO train AUC: 0.997
2018-11-28 23:24:07,336 INFO Evaluating...
2018-11-28 23:24:08,472 INFO valid time: 1.136
2018-11-28 23:24:08,472 INFO valid loss: 0.099
2018-11-28 23:24:08,472 INFO valid accuracy: 0.967
2018-11-28 23:24:08,473 INFO valid precision: 0.981
2018-11-28 23:24:08,473 INFO valid recall: 0.952
2018-11-28 23:24:08,473 INFO valid F1: 0.966
2018-11-28 23:24:08,473 INFO valid AUC: 0.967
2018-11-28 23:24:08,749 INFO Epoch 53:
2018-11-28 23:24:08,764 INFO Training...
2018-11-28 23:24:16,904 INFO train time: 8.140
2018-11-28 23:24:16,904 INFO train loss: 0.026
2018-11-28 23:24:16,905 INFO train accuracy: 0.997
2018-11-28 23:24:16,905 INFO train precision: 0.998
2018-11-28 23:24:16,905 INFO train recall: 0.996
2018-11-28 23:24:16,905 INFO train F1: 0.997
2018-11-28 23:24:16,905 INFO train AUC: 0.997
2018-11-28 23:24:16,906 INFO Evaluating...
2018-11-28 23:24:18,007 INFO valid time: 1.101
2018-11-28 23:24:18,008 INFO valid loss: 0.098
2018-11-28 23:24:18,008 INFO valid accuracy: 0.967
2018-11-28 23:24:18,008 INFO valid precision: 0.981
2018-11-28 23:24:18,009 INFO valid recall: 0.952
2018-11-28 23:24:18,009 INFO valid F1: 0.966
2018-11-28 23:24:18,009 INFO valid AUC: 0.967
2018-11-28 23:24:18,288 INFO Epoch 54:
2018-11-28 23:24:18,303 INFO Training...
2018-11-28 23:24:26,487 INFO train time: 8.183
2018-11-28 23:24:26,487 INFO train loss: 0.025
2018-11-28 23:24:26,487 INFO train accuracy: 0.997
2018-11-28 23:24:26,487 INFO train precision: 0.998
2018-11-28 23:24:26,487 INFO train recall: 0.996
2018-11-28 23:24:26,488 INFO train F1: 0.997
2018-11-28 23:24:26,488 INFO train AUC: 0.997
2018-11-28 23:24:26,488 INFO Evaluating...
2018-11-28 23:24:27,685 INFO valid time: 1.197
2018-11-28 23:24:27,686 INFO valid loss: 0.097
2018-11-28 23:24:27,686 INFO valid accuracy: 0.970
2018-11-28 23:24:27,686 INFO valid precision: 0.987
2018-11-28 23:24:27,686 INFO valid recall: 0.952
2018-11-28 23:24:27,686 INFO valid F1: 0.969
2018-11-28 23:24:27,686 INFO valid AUC: 0.970
2018-11-28 23:24:28,041 INFO Epoch 55:
2018-11-28 23:24:28,056 INFO Training...
2018-11-28 23:24:36,130 INFO train time: 8.074
2018-11-28 23:24:36,131 INFO train loss: 0.024
2018-11-28 23:24:36,131 INFO train accuracy: 0.998
2018-11-28 23:24:36,131 INFO train precision: 0.998
2018-11-28 23:24:36,131 INFO train recall: 0.997
2018-11-28 23:24:36,131 INFO train F1: 0.998
2018-11-28 23:24:36,131 INFO train AUC: 0.998
2018-11-28 23:24:36,132 INFO Evaluating...
2018-11-28 23:24:37,389 INFO valid time: 1.257
2018-11-28 23:24:37,389 INFO valid loss: 0.096
2018-11-28 23:24:37,390 INFO valid accuracy: 0.970
2018-11-28 23:24:37,390 INFO valid precision: 0.987
2018-11-28 23:24:37,390 INFO valid recall: 0.952
2018-11-28 23:24:37,390 INFO valid F1: 0.969
2018-11-28 23:24:37,390 INFO valid AUC: 0.970
2018-11-28 23:24:37,643 INFO Epoch 56:
2018-11-28 23:24:37,657 INFO Training...
2018-11-28 23:24:45,793 INFO train time: 8.136
2018-11-28 23:24:45,794 INFO train loss: 0.024
2018-11-28 23:24:45,794 INFO train accuracy: 0.999
2018-11-28 23:24:45,794 INFO train precision: 0.998
2018-11-28 23:24:45,794 INFO train recall: 0.999
2018-11-28 23:24:45,795 INFO train F1: 0.999
2018-11-28 23:24:45,795 INFO train AUC: 0.999
2018-11-28 23:24:45,795 INFO Evaluating...
2018-11-28 23:24:46,896 INFO valid time: 1.100
2018-11-28 23:24:46,912 INFO valid loss: 0.095
2018-11-28 23:24:46,912 INFO valid accuracy: 0.970
2018-11-28 23:24:46,912 INFO valid precision: 0.987
2018-11-28 23:24:46,912 INFO valid recall: 0.952
2018-11-28 23:24:46,913 INFO valid F1: 0.969
2018-11-28 23:24:46,913 INFO valid AUC: 0.970
2018-11-28 23:24:47,166 INFO Epoch 57:
2018-11-28 23:24:47,182 INFO Training...
2018-11-28 23:24:55,852 INFO train time: 8.670
2018-11-28 23:24:55,853 INFO train loss: 0.023
2018-11-28 23:24:55,853 INFO train accuracy: 0.999
2018-11-28 23:24:55,854 INFO train precision: 0.998
2018-11-28 23:24:55,854 INFO train recall: 1.000
2018-11-28 23:24:55,854 INFO train F1: 0.999
2018-11-28 23:24:55,854 INFO train AUC: 0.999
2018-11-28 23:24:55,855 INFO Evaluating...
2018-11-28 23:24:56,957 INFO valid time: 1.102
2018-11-28 23:24:56,957 INFO valid loss: 0.095
2018-11-28 23:24:56,957 INFO valid accuracy: 0.970
2018-11-28 23:24:56,957 INFO valid precision: 0.987
2018-11-28 23:24:56,957 INFO valid recall: 0.952
2018-11-28 23:24:56,958 INFO valid F1: 0.969
2018-11-28 23:24:56,958 INFO valid AUC: 0.970
2018-11-28 23:24:57,245 INFO Epoch 58:
2018-11-28 23:24:57,260 INFO Training...
2018-11-28 23:25:05,335 INFO train time: 8.074
2018-11-28 23:25:05,335 INFO train loss: 0.022
2018-11-28 23:25:05,335 INFO train accuracy: 1.000
2018-11-28 23:25:05,335 INFO train precision: 0.999
2018-11-28 23:25:05,335 INFO train recall: 1.000
2018-11-28 23:25:05,335 INFO train F1: 1.000
2018-11-28 23:25:05,336 INFO train AUC: 1.000
2018-11-28 23:25:05,336 INFO Evaluating...
2018-11-28 23:25:06,506 INFO valid time: 1.170
2018-11-28 23:25:06,507 INFO valid loss: 0.094
2018-11-28 23:25:06,507 INFO valid accuracy: 0.970
2018-11-28 23:25:06,507 INFO valid precision: 0.987
2018-11-28 23:25:06,507 INFO valid recall: 0.952
2018-11-28 23:25:06,507 INFO valid F1: 0.969
2018-11-28 23:25:06,507 INFO valid AUC: 0.970
2018-11-28 23:25:06,770 INFO Epoch 59:
2018-11-28 23:25:06,784 INFO Training...
2018-11-28 23:25:14,923 INFO train time: 8.139
2018-11-28 23:25:14,923 INFO train loss: 0.021
2018-11-28 23:25:14,924 INFO train accuracy: 1.000
2018-11-28 23:25:14,924 INFO train precision: 0.999
2018-11-28 23:25:14,924 INFO train recall: 1.000
2018-11-28 23:25:14,924 INFO train F1: 1.000
2018-11-28 23:25:14,924 INFO train AUC: 1.000
2018-11-28 23:25:14,925 INFO Evaluating...
2018-11-28 23:25:16,046 INFO valid time: 1.121
2018-11-28 23:25:16,047 INFO valid loss: 0.093
2018-11-28 23:25:16,047 INFO valid accuracy: 0.970
2018-11-28 23:25:16,047 INFO valid precision: 0.987
2018-11-28 23:25:16,047 INFO valid recall: 0.952
2018-11-28 23:25:16,047 INFO valid F1: 0.969
2018-11-28 23:25:16,048 INFO valid AUC: 0.970
2018-11-28 23:25:16,331 INFO Epoch 60:
2018-11-28 23:25:16,346 INFO Training...
2018-11-28 23:25:24,658 INFO train time: 8.313
2018-11-28 23:25:24,659 INFO train loss: 0.021
2018-11-28 23:25:24,659 INFO train accuracy: 1.000
2018-11-28 23:25:24,659 INFO train precision: 0.999
2018-11-28 23:25:24,660 INFO train recall: 1.000
2018-11-28 23:25:24,660 INFO train F1: 1.000
2018-11-28 23:25:24,660 INFO train AUC: 1.000
2018-11-28 23:25:24,661 INFO Evaluating...
2018-11-28 23:25:25,710 INFO valid time: 1.048
2018-11-28 23:25:25,710 INFO valid loss: 0.093
2018-11-28 23:25:25,710 INFO valid accuracy: 0.970
2018-11-28 23:25:25,710 INFO valid precision: 0.987
2018-11-28 23:25:25,711 INFO valid recall: 0.952
2018-11-28 23:25:25,711 INFO valid F1: 0.969
2018-11-28 23:25:25,711 INFO valid AUC: 0.970
2018-11-28 23:25:25,971 INFO Epoch 61:
2018-11-28 23:25:25,987 INFO Training...
2018-11-28 23:25:34,128 INFO train time: 8.141
2018-11-28 23:25:34,129 INFO train loss: 0.020
2018-11-28 23:25:34,129 INFO train accuracy: 1.000
2018-11-28 23:25:34,129 INFO train precision: 0.999
2018-11-28 23:25:34,129 INFO train recall: 1.000
2018-11-28 23:25:34,129 INFO train F1: 1.000
2018-11-28 23:25:34,130 INFO train AUC: 1.000
2018-11-28 23:25:34,130 INFO Evaluating...
2018-11-28 23:25:35,249 INFO valid time: 1.119
2018-11-28 23:25:35,250 INFO valid loss: 0.092
2018-11-28 23:25:35,250 INFO valid accuracy: 0.970
2018-11-28 23:25:35,250 INFO valid precision: 0.987
2018-11-28 23:25:35,250 INFO valid recall: 0.952
2018-11-28 23:25:35,250 INFO valid F1: 0.969
2018-11-28 23:25:35,250 INFO valid AUC: 0.970
2018-11-28 23:25:35,512 INFO Epoch 62:
2018-11-28 23:25:35,527 INFO Training...
2018-11-28 23:25:44,318 INFO train time: 8.791
2018-11-28 23:25:44,319 INFO train loss: 0.019
2018-11-28 23:25:44,319 INFO train accuracy: 1.000
2018-11-28 23:25:44,320 INFO train precision: 0.999
2018-11-28 23:25:44,320 INFO train recall: 1.000
2018-11-28 23:25:44,320 INFO train F1: 1.000
2018-11-28 23:25:44,320 INFO train AUC: 1.000
2018-11-28 23:25:44,321 INFO Evaluating...
2018-11-28 23:25:45,480 INFO valid time: 1.159
2018-11-28 23:25:45,481 INFO valid loss: 0.091
2018-11-28 23:25:45,481 INFO valid accuracy: 0.970
2018-11-28 23:25:45,481 INFO valid precision: 0.987
2018-11-28 23:25:45,481 INFO valid recall: 0.952
2018-11-28 23:25:45,481 INFO valid F1: 0.969
2018-11-28 23:25:45,481 INFO valid AUC: 0.970
2018-11-28 23:25:45,751 INFO Epoch 63:
2018-11-28 23:25:45,766 INFO Training...
2018-11-28 23:25:53,705 INFO train time: 7.939
2018-11-28 23:25:53,706 INFO train loss: 0.019
2018-11-28 23:25:53,706 INFO train accuracy: 1.000
2018-11-28 23:25:53,706 INFO train precision: 1.000
2018-11-28 23:25:53,706 INFO train recall: 1.000
2018-11-28 23:25:53,706 INFO train F1: 1.000
2018-11-28 23:25:53,706 INFO train AUC: 1.000
2018-11-28 23:25:53,707 INFO Evaluating...
2018-11-28 23:25:54,843 INFO valid time: 1.136
2018-11-28 23:25:54,844 INFO valid loss: 0.091
2018-11-28 23:25:54,844 INFO valid accuracy: 0.970
2018-11-28 23:25:54,844 INFO valid precision: 0.987
2018-11-28 23:25:54,844 INFO valid recall: 0.952
2018-11-28 23:25:54,844 INFO valid F1: 0.969
2018-11-28 23:25:54,844 INFO valid AUC: 0.970
2018-11-28 23:25:55,109 INFO Epoch 64:
2018-11-28 23:25:55,123 INFO Training...
2018-11-28 23:26:03,211 INFO train time: 8.088
2018-11-28 23:26:03,212 INFO train loss: 0.018
2018-11-28 23:26:03,212 INFO train accuracy: 1.000
2018-11-28 23:26:03,212 INFO train precision: 1.000
2018-11-28 23:26:03,212 INFO train recall: 1.000
2018-11-28 23:26:03,213 INFO train F1: 1.000
2018-11-28 23:26:03,213 INFO train AUC: 1.000
2018-11-28 23:26:03,213 INFO Evaluating...
2018-11-28 23:26:04,400 INFO valid time: 1.186
2018-11-28 23:26:04,400 INFO valid loss: 0.090
2018-11-28 23:26:04,401 INFO valid accuracy: 0.970
2018-11-28 23:26:04,401 INFO valid precision: 0.987
2018-11-28 23:26:04,401 INFO valid recall: 0.952
2018-11-28 23:26:04,401 INFO valid F1: 0.969
2018-11-28 23:26:04,401 INFO valid AUC: 0.970
2018-11-28 23:26:04,648 INFO Epoch 65:
2018-11-28 23:26:04,663 INFO Training...
2018-11-28 23:26:12,820 INFO train time: 8.156
2018-11-28 23:26:12,820 INFO train loss: 0.018
2018-11-28 23:26:12,821 INFO train accuracy: 1.000
2018-11-28 23:26:12,821 INFO train precision: 1.000
2018-11-28 23:26:12,821 INFO train recall: 1.000
2018-11-28 23:26:12,821 INFO train F1: 1.000
2018-11-28 23:26:12,822 INFO train AUC: 1.000
2018-11-28 23:26:12,822 INFO Evaluating...
2018-11-28 23:26:14,047 INFO valid time: 1.225
2018-11-28 23:26:14,048 INFO valid loss: 0.090
2018-11-28 23:26:14,048 INFO valid accuracy: 0.970
2018-11-28 23:26:14,048 INFO valid precision: 0.987
2018-11-28 23:26:14,048 INFO valid recall: 0.952
2018-11-28 23:26:14,049 INFO valid F1: 0.969
2018-11-28 23:26:14,049 INFO valid AUC: 0.970
2018-11-28 23:26:14,316 INFO Epoch 66:
2018-11-28 23:26:14,330 INFO Training...
2018-11-28 23:26:23,131 INFO train time: 8.800
2018-11-28 23:26:23,131 INFO train loss: 0.017
2018-11-28 23:26:23,132 INFO train accuracy: 1.000
2018-11-28 23:26:23,133 INFO train precision: 1.000
2018-11-28 23:26:23,133 INFO train recall: 1.000
2018-11-28 23:26:23,133 INFO train F1: 1.000
2018-11-28 23:26:23,133 INFO train AUC: 1.000
2018-11-28 23:26:23,137 INFO Evaluating...
2018-11-28 23:26:24,310 INFO valid time: 1.173
2018-11-28 23:26:24,311 INFO valid loss: 0.089
2018-11-28 23:26:24,311 INFO valid accuracy: 0.970
2018-11-28 23:26:24,311 INFO valid precision: 0.987
2018-11-28 23:26:24,311 INFO valid recall: 0.952
2018-11-28 23:26:24,312 INFO valid F1: 0.969
2018-11-28 23:26:24,312 INFO valid AUC: 0.970
2018-11-28 23:26:24,598 INFO Epoch 67:
2018-11-28 23:26:24,614 INFO Training...
2018-11-28 23:26:32,949 INFO train time: 8.335
2018-11-28 23:26:32,949 INFO train loss: 0.017
2018-11-28 23:26:32,950 INFO train accuracy: 1.000
2018-11-28 23:26:32,950 INFO train precision: 1.000
2018-11-28 23:26:32,950 INFO train recall: 1.000
2018-11-28 23:26:32,950 INFO train F1: 1.000
2018-11-28 23:26:32,950 INFO train AUC: 1.000
2018-11-28 23:26:32,951 INFO Evaluating...
2018-11-28 23:26:34,108 INFO valid time: 1.156
2018-11-28 23:26:34,108 INFO valid loss: 0.089
2018-11-28 23:26:34,108 INFO valid accuracy: 0.970
2018-11-28 23:26:34,108 INFO valid precision: 0.987
2018-11-28 23:26:34,108 INFO valid recall: 0.952
2018-11-28 23:26:34,108 INFO valid F1: 0.969
2018-11-28 23:26:34,108 INFO valid AUC: 0.970
2018-11-28 23:26:34,367 INFO Epoch 68:
2018-11-28 23:26:34,382 INFO Training...
2018-11-28 23:26:42,587 INFO train time: 8.204
2018-11-28 23:26:42,588 INFO train loss: 0.016
2018-11-28 23:26:42,588 INFO train accuracy: 1.000
2018-11-28 23:26:42,588 INFO train precision: 1.000
2018-11-28 23:26:42,588 INFO train recall: 1.000
2018-11-28 23:26:42,588 INFO train F1: 1.000
2018-11-28 23:26:42,589 INFO train AUC: 1.000
2018-11-28 23:26:42,589 INFO Evaluating...
2018-11-28 23:26:43,719 INFO valid time: 1.129
2018-11-28 23:26:43,719 INFO valid loss: 0.088
2018-11-28 23:26:43,720 INFO valid accuracy: 0.970
2018-11-28 23:26:43,720 INFO valid precision: 0.987
2018-11-28 23:26:43,720 INFO valid recall: 0.952
2018-11-28 23:26:43,720 INFO valid F1: 0.969
2018-11-28 23:26:43,720 INFO valid AUC: 0.970
2018-11-28 23:26:44,004 INFO Epoch 69:
2018-11-28 23:26:44,019 INFO Training...
2018-11-28 23:26:52,242 INFO train time: 8.223
2018-11-28 23:26:52,242 INFO train loss: 0.016
2018-11-28 23:26:52,242 INFO train accuracy: 1.000
2018-11-28 23:26:52,243 INFO train precision: 1.000
2018-11-28 23:26:52,243 INFO train recall: 1.000
2018-11-28 23:26:52,243 INFO train F1: 1.000
2018-11-28 23:26:52,243 INFO train AUC: 1.000
2018-11-28 23:26:52,244 INFO Evaluating...
2018-11-28 23:26:53,383 INFO valid time: 1.138
2018-11-28 23:26:53,383 INFO valid loss: 0.088
2018-11-28 23:26:53,383 INFO valid accuracy: 0.970
2018-11-28 23:26:53,383 INFO valid precision: 0.987
2018-11-28 23:26:53,383 INFO valid recall: 0.952
2018-11-28 23:26:53,384 INFO valid F1: 0.969
2018-11-28 23:26:53,384 INFO valid AUC: 0.970
2018-11-28 23:26:53,641 INFO Epoch 70:
2018-11-28 23:26:53,655 INFO Training...
2018-11-28 23:27:02,169 INFO train time: 8.513
2018-11-28 23:27:02,169 INFO train loss: 0.015
2018-11-28 23:27:02,169 INFO train accuracy: 1.000
2018-11-28 23:27:02,169 INFO train precision: 1.000
2018-11-28 23:27:02,169 INFO train recall: 1.000
2018-11-28 23:27:02,169 INFO train F1: 1.000
2018-11-28 23:27:02,170 INFO train AUC: 1.000
2018-11-28 23:27:02,170 INFO Evaluating...
2018-11-28 23:27:03,339 INFO valid time: 1.168
2018-11-28 23:27:03,339 INFO valid loss: 0.088
2018-11-28 23:27:03,339 INFO valid accuracy: 0.970
2018-11-28 23:27:03,339 INFO valid precision: 0.987
2018-11-28 23:27:03,339 INFO valid recall: 0.952
2018-11-28 23:27:03,340 INFO valid F1: 0.969
2018-11-28 23:27:03,340 INFO valid AUC: 0.970
2018-11-28 23:27:03,615 INFO Epoch 71:
2018-11-28 23:27:03,630 INFO Training...
2018-11-28 23:27:11,847 INFO train time: 8.216
2018-11-28 23:27:11,847 INFO train loss: 0.015
2018-11-28 23:27:11,847 INFO train accuracy: 1.000
2018-11-28 23:27:11,847 INFO train precision: 1.000
2018-11-28 23:27:11,848 INFO train recall: 1.000
2018-11-28 23:27:11,848 INFO train F1: 1.000
2018-11-28 23:27:11,848 INFO train AUC: 1.000
2018-11-28 23:27:11,848 INFO Evaluating...
2018-11-28 23:27:12,933 INFO valid time: 1.084
2018-11-28 23:27:12,933 INFO valid loss: 0.087
2018-11-28 23:27:12,933 INFO valid accuracy: 0.970
2018-11-28 23:27:12,933 INFO valid precision: 0.987
2018-11-28 23:27:12,934 INFO valid recall: 0.952
2018-11-28 23:27:12,934 INFO valid F1: 0.969
2018-11-28 23:27:12,934 INFO valid AUC: 0.970
2018-11-28 23:27:13,208 INFO Epoch 72:
2018-11-28 23:27:13,222 INFO Training...
2018-11-28 23:27:21,178 INFO train time: 7.955
2018-11-28 23:27:21,179 INFO train loss: 0.014
2018-11-28 23:27:21,180 INFO train accuracy: 1.000
2018-11-28 23:27:21,180 INFO train precision: 1.000
2018-11-28 23:27:21,181 INFO train recall: 1.000
2018-11-28 23:27:21,181 INFO train F1: 1.000
2018-11-28 23:27:21,181 INFO train AUC: 1.000
2018-11-28 23:27:21,182 INFO Evaluating...
2018-11-28 23:27:22,415 INFO valid time: 1.232
2018-11-28 23:27:22,415 INFO valid loss: 0.087
2018-11-28 23:27:22,416 INFO valid accuracy: 0.970
2018-11-28 23:27:22,416 INFO valid precision: 0.987
2018-11-28 23:27:22,416 INFO valid recall: 0.952
2018-11-28 23:27:22,416 INFO valid F1: 0.969
2018-11-28 23:27:22,416 INFO valid AUC: 0.970
2018-11-28 23:27:22,682 INFO Epoch 73:
2018-11-28 23:27:22,696 INFO Training...
2018-11-28 23:27:31,123 INFO train time: 8.426
2018-11-28 23:27:31,124 INFO train loss: 0.014
2018-11-28 23:27:31,124 INFO train accuracy: 1.000
2018-11-28 23:27:31,124 INFO train precision: 1.000
2018-11-28 23:27:31,124 INFO train recall: 1.000
2018-11-28 23:27:31,125 INFO train F1: 1.000
2018-11-28 23:27:31,125 INFO train AUC: 1.000
2018-11-28 23:27:31,126 INFO Evaluating...
2018-11-28 23:27:32,298 INFO valid time: 1.172
2018-11-28 23:27:32,298 INFO valid loss: 0.086
2018-11-28 23:27:32,298 INFO valid accuracy: 0.970
2018-11-28 23:27:32,299 INFO valid precision: 0.987
2018-11-28 23:27:32,299 INFO valid recall: 0.952
2018-11-28 23:27:32,299 INFO valid F1: 0.969
2018-11-28 23:27:32,299 INFO valid AUC: 0.970
2018-11-28 23:27:32,555 INFO Epoch 74:
2018-11-28 23:27:32,570 INFO Training...
2018-11-28 23:27:40,821 INFO train time: 8.251
2018-11-28 23:27:40,821 INFO train loss: 0.014
2018-11-28 23:27:40,822 INFO train accuracy: 1.000
2018-11-28 23:27:40,822 INFO train precision: 1.000
2018-11-28 23:27:40,822 INFO train recall: 1.000
2018-11-28 23:27:40,822 INFO train F1: 1.000
2018-11-28 23:27:40,822 INFO train AUC: 1.000
2018-11-28 23:27:40,823 INFO Evaluating...
2018-11-28 23:27:41,899 INFO valid time: 1.075
2018-11-28 23:27:41,899 INFO valid loss: 0.086
2018-11-28 23:27:41,899 INFO valid accuracy: 0.970
2018-11-28 23:27:41,900 INFO valid precision: 0.987
2018-11-28 23:27:41,900 INFO valid recall: 0.952
2018-11-28 23:27:41,900 INFO valid F1: 0.969
2018-11-28 23:27:41,900 INFO valid AUC: 0.970
2018-11-28 23:27:42,147 INFO Epoch 75:
2018-11-28 23:27:42,162 INFO Training...
2018-11-28 23:27:50,310 INFO train time: 8.148
2018-11-28 23:27:50,310 INFO train loss: 0.013
2018-11-28 23:27:50,311 INFO train accuracy: 1.000
2018-11-28 23:27:50,311 INFO train precision: 1.000
2018-11-28 23:27:50,311 INFO train recall: 1.000
2018-11-28 23:27:50,311 INFO train F1: 1.000
2018-11-28 23:27:50,311 INFO train AUC: 1.000
2018-11-28 23:27:50,312 INFO Evaluating...
2018-11-28 23:27:51,415 INFO valid time: 1.103
2018-11-28 23:27:51,415 INFO valid loss: 0.086
2018-11-28 23:27:51,415 INFO valid accuracy: 0.970
2018-11-28 23:27:51,415 INFO valid precision: 0.987
2018-11-28 23:27:51,415 INFO valid recall: 0.952
2018-11-28 23:27:51,416 INFO valid F1: 0.969
2018-11-28 23:27:51,416 INFO valid AUC: 0.970
2018-11-28 23:27:51,680 INFO Epoch 76:
2018-11-28 23:27:51,695 INFO Training...
2018-11-28 23:27:59,934 INFO train time: 8.239
2018-11-28 23:27:59,935 INFO train loss: 0.013
2018-11-28 23:27:59,935 INFO train accuracy: 1.000
2018-11-28 23:27:59,935 INFO train precision: 1.000
2018-11-28 23:27:59,936 INFO train recall: 1.000
2018-11-28 23:27:59,936 INFO train F1: 1.000
2018-11-28 23:27:59,936 INFO train AUC: 1.000
2018-11-28 23:27:59,936 INFO Evaluating...
2018-11-28 23:28:01,191 INFO valid time: 1.254
2018-11-28 23:28:01,192 INFO valid loss: 0.085
2018-11-28 23:28:01,192 INFO valid accuracy: 0.973
2018-11-28 23:28:01,192 INFO valid precision: 0.988
2018-11-28 23:28:01,192 INFO valid recall: 0.958
2018-11-28 23:28:01,192 INFO valid F1: 0.972
2018-11-28 23:28:01,192 INFO valid AUC: 0.973
2018-11-28 23:28:01,443 INFO Epoch 77:
2018-11-28 23:28:01,459 INFO Training...
2018-11-28 23:28:09,692 INFO train time: 8.233
2018-11-28 23:28:09,692 INFO train loss: 0.012
2018-11-28 23:28:09,693 INFO train accuracy: 1.000
2018-11-28 23:28:09,693 INFO train precision: 1.000
2018-11-28 23:28:09,693 INFO train recall: 1.000
2018-11-28 23:28:09,693 INFO train F1: 1.000
2018-11-28 23:28:09,693 INFO train AUC: 1.000
2018-11-28 23:28:09,694 INFO Evaluating...
2018-11-28 23:28:10,824 INFO valid time: 1.130
2018-11-28 23:28:10,825 INFO valid loss: 0.085
2018-11-28 23:28:10,825 INFO valid accuracy: 0.973
2018-11-28 23:28:10,825 INFO valid precision: 0.988
2018-11-28 23:28:10,825 INFO valid recall: 0.958
2018-11-28 23:28:10,825 INFO valid F1: 0.972
2018-11-28 23:28:10,825 INFO valid AUC: 0.973
2018-11-28 23:28:11,095 INFO Epoch 78:
2018-11-28 23:28:11,109 INFO Training...
2018-11-28 23:28:19,471 INFO train time: 8.362
2018-11-28 23:28:19,472 INFO train loss: 0.012
2018-11-28 23:28:19,472 INFO train accuracy: 1.000
2018-11-28 23:28:19,472 INFO train precision: 1.000
2018-11-28 23:28:19,473 INFO train recall: 1.000
2018-11-28 23:28:19,473 INFO train F1: 1.000
2018-11-28 23:28:19,473 INFO train AUC: 1.000
2018-11-28 23:28:19,474 INFO Evaluating...
2018-11-28 23:28:20,696 INFO valid time: 1.222
2018-11-28 23:28:20,697 INFO valid loss: 0.085
2018-11-28 23:28:20,697 INFO valid accuracy: 0.973
2018-11-28 23:28:20,697 INFO valid precision: 0.988
2018-11-28 23:28:20,697 INFO valid recall: 0.958
2018-11-28 23:28:20,698 INFO valid F1: 0.972
2018-11-28 23:28:20,698 INFO valid AUC: 0.973
2018-11-28 23:28:20,974 INFO Epoch 79:
2018-11-28 23:28:20,990 INFO Training...
2018-11-28 23:28:29,278 INFO train time: 8.288
2018-11-28 23:28:29,279 INFO train loss: 0.012
2018-11-28 23:28:29,279 INFO train accuracy: 1.000
2018-11-28 23:28:29,279 INFO train precision: 1.000
2018-11-28 23:28:29,279 INFO train recall: 1.000
2018-11-28 23:28:29,280 INFO train F1: 1.000
2018-11-28 23:28:29,280 INFO train AUC: 1.000
2018-11-28 23:28:29,281 INFO Evaluating...
2018-11-28 23:28:30,471 INFO valid time: 1.190
2018-11-28 23:28:30,471 INFO valid loss: 0.084
2018-11-28 23:28:30,471 INFO valid accuracy: 0.973
2018-11-28 23:28:30,471 INFO valid precision: 0.988
2018-11-28 23:28:30,471 INFO valid recall: 0.958
2018-11-28 23:28:30,471 INFO valid F1: 0.972
2018-11-28 23:28:30,471 INFO valid AUC: 0.973
2018-11-28 23:28:30,736 INFO Epoch 80:
2018-11-28 23:28:30,752 INFO Training...
2018-11-28 23:28:38,850 INFO train time: 8.097
2018-11-28 23:28:38,851 INFO train loss: 0.011
2018-11-28 23:28:38,851 INFO train accuracy: 1.000
2018-11-28 23:28:38,851 INFO train precision: 1.000
2018-11-28 23:28:38,851 INFO train recall: 1.000
2018-11-28 23:28:38,851 INFO train F1: 1.000
2018-11-28 23:28:38,851 INFO train AUC: 1.000
2018-11-28 23:28:38,852 INFO Evaluating...
2018-11-28 23:28:39,945 INFO valid time: 1.093
2018-11-28 23:28:39,946 INFO valid loss: 0.084
2018-11-28 23:28:39,946 INFO valid accuracy: 0.973
2018-11-28 23:28:39,946 INFO valid precision: 0.988
2018-11-28 23:28:39,946 INFO valid recall: 0.958
2018-11-28 23:28:39,946 INFO valid F1: 0.972
2018-11-28 23:28:39,946 INFO valid AUC: 0.973
2018-11-28 23:28:40,194 INFO Epoch 81:
2018-11-28 23:28:40,209 INFO Training...
2018-11-28 23:28:48,522 INFO train time: 8.312
2018-11-28 23:28:48,522 INFO train loss: 0.011
2018-11-28 23:28:48,522 INFO train accuracy: 1.000
2018-11-28 23:28:48,522 INFO train precision: 1.000
2018-11-28 23:28:48,522 INFO train recall: 1.000
2018-11-28 23:28:48,522 INFO train F1: 1.000
2018-11-28 23:28:48,523 INFO train AUC: 1.000
2018-11-28 23:28:48,523 INFO Evaluating...
2018-11-28 23:28:49,629 INFO valid time: 1.106
2018-11-28 23:28:49,630 INFO valid loss: 0.084
2018-11-28 23:28:49,630 INFO valid accuracy: 0.973
2018-11-28 23:28:49,630 INFO valid precision: 0.988
2018-11-28 23:28:49,630 INFO valid recall: 0.958
2018-11-28 23:28:49,631 INFO valid F1: 0.972
2018-11-28 23:28:49,631 INFO valid AUC: 0.973
2018-11-28 23:28:49,902 INFO Epoch 82:
2018-11-28 23:28:49,917 INFO Training...
2018-11-28 23:28:57,843 INFO train time: 7.925
2018-11-28 23:28:57,843 INFO train loss: 0.011
2018-11-28 23:28:57,843 INFO train accuracy: 1.000
2018-11-28 23:28:57,843 INFO train precision: 1.000
2018-11-28 23:28:57,843 INFO train recall: 1.000
2018-11-28 23:28:57,844 INFO train F1: 1.000
2018-11-28 23:28:57,844 INFO train AUC: 1.000
2018-11-28 23:28:57,844 INFO Evaluating...
2018-11-28 23:28:59,101 INFO valid time: 1.256
2018-11-28 23:28:59,102 INFO valid loss: 0.084
2018-11-28 23:28:59,102 INFO valid accuracy: 0.973
2018-11-28 23:28:59,102 INFO valid precision: 0.988
2018-11-28 23:28:59,102 INFO valid recall: 0.958
2018-11-28 23:28:59,103 INFO valid F1: 0.972
2018-11-28 23:28:59,103 INFO valid AUC: 0.973
2018-11-28 23:28:59,378 INFO Epoch 83:
2018-11-28 23:28:59,393 INFO Training...
2018-11-28 23:29:07,613 INFO train time: 8.220
2018-11-28 23:29:07,614 INFO train loss: 0.011
2018-11-28 23:29:07,614 INFO train accuracy: 1.000
2018-11-28 23:29:07,614 INFO train precision: 1.000
2018-11-28 23:29:07,615 INFO train recall: 1.000
2018-11-28 23:29:07,615 INFO train F1: 1.000
2018-11-28 23:29:07,615 INFO train AUC: 1.000
2018-11-28 23:29:07,620 INFO Evaluating...
2018-11-28 23:29:08,792 INFO valid time: 1.171
2018-11-28 23:29:08,792 INFO valid loss: 0.083
2018-11-28 23:29:08,792 INFO valid accuracy: 0.973
2018-11-28 23:29:08,792 INFO valid precision: 0.988
2018-11-28 23:29:08,793 INFO valid recall: 0.958
2018-11-28 23:29:08,793 INFO valid F1: 0.972
2018-11-28 23:29:08,793 INFO valid AUC: 0.973
2018-11-28 23:29:09,145 INFO Epoch 84:
2018-11-28 23:29:09,160 INFO Training...
2018-11-28 23:29:17,706 INFO train time: 8.546
2018-11-28 23:29:17,707 INFO train loss: 0.010
2018-11-28 23:29:17,707 INFO train accuracy: 1.000
2018-11-28 23:29:17,707 INFO train precision: 1.000
2018-11-28 23:29:17,707 INFO train recall: 1.000
2018-11-28 23:29:17,707 INFO train F1: 1.000
2018-11-28 23:29:17,707 INFO train AUC: 1.000
2018-11-28 23:29:17,708 INFO Evaluating...
2018-11-28 23:29:18,933 INFO valid time: 1.225
2018-11-28 23:29:18,933 INFO valid loss: 0.083
2018-11-28 23:29:18,933 INFO valid accuracy: 0.973
2018-11-28 23:29:18,933 INFO valid precision: 0.988
2018-11-28 23:29:18,933 INFO valid recall: 0.958
2018-11-28 23:29:18,933 INFO valid F1: 0.972
2018-11-28 23:29:18,933 INFO valid AUC: 0.973
2018-11-28 23:29:19,190 INFO Epoch 85:
2018-11-28 23:29:19,205 INFO Training...
2018-11-28 23:29:27,265 INFO train time: 8.060
2018-11-28 23:29:27,266 INFO train loss: 0.010
2018-11-28 23:29:27,266 INFO train accuracy: 1.000
2018-11-28 23:29:27,266 INFO train precision: 1.000
2018-11-28 23:29:27,266 INFO train recall: 1.000
2018-11-28 23:29:27,266 INFO train F1: 1.000
2018-11-28 23:29:27,266 INFO train AUC: 1.000
2018-11-28 23:29:27,267 INFO Evaluating...
2018-11-28 23:29:28,366 INFO valid time: 1.099
2018-11-28 23:29:28,367 INFO valid loss: 0.083
2018-11-28 23:29:28,367 INFO valid accuracy: 0.973
2018-11-28 23:29:28,367 INFO valid precision: 0.988
2018-11-28 23:29:28,367 INFO valid recall: 0.958
2018-11-28 23:29:28,367 INFO valid F1: 0.972
2018-11-28 23:29:28,367 INFO valid AUC: 0.973
2018-11-28 23:29:28,625 INFO Epoch 86:
2018-11-28 23:29:28,639 INFO Training...
2018-11-28 23:29:36,954 INFO train time: 8.314
2018-11-28 23:29:36,955 INFO train loss: 0.010
2018-11-28 23:29:36,955 INFO train accuracy: 1.000
2018-11-28 23:29:36,955 INFO train precision: 1.000
2018-11-28 23:29:36,955 INFO train recall: 1.000
2018-11-28 23:29:36,955 INFO train F1: 1.000
2018-11-28 23:29:36,955 INFO train AUC: 1.000
2018-11-28 23:29:36,956 INFO Evaluating...
2018-11-28 23:29:38,029 INFO valid time: 1.072
2018-11-28 23:29:38,029 INFO valid loss: 0.082
2018-11-28 23:29:38,029 INFO valid accuracy: 0.973
2018-11-28 23:29:38,029 INFO valid precision: 0.988
2018-11-28 23:29:38,029 INFO valid recall: 0.958
2018-11-28 23:29:38,029 INFO valid F1: 0.972
2018-11-28 23:29:38,029 INFO valid AUC: 0.973
2018-11-28 23:29:38,289 INFO Epoch 87:
2018-11-28 23:29:38,303 INFO Training...
2018-11-28 23:29:46,569 INFO train time: 8.265
2018-11-28 23:29:46,569 INFO train loss: 0.010
2018-11-28 23:29:46,570 INFO train accuracy: 1.000
2018-11-28 23:29:46,570 INFO train precision: 1.000
2018-11-28 23:29:46,570 INFO train recall: 1.000
2018-11-28 23:29:46,570 INFO train F1: 1.000
2018-11-28 23:29:46,570 INFO train AUC: 1.000
2018-11-28 23:29:46,571 INFO Evaluating...
2018-11-28 23:29:47,664 INFO valid time: 1.093
2018-11-28 23:29:47,665 INFO valid loss: 0.082
2018-11-28 23:29:47,665 INFO valid accuracy: 0.973
2018-11-28 23:29:47,665 INFO valid precision: 0.988
2018-11-28 23:29:47,665 INFO valid recall: 0.958
2018-11-28 23:29:47,665 INFO valid F1: 0.972
2018-11-28 23:29:47,666 INFO valid AUC: 0.973
2018-11-28 23:29:47,913 INFO Epoch 88:
2018-11-28 23:29:47,928 INFO Training...
2018-11-28 23:29:55,863 INFO train time: 7.935
2018-11-28 23:29:55,864 INFO train loss: 0.009
2018-11-28 23:29:55,864 INFO train accuracy: 1.000
2018-11-28 23:29:55,864 INFO train precision: 1.000
2018-11-28 23:29:55,865 INFO train recall: 1.000
2018-11-28 23:29:55,865 INFO train F1: 1.000
2018-11-28 23:29:55,865 INFO train AUC: 1.000
2018-11-28 23:29:55,866 INFO Evaluating...
2018-11-28 23:29:56,989 INFO valid time: 1.123
2018-11-28 23:29:56,989 INFO valid loss: 0.082
2018-11-28 23:29:56,989 INFO valid accuracy: 0.973
2018-11-28 23:29:56,990 INFO valid precision: 0.988
2018-11-28 23:29:56,990 INFO valid recall: 0.958
2018-11-28 23:29:56,990 INFO valid F1: 0.972
2018-11-28 23:29:56,990 INFO valid AUC: 0.973
2018-11-28 23:29:57,285 INFO Epoch 89:
2018-11-28 23:29:57,300 INFO Training...
2018-11-28 23:30:05,335 INFO train time: 8.034
2018-11-28 23:30:05,335 INFO train loss: 0.009
2018-11-28 23:30:05,336 INFO train accuracy: 1.000
2018-11-28 23:30:05,336 INFO train precision: 1.000
2018-11-28 23:30:05,336 INFO train recall: 1.000
2018-11-28 23:30:05,336 INFO train F1: 1.000
2018-11-28 23:30:05,337 INFO train AUC: 1.000
2018-11-28 23:30:05,337 INFO Evaluating...
2018-11-28 23:30:06,397 INFO valid time: 1.060
2018-11-28 23:30:06,398 INFO valid loss: 0.082
2018-11-28 23:30:06,398 INFO valid accuracy: 0.973
2018-11-28 23:30:06,398 INFO valid precision: 0.988
2018-11-28 23:30:06,399 INFO valid recall: 0.958
2018-11-28 23:30:06,399 INFO valid F1: 0.972
2018-11-28 23:30:06,399 INFO valid AUC: 0.973
2018-11-28 23:30:06,665 INFO Epoch 90:
2018-11-28 23:30:06,680 INFO Training...
2018-11-28 23:30:14,905 INFO train time: 8.224
2018-11-28 23:30:14,905 INFO train loss: 0.009
2018-11-28 23:30:14,906 INFO train accuracy: 1.000
2018-11-28 23:30:14,906 INFO train precision: 1.000
2018-11-28 23:30:14,906 INFO train recall: 1.000
2018-11-28 23:30:14,906 INFO train F1: 1.000
2018-11-28 23:30:14,906 INFO train AUC: 1.000
2018-11-28 23:30:14,907 INFO Evaluating...
2018-11-28 23:30:16,034 INFO valid time: 1.127
2018-11-28 23:30:16,035 INFO valid loss: 0.082
2018-11-28 23:30:16,035 INFO valid accuracy: 0.973
2018-11-28 23:30:16,035 INFO valid precision: 0.988
2018-11-28 23:30:16,035 INFO valid recall: 0.958
2018-11-28 23:30:16,035 INFO valid F1: 0.972
2018-11-28 23:30:16,035 INFO valid AUC: 0.973
2018-11-28 23:30:16,312 INFO Epoch 91:
2018-11-28 23:30:16,326 INFO Training...
2018-11-28 23:30:24,794 INFO train time: 8.467
2018-11-28 23:30:24,794 INFO train loss: 0.009
2018-11-28 23:30:24,795 INFO train accuracy: 1.000
2018-11-28 23:30:24,795 INFO train precision: 1.000
2018-11-28 23:30:24,795 INFO train recall: 1.000
2018-11-28 23:30:24,795 INFO train F1: 1.000
2018-11-28 23:30:24,796 INFO train AUC: 1.000
2018-11-28 23:30:24,797 INFO Evaluating...
2018-11-28 23:30:25,933 INFO valid time: 1.136
2018-11-28 23:30:25,933 INFO valid loss: 0.081
2018-11-28 23:30:25,933 INFO valid accuracy: 0.973
2018-11-28 23:30:25,934 INFO valid precision: 0.988
2018-11-28 23:30:25,934 INFO valid recall: 0.958
2018-11-28 23:30:25,934 INFO valid F1: 0.972
2018-11-28 23:30:25,934 INFO valid AUC: 0.973
2018-11-28 23:30:26,188 INFO Epoch 92:
2018-11-28 23:30:26,203 INFO Training...
2018-11-28 23:30:34,244 INFO train time: 8.041
2018-11-28 23:30:34,244 INFO train loss: 0.008
2018-11-28 23:30:34,244 INFO train accuracy: 1.000
2018-11-28 23:30:34,244 INFO train precision: 1.000
2018-11-28 23:30:34,245 INFO train recall: 1.000
2018-11-28 23:30:34,245 INFO train F1: 1.000
2018-11-28 23:30:34,245 INFO train AUC: 1.000
2018-11-28 23:30:34,245 INFO Evaluating...
2018-11-28 23:30:35,338 INFO valid time: 1.092
2018-11-28 23:30:35,338 INFO valid loss: 0.081
2018-11-28 23:30:35,338 INFO valid accuracy: 0.973
2018-11-28 23:30:35,338 INFO valid precision: 0.988
2018-11-28 23:30:35,339 INFO valid recall: 0.958
2018-11-28 23:30:35,339 INFO valid F1: 0.972
2018-11-28 23:30:35,339 INFO valid AUC: 0.973
2018-11-28 23:30:35,610 INFO Epoch 93:
2018-11-28 23:30:35,625 INFO Training...
2018-11-28 23:30:43,833 INFO train time: 8.208
2018-11-28 23:30:43,834 INFO train loss: 0.008
2018-11-28 23:30:43,834 INFO train accuracy: 1.000
2018-11-28 23:30:43,834 INFO train precision: 1.000
2018-11-28 23:30:43,834 INFO train recall: 1.000
2018-11-28 23:30:43,834 INFO train F1: 1.000
2018-11-28 23:30:43,835 INFO train AUC: 1.000
2018-11-28 23:30:43,835 INFO Evaluating...
2018-11-28 23:30:44,913 INFO valid time: 1.077
2018-11-28 23:30:44,914 INFO valid loss: 0.081
2018-11-28 23:30:44,914 INFO valid accuracy: 0.973
2018-11-28 23:30:44,914 INFO valid precision: 0.988
2018-11-28 23:30:44,914 INFO valid recall: 0.958
2018-11-28 23:30:44,914 INFO valid F1: 0.972
2018-11-28 23:30:44,914 INFO valid AUC: 0.973
2018-11-28 23:30:45,180 INFO Epoch 94:
2018-11-28 23:30:45,196 INFO Training...
2018-11-28 23:30:53,395 INFO train time: 8.199
2018-11-28 23:30:53,396 INFO train loss: 0.008
2018-11-28 23:30:53,396 INFO train accuracy: 1.000
2018-11-28 23:30:53,397 INFO train precision: 1.000
2018-11-28 23:30:53,397 INFO train recall: 1.000
2018-11-28 23:30:53,397 INFO train F1: 1.000
2018-11-28 23:30:53,397 INFO train AUC: 1.000
2018-11-28 23:30:53,398 INFO Evaluating...
2018-11-28 23:30:54,624 INFO valid time: 1.226
2018-11-28 23:30:54,625 INFO valid loss: 0.081
2018-11-28 23:30:54,625 INFO valid accuracy: 0.973
2018-11-28 23:30:54,625 INFO valid precision: 0.988
2018-11-28 23:30:54,625 INFO valid recall: 0.958
2018-11-28 23:30:54,625 INFO valid F1: 0.972
2018-11-28 23:30:54,626 INFO valid AUC: 0.973
2018-11-28 23:30:54,890 INFO Epoch 95:
2018-11-28 23:30:54,905 INFO Training...
2018-11-28 23:31:03,386 INFO train time: 8.481
2018-11-28 23:31:03,387 INFO train loss: 0.008
2018-11-28 23:31:03,387 INFO train accuracy: 1.000
2018-11-28 23:31:03,387 INFO train precision: 1.000
2018-11-28 23:31:03,387 INFO train recall: 1.000
2018-11-28 23:31:03,387 INFO train F1: 1.000
2018-11-28 23:31:03,387 INFO train AUC: 1.000
2018-11-28 23:31:03,388 INFO Evaluating...
2018-11-28 23:31:04,465 INFO valid time: 1.077
2018-11-28 23:31:04,465 INFO valid loss: 0.081
2018-11-28 23:31:04,466 INFO valid accuracy: 0.973
2018-11-28 23:31:04,466 INFO valid precision: 0.988
2018-11-28 23:31:04,466 INFO valid recall: 0.958
2018-11-28 23:31:04,466 INFO valid F1: 0.972
2018-11-28 23:31:04,466 INFO valid AUC: 0.973
2018-11-28 23:31:04,736 INFO Epoch 96:
2018-11-28 23:31:04,751 INFO Training...
2018-11-28 23:31:12,900 INFO train time: 8.148
2018-11-28 23:31:12,900 INFO train loss: 0.008
2018-11-28 23:31:12,900 INFO train accuracy: 1.000
2018-11-28 23:31:12,900 INFO train precision: 1.000
2018-11-28 23:31:12,901 INFO train recall: 1.000
2018-11-28 23:31:12,901 INFO train F1: 1.000
2018-11-28 23:31:12,901 INFO train AUC: 1.000
2018-11-28 23:31:12,902 INFO Evaluating...
2018-11-28 23:31:13,979 INFO valid time: 1.077
2018-11-28 23:31:13,979 INFO valid loss: 0.081
2018-11-28 23:31:13,980 INFO valid accuracy: 0.973
2018-11-28 23:31:13,980 INFO valid precision: 0.988
2018-11-28 23:31:13,980 INFO valid recall: 0.958
2018-11-28 23:31:13,980 INFO valid F1: 0.972
2018-11-28 23:31:13,980 INFO valid AUC: 0.973
2018-11-28 23:31:14,233 INFO Epoch 97:
2018-11-28 23:31:14,249 INFO Training...
2018-11-28 23:31:22,718 INFO train time: 8.468
2018-11-28 23:31:22,718 INFO train loss: 0.008
2018-11-28 23:31:22,718 INFO train accuracy: 1.000
2018-11-28 23:31:22,719 INFO train precision: 1.000
2018-11-28 23:31:22,719 INFO train recall: 1.000
2018-11-28 23:31:22,719 INFO train F1: 1.000
2018-11-28 23:31:22,719 INFO train AUC: 1.000
2018-11-28 23:31:22,720 INFO Evaluating...
2018-11-28 23:31:23,905 INFO valid time: 1.185
2018-11-28 23:31:23,905 INFO valid loss: 0.080
2018-11-28 23:31:23,905 INFO valid accuracy: 0.973
2018-11-28 23:31:23,905 INFO valid precision: 0.988
2018-11-28 23:31:23,906 INFO valid recall: 0.958
2018-11-28 23:31:23,906 INFO valid F1: 0.972
2018-11-28 23:31:23,906 INFO valid AUC: 0.973
2018-11-28 23:31:24,167 INFO Epoch 98:
2018-11-28 23:31:24,182 INFO Training...
2018-11-28 23:31:33,016 INFO train time: 8.834
2018-11-28 23:31:33,016 INFO train loss: 0.007
2018-11-28 23:31:33,017 INFO train accuracy: 1.000
2018-11-28 23:31:33,017 INFO train precision: 1.000
2018-11-28 23:31:33,017 INFO train recall: 1.000
2018-11-28 23:31:33,017 INFO train F1: 1.000
2018-11-28 23:31:33,018 INFO train AUC: 1.000
2018-11-28 23:31:33,018 INFO Evaluating...
2018-11-28 23:31:34,096 INFO valid time: 1.078
2018-11-28 23:31:34,097 INFO valid loss: 0.080
2018-11-28 23:31:34,097 INFO valid accuracy: 0.973
2018-11-28 23:31:34,097 INFO valid precision: 0.988
2018-11-28 23:31:34,097 INFO valid recall: 0.958
2018-11-28 23:31:34,097 INFO valid F1: 0.972
2018-11-28 23:31:34,097 INFO valid AUC: 0.973
2018-11-28 23:31:34,355 INFO Epoch 99:
2018-11-28 23:31:34,370 INFO Training...
2018-11-28 23:31:42,510 INFO train time: 8.140
2018-11-28 23:31:42,511 INFO train loss: 0.007
2018-11-28 23:31:42,511 INFO train accuracy: 1.000
2018-11-28 23:31:42,511 INFO train precision: 1.000
2018-11-28 23:31:42,511 INFO train recall: 1.000
2018-11-28 23:31:42,511 INFO train F1: 1.000
2018-11-28 23:31:42,511 INFO train AUC: 1.000
2018-11-28 23:31:42,512 INFO Evaluating...
2018-11-28 23:31:43,564 INFO valid time: 1.052
2018-11-28 23:31:43,565 INFO valid loss: 0.080
2018-11-28 23:31:43,565 INFO valid accuracy: 0.973
2018-11-28 23:31:43,565 INFO valid precision: 0.988
2018-11-28 23:31:43,565 INFO valid recall: 0.958
2018-11-28 23:31:43,565 INFO valid F1: 0.972
2018-11-28 23:31:43,566 INFO valid AUC: 0.973
2018-11-28 23:31:43,845 INFO Restoring parameters from out/kinase_dilated_graph/model/model.ckpt
2018-11-28 23:31:43,901 INFO Evaluating...
2018-11-28 23:31:46,097 INFO test time: 2.196
2018-11-28 23:31:46,097 INFO test loss: 0.061
2018-11-28 23:31:46,097 INFO test accuracy: 0.975
2018-11-28 23:31:46,098 INFO test precision: 0.971
2018-11-28 23:31:46,098 INFO test recall: 0.974
2018-11-28 23:31:46,098 INFO test F1: 0.973
2018-11-28 23:31:46,098 INFO test AUC: 0.975
2018-11-28 23:31:46,184 INFO Saving History to out/kinase_dilated_graph/history.csv
2018-11-28 23:31:46,184 INFO Saving Summary to out/kinase_dilated_graph/summary.csv
2018-11-28 23:31:46,188 INFO All done!
