2018-11-28 19:32:21,300 INFO Initializing
2018-11-28 19:32:21,850 INFO Loaded 359 training samples
2018-11-28 19:32:21,851 INFO Loaded 52 validation samples
2018-11-28 19:32:21,851 INFO Loaded 103 test samples
2018-11-28 19:32:27,450 INFO Model: 2D-CNN
2018-11-28 19:32:27,450 INFO Parameters: 505090
2018-11-28 19:32:28,156 INFO Epoch 0:
2018-11-28 19:32:28,177 INFO Training...
2018-11-28 19:32:30,039 INFO train time: 1.861
2018-11-28 19:32:30,039 INFO train loss: 14.690
2018-11-28 19:32:30,039 INFO train accuracy: 0.295
2018-11-28 19:32:30,039 INFO train precision: 0.333
2018-11-28 19:32:30,039 INFO train recall: 0.004
2018-11-28 19:32:30,039 INFO train F1: 0.008
2018-11-28 19:32:30,040 INFO train AUC: 0.493
2018-11-28 19:32:30,040 INFO Evaluating...
2018-11-28 19:32:30,417 INFO valid time: 0.377
2018-11-28 19:32:30,418 INFO valid loss: 0.689
2018-11-28 19:32:30,418 INFO valid accuracy: 0.288
2018-11-28 19:32:30,418 INFO valid precision: 1.000
2018-11-28 19:32:30,418 INFO valid recall: 0.098
2018-11-28 19:32:30,418 INFO valid F1: 0.178
2018-11-28 19:32:30,418 INFO valid AUC: 0.549
2018-11-28 19:32:30,538 INFO Epoch 1:
2018-11-28 19:32:30,539 INFO Training...
2018-11-28 19:32:31,081 INFO train time: 0.542
2018-11-28 19:32:31,082 INFO train loss: 1.317
2018-11-28 19:32:31,082 INFO train accuracy: 0.421
2018-11-28 19:32:31,082 INFO train precision: 0.907
2018-11-28 19:32:31,082 INFO train recall: 0.194
2018-11-28 19:32:31,082 INFO train F1: 0.320
2018-11-28 19:32:31,083 INFO train AUC: 0.574
2018-11-28 19:32:31,083 INFO Evaluating...
2018-11-28 19:32:31,346 INFO valid time: 0.263
2018-11-28 19:32:31,347 INFO valid loss: 18.504
2018-11-28 19:32:31,347 INFO valid accuracy: 0.788
2018-11-28 19:32:31,347 INFO valid precision: 0.788
2018-11-28 19:32:31,347 INFO valid recall: 1.000
2018-11-28 19:32:31,348 INFO valid F1: 0.882
2018-11-28 19:32:31,348 INFO valid AUC: 0.500
2018-11-28 19:32:31,464 INFO Epoch 2:
2018-11-28 19:32:31,465 INFO Training...
2018-11-28 19:32:31,970 INFO train time: 0.504
2018-11-28 19:32:31,970 INFO train loss: 2.720
2018-11-28 19:32:31,971 INFO train accuracy: 0.702
2018-11-28 19:32:31,971 INFO train precision: 0.704
2018-11-28 19:32:31,971 INFO train recall: 0.992
2018-11-28 19:32:31,971 INFO train F1: 0.824
2018-11-28 19:32:31,971 INFO train AUC: 0.505
2018-11-28 19:32:31,973 INFO Evaluating...
2018-11-28 19:32:32,235 INFO valid time: 0.262
2018-11-28 19:32:32,235 INFO valid loss: 0.500
2018-11-28 19:32:32,235 INFO valid accuracy: 0.442
2018-11-28 19:32:32,235 INFO valid precision: 1.000
2018-11-28 19:32:32,235 INFO valid recall: 0.293
2018-11-28 19:32:32,235 INFO valid F1: 0.453
2018-11-28 19:32:32,235 INFO valid AUC: 0.646
2018-11-28 19:32:32,349 INFO Epoch 3:
2018-11-28 19:32:32,350 INFO Training...
2018-11-28 19:32:32,915 INFO train time: 0.564
2018-11-28 19:32:32,915 INFO train loss: 0.851
2018-11-28 19:32:32,915 INFO train accuracy: 0.401
2018-11-28 19:32:32,915 INFO train precision: 0.849
2018-11-28 19:32:32,915 INFO train recall: 0.179
2018-11-28 19:32:32,915 INFO train F1: 0.295
2018-11-28 19:32:32,915 INFO train AUC: 0.552
2018-11-28 19:32:32,916 INFO Evaluating...
2018-11-28 19:32:33,154 INFO valid time: 0.238
2018-11-28 19:32:33,155 INFO valid loss: 0.348
2018-11-28 19:32:33,155 INFO valid accuracy: 0.827
2018-11-28 19:32:33,155 INFO valid precision: 0.820
2018-11-28 19:32:33,156 INFO valid recall: 1.000
2018-11-28 19:32:33,156 INFO valid F1: 0.901
2018-11-28 19:32:33,156 INFO valid AUC: 0.591
2018-11-28 19:32:33,272 INFO Epoch 4:
2018-11-28 19:32:33,273 INFO Training...
2018-11-28 19:32:33,775 INFO train time: 0.502
2018-11-28 19:32:33,776 INFO train loss: 0.436
2018-11-28 19:32:33,776 INFO train accuracy: 0.755
2018-11-28 19:32:33,776 INFO train precision: 0.741
2018-11-28 19:32:33,777 INFO train recall: 1.000
2018-11-28 19:32:33,777 INFO train F1: 0.851
2018-11-28 19:32:33,777 INFO train AUC: 0.589
2018-11-28 19:32:33,778 INFO Evaluating...
2018-11-28 19:32:34,031 INFO valid time: 0.253
2018-11-28 19:32:34,031 INFO valid loss: 0.346
2018-11-28 19:32:34,032 INFO valid accuracy: 0.615
2018-11-28 19:32:34,032 INFO valid precision: 0.839
2018-11-28 19:32:34,032 INFO valid recall: 0.634
2018-11-28 19:32:34,032 INFO valid F1: 0.722
2018-11-28 19:32:34,032 INFO valid AUC: 0.590
2018-11-28 19:32:34,152 INFO Epoch 5:
2018-11-28 19:32:34,153 INFO Training...
2018-11-28 19:32:34,704 INFO train time: 0.551
2018-11-28 19:32:34,704 INFO train loss: 0.161
2018-11-28 19:32:34,704 INFO train accuracy: 0.702
2018-11-28 19:32:34,704 INFO train precision: 0.924
2018-11-28 19:32:34,705 INFO train recall: 0.627
2018-11-28 19:32:34,705 INFO train F1: 0.747
2018-11-28 19:32:34,705 INFO train AUC: 0.753
2018-11-28 19:32:34,705 INFO Evaluating...
2018-11-28 19:32:34,984 INFO valid time: 0.278
2018-11-28 19:32:34,984 INFO valid loss: 0.894
2018-11-28 19:32:34,984 INFO valid accuracy: 0.404
2018-11-28 19:32:34,984 INFO valid precision: 1.000
2018-11-28 19:32:34,985 INFO valid recall: 0.244
2018-11-28 19:32:34,985 INFO valid F1: 0.392
2018-11-28 19:32:34,985 INFO valid AUC: 0.622
2018-11-28 19:32:35,091 INFO Epoch 6:
2018-11-28 19:32:35,093 INFO Training...
2018-11-28 19:32:35,582 INFO train time: 0.489
2018-11-28 19:32:35,582 INFO train loss: 0.327
2018-11-28 19:32:35,582 INFO train accuracy: 0.393
2018-11-28 19:32:35,582 INFO train precision: 0.925
2018-11-28 19:32:35,583 INFO train recall: 0.147
2018-11-28 19:32:35,583 INFO train F1: 0.253
2018-11-28 19:32:35,583 INFO train AUC: 0.559
2018-11-28 19:32:35,584 INFO Evaluating...
2018-11-28 19:32:35,834 INFO valid time: 0.250
2018-11-28 19:32:35,835 INFO valid loss: 0.240
2018-11-28 19:32:35,835 INFO valid accuracy: 0.750
2018-11-28 19:32:35,835 INFO valid precision: 0.868
2018-11-28 19:32:35,835 INFO valid recall: 0.805
2018-11-28 19:32:35,835 INFO valid F1: 0.835
2018-11-28 19:32:35,835 INFO valid AUC: 0.675
2018-11-28 19:32:35,944 INFO Epoch 7:
2018-11-28 19:32:35,945 INFO Training...
2018-11-28 19:32:36,421 INFO train time: 0.476
2018-11-28 19:32:36,422 INFO train loss: 0.143
2018-11-28 19:32:36,422 INFO train accuracy: 0.827
2018-11-28 19:32:36,422 INFO train precision: 0.893
2018-11-28 19:32:36,422 INFO train recall: 0.857
2018-11-28 19:32:36,422 INFO train F1: 0.874
2018-11-28 19:32:36,422 INFO train AUC: 0.807
2018-11-28 19:32:36,423 INFO Evaluating...
2018-11-28 19:32:36,664 INFO valid time: 0.241
2018-11-28 19:32:36,665 INFO valid loss: 0.163
2018-11-28 19:32:36,665 INFO valid accuracy: 0.827
2018-11-28 19:32:36,665 INFO valid precision: 0.833
2018-11-28 19:32:36,666 INFO valid recall: 0.976
2018-11-28 19:32:36,666 INFO valid F1: 0.899
2018-11-28 19:32:36,667 INFO valid AUC: 0.624
2018-11-28 19:32:36,767 INFO Epoch 8:
2018-11-28 19:32:36,768 INFO Training...
2018-11-28 19:32:37,260 INFO train time: 0.492
2018-11-28 19:32:37,261 INFO train loss: 0.138
2018-11-28 19:32:37,261 INFO train accuracy: 0.827
2018-11-28 19:32:37,261 INFO train precision: 0.817
2018-11-28 19:32:37,261 INFO train recall: 0.972
2018-11-28 19:32:37,262 INFO train F1: 0.888
2018-11-28 19:32:37,262 INFO train AUC: 0.729
2018-11-28 19:32:37,263 INFO Evaluating...
2018-11-28 19:32:37,505 INFO valid time: 0.242
2018-11-28 19:32:37,505 INFO valid loss: 0.151
2018-11-28 19:32:37,505 INFO valid accuracy: 0.827
2018-11-28 19:32:37,505 INFO valid precision: 0.833
2018-11-28 19:32:37,506 INFO valid recall: 0.976
2018-11-28 19:32:37,506 INFO valid F1: 0.899
2018-11-28 19:32:37,506 INFO valid AUC: 0.624
2018-11-28 19:32:37,607 INFO Epoch 9:
2018-11-28 19:32:37,608 INFO Training...
2018-11-28 19:32:38,064 INFO train time: 0.455
2018-11-28 19:32:38,064 INFO train loss: 0.105
2018-11-28 19:32:38,065 INFO train accuracy: 0.836
2018-11-28 19:32:38,065 INFO train precision: 0.829
2018-11-28 19:32:38,065 INFO train recall: 0.964
2018-11-28 19:32:38,065 INFO train F1: 0.892
2018-11-28 19:32:38,066 INFO train AUC: 0.748
2018-11-28 19:32:38,067 INFO Evaluating...
2018-11-28 19:32:38,343 INFO valid time: 0.276
2018-11-28 19:32:38,344 INFO valid loss: 0.186
2018-11-28 19:32:38,344 INFO valid accuracy: 0.846
2018-11-28 19:32:38,344 INFO valid precision: 0.884
2018-11-28 19:32:38,345 INFO valid recall: 0.927
2018-11-28 19:32:38,345 INFO valid F1: 0.905
2018-11-28 19:32:38,345 INFO valid AUC: 0.736
2018-11-28 19:32:38,472 INFO Epoch 10:
2018-11-28 19:32:38,473 INFO Training...
2018-11-28 19:32:38,968 INFO train time: 0.495
2018-11-28 19:32:38,968 INFO train loss: 0.094
2018-11-28 19:32:38,968 INFO train accuracy: 0.869
2018-11-28 19:32:38,968 INFO train precision: 0.887
2018-11-28 19:32:38,969 INFO train recall: 0.933
2018-11-28 19:32:38,969 INFO train F1: 0.909
2018-11-28 19:32:38,969 INFO train AUC: 0.826
2018-11-28 19:32:38,969 INFO Evaluating...
2018-11-28 19:32:39,219 INFO valid time: 0.249
2018-11-28 19:32:39,219 INFO valid loss: 0.219
2018-11-28 19:32:39,220 INFO valid accuracy: 0.808
2018-11-28 19:32:39,220 INFO valid precision: 0.897
2018-11-28 19:32:39,220 INFO valid recall: 0.854
2018-11-28 19:32:39,220 INFO valid F1: 0.875
2018-11-28 19:32:39,220 INFO valid AUC: 0.745
2018-11-28 19:32:39,346 INFO Epoch 11:
2018-11-28 19:32:39,347 INFO Training...
2018-11-28 19:32:39,892 INFO train time: 0.544
2018-11-28 19:32:39,892 INFO train loss: 0.097
2018-11-28 19:32:39,892 INFO train accuracy: 0.872
2018-11-28 19:32:39,892 INFO train precision: 0.919
2018-11-28 19:32:39,892 INFO train recall: 0.897
2018-11-28 19:32:39,892 INFO train F1: 0.908
2018-11-28 19:32:39,892 INFO train AUC: 0.855
2018-11-28 19:32:39,893 INFO Evaluating...
2018-11-28 19:32:40,135 INFO valid time: 0.242
2018-11-28 19:32:40,136 INFO valid loss: 0.161
2018-11-28 19:32:40,136 INFO valid accuracy: 0.885
2018-11-28 19:32:40,136 INFO valid precision: 0.889
2018-11-28 19:32:40,136 INFO valid recall: 0.976
2018-11-28 19:32:40,136 INFO valid F1: 0.930
2018-11-28 19:32:40,136 INFO valid AUC: 0.761
2018-11-28 19:32:40,253 INFO Epoch 12:
2018-11-28 19:32:40,254 INFO Training...
2018-11-28 19:32:40,776 INFO train time: 0.521
2018-11-28 19:32:40,777 INFO train loss: 0.084
2018-11-28 19:32:40,777 INFO train accuracy: 0.880
2018-11-28 19:32:40,777 INFO train precision: 0.886
2018-11-28 19:32:40,777 INFO train recall: 0.952
2018-11-28 19:32:40,777 INFO train F1: 0.918
2018-11-28 19:32:40,778 INFO train AUC: 0.831
2018-11-28 19:32:40,778 INFO Evaluating...
2018-11-28 19:32:41,021 INFO valid time: 0.242
2018-11-28 19:32:41,021 INFO valid loss: 0.140
2018-11-28 19:32:41,021 INFO valid accuracy: 0.865
2018-11-28 19:32:41,021 INFO valid precision: 0.870
2018-11-28 19:32:41,021 INFO valid recall: 0.976
2018-11-28 19:32:41,022 INFO valid F1: 0.920
2018-11-28 19:32:41,022 INFO valid AUC: 0.715
2018-11-28 19:32:41,154 INFO Epoch 13:
2018-11-28 19:32:41,155 INFO Training...
2018-11-28 19:32:41,669 INFO train time: 0.514
2018-11-28 19:32:41,669 INFO train loss: 0.081
2018-11-28 19:32:41,669 INFO train accuracy: 0.852
2018-11-28 19:32:41,670 INFO train precision: 0.849
2018-11-28 19:32:41,670 INFO train recall: 0.960
2018-11-28 19:32:41,670 INFO train F1: 0.901
2018-11-28 19:32:41,670 INFO train AUC: 0.779
2018-11-28 19:32:41,671 INFO Evaluating...
2018-11-28 19:32:41,930 INFO valid time: 0.258
2018-11-28 19:32:41,930 INFO valid loss: 0.167
2018-11-28 19:32:41,930 INFO valid accuracy: 0.904
2018-11-28 19:32:41,930 INFO valid precision: 0.909
2018-11-28 19:32:41,930 INFO valid recall: 0.976
2018-11-28 19:32:41,931 INFO valid F1: 0.941
2018-11-28 19:32:41,931 INFO valid AUC: 0.806
2018-11-28 19:32:42,034 INFO Epoch 14:
2018-11-28 19:32:42,035 INFO Training...
2018-11-28 19:32:42,566 INFO train time: 0.531
2018-11-28 19:32:42,567 INFO train loss: 0.076
2018-11-28 19:32:42,567 INFO train accuracy: 0.886
2018-11-28 19:32:42,567 INFO train precision: 0.895
2018-11-28 19:32:42,567 INFO train recall: 0.948
2018-11-28 19:32:42,567 INFO train F1: 0.921
2018-11-28 19:32:42,567 INFO train AUC: 0.843
2018-11-28 19:32:42,568 INFO Evaluating...
2018-11-28 19:32:42,826 INFO valid time: 0.258
2018-11-28 19:32:42,826 INFO valid loss: 0.163
2018-11-28 19:32:42,826 INFO valid accuracy: 0.904
2018-11-28 19:32:42,826 INFO valid precision: 0.909
2018-11-28 19:32:42,826 INFO valid recall: 0.976
2018-11-28 19:32:42,826 INFO valid F1: 0.941
2018-11-28 19:32:42,827 INFO valid AUC: 0.806
2018-11-28 19:32:42,935 INFO Epoch 15:
2018-11-28 19:32:42,937 INFO Training...
2018-11-28 19:32:43,434 INFO train time: 0.497
2018-11-28 19:32:43,435 INFO train loss: 0.073
2018-11-28 19:32:43,435 INFO train accuracy: 0.891
2018-11-28 19:32:43,435 INFO train precision: 0.899
2018-11-28 19:32:43,435 INFO train recall: 0.952
2018-11-28 19:32:43,435 INFO train F1: 0.925
2018-11-28 19:32:43,435 INFO train AUC: 0.850
2018-11-28 19:32:43,436 INFO Evaluating...
2018-11-28 19:32:43,683 INFO valid time: 0.247
2018-11-28 19:32:43,683 INFO valid loss: 0.141
2018-11-28 19:32:43,683 INFO valid accuracy: 0.904
2018-11-28 19:32:43,683 INFO valid precision: 0.909
2018-11-28 19:32:43,683 INFO valid recall: 0.976
2018-11-28 19:32:43,684 INFO valid F1: 0.941
2018-11-28 19:32:43,684 INFO valid AUC: 0.806
2018-11-28 19:32:43,801 INFO Epoch 16:
2018-11-28 19:32:43,802 INFO Training...
2018-11-28 19:32:44,308 INFO train time: 0.505
2018-11-28 19:32:44,308 INFO train loss: 0.069
2018-11-28 19:32:44,308 INFO train accuracy: 0.889
2018-11-28 19:32:44,309 INFO train precision: 0.893
2018-11-28 19:32:44,309 INFO train recall: 0.956
2018-11-28 19:32:44,309 INFO train F1: 0.923
2018-11-28 19:32:44,309 INFO train AUC: 0.843
2018-11-28 19:32:44,310 INFO Evaluating...
2018-11-28 19:32:44,616 INFO valid time: 0.305
2018-11-28 19:32:44,617 INFO valid loss: 0.137
2018-11-28 19:32:44,617 INFO valid accuracy: 0.904
2018-11-28 19:32:44,617 INFO valid precision: 0.909
2018-11-28 19:32:44,617 INFO valid recall: 0.976
2018-11-28 19:32:44,618 INFO valid F1: 0.941
2018-11-28 19:32:44,618 INFO valid AUC: 0.806
2018-11-28 19:32:44,731 INFO Epoch 17:
2018-11-28 19:32:44,733 INFO Training...
2018-11-28 19:32:45,214 INFO train time: 0.481
2018-11-28 19:32:45,215 INFO train loss: 0.066
2018-11-28 19:32:45,215 INFO train accuracy: 0.889
2018-11-28 19:32:45,215 INFO train precision: 0.893
2018-11-28 19:32:45,215 INFO train recall: 0.956
2018-11-28 19:32:45,215 INFO train F1: 0.923
2018-11-28 19:32:45,215 INFO train AUC: 0.843
2018-11-28 19:32:45,216 INFO Evaluating...
2018-11-28 19:32:45,509 INFO valid time: 0.293
2018-11-28 19:32:45,510 INFO valid loss: 0.144
2018-11-28 19:32:45,510 INFO valid accuracy: 0.904
2018-11-28 19:32:45,510 INFO valid precision: 0.909
2018-11-28 19:32:45,510 INFO valid recall: 0.976
2018-11-28 19:32:45,510 INFO valid F1: 0.941
2018-11-28 19:32:45,510 INFO valid AUC: 0.806
2018-11-28 19:32:45,621 INFO Epoch 18:
2018-11-28 19:32:45,622 INFO Training...
2018-11-28 19:32:46,129 INFO train time: 0.506
2018-11-28 19:32:46,129 INFO train loss: 0.063
2018-11-28 19:32:46,129 INFO train accuracy: 0.897
2018-11-28 19:32:46,129 INFO train precision: 0.903
2018-11-28 19:32:46,130 INFO train recall: 0.956
2018-11-28 19:32:46,130 INFO train F1: 0.929
2018-11-28 19:32:46,130 INFO train AUC: 0.857
2018-11-28 19:32:46,131 INFO Evaluating...
2018-11-28 19:32:46,409 INFO valid time: 0.278
2018-11-28 19:32:46,409 INFO valid loss: 0.138
2018-11-28 19:32:46,410 INFO valid accuracy: 0.904
2018-11-28 19:32:46,410 INFO valid precision: 0.909
2018-11-28 19:32:46,410 INFO valid recall: 0.976
2018-11-28 19:32:46,410 INFO valid F1: 0.941
2018-11-28 19:32:46,410 INFO valid AUC: 0.806
2018-11-28 19:32:46,504 INFO Epoch 19:
2018-11-28 19:32:46,505 INFO Training...
2018-11-28 19:32:47,082 INFO train time: 0.577
2018-11-28 19:32:47,082 INFO train loss: 0.059
2018-11-28 19:32:47,082 INFO train accuracy: 0.897
2018-11-28 19:32:47,082 INFO train precision: 0.903
2018-11-28 19:32:47,083 INFO train recall: 0.956
2018-11-28 19:32:47,083 INFO train F1: 0.929
2018-11-28 19:32:47,083 INFO train AUC: 0.857
2018-11-28 19:32:47,083 INFO Evaluating...
2018-11-28 19:32:47,347 INFO valid time: 0.263
2018-11-28 19:32:47,347 INFO valid loss: 0.118
2018-11-28 19:32:47,348 INFO valid accuracy: 0.904
2018-11-28 19:32:47,348 INFO valid precision: 0.909
2018-11-28 19:32:47,348 INFO valid recall: 0.976
2018-11-28 19:32:47,348 INFO valid F1: 0.941
2018-11-28 19:32:47,349 INFO valid AUC: 0.806
2018-11-28 19:32:47,469 INFO Epoch 20:
2018-11-28 19:32:47,470 INFO Training...
2018-11-28 19:32:48,064 INFO train time: 0.593
2018-11-28 19:32:48,064 INFO train loss: 0.053
2018-11-28 19:32:48,064 INFO train accuracy: 0.900
2018-11-28 19:32:48,064 INFO train precision: 0.894
2018-11-28 19:32:48,064 INFO train recall: 0.972
2018-11-28 19:32:48,065 INFO train F1: 0.932
2018-11-28 19:32:48,065 INFO train AUC: 0.851
2018-11-28 19:32:48,065 INFO Evaluating...
2018-11-28 19:32:48,318 INFO valid time: 0.252
2018-11-28 19:32:48,318 INFO valid loss: 0.184
2018-11-28 19:32:48,318 INFO valid accuracy: 0.865
2018-11-28 19:32:48,318 INFO valid precision: 0.925
2018-11-28 19:32:48,319 INFO valid recall: 0.902
2018-11-28 19:32:48,319 INFO valid F1: 0.914
2018-11-28 19:32:48,319 INFO valid AUC: 0.815
2018-11-28 19:32:48,452 INFO Epoch 21:
2018-11-28 19:32:48,454 INFO Training...
2018-11-28 19:32:49,020 INFO train time: 0.566
2018-11-28 19:32:49,020 INFO train loss: 0.057
2018-11-28 19:32:49,020 INFO train accuracy: 0.916
2018-11-28 19:32:49,020 INFO train precision: 0.944
2018-11-28 19:32:49,021 INFO train recall: 0.937
2018-11-28 19:32:49,021 INFO train F1: 0.940
2018-11-28 19:32:49,021 INFO train AUC: 0.903
2018-11-28 19:32:49,021 INFO Evaluating...
2018-11-28 19:32:49,304 INFO valid time: 0.282
2018-11-28 19:32:49,304 INFO valid loss: 0.115
2018-11-28 19:32:49,304 INFO valid accuracy: 0.904
2018-11-28 19:32:49,305 INFO valid precision: 0.909
2018-11-28 19:32:49,305 INFO valid recall: 0.976
2018-11-28 19:32:49,305 INFO valid F1: 0.941
2018-11-28 19:32:49,305 INFO valid AUC: 0.806
2018-11-28 19:32:49,414 INFO Epoch 22:
2018-11-28 19:32:49,415 INFO Training...
2018-11-28 19:32:49,998 INFO train time: 0.582
2018-11-28 19:32:49,998 INFO train loss: 0.059
2018-11-28 19:32:49,998 INFO train accuracy: 0.891
2018-11-28 19:32:49,998 INFO train precision: 0.882
2018-11-28 19:32:49,998 INFO train recall: 0.976
2018-11-28 19:32:49,999 INFO train F1: 0.927
2018-11-28 19:32:49,999 INFO train AUC: 0.834
2018-11-28 19:32:49,999 INFO Evaluating...
2018-11-28 19:32:50,264 INFO valid time: 0.264
2018-11-28 19:32:50,264 INFO valid loss: 0.188
2018-11-28 19:32:50,264 INFO valid accuracy: 0.865
2018-11-28 19:32:50,264 INFO valid precision: 0.947
2018-11-28 19:32:50,265 INFO valid recall: 0.878
2018-11-28 19:32:50,265 INFO valid F1: 0.911
2018-11-28 19:32:50,265 INFO valid AUC: 0.848
2018-11-28 19:32:50,358 INFO Epoch 23:
2018-11-28 19:32:50,359 INFO Training...
2018-11-28 19:32:50,888 INFO train time: 0.529
2018-11-28 19:32:50,889 INFO train loss: 0.059
2018-11-28 19:32:50,889 INFO train accuracy: 0.916
2018-11-28 19:32:50,889 INFO train precision: 0.948
2018-11-28 19:32:50,890 INFO train recall: 0.933
2018-11-28 19:32:50,890 INFO train F1: 0.940
2018-11-28 19:32:50,890 INFO train AUC: 0.906
2018-11-28 19:32:50,891 INFO Evaluating...
2018-11-28 19:32:51,170 INFO valid time: 0.279
2018-11-28 19:32:51,170 INFO valid loss: 0.135
2018-11-28 19:32:51,170 INFO valid accuracy: 0.923
2018-11-28 19:32:51,170 INFO valid precision: 0.930
2018-11-28 19:32:51,170 INFO valid recall: 0.976
2018-11-28 19:32:51,170 INFO valid F1: 0.952
2018-11-28 19:32:51,171 INFO valid AUC: 0.851
2018-11-28 19:32:51,273 INFO Epoch 24:
2018-11-28 19:32:51,274 INFO Training...
2018-11-28 19:32:51,772 INFO train time: 0.497
2018-11-28 19:32:51,772 INFO train loss: 0.051
2018-11-28 19:32:51,772 INFO train accuracy: 0.922
2018-11-28 19:32:51,772 INFO train precision: 0.934
2018-11-28 19:32:51,772 INFO train recall: 0.956
2018-11-28 19:32:51,773 INFO train F1: 0.945
2018-11-28 19:32:51,773 INFO train AUC: 0.899
2018-11-28 19:32:51,773 INFO Evaluating...
2018-11-28 19:32:52,073 INFO valid time: 0.300
2018-11-28 19:32:52,074 INFO valid loss: 0.101
2018-11-28 19:32:52,074 INFO valid accuracy: 0.904
2018-11-28 19:32:52,074 INFO valid precision: 0.909
2018-11-28 19:32:52,074 INFO valid recall: 0.976
2018-11-28 19:32:52,075 INFO valid F1: 0.941
2018-11-28 19:32:52,075 INFO valid AUC: 0.806
2018-11-28 19:32:52,193 INFO Epoch 25:
2018-11-28 19:32:52,194 INFO Training...
2018-11-28 19:32:52,749 INFO train time: 0.555
2018-11-28 19:32:52,749 INFO train loss: 0.049
2018-11-28 19:32:52,749 INFO train accuracy: 0.905
2018-11-28 19:32:52,749 INFO train precision: 0.904
2018-11-28 19:32:52,749 INFO train recall: 0.968
2018-11-28 19:32:52,749 INFO train F1: 0.935
2018-11-28 19:32:52,750 INFO train AUC: 0.863
2018-11-28 19:32:52,750 INFO Evaluating...
2018-11-28 19:32:53,016 INFO valid time: 0.265
2018-11-28 19:32:53,016 INFO valid loss: 0.102
2018-11-28 19:32:53,016 INFO valid accuracy: 0.904
2018-11-28 19:32:53,016 INFO valid precision: 0.909
2018-11-28 19:32:53,016 INFO valid recall: 0.976
2018-11-28 19:32:53,017 INFO valid F1: 0.941
2018-11-28 19:32:53,017 INFO valid AUC: 0.806
2018-11-28 19:32:53,132 INFO Epoch 26:
2018-11-28 19:32:53,136 INFO Training...
2018-11-28 19:32:53,666 INFO train time: 0.530
2018-11-28 19:32:53,667 INFO train loss: 0.045
2018-11-28 19:32:53,667 INFO train accuracy: 0.916
2018-11-28 19:32:53,667 INFO train precision: 0.914
2018-11-28 19:32:53,667 INFO train recall: 0.972
2018-11-28 19:32:53,667 INFO train F1: 0.942
2018-11-28 19:32:53,667 INFO train AUC: 0.879
2018-11-28 19:32:53,668 INFO Evaluating...
2018-11-28 19:32:53,950 INFO valid time: 0.281
2018-11-28 19:32:53,950 INFO valid loss: 0.127
2018-11-28 19:32:53,950 INFO valid accuracy: 0.923
2018-11-28 19:32:53,950 INFO valid precision: 0.930
2018-11-28 19:32:53,950 INFO valid recall: 0.976
2018-11-28 19:32:53,951 INFO valid F1: 0.952
2018-11-28 19:32:53,951 INFO valid AUC: 0.851
2018-11-28 19:32:54,057 INFO Epoch 27:
2018-11-28 19:32:54,058 INFO Training...
2018-11-28 19:32:54,590 INFO train time: 0.531
2018-11-28 19:32:54,590 INFO train loss: 0.043
2018-11-28 19:32:54,590 INFO train accuracy: 0.928
2018-11-28 19:32:54,590 INFO train precision: 0.935
2018-11-28 19:32:54,590 INFO train recall: 0.964
2018-11-28 19:32:54,590 INFO train F1: 0.949
2018-11-28 19:32:54,590 INFO train AUC: 0.903
2018-11-28 19:32:54,591 INFO Evaluating...
2018-11-28 19:32:54,851 INFO valid time: 0.260
2018-11-28 19:32:54,852 INFO valid loss: 0.131
2018-11-28 19:32:54,852 INFO valid accuracy: 0.923
2018-11-28 19:32:54,852 INFO valid precision: 0.930
2018-11-28 19:32:54,852 INFO valid recall: 0.976
2018-11-28 19:32:54,852 INFO valid F1: 0.952
2018-11-28 19:32:54,852 INFO valid AUC: 0.851
2018-11-28 19:32:54,962 INFO Epoch 28:
2018-11-28 19:32:54,963 INFO Training...
2018-11-28 19:32:55,472 INFO train time: 0.509
2018-11-28 19:32:55,472 INFO train loss: 0.041
2018-11-28 19:32:55,473 INFO train accuracy: 0.930
2018-11-28 19:32:55,473 INFO train precision: 0.935
2018-11-28 19:32:55,473 INFO train recall: 0.968
2018-11-28 19:32:55,473 INFO train F1: 0.951
2018-11-28 19:32:55,473 INFO train AUC: 0.905
2018-11-28 19:32:55,474 INFO Evaluating...
2018-11-28 19:32:55,758 INFO valid time: 0.284
2018-11-28 19:32:55,758 INFO valid loss: 0.109
2018-11-28 19:32:55,759 INFO valid accuracy: 0.923
2018-11-28 19:32:55,759 INFO valid precision: 0.930
2018-11-28 19:32:55,759 INFO valid recall: 0.976
2018-11-28 19:32:55,759 INFO valid F1: 0.952
2018-11-28 19:32:55,759 INFO valid AUC: 0.851
2018-11-28 19:32:55,887 INFO Epoch 29:
2018-11-28 19:32:55,888 INFO Training...
2018-11-28 19:32:56,437 INFO train time: 0.548
2018-11-28 19:32:56,437 INFO train loss: 0.038
2018-11-28 19:32:56,437 INFO train accuracy: 0.933
2018-11-28 19:32:56,437 INFO train precision: 0.932
2018-11-28 19:32:56,438 INFO train recall: 0.976
2018-11-28 19:32:56,438 INFO train F1: 0.953
2018-11-28 19:32:56,438 INFO train AUC: 0.904
2018-11-28 19:32:56,439 INFO Evaluating...
2018-11-28 19:32:56,716 INFO valid time: 0.277
2018-11-28 19:32:56,716 INFO valid loss: 0.114
2018-11-28 19:32:56,716 INFO valid accuracy: 0.923
2018-11-28 19:32:56,716 INFO valid precision: 0.930
2018-11-28 19:32:56,716 INFO valid recall: 0.976
2018-11-28 19:32:56,717 INFO valid F1: 0.952
2018-11-28 19:32:56,717 INFO valid AUC: 0.851
2018-11-28 19:32:56,818 INFO Epoch 30:
2018-11-28 19:32:56,819 INFO Training...
2018-11-28 19:32:57,318 INFO train time: 0.498
2018-11-28 19:32:57,318 INFO train loss: 0.037
2018-11-28 19:32:57,318 INFO train accuracy: 0.936
2018-11-28 19:32:57,318 INFO train precision: 0.935
2018-11-28 19:32:57,319 INFO train recall: 0.976
2018-11-28 19:32:57,319 INFO train F1: 0.955
2018-11-28 19:32:57,319 INFO train AUC: 0.909
2018-11-28 19:32:57,319 INFO Evaluating...
2018-11-28 19:32:57,570 INFO valid time: 0.251
2018-11-28 19:32:57,571 INFO valid loss: 0.131
2018-11-28 19:32:57,571 INFO valid accuracy: 0.942
2018-11-28 19:32:57,571 INFO valid precision: 0.952
2018-11-28 19:32:57,572 INFO valid recall: 0.976
2018-11-28 19:32:57,572 INFO valid F1: 0.964
2018-11-28 19:32:57,572 INFO valid AUC: 0.897
2018-11-28 19:32:57,675 INFO Epoch 31:
2018-11-28 19:32:57,678 INFO Training...
2018-11-28 19:32:58,239 INFO train time: 0.561
2018-11-28 19:32:58,239 INFO train loss: 0.036
2018-11-28 19:32:58,239 INFO train accuracy: 0.944
2018-11-28 19:32:58,239 INFO train precision: 0.946
2018-11-28 19:32:58,240 INFO train recall: 0.976
2018-11-28 19:32:58,240 INFO train F1: 0.961
2018-11-28 19:32:58,240 INFO train AUC: 0.923
2018-11-28 19:32:58,241 INFO Evaluating...
2018-11-28 19:32:58,529 INFO valid time: 0.288
2018-11-28 19:32:58,529 INFO valid loss: 0.122
2018-11-28 19:32:58,530 INFO valid accuracy: 0.923
2018-11-28 19:32:58,530 INFO valid precision: 0.930
2018-11-28 19:32:58,530 INFO valid recall: 0.976
2018-11-28 19:32:58,530 INFO valid F1: 0.952
2018-11-28 19:32:58,530 INFO valid AUC: 0.851
2018-11-28 19:32:58,626 INFO Epoch 32:
2018-11-28 19:32:58,628 INFO Training...
2018-11-28 19:32:59,101 INFO train time: 0.473
2018-11-28 19:32:59,102 INFO train loss: 0.035
2018-11-28 19:32:59,102 INFO train accuracy: 0.942
2018-11-28 19:32:59,102 INFO train precision: 0.943
2018-11-28 19:32:59,102 INFO train recall: 0.976
2018-11-28 19:32:59,102 INFO train F1: 0.959
2018-11-28 19:32:59,102 INFO train AUC: 0.918
2018-11-28 19:32:59,103 INFO Evaluating...
2018-11-28 19:32:59,371 INFO valid time: 0.268
2018-11-28 19:32:59,371 INFO valid loss: 0.118
2018-11-28 19:32:59,372 INFO valid accuracy: 0.923
2018-11-28 19:32:59,372 INFO valid precision: 0.930
2018-11-28 19:32:59,372 INFO valid recall: 0.976
2018-11-28 19:32:59,372 INFO valid F1: 0.952
2018-11-28 19:32:59,372 INFO valid AUC: 0.851
2018-11-28 19:32:59,468 INFO Epoch 33:
2018-11-28 19:32:59,469 INFO Training...
2018-11-28 19:32:59,980 INFO train time: 0.511
2018-11-28 19:32:59,980 INFO train loss: 0.034
2018-11-28 19:32:59,980 INFO train accuracy: 0.944
2018-11-28 19:32:59,980 INFO train precision: 0.943
2018-11-28 19:32:59,980 INFO train recall: 0.980
2018-11-28 19:32:59,981 INFO train F1: 0.961
2018-11-28 19:32:59,981 INFO train AUC: 0.920
2018-11-28 19:32:59,981 INFO Evaluating...
2018-11-28 19:33:00,242 INFO valid time: 0.261
2018-11-28 19:33:00,243 INFO valid loss: 0.127
2018-11-28 19:33:00,243 INFO valid accuracy: 0.942
2018-11-28 19:33:00,243 INFO valid precision: 0.952
2018-11-28 19:33:00,243 INFO valid recall: 0.976
2018-11-28 19:33:00,243 INFO valid F1: 0.964
2018-11-28 19:33:00,244 INFO valid AUC: 0.897
2018-11-28 19:33:00,351 INFO Epoch 34:
2018-11-28 19:33:00,352 INFO Training...
2018-11-28 19:33:00,899 INFO train time: 0.546
2018-11-28 19:33:00,899 INFO train loss: 0.033
2018-11-28 19:33:00,899 INFO train accuracy: 0.947
2018-11-28 19:33:00,899 INFO train precision: 0.946
2018-11-28 19:33:00,900 INFO train recall: 0.980
2018-11-28 19:33:00,900 INFO train F1: 0.963
2018-11-28 19:33:00,900 INFO train AUC: 0.925
2018-11-28 19:33:00,901 INFO Evaluating...
2018-11-28 19:33:01,188 INFO valid time: 0.287
2018-11-28 19:33:01,188 INFO valid loss: 0.127
2018-11-28 19:33:01,189 INFO valid accuracy: 0.942
2018-11-28 19:33:01,189 INFO valid precision: 0.952
2018-11-28 19:33:01,189 INFO valid recall: 0.976
2018-11-28 19:33:01,189 INFO valid F1: 0.964
2018-11-28 19:33:01,189 INFO valid AUC: 0.897
2018-11-28 19:33:01,284 INFO Epoch 35:
2018-11-28 19:33:01,285 INFO Training...
2018-11-28 19:33:01,793 INFO train time: 0.508
2018-11-28 19:33:01,794 INFO train loss: 0.032
2018-11-28 19:33:01,794 INFO train accuracy: 0.947
2018-11-28 19:33:01,794 INFO train precision: 0.946
2018-11-28 19:33:01,794 INFO train recall: 0.980
2018-11-28 19:33:01,794 INFO train F1: 0.963
2018-11-28 19:33:01,794 INFO train AUC: 0.925
2018-11-28 19:33:01,795 INFO Evaluating...
2018-11-28 19:33:02,076 INFO valid time: 0.281
2018-11-28 19:33:02,076 INFO valid loss: 0.124
2018-11-28 19:33:02,077 INFO valid accuracy: 0.962
2018-11-28 19:33:02,077 INFO valid precision: 0.953
2018-11-28 19:33:02,077 INFO valid recall: 1.000
2018-11-28 19:33:02,077 INFO valid F1: 0.976
2018-11-28 19:33:02,077 INFO valid AUC: 0.909
2018-11-28 19:33:02,171 INFO Epoch 36:
2018-11-28 19:33:02,172 INFO Training...
2018-11-28 19:33:02,751 INFO train time: 0.579
2018-11-28 19:33:02,752 INFO train loss: 0.031
2018-11-28 19:33:02,752 INFO train accuracy: 0.947
2018-11-28 19:33:02,753 INFO train precision: 0.946
2018-11-28 19:33:02,753 INFO train recall: 0.980
2018-11-28 19:33:02,753 INFO train F1: 0.963
2018-11-28 19:33:02,753 INFO train AUC: 0.925
2018-11-28 19:33:02,754 INFO Evaluating...
2018-11-28 19:33:03,035 INFO valid time: 0.280
2018-11-28 19:33:03,035 INFO valid loss: 0.131
2018-11-28 19:33:03,035 INFO valid accuracy: 0.962
2018-11-28 19:33:03,035 INFO valid precision: 0.953
2018-11-28 19:33:03,036 INFO valid recall: 1.000
2018-11-28 19:33:03,036 INFO valid F1: 0.976
2018-11-28 19:33:03,036 INFO valid AUC: 0.909
2018-11-28 19:33:03,142 INFO Epoch 37:
2018-11-28 19:33:03,144 INFO Training...
2018-11-28 19:33:03,726 INFO train time: 0.582
2018-11-28 19:33:03,727 INFO train loss: 0.030
2018-11-28 19:33:03,727 INFO train accuracy: 0.947
2018-11-28 19:33:03,727 INFO train precision: 0.946
2018-11-28 19:33:03,728 INFO train recall: 0.980
2018-11-28 19:33:03,728 INFO train F1: 0.963
2018-11-28 19:33:03,728 INFO train AUC: 0.925
2018-11-28 19:33:03,729 INFO Evaluating...
2018-11-28 19:33:04,014 INFO valid time: 0.284
2018-11-28 19:33:04,014 INFO valid loss: 0.135
2018-11-28 19:33:04,014 INFO valid accuracy: 0.962
2018-11-28 19:33:04,014 INFO valid precision: 0.953
2018-11-28 19:33:04,015 INFO valid recall: 1.000
2018-11-28 19:33:04,015 INFO valid F1: 0.976
2018-11-28 19:33:04,015 INFO valid AUC: 0.909
2018-11-28 19:33:04,119 INFO Epoch 38:
2018-11-28 19:33:04,122 INFO Training...
2018-11-28 19:33:04,625 INFO train time: 0.503
2018-11-28 19:33:04,626 INFO train loss: 0.029
2018-11-28 19:33:04,626 INFO train accuracy: 0.950
2018-11-28 19:33:04,626 INFO train precision: 0.950
2018-11-28 19:33:04,626 INFO train recall: 0.980
2018-11-28 19:33:04,626 INFO train F1: 0.965
2018-11-28 19:33:04,626 INFO train AUC: 0.929
2018-11-28 19:33:04,627 INFO Evaluating...
2018-11-28 19:33:04,899 INFO valid time: 0.272
2018-11-28 19:33:04,900 INFO valid loss: 0.135
2018-11-28 19:33:04,900 INFO valid accuracy: 0.962
2018-11-28 19:33:04,900 INFO valid precision: 0.953
2018-11-28 19:33:04,900 INFO valid recall: 1.000
2018-11-28 19:33:04,900 INFO valid F1: 0.976
2018-11-28 19:33:04,900 INFO valid AUC: 0.909
2018-11-28 19:33:05,007 INFO Epoch 39:
2018-11-28 19:33:05,008 INFO Training...
2018-11-28 19:33:05,543 INFO train time: 0.534
2018-11-28 19:33:05,543 INFO train loss: 0.029
2018-11-28 19:33:05,543 INFO train accuracy: 0.950
2018-11-28 19:33:05,543 INFO train precision: 0.950
2018-11-28 19:33:05,544 INFO train recall: 0.980
2018-11-28 19:33:05,544 INFO train F1: 0.965
2018-11-28 19:33:05,544 INFO train AUC: 0.929
2018-11-28 19:33:05,545 INFO Evaluating...
2018-11-28 19:33:05,826 INFO valid time: 0.281
2018-11-28 19:33:05,826 INFO valid loss: 0.141
2018-11-28 19:33:05,826 INFO valid accuracy: 0.962
2018-11-28 19:33:05,826 INFO valid precision: 0.953
2018-11-28 19:33:05,826 INFO valid recall: 1.000
2018-11-28 19:33:05,826 INFO valid F1: 0.976
2018-11-28 19:33:05,827 INFO valid AUC: 0.909
2018-11-28 19:33:05,951 INFO Epoch 40:
2018-11-28 19:33:05,952 INFO Training...
2018-11-28 19:33:06,525 INFO train time: 0.573
2018-11-28 19:33:06,526 INFO train loss: 0.028
2018-11-28 19:33:06,526 INFO train accuracy: 0.953
2018-11-28 19:33:06,526 INFO train precision: 0.954
2018-11-28 19:33:06,526 INFO train recall: 0.980
2018-11-28 19:33:06,526 INFO train F1: 0.967
2018-11-28 19:33:06,526 INFO train AUC: 0.934
2018-11-28 19:33:06,527 INFO Evaluating...
2018-11-28 19:33:06,797 INFO valid time: 0.270
2018-11-28 19:33:06,798 INFO valid loss: 0.143
2018-11-28 19:33:06,798 INFO valid accuracy: 0.962
2018-11-28 19:33:06,798 INFO valid precision: 0.953
2018-11-28 19:33:06,798 INFO valid recall: 1.000
2018-11-28 19:33:06,799 INFO valid F1: 0.976
2018-11-28 19:33:06,799 INFO valid AUC: 0.909
2018-11-28 19:33:06,906 INFO Epoch 41:
2018-11-28 19:33:06,907 INFO Training...
2018-11-28 19:33:07,515 INFO train time: 0.608
2018-11-28 19:33:07,516 INFO train loss: 0.027
2018-11-28 19:33:07,516 INFO train accuracy: 0.953
2018-11-28 19:33:07,516 INFO train precision: 0.954
2018-11-28 19:33:07,516 INFO train recall: 0.980
2018-11-28 19:33:07,516 INFO train F1: 0.967
2018-11-28 19:33:07,517 INFO train AUC: 0.934
2018-11-28 19:33:07,517 INFO Evaluating...
2018-11-28 19:33:07,793 INFO valid time: 0.275
2018-11-28 19:33:07,793 INFO valid loss: 0.144
2018-11-28 19:33:07,793 INFO valid accuracy: 0.962
2018-11-28 19:33:07,793 INFO valid precision: 0.953
2018-11-28 19:33:07,794 INFO valid recall: 1.000
2018-11-28 19:33:07,794 INFO valid F1: 0.976
2018-11-28 19:33:07,794 INFO valid AUC: 0.909
2018-11-28 19:33:07,896 INFO Epoch 42:
2018-11-28 19:33:07,897 INFO Training...
2018-11-28 19:33:08,416 INFO train time: 0.519
2018-11-28 19:33:08,416 INFO train loss: 0.026
2018-11-28 19:33:08,416 INFO train accuracy: 0.953
2018-11-28 19:33:08,416 INFO train precision: 0.954
2018-11-28 19:33:08,416 INFO train recall: 0.980
2018-11-28 19:33:08,416 INFO train F1: 0.967
2018-11-28 19:33:08,416 INFO train AUC: 0.934
2018-11-28 19:33:08,417 INFO Evaluating...
2018-11-28 19:33:08,684 INFO valid time: 0.266
2018-11-28 19:33:08,684 INFO valid loss: 0.150
2018-11-28 19:33:08,684 INFO valid accuracy: 0.962
2018-11-28 19:33:08,684 INFO valid precision: 0.953
2018-11-28 19:33:08,684 INFO valid recall: 1.000
2018-11-28 19:33:08,685 INFO valid F1: 0.976
2018-11-28 19:33:08,685 INFO valid AUC: 0.909
2018-11-28 19:33:08,795 INFO Epoch 43:
2018-11-28 19:33:08,796 INFO Training...
2018-11-28 19:33:09,319 INFO train time: 0.523
2018-11-28 19:33:09,320 INFO train loss: 0.026
2018-11-28 19:33:09,320 INFO train accuracy: 0.958
2018-11-28 19:33:09,320 INFO train precision: 0.961
2018-11-28 19:33:09,320 INFO train recall: 0.980
2018-11-28 19:33:09,320 INFO train F1: 0.971
2018-11-28 19:33:09,320 INFO train AUC: 0.943
2018-11-28 19:33:09,321 INFO Evaluating...
2018-11-28 19:33:09,603 INFO valid time: 0.282
2018-11-28 19:33:09,603 INFO valid loss: 0.153
2018-11-28 19:33:09,603 INFO valid accuracy: 0.962
2018-11-28 19:33:09,603 INFO valid precision: 0.953
2018-11-28 19:33:09,603 INFO valid recall: 1.000
2018-11-28 19:33:09,604 INFO valid F1: 0.976
2018-11-28 19:33:09,604 INFO valid AUC: 0.909
2018-11-28 19:33:09,695 INFO Epoch 44:
2018-11-28 19:33:09,696 INFO Training...
2018-11-28 19:33:10,271 INFO train time: 0.575
2018-11-28 19:33:10,272 INFO train loss: 0.025
2018-11-28 19:33:10,272 INFO train accuracy: 0.958
2018-11-28 19:33:10,272 INFO train precision: 0.961
2018-11-28 19:33:10,272 INFO train recall: 0.980
2018-11-28 19:33:10,272 INFO train F1: 0.971
2018-11-28 19:33:10,272 INFO train AUC: 0.943
2018-11-28 19:33:10,273 INFO Evaluating...
2018-11-28 19:33:10,560 INFO valid time: 0.287
2018-11-28 19:33:10,561 INFO valid loss: 0.158
2018-11-28 19:33:10,561 INFO valid accuracy: 0.981
2018-11-28 19:33:10,561 INFO valid precision: 0.976
2018-11-28 19:33:10,561 INFO valid recall: 1.000
2018-11-28 19:33:10,561 INFO valid F1: 0.988
2018-11-28 19:33:10,561 INFO valid AUC: 0.955
2018-11-28 19:33:10,681 INFO Epoch 45:
2018-11-28 19:33:10,683 INFO Training...
2018-11-28 19:33:11,259 INFO train time: 0.576
2018-11-28 19:33:11,259 INFO train loss: 0.024
2018-11-28 19:33:11,259 INFO train accuracy: 0.961
2018-11-28 19:33:11,260 INFO train precision: 0.965
2018-11-28 19:33:11,260 INFO train recall: 0.980
2018-11-28 19:33:11,260 INFO train F1: 0.972
2018-11-28 19:33:11,260 INFO train AUC: 0.948
2018-11-28 19:33:11,260 INFO Evaluating...
2018-11-28 19:33:11,549 INFO valid time: 0.288
2018-11-28 19:33:11,549 INFO valid loss: 0.163
2018-11-28 19:33:11,550 INFO valid accuracy: 0.981
2018-11-28 19:33:11,550 INFO valid precision: 0.976
2018-11-28 19:33:11,550 INFO valid recall: 1.000
2018-11-28 19:33:11,550 INFO valid F1: 0.988
2018-11-28 19:33:11,550 INFO valid AUC: 0.955
2018-11-28 19:33:11,655 INFO Epoch 46:
2018-11-28 19:33:11,655 INFO Training...
2018-11-28 19:33:12,167 INFO train time: 0.511
2018-11-28 19:33:12,168 INFO train loss: 0.023
2018-11-28 19:33:12,168 INFO train accuracy: 0.961
2018-11-28 19:33:12,168 INFO train precision: 0.965
2018-11-28 19:33:12,168 INFO train recall: 0.980
2018-11-28 19:33:12,168 INFO train F1: 0.972
2018-11-28 19:33:12,168 INFO train AUC: 0.948
2018-11-28 19:33:12,169 INFO Evaluating...
2018-11-28 19:33:12,485 INFO valid time: 0.316
2018-11-28 19:33:12,485 INFO valid loss: 0.168
2018-11-28 19:33:12,486 INFO valid accuracy: 0.981
2018-11-28 19:33:12,486 INFO valid precision: 0.976
2018-11-28 19:33:12,486 INFO valid recall: 1.000
2018-11-28 19:33:12,486 INFO valid F1: 0.988
2018-11-28 19:33:12,486 INFO valid AUC: 0.955
2018-11-28 19:33:12,625 INFO Epoch 47:
2018-11-28 19:33:12,626 INFO Training...
2018-11-28 19:33:13,180 INFO train time: 0.553
2018-11-28 19:33:13,180 INFO train loss: 0.023
2018-11-28 19:33:13,180 INFO train accuracy: 0.961
2018-11-28 19:33:13,181 INFO train precision: 0.965
2018-11-28 19:33:13,181 INFO train recall: 0.980
2018-11-28 19:33:13,181 INFO train F1: 0.972
2018-11-28 19:33:13,181 INFO train AUC: 0.948
2018-11-28 19:33:13,182 INFO Evaluating...
2018-11-28 19:33:13,509 INFO valid time: 0.327
2018-11-28 19:33:13,510 INFO valid loss: 0.174
2018-11-28 19:33:13,510 INFO valid accuracy: 0.981
2018-11-28 19:33:13,510 INFO valid precision: 0.976
2018-11-28 19:33:13,510 INFO valid recall: 1.000
2018-11-28 19:33:13,511 INFO valid F1: 0.988
2018-11-28 19:33:13,511 INFO valid AUC: 0.955
2018-11-28 19:33:13,638 INFO Epoch 48:
2018-11-28 19:33:13,639 INFO Training...
2018-11-28 19:33:14,178 INFO train time: 0.539
2018-11-28 19:33:14,179 INFO train loss: 0.022
2018-11-28 19:33:14,179 INFO train accuracy: 0.961
2018-11-28 19:33:14,179 INFO train precision: 0.965
2018-11-28 19:33:14,179 INFO train recall: 0.980
2018-11-28 19:33:14,179 INFO train F1: 0.972
2018-11-28 19:33:14,180 INFO train AUC: 0.948
2018-11-28 19:33:14,180 INFO Evaluating...
2018-11-28 19:33:14,457 INFO valid time: 0.276
2018-11-28 19:33:14,457 INFO valid loss: 0.178
2018-11-28 19:33:14,457 INFO valid accuracy: 0.981
2018-11-28 19:33:14,458 INFO valid precision: 0.976
2018-11-28 19:33:14,458 INFO valid recall: 1.000
2018-11-28 19:33:14,458 INFO valid F1: 0.988
2018-11-28 19:33:14,458 INFO valid AUC: 0.955
2018-11-28 19:33:14,583 INFO Epoch 49:
2018-11-28 19:33:14,584 INFO Training...
2018-11-28 19:33:15,152 INFO train time: 0.567
2018-11-28 19:33:15,152 INFO train loss: 0.021
2018-11-28 19:33:15,152 INFO train accuracy: 0.964
2018-11-28 19:33:15,152 INFO train precision: 0.965
2018-11-28 19:33:15,152 INFO train recall: 0.984
2018-11-28 19:33:15,152 INFO train F1: 0.974
2018-11-28 19:33:15,152 INFO train AUC: 0.950
2018-11-28 19:33:15,153 INFO Evaluating...
2018-11-28 19:33:15,431 INFO valid time: 0.278
2018-11-28 19:33:15,432 INFO valid loss: 0.188
2018-11-28 19:33:15,432 INFO valid accuracy: 0.981
2018-11-28 19:33:15,432 INFO valid precision: 0.976
2018-11-28 19:33:15,432 INFO valid recall: 1.000
2018-11-28 19:33:15,432 INFO valid F1: 0.988
2018-11-28 19:33:15,432 INFO valid AUC: 0.955
2018-11-28 19:33:15,528 INFO Epoch 50:
2018-11-28 19:33:15,529 INFO Training...
2018-11-28 19:33:16,120 INFO train time: 0.591
2018-11-28 19:33:16,121 INFO train loss: 0.021
2018-11-28 19:33:16,121 INFO train accuracy: 0.967
2018-11-28 19:33:16,121 INFO train precision: 0.965
2018-11-28 19:33:16,121 INFO train recall: 0.988
2018-11-28 19:33:16,121 INFO train F1: 0.976
2018-11-28 19:33:16,121 INFO train AUC: 0.952
2018-11-28 19:33:16,122 INFO Evaluating...
2018-11-28 19:33:16,396 INFO valid time: 0.273
2018-11-28 19:33:16,396 INFO valid loss: 0.187
2018-11-28 19:33:16,396 INFO valid accuracy: 0.981
2018-11-28 19:33:16,396 INFO valid precision: 0.976
2018-11-28 19:33:16,396 INFO valid recall: 1.000
2018-11-28 19:33:16,396 INFO valid F1: 0.988
2018-11-28 19:33:16,397 INFO valid AUC: 0.955
2018-11-28 19:33:16,525 INFO Epoch 51:
2018-11-28 19:33:16,527 INFO Training...
2018-11-28 19:33:17,077 INFO train time: 0.550
2018-11-28 19:33:17,077 INFO train loss: 0.020
2018-11-28 19:33:17,078 INFO train accuracy: 0.967
2018-11-28 19:33:17,078 INFO train precision: 0.965
2018-11-28 19:33:17,078 INFO train recall: 0.988
2018-11-28 19:33:17,078 INFO train F1: 0.976
2018-11-28 19:33:17,078 INFO train AUC: 0.952
2018-11-28 19:33:17,079 INFO Evaluating...
2018-11-28 19:33:17,371 INFO valid time: 0.291
2018-11-28 19:33:17,371 INFO valid loss: 0.208
2018-11-28 19:33:17,371 INFO valid accuracy: 0.962
2018-11-28 19:33:17,371 INFO valid precision: 0.976
2018-11-28 19:33:17,371 INFO valid recall: 0.976
2018-11-28 19:33:17,372 INFO valid F1: 0.976
2018-11-28 19:33:17,372 INFO valid AUC: 0.942
2018-11-28 19:33:17,493 INFO Epoch 52:
2018-11-28 19:33:17,494 INFO Training...
2018-11-28 19:33:18,062 INFO train time: 0.568
2018-11-28 19:33:18,063 INFO train loss: 0.019
2018-11-28 19:33:18,063 INFO train accuracy: 0.969
2018-11-28 19:33:18,063 INFO train precision: 0.969
2018-11-28 19:33:18,063 INFO train recall: 0.988
2018-11-28 19:33:18,063 INFO train F1: 0.978
2018-11-28 19:33:18,063 INFO train AUC: 0.957
2018-11-28 19:33:18,064 INFO Evaluating...
2018-11-28 19:33:18,366 INFO valid time: 0.302
2018-11-28 19:33:18,366 INFO valid loss: 0.191
2018-11-28 19:33:18,367 INFO valid accuracy: 0.962
2018-11-28 19:33:18,367 INFO valid precision: 0.953
2018-11-28 19:33:18,367 INFO valid recall: 1.000
2018-11-28 19:33:18,367 INFO valid F1: 0.976
2018-11-28 19:33:18,367 INFO valid AUC: 0.909
2018-11-28 19:33:18,465 INFO Epoch 53:
2018-11-28 19:33:18,466 INFO Training...
2018-11-28 19:33:19,032 INFO train time: 0.565
2018-11-28 19:33:19,032 INFO train loss: 0.018
2018-11-28 19:33:19,032 INFO train accuracy: 0.972
2018-11-28 19:33:19,032 INFO train precision: 0.965
2018-11-28 19:33:19,032 INFO train recall: 0.996
2018-11-28 19:33:19,032 INFO train F1: 0.980
2018-11-28 19:33:19,033 INFO train AUC: 0.956
2018-11-28 19:33:19,033 INFO Evaluating...
2018-11-28 19:33:19,306 INFO valid time: 0.272
2018-11-28 19:33:19,306 INFO valid loss: 0.250
2018-11-28 19:33:19,306 INFO valid accuracy: 0.942
2018-11-28 19:33:19,306 INFO valid precision: 0.975
2018-11-28 19:33:19,307 INFO valid recall: 0.951
2018-11-28 19:33:19,307 INFO valid F1: 0.963
2018-11-28 19:33:19,307 INFO valid AUC: 0.930
2018-11-28 19:33:19,406 INFO Epoch 54:
2018-11-28 19:33:19,407 INFO Training...
2018-11-28 19:33:19,906 INFO train time: 0.499
2018-11-28 19:33:19,907 INFO train loss: 0.019
2018-11-28 19:33:19,907 INFO train accuracy: 0.972
2018-11-28 19:33:19,917 INFO train precision: 0.976
2018-11-28 19:33:19,917 INFO train recall: 0.984
2018-11-28 19:33:19,917 INFO train F1: 0.980
2018-11-28 19:33:19,918 INFO train AUC: 0.964
2018-11-28 19:33:19,919 INFO Evaluating...
2018-11-28 19:33:20,193 INFO valid time: 0.274
2018-11-28 19:33:20,194 INFO valid loss: 0.174
2018-11-28 19:33:20,194 INFO valid accuracy: 0.942
2018-11-28 19:33:20,194 INFO valid precision: 0.932
2018-11-28 19:33:20,194 INFO valid recall: 1.000
2018-11-28 19:33:20,195 INFO valid F1: 0.965
2018-11-28 19:33:20,195 INFO valid AUC: 0.864
2018-11-28 19:33:20,321 INFO Epoch 55:
2018-11-28 19:33:20,323 INFO Training...
2018-11-28 19:33:20,924 INFO train time: 0.601
2018-11-28 19:33:20,925 INFO train loss: 0.017
2018-11-28 19:33:20,925 INFO train accuracy: 0.969
2018-11-28 19:33:20,925 INFO train precision: 0.962
2018-11-28 19:33:20,925 INFO train recall: 0.996
2018-11-28 19:33:20,926 INFO train F1: 0.979
2018-11-28 19:33:20,926 INFO train AUC: 0.951
2018-11-28 19:33:20,927 INFO Evaluating...
2018-11-28 19:33:21,241 INFO valid time: 0.314
2018-11-28 19:33:21,242 INFO valid loss: 0.360
2018-11-28 19:33:21,242 INFO valid accuracy: 0.885
2018-11-28 19:33:21,242 INFO valid precision: 0.973
2018-11-28 19:33:21,242 INFO valid recall: 0.878
2018-11-28 19:33:21,243 INFO valid F1: 0.923
2018-11-28 19:33:21,243 INFO valid AUC: 0.894
2018-11-28 19:33:21,368 INFO Epoch 56:
2018-11-28 19:33:21,369 INFO Training...
2018-11-28 19:33:21,917 INFO train time: 0.548
2018-11-28 19:33:21,917 INFO train loss: 0.026
2018-11-28 19:33:21,918 INFO train accuracy: 0.961
2018-11-28 19:33:21,918 INFO train precision: 0.984
2018-11-28 19:33:21,918 INFO train recall: 0.960
2018-11-28 19:33:21,919 INFO train F1: 0.972
2018-11-28 19:33:21,919 INFO train AUC: 0.961
2018-11-28 19:33:21,920 INFO Evaluating...
2018-11-28 19:33:22,209 INFO valid time: 0.289
2018-11-28 19:33:22,210 INFO valid loss: 0.108
2018-11-28 19:33:22,210 INFO valid accuracy: 0.923
2018-11-28 19:33:22,210 INFO valid precision: 0.911
2018-11-28 19:33:22,210 INFO valid recall: 1.000
2018-11-28 19:33:22,210 INFO valid F1: 0.953
2018-11-28 19:33:22,210 INFO valid AUC: 0.818
2018-11-28 19:33:22,313 INFO Epoch 57:
2018-11-28 19:33:22,314 INFO Training...
2018-11-28 19:33:22,840 INFO train time: 0.525
2018-11-28 19:33:22,840 INFO train loss: 0.030
2018-11-28 19:33:22,840 INFO train accuracy: 0.942
2018-11-28 19:33:22,841 INFO train precision: 0.923
2018-11-28 19:33:22,841 INFO train recall: 1.000
2018-11-28 19:33:22,841 INFO train F1: 0.960
2018-11-28 19:33:22,841 INFO train AUC: 0.902
2018-11-28 19:33:22,842 INFO Evaluating...
2018-11-28 19:33:23,116 INFO valid time: 0.274
2018-11-28 19:33:23,117 INFO valid loss: 0.820
2018-11-28 19:33:23,117 INFO valid accuracy: 0.731
2018-11-28 19:33:23,117 INFO valid precision: 0.966
2018-11-28 19:33:23,117 INFO valid recall: 0.683
2018-11-28 19:33:23,117 INFO valid F1: 0.800
2018-11-28 19:33:23,117 INFO valid AUC: 0.796
2018-11-28 19:33:23,235 INFO Epoch 58:
2018-11-28 19:33:23,236 INFO Training...
2018-11-28 19:33:23,792 INFO train time: 0.555
2018-11-28 19:33:23,792 INFO train loss: 0.144
2018-11-28 19:33:23,793 INFO train accuracy: 0.777
2018-11-28 19:33:23,793 INFO train precision: 0.994
2018-11-28 19:33:23,793 INFO train recall: 0.687
2018-11-28 19:33:23,793 INFO train F1: 0.812
2018-11-28 19:33:23,793 INFO train AUC: 0.839
2018-11-28 19:33:23,794 INFO Evaluating...
2018-11-28 19:33:24,082 INFO valid time: 0.288
2018-11-28 19:33:24,082 INFO valid loss: 0.131
2018-11-28 19:33:24,082 INFO valid accuracy: 0.865
2018-11-28 19:33:24,082 INFO valid precision: 0.854
2018-11-28 19:33:24,082 INFO valid recall: 1.000
2018-11-28 19:33:24,082 INFO valid F1: 0.921
2018-11-28 19:33:24,083 INFO valid AUC: 0.682
2018-11-28 19:33:24,197 INFO Epoch 59:
2018-11-28 19:33:24,198 INFO Training...
2018-11-28 19:33:24,740 INFO train time: 0.542
2018-11-28 19:33:24,741 INFO train loss: 0.084
2018-11-28 19:33:24,741 INFO train accuracy: 0.841
2018-11-28 19:33:24,741 INFO train precision: 0.816
2018-11-28 19:33:24,741 INFO train recall: 1.000
2018-11-28 19:33:24,741 INFO train F1: 0.898
2018-11-28 19:33:24,741 INFO train AUC: 0.734
2018-11-28 19:33:24,742 INFO Evaluating...
2018-11-28 19:33:25,020 INFO valid time: 0.278
2018-11-28 19:33:25,021 INFO valid loss: 0.311
2018-11-28 19:33:25,021 INFO valid accuracy: 0.827
2018-11-28 19:33:25,021 INFO valid precision: 0.971
2018-11-28 19:33:25,021 INFO valid recall: 0.805
2018-11-28 19:33:25,021 INFO valid F1: 0.880
2018-11-28 19:33:25,022 INFO valid AUC: 0.857
2018-11-28 19:33:25,228 INFO Epoch 60:
2018-11-28 19:33:25,230 INFO Training...
2018-11-28 19:33:25,755 INFO train time: 0.525
2018-11-28 19:33:25,755 INFO train loss: 0.069
2018-11-28 19:33:25,756 INFO train accuracy: 0.911
2018-11-28 19:33:25,756 INFO train precision: 0.982
2018-11-28 19:33:25,756 INFO train recall: 0.889
2018-11-28 19:33:25,756 INFO train F1: 0.933
2018-11-28 19:33:25,756 INFO train AUC: 0.926
2018-11-28 19:33:25,757 INFO Evaluating...
2018-11-28 19:33:26,036 INFO valid time: 0.278
2018-11-28 19:33:26,036 INFO valid loss: 0.209
2018-11-28 19:33:26,037 INFO valid accuracy: 0.846
2018-11-28 19:33:26,037 INFO valid precision: 0.923
2018-11-28 19:33:26,037 INFO valid recall: 0.878
2018-11-28 19:33:26,037 INFO valid F1: 0.900
2018-11-28 19:33:26,037 INFO valid AUC: 0.803
2018-11-28 19:33:26,139 INFO Epoch 61:
2018-11-28 19:33:26,140 INFO Training...
2018-11-28 19:33:26,657 INFO train time: 0.517
2018-11-28 19:33:26,657 INFO train loss: 0.054
2018-11-28 19:33:26,657 INFO train accuracy: 0.925
2018-11-28 19:33:26,658 INFO train precision: 0.963
2018-11-28 19:33:26,658 INFO train recall: 0.929
2018-11-28 19:33:26,658 INFO train F1: 0.945
2018-11-28 19:33:26,658 INFO train AUC: 0.922
2018-11-28 19:33:26,659 INFO Evaluating...
2018-11-28 19:33:26,954 INFO valid time: 0.295
2018-11-28 19:33:26,955 INFO valid loss: 0.100
2018-11-28 19:33:26,955 INFO valid accuracy: 0.942
2018-11-28 19:33:26,955 INFO valid precision: 0.932
2018-11-28 19:33:26,955 INFO valid recall: 1.000
2018-11-28 19:33:26,955 INFO valid F1: 0.965
2018-11-28 19:33:26,955 INFO valid AUC: 0.864
2018-11-28 19:33:27,082 INFO Epoch 62:
2018-11-28 19:33:27,083 INFO Training...
2018-11-28 19:33:27,631 INFO train time: 0.548
2018-11-28 19:33:27,631 INFO train loss: 0.043
2018-11-28 19:33:27,632 INFO train accuracy: 0.922
2018-11-28 19:33:27,632 INFO train precision: 0.918
2018-11-28 19:33:27,632 INFO train recall: 0.976
2018-11-28 19:33:27,632 INFO train F1: 0.946
2018-11-28 19:33:27,632 INFO train AUC: 0.885
2018-11-28 19:33:27,633 INFO Evaluating...
2018-11-28 19:33:27,925 INFO valid time: 0.292
2018-11-28 19:33:27,925 INFO valid loss: 0.094
2018-11-28 19:33:27,926 INFO valid accuracy: 0.904
2018-11-28 19:33:27,926 INFO valid precision: 0.891
2018-11-28 19:33:27,926 INFO valid recall: 1.000
2018-11-28 19:33:27,926 INFO valid F1: 0.943
2018-11-28 19:33:27,926 INFO valid AUC: 0.773
2018-11-28 19:33:28,022 INFO Epoch 63:
2018-11-28 19:33:28,023 INFO Training...
2018-11-28 19:33:28,597 INFO train time: 0.574
2018-11-28 19:33:28,598 INFO train loss: 0.045
2018-11-28 19:33:28,598 INFO train accuracy: 0.905
2018-11-28 19:33:28,598 INFO train precision: 0.898
2018-11-28 19:33:28,598 INFO train recall: 0.976
2018-11-28 19:33:28,598 INFO train F1: 0.935
2018-11-28 19:33:28,598 INFO train AUC: 0.857
2018-11-28 19:33:28,599 INFO Evaluating...
2018-11-28 19:33:28,887 INFO valid time: 0.288
2018-11-28 19:33:28,887 INFO valid loss: 0.104
2018-11-28 19:33:28,887 INFO valid accuracy: 0.942
2018-11-28 19:33:28,888 INFO valid precision: 0.932
2018-11-28 19:33:28,888 INFO valid recall: 1.000
2018-11-28 19:33:28,888 INFO valid F1: 0.965
2018-11-28 19:33:28,888 INFO valid AUC: 0.864
2018-11-28 19:33:29,009 INFO Epoch 64:
2018-11-28 19:33:29,010 INFO Training...
2018-11-28 19:33:29,571 INFO train time: 0.560
2018-11-28 19:33:29,571 INFO train loss: 0.037
2018-11-28 19:33:29,571 INFO train accuracy: 0.936
2018-11-28 19:33:29,571 INFO train precision: 0.932
2018-11-28 19:33:29,572 INFO train recall: 0.980
2018-11-28 19:33:29,572 INFO train F1: 0.956
2018-11-28 19:33:29,572 INFO train AUC: 0.906
2018-11-28 19:33:29,573 INFO Evaluating...
2018-11-28 19:33:29,882 INFO valid time: 0.309
2018-11-28 19:33:29,882 INFO valid loss: 0.140
2018-11-28 19:33:29,882 INFO valid accuracy: 0.923
2018-11-28 19:33:29,882 INFO valid precision: 0.930
2018-11-28 19:33:29,882 INFO valid recall: 0.976
2018-11-28 19:33:29,882 INFO valid F1: 0.952
2018-11-28 19:33:29,883 INFO valid AUC: 0.851
2018-11-28 19:33:29,982 INFO Epoch 65:
2018-11-28 19:33:29,983 INFO Training...
2018-11-28 19:33:30,544 INFO train time: 0.561
2018-11-28 19:33:30,545 INFO train loss: 0.034
2018-11-28 19:33:30,545 INFO train accuracy: 0.944
2018-11-28 19:33:30,545 INFO train precision: 0.943
2018-11-28 19:33:30,545 INFO train recall: 0.980
2018-11-28 19:33:30,545 INFO train F1: 0.961
2018-11-28 19:33:30,545 INFO train AUC: 0.920
2018-11-28 19:33:30,546 INFO Evaluating...
2018-11-28 19:33:30,835 INFO valid time: 0.289
2018-11-28 19:33:30,835 INFO valid loss: 0.148
2018-11-28 19:33:30,835 INFO valid accuracy: 0.923
2018-11-28 19:33:30,836 INFO valid precision: 0.930
2018-11-28 19:33:30,836 INFO valid recall: 0.976
2018-11-28 19:33:30,836 INFO valid F1: 0.952
2018-11-28 19:33:30,836 INFO valid AUC: 0.851
2018-11-28 19:33:30,930 INFO Epoch 66:
2018-11-28 19:33:30,935 INFO Training...
2018-11-28 19:33:31,537 INFO train time: 0.602
2018-11-28 19:33:31,537 INFO train loss: 0.033
2018-11-28 19:33:31,538 INFO train accuracy: 0.950
2018-11-28 19:33:31,538 INFO train precision: 0.950
2018-11-28 19:33:31,538 INFO train recall: 0.980
2018-11-28 19:33:31,538 INFO train F1: 0.965
2018-11-28 19:33:31,538 INFO train AUC: 0.929
2018-11-28 19:33:31,539 INFO Evaluating...
2018-11-28 19:33:31,845 INFO valid time: 0.305
2018-11-28 19:33:31,845 INFO valid loss: 0.122
2018-11-28 19:33:31,845 INFO valid accuracy: 0.942
2018-11-28 19:33:31,845 INFO valid precision: 0.932
2018-11-28 19:33:31,846 INFO valid recall: 1.000
2018-11-28 19:33:31,846 INFO valid F1: 0.965
2018-11-28 19:33:31,846 INFO valid AUC: 0.864
2018-11-28 19:33:31,965 INFO Epoch 67:
2018-11-28 19:33:31,967 INFO Training...
2018-11-28 19:33:32,527 INFO train time: 0.560
2018-11-28 19:33:32,527 INFO train loss: 0.030
2018-11-28 19:33:32,527 INFO train accuracy: 0.947
2018-11-28 19:33:32,527 INFO train precision: 0.946
2018-11-28 19:33:32,527 INFO train recall: 0.980
2018-11-28 19:33:32,527 INFO train F1: 0.963
2018-11-28 19:33:32,528 INFO train AUC: 0.925
2018-11-28 19:33:32,528 INFO Evaluating...
2018-11-28 19:33:32,837 INFO valid time: 0.309
2018-11-28 19:33:32,838 INFO valid loss: 0.108
2018-11-28 19:33:32,838 INFO valid accuracy: 0.942
2018-11-28 19:33:32,838 INFO valid precision: 0.932
2018-11-28 19:33:32,838 INFO valid recall: 1.000
2018-11-28 19:33:32,839 INFO valid F1: 0.965
2018-11-28 19:33:32,839 INFO valid AUC: 0.864
2018-11-28 19:33:32,932 INFO Epoch 68:
2018-11-28 19:33:32,933 INFO Training...
2018-11-28 19:33:33,522 INFO train time: 0.589
2018-11-28 19:33:33,522 INFO train loss: 0.029
2018-11-28 19:33:33,522 INFO train accuracy: 0.942
2018-11-28 19:33:33,522 INFO train precision: 0.939
2018-11-28 19:33:33,522 INFO train recall: 0.980
2018-11-28 19:33:33,522 INFO train F1: 0.959
2018-11-28 19:33:33,523 INFO train AUC: 0.915
2018-11-28 19:33:33,523 INFO Evaluating...
2018-11-28 19:33:33,829 INFO valid time: 0.305
2018-11-28 19:33:33,829 INFO valid loss: 0.111
2018-11-28 19:33:33,829 INFO valid accuracy: 0.942
2018-11-28 19:33:33,829 INFO valid precision: 0.932
2018-11-28 19:33:33,830 INFO valid recall: 1.000
2018-11-28 19:33:33,830 INFO valid F1: 0.965
2018-11-28 19:33:33,830 INFO valid AUC: 0.864
2018-11-28 19:33:33,952 INFO Epoch 69:
2018-11-28 19:33:33,953 INFO Training...
2018-11-28 19:33:34,492 INFO train time: 0.538
2018-11-28 19:33:34,492 INFO train loss: 0.028
2018-11-28 19:33:34,492 INFO train accuracy: 0.944
2018-11-28 19:33:34,492 INFO train precision: 0.943
2018-11-28 19:33:34,492 INFO train recall: 0.980
2018-11-28 19:33:34,492 INFO train F1: 0.961
2018-11-28 19:33:34,493 INFO train AUC: 0.920
2018-11-28 19:33:34,493 INFO Evaluating...
2018-11-28 19:33:34,782 INFO valid time: 0.289
2018-11-28 19:33:34,783 INFO valid loss: 0.126
2018-11-28 19:33:34,783 INFO valid accuracy: 0.942
2018-11-28 19:33:34,783 INFO valid precision: 0.932
2018-11-28 19:33:34,784 INFO valid recall: 1.000
2018-11-28 19:33:34,784 INFO valid F1: 0.965
2018-11-28 19:33:34,784 INFO valid AUC: 0.864
2018-11-28 19:33:34,918 INFO Epoch 70:
2018-11-28 19:33:34,920 INFO Training...
2018-11-28 19:33:35,442 INFO train time: 0.522
2018-11-28 19:33:35,442 INFO train loss: 0.027
2018-11-28 19:33:35,443 INFO train accuracy: 0.950
2018-11-28 19:33:35,443 INFO train precision: 0.950
2018-11-28 19:33:35,443 INFO train recall: 0.980
2018-11-28 19:33:35,443 INFO train F1: 0.965
2018-11-28 19:33:35,443 INFO train AUC: 0.929
2018-11-28 19:33:35,444 INFO Evaluating...
2018-11-28 19:33:35,736 INFO valid time: 0.291
2018-11-28 19:33:35,736 INFO valid loss: 0.136
2018-11-28 19:33:35,736 INFO valid accuracy: 0.981
2018-11-28 19:33:35,736 INFO valid precision: 0.976
2018-11-28 19:33:35,737 INFO valid recall: 1.000
2018-11-28 19:33:35,737 INFO valid F1: 0.988
2018-11-28 19:33:35,737 INFO valid AUC: 0.955
2018-11-28 19:33:35,846 INFO Epoch 71:
2018-11-28 19:33:35,847 INFO Training...
2018-11-28 19:33:36,320 INFO train time: 0.473
2018-11-28 19:33:36,321 INFO train loss: 0.026
2018-11-28 19:33:36,321 INFO train accuracy: 0.958
2018-11-28 19:33:36,321 INFO train precision: 0.961
2018-11-28 19:33:36,321 INFO train recall: 0.980
2018-11-28 19:33:36,321 INFO train F1: 0.971
2018-11-28 19:33:36,321 INFO train AUC: 0.943
2018-11-28 19:33:36,322 INFO Evaluating...
2018-11-28 19:33:36,618 INFO valid time: 0.296
2018-11-28 19:33:36,618 INFO valid loss: 0.132
2018-11-28 19:33:36,618 INFO valid accuracy: 0.942
2018-11-28 19:33:36,618 INFO valid precision: 0.932
2018-11-28 19:33:36,618 INFO valid recall: 1.000
2018-11-28 19:33:36,619 INFO valid F1: 0.965
2018-11-28 19:33:36,619 INFO valid AUC: 0.864
2018-11-28 19:33:36,718 INFO Epoch 72:
2018-11-28 19:33:36,720 INFO Training...
2018-11-28 19:33:37,245 INFO train time: 0.525
2018-11-28 19:33:37,245 INFO train loss: 0.025
2018-11-28 19:33:37,246 INFO train accuracy: 0.955
2018-11-28 19:33:37,246 INFO train precision: 0.957
2018-11-28 19:33:37,246 INFO train recall: 0.980
2018-11-28 19:33:37,246 INFO train F1: 0.969
2018-11-28 19:33:37,246 INFO train AUC: 0.939
2018-11-28 19:33:37,247 INFO Evaluating...
2018-11-28 19:33:37,534 INFO valid time: 0.287
2018-11-28 19:33:37,534 INFO valid loss: 0.127
2018-11-28 19:33:37,534 INFO valid accuracy: 0.942
2018-11-28 19:33:37,535 INFO valid precision: 0.932
2018-11-28 19:33:37,535 INFO valid recall: 1.000
2018-11-28 19:33:37,535 INFO valid F1: 0.965
2018-11-28 19:33:37,535 INFO valid AUC: 0.864
2018-11-28 19:33:37,659 INFO Epoch 73:
2018-11-28 19:33:37,660 INFO Training...
2018-11-28 19:33:38,166 INFO train time: 0.506
2018-11-28 19:33:38,167 INFO train loss: 0.024
2018-11-28 19:33:38,167 INFO train accuracy: 0.955
2018-11-28 19:33:38,167 INFO train precision: 0.957
2018-11-28 19:33:38,183 INFO train recall: 0.980
2018-11-28 19:33:38,183 INFO train F1: 0.969
2018-11-28 19:33:38,183 INFO train AUC: 0.939
2018-11-28 19:33:38,185 INFO Evaluating...
2018-11-28 19:33:38,480 INFO valid time: 0.295
2018-11-28 19:33:38,481 INFO valid loss: 0.128
2018-11-28 19:33:38,481 INFO valid accuracy: 0.942
2018-11-28 19:33:38,481 INFO valid precision: 0.932
2018-11-28 19:33:38,481 INFO valid recall: 1.000
2018-11-28 19:33:38,481 INFO valid F1: 0.965
2018-11-28 19:33:38,481 INFO valid AUC: 0.864
2018-11-28 19:33:38,598 INFO Epoch 74:
2018-11-28 19:33:38,599 INFO Training...
2018-11-28 19:33:39,103 INFO train time: 0.505
2018-11-28 19:33:39,104 INFO train loss: 0.023
2018-11-28 19:33:39,104 INFO train accuracy: 0.958
2018-11-28 19:33:39,104 INFO train precision: 0.961
2018-11-28 19:33:39,104 INFO train recall: 0.980
2018-11-28 19:33:39,104 INFO train F1: 0.971
2018-11-28 19:33:39,104 INFO train AUC: 0.943
2018-11-28 19:33:39,105 INFO Evaluating...
2018-11-28 19:33:39,397 INFO valid time: 0.292
2018-11-28 19:33:39,398 INFO valid loss: 0.135
2018-11-28 19:33:39,398 INFO valid accuracy: 0.981
2018-11-28 19:33:39,398 INFO valid precision: 0.976
2018-11-28 19:33:39,398 INFO valid recall: 1.000
2018-11-28 19:33:39,398 INFO valid F1: 0.988
2018-11-28 19:33:39,398 INFO valid AUC: 0.955
2018-11-28 19:33:39,490 INFO Epoch 75:
2018-11-28 19:33:39,492 INFO Training...
2018-11-28 19:33:40,019 INFO train time: 0.527
2018-11-28 19:33:40,019 INFO train loss: 0.023
2018-11-28 19:33:40,020 INFO train accuracy: 0.961
2018-11-28 19:33:40,020 INFO train precision: 0.965
2018-11-28 19:33:40,020 INFO train recall: 0.980
2018-11-28 19:33:40,020 INFO train F1: 0.972
2018-11-28 19:33:40,020 INFO train AUC: 0.948
2018-11-28 19:33:40,021 INFO Evaluating...
2018-11-28 19:33:40,321 INFO valid time: 0.301
2018-11-28 19:33:40,322 INFO valid loss: 0.139
2018-11-28 19:33:40,322 INFO valid accuracy: 0.981
2018-11-28 19:33:40,322 INFO valid precision: 0.976
2018-11-28 19:33:40,322 INFO valid recall: 1.000
2018-11-28 19:33:40,323 INFO valid F1: 0.988
2018-11-28 19:33:40,323 INFO valid AUC: 0.955
2018-11-28 19:33:40,450 INFO Epoch 76:
2018-11-28 19:33:40,452 INFO Training...
2018-11-28 19:33:41,024 INFO train time: 0.572
2018-11-28 19:33:41,024 INFO train loss: 0.022
2018-11-28 19:33:41,025 INFO train accuracy: 0.961
2018-11-28 19:33:41,025 INFO train precision: 0.965
2018-11-28 19:33:41,025 INFO train recall: 0.980
2018-11-28 19:33:41,025 INFO train F1: 0.972
2018-11-28 19:33:41,025 INFO train AUC: 0.948
2018-11-28 19:33:41,026 INFO Evaluating...
2018-11-28 19:33:41,324 INFO valid time: 0.298
2018-11-28 19:33:41,324 INFO valid loss: 0.139
2018-11-28 19:33:41,324 INFO valid accuracy: 0.981
2018-11-28 19:33:41,325 INFO valid precision: 0.976
2018-11-28 19:33:41,325 INFO valid recall: 1.000
2018-11-28 19:33:41,325 INFO valid F1: 0.988
2018-11-28 19:33:41,325 INFO valid AUC: 0.955
2018-11-28 19:33:41,436 INFO Epoch 77:
2018-11-28 19:33:41,437 INFO Training...
2018-11-28 19:33:41,961 INFO train time: 0.523
2018-11-28 19:33:41,961 INFO train loss: 0.022
2018-11-28 19:33:41,961 INFO train accuracy: 0.961
2018-11-28 19:33:41,962 INFO train precision: 0.965
2018-11-28 19:33:41,962 INFO train recall: 0.980
2018-11-28 19:33:41,962 INFO train F1: 0.972
2018-11-28 19:33:41,962 INFO train AUC: 0.948
2018-11-28 19:33:41,963 INFO Evaluating...
2018-11-28 19:33:42,269 INFO valid time: 0.306
2018-11-28 19:33:42,269 INFO valid loss: 0.140
2018-11-28 19:33:42,270 INFO valid accuracy: 0.981
2018-11-28 19:33:42,270 INFO valid precision: 0.976
2018-11-28 19:33:42,270 INFO valid recall: 1.000
2018-11-28 19:33:42,270 INFO valid F1: 0.988
2018-11-28 19:33:42,270 INFO valid AUC: 0.955
2018-11-28 19:33:42,382 INFO Epoch 78:
2018-11-28 19:33:42,384 INFO Training...
2018-11-28 19:33:42,962 INFO train time: 0.578
2018-11-28 19:33:42,962 INFO train loss: 0.021
2018-11-28 19:33:42,962 INFO train accuracy: 0.961
2018-11-28 19:33:42,963 INFO train precision: 0.965
2018-11-28 19:33:42,963 INFO train recall: 0.980
2018-11-28 19:33:42,963 INFO train F1: 0.972
2018-11-28 19:33:42,963 INFO train AUC: 0.948
2018-11-28 19:33:42,964 INFO Evaluating...
2018-11-28 19:33:43,238 INFO valid time: 0.273
2018-11-28 19:33:43,238 INFO valid loss: 0.144
2018-11-28 19:33:43,238 INFO valid accuracy: 0.981
2018-11-28 19:33:43,238 INFO valid precision: 0.976
2018-11-28 19:33:43,239 INFO valid recall: 1.000
2018-11-28 19:33:43,239 INFO valid F1: 0.988
2018-11-28 19:33:43,239 INFO valid AUC: 0.955
2018-11-28 19:33:43,357 INFO Epoch 79:
2018-11-28 19:33:43,358 INFO Training...
2018-11-28 19:33:43,912 INFO train time: 0.553
2018-11-28 19:33:43,912 INFO train loss: 0.021
2018-11-28 19:33:43,913 INFO train accuracy: 0.961
2018-11-28 19:33:43,913 INFO train precision: 0.965
2018-11-28 19:33:43,913 INFO train recall: 0.980
2018-11-28 19:33:43,913 INFO train F1: 0.972
2018-11-28 19:33:43,913 INFO train AUC: 0.948
2018-11-28 19:33:43,914 INFO Evaluating...
2018-11-28 19:33:44,207 INFO valid time: 0.293
2018-11-28 19:33:44,208 INFO valid loss: 0.148
2018-11-28 19:33:44,208 INFO valid accuracy: 0.981
2018-11-28 19:33:44,208 INFO valid precision: 0.976
2018-11-28 19:33:44,208 INFO valid recall: 1.000
2018-11-28 19:33:44,208 INFO valid F1: 0.988
2018-11-28 19:33:44,208 INFO valid AUC: 0.955
2018-11-28 19:33:44,300 INFO Epoch 80:
2018-11-28 19:33:44,301 INFO Training...
2018-11-28 19:33:44,868 INFO train time: 0.566
2018-11-28 19:33:44,868 INFO train loss: 0.020
2018-11-28 19:33:44,869 INFO train accuracy: 0.961
2018-11-28 19:33:44,869 INFO train precision: 0.965
2018-11-28 19:33:44,869 INFO train recall: 0.980
2018-11-28 19:33:44,869 INFO train F1: 0.972
2018-11-28 19:33:44,869 INFO train AUC: 0.948
2018-11-28 19:33:44,870 INFO Evaluating...
2018-11-28 19:33:45,173 INFO valid time: 0.303
2018-11-28 19:33:45,173 INFO valid loss: 0.150
2018-11-28 19:33:45,173 INFO valid accuracy: 0.981
2018-11-28 19:33:45,173 INFO valid precision: 0.976
2018-11-28 19:33:45,173 INFO valid recall: 1.000
2018-11-28 19:33:45,173 INFO valid F1: 0.988
2018-11-28 19:33:45,174 INFO valid AUC: 0.955
2018-11-28 19:33:45,274 INFO Epoch 81:
2018-11-28 19:33:45,275 INFO Training...
2018-11-28 19:33:45,843 INFO train time: 0.568
2018-11-28 19:33:45,843 INFO train loss: 0.020
2018-11-28 19:33:45,843 INFO train accuracy: 0.964
2018-11-28 19:33:45,844 INFO train precision: 0.965
2018-11-28 19:33:45,844 INFO train recall: 0.984
2018-11-28 19:33:45,844 INFO train F1: 0.974
2018-11-28 19:33:45,844 INFO train AUC: 0.950
2018-11-28 19:33:45,844 INFO Evaluating...
2018-11-28 19:33:46,118 INFO valid time: 0.273
2018-11-28 19:33:46,119 INFO valid loss: 0.153
2018-11-28 19:33:46,119 INFO valid accuracy: 0.981
2018-11-28 19:33:46,119 INFO valid precision: 0.976
2018-11-28 19:33:46,119 INFO valid recall: 1.000
2018-11-28 19:33:46,119 INFO valid F1: 0.988
2018-11-28 19:33:46,119 INFO valid AUC: 0.955
2018-11-28 19:33:46,244 INFO Epoch 82:
2018-11-28 19:33:46,245 INFO Training...
2018-11-28 19:33:46,801 INFO train time: 0.555
2018-11-28 19:33:46,801 INFO train loss: 0.019
2018-11-28 19:33:46,801 INFO train accuracy: 0.967
2018-11-28 19:33:46,801 INFO train precision: 0.965
2018-11-28 19:33:46,802 INFO train recall: 0.988
2018-11-28 19:33:46,802 INFO train F1: 0.976
2018-11-28 19:33:46,802 INFO train AUC: 0.952
2018-11-28 19:33:46,803 INFO Evaluating...
2018-11-28 19:33:47,107 INFO valid time: 0.304
2018-11-28 19:33:47,107 INFO valid loss: 0.155
2018-11-28 19:33:47,107 INFO valid accuracy: 0.981
2018-11-28 19:33:47,108 INFO valid precision: 0.976
2018-11-28 19:33:47,108 INFO valid recall: 1.000
2018-11-28 19:33:47,108 INFO valid F1: 0.988
2018-11-28 19:33:47,108 INFO valid AUC: 0.955
2018-11-28 19:33:47,254 INFO Epoch 83:
2018-11-28 19:33:47,255 INFO Training...
2018-11-28 19:33:47,813 INFO train time: 0.558
2018-11-28 19:33:47,813 INFO train loss: 0.019
2018-11-28 19:33:47,813 INFO train accuracy: 0.967
2018-11-28 19:33:47,814 INFO train precision: 0.965
2018-11-28 19:33:47,814 INFO train recall: 0.988
2018-11-28 19:33:47,814 INFO train F1: 0.976
2018-11-28 19:33:47,814 INFO train AUC: 0.952
2018-11-28 19:33:47,815 INFO Evaluating...
2018-11-28 19:33:48,101 INFO valid time: 0.286
2018-11-28 19:33:48,101 INFO valid loss: 0.157
2018-11-28 19:33:48,102 INFO valid accuracy: 0.981
2018-11-28 19:33:48,102 INFO valid precision: 0.976
2018-11-28 19:33:48,102 INFO valid recall: 1.000
2018-11-28 19:33:48,102 INFO valid F1: 0.988
2018-11-28 19:33:48,102 INFO valid AUC: 0.955
2018-11-28 19:33:48,211 INFO Epoch 84:
2018-11-28 19:33:48,212 INFO Training...
2018-11-28 19:33:48,781 INFO train time: 0.568
2018-11-28 19:33:48,781 INFO train loss: 0.018
2018-11-28 19:33:48,781 INFO train accuracy: 0.967
2018-11-28 19:33:48,781 INFO train precision: 0.965
2018-11-28 19:33:48,781 INFO train recall: 0.988
2018-11-28 19:33:48,781 INFO train F1: 0.976
2018-11-28 19:33:48,781 INFO train AUC: 0.952
2018-11-28 19:33:48,782 INFO Evaluating...
2018-11-28 19:33:49,074 INFO valid time: 0.292
2018-11-28 19:33:49,075 INFO valid loss: 0.160
2018-11-28 19:33:49,075 INFO valid accuracy: 0.981
2018-11-28 19:33:49,075 INFO valid precision: 0.976
2018-11-28 19:33:49,075 INFO valid recall: 1.000
2018-11-28 19:33:49,075 INFO valid F1: 0.988
2018-11-28 19:33:49,075 INFO valid AUC: 0.955
2018-11-28 19:33:49,175 INFO Epoch 85:
2018-11-28 19:33:49,176 INFO Training...
2018-11-28 19:33:49,805 INFO train time: 0.628
2018-11-28 19:33:49,805 INFO train loss: 0.018
2018-11-28 19:33:49,805 INFO train accuracy: 0.969
2018-11-28 19:33:49,805 INFO train precision: 0.969
2018-11-28 19:33:49,806 INFO train recall: 0.988
2018-11-28 19:33:49,806 INFO train F1: 0.978
2018-11-28 19:33:49,806 INFO train AUC: 0.957
2018-11-28 19:33:49,807 INFO Evaluating...
2018-11-28 19:33:50,106 INFO valid time: 0.299
2018-11-28 19:33:50,107 INFO valid loss: 0.163
2018-11-28 19:33:50,107 INFO valid accuracy: 0.981
2018-11-28 19:33:50,107 INFO valid precision: 0.976
2018-11-28 19:33:50,107 INFO valid recall: 1.000
2018-11-28 19:33:50,107 INFO valid F1: 0.988
2018-11-28 19:33:50,107 INFO valid AUC: 0.955
2018-11-28 19:33:50,211 INFO Epoch 86:
2018-11-28 19:33:50,212 INFO Training...
2018-11-28 19:33:50,786 INFO train time: 0.574
2018-11-28 19:33:50,787 INFO train loss: 0.018
2018-11-28 19:33:50,787 INFO train accuracy: 0.969
2018-11-28 19:33:50,787 INFO train precision: 0.969
2018-11-28 19:33:50,787 INFO train recall: 0.988
2018-11-28 19:33:50,787 INFO train F1: 0.978
2018-11-28 19:33:50,788 INFO train AUC: 0.957
2018-11-28 19:33:50,789 INFO Evaluating...
2018-11-28 19:33:51,076 INFO valid time: 0.286
2018-11-28 19:33:51,077 INFO valid loss: 0.166
2018-11-28 19:33:51,077 INFO valid accuracy: 0.981
2018-11-28 19:33:51,077 INFO valid precision: 0.976
2018-11-28 19:33:51,078 INFO valid recall: 1.000
2018-11-28 19:33:51,078 INFO valid F1: 0.988
2018-11-28 19:33:51,078 INFO valid AUC: 0.955
2018-11-28 19:33:51,197 INFO Epoch 87:
2018-11-28 19:33:51,198 INFO Training...
2018-11-28 19:33:51,746 INFO train time: 0.547
2018-11-28 19:33:51,746 INFO train loss: 0.017
2018-11-28 19:33:51,746 INFO train accuracy: 0.969
2018-11-28 19:33:51,746 INFO train precision: 0.969
2018-11-28 19:33:51,746 INFO train recall: 0.988
2018-11-28 19:33:51,746 INFO train F1: 0.978
2018-11-28 19:33:51,747 INFO train AUC: 0.957
2018-11-28 19:33:51,747 INFO Evaluating...
2018-11-28 19:33:52,039 INFO valid time: 0.292
2018-11-28 19:33:52,040 INFO valid loss: 0.169
2018-11-28 19:33:52,040 INFO valid accuracy: 0.981
2018-11-28 19:33:52,040 INFO valid precision: 0.976
2018-11-28 19:33:52,040 INFO valid recall: 1.000
2018-11-28 19:33:52,040 INFO valid F1: 0.988
2018-11-28 19:33:52,041 INFO valid AUC: 0.955
2018-11-28 19:33:52,158 INFO Epoch 88:
2018-11-28 19:33:52,160 INFO Training...
2018-11-28 19:33:52,756 INFO train time: 0.596
2018-11-28 19:33:52,756 INFO train loss: 0.017
2018-11-28 19:33:52,757 INFO train accuracy: 0.972
2018-11-28 19:33:52,757 INFO train precision: 0.969
2018-11-28 19:33:52,757 INFO train recall: 0.992
2018-11-28 19:33:52,757 INFO train F1: 0.980
2018-11-28 19:33:52,757 INFO train AUC: 0.959
2018-11-28 19:33:52,758 INFO Evaluating...
2018-11-28 19:33:53,081 INFO valid time: 0.322
2018-11-28 19:33:53,081 INFO valid loss: 0.173
2018-11-28 19:33:53,081 INFO valid accuracy: 0.981
2018-11-28 19:33:53,081 INFO valid precision: 0.976
2018-11-28 19:33:53,081 INFO valid recall: 1.000
2018-11-28 19:33:53,082 INFO valid F1: 0.988
2018-11-28 19:33:53,082 INFO valid AUC: 0.955
2018-11-28 19:33:53,199 INFO Epoch 89:
2018-11-28 19:33:53,201 INFO Training...
2018-11-28 19:33:53,799 INFO train time: 0.597
2018-11-28 19:33:53,799 INFO train loss: 0.017
2018-11-28 19:33:53,799 INFO train accuracy: 0.972
2018-11-28 19:33:53,800 INFO train precision: 0.969
2018-11-28 19:33:53,800 INFO train recall: 0.992
2018-11-28 19:33:53,800 INFO train F1: 0.980
2018-11-28 19:33:53,800 INFO train AUC: 0.959
2018-11-28 19:33:53,801 INFO Evaluating...
2018-11-28 19:33:54,118 INFO valid time: 0.316
2018-11-28 19:33:54,118 INFO valid loss: 0.175
2018-11-28 19:33:54,118 INFO valid accuracy: 0.981
2018-11-28 19:33:54,118 INFO valid precision: 0.976
2018-11-28 19:33:54,118 INFO valid recall: 1.000
2018-11-28 19:33:54,118 INFO valid F1: 0.988
2018-11-28 19:33:54,119 INFO valid AUC: 0.955
2018-11-28 19:33:54,228 INFO Epoch 90:
2018-11-28 19:33:54,230 INFO Training...
2018-11-28 19:33:54,803 INFO train time: 0.573
2018-11-28 19:33:54,804 INFO train loss: 0.016
2018-11-28 19:33:54,804 INFO train accuracy: 0.972
2018-11-28 19:33:54,805 INFO train precision: 0.969
2018-11-28 19:33:54,805 INFO train recall: 0.992
2018-11-28 19:33:54,805 INFO train F1: 0.980
2018-11-28 19:33:54,806 INFO train AUC: 0.959
2018-11-28 19:33:54,807 INFO Evaluating...
2018-11-28 19:33:55,108 INFO valid time: 0.301
2018-11-28 19:33:55,108 INFO valid loss: 0.180
2018-11-28 19:33:55,109 INFO valid accuracy: 0.981
2018-11-28 19:33:55,109 INFO valid precision: 0.976
2018-11-28 19:33:55,109 INFO valid recall: 1.000
2018-11-28 19:33:55,109 INFO valid F1: 0.988
2018-11-28 19:33:55,110 INFO valid AUC: 0.955
2018-11-28 19:33:55,237 INFO Epoch 91:
2018-11-28 19:33:55,239 INFO Training...
2018-11-28 19:33:55,824 INFO train time: 0.585
2018-11-28 19:33:55,824 INFO train loss: 0.016
2018-11-28 19:33:55,825 INFO train accuracy: 0.975
2018-11-28 19:33:55,825 INFO train precision: 0.969
2018-11-28 19:33:55,825 INFO train recall: 0.996
2018-11-28 19:33:55,825 INFO train F1: 0.982
2018-11-28 19:33:55,825 INFO train AUC: 0.961
2018-11-28 19:33:55,826 INFO Evaluating...
2018-11-28 19:33:56,127 INFO valid time: 0.301
2018-11-28 19:33:56,128 INFO valid loss: 0.182
2018-11-28 19:33:56,128 INFO valid accuracy: 0.981
2018-11-28 19:33:56,128 INFO valid precision: 0.976
2018-11-28 19:33:56,128 INFO valid recall: 1.000
2018-11-28 19:33:56,128 INFO valid F1: 0.988
2018-11-28 19:33:56,128 INFO valid AUC: 0.955
2018-11-28 19:33:56,223 INFO Epoch 92:
2018-11-28 19:33:56,224 INFO Training...
2018-11-28 19:33:56,841 INFO train time: 0.616
2018-11-28 19:33:56,842 INFO train loss: 0.016
2018-11-28 19:33:56,842 INFO train accuracy: 0.975
2018-11-28 19:33:56,842 INFO train precision: 0.969
2018-11-28 19:33:56,842 INFO train recall: 0.996
2018-11-28 19:33:56,842 INFO train F1: 0.982
2018-11-28 19:33:56,842 INFO train AUC: 0.961
2018-11-28 19:33:56,844 INFO Evaluating...
2018-11-28 19:33:57,141 INFO valid time: 0.298
2018-11-28 19:33:57,142 INFO valid loss: 0.187
2018-11-28 19:33:57,142 INFO valid accuracy: 0.981
2018-11-28 19:33:57,142 INFO valid precision: 0.976
2018-11-28 19:33:57,142 INFO valid recall: 1.000
2018-11-28 19:33:57,142 INFO valid F1: 0.988
2018-11-28 19:33:57,142 INFO valid AUC: 0.955
2018-11-28 19:33:57,242 INFO Epoch 93:
2018-11-28 19:33:57,243 INFO Training...
2018-11-28 19:33:57,822 INFO train time: 0.579
2018-11-28 19:33:57,822 INFO train loss: 0.015
2018-11-28 19:33:57,823 INFO train accuracy: 0.975
2018-11-28 19:33:57,823 INFO train precision: 0.969
2018-11-28 19:33:57,823 INFO train recall: 0.996
2018-11-28 19:33:57,823 INFO train F1: 0.982
2018-11-28 19:33:57,823 INFO train AUC: 0.961
2018-11-28 19:33:57,824 INFO Evaluating...
2018-11-28 19:33:58,146 INFO valid time: 0.322
2018-11-28 19:33:58,147 INFO valid loss: 0.190
2018-11-28 19:33:58,147 INFO valid accuracy: 0.981
2018-11-28 19:33:58,147 INFO valid precision: 0.976
2018-11-28 19:33:58,147 INFO valid recall: 1.000
2018-11-28 19:33:58,148 INFO valid F1: 0.988
2018-11-28 19:33:58,148 INFO valid AUC: 0.955
2018-11-28 19:33:58,249 INFO Epoch 94:
2018-11-28 19:33:58,250 INFO Training...
2018-11-28 19:33:58,868 INFO train time: 0.618
2018-11-28 19:33:58,869 INFO train loss: 0.015
2018-11-28 19:33:58,869 INFO train accuracy: 0.975
2018-11-28 19:33:58,869 INFO train precision: 0.969
2018-11-28 19:33:58,869 INFO train recall: 0.996
2018-11-28 19:33:58,869 INFO train F1: 0.982
2018-11-28 19:33:58,870 INFO train AUC: 0.961
2018-11-28 19:33:58,870 INFO Evaluating...
2018-11-28 19:33:59,157 INFO valid time: 0.286
2018-11-28 19:33:59,158 INFO valid loss: 0.192
2018-11-28 19:33:59,158 INFO valid accuracy: 0.981
2018-11-28 19:33:59,158 INFO valid precision: 0.976
2018-11-28 19:33:59,158 INFO valid recall: 1.000
2018-11-28 19:33:59,158 INFO valid F1: 0.988
2018-11-28 19:33:59,158 INFO valid AUC: 0.955
2018-11-28 19:33:59,259 INFO Epoch 95:
2018-11-28 19:33:59,260 INFO Training...
2018-11-28 19:33:59,794 INFO train time: 0.534
2018-11-28 19:33:59,795 INFO train loss: 0.015
2018-11-28 19:33:59,795 INFO train accuracy: 0.975
2018-11-28 19:33:59,795 INFO train precision: 0.969
2018-11-28 19:33:59,795 INFO train recall: 0.996
2018-11-28 19:33:59,795 INFO train F1: 0.982
2018-11-28 19:33:59,795 INFO train AUC: 0.961
2018-11-28 19:33:59,796 INFO Evaluating...
2018-11-28 19:34:00,081 INFO valid time: 0.285
2018-11-28 19:34:00,082 INFO valid loss: 0.196
2018-11-28 19:34:00,082 INFO valid accuracy: 0.981
2018-11-28 19:34:00,082 INFO valid precision: 0.976
2018-11-28 19:34:00,082 INFO valid recall: 1.000
2018-11-28 19:34:00,082 INFO valid F1: 0.988
2018-11-28 19:34:00,082 INFO valid AUC: 0.955
2018-11-28 19:34:00,178 INFO Epoch 96:
2018-11-28 19:34:00,179 INFO Training...
2018-11-28 19:34:00,756 INFO train time: 0.577
2018-11-28 19:34:00,757 INFO train loss: 0.014
2018-11-28 19:34:00,757 INFO train accuracy: 0.975
2018-11-28 19:34:00,757 INFO train precision: 0.969
2018-11-28 19:34:00,757 INFO train recall: 0.996
2018-11-28 19:34:00,757 INFO train F1: 0.982
2018-11-28 19:34:00,757 INFO train AUC: 0.961
2018-11-28 19:34:00,758 INFO Evaluating...
2018-11-28 19:34:01,063 INFO valid time: 0.305
2018-11-28 19:34:01,064 INFO valid loss: 0.199
2018-11-28 19:34:01,064 INFO valid accuracy: 0.981
2018-11-28 19:34:01,064 INFO valid precision: 0.976
2018-11-28 19:34:01,065 INFO valid recall: 1.000
2018-11-28 19:34:01,065 INFO valid F1: 0.988
2018-11-28 19:34:01,065 INFO valid AUC: 0.955
2018-11-28 19:34:01,192 INFO Epoch 97:
2018-11-28 19:34:01,194 INFO Training...
2018-11-28 19:34:01,774 INFO train time: 0.579
2018-11-28 19:34:01,774 INFO train loss: 0.014
2018-11-28 19:34:01,774 INFO train accuracy: 0.978
2018-11-28 19:34:01,774 INFO train precision: 0.973
2018-11-28 19:34:01,774 INFO train recall: 0.996
2018-11-28 19:34:01,774 INFO train F1: 0.984
2018-11-28 19:34:01,775 INFO train AUC: 0.965
2018-11-28 19:34:01,775 INFO Evaluating...
2018-11-28 19:34:02,101 INFO valid time: 0.326
2018-11-28 19:34:02,102 INFO valid loss: 0.205
2018-11-28 19:34:02,102 INFO valid accuracy: 0.962
2018-11-28 19:34:02,102 INFO valid precision: 0.976
2018-11-28 19:34:02,102 INFO valid recall: 0.976
2018-11-28 19:34:02,102 INFO valid F1: 0.976
2018-11-28 19:34:02,102 INFO valid AUC: 0.942
2018-11-28 19:34:02,201 INFO Epoch 98:
2018-11-28 19:34:02,202 INFO Training...
2018-11-28 19:34:02,761 INFO train time: 0.558
2018-11-28 19:34:02,761 INFO train loss: 0.014
2018-11-28 19:34:02,761 INFO train accuracy: 0.978
2018-11-28 19:34:02,762 INFO train precision: 0.973
2018-11-28 19:34:02,762 INFO train recall: 0.996
2018-11-28 19:34:02,762 INFO train F1: 0.984
2018-11-28 19:34:02,762 INFO train AUC: 0.965
2018-11-28 19:34:02,763 INFO Evaluating...
2018-11-28 19:34:03,053 INFO valid time: 0.290
2018-11-28 19:34:03,053 INFO valid loss: 0.206
2018-11-28 19:34:03,053 INFO valid accuracy: 0.962
2018-11-28 19:34:03,053 INFO valid precision: 0.976
2018-11-28 19:34:03,054 INFO valid recall: 0.976
2018-11-28 19:34:03,054 INFO valid F1: 0.976
2018-11-28 19:34:03,054 INFO valid AUC: 0.942
2018-11-28 19:34:03,158 INFO Epoch 99:
2018-11-28 19:34:03,159 INFO Training...
2018-11-28 19:34:03,731 INFO train time: 0.572
2018-11-28 19:34:03,732 INFO train loss: 0.014
2018-11-28 19:34:03,732 INFO train accuracy: 0.981
2018-11-28 19:34:03,733 INFO train precision: 0.977
2018-11-28 19:34:03,733 INFO train recall: 0.996
2018-11-28 19:34:03,733 INFO train F1: 0.986
2018-11-28 19:34:03,734 INFO train AUC: 0.970
2018-11-28 19:34:03,735 INFO Evaluating...
2018-11-28 19:34:04,020 INFO valid time: 0.285
2018-11-28 19:34:04,020 INFO valid loss: 0.212
2018-11-28 19:34:04,020 INFO valid accuracy: 0.962
2018-11-28 19:34:04,020 INFO valid precision: 0.976
2018-11-28 19:34:04,021 INFO valid recall: 0.976
2018-11-28 19:34:04,021 INFO valid F1: 0.976
2018-11-28 19:34:04,021 INFO valid AUC: 0.942
2018-11-28 19:34:04,136 INFO Restoring parameters from out/psiblast_pairwise/model/model.ckpt
2018-11-28 19:34:04,155 INFO Evaluating...
2018-11-28 19:34:04,476 INFO test time: 0.321
2018-11-28 19:34:04,476 INFO test loss: 0.252
2018-11-28 19:34:04,476 INFO test accuracy: 0.932
2018-11-28 19:34:04,476 INFO test precision: 0.932
2018-11-28 19:34:04,477 INFO test recall: 0.972
2018-11-28 19:34:04,477 INFO test F1: 0.952
2018-11-28 19:34:04,477 INFO test AUC: 0.908
2018-11-28 19:34:04,550 INFO Saving History to out/psiblast_pairwise/history.csv
2018-11-28 19:34:04,551 INFO Saving Summary to out/psiblast_pairwise/summary.csv
2018-11-28 19:34:04,555 INFO All done!
