2018-11-28 23:39:39,151 INFO Initializing
2018-11-28 23:39:39,727 INFO Loaded 1619 training samples
2018-11-28 23:39:39,728 INFO Loaded 232 validation samples
2018-11-28 23:39:39,728 INFO Loaded 463 test samples
2018-11-28 23:39:44,528 INFO Model: 2D-CNN
2018-11-28 23:39:44,528 INFO Parameters: 505090
2018-11-28 23:39:45,249 INFO Epoch 0:
2018-11-28 23:39:45,267 INFO Training...
2018-11-28 23:39:49,368 INFO train time: 4.101
2018-11-28 23:39:49,368 INFO train loss: 22.579
2018-11-28 23:39:49,368 INFO train accuracy: 0.556
2018-11-28 23:39:49,369 INFO train precision: 0.547
2018-11-28 23:39:49,369 INFO train recall: 0.485
2018-11-28 23:39:49,369 INFO train F1: 0.514
2018-11-28 23:39:49,369 INFO train AUC: 0.554
2018-11-28 23:39:49,370 INFO Evaluating...
2018-11-28 23:39:49,907 INFO valid time: 0.537
2018-11-28 23:39:49,908 INFO valid loss: 3.360
2018-11-28 23:39:49,908 INFO valid accuracy: 0.509
2018-11-28 23:39:49,908 INFO valid precision: 0.000
2018-11-28 23:39:49,908 INFO valid recall: 0.000
2018-11-28 23:39:49,908 INFO valid F1: nan
2018-11-28 23:39:49,908 INFO valid AUC: 0.500
2018-11-28 23:39:50,035 INFO Epoch 1:
2018-11-28 23:39:50,036 INFO Training...
2018-11-28 23:39:52,169 INFO train time: 2.133
2018-11-28 23:39:52,170 INFO train loss: 6.287
2018-11-28 23:39:52,170 INFO train accuracy: 0.515
2018-11-28 23:39:52,170 INFO train precision: 0.000
2018-11-28 23:39:52,170 INFO train recall: 0.000
2018-11-28 23:39:52,170 INFO train F1: nan
2018-11-28 23:39:52,171 INFO train AUC: 0.499
2018-11-28 23:39:52,171 INFO Evaluating...
2018-11-28 23:39:52,541 INFO valid time: 0.368
2018-11-28 23:39:52,542 INFO valid loss: 0.541
2018-11-28 23:39:52,542 INFO valid accuracy: 0.724
2018-11-28 23:39:52,542 INFO valid precision: 0.656
2018-11-28 23:39:52,543 INFO valid recall: 0.921
2018-11-28 23:39:52,543 INFO valid F1: 0.766
2018-11-28 23:39:52,543 INFO valid AUC: 0.727
2018-11-28 23:39:52,627 INFO Epoch 2:
2018-11-28 23:39:52,628 INFO Training...
2018-11-28 23:39:54,836 INFO train time: 2.208
2018-11-28 23:39:54,836 INFO train loss: 0.531
2018-11-28 23:39:54,837 INFO train accuracy: 0.717
2018-11-28 23:39:54,837 INFO train precision: 0.724
2018-11-28 23:39:54,837 INFO train recall: 0.672
2018-11-28 23:39:54,837 INFO train F1: 0.697
2018-11-28 23:39:54,837 INFO train AUC: 0.716
2018-11-28 23:39:54,837 INFO Evaluating...
2018-11-28 23:39:55,197 INFO valid time: 0.359
2018-11-28 23:39:55,198 INFO valid loss: 0.719
2018-11-28 23:39:55,199 INFO valid accuracy: 0.651
2018-11-28 23:39:55,199 INFO valid precision: 0.762
2018-11-28 23:39:55,199 INFO valid recall: 0.421
2018-11-28 23:39:55,199 INFO valid F1: 0.542
2018-11-28 23:39:55,199 INFO valid AUC: 0.647
2018-11-28 23:39:55,289 INFO Epoch 3:
2018-11-28 23:39:55,290 INFO Training...
2018-11-28 23:39:57,646 INFO train time: 2.356
2018-11-28 23:39:57,646 INFO train loss: 0.418
2018-11-28 23:39:57,646 INFO train accuracy: 0.713
2018-11-28 23:39:57,647 INFO train precision: 0.781
2018-11-28 23:39:57,647 INFO train recall: 0.568
2018-11-28 23:39:57,647 INFO train F1: 0.657
2018-11-28 23:39:57,647 INFO train AUC: 0.709
2018-11-28 23:39:57,648 INFO Evaluating...
2018-11-28 23:39:57,999 INFO valid time: 0.351
2018-11-28 23:39:58,000 INFO valid loss: 0.483
2018-11-28 23:39:58,000 INFO valid accuracy: 0.733
2018-11-28 23:39:58,000 INFO valid precision: 0.671
2018-11-28 23:39:58,000 INFO valid recall: 0.895
2018-11-28 23:39:58,000 INFO valid F1: 0.767
2018-11-28 23:39:58,000 INFO valid AUC: 0.736
2018-11-28 23:39:58,103 INFO Epoch 4:
2018-11-28 23:39:58,104 INFO Training...
2018-11-28 23:40:00,380 INFO train time: 2.275
2018-11-28 23:40:00,380 INFO train loss: 0.301
2018-11-28 23:40:00,381 INFO train accuracy: 0.770
2018-11-28 23:40:00,381 INFO train precision: 0.723
2018-11-28 23:40:00,381 INFO train recall: 0.851
2018-11-28 23:40:00,381 INFO train F1: 0.781
2018-11-28 23:40:00,381 INFO train AUC: 0.772
2018-11-28 23:40:00,382 INFO Evaluating...
2018-11-28 23:40:00,783 INFO valid time: 0.400
2018-11-28 23:40:00,784 INFO valid loss: 0.547
2018-11-28 23:40:00,784 INFO valid accuracy: 0.698
2018-11-28 23:40:00,794 INFO valid precision: 0.768
2018-11-28 23:40:00,795 INFO valid recall: 0.553
2018-11-28 23:40:00,795 INFO valid F1: 0.643
2018-11-28 23:40:00,803 INFO valid AUC: 0.696
2018-11-28 23:40:00,898 INFO Epoch 5:
2018-11-28 23:40:00,900 INFO Training...
2018-11-28 23:40:03,595 INFO train time: 2.694
2018-11-28 23:40:03,595 INFO train loss: 0.241
2018-11-28 23:40:03,596 INFO train accuracy: 0.745
2018-11-28 23:40:03,596 INFO train precision: 0.834
2018-11-28 23:40:03,596 INFO train recall: 0.591
2018-11-28 23:40:03,597 INFO train F1: 0.692
2018-11-28 23:40:03,597 INFO train AUC: 0.740
2018-11-28 23:40:03,598 INFO Evaluating...
2018-11-28 23:40:03,959 INFO valid time: 0.361
2018-11-28 23:40:03,960 INFO valid loss: 0.408
2018-11-28 23:40:03,960 INFO valid accuracy: 0.754
2018-11-28 23:40:03,960 INFO valid precision: 0.761
2018-11-28 23:40:03,960 INFO valid recall: 0.728
2018-11-28 23:40:03,960 INFO valid F1: 0.744
2018-11-28 23:40:03,961 INFO valid AUC: 0.754
2018-11-28 23:40:04,079 INFO Epoch 6:
2018-11-28 23:40:04,080 INFO Training...
2018-11-28 23:40:06,450 INFO train time: 2.370
2018-11-28 23:40:06,451 INFO train loss: 0.204
2018-11-28 23:40:06,451 INFO train accuracy: 0.809
2018-11-28 23:40:06,451 INFO train precision: 0.792
2018-11-28 23:40:06,451 INFO train recall: 0.820
2018-11-28 23:40:06,451 INFO train F1: 0.806
2018-11-28 23:40:06,451 INFO train AUC: 0.809
2018-11-28 23:40:06,452 INFO Evaluating...
2018-11-28 23:40:06,816 INFO valid time: 0.364
2018-11-28 23:40:06,817 INFO valid loss: 0.334
2018-11-28 23:40:06,817 INFO valid accuracy: 0.776
2018-11-28 23:40:06,817 INFO valid precision: 0.754
2018-11-28 23:40:06,817 INFO valid recall: 0.807
2018-11-28 23:40:06,817 INFO valid F1: 0.780
2018-11-28 23:40:06,817 INFO valid AUC: 0.776
2018-11-28 23:40:06,908 INFO Epoch 7:
2018-11-28 23:40:06,909 INFO Training...
2018-11-28 23:40:09,292 INFO train time: 2.382
2018-11-28 23:40:09,292 INFO train loss: 0.184
2018-11-28 23:40:09,292 INFO train accuracy: 0.838
2018-11-28 23:40:09,292 INFO train precision: 0.823
2018-11-28 23:40:09,293 INFO train recall: 0.847
2018-11-28 23:40:09,293 INFO train F1: 0.835
2018-11-28 23:40:09,293 INFO train AUC: 0.838
2018-11-28 23:40:09,293 INFO Evaluating...
2018-11-28 23:40:09,677 INFO valid time: 0.383
2018-11-28 23:40:09,677 INFO valid loss: 0.299
2018-11-28 23:40:09,677 INFO valid accuracy: 0.784
2018-11-28 23:40:09,678 INFO valid precision: 0.786
2018-11-28 23:40:09,678 INFO valid recall: 0.772
2018-11-28 23:40:09,678 INFO valid F1: 0.779
2018-11-28 23:40:09,678 INFO valid AUC: 0.784
2018-11-28 23:40:09,802 INFO Epoch 8:
2018-11-28 23:40:09,803 INFO Training...
2018-11-28 23:40:12,150 INFO train time: 2.347
2018-11-28 23:40:12,150 INFO train loss: 0.166
2018-11-28 23:40:12,150 INFO train accuracy: 0.853
2018-11-28 23:40:12,151 INFO train precision: 0.852
2018-11-28 23:40:12,151 INFO train recall: 0.843
2018-11-28 23:40:12,151 INFO train F1: 0.847
2018-11-28 23:40:12,151 INFO train AUC: 0.853
2018-11-28 23:40:12,152 INFO Evaluating...
2018-11-28 23:40:12,521 INFO valid time: 0.369
2018-11-28 23:40:12,522 INFO valid loss: 0.247
2018-11-28 23:40:12,522 INFO valid accuracy: 0.784
2018-11-28 23:40:12,522 INFO valid precision: 0.771
2018-11-28 23:40:12,522 INFO valid recall: 0.798
2018-11-28 23:40:12,522 INFO valid F1: 0.784
2018-11-28 23:40:12,522 INFO valid AUC: 0.785
2018-11-28 23:40:12,645 INFO Epoch 9:
2018-11-28 23:40:12,646 INFO Training...
2018-11-28 23:40:15,049 INFO train time: 2.402
2018-11-28 23:40:15,049 INFO train loss: 0.157
2018-11-28 23:40:15,049 INFO train accuracy: 0.864
2018-11-28 23:40:15,049 INFO train precision: 0.851
2018-11-28 23:40:15,049 INFO train recall: 0.872
2018-11-28 23:40:15,049 INFO train F1: 0.861
2018-11-28 23:40:15,049 INFO train AUC: 0.864
2018-11-28 23:40:15,050 INFO Evaluating...
2018-11-28 23:40:15,416 INFO valid time: 0.366
2018-11-28 23:40:15,417 INFO valid loss: 0.209
2018-11-28 23:40:15,417 INFO valid accuracy: 0.810
2018-11-28 23:40:15,417 INFO valid precision: 0.802
2018-11-28 23:40:15,417 INFO valid recall: 0.816
2018-11-28 23:40:15,417 INFO valid F1: 0.809
2018-11-28 23:40:15,418 INFO valid AUC: 0.810
2018-11-28 23:40:15,509 INFO Epoch 10:
2018-11-28 23:40:15,510 INFO Training...
2018-11-28 23:40:17,887 INFO train time: 2.376
2018-11-28 23:40:17,887 INFO train loss: 0.131
2018-11-28 23:40:17,887 INFO train accuracy: 0.889
2018-11-28 23:40:17,888 INFO train precision: 0.901
2018-11-28 23:40:17,888 INFO train recall: 0.867
2018-11-28 23:40:17,888 INFO train F1: 0.884
2018-11-28 23:40:17,888 INFO train AUC: 0.889
2018-11-28 23:40:17,889 INFO Evaluating...
2018-11-28 23:40:18,263 INFO valid time: 0.374
2018-11-28 23:40:18,264 INFO valid loss: 0.167
2018-11-28 23:40:18,264 INFO valid accuracy: 0.797
2018-11-28 23:40:18,264 INFO valid precision: 0.752
2018-11-28 23:40:18,264 INFO valid recall: 0.877
2018-11-28 23:40:18,264 INFO valid F1: 0.810
2018-11-28 23:40:18,264 INFO valid AUC: 0.799
2018-11-28 23:40:18,353 INFO Epoch 11:
2018-11-28 23:40:18,354 INFO Training...
2018-11-28 23:40:20,887 INFO train time: 2.532
2018-11-28 23:40:20,887 INFO train loss: 0.130
2018-11-28 23:40:20,887 INFO train accuracy: 0.879
2018-11-28 23:40:20,888 INFO train precision: 0.855
2018-11-28 23:40:20,888 INFO train recall: 0.903
2018-11-28 23:40:20,888 INFO train F1: 0.878
2018-11-28 23:40:20,888 INFO train AUC: 0.880
2018-11-28 23:40:20,889 INFO Evaluating...
2018-11-28 23:40:21,262 INFO valid time: 0.372
2018-11-28 23:40:21,262 INFO valid loss: 0.175
2018-11-28 23:40:21,262 INFO valid accuracy: 0.845
2018-11-28 23:40:21,262 INFO valid precision: 0.882
2018-11-28 23:40:21,263 INFO valid recall: 0.789
2018-11-28 23:40:21,263 INFO valid F1: 0.833
2018-11-28 23:40:21,263 INFO valid AUC: 0.844
2018-11-28 23:40:21,354 INFO Epoch 12:
2018-11-28 23:40:21,355 INFO Training...
2018-11-28 23:40:23,821 INFO train time: 2.465
2018-11-28 23:40:23,821 INFO train loss: 0.116
2018-11-28 23:40:23,821 INFO train accuracy: 0.899
2018-11-28 23:40:23,821 INFO train precision: 0.920
2018-11-28 23:40:23,821 INFO train recall: 0.866
2018-11-28 23:40:23,821 INFO train F1: 0.892
2018-11-28 23:40:23,822 INFO train AUC: 0.898
2018-11-28 23:40:23,822 INFO Evaluating...
2018-11-28 23:40:24,191 INFO valid time: 0.369
2018-11-28 23:40:24,192 INFO valid loss: 0.163
2018-11-28 23:40:24,192 INFO valid accuracy: 0.789
2018-11-28 23:40:24,192 INFO valid precision: 0.744
2018-11-28 23:40:24,192 INFO valid recall: 0.868
2018-11-28 23:40:24,192 INFO valid F1: 0.802
2018-11-28 23:40:24,193 INFO valid AUC: 0.790
2018-11-28 23:40:24,279 INFO Epoch 13:
2018-11-28 23:40:24,281 INFO Training...
2018-11-28 23:40:26,661 INFO train time: 2.380
2018-11-28 23:40:26,662 INFO train loss: 0.139
2018-11-28 23:40:26,662 INFO train accuracy: 0.885
2018-11-28 23:40:26,662 INFO train precision: 0.861
2018-11-28 23:40:26,662 INFO train recall: 0.909
2018-11-28 23:40:26,662 INFO train F1: 0.885
2018-11-28 23:40:26,662 INFO train AUC: 0.886
2018-11-28 23:40:26,663 INFO Evaluating...
2018-11-28 23:40:27,047 INFO valid time: 0.384
2018-11-28 23:40:27,048 INFO valid loss: 0.135
2018-11-28 23:40:27,048 INFO valid accuracy: 0.862
2018-11-28 23:40:27,048 INFO valid precision: 0.866
2018-11-28 23:40:27,048 INFO valid recall: 0.851
2018-11-28 23:40:27,048 INFO valid F1: 0.858
2018-11-28 23:40:27,048 INFO valid AUC: 0.862
2018-11-28 23:40:27,139 INFO Epoch 14:
2018-11-28 23:40:27,141 INFO Training...
2018-11-28 23:40:29,581 INFO train time: 2.440
2018-11-28 23:40:29,582 INFO train loss: 0.123
2018-11-28 23:40:29,582 INFO train accuracy: 0.912
2018-11-28 23:40:29,582 INFO train precision: 0.929
2018-11-28 23:40:29,582 INFO train recall: 0.885
2018-11-28 23:40:29,582 INFO train F1: 0.907
2018-11-28 23:40:29,582 INFO train AUC: 0.911
2018-11-28 23:40:29,583 INFO Evaluating...
2018-11-28 23:40:29,986 INFO valid time: 0.402
2018-11-28 23:40:29,986 INFO valid loss: 0.161
2018-11-28 23:40:29,987 INFO valid accuracy: 0.797
2018-11-28 23:40:29,987 INFO valid precision: 0.777
2018-11-28 23:40:29,987 INFO valid recall: 0.825
2018-11-28 23:40:29,987 INFO valid F1: 0.800
2018-11-28 23:40:29,988 INFO valid AUC: 0.798
2018-11-28 23:40:30,099 INFO Epoch 15:
2018-11-28 23:40:30,104 INFO Training...
2018-11-28 23:40:32,519 INFO train time: 2.415
2018-11-28 23:40:32,520 INFO train loss: 0.150
2018-11-28 23:40:32,520 INFO train accuracy: 0.899
2018-11-28 23:40:32,520 INFO train precision: 0.896
2018-11-28 23:40:32,520 INFO train recall: 0.897
2018-11-28 23:40:32,520 INFO train F1: 0.896
2018-11-28 23:40:32,520 INFO train AUC: 0.899
2018-11-28 23:40:32,521 INFO Evaluating...
2018-11-28 23:40:32,912 INFO valid time: 0.391
2018-11-28 23:40:32,913 INFO valid loss: 0.131
2018-11-28 23:40:32,913 INFO valid accuracy: 0.841
2018-11-28 23:40:32,913 INFO valid precision: 0.794
2018-11-28 23:40:32,913 INFO valid recall: 0.912
2018-11-28 23:40:32,913 INFO valid F1: 0.849
2018-11-28 23:40:32,913 INFO valid AUC: 0.842
2018-11-28 23:40:33,002 INFO Epoch 16:
2018-11-28 23:40:33,017 INFO Training...
2018-11-28 23:40:35,508 INFO train time: 2.491
2018-11-28 23:40:35,508 INFO train loss: 0.165
2018-11-28 23:40:35,508 INFO train accuracy: 0.917
2018-11-28 23:40:35,508 INFO train precision: 0.902
2018-11-28 23:40:35,509 INFO train recall: 0.930
2018-11-28 23:40:35,509 INFO train F1: 0.916
2018-11-28 23:40:35,509 INFO train AUC: 0.918
2018-11-28 23:40:35,510 INFO Evaluating...
2018-11-28 23:40:35,901 INFO valid time: 0.391
2018-11-28 23:40:35,902 INFO valid loss: 0.169
2018-11-28 23:40:35,902 INFO valid accuracy: 0.832
2018-11-28 23:40:35,902 INFO valid precision: 0.952
2018-11-28 23:40:35,902 INFO valid recall: 0.693
2018-11-28 23:40:35,902 INFO valid F1: 0.802
2018-11-28 23:40:35,903 INFO valid AUC: 0.830
2018-11-28 23:40:35,996 INFO Epoch 17:
2018-11-28 23:40:35,998 INFO Training...
2018-11-28 23:40:38,330 INFO train time: 2.332
2018-11-28 23:40:38,331 INFO train loss: 0.134
2018-11-28 23:40:38,331 INFO train accuracy: 0.903
2018-11-28 23:40:38,331 INFO train precision: 0.974
2018-11-28 23:40:38,331 INFO train recall: 0.821
2018-11-28 23:40:38,331 INFO train F1: 0.891
2018-11-28 23:40:38,331 INFO train AUC: 0.901
2018-11-28 23:40:38,332 INFO Evaluating...
2018-11-28 23:40:38,689 INFO valid time: 0.356
2018-11-28 23:40:38,689 INFO valid loss: 0.165
2018-11-28 23:40:38,689 INFO valid accuracy: 0.780
2018-11-28 23:40:38,689 INFO valid precision: 0.706
2018-11-28 23:40:38,689 INFO valid recall: 0.947
2018-11-28 23:40:38,689 INFO valid F1: 0.809
2018-11-28 23:40:38,689 INFO valid AUC: 0.783
2018-11-28 23:40:38,807 INFO Epoch 18:
2018-11-28 23:40:38,808 INFO Training...
2018-11-28 23:40:41,130 INFO train time: 2.321
2018-11-28 23:40:41,130 INFO train loss: 0.172
2018-11-28 23:40:41,130 INFO train accuracy: 0.875
2018-11-28 23:40:41,130 INFO train precision: 0.805
2018-11-28 23:40:41,131 INFO train recall: 0.978
2018-11-28 23:40:41,131 INFO train F1: 0.883
2018-11-28 23:40:41,131 INFO train AUC: 0.878
2018-11-28 23:40:41,132 INFO Evaluating...
2018-11-28 23:40:41,530 INFO valid time: 0.398
2018-11-28 23:40:41,530 INFO valid loss: 0.225
2018-11-28 23:40:41,531 INFO valid accuracy: 0.780
2018-11-28 23:40:41,531 INFO valid precision: 0.985
2018-11-28 23:40:41,531 INFO valid recall: 0.561
2018-11-28 23:40:41,532 INFO valid F1: 0.715
2018-11-28 23:40:41,532 INFO valid AUC: 0.776
2018-11-28 23:40:41,661 INFO Epoch 19:
2018-11-28 23:40:41,663 INFO Training...
2018-11-28 23:40:44,234 INFO train time: 2.571
2018-11-28 23:40:44,235 INFO train loss: 0.169
2018-11-28 23:40:44,235 INFO train accuracy: 0.851
2018-11-28 23:40:44,235 INFO train precision: 0.998
2018-11-28 23:40:44,235 INFO train recall: 0.693
2018-11-28 23:40:44,235 INFO train F1: 0.818
2018-11-28 23:40:44,235 INFO train AUC: 0.846
2018-11-28 23:40:44,236 INFO Evaluating...
2018-11-28 23:40:44,621 INFO valid time: 0.385
2018-11-28 23:40:44,621 INFO valid loss: 0.123
2018-11-28 23:40:44,622 INFO valid accuracy: 0.806
2018-11-28 23:40:44,622 INFO valid precision: 0.735
2018-11-28 23:40:44,622 INFO valid recall: 0.947
2018-11-28 23:40:44,622 INFO valid F1: 0.828
2018-11-28 23:40:44,622 INFO valid AUC: 0.808
2018-11-28 23:40:44,712 INFO Epoch 20:
2018-11-28 23:40:44,713 INFO Training...
2018-11-28 23:40:47,176 INFO train time: 2.463
2018-11-28 23:40:47,177 INFO train loss: 0.130
2018-11-28 23:40:47,177 INFO train accuracy: 0.897
2018-11-28 23:40:47,177 INFO train precision: 0.839
2018-11-28 23:40:47,177 INFO train recall: 0.973
2018-11-28 23:40:47,177 INFO train F1: 0.901
2018-11-28 23:40:47,177 INFO train AUC: 0.899
2018-11-28 23:40:47,178 INFO Evaluating...
2018-11-28 23:40:47,560 INFO valid time: 0.382
2018-11-28 23:40:47,560 INFO valid loss: 0.134
2018-11-28 23:40:47,560 INFO valid accuracy: 0.841
2018-11-28 23:40:47,561 INFO valid precision: 0.953
2018-11-28 23:40:47,561 INFO valid recall: 0.711
2018-11-28 23:40:47,561 INFO valid F1: 0.814
2018-11-28 23:40:47,561 INFO valid AUC: 0.838
2018-11-28 23:40:47,662 INFO Epoch 21:
2018-11-28 23:40:47,663 INFO Training...
2018-11-28 23:40:50,067 INFO train time: 2.404
2018-11-28 23:40:50,068 INFO train loss: 0.098
2018-11-28 23:40:50,068 INFO train accuracy: 0.909
2018-11-28 23:40:50,068 INFO train precision: 0.992
2018-11-28 23:40:50,068 INFO train recall: 0.819
2018-11-28 23:40:50,069 INFO train F1: 0.897
2018-11-28 23:40:50,069 INFO train AUC: 0.906
2018-11-28 23:40:50,069 INFO Evaluating...
2018-11-28 23:40:50,418 INFO valid time: 0.348
2018-11-28 23:40:50,418 INFO valid loss: 0.094
2018-11-28 23:40:50,418 INFO valid accuracy: 0.836
2018-11-28 23:40:50,418 INFO valid precision: 0.779
2018-11-28 23:40:50,418 INFO valid recall: 0.930
2018-11-28 23:40:50,418 INFO valid F1: 0.848
2018-11-28 23:40:50,419 INFO valid AUC: 0.838
2018-11-28 23:40:50,540 INFO Epoch 22:
2018-11-28 23:40:50,541 INFO Training...
2018-11-28 23:40:52,902 INFO train time: 2.361
2018-11-28 23:40:52,903 INFO train loss: 0.086
2018-11-28 23:40:52,903 INFO train accuracy: 0.928
2018-11-28 23:40:52,903 INFO train precision: 0.897
2018-11-28 23:40:52,903 INFO train recall: 0.962
2018-11-28 23:40:52,903 INFO train F1: 0.928
2018-11-28 23:40:52,904 INFO train AUC: 0.929
2018-11-28 23:40:52,904 INFO Evaluating...
2018-11-28 23:40:53,299 INFO valid time: 0.394
2018-11-28 23:40:53,299 INFO valid loss: 0.107
2018-11-28 23:40:53,300 INFO valid accuracy: 0.853
2018-11-28 23:40:53,300 INFO valid precision: 0.965
2018-11-28 23:40:53,301 INFO valid recall: 0.728
2018-11-28 23:40:53,301 INFO valid F1: 0.830
2018-11-28 23:40:53,301 INFO valid AUC: 0.851
2018-11-28 23:40:53,421 INFO Epoch 23:
2018-11-28 23:40:53,423 INFO Training...
2018-11-28 23:40:55,802 INFO train time: 2.379
2018-11-28 23:40:55,802 INFO train loss: 0.082
2018-11-28 23:40:55,802 INFO train accuracy: 0.923
2018-11-28 23:40:55,802 INFO train precision: 0.995
2018-11-28 23:40:55,802 INFO train recall: 0.844
2018-11-28 23:40:55,803 INFO train F1: 0.914
2018-11-28 23:40:55,803 INFO train AUC: 0.920
2018-11-28 23:40:55,806 INFO Evaluating...
2018-11-28 23:40:56,189 INFO valid time: 0.383
2018-11-28 23:40:56,189 INFO valid loss: 0.096
2018-11-28 23:40:56,189 INFO valid accuracy: 0.832
2018-11-28 23:40:56,189 INFO valid precision: 0.762
2018-11-28 23:40:56,190 INFO valid recall: 0.956
2018-11-28 23:40:56,190 INFO valid F1: 0.848
2018-11-28 23:40:56,190 INFO valid AUC: 0.834
2018-11-28 23:40:56,290 INFO Epoch 24:
2018-11-28 23:40:56,305 INFO Training...
2018-11-28 23:40:58,610 INFO train time: 2.305
2018-11-28 23:40:58,611 INFO train loss: 0.077
2018-11-28 23:40:58,611 INFO train accuracy: 0.930
2018-11-28 23:40:58,612 INFO train precision: 0.885
2018-11-28 23:40:58,612 INFO train recall: 0.982
2018-11-28 23:40:58,612 INFO train F1: 0.931
2018-11-28 23:40:58,612 INFO train AUC: 0.931
2018-11-28 23:40:58,613 INFO Evaluating...
2018-11-28 23:40:59,005 INFO valid time: 0.391
2018-11-28 23:40:59,005 INFO valid loss: 0.062
2018-11-28 23:40:59,005 INFO valid accuracy: 0.892
2018-11-28 23:40:59,005 INFO valid precision: 0.924
2018-11-28 23:40:59,005 INFO valid recall: 0.851
2018-11-28 23:40:59,006 INFO valid F1: 0.886
2018-11-28 23:40:59,006 INFO valid AUC: 0.892
2018-11-28 23:40:59,102 INFO Epoch 25:
2018-11-28 23:40:59,103 INFO Training...
2018-11-28 23:41:01,366 INFO train time: 2.263
2018-11-28 23:41:01,367 INFO train loss: 0.057
2018-11-28 23:41:01,367 INFO train accuracy: 0.956
2018-11-28 23:41:01,367 INFO train precision: 0.980
2018-11-28 23:41:01,367 INFO train recall: 0.929
2018-11-28 23:41:01,367 INFO train F1: 0.954
2018-11-28 23:41:01,368 INFO train AUC: 0.955
2018-11-28 23:41:01,368 INFO Evaluating...
2018-11-28 23:41:01,735 INFO valid time: 0.367
2018-11-28 23:41:01,736 INFO valid loss: 0.059
2018-11-28 23:41:01,736 INFO valid accuracy: 0.901
2018-11-28 23:41:01,736 INFO valid precision: 0.903
2018-11-28 23:41:01,736 INFO valid recall: 0.895
2018-11-28 23:41:01,736 INFO valid F1: 0.899
2018-11-28 23:41:01,736 INFO valid AUC: 0.901
2018-11-28 23:41:01,840 INFO Epoch 26:
2018-11-28 23:41:01,842 INFO Training...
2018-11-28 23:41:04,094 INFO train time: 2.252
2018-11-28 23:41:04,095 INFO train loss: 0.050
2018-11-28 23:41:04,095 INFO train accuracy: 0.964
2018-11-28 23:41:04,095 INFO train precision: 0.968
2018-11-28 23:41:04,095 INFO train recall: 0.957
2018-11-28 23:41:04,095 INFO train F1: 0.962
2018-11-28 23:41:04,095 INFO train AUC: 0.963
2018-11-28 23:41:04,096 INFO Evaluating...
2018-11-28 23:41:04,469 INFO valid time: 0.373
2018-11-28 23:41:04,470 INFO valid loss: 0.059
2018-11-28 23:41:04,470 INFO valid accuracy: 0.888
2018-11-28 23:41:04,470 INFO valid precision: 0.879
2018-11-28 23:41:04,470 INFO valid recall: 0.895
2018-11-28 23:41:04,470 INFO valid F1: 0.887
2018-11-28 23:41:04,470 INFO valid AUC: 0.888
2018-11-28 23:41:04,560 INFO Epoch 27:
2018-11-28 23:41:04,562 INFO Training...
2018-11-28 23:41:06,849 INFO train time: 2.286
2018-11-28 23:41:06,849 INFO train loss: 0.047
2018-11-28 23:41:06,849 INFO train accuracy: 0.966
2018-11-28 23:41:06,849 INFO train precision: 0.966
2018-11-28 23:41:06,849 INFO train recall: 0.964
2018-11-28 23:41:06,850 INFO train F1: 0.965
2018-11-28 23:41:06,850 INFO train AUC: 0.966
2018-11-28 23:41:06,850 INFO Evaluating...
2018-11-28 23:41:07,233 INFO valid time: 0.383
2018-11-28 23:41:07,234 INFO valid loss: 0.057
2018-11-28 23:41:07,234 INFO valid accuracy: 0.888
2018-11-28 23:41:07,235 INFO valid precision: 0.893
2018-11-28 23:41:07,235 INFO valid recall: 0.877
2018-11-28 23:41:07,235 INFO valid F1: 0.885
2018-11-28 23:41:07,236 INFO valid AUC: 0.888
2018-11-28 23:41:07,332 INFO Epoch 28:
2018-11-28 23:41:07,334 INFO Training...
2018-11-28 23:41:09,929 INFO train time: 2.595
2018-11-28 23:41:09,930 INFO train loss: 0.043
2018-11-28 23:41:09,930 INFO train accuracy: 0.967
2018-11-28 23:41:09,930 INFO train precision: 0.980
2018-11-28 23:41:09,930 INFO train recall: 0.952
2018-11-28 23:41:09,930 INFO train F1: 0.966
2018-11-28 23:41:09,930 INFO train AUC: 0.967
2018-11-28 23:41:09,931 INFO Evaluating...
2018-11-28 23:41:10,314 INFO valid time: 0.383
2018-11-28 23:41:10,315 INFO valid loss: 0.055
2018-11-28 23:41:10,315 INFO valid accuracy: 0.897
2018-11-28 23:41:10,315 INFO valid precision: 0.902
2018-11-28 23:41:10,315 INFO valid recall: 0.886
2018-11-28 23:41:10,315 INFO valid F1: 0.894
2018-11-28 23:41:10,315 INFO valid AUC: 0.896
2018-11-28 23:41:10,414 INFO Epoch 29:
2018-11-28 23:41:10,416 INFO Training...
2018-11-28 23:41:12,758 INFO train time: 2.342
2018-11-28 23:41:12,758 INFO train loss: 0.040
2018-11-28 23:41:12,759 INFO train accuracy: 0.970
2018-11-28 23:41:12,759 INFO train precision: 0.979
2018-11-28 23:41:12,759 INFO train recall: 0.959
2018-11-28 23:41:12,759 INFO train F1: 0.969
2018-11-28 23:41:12,759 INFO train AUC: 0.970
2018-11-28 23:41:12,760 INFO Evaluating...
2018-11-28 23:41:13,135 INFO valid time: 0.375
2018-11-28 23:41:13,136 INFO valid loss: 0.054
2018-11-28 23:41:13,136 INFO valid accuracy: 0.897
2018-11-28 23:41:13,136 INFO valid precision: 0.888
2018-11-28 23:41:13,136 INFO valid recall: 0.904
2018-11-28 23:41:13,136 INFO valid F1: 0.896
2018-11-28 23:41:13,137 INFO valid AUC: 0.897
2018-11-28 23:41:13,260 INFO Epoch 30:
2018-11-28 23:41:13,262 INFO Training...
2018-11-28 23:41:15,565 INFO train time: 2.303
2018-11-28 23:41:15,565 INFO train loss: 0.038
2018-11-28 23:41:15,565 INFO train accuracy: 0.976
2018-11-28 23:41:15,565 INFO train precision: 0.982
2018-11-28 23:41:15,566 INFO train recall: 0.968
2018-11-28 23:41:15,566 INFO train F1: 0.975
2018-11-28 23:41:15,566 INFO train AUC: 0.976
2018-11-28 23:41:15,568 INFO Evaluating...
2018-11-28 23:41:15,942 INFO valid time: 0.374
2018-11-28 23:41:15,943 INFO valid loss: 0.052
2018-11-28 23:41:15,943 INFO valid accuracy: 0.892
2018-11-28 23:41:15,943 INFO valid precision: 0.887
2018-11-28 23:41:15,943 INFO valid recall: 0.895
2018-11-28 23:41:15,943 INFO valid F1: 0.891
2018-11-28 23:41:15,944 INFO valid AUC: 0.892
2018-11-28 23:41:16,033 INFO Epoch 31:
2018-11-28 23:41:16,034 INFO Training...
2018-11-28 23:41:18,460 INFO train time: 2.426
2018-11-28 23:41:18,460 INFO train loss: 0.035
2018-11-28 23:41:18,461 INFO train accuracy: 0.974
2018-11-28 23:41:18,461 INFO train precision: 0.979
2018-11-28 23:41:18,461 INFO train recall: 0.967
2018-11-28 23:41:18,461 INFO train F1: 0.973
2018-11-28 23:41:18,461 INFO train AUC: 0.974
2018-11-28 23:41:18,462 INFO Evaluating...
2018-11-28 23:41:18,878 INFO valid time: 0.415
2018-11-28 23:41:18,878 INFO valid loss: 0.051
2018-11-28 23:41:18,878 INFO valid accuracy: 0.901
2018-11-28 23:41:18,878 INFO valid precision: 0.903
2018-11-28 23:41:18,879 INFO valid recall: 0.895
2018-11-28 23:41:18,879 INFO valid F1: 0.899
2018-11-28 23:41:18,879 INFO valid AUC: 0.901
2018-11-28 23:41:18,994 INFO Epoch 32:
2018-11-28 23:41:18,995 INFO Training...
2018-11-28 23:41:21,698 INFO train time: 2.702
2018-11-28 23:41:21,698 INFO train loss: 0.033
2018-11-28 23:41:21,698 INFO train accuracy: 0.975
2018-11-28 23:41:21,699 INFO train precision: 0.982
2018-11-28 23:41:21,699 INFO train recall: 0.966
2018-11-28 23:41:21,699 INFO train F1: 0.974
2018-11-28 23:41:21,699 INFO train AUC: 0.974
2018-11-28 23:41:21,699 INFO Evaluating...
2018-11-28 23:41:22,062 INFO valid time: 0.362
2018-11-28 23:41:22,062 INFO valid loss: 0.051
2018-11-28 23:41:22,063 INFO valid accuracy: 0.892
2018-11-28 23:41:22,063 INFO valid precision: 0.894
2018-11-28 23:41:22,063 INFO valid recall: 0.886
2018-11-28 23:41:22,063 INFO valid F1: 0.890
2018-11-28 23:41:22,063 INFO valid AUC: 0.892
2018-11-28 23:41:22,176 INFO Epoch 33:
2018-11-28 23:41:22,177 INFO Training...
2018-11-28 23:41:24,636 INFO train time: 2.458
2018-11-28 23:41:24,636 INFO train loss: 0.031
2018-11-28 23:41:24,636 INFO train accuracy: 0.977
2018-11-28 23:41:24,637 INFO train precision: 0.983
2018-11-28 23:41:24,637 INFO train recall: 0.969
2018-11-28 23:41:24,637 INFO train F1: 0.976
2018-11-28 23:41:24,637 INFO train AUC: 0.977
2018-11-28 23:41:24,638 INFO Evaluating...
2018-11-28 23:41:25,062 INFO valid time: 0.424
2018-11-28 23:41:25,062 INFO valid loss: 0.049
2018-11-28 23:41:25,063 INFO valid accuracy: 0.909
2018-11-28 23:41:25,063 INFO valid precision: 0.904
2018-11-28 23:41:25,063 INFO valid recall: 0.912
2018-11-28 23:41:25,063 INFO valid F1: 0.908
2018-11-28 23:41:25,063 INFO valid AUC: 0.910
2018-11-28 23:41:25,154 INFO Epoch 34:
2018-11-28 23:41:25,158 INFO Training...
2018-11-28 23:41:27,472 INFO train time: 2.313
2018-11-28 23:41:27,472 INFO train loss: 0.029
2018-11-28 23:41:27,472 INFO train accuracy: 0.977
2018-11-28 23:41:27,472 INFO train precision: 0.978
2018-11-28 23:41:27,473 INFO train recall: 0.974
2018-11-28 23:41:27,473 INFO train F1: 0.976
2018-11-28 23:41:27,473 INFO train AUC: 0.977
2018-11-28 23:41:27,473 INFO Evaluating...
2018-11-28 23:41:27,929 INFO valid time: 0.455
2018-11-28 23:41:27,929 INFO valid loss: 0.050
2018-11-28 23:41:27,929 INFO valid accuracy: 0.905
2018-11-28 23:41:27,930 INFO valid precision: 0.911
2018-11-28 23:41:27,930 INFO valid recall: 0.895
2018-11-28 23:41:27,930 INFO valid F1: 0.903
2018-11-28 23:41:27,930 INFO valid AUC: 0.905
2018-11-28 23:41:28,026 INFO Epoch 35:
2018-11-28 23:41:28,027 INFO Training...
2018-11-28 23:41:30,415 INFO train time: 2.388
2018-11-28 23:41:30,416 INFO train loss: 0.027
2018-11-28 23:41:30,416 INFO train accuracy: 0.978
2018-11-28 23:41:30,416 INFO train precision: 0.988
2018-11-28 23:41:30,416 INFO train recall: 0.966
2018-11-28 23:41:30,416 INFO train F1: 0.977
2018-11-28 23:41:30,417 INFO train AUC: 0.977
2018-11-28 23:41:30,417 INFO Evaluating...
2018-11-28 23:41:30,805 INFO valid time: 0.387
2018-11-28 23:41:30,805 INFO valid loss: 0.047
2018-11-28 23:41:30,805 INFO valid accuracy: 0.914
2018-11-28 23:41:30,806 INFO valid precision: 0.905
2018-11-28 23:41:30,806 INFO valid recall: 0.921
2018-11-28 23:41:30,806 INFO valid F1: 0.913
2018-11-28 23:41:30,806 INFO valid AUC: 0.914
2018-11-28 23:41:30,931 INFO Epoch 36:
2018-11-28 23:41:30,932 INFO Training...
2018-11-28 23:41:33,253 INFO train time: 2.321
2018-11-28 23:41:33,253 INFO train loss: 0.026
2018-11-28 23:41:33,254 INFO train accuracy: 0.978
2018-11-28 23:41:33,254 INFO train precision: 0.972
2018-11-28 23:41:33,254 INFO train recall: 0.982
2018-11-28 23:41:33,254 INFO train F1: 0.977
2018-11-28 23:41:33,254 INFO train AUC: 0.978
2018-11-28 23:41:33,255 INFO Evaluating...
2018-11-28 23:41:33,637 INFO valid time: 0.382
2018-11-28 23:41:33,638 INFO valid loss: 0.052
2018-11-28 23:41:33,638 INFO valid accuracy: 0.909
2018-11-28 23:41:33,638 INFO valid precision: 0.904
2018-11-28 23:41:33,638 INFO valid recall: 0.912
2018-11-28 23:41:33,638 INFO valid F1: 0.908
2018-11-28 23:41:33,638 INFO valid AUC: 0.910
2018-11-28 23:41:33,753 INFO Epoch 37:
2018-11-28 23:41:33,754 INFO Training...
2018-11-28 23:41:36,037 INFO train time: 2.282
2018-11-28 23:41:36,037 INFO train loss: 0.025
2018-11-28 23:41:36,037 INFO train accuracy: 0.979
2018-11-28 23:41:36,038 INFO train precision: 0.993
2018-11-28 23:41:36,038 INFO train recall: 0.963
2018-11-28 23:41:36,038 INFO train F1: 0.978
2018-11-28 23:41:36,038 INFO train AUC: 0.979
2018-11-28 23:41:36,039 INFO Evaluating...
2018-11-28 23:41:36,436 INFO valid time: 0.397
2018-11-28 23:41:36,437 INFO valid loss: 0.051
2018-11-28 23:41:36,437 INFO valid accuracy: 0.918
2018-11-28 23:41:36,437 INFO valid precision: 0.906
2018-11-28 23:41:36,437 INFO valid recall: 0.930
2018-11-28 23:41:36,437 INFO valid F1: 0.918
2018-11-28 23:41:36,438 INFO valid AUC: 0.918
2018-11-28 23:41:36,523 INFO Epoch 38:
2018-11-28 23:41:36,527 INFO Training...
2018-11-28 23:41:38,868 INFO train time: 2.340
2018-11-28 23:41:38,868 INFO train loss: 0.027
2018-11-28 23:41:38,868 INFO train accuracy: 0.981
2018-11-28 23:41:38,868 INFO train precision: 0.980
2018-11-28 23:41:38,869 INFO train recall: 0.981
2018-11-28 23:41:38,870 INFO train F1: 0.980
2018-11-28 23:41:38,870 INFO train AUC: 0.981
2018-11-28 23:41:38,871 INFO Evaluating...
2018-11-28 23:41:39,219 INFO valid time: 0.347
2018-11-28 23:41:39,219 INFO valid loss: 0.052
2018-11-28 23:41:39,220 INFO valid accuracy: 0.909
2018-11-28 23:41:39,220 INFO valid precision: 0.919
2018-11-28 23:41:39,220 INFO valid recall: 0.895
2018-11-28 23:41:39,220 INFO valid F1: 0.907
2018-11-28 23:41:39,220 INFO valid AUC: 0.909
2018-11-28 23:41:39,326 INFO Epoch 39:
2018-11-28 23:41:39,327 INFO Training...
2018-11-28 23:41:41,645 INFO train time: 2.317
2018-11-28 23:41:41,645 INFO train loss: 0.023
2018-11-28 23:41:41,647 INFO train accuracy: 0.980
2018-11-28 23:41:41,647 INFO train precision: 0.999
2018-11-28 23:41:41,651 INFO train recall: 0.960
2018-11-28 23:41:41,652 INFO train F1: 0.979
2018-11-28 23:41:41,652 INFO train AUC: 0.980
2018-11-28 23:41:41,653 INFO Evaluating...
2018-11-28 23:41:42,111 INFO valid time: 0.458
2018-11-28 23:41:42,112 INFO valid loss: 0.047
2018-11-28 23:41:42,112 INFO valid accuracy: 0.922
2018-11-28 23:41:42,112 INFO valid precision: 0.914
2018-11-28 23:41:42,112 INFO valid recall: 0.930
2018-11-28 23:41:42,112 INFO valid F1: 0.922
2018-11-28 23:41:42,112 INFO valid AUC: 0.923
2018-11-28 23:41:42,209 INFO Epoch 40:
2018-11-28 23:41:42,210 INFO Training...
2018-11-28 23:41:44,464 INFO train time: 2.254
2018-11-28 23:41:44,464 INFO train loss: 0.023
2018-11-28 23:41:44,464 INFO train accuracy: 0.980
2018-11-28 23:41:44,464 INFO train precision: 0.969
2018-11-28 23:41:44,464 INFO train recall: 0.990
2018-11-28 23:41:44,464 INFO train F1: 0.979
2018-11-28 23:41:44,465 INFO train AUC: 0.980
2018-11-28 23:41:44,465 INFO Evaluating...
2018-11-28 23:41:44,883 INFO valid time: 0.417
2018-11-28 23:41:44,883 INFO valid loss: 0.057
2018-11-28 23:41:44,884 INFO valid accuracy: 0.909
2018-11-28 23:41:44,884 INFO valid precision: 0.919
2018-11-28 23:41:44,884 INFO valid recall: 0.895
2018-11-28 23:41:44,884 INFO valid F1: 0.907
2018-11-28 23:41:44,884 INFO valid AUC: 0.909
2018-11-28 23:41:44,974 INFO Epoch 41:
2018-11-28 23:41:44,979 INFO Training...
2018-11-28 23:41:47,169 INFO train time: 2.189
2018-11-28 23:41:47,169 INFO train loss: 0.023
2018-11-28 23:41:47,170 INFO train accuracy: 0.981
2018-11-28 23:41:47,170 INFO train precision: 0.999
2018-11-28 23:41:47,170 INFO train recall: 0.963
2018-11-28 23:41:47,170 INFO train F1: 0.981
2018-11-28 23:41:47,171 INFO train AUC: 0.981
2018-11-28 23:41:47,171 INFO Evaluating...
2018-11-28 23:41:47,569 INFO valid time: 0.397
2018-11-28 23:41:47,569 INFO valid loss: 0.050
2018-11-28 23:41:47,570 INFO valid accuracy: 0.931
2018-11-28 23:41:47,570 INFO valid precision: 0.930
2018-11-28 23:41:47,570 INFO valid recall: 0.930
2018-11-28 23:41:47,570 INFO valid F1: 0.930
2018-11-28 23:41:47,570 INFO valid AUC: 0.931
2018-11-28 23:41:47,693 INFO Epoch 42:
2018-11-28 23:41:47,696 INFO Training...
2018-11-28 23:41:50,161 INFO train time: 2.464
2018-11-28 23:41:50,161 INFO train loss: 0.021
2018-11-28 23:41:50,161 INFO train accuracy: 0.980
2018-11-28 23:41:50,161 INFO train precision: 0.970
2018-11-28 23:41:50,161 INFO train recall: 0.990
2018-11-28 23:41:50,161 INFO train F1: 0.980
2018-11-28 23:41:50,161 INFO train AUC: 0.981
2018-11-28 23:41:50,162 INFO Evaluating...
2018-11-28 23:41:50,626 INFO valid time: 0.463
2018-11-28 23:41:50,626 INFO valid loss: 0.058
2018-11-28 23:41:50,626 INFO valid accuracy: 0.918
2018-11-28 23:41:50,626 INFO valid precision: 0.920
2018-11-28 23:41:50,626 INFO valid recall: 0.912
2018-11-28 23:41:50,627 INFO valid F1: 0.916
2018-11-28 23:41:50,627 INFO valid AUC: 0.918
2018-11-28 23:41:50,741 INFO Epoch 43:
2018-11-28 23:41:50,742 INFO Training...
2018-11-28 23:41:53,219 INFO train time: 2.477
2018-11-28 23:41:53,219 INFO train loss: 0.020
2018-11-28 23:41:53,220 INFO train accuracy: 0.981
2018-11-28 23:41:53,220 INFO train precision: 0.983
2018-11-28 23:41:53,220 INFO train recall: 0.977
2018-11-28 23:41:53,220 INFO train F1: 0.980
2018-11-28 23:41:53,220 INFO train AUC: 0.981
2018-11-28 23:41:53,221 INFO Evaluating...
2018-11-28 23:41:53,570 INFO valid time: 0.349
2018-11-28 23:41:53,570 INFO valid loss: 0.057
2018-11-28 23:41:53,571 INFO valid accuracy: 0.918
2018-11-28 23:41:53,571 INFO valid precision: 0.952
2018-11-28 23:41:53,571 INFO valid recall: 0.877
2018-11-28 23:41:53,571 INFO valid F1: 0.913
2018-11-28 23:41:53,571 INFO valid AUC: 0.917
2018-11-28 23:41:53,693 INFO Epoch 44:
2018-11-28 23:41:53,694 INFO Training...
2018-11-28 23:41:56,040 INFO train time: 2.346
2018-11-28 23:41:56,040 INFO train loss: 0.022
2018-11-28 23:41:56,041 INFO train accuracy: 0.981
2018-11-28 23:41:56,041 INFO train precision: 0.985
2018-11-28 23:41:56,041 INFO train recall: 0.977
2018-11-28 23:41:56,041 INFO train F1: 0.981
2018-11-28 23:41:56,041 INFO train AUC: 0.981
2018-11-28 23:41:56,042 INFO Evaluating...
2018-11-28 23:41:56,438 INFO valid time: 0.396
2018-11-28 23:41:56,439 INFO valid loss: 0.073
2018-11-28 23:41:56,439 INFO valid accuracy: 0.892
2018-11-28 23:41:56,439 INFO valid precision: 0.862
2018-11-28 23:41:56,439 INFO valid recall: 0.930
2018-11-28 23:41:56,440 INFO valid F1: 0.895
2018-11-28 23:41:56,440 INFO valid AUC: 0.893
2018-11-28 23:41:56,556 INFO Epoch 45:
2018-11-28 23:41:56,557 INFO Training...
2018-11-28 23:41:58,895 INFO train time: 2.338
2018-11-28 23:41:58,896 INFO train loss: 0.025
2018-11-28 23:41:58,896 INFO train accuracy: 0.980
2018-11-28 23:41:58,896 INFO train precision: 0.974
2018-11-28 23:41:58,896 INFO train recall: 0.985
2018-11-28 23:41:58,896 INFO train F1: 0.979
2018-11-28 23:41:58,897 INFO train AUC: 0.980
2018-11-28 23:41:58,897 INFO Evaluating...
2018-11-28 23:41:59,302 INFO valid time: 0.404
2018-11-28 23:41:59,302 INFO valid loss: 0.060
2018-11-28 23:41:59,302 INFO valid accuracy: 0.922
2018-11-28 23:41:59,302 INFO valid precision: 0.980
2018-11-28 23:41:59,303 INFO valid recall: 0.860
2018-11-28 23:41:59,303 INFO valid F1: 0.916
2018-11-28 23:41:59,303 INFO valid AUC: 0.921
2018-11-28 23:41:59,394 INFO Epoch 46:
2018-11-28 23:41:59,395 INFO Training...
2018-11-28 23:42:01,743 INFO train time: 2.348
2018-11-28 23:42:01,744 INFO train loss: 0.026
2018-11-28 23:42:01,744 INFO train accuracy: 0.977
2018-11-28 23:42:01,744 INFO train precision: 0.984
2018-11-28 23:42:01,744 INFO train recall: 0.968
2018-11-28 23:42:01,744 INFO train F1: 0.976
2018-11-28 23:42:01,744 INFO train AUC: 0.977
2018-11-28 23:42:01,745 INFO Evaluating...
2018-11-28 23:42:02,133 INFO valid time: 0.387
2018-11-28 23:42:02,133 INFO valid loss: 0.080
2018-11-28 23:42:02,134 INFO valid accuracy: 0.892
2018-11-28 23:42:02,134 INFO valid precision: 0.862
2018-11-28 23:42:02,134 INFO valid recall: 0.930
2018-11-28 23:42:02,134 INFO valid F1: 0.895
2018-11-28 23:42:02,134 INFO valid AUC: 0.893
2018-11-28 23:42:02,230 INFO Epoch 47:
2018-11-28 23:42:02,235 INFO Training...
2018-11-28 23:42:04,516 INFO train time: 2.281
2018-11-28 23:42:04,516 INFO train loss: 0.028
2018-11-28 23:42:04,517 INFO train accuracy: 0.977
2018-11-28 23:42:04,517 INFO train precision: 0.959
2018-11-28 23:42:04,518 INFO train recall: 0.994
2018-11-28 23:42:04,518 INFO train F1: 0.976
2018-11-28 23:42:04,518 INFO train AUC: 0.977
2018-11-28 23:42:04,532 INFO Evaluating...
2018-11-28 23:42:04,898 INFO valid time: 0.366
2018-11-28 23:42:04,899 INFO valid loss: 0.061
2018-11-28 23:42:04,899 INFO valid accuracy: 0.927
2018-11-28 23:42:04,899 INFO valid precision: 0.971
2018-11-28 23:42:04,899 INFO valid recall: 0.877
2018-11-28 23:42:04,900 INFO valid F1: 0.922
2018-11-28 23:42:04,900 INFO valid AUC: 0.926
2018-11-28 23:42:04,995 INFO Epoch 48:
2018-11-28 23:42:04,996 INFO Training...
2018-11-28 23:42:07,295 INFO train time: 2.298
2018-11-28 23:42:07,295 INFO train loss: 0.026
2018-11-28 23:42:07,295 INFO train accuracy: 0.978
2018-11-28 23:42:07,296 INFO train precision: 0.997
2018-11-28 23:42:07,296 INFO train recall: 0.957
2018-11-28 23:42:07,296 INFO train F1: 0.977
2018-11-28 23:42:07,296 INFO train AUC: 0.977
2018-11-28 23:42:07,297 INFO Evaluating...
2018-11-28 23:42:07,723 INFO valid time: 0.426
2018-11-28 23:42:07,724 INFO valid loss: 0.058
2018-11-28 23:42:07,724 INFO valid accuracy: 0.922
2018-11-28 23:42:07,724 INFO valid precision: 0.900
2018-11-28 23:42:07,724 INFO valid recall: 0.947
2018-11-28 23:42:07,724 INFO valid F1: 0.923
2018-11-28 23:42:07,724 INFO valid AUC: 0.923
2018-11-28 23:42:07,820 INFO Epoch 49:
2018-11-28 23:42:07,821 INFO Training...
2018-11-28 23:42:10,081 INFO train time: 2.260
2018-11-28 23:42:10,081 INFO train loss: 0.022
2018-11-28 23:42:10,081 INFO train accuracy: 0.982
2018-11-28 23:42:10,081 INFO train precision: 0.970
2018-11-28 23:42:10,082 INFO train recall: 0.994
2018-11-28 23:42:10,082 INFO train F1: 0.982
2018-11-28 23:42:10,082 INFO train AUC: 0.982
2018-11-28 23:42:10,082 INFO Evaluating...
2018-11-28 23:42:10,476 INFO valid time: 0.394
2018-11-28 23:42:10,477 INFO valid loss: 0.064
2018-11-28 23:42:10,477 INFO valid accuracy: 0.905
2018-11-28 23:42:10,477 INFO valid precision: 0.911
2018-11-28 23:42:10,477 INFO valid recall: 0.895
2018-11-28 23:42:10,477 INFO valid F1: 0.903
2018-11-28 23:42:10,477 INFO valid AUC: 0.905
2018-11-28 23:42:10,579 INFO Epoch 50:
2018-11-28 23:42:10,580 INFO Training...
2018-11-28 23:42:12,953 INFO train time: 2.373
2018-11-28 23:42:12,954 INFO train loss: 0.020
2018-11-28 23:42:12,954 INFO train accuracy: 0.983
2018-11-28 23:42:12,954 INFO train precision: 0.996
2018-11-28 23:42:12,954 INFO train recall: 0.968
2018-11-28 23:42:12,954 INFO train F1: 0.982
2018-11-28 23:42:12,955 INFO train AUC: 0.982
2018-11-28 23:42:12,956 INFO Evaluating...
2018-11-28 23:42:13,333 INFO valid time: 0.378
2018-11-28 23:42:13,334 INFO valid loss: 0.056
2018-11-28 23:42:13,334 INFO valid accuracy: 0.922
2018-11-28 23:42:13,334 INFO valid precision: 0.914
2018-11-28 23:42:13,334 INFO valid recall: 0.930
2018-11-28 23:42:13,334 INFO valid F1: 0.922
2018-11-28 23:42:13,334 INFO valid AUC: 0.923
2018-11-28 23:42:13,422 INFO Epoch 51:
2018-11-28 23:42:13,434 INFO Training...
2018-11-28 23:42:15,764 INFO train time: 2.330
2018-11-28 23:42:15,764 INFO train loss: 0.019
2018-11-28 23:42:15,764 INFO train accuracy: 0.981
2018-11-28 23:42:15,764 INFO train precision: 0.970
2018-11-28 23:42:15,764 INFO train recall: 0.991
2018-11-28 23:42:15,765 INFO train F1: 0.980
2018-11-28 23:42:15,765 INFO train AUC: 0.981
2018-11-28 23:42:15,765 INFO Evaluating...
2018-11-28 23:42:16,191 INFO valid time: 0.425
2018-11-28 23:42:16,191 INFO valid loss: 0.053
2018-11-28 23:42:16,191 INFO valid accuracy: 0.922
2018-11-28 23:42:16,192 INFO valid precision: 0.944
2018-11-28 23:42:16,192 INFO valid recall: 0.895
2018-11-28 23:42:16,192 INFO valid F1: 0.919
2018-11-28 23:42:16,192 INFO valid AUC: 0.922
2018-11-28 23:42:16,328 INFO Epoch 52:
2018-11-28 23:42:16,329 INFO Training...
2018-11-28 23:42:18,840 INFO train time: 2.510
2018-11-28 23:42:18,840 INFO train loss: 0.018
2018-11-28 23:42:18,840 INFO train accuracy: 0.983
2018-11-28 23:42:18,841 INFO train precision: 1.000
2018-11-28 23:42:18,841 INFO train recall: 0.964
2018-11-28 23:42:18,841 INFO train F1: 0.982
2018-11-28 23:42:18,841 INFO train AUC: 0.982
2018-11-28 23:42:18,842 INFO Evaluating...
2018-11-28 23:42:19,238 INFO valid time: 0.396
2018-11-28 23:42:19,239 INFO valid loss: 0.052
2018-11-28 23:42:19,239 INFO valid accuracy: 0.927
2018-11-28 23:42:19,239 INFO valid precision: 0.929
2018-11-28 23:42:19,239 INFO valid recall: 0.921
2018-11-28 23:42:19,239 INFO valid F1: 0.925
2018-11-28 23:42:19,239 INFO valid AUC: 0.927
2018-11-28 23:42:19,329 INFO Epoch 53:
2018-11-28 23:42:19,331 INFO Training...
2018-11-28 23:42:21,651 INFO train time: 2.319
2018-11-28 23:42:21,651 INFO train loss: 0.017
2018-11-28 23:42:21,651 INFO train accuracy: 0.983
2018-11-28 23:42:21,652 INFO train precision: 0.975
2018-11-28 23:42:21,652 INFO train recall: 0.990
2018-11-28 23:42:21,652 INFO train F1: 0.982
2018-11-28 23:42:21,652 INFO train AUC: 0.983
2018-11-28 23:42:21,653 INFO Evaluating...
2018-11-28 23:42:22,038 INFO valid time: 0.385
2018-11-28 23:42:22,039 INFO valid loss: 0.053
2018-11-28 23:42:22,039 INFO valid accuracy: 0.927
2018-11-28 23:42:22,039 INFO valid precision: 0.929
2018-11-28 23:42:22,039 INFO valid recall: 0.921
2018-11-28 23:42:22,040 INFO valid F1: 0.925
2018-11-28 23:42:22,040 INFO valid AUC: 0.927
2018-11-28 23:42:22,157 INFO Epoch 54:
2018-11-28 23:42:22,158 INFO Training...
2018-11-28 23:42:24,494 INFO train time: 2.335
2018-11-28 23:42:24,494 INFO train loss: 0.017
2018-11-28 23:42:24,495 INFO train accuracy: 0.983
2018-11-28 23:42:24,495 INFO train precision: 0.982
2018-11-28 23:42:24,495 INFO train recall: 0.982
2018-11-28 23:42:24,495 INFO train F1: 0.982
2018-11-28 23:42:24,496 INFO train AUC: 0.983
2018-11-28 23:42:24,497 INFO Evaluating...
2018-11-28 23:42:24,874 INFO valid time: 0.377
2018-11-28 23:42:24,875 INFO valid loss: 0.053
2018-11-28 23:42:24,875 INFO valid accuracy: 0.927
2018-11-28 23:42:24,875 INFO valid precision: 0.929
2018-11-28 23:42:24,875 INFO valid recall: 0.921
2018-11-28 23:42:24,875 INFO valid F1: 0.925
2018-11-28 23:42:24,876 INFO valid AUC: 0.927
2018-11-28 23:42:24,967 INFO Epoch 55:
2018-11-28 23:42:24,969 INFO Training...
2018-11-28 23:42:27,240 INFO train time: 2.270
2018-11-28 23:42:27,240 INFO train loss: 0.016
2018-11-28 23:42:27,241 INFO train accuracy: 0.984
2018-11-28 23:42:27,241 INFO train precision: 0.983
2018-11-28 23:42:27,241 INFO train recall: 0.983
2018-11-28 23:42:27,241 INFO train F1: 0.983
2018-11-28 23:42:27,241 INFO train AUC: 0.984
2018-11-28 23:42:27,242 INFO Evaluating...
2018-11-28 23:42:27,620 INFO valid time: 0.378
2018-11-28 23:42:27,621 INFO valid loss: 0.053
2018-11-28 23:42:27,621 INFO valid accuracy: 0.909
2018-11-28 23:42:27,621 INFO valid precision: 0.919
2018-11-28 23:42:27,621 INFO valid recall: 0.895
2018-11-28 23:42:27,622 INFO valid F1: 0.907
2018-11-28 23:42:27,622 INFO valid AUC: 0.909
2018-11-28 23:42:27,738 INFO Epoch 56:
2018-11-28 23:42:27,739 INFO Training...
2018-11-28 23:42:30,070 INFO train time: 2.330
2018-11-28 23:42:30,070 INFO train loss: 0.016
2018-11-28 23:42:30,071 INFO train accuracy: 0.981
2018-11-28 23:42:30,071 INFO train precision: 0.991
2018-11-28 23:42:30,071 INFO train recall: 0.969
2018-11-28 23:42:30,072 INFO train F1: 0.980
2018-11-28 23:42:30,072 INFO train AUC: 0.981
2018-11-28 23:42:30,073 INFO Evaluating...
2018-11-28 23:42:30,465 INFO valid time: 0.392
2018-11-28 23:42:30,465 INFO valid loss: 0.051
2018-11-28 23:42:30,466 INFO valid accuracy: 0.914
2018-11-28 23:42:30,466 INFO valid precision: 0.905
2018-11-28 23:42:30,466 INFO valid recall: 0.921
2018-11-28 23:42:30,466 INFO valid F1: 0.913
2018-11-28 23:42:30,466 INFO valid AUC: 0.914
2018-11-28 23:42:30,574 INFO Epoch 57:
2018-11-28 23:42:30,575 INFO Training...
2018-11-28 23:42:33,615 INFO train time: 3.039
2018-11-28 23:42:33,615 INFO train loss: 0.016
2018-11-28 23:42:33,615 INFO train accuracy: 0.983
2018-11-28 23:42:33,616 INFO train precision: 0.976
2018-11-28 23:42:33,616 INFO train recall: 0.989
2018-11-28 23:42:33,616 INFO train F1: 0.982
2018-11-28 23:42:33,616 INFO train AUC: 0.983
2018-11-28 23:42:33,617 INFO Evaluating...
2018-11-28 23:42:34,008 INFO valid time: 0.391
2018-11-28 23:42:34,008 INFO valid loss: 0.052
2018-11-28 23:42:34,008 INFO valid accuracy: 0.901
2018-11-28 23:42:34,008 INFO valid precision: 0.903
2018-11-28 23:42:34,009 INFO valid recall: 0.895
2018-11-28 23:42:34,009 INFO valid F1: 0.899
2018-11-28 23:42:34,009 INFO valid AUC: 0.901
2018-11-28 23:42:34,211 INFO Epoch 58:
2018-11-28 23:42:34,212 INFO Training...
2018-11-28 23:42:36,638 INFO train time: 2.426
2018-11-28 23:42:36,639 INFO train loss: 0.016
2018-11-28 23:42:36,639 INFO train accuracy: 0.985
2018-11-28 23:42:36,639 INFO train precision: 0.997
2018-11-28 23:42:36,639 INFO train recall: 0.972
2018-11-28 23:42:36,639 INFO train F1: 0.984
2018-11-28 23:42:36,639 INFO train AUC: 0.985
2018-11-28 23:42:36,640 INFO Evaluating...
2018-11-28 23:42:37,009 INFO valid time: 0.369
2018-11-28 23:42:37,010 INFO valid loss: 0.053
2018-11-28 23:42:37,010 INFO valid accuracy: 0.909
2018-11-28 23:42:37,010 INFO valid precision: 0.919
2018-11-28 23:42:37,010 INFO valid recall: 0.895
2018-11-28 23:42:37,010 INFO valid F1: 0.907
2018-11-28 23:42:37,010 INFO valid AUC: 0.909
2018-11-28 23:42:37,103 INFO Epoch 59:
2018-11-28 23:42:37,104 INFO Training...
2018-11-28 23:42:39,432 INFO train time: 2.328
2018-11-28 23:42:39,433 INFO train loss: 0.016
2018-11-28 23:42:39,433 INFO train accuracy: 0.983
2018-11-28 23:42:39,433 INFO train precision: 0.987
2018-11-28 23:42:39,433 INFO train recall: 0.978
2018-11-28 23:42:39,433 INFO train F1: 0.983
2018-11-28 23:42:39,433 INFO train AUC: 0.983
2018-11-28 23:42:39,434 INFO Evaluating...
2018-11-28 23:42:39,905 INFO valid time: 0.471
2018-11-28 23:42:39,905 INFO valid loss: 0.054
2018-11-28 23:42:39,906 INFO valid accuracy: 0.905
2018-11-28 23:42:39,906 INFO valid precision: 0.904
2018-11-28 23:42:39,906 INFO valid recall: 0.904
2018-11-28 23:42:39,906 INFO valid F1: 0.904
2018-11-28 23:42:39,906 INFO valid AUC: 0.905
2018-11-28 23:42:40,017 INFO Epoch 60:
2018-11-28 23:42:40,018 INFO Training...
2018-11-28 23:42:42,480 INFO train time: 2.461
2018-11-28 23:42:42,480 INFO train loss: 0.015
2018-11-28 23:42:42,480 INFO train accuracy: 0.986
2018-11-28 23:42:42,481 INFO train precision: 0.990
2018-11-28 23:42:42,481 INFO train recall: 0.981
2018-11-28 23:42:42,481 INFO train F1: 0.985
2018-11-28 23:42:42,481 INFO train AUC: 0.986
2018-11-28 23:42:42,482 INFO Evaluating...
2018-11-28 23:42:42,874 INFO valid time: 0.392
2018-11-28 23:42:42,875 INFO valid loss: 0.054
2018-11-28 23:42:42,875 INFO valid accuracy: 0.918
2018-11-28 23:42:42,875 INFO valid precision: 0.920
2018-11-28 23:42:42,875 INFO valid recall: 0.912
2018-11-28 23:42:42,875 INFO valid F1: 0.916
2018-11-28 23:42:42,875 INFO valid AUC: 0.918
2018-11-28 23:42:42,985 INFO Epoch 61:
2018-11-28 23:42:42,993 INFO Training...
2018-11-28 23:42:45,340 INFO train time: 2.347
2018-11-28 23:42:45,340 INFO train loss: 0.015
2018-11-28 23:42:45,341 INFO train accuracy: 0.985
2018-11-28 23:42:45,341 INFO train precision: 0.986
2018-11-28 23:42:45,341 INFO train recall: 0.983
2018-11-28 23:42:45,341 INFO train F1: 0.985
2018-11-28 23:42:45,341 INFO train AUC: 0.985
2018-11-28 23:42:45,342 INFO Evaluating...
2018-11-28 23:42:45,768 INFO valid time: 0.426
2018-11-28 23:42:45,769 INFO valid loss: 0.055
2018-11-28 23:42:45,769 INFO valid accuracy: 0.918
2018-11-28 23:42:45,769 INFO valid precision: 0.928
2018-11-28 23:42:45,769 INFO valid recall: 0.904
2018-11-28 23:42:45,769 INFO valid F1: 0.916
2018-11-28 23:42:45,769 INFO valid AUC: 0.918
2018-11-28 23:42:45,865 INFO Epoch 62:
2018-11-28 23:42:45,870 INFO Training...
2018-11-28 23:42:48,198 INFO train time: 2.328
2018-11-28 23:42:48,199 INFO train loss: 0.015
2018-11-28 23:42:48,199 INFO train accuracy: 0.984
2018-11-28 23:42:48,199 INFO train precision: 0.991
2018-11-28 23:42:48,199 INFO train recall: 0.976
2018-11-28 23:42:48,200 INFO train F1: 0.983
2018-11-28 23:42:48,200 INFO train AUC: 0.984
2018-11-28 23:42:48,201 INFO Evaluating...
2018-11-28 23:42:48,669 INFO valid time: 0.469
2018-11-28 23:42:48,670 INFO valid loss: 0.055
2018-11-28 23:42:48,670 INFO valid accuracy: 0.918
2018-11-28 23:42:48,670 INFO valid precision: 0.913
2018-11-28 23:42:48,671 INFO valid recall: 0.921
2018-11-28 23:42:48,671 INFO valid F1: 0.917
2018-11-28 23:42:48,671 INFO valid AUC: 0.918
2018-11-28 23:42:48,779 INFO Epoch 63:
2018-11-28 23:42:48,781 INFO Training...
2018-11-28 23:42:51,413 INFO train time: 2.632
2018-11-28 23:42:51,414 INFO train loss: 0.016
2018-11-28 23:42:51,414 INFO train accuracy: 0.983
2018-11-28 23:42:51,415 INFO train precision: 0.976
2018-11-28 23:42:51,415 INFO train recall: 0.989
2018-11-28 23:42:51,415 INFO train F1: 0.982
2018-11-28 23:42:51,415 INFO train AUC: 0.983
2018-11-28 23:42:51,416 INFO Evaluating...
2018-11-28 23:42:51,808 INFO valid time: 0.391
2018-11-28 23:42:51,808 INFO valid loss: 0.057
2018-11-28 23:42:51,808 INFO valid accuracy: 0.905
2018-11-28 23:42:51,809 INFO valid precision: 0.911
2018-11-28 23:42:51,809 INFO valid recall: 0.895
2018-11-28 23:42:51,809 INFO valid F1: 0.903
2018-11-28 23:42:51,809 INFO valid AUC: 0.905
2018-11-28 23:42:51,925 INFO Epoch 64:
2018-11-28 23:42:51,926 INFO Training...
2018-11-28 23:42:54,507 INFO train time: 2.580
2018-11-28 23:42:54,508 INFO train loss: 0.016
2018-11-28 23:42:54,508 INFO train accuracy: 0.985
2018-11-28 23:42:54,508 INFO train precision: 0.997
2018-11-28 23:42:54,508 INFO train recall: 0.971
2018-11-28 23:42:54,508 INFO train F1: 0.984
2018-11-28 23:42:54,509 INFO train AUC: 0.984
2018-11-28 23:42:54,509 INFO Evaluating...
2018-11-28 23:42:54,920 INFO valid time: 0.411
2018-11-28 23:42:54,921 INFO valid loss: 0.058
2018-11-28 23:42:54,921 INFO valid accuracy: 0.922
2018-11-28 23:42:54,921 INFO valid precision: 0.929
2018-11-28 23:42:54,921 INFO valid recall: 0.912
2018-11-28 23:42:54,921 INFO valid F1: 0.920
2018-11-28 23:42:54,921 INFO valid AUC: 0.922
2018-11-28 23:42:55,017 INFO Epoch 65:
2018-11-28 23:42:55,022 INFO Training...
2018-11-28 23:42:57,334 INFO train time: 2.312
2018-11-28 23:42:57,335 INFO train loss: 0.016
2018-11-28 23:42:57,335 INFO train accuracy: 0.983
2018-11-28 23:42:57,335 INFO train precision: 0.980
2018-11-28 23:42:57,335 INFO train recall: 0.985
2018-11-28 23:42:57,335 INFO train F1: 0.982
2018-11-28 23:42:57,335 INFO train AUC: 0.983
2018-11-28 23:42:57,336 INFO Evaluating...
2018-11-28 23:42:57,733 INFO valid time: 0.397
2018-11-28 23:42:57,733 INFO valid loss: 0.057
2018-11-28 23:42:57,733 INFO valid accuracy: 0.918
2018-11-28 23:42:57,733 INFO valid precision: 0.913
2018-11-28 23:42:57,734 INFO valid recall: 0.921
2018-11-28 23:42:57,734 INFO valid F1: 0.917
2018-11-28 23:42:57,734 INFO valid AUC: 0.918
2018-11-28 23:42:57,853 INFO Epoch 66:
2018-11-28 23:42:57,854 INFO Training...
2018-11-28 23:43:00,148 INFO train time: 2.294
2018-11-28 23:43:00,149 INFO train loss: 0.015
2018-11-28 23:43:00,149 INFO train accuracy: 0.984
2018-11-28 23:43:00,149 INFO train precision: 0.981
2018-11-28 23:43:00,150 INFO train recall: 0.986
2018-11-28 23:43:00,150 INFO train F1: 0.983
2018-11-28 23:43:00,150 INFO train AUC: 0.984
2018-11-28 23:43:00,151 INFO Evaluating...
2018-11-28 23:43:00,588 INFO valid time: 0.437
2018-11-28 23:43:00,589 INFO valid loss: 0.055
2018-11-28 23:43:00,590 INFO valid accuracy: 0.922
2018-11-28 23:43:00,590 INFO valid precision: 0.921
2018-11-28 23:43:00,590 INFO valid recall: 0.921
2018-11-28 23:43:00,590 INFO valid F1: 0.921
2018-11-28 23:43:00,590 INFO valid AUC: 0.922
2018-11-28 23:43:00,700 INFO Epoch 67:
2018-11-28 23:43:00,701 INFO Training...
2018-11-28 23:43:03,083 INFO train time: 2.382
2018-11-28 23:43:03,083 INFO train loss: 0.015
2018-11-28 23:43:03,084 INFO train accuracy: 0.985
2018-11-28 23:43:03,084 INFO train precision: 0.986
2018-11-28 23:43:03,084 INFO train recall: 0.982
2018-11-28 23:43:03,085 INFO train F1: 0.984
2018-11-28 23:43:03,085 INFO train AUC: 0.984
2018-11-28 23:43:03,086 INFO Evaluating...
2018-11-28 23:43:03,501 INFO valid time: 0.416
2018-11-28 23:43:03,502 INFO valid loss: 0.057
2018-11-28 23:43:03,502 INFO valid accuracy: 0.909
2018-11-28 23:43:03,502 INFO valid precision: 0.897
2018-11-28 23:43:03,502 INFO valid recall: 0.921
2018-11-28 23:43:03,502 INFO valid F1: 0.909
2018-11-28 23:43:03,503 INFO valid AUC: 0.910
2018-11-28 23:43:03,600 INFO Epoch 68:
2018-11-28 23:43:03,601 INFO Training...
2018-11-28 23:43:06,001 INFO train time: 2.400
2018-11-28 23:43:06,002 INFO train loss: 0.015
2018-11-28 23:43:06,002 INFO train accuracy: 0.984
2018-11-28 23:43:06,002 INFO train precision: 0.982
2018-11-28 23:43:06,002 INFO train recall: 0.985
2018-11-28 23:43:06,003 INFO train F1: 0.983
2018-11-28 23:43:06,003 INFO train AUC: 0.984
2018-11-28 23:43:06,003 INFO Evaluating...
2018-11-28 23:43:06,406 INFO valid time: 0.403
2018-11-28 23:43:06,407 INFO valid loss: 0.058
2018-11-28 23:43:06,407 INFO valid accuracy: 0.905
2018-11-28 23:43:06,407 INFO valid precision: 0.904
2018-11-28 23:43:06,407 INFO valid recall: 0.904
2018-11-28 23:43:06,407 INFO valid F1: 0.904
2018-11-28 23:43:06,407 INFO valid AUC: 0.905
2018-11-28 23:43:06,520 INFO Epoch 69:
2018-11-28 23:43:06,522 INFO Training...
2018-11-28 23:43:08,889 INFO train time: 2.367
2018-11-28 23:43:08,889 INFO train loss: 0.015
2018-11-28 23:43:08,890 INFO train accuracy: 0.985
2018-11-28 23:43:08,890 INFO train precision: 0.991
2018-11-28 23:43:08,890 INFO train recall: 0.977
2018-11-28 23:43:08,891 INFO train F1: 0.984
2018-11-28 23:43:08,891 INFO train AUC: 0.984
2018-11-28 23:43:08,892 INFO Evaluating...
2018-11-28 23:43:09,305 INFO valid time: 0.413
2018-11-28 23:43:09,306 INFO valid loss: 0.058
2018-11-28 23:43:09,306 INFO valid accuracy: 0.909
2018-11-28 23:43:09,306 INFO valid precision: 0.897
2018-11-28 23:43:09,306 INFO valid recall: 0.921
2018-11-28 23:43:09,306 INFO valid F1: 0.909
2018-11-28 23:43:09,307 INFO valid AUC: 0.910
2018-11-28 23:43:09,393 INFO Epoch 70:
2018-11-28 23:43:09,396 INFO Training...
2018-11-28 23:43:11,770 INFO train time: 2.373
2018-11-28 23:43:11,770 INFO train loss: 0.015
2018-11-28 23:43:11,771 INFO train accuracy: 0.984
2018-11-28 23:43:11,771 INFO train precision: 0.980
2018-11-28 23:43:11,771 INFO train recall: 0.987
2018-11-28 23:43:11,772 INFO train F1: 0.983
2018-11-28 23:43:11,772 INFO train AUC: 0.984
2018-11-28 23:43:11,773 INFO Evaluating...
2018-11-28 23:43:12,214 INFO valid time: 0.440
2018-11-28 23:43:12,214 INFO valid loss: 0.059
2018-11-28 23:43:12,214 INFO valid accuracy: 0.905
2018-11-28 23:43:12,215 INFO valid precision: 0.904
2018-11-28 23:43:12,215 INFO valid recall: 0.904
2018-11-28 23:43:12,215 INFO valid F1: 0.904
2018-11-28 23:43:12,215 INFO valid AUC: 0.905
2018-11-28 23:43:12,309 INFO Epoch 71:
2018-11-28 23:43:12,315 INFO Training...
2018-11-28 23:43:14,645 INFO train time: 2.330
2018-11-28 23:43:14,646 INFO train loss: 0.015
2018-11-28 23:43:14,646 INFO train accuracy: 0.984
2018-11-28 23:43:14,646 INFO train precision: 0.993
2018-11-28 23:43:14,646 INFO train recall: 0.973
2018-11-28 23:43:14,646 INFO train F1: 0.983
2018-11-28 23:43:14,646 INFO train AUC: 0.984
2018-11-28 23:43:14,647 INFO Evaluating...
2018-11-28 23:43:15,058 INFO valid time: 0.411
2018-11-28 23:43:15,059 INFO valid loss: 0.060
2018-11-28 23:43:15,059 INFO valid accuracy: 0.905
2018-11-28 23:43:15,059 INFO valid precision: 0.897
2018-11-28 23:43:15,059 INFO valid recall: 0.912
2018-11-28 23:43:15,059 INFO valid F1: 0.904
2018-11-28 23:43:15,059 INFO valid AUC: 0.905
2018-11-28 23:43:15,149 INFO Epoch 72:
2018-11-28 23:43:15,151 INFO Training...
2018-11-28 23:43:17,495 INFO train time: 2.343
2018-11-28 23:43:17,495 INFO train loss: 0.015
2018-11-28 23:43:17,496 INFO train accuracy: 0.985
2018-11-28 23:43:17,496 INFO train precision: 0.976
2018-11-28 23:43:17,496 INFO train recall: 0.992
2018-11-28 23:43:17,496 INFO train F1: 0.984
2018-11-28 23:43:17,496 INFO train AUC: 0.985
2018-11-28 23:43:17,497 INFO Evaluating...
2018-11-28 23:43:17,934 INFO valid time: 0.437
2018-11-28 23:43:17,934 INFO valid loss: 0.059
2018-11-28 23:43:17,934 INFO valid accuracy: 0.914
2018-11-28 23:43:17,934 INFO valid precision: 0.912
2018-11-28 23:43:17,935 INFO valid recall: 0.912
2018-11-28 23:43:17,935 INFO valid F1: 0.912
2018-11-28 23:43:17,935 INFO valid AUC: 0.914
2018-11-28 23:43:18,027 INFO Epoch 73:
2018-11-28 23:43:18,033 INFO Training...
2018-11-28 23:43:20,512 INFO train time: 2.479
2018-11-28 23:43:20,513 INFO train loss: 0.015
2018-11-28 23:43:20,513 INFO train accuracy: 0.983
2018-11-28 23:43:20,513 INFO train precision: 0.983
2018-11-28 23:43:20,513 INFO train recall: 0.982
2018-11-28 23:43:20,514 INFO train F1: 0.983
2018-11-28 23:43:20,514 INFO train AUC: 0.983
2018-11-28 23:43:20,515 INFO Evaluating...
2018-11-28 23:43:20,955 INFO valid time: 0.440
2018-11-28 23:43:20,955 INFO valid loss: 0.058
2018-11-28 23:43:20,956 INFO valid accuracy: 0.909
2018-11-28 23:43:20,956 INFO valid precision: 0.897
2018-11-28 23:43:20,956 INFO valid recall: 0.921
2018-11-28 23:43:20,956 INFO valid F1: 0.909
2018-11-28 23:43:20,957 INFO valid AUC: 0.910
2018-11-28 23:43:21,071 INFO Epoch 74:
2018-11-28 23:43:21,072 INFO Training...
2018-11-28 23:43:23,484 INFO train time: 2.411
2018-11-28 23:43:23,485 INFO train loss: 0.015
2018-11-28 23:43:23,485 INFO train accuracy: 0.984
2018-11-28 23:43:23,485 INFO train precision: 0.985
2018-11-28 23:43:23,485 INFO train recall: 0.982
2018-11-28 23:43:23,485 INFO train F1: 0.983
2018-11-28 23:43:23,485 INFO train AUC: 0.984
2018-11-28 23:43:23,486 INFO Evaluating...
2018-11-28 23:43:23,874 INFO valid time: 0.388
2018-11-28 23:43:23,874 INFO valid loss: 0.058
2018-11-28 23:43:23,875 INFO valid accuracy: 0.918
2018-11-28 23:43:23,875 INFO valid precision: 0.913
2018-11-28 23:43:23,875 INFO valid recall: 0.921
2018-11-28 23:43:23,875 INFO valid F1: 0.917
2018-11-28 23:43:23,875 INFO valid AUC: 0.918
2018-11-28 23:43:23,967 INFO Epoch 75:
2018-11-28 23:43:23,968 INFO Training...
2018-11-28 23:43:26,359 INFO train time: 2.390
2018-11-28 23:43:26,359 INFO train loss: 0.015
2018-11-28 23:43:26,359 INFO train accuracy: 0.984
2018-11-28 23:43:26,359 INFO train precision: 0.983
2018-11-28 23:43:26,359 INFO train recall: 0.983
2018-11-28 23:43:26,359 INFO train F1: 0.983
2018-11-28 23:43:26,359 INFO train AUC: 0.984
2018-11-28 23:43:26,360 INFO Evaluating...
2018-11-28 23:43:26,728 INFO valid time: 0.368
2018-11-28 23:43:26,728 INFO valid loss: 0.059
2018-11-28 23:43:26,728 INFO valid accuracy: 0.918
2018-11-28 23:43:26,729 INFO valid precision: 0.913
2018-11-28 23:43:26,729 INFO valid recall: 0.921
2018-11-28 23:43:26,729 INFO valid F1: 0.917
2018-11-28 23:43:26,729 INFO valid AUC: 0.918
2018-11-28 23:43:26,843 INFO Epoch 76:
2018-11-28 23:43:26,844 INFO Training...
2018-11-28 23:43:29,149 INFO train time: 2.305
2018-11-28 23:43:29,150 INFO train loss: 0.015
2018-11-28 23:43:29,150 INFO train accuracy: 0.985
2018-11-28 23:43:29,150 INFO train precision: 0.988
2018-11-28 23:43:29,150 INFO train recall: 0.980
2018-11-28 23:43:29,151 INFO train F1: 0.984
2018-11-28 23:43:29,151 INFO train AUC: 0.984
2018-11-28 23:43:29,152 INFO Evaluating...
2018-11-28 23:43:29,548 INFO valid time: 0.396
2018-11-28 23:43:29,549 INFO valid loss: 0.060
2018-11-28 23:43:29,549 INFO valid accuracy: 0.918
2018-11-28 23:43:29,549 INFO valid precision: 0.913
2018-11-28 23:43:29,549 INFO valid recall: 0.921
2018-11-28 23:43:29,549 INFO valid F1: 0.917
2018-11-28 23:43:29,549 INFO valid AUC: 0.918
2018-11-28 23:43:29,657 INFO Epoch 77:
2018-11-28 23:43:29,687 INFO Training...
2018-11-28 23:43:32,031 INFO train time: 2.344
2018-11-28 23:43:32,032 INFO train loss: 0.014
2018-11-28 23:43:32,032 INFO train accuracy: 0.984
2018-11-28 23:43:32,032 INFO train precision: 0.983
2018-11-28 23:43:32,032 INFO train recall: 0.983
2018-11-28 23:43:32,032 INFO train F1: 0.983
2018-11-28 23:43:32,032 INFO train AUC: 0.984
2018-11-28 23:43:32,033 INFO Evaluating...
2018-11-28 23:43:32,450 INFO valid time: 0.417
2018-11-28 23:43:32,451 INFO valid loss: 0.060
2018-11-28 23:43:32,451 INFO valid accuracy: 0.918
2018-11-28 23:43:32,451 INFO valid precision: 0.913
2018-11-28 23:43:32,451 INFO valid recall: 0.921
2018-11-28 23:43:32,451 INFO valid F1: 0.917
2018-11-28 23:43:32,451 INFO valid AUC: 0.918
2018-11-28 23:43:32,556 INFO Epoch 78:
2018-11-28 23:43:32,557 INFO Training...
2018-11-28 23:43:34,934 INFO train time: 2.377
2018-11-28 23:43:34,934 INFO train loss: 0.014
2018-11-28 23:43:34,947 INFO train accuracy: 0.983
2018-11-28 23:43:34,948 INFO train precision: 0.983
2018-11-28 23:43:34,948 INFO train recall: 0.982
2018-11-28 23:43:34,948 INFO train F1: 0.983
2018-11-28 23:43:34,948 INFO train AUC: 0.983
2018-11-28 23:43:34,949 INFO Evaluating...
2018-11-28 23:43:35,321 INFO valid time: 0.371
2018-11-28 23:43:35,321 INFO valid loss: 0.061
2018-11-28 23:43:35,321 INFO valid accuracy: 0.909
2018-11-28 23:43:35,321 INFO valid precision: 0.897
2018-11-28 23:43:35,321 INFO valid recall: 0.921
2018-11-28 23:43:35,322 INFO valid F1: 0.909
2018-11-28 23:43:35,322 INFO valid AUC: 0.910
2018-11-28 23:43:35,434 INFO Epoch 79:
2018-11-28 23:43:35,436 INFO Training...
2018-11-28 23:43:37,774 INFO train time: 2.338
2018-11-28 23:43:37,775 INFO train loss: 0.014
2018-11-28 23:43:37,775 INFO train accuracy: 0.984
2018-11-28 23:43:37,775 INFO train precision: 0.983
2018-11-28 23:43:37,775 INFO train recall: 0.983
2018-11-28 23:43:37,776 INFO train F1: 0.983
2018-11-28 23:43:37,776 INFO train AUC: 0.984
2018-11-28 23:43:37,777 INFO Evaluating...
2018-11-28 23:43:38,159 INFO valid time: 0.382
2018-11-28 23:43:38,159 INFO valid loss: 0.062
2018-11-28 23:43:38,159 INFO valid accuracy: 0.909
2018-11-28 23:43:38,159 INFO valid precision: 0.912
2018-11-28 23:43:38,159 INFO valid recall: 0.904
2018-11-28 23:43:38,160 INFO valid F1: 0.907
2018-11-28 23:43:38,160 INFO valid AUC: 0.909
2018-11-28 23:43:38,251 INFO Epoch 80:
2018-11-28 23:43:38,253 INFO Training...
2018-11-28 23:43:40,605 INFO train time: 2.351
2018-11-28 23:43:40,605 INFO train loss: 0.014
2018-11-28 23:43:40,606 INFO train accuracy: 0.985
2018-11-28 23:43:40,606 INFO train precision: 0.988
2018-11-28 23:43:40,606 INFO train recall: 0.980
2018-11-28 23:43:40,606 INFO train F1: 0.984
2018-11-28 23:43:40,606 INFO train AUC: 0.984
2018-11-28 23:43:40,607 INFO Evaluating...
2018-11-28 23:43:40,994 INFO valid time: 0.386
2018-11-28 23:43:40,994 INFO valid loss: 0.061
2018-11-28 23:43:40,995 INFO valid accuracy: 0.909
2018-11-28 23:43:40,995 INFO valid precision: 0.904
2018-11-28 23:43:40,995 INFO valid recall: 0.912
2018-11-28 23:43:40,995 INFO valid F1: 0.908
2018-11-28 23:43:40,996 INFO valid AUC: 0.910
2018-11-28 23:43:41,083 INFO Epoch 81:
2018-11-28 23:43:41,084 INFO Training...
2018-11-28 23:43:43,481 INFO train time: 2.397
2018-11-28 23:43:43,481 INFO train loss: 0.015
2018-11-28 23:43:43,482 INFO train accuracy: 0.983
2018-11-28 23:43:43,482 INFO train precision: 0.977
2018-11-28 23:43:43,482 INFO train recall: 0.989
2018-11-28 23:43:43,482 INFO train F1: 0.983
2018-11-28 23:43:43,482 INFO train AUC: 0.983
2018-11-28 23:43:43,483 INFO Evaluating...
2018-11-28 23:43:43,924 INFO valid time: 0.441
2018-11-28 23:43:43,925 INFO valid loss: 0.064
2018-11-28 23:43:43,925 INFO valid accuracy: 0.905
2018-11-28 23:43:43,925 INFO valid precision: 0.918
2018-11-28 23:43:43,925 INFO valid recall: 0.886
2018-11-28 23:43:43,926 INFO valid F1: 0.902
2018-11-28 23:43:43,926 INFO valid AUC: 0.905
2018-11-28 23:43:44,019 INFO Epoch 82:
2018-11-28 23:43:44,020 INFO Training...
2018-11-28 23:43:46,296 INFO train time: 2.276
2018-11-28 23:43:46,296 INFO train loss: 0.015
2018-11-28 23:43:46,297 INFO train accuracy: 0.985
2018-11-28 23:43:46,297 INFO train precision: 1.000
2018-11-28 23:43:46,297 INFO train recall: 0.968
2018-11-28 23:43:46,297 INFO train F1: 0.984
2018-11-28 23:43:46,297 INFO train AUC: 0.984
2018-11-28 23:43:46,298 INFO Evaluating...
2018-11-28 23:43:46,681 INFO valid time: 0.383
2018-11-28 23:43:46,681 INFO valid loss: 0.061
2018-11-28 23:43:46,682 INFO valid accuracy: 0.918
2018-11-28 23:43:46,682 INFO valid precision: 0.899
2018-11-28 23:43:46,682 INFO valid recall: 0.939
2018-11-28 23:43:46,682 INFO valid F1: 0.918
2018-11-28 23:43:46,682 INFO valid AUC: 0.918
2018-11-28 23:43:46,788 INFO Epoch 83:
2018-11-28 23:43:46,789 INFO Training...
2018-11-28 23:43:49,186 INFO train time: 2.397
2018-11-28 23:43:49,187 INFO train loss: 0.015
2018-11-28 23:43:49,187 INFO train accuracy: 0.984
2018-11-28 23:43:49,187 INFO train precision: 0.975
2018-11-28 23:43:49,187 INFO train recall: 0.992
2018-11-28 23:43:49,187 INFO train F1: 0.984
2018-11-28 23:43:49,187 INFO train AUC: 0.984
2018-11-28 23:43:49,188 INFO Evaluating...
2018-11-28 23:43:49,582 INFO valid time: 0.393
2018-11-28 23:43:49,582 INFO valid loss: 0.067
2018-11-28 23:43:49,582 INFO valid accuracy: 0.909
2018-11-28 23:43:49,583 INFO valid precision: 0.927
2018-11-28 23:43:49,583 INFO valid recall: 0.886
2018-11-28 23:43:49,583 INFO valid F1: 0.906
2018-11-28 23:43:49,583 INFO valid AUC: 0.909
2018-11-28 23:43:49,683 INFO Epoch 84:
2018-11-28 23:43:49,688 INFO Training...
2018-11-28 23:43:52,010 INFO train time: 2.322
2018-11-28 23:43:52,010 INFO train loss: 0.017
2018-11-28 23:43:52,011 INFO train accuracy: 0.983
2018-11-28 23:43:52,011 INFO train precision: 0.993
2018-11-28 23:43:52,011 INFO train recall: 0.972
2018-11-28 23:43:52,012 INFO train F1: 0.983
2018-11-28 23:43:52,012 INFO train AUC: 0.983
2018-11-28 23:43:52,013 INFO Evaluating...
2018-11-28 23:43:52,415 INFO valid time: 0.402
2018-11-28 23:43:52,415 INFO valid loss: 0.061
2018-11-28 23:43:52,416 INFO valid accuracy: 0.914
2018-11-28 23:43:52,416 INFO valid precision: 0.892
2018-11-28 23:43:52,416 INFO valid recall: 0.939
2018-11-28 23:43:52,416 INFO valid F1: 0.915
2018-11-28 23:43:52,416 INFO valid AUC: 0.914
2018-11-28 23:43:52,505 INFO Epoch 85:
2018-11-28 23:43:52,506 INFO Training...
2018-11-28 23:43:54,758 INFO train time: 2.251
2018-11-28 23:43:54,758 INFO train loss: 0.016
2018-11-28 23:43:54,758 INFO train accuracy: 0.981
2018-11-28 23:43:54,758 INFO train precision: 0.967
2018-11-28 23:43:54,758 INFO train recall: 0.996
2018-11-28 23:43:54,759 INFO train F1: 0.981
2018-11-28 23:43:54,759 INFO train AUC: 0.982
2018-11-28 23:43:54,760 INFO Evaluating...
2018-11-28 23:43:55,156 INFO valid time: 0.396
2018-11-28 23:43:55,156 INFO valid loss: 0.059
2018-11-28 23:43:55,156 INFO valid accuracy: 0.914
2018-11-28 23:43:55,156 INFO valid precision: 0.927
2018-11-28 23:43:55,156 INFO valid recall: 0.895
2018-11-28 23:43:55,157 INFO valid F1: 0.911
2018-11-28 23:43:55,157 INFO valid AUC: 0.913
2018-11-28 23:43:55,246 INFO Epoch 86:
2018-11-28 23:43:55,266 INFO Training...
2018-11-28 23:43:57,537 INFO train time: 2.270
2018-11-28 23:43:57,537 INFO train loss: 0.015
2018-11-28 23:43:57,537 INFO train accuracy: 0.983
2018-11-28 23:43:57,538 INFO train precision: 0.996
2018-11-28 23:43:57,538 INFO train recall: 0.968
2018-11-28 23:43:57,538 INFO train F1: 0.982
2018-11-28 23:43:57,538 INFO train AUC: 0.982
2018-11-28 23:43:57,539 INFO Evaluating...
2018-11-28 23:43:57,915 INFO valid time: 0.377
2018-11-28 23:43:57,916 INFO valid loss: 0.057
2018-11-28 23:43:57,916 INFO valid accuracy: 0.918
2018-11-28 23:43:57,916 INFO valid precision: 0.899
2018-11-28 23:43:57,916 INFO valid recall: 0.939
2018-11-28 23:43:57,916 INFO valid F1: 0.918
2018-11-28 23:43:57,916 INFO valid AUC: 0.918
2018-11-28 23:43:58,032 INFO Epoch 87:
2018-11-28 23:43:58,033 INFO Training...
2018-11-28 23:44:00,256 INFO train time: 2.223
2018-11-28 23:44:00,257 INFO train loss: 0.015
2018-11-28 23:44:00,257 INFO train accuracy: 0.981
2018-11-28 23:44:00,257 INFO train precision: 0.968
2018-11-28 23:44:00,257 INFO train recall: 0.994
2018-11-28 23:44:00,257 INFO train F1: 0.980
2018-11-28 23:44:00,258 INFO train AUC: 0.981
2018-11-28 23:44:00,259 INFO Evaluating...
2018-11-28 23:44:00,646 INFO valid time: 0.387
2018-11-28 23:44:00,646 INFO valid loss: 0.058
2018-11-28 23:44:00,646 INFO valid accuracy: 0.918
2018-11-28 23:44:00,646 INFO valid precision: 0.928
2018-11-28 23:44:00,646 INFO valid recall: 0.904
2018-11-28 23:44:00,647 INFO valid F1: 0.916
2018-11-28 23:44:00,647 INFO valid AUC: 0.918
2018-11-28 23:44:00,743 INFO Epoch 88:
2018-11-28 23:44:00,744 INFO Training...
2018-11-28 23:44:03,079 INFO train time: 2.335
2018-11-28 23:44:03,080 INFO train loss: 0.016
2018-11-28 23:44:03,080 INFO train accuracy: 0.980
2018-11-28 23:44:03,080 INFO train precision: 0.982
2018-11-28 23:44:03,080 INFO train recall: 0.976
2018-11-28 23:44:03,080 INFO train F1: 0.979
2018-11-28 23:44:03,080 INFO train AUC: 0.979
2018-11-28 23:44:03,081 INFO Evaluating...
2018-11-28 23:44:03,461 INFO valid time: 0.380
2018-11-28 23:44:03,462 INFO valid loss: 0.060
2018-11-28 23:44:03,462 INFO valid accuracy: 0.909
2018-11-28 23:44:03,462 INFO valid precision: 0.897
2018-11-28 23:44:03,462 INFO valid recall: 0.921
2018-11-28 23:44:03,462 INFO valid F1: 0.909
2018-11-28 23:44:03,462 INFO valid AUC: 0.910
2018-11-28 23:44:03,550 INFO Epoch 89:
2018-11-28 23:44:03,551 INFO Training...
2018-11-28 23:44:05,818 INFO train time: 2.266
2018-11-28 23:44:05,818 INFO train loss: 0.015
2018-11-28 23:44:05,818 INFO train accuracy: 0.982
2018-11-28 23:44:05,818 INFO train precision: 0.976
2018-11-28 23:44:05,818 INFO train recall: 0.987
2018-11-28 23:44:05,819 INFO train F1: 0.982
2018-11-28 23:44:05,819 INFO train AUC: 0.982
2018-11-28 23:44:05,820 INFO Evaluating...
2018-11-28 23:44:06,241 INFO valid time: 0.421
2018-11-28 23:44:06,242 INFO valid loss: 0.060
2018-11-28 23:44:06,242 INFO valid accuracy: 0.905
2018-11-28 23:44:06,243 INFO valid precision: 0.904
2018-11-28 23:44:06,243 INFO valid recall: 0.904
2018-11-28 23:44:06,243 INFO valid F1: 0.904
2018-11-28 23:44:06,243 INFO valid AUC: 0.905
2018-11-28 23:44:06,353 INFO Epoch 90:
2018-11-28 23:44:06,358 INFO Training...
2018-11-28 23:44:08,624 INFO train time: 2.266
2018-11-28 23:44:08,625 INFO train loss: 0.015
2018-11-28 23:44:08,625 INFO train accuracy: 0.985
2018-11-28 23:44:08,625 INFO train precision: 0.986
2018-11-28 23:44:08,625 INFO train recall: 0.983
2018-11-28 23:44:08,626 INFO train F1: 0.985
2018-11-28 23:44:08,626 INFO train AUC: 0.985
2018-11-28 23:44:08,627 INFO Evaluating...
2018-11-28 23:44:09,086 INFO valid time: 0.459
2018-11-28 23:44:09,087 INFO valid loss: 0.061
2018-11-28 23:44:09,087 INFO valid accuracy: 0.914
2018-11-28 23:44:09,087 INFO valid precision: 0.905
2018-11-28 23:44:09,087 INFO valid recall: 0.921
2018-11-28 23:44:09,087 INFO valid F1: 0.913
2018-11-28 23:44:09,087 INFO valid AUC: 0.914
2018-11-28 23:44:09,215 INFO Epoch 91:
2018-11-28 23:44:09,216 INFO Training...
2018-11-28 23:44:11,647 INFO train time: 2.431
2018-11-28 23:44:11,647 INFO train loss: 0.014
2018-11-28 23:44:11,647 INFO train accuracy: 0.983
2018-11-28 23:44:11,647 INFO train precision: 0.976
2018-11-28 23:44:11,647 INFO train recall: 0.989
2018-11-28 23:44:11,647 INFO train F1: 0.982
2018-11-28 23:44:11,647 INFO train AUC: 0.983
2018-11-28 23:44:11,648 INFO Evaluating...
2018-11-28 23:44:12,038 INFO valid time: 0.390
2018-11-28 23:44:12,038 INFO valid loss: 0.064
2018-11-28 23:44:12,038 INFO valid accuracy: 0.901
2018-11-28 23:44:12,039 INFO valid precision: 0.910
2018-11-28 23:44:12,039 INFO valid recall: 0.886
2018-11-28 23:44:12,039 INFO valid F1: 0.898
2018-11-28 23:44:12,039 INFO valid AUC: 0.901
2018-11-28 23:44:12,127 INFO Epoch 92:
2018-11-28 23:44:12,129 INFO Training...
2018-11-28 23:44:14,578 INFO train time: 2.449
2018-11-28 23:44:14,579 INFO train loss: 0.014
2018-11-28 23:44:14,579 INFO train accuracy: 0.984
2018-11-28 23:44:14,579 INFO train precision: 0.993
2018-11-28 23:44:14,579 INFO train recall: 0.973
2018-11-28 23:44:14,580 INFO train F1: 0.983
2018-11-28 23:44:14,580 INFO train AUC: 0.984
2018-11-28 23:44:14,581 INFO Evaluating...
2018-11-28 23:44:14,957 INFO valid time: 0.376
2018-11-28 23:44:14,957 INFO valid loss: 0.059
2018-11-28 23:44:14,957 INFO valid accuracy: 0.918
2018-11-28 23:44:14,958 INFO valid precision: 0.906
2018-11-28 23:44:14,958 INFO valid recall: 0.930
2018-11-28 23:44:14,958 INFO valid F1: 0.918
2018-11-28 23:44:14,958 INFO valid AUC: 0.918
2018-11-28 23:44:15,079 INFO Epoch 93:
2018-11-28 23:44:15,080 INFO Training...
2018-11-28 23:44:17,416 INFO train time: 2.336
2018-11-28 23:44:17,416 INFO train loss: 0.015
2018-11-28 23:44:17,416 INFO train accuracy: 0.981
2018-11-28 23:44:17,416 INFO train precision: 0.968
2018-11-28 23:44:17,417 INFO train recall: 0.994
2018-11-28 23:44:17,417 INFO train F1: 0.980
2018-11-28 23:44:17,417 INFO train AUC: 0.981
2018-11-28 23:44:17,418 INFO Evaluating...
2018-11-28 23:44:17,797 INFO valid time: 0.379
2018-11-28 23:44:17,798 INFO valid loss: 0.061
2018-11-28 23:44:17,798 INFO valid accuracy: 0.909
2018-11-28 23:44:17,798 INFO valid precision: 0.927
2018-11-28 23:44:17,798 INFO valid recall: 0.886
2018-11-28 23:44:17,798 INFO valid F1: 0.906
2018-11-28 23:44:17,798 INFO valid AUC: 0.909
2018-11-28 23:44:17,912 INFO Epoch 94:
2018-11-28 23:44:17,913 INFO Training...
2018-11-28 23:44:20,208 INFO train time: 2.294
2018-11-28 23:44:20,208 INFO train loss: 0.015
2018-11-28 23:44:20,208 INFO train accuracy: 0.983
2018-11-28 23:44:20,209 INFO train precision: 1.000
2018-11-28 23:44:20,209 INFO train recall: 0.966
2018-11-28 23:44:20,209 INFO train F1: 0.982
2018-11-28 23:44:20,209 INFO train AUC: 0.983
2018-11-28 23:44:20,210 INFO Evaluating...
2018-11-28 23:44:20,601 INFO valid time: 0.391
2018-11-28 23:44:20,602 INFO valid loss: 0.060
2018-11-28 23:44:20,602 INFO valid accuracy: 0.914
2018-11-28 23:44:20,602 INFO valid precision: 0.905
2018-11-28 23:44:20,602 INFO valid recall: 0.921
2018-11-28 23:44:20,603 INFO valid F1: 0.913
2018-11-28 23:44:20,603 INFO valid AUC: 0.914
2018-11-28 23:44:20,712 INFO Epoch 95:
2018-11-28 23:44:20,713 INFO Training...
2018-11-28 23:44:23,034 INFO train time: 2.320
2018-11-28 23:44:23,035 INFO train loss: 0.015
2018-11-28 23:44:23,036 INFO train accuracy: 0.981
2018-11-28 23:44:23,036 INFO train precision: 0.970
2018-11-28 23:44:23,036 INFO train recall: 0.992
2018-11-28 23:44:23,037 INFO train F1: 0.981
2018-11-28 23:44:23,037 INFO train AUC: 0.982
2018-11-28 23:44:23,038 INFO Evaluating...
2018-11-28 23:44:23,435 INFO valid time: 0.397
2018-11-28 23:44:23,435 INFO valid loss: 0.061
2018-11-28 23:44:23,436 INFO valid accuracy: 0.931
2018-11-28 23:44:23,436 INFO valid precision: 0.938
2018-11-28 23:44:23,436 INFO valid recall: 0.921
2018-11-28 23:44:23,436 INFO valid F1: 0.929
2018-11-28 23:44:23,436 INFO valid AUC: 0.931
2018-11-28 23:44:23,526 INFO Epoch 96:
2018-11-28 23:44:23,534 INFO Training...
2018-11-28 23:44:25,850 INFO train time: 2.316
2018-11-28 23:44:25,851 INFO train loss: 0.015
2018-11-28 23:44:25,851 INFO train accuracy: 0.981
2018-11-28 23:44:25,851 INFO train precision: 0.974
2018-11-28 23:44:25,851 INFO train recall: 0.989
2018-11-28 23:44:25,851 INFO train F1: 0.981
2018-11-28 23:44:25,852 INFO train AUC: 0.982
2018-11-28 23:44:25,852 INFO Evaluating...
2018-11-28 23:44:26,245 INFO valid time: 0.393
2018-11-28 23:44:26,246 INFO valid loss: 0.060
2018-11-28 23:44:26,246 INFO valid accuracy: 0.918
2018-11-28 23:44:26,246 INFO valid precision: 0.920
2018-11-28 23:44:26,246 INFO valid recall: 0.912
2018-11-28 23:44:26,247 INFO valid F1: 0.916
2018-11-28 23:44:26,247 INFO valid AUC: 0.918
2018-11-28 23:44:26,361 INFO Epoch 97:
2018-11-28 23:44:26,362 INFO Training...
2018-11-28 23:44:28,896 INFO train time: 2.533
2018-11-28 23:44:28,897 INFO train loss: 0.015
2018-11-28 23:44:28,897 INFO train accuracy: 0.981
2018-11-28 23:44:28,898 INFO train precision: 0.987
2018-11-28 23:44:28,898 INFO train recall: 0.974
2018-11-28 23:44:28,898 INFO train F1: 0.981
2018-11-28 23:44:28,898 INFO train AUC: 0.981
2018-11-28 23:44:28,900 INFO Evaluating...
2018-11-28 23:44:29,292 INFO valid time: 0.392
2018-11-28 23:44:29,293 INFO valid loss: 0.059
2018-11-28 23:44:29,293 INFO valid accuracy: 0.905
2018-11-28 23:44:29,293 INFO valid precision: 0.904
2018-11-28 23:44:29,293 INFO valid recall: 0.904
2018-11-28 23:44:29,293 INFO valid F1: 0.904
2018-11-28 23:44:29,293 INFO valid AUC: 0.905
2018-11-28 23:44:29,383 INFO Epoch 98:
2018-11-28 23:44:29,385 INFO Training...
2018-11-28 23:44:31,728 INFO train time: 2.343
2018-11-28 23:44:31,728 INFO train loss: 0.015
2018-11-28 23:44:31,729 INFO train accuracy: 0.983
2018-11-28 23:44:31,729 INFO train precision: 0.983
2018-11-28 23:44:31,729 INFO train recall: 0.982
2018-11-28 23:44:31,729 INFO train F1: 0.983
2018-11-28 23:44:31,729 INFO train AUC: 0.983
2018-11-28 23:44:31,730 INFO Evaluating...
2018-11-28 23:44:32,145 INFO valid time: 0.415
2018-11-28 23:44:32,145 INFO valid loss: 0.060
2018-11-28 23:44:32,146 INFO valid accuracy: 0.905
2018-11-28 23:44:32,146 INFO valid precision: 0.897
2018-11-28 23:44:32,146 INFO valid recall: 0.912
2018-11-28 23:44:32,146 INFO valid F1: 0.904
2018-11-28 23:44:32,146 INFO valid AUC: 0.905
2018-11-28 23:44:32,250 INFO Epoch 99:
2018-11-28 23:44:32,278 INFO Training...
2018-11-28 23:44:34,571 INFO train time: 2.292
2018-11-28 23:44:34,572 INFO train loss: 0.014
2018-11-28 23:44:34,572 INFO train accuracy: 0.984
2018-11-28 23:44:34,572 INFO train precision: 0.980
2018-11-28 23:44:34,572 INFO train recall: 0.987
2018-11-28 23:44:34,572 INFO train F1: 0.983
2018-11-28 23:44:34,572 INFO train AUC: 0.984
2018-11-28 23:44:34,582 INFO Evaluating...
2018-11-28 23:44:34,979 INFO valid time: 0.397
2018-11-28 23:44:34,980 INFO valid loss: 0.057
2018-11-28 23:44:34,980 INFO valid accuracy: 0.905
2018-11-28 23:44:34,980 INFO valid precision: 0.911
2018-11-28 23:44:34,980 INFO valid recall: 0.895
2018-11-28 23:44:34,980 INFO valid F1: 0.903
2018-11-28 23:44:34,980 INFO valid AUC: 0.905
2018-11-28 23:44:35,080 INFO Restoring parameters from out/oncogenes_pairwise/model/model.ckpt
2018-11-28 23:44:35,111 INFO Evaluating...
2018-11-28 23:44:35,862 INFO test time: 0.750
2018-11-28 23:44:35,862 INFO test loss: 0.174
2018-11-28 23:44:35,862 INFO test accuracy: 0.948
2018-11-28 23:44:35,863 INFO test precision: 0.954
2018-11-28 23:44:35,863 INFO test recall: 0.946
2018-11-28 23:44:35,863 INFO test F1: 0.950
2018-11-28 23:44:35,863 INFO test AUC: 0.948
2018-11-28 23:44:35,965 INFO Saving History to out/oncogenes_pairwise/history.csv
2018-11-28 23:44:35,965 INFO Saving Summary to out/oncogenes_pairwise/summary.csv
2018-11-28 23:44:35,971 INFO All done!
