2018-11-14 01:20:04,742 INFO Initializing
2018-11-14 01:20:05,405 INFO Loaded 359 training samples
2018-11-14 01:20:05,405 INFO Loaded 52 validation samples
2018-11-14 01:20:05,405 INFO Loaded 103 test samples
2018-11-14 01:25:20,358 INFO Initializing
2018-11-14 01:25:21,005 INFO Loaded 359 training samples
2018-11-14 01:25:21,006 INFO Loaded 52 validation samples
2018-11-14 01:25:21,006 INFO Loaded 103 test samples
2018-11-14 01:25:25,529 INFO Model: 3D-CNN
2018-11-14 01:25:25,529 INFO Parameters: 799201506
2018-11-14 09:23:23,267 INFO Initializing
2018-11-14 09:23:24,033 INFO Loaded 359 training samples
2018-11-14 09:23:24,033 INFO Loaded 52 validation samples
2018-11-14 09:23:24,033 INFO Loaded 103 test samples
2018-11-14 09:23:31,028 INFO Model: 3D-CNN
2018-11-14 09:23:31,028 INFO Parameters: 799201506
2018-11-14 09:26:02,260 INFO Initializing
2018-11-14 09:26:03,387 INFO Loaded 359 training samples
2018-11-14 09:26:03,388 INFO Loaded 52 validation samples
2018-11-14 09:26:03,388 INFO Loaded 103 test samples
2018-11-14 09:27:14,435 INFO Initializing
2018-11-14 09:27:15,101 INFO Loaded 359 training samples
2018-11-14 09:27:15,101 INFO Loaded 52 validation samples
2018-11-14 09:27:15,102 INFO Loaded 103 test samples
2018-11-14 09:28:22,596 INFO Initializing
2018-11-14 09:28:23,260 INFO Loaded 359 training samples
2018-11-14 09:28:23,260 INFO Loaded 52 validation samples
2018-11-14 09:28:23,260 INFO Loaded 103 test samples
2018-11-14 09:29:42,603 INFO Initializing
2018-11-14 09:29:43,251 INFO Loaded 359 training samples
2018-11-14 09:29:43,251 INFO Loaded 52 validation samples
2018-11-14 09:29:43,252 INFO Loaded 103 test samples
2018-11-14 09:29:55,872 INFO Initializing
2018-11-14 09:29:56,530 INFO Loaded 359 training samples
2018-11-14 09:29:56,531 INFO Loaded 52 validation samples
2018-11-14 09:29:56,531 INFO Loaded 103 test samples
2018-11-14 09:31:25,022 INFO Initializing
2018-11-14 09:31:25,663 INFO Loaded 359 training samples
2018-11-14 09:31:25,663 INFO Loaded 52 validation samples
2018-11-14 09:31:25,663 INFO Loaded 103 test samples
2018-11-14 09:35:08,818 INFO Initializing
2018-11-14 09:35:09,461 INFO Loaded 359 training samples
2018-11-14 09:35:09,461 INFO Loaded 52 validation samples
2018-11-14 09:35:09,461 INFO Loaded 103 test samples
2018-11-14 09:35:14,480 INFO Model: 3D-CNN
2018-11-14 09:35:14,480 INFO Parameters: 610626
2018-11-14 09:35:14,609 INFO Epoch 0:
2018-11-14 09:35:14,628 INFO Training...
2018-11-14 09:37:01,630 INFO Initializing
2018-11-14 09:37:02,280 INFO Loaded 359 training samples
2018-11-14 09:37:02,281 INFO Loaded 52 validation samples
2018-11-14 09:37:02,281 INFO Loaded 103 test samples
2018-11-14 09:37:06,660 INFO Model: 3D-CNN
2018-11-14 09:37:06,660 INFO Parameters: 610626
2018-11-14 09:37:06,794 INFO Epoch 0:
2018-11-14 09:37:06,813 INFO Training...
2018-11-14 09:38:06,821 INFO Initializing
2018-11-14 09:38:11,852 INFO Model: 3D-CNN
2018-11-14 09:38:11,853 INFO Parameters: 610626
2018-11-14 09:38:11,980 INFO Epoch 0:
2018-11-14 09:38:12,118 INFO Epoch 1:
2018-11-14 09:38:12,204 INFO Epoch 2:
2018-11-14 09:38:12,291 INFO Epoch 3:
2018-11-14 09:38:12,378 INFO Epoch 4:
2018-11-14 09:38:12,463 INFO Epoch 5:
2018-11-14 09:38:12,548 INFO Epoch 6:
2018-11-14 09:38:12,634 INFO Epoch 7:
2018-11-14 09:38:12,720 INFO Epoch 8:
2018-11-14 09:38:12,810 INFO Epoch 9:
2018-11-14 09:38:12,895 INFO Restoring parameters from ../out/psiblast_volume/model/model.ckpt
2018-11-14 09:38:33,665 INFO Initializing
2018-11-14 09:38:34,310 INFO Loaded 359 training samples
2018-11-14 09:38:34,310 INFO Loaded 52 validation samples
2018-11-14 09:38:34,310 INFO Loaded 103 test samples
2018-11-14 09:38:38,739 INFO Model: 3D-CNN
2018-11-14 09:38:38,739 INFO Parameters: 610626
2018-11-14 09:38:38,873 INFO Epoch 0:
2018-11-14 09:38:38,892 INFO Training...
2018-11-14 09:38:45,827 INFO Initializing
2018-11-14 09:38:46,480 INFO Loaded 359 training samples
2018-11-14 09:38:46,480 INFO Loaded 52 validation samples
2018-11-14 09:38:46,481 INFO Loaded 103 test samples
2018-11-14 09:38:50,810 INFO Model: 3D-CNN
2018-11-14 09:38:50,810 INFO Parameters: 610626
2018-11-14 09:38:50,936 INFO Epoch 0:
2018-11-14 09:38:50,956 INFO Training...
2018-11-14 09:58:18,803 INFO Initializing
2018-11-14 09:58:19,894 INFO Loaded 359 training samples
2018-11-14 09:58:19,895 INFO Loaded 52 validation samples
2018-11-14 09:58:19,895 INFO Loaded 103 test samples
2018-11-14 09:58:26,134 INFO Model: 3D-CNN
2018-11-14 09:58:26,134 INFO Parameters: 610626
2018-11-14 09:58:26,259 INFO Epoch 0:
2018-11-14 09:58:26,278 INFO Training...
2018-11-14 09:58:38,237 INFO train time: 11.941
2018-11-14 09:58:38,237 INFO train loss: nan
2018-11-14 09:58:38,237 INFO train accuracy: 0.000
2018-11-14 09:58:38,237 INFO train precision: 0.000
2018-11-14 09:58:38,237 INFO train recall: 0.000
2018-11-14 09:58:38,238 INFO train AUC: 0.000
2018-11-14 09:58:38,244 INFO Evaluating...
