2018-12-04 16:20:34,801 INFO Initializing
2018-12-04 16:20:35,599 INFO Loaded 31261 training samples
2018-12-04 16:20:35,600 INFO Loaded 4467 validation samples
2018-12-04 16:20:35,600 INFO Loaded 8933 test samples
2018-12-04 16:20:40,685 INFO Model: Dilated_Graph-CNN
2018-12-04 16:20:40,686 INFO Parameters: 2167174
2018-12-04 16:20:41,571 INFO Epoch 0:
2018-12-04 16:20:41,591 INFO Training...
2018-12-04 16:34:00,270 INFO train time: 798.679
2018-12-04 16:34:00,271 INFO train loss: 1.210
2018-12-04 16:34:00,271 INFO train accuracy: 0.538
2018-12-04 16:34:00,271 INFO train precision: 0.807
2018-12-04 16:34:00,271 INFO train recall: 0.668
2018-12-04 16:34:00,272 INFO train F1: 0.731
2018-12-04 16:34:00,273 INFO Evaluating...
2018-12-04 16:34:59,445 INFO valid time: 59.172
2018-12-04 16:34:59,446 INFO valid loss: 1.078
2018-12-04 16:34:59,446 INFO valid accuracy: 0.608
2018-12-04 16:34:59,446 INFO valid precision: 0.836
2018-12-04 16:34:59,446 INFO valid recall: 0.785
2018-12-04 16:34:59,446 INFO valid F1: 0.809
2018-12-04 16:34:59,665 INFO Epoch 1:
2018-12-04 16:34:59,666 INFO Training...
2018-12-04 16:48:06,512 INFO train time: 786.845
2018-12-04 16:48:06,513 INFO train loss: 0.998
2018-12-04 16:48:06,513 INFO train accuracy: 0.634
2018-12-04 16:48:06,514 INFO train precision: 0.855
2018-12-04 16:48:06,514 INFO train recall: 0.769
2018-12-04 16:48:06,514 INFO train F1: 0.810
2018-12-04 16:48:06,515 INFO Evaluating...
2018-12-04 16:49:04,330 INFO valid time: 57.814
2018-12-04 16:49:04,330 INFO valid loss: 0.969
2018-12-04 16:49:04,330 INFO valid accuracy: 0.654
2018-12-04 16:49:04,330 INFO valid precision: 0.871
2018-12-04 16:49:04,330 INFO valid recall: 0.790
2018-12-04 16:49:04,330 INFO valid F1: 0.828
2018-12-04 16:49:04,515 INFO Epoch 2:
2018-12-04 16:49:04,516 INFO Training...
2018-12-04 17:02:11,835 INFO train time: 787.318
2018-12-04 17:02:11,835 INFO train loss: 0.862
2018-12-04 17:02:11,835 INFO train accuracy: 0.693
2018-12-04 17:02:11,835 INFO train precision: 0.881
2018-12-04 17:02:11,835 INFO train recall: 0.815
2018-12-04 17:02:11,835 INFO train F1: 0.846
2018-12-04 17:02:11,836 INFO Evaluating...
2018-12-04 17:03:09,384 INFO valid time: 57.547
2018-12-04 17:03:09,384 INFO valid loss: 0.896
2018-12-04 17:03:09,384 INFO valid accuracy: 0.679
2018-12-04 17:03:09,384 INFO valid precision: 0.883
2018-12-04 17:03:09,384 INFO valid recall: 0.794
2018-12-04 17:03:09,384 INFO valid F1: 0.836
2018-12-04 17:03:09,583 INFO Epoch 3:
2018-12-04 17:03:09,584 INFO Training...
2018-12-04 17:16:08,357 INFO train time: 778.772
2018-12-04 17:16:08,358 INFO train loss: 0.756
2018-12-04 17:16:08,358 INFO train accuracy: 0.737
2018-12-04 17:16:08,358 INFO train precision: 0.899
2018-12-04 17:16:08,358 INFO train recall: 0.843
2018-12-04 17:16:08,358 INFO train F1: 0.870
2018-12-04 17:16:08,359 INFO Evaluating...
2018-12-04 17:17:05,553 INFO valid time: 57.194
2018-12-04 17:17:05,554 INFO valid loss: 0.841
2018-12-04 17:17:05,554 INFO valid accuracy: 0.703
2018-12-04 17:17:05,554 INFO valid precision: 0.885
2018-12-04 17:17:05,554 INFO valid recall: 0.800
2018-12-04 17:17:05,555 INFO valid F1: 0.841
2018-12-04 17:17:05,737 INFO Epoch 4:
2018-12-04 17:17:05,738 INFO Training...
2018-12-04 17:30:09,165 INFO train time: 783.427
2018-12-04 17:30:09,166 INFO train loss: 0.664
2018-12-04 17:30:09,166 INFO train accuracy: 0.775
2018-12-04 17:30:09,166 INFO train precision: 0.915
2018-12-04 17:30:09,166 INFO train recall: 0.866
2018-12-04 17:30:09,166 INFO train F1: 0.890
2018-12-04 17:30:09,167 INFO Evaluating...
2018-12-04 17:31:08,664 INFO valid time: 59.497
2018-12-04 17:31:08,664 INFO valid loss: 0.797
2018-12-04 17:31:08,664 INFO valid accuracy: 0.729
2018-12-04 17:31:08,665 INFO valid precision: 0.894
2018-12-04 17:31:08,665 INFO valid recall: 0.836
2018-12-04 17:31:08,665 INFO valid F1: 0.864
2018-12-04 17:31:08,851 INFO Epoch 5:
2018-12-04 17:31:08,853 INFO Training...
2018-12-04 17:44:21,064 INFO train time: 792.211
2018-12-04 17:44:21,065 INFO train loss: 0.585
2018-12-04 17:44:21,065 INFO train accuracy: 0.807
2018-12-04 17:44:21,065 INFO train precision: 0.927
2018-12-04 17:44:21,065 INFO train recall: 0.885
2018-12-04 17:44:21,065 INFO train F1: 0.906
2018-12-04 17:44:21,066 INFO Evaluating...
2018-12-04 17:45:19,994 INFO valid time: 58.928
2018-12-04 17:45:19,994 INFO valid loss: 0.761
2018-12-04 17:45:19,994 INFO valid accuracy: 0.747
2018-12-04 17:45:19,995 INFO valid precision: 0.900
2018-12-04 17:45:19,995 INFO valid recall: 0.852
2018-12-04 17:45:19,995 INFO valid F1: 0.875
2018-12-04 17:45:20,291 INFO Epoch 6:
2018-12-04 17:45:20,292 INFO Training...
2018-12-04 17:58:38,848 INFO train time: 798.556
2018-12-04 17:58:38,849 INFO train loss: 0.515
2018-12-04 17:58:38,849 INFO train accuracy: 0.833
2018-12-04 17:58:38,849 INFO train precision: 0.938
2018-12-04 17:58:38,849 INFO train recall: 0.900
2018-12-04 17:58:38,850 INFO train F1: 0.919
2018-12-04 17:58:38,851 INFO Evaluating...
2018-12-04 17:59:36,674 INFO valid time: 57.822
2018-12-04 17:59:36,674 INFO valid loss: 0.738
2018-12-04 17:59:36,675 INFO valid accuracy: 0.758
2018-12-04 17:59:36,675 INFO valid precision: 0.901
2018-12-04 17:59:36,676 INFO valid recall: 0.870
2018-12-04 17:59:36,676 INFO valid F1: 0.885
2018-12-04 17:59:36,865 INFO Epoch 7:
2018-12-04 17:59:36,866 INFO Training...
2018-12-04 18:12:36,615 INFO train time: 779.749
2018-12-04 18:12:36,616 INFO train loss: 0.454
2018-12-04 18:12:36,616 INFO train accuracy: 0.857
2018-12-04 18:12:36,616 INFO train precision: 0.947
2018-12-04 18:12:36,616 INFO train recall: 0.915
2018-12-04 18:12:36,616 INFO train F1: 0.931
2018-12-04 18:12:36,617 INFO Evaluating...
2018-12-04 18:13:33,879 INFO valid time: 57.262
2018-12-04 18:13:33,879 INFO valid loss: 0.718
2018-12-04 18:13:33,879 INFO valid accuracy: 0.765
2018-12-04 18:13:33,880 INFO valid precision: 0.901
2018-12-04 18:13:33,880 INFO valid recall: 0.879
2018-12-04 18:13:33,880 INFO valid F1: 0.890
2018-12-04 18:13:34,076 INFO Epoch 8:
2018-12-04 18:13:34,077 INFO Training...
2018-12-04 18:26:37,454 INFO train time: 783.376
2018-12-04 18:26:37,454 INFO train loss: 0.397
2018-12-04 18:26:37,454 INFO train accuracy: 0.879
2018-12-04 18:26:37,455 INFO train precision: 0.955
2018-12-04 18:26:37,455 INFO train recall: 0.929
2018-12-04 18:26:37,455 INFO train F1: 0.942
2018-12-04 18:26:37,456 INFO Evaluating...
2018-12-04 18:27:35,295 INFO valid time: 57.839
2018-12-04 18:27:35,295 INFO valid loss: 0.699
2018-12-04 18:27:35,295 INFO valid accuracy: 0.776
2018-12-04 18:27:35,295 INFO valid precision: 0.904
2018-12-04 18:27:35,295 INFO valid recall: 0.884
2018-12-04 18:27:35,296 INFO valid F1: 0.894
2018-12-04 18:27:35,468 INFO Epoch 9:
2018-12-04 18:27:35,469 INFO Training...
2018-12-04 18:40:49,978 INFO train time: 794.508
2018-12-04 18:40:49,978 INFO train loss: 0.347
2018-12-04 18:40:49,979 INFO train accuracy: 0.897
2018-12-04 18:40:49,979 INFO train precision: 0.961
2018-12-04 18:40:49,979 INFO train recall: 0.940
2018-12-04 18:40:49,979 INFO train F1: 0.950
2018-12-04 18:40:49,979 INFO Evaluating...
2018-12-04 18:41:47,777 INFO valid time: 57.797
2018-12-04 18:41:47,777 INFO valid loss: 0.684
2018-12-04 18:41:47,777 INFO valid accuracy: 0.782
2018-12-04 18:41:47,778 INFO valid precision: 0.908
2018-12-04 18:41:47,778 INFO valid recall: 0.883
2018-12-04 18:41:47,778 INFO valid F1: 0.895
2018-12-04 18:41:47,957 INFO Epoch 10:
2018-12-04 18:41:47,958 INFO Training...
2018-12-04 18:55:04,128 INFO train time: 796.169
2018-12-04 18:55:04,128 INFO train loss: 0.303
2018-12-04 18:55:04,128 INFO train accuracy: 0.915
2018-12-04 18:55:04,129 INFO train precision: 0.969
2018-12-04 18:55:04,129 INFO train recall: 0.950
2018-12-04 18:55:04,129 INFO train F1: 0.959
2018-12-04 18:55:04,130 INFO Evaluating...
2018-12-04 18:56:01,494 INFO valid time: 57.364
2018-12-04 18:56:01,495 INFO valid loss: 0.676
2018-12-04 18:56:01,495 INFO valid accuracy: 0.787
2018-12-04 18:56:01,495 INFO valid precision: 0.910
2018-12-04 18:56:01,495 INFO valid recall: 0.885
2018-12-04 18:56:01,495 INFO valid F1: 0.898
2018-12-04 18:56:01,679 INFO Epoch 11:
2018-12-04 18:56:01,680 INFO Training...
2018-12-04 19:08:57,298 INFO train time: 775.617
2018-12-04 19:08:57,298 INFO train loss: 0.263
2018-12-04 19:08:57,298 INFO train accuracy: 0.929
2018-12-04 19:08:57,298 INFO train precision: 0.975
2018-12-04 19:08:57,298 INFO train recall: 0.959
2018-12-04 19:08:57,299 INFO train F1: 0.967
2018-12-04 19:08:57,299 INFO Evaluating...
2018-12-04 19:09:54,573 INFO valid time: 57.274
2018-12-04 19:09:54,574 INFO valid loss: 0.669
2018-12-04 19:09:54,574 INFO valid accuracy: 0.792
2018-12-04 19:09:54,574 INFO valid precision: 0.911
2018-12-04 19:09:54,575 INFO valid recall: 0.895
2018-12-04 19:09:54,575 INFO valid F1: 0.902
2018-12-04 19:09:54,766 INFO Epoch 12:
2018-12-04 19:09:54,767 INFO Training...
