2018-12-04 15:40:48,865 INFO Initializing
2018-12-04 15:40:49,434 INFO Loaded 1619 training samples
2018-12-04 15:40:49,434 INFO Loaded 232 validation samples
2018-12-04 15:40:49,435 INFO Loaded 463 test samples
2018-12-04 15:40:55,445 INFO Model: Dilated_Graph-CNN
2018-12-04 15:40:55,446 INFO Parameters: 11207386
2018-12-04 15:40:56,831 INFO Epoch 0:
2018-12-04 15:40:56,857 INFO Training...
2018-12-04 15:41:03,634 INFO train time: 6.777
2018-12-04 15:41:03,634 INFO train loss: 0.383
2018-12-04 15:41:03,635 INFO train accuracy: 0.806
2018-12-04 15:41:03,635 INFO train precision: 0.807
2018-12-04 15:41:03,635 INFO train recall: 0.799
2018-12-04 15:41:03,635 INFO train F1: 0.803
2018-12-04 15:41:03,635 INFO train AUC: 0.806
2018-12-04 15:41:03,636 INFO Evaluating...
2018-12-04 15:41:04,685 INFO valid time: 1.049
2018-12-04 15:41:04,686 INFO valid loss: 0.252
2018-12-04 15:41:04,686 INFO valid accuracy: 0.819
2018-12-04 15:41:04,686 INFO valid precision: 1.000
2018-12-04 15:41:04,686 INFO valid recall: 0.644
2018-12-04 15:41:04,686 INFO valid F1: 0.784
2018-12-04 15:41:04,687 INFO valid AUC: 0.822
2018-12-04 15:41:05,302 INFO Epoch 1:
2018-12-04 15:41:05,316 INFO Training...
2018-12-04 15:41:11,170 INFO train time: 5.854
2018-12-04 15:41:11,170 INFO train loss: 0.176
2018-12-04 15:41:11,171 INFO train accuracy: 0.918
2018-12-04 15:41:11,171 INFO train precision: 0.933
2018-12-04 15:41:11,171 INFO train recall: 0.900
2018-12-04 15:41:11,171 INFO train F1: 0.916
2018-12-04 15:41:11,171 INFO train AUC: 0.918
2018-12-04 15:41:11,172 INFO Evaluating...
2018-12-04 15:41:11,982 INFO valid time: 0.810
2018-12-04 15:41:11,983 INFO valid loss: 0.186
2018-12-04 15:41:11,983 INFO valid accuracy: 0.875
2018-12-04 15:41:11,983 INFO valid precision: 0.887
2018-12-04 15:41:11,983 INFO valid recall: 0.864
2018-12-04 15:41:11,983 INFO valid F1: 0.876
2018-12-04 15:41:11,984 INFO valid AUC: 0.875
2018-12-04 15:41:12,527 INFO Epoch 2:
2018-12-04 15:41:12,543 INFO Training...
2018-12-04 15:41:18,775 INFO train time: 6.232
2018-12-04 15:41:18,776 INFO train loss: 0.100
2018-12-04 15:41:18,776 INFO train accuracy: 0.966
2018-12-04 15:41:18,776 INFO train precision: 0.975
2018-12-04 15:41:18,776 INFO train recall: 0.956
2018-12-04 15:41:18,776 INFO train F1: 0.965
2018-12-04 15:41:18,776 INFO train AUC: 0.966
2018-12-04 15:41:18,777 INFO Evaluating...
2018-12-04 15:41:19,665 INFO valid time: 0.888
2018-12-04 15:41:19,666 INFO valid loss: 0.199
2018-12-04 15:41:19,666 INFO valid accuracy: 0.875
2018-12-04 15:41:19,666 INFO valid precision: 0.941
2018-12-04 15:41:19,666 INFO valid recall: 0.805
2018-12-04 15:41:19,666 INFO valid F1: 0.868
2018-12-04 15:41:19,666 INFO valid AUC: 0.876
2018-12-04 15:41:20,172 INFO Epoch 3:
2018-12-04 15:41:20,186 INFO Training...
2018-12-04 15:41:26,464 INFO train time: 6.278
2018-12-04 15:41:26,465 INFO train loss: 0.074
2018-12-04 15:41:26,465 INFO train accuracy: 0.978
2018-12-04 15:41:26,465 INFO train precision: 0.982
2018-12-04 15:41:26,465 INFO train recall: 0.973
2018-12-04 15:41:26,465 INFO train F1: 0.977
2018-12-04 15:41:26,465 INFO train AUC: 0.978
2018-12-04 15:41:26,466 INFO Evaluating...
2018-12-04 15:41:27,387 INFO valid time: 0.921
2018-12-04 15:41:27,387 INFO valid loss: 0.260
2018-12-04 15:41:27,388 INFO valid accuracy: 0.884
2018-12-04 15:41:27,388 INFO valid precision: 0.853
2018-12-04 15:41:27,388 INFO valid recall: 0.932
2018-12-04 15:41:27,388 INFO valid F1: 0.891
2018-12-04 15:41:27,388 INFO valid AUC: 0.883
2018-12-04 15:41:27,912 INFO Epoch 4:
2018-12-04 15:41:27,928 INFO Training...
2018-12-04 15:41:33,929 INFO train time: 6.001
2018-12-04 15:41:33,930 INFO train loss: 0.063
2018-12-04 15:41:33,930 INFO train accuracy: 0.981
2018-12-04 15:41:33,930 INFO train precision: 0.984
2018-12-04 15:41:33,930 INFO train recall: 0.978
2018-12-04 15:41:33,930 INFO train F1: 0.981
2018-12-04 15:41:33,930 INFO train AUC: 0.981
2018-12-04 15:41:33,931 INFO Evaluating...
2018-12-04 15:41:34,834 INFO valid time: 0.902
2018-12-04 15:41:34,834 INFO valid loss: 0.184
2018-12-04 15:41:34,834 INFO valid accuracy: 0.888
2018-12-04 15:41:34,835 INFO valid precision: 0.904
2018-12-04 15:41:34,835 INFO valid recall: 0.873
2018-12-04 15:41:34,835 INFO valid F1: 0.888
2018-12-04 15:41:34,835 INFO valid AUC: 0.888
2018-12-04 15:41:35,369 INFO Epoch 5:
2018-12-04 15:41:35,383 INFO Training...
2018-12-04 15:41:41,558 INFO train time: 6.175
2018-12-04 15:41:41,559 INFO train loss: 0.055
2018-12-04 15:41:41,559 INFO train accuracy: 0.978
2018-12-04 15:41:41,559 INFO train precision: 0.979
2018-12-04 15:41:41,559 INFO train recall: 0.978
2018-12-04 15:41:41,559 INFO train F1: 0.978
2018-12-04 15:41:41,560 INFO train AUC: 0.978
2018-12-04 15:41:41,561 INFO Evaluating...
2018-12-04 15:41:42,421 INFO valid time: 0.860
2018-12-04 15:41:42,421 INFO valid loss: 0.205
2018-12-04 15:41:42,421 INFO valid accuracy: 0.897
2018-12-04 15:41:42,421 INFO valid precision: 0.952
2018-12-04 15:41:42,422 INFO valid recall: 0.839
2018-12-04 15:41:42,422 INFO valid F1: 0.892
2018-12-04 15:41:42,422 INFO valid AUC: 0.898
2018-12-04 15:41:42,944 INFO Epoch 6:
2018-12-04 15:41:42,959 INFO Training...
2018-12-04 15:41:49,026 INFO train time: 6.067
2018-12-04 15:41:49,027 INFO train loss: 0.053
2018-12-04 15:41:49,027 INFO train accuracy: 0.980
2018-12-04 15:41:49,027 INFO train precision: 0.985
2018-12-04 15:41:49,027 INFO train recall: 0.974
2018-12-04 15:41:49,027 INFO train F1: 0.979
2018-12-04 15:41:49,028 INFO train AUC: 0.980
2018-12-04 15:41:49,028 INFO Evaluating...
2018-12-04 15:41:49,924 INFO valid time: 0.896
2018-12-04 15:41:49,925 INFO valid loss: 0.196
2018-12-04 15:41:49,925 INFO valid accuracy: 0.884
2018-12-04 15:41:49,925 INFO valid precision: 0.889
2018-12-04 15:41:49,925 INFO valid recall: 0.881
2018-12-04 15:41:49,925 INFO valid F1: 0.885
2018-12-04 15:41:49,925 INFO valid AUC: 0.884
2018-12-04 15:41:50,467 INFO Epoch 7:
2018-12-04 15:41:50,483 INFO Training...
2018-12-04 15:41:56,751 INFO train time: 6.268
2018-12-04 15:41:56,752 INFO train loss: 0.054
2018-12-04 15:41:56,752 INFO train accuracy: 0.977
2018-12-04 15:41:56,752 INFO train precision: 0.981
2018-12-04 15:41:56,753 INFO train recall: 0.973
2018-12-04 15:41:56,753 INFO train F1: 0.977
2018-12-04 15:41:56,753 INFO train AUC: 0.977
2018-12-04 15:41:56,754 INFO Evaluating...
2018-12-04 15:41:57,663 INFO valid time: 0.909
2018-12-04 15:41:57,664 INFO valid loss: 0.229
2018-12-04 15:41:57,664 INFO valid accuracy: 0.884
2018-12-04 15:41:57,664 INFO valid precision: 0.870
2018-12-04 15:41:57,664 INFO valid recall: 0.907
2018-12-04 15:41:57,665 INFO valid F1: 0.888
2018-12-04 15:41:57,665 INFO valid AUC: 0.883
2018-12-04 15:41:58,208 INFO Epoch 8:
2018-12-04 15:41:58,223 INFO Training...
2018-12-04 15:42:04,312 INFO train time: 6.089
2018-12-04 15:42:04,313 INFO train loss: 0.054
2018-12-04 15:42:04,314 INFO train accuracy: 0.978
2018-12-04 15:42:04,314 INFO train precision: 0.981
2018-12-04 15:42:04,314 INFO train recall: 0.975
2018-12-04 15:42:04,314 INFO train F1: 0.978
2018-12-04 15:42:04,315 INFO train AUC: 0.978
2018-12-04 15:42:04,316 INFO Evaluating...
2018-12-04 15:42:05,217 INFO valid time: 0.902
2018-12-04 15:42:05,218 INFO valid loss: 0.225
2018-12-04 15:42:05,218 INFO valid accuracy: 0.888
2018-12-04 15:42:05,218 INFO valid precision: 0.926
2018-12-04 15:42:05,218 INFO valid recall: 0.847
2018-12-04 15:42:05,218 INFO valid F1: 0.885
2018-12-04 15:42:05,218 INFO valid AUC: 0.889
2018-12-04 15:42:05,750 INFO Epoch 9:
2018-12-04 15:42:05,767 INFO Training...
2018-12-04 15:42:11,837 INFO train time: 6.070
2018-12-04 15:42:11,838 INFO train loss: 0.058
2018-12-04 15:42:11,838 INFO train accuracy: 0.978
2018-12-04 15:42:11,838 INFO train precision: 0.980
2018-12-04 15:42:11,838 INFO train recall: 0.976
2018-12-04 15:42:11,838 INFO train F1: 0.978
2018-12-04 15:42:11,838 INFO train AUC: 0.978
2018-12-04 15:42:11,839 INFO Evaluating...
2018-12-04 15:42:12,720 INFO valid time: 0.881
2018-12-04 15:42:12,721 INFO valid loss: 0.219
2018-12-04 15:42:12,721 INFO valid accuracy: 0.879
2018-12-04 15:42:12,721 INFO valid precision: 0.875
2018-12-04 15:42:12,721 INFO valid recall: 0.890
2018-12-04 15:42:12,721 INFO valid F1: 0.882
2018-12-04 15:42:12,721 INFO valid AUC: 0.879
2018-12-04 15:42:13,239 INFO Epoch 10:
2018-12-04 15:42:13,253 INFO Training...
2018-12-04 15:42:19,326 INFO train time: 6.073
2018-12-04 15:42:19,326 INFO train loss: 0.061
2018-12-04 15:42:19,326 INFO train accuracy: 0.979
2018-12-04 15:42:19,326 INFO train precision: 0.981
2018-12-04 15:42:19,326 INFO train recall: 0.976
2018-12-04 15:42:19,327 INFO train F1: 0.979
2018-12-04 15:42:19,327 INFO train AUC: 0.979
2018-12-04 15:42:19,327 INFO Evaluating...
2018-12-04 15:42:20,220 INFO valid time: 0.893
2018-12-04 15:42:20,221 INFO valid loss: 0.305
2018-12-04 15:42:20,221 INFO valid accuracy: 0.879
2018-12-04 15:42:20,221 INFO valid precision: 0.841
2018-12-04 15:42:20,221 INFO valid recall: 0.941
2018-12-04 15:42:20,221 INFO valid F1: 0.888
2018-12-04 15:42:20,221 INFO valid AUC: 0.878
2018-12-04 15:42:20,763 INFO Epoch 11:
2018-12-04 15:42:20,780 INFO Training...
2018-12-04 15:42:27,077 INFO train time: 6.297
2018-12-04 15:42:27,079 INFO train loss: 0.060
2018-12-04 15:42:27,079 INFO train accuracy: 0.978
2018-12-04 15:42:27,079 INFO train precision: 0.980
2018-12-04 15:42:27,079 INFO train recall: 0.976
2018-12-04 15:42:27,079 INFO train F1: 0.978
2018-12-04 15:42:27,079 INFO train AUC: 0.978
2018-12-04 15:42:27,080 INFO Evaluating...
2018-12-04 15:42:27,954 INFO valid time: 0.873
2018-12-04 15:42:27,954 INFO valid loss: 0.226
2018-12-04 15:42:27,954 INFO valid accuracy: 0.875
2018-12-04 15:42:27,955 INFO valid precision: 0.880
2018-12-04 15:42:27,955 INFO valid recall: 0.873
2018-12-04 15:42:27,955 INFO valid F1: 0.877
2018-12-04 15:42:27,955 INFO valid AUC: 0.875
2018-12-04 15:42:28,481 INFO Epoch 12:
2018-12-04 15:42:28,499 INFO Training...
2018-12-04 15:42:34,636 INFO train time: 6.137
2018-12-04 15:42:34,636 INFO train loss: 0.050
2018-12-04 15:42:34,637 INFO train accuracy: 0.977
2018-12-04 15:42:34,637 INFO train precision: 0.978
2018-12-04 15:42:34,637 INFO train recall: 0.975
2018-12-04 15:42:34,637 INFO train F1: 0.976
2018-12-04 15:42:34,637 INFO train AUC: 0.977
2018-12-04 15:42:34,638 INFO Evaluating...
2018-12-04 15:42:35,561 INFO valid time: 0.923
2018-12-04 15:42:35,561 INFO valid loss: 0.272
2018-12-04 15:42:35,561 INFO valid accuracy: 0.884
2018-12-04 15:42:35,562 INFO valid precision: 0.853
2018-12-04 15:42:35,562 INFO valid recall: 0.932
2018-12-04 15:42:35,562 INFO valid F1: 0.891
2018-12-04 15:42:35,562 INFO valid AUC: 0.883
2018-12-04 15:42:36,126 INFO Epoch 13:
2018-12-04 15:42:36,141 INFO Training...
2018-12-04 15:42:42,225 INFO train time: 6.083
2018-12-04 15:42:42,225 INFO train loss: 0.044
2018-12-04 15:42:42,226 INFO train accuracy: 0.978
2018-12-04 15:42:42,226 INFO train precision: 0.979
2018-12-04 15:42:42,226 INFO train recall: 0.976
2018-12-04 15:42:42,226 INFO train F1: 0.978
2018-12-04 15:42:42,226 INFO train AUC: 0.978
2018-12-04 15:42:42,227 INFO Evaluating...
2018-12-04 15:42:43,093 INFO valid time: 0.866
2018-12-04 15:42:43,093 INFO valid loss: 0.237
2018-12-04 15:42:43,094 INFO valid accuracy: 0.871
2018-12-04 15:42:43,094 INFO valid precision: 0.861
2018-12-04 15:42:43,094 INFO valid recall: 0.890
2018-12-04 15:42:43,094 INFO valid F1: 0.875
2018-12-04 15:42:43,094 INFO valid AUC: 0.870
2018-12-04 15:42:43,618 INFO Epoch 14:
2018-12-04 15:42:43,632 INFO Training...
2018-12-04 15:42:49,872 INFO train time: 6.240
2018-12-04 15:42:49,872 INFO train loss: 0.048
2018-12-04 15:42:49,872 INFO train accuracy: 0.977
2018-12-04 15:42:49,873 INFO train precision: 0.978
2018-12-04 15:42:49,873 INFO train recall: 0.976
2018-12-04 15:42:49,873 INFO train F1: 0.977
2018-12-04 15:42:49,873 INFO train AUC: 0.977
2018-12-04 15:42:49,874 INFO Evaluating...
2018-12-04 15:42:50,816 INFO valid time: 0.942
2018-12-04 15:42:50,816 INFO valid loss: 0.288
2018-12-04 15:42:50,817 INFO valid accuracy: 0.888
2018-12-04 15:42:50,817 INFO valid precision: 0.854
2018-12-04 15:42:50,817 INFO valid recall: 0.941
2018-12-04 15:42:50,818 INFO valid F1: 0.895
2018-12-04 15:42:50,818 INFO valid AUC: 0.887
2018-12-04 15:42:51,354 INFO Epoch 15:
2018-12-04 15:42:51,371 INFO Training...
2018-12-04 15:42:57,379 INFO train time: 6.007
2018-12-04 15:42:57,379 INFO train loss: 0.052
2018-12-04 15:42:57,379 INFO train accuracy: 0.979
2018-12-04 15:42:57,379 INFO train precision: 0.979
2018-12-04 15:42:57,380 INFO train recall: 0.979
2018-12-04 15:42:57,380 INFO train F1: 0.979
2018-12-04 15:42:57,380 INFO train AUC: 0.979
2018-12-04 15:42:57,381 INFO Evaluating...
2018-12-04 15:42:58,245 INFO valid time: 0.864
2018-12-04 15:42:58,245 INFO valid loss: 0.254
2018-12-04 15:42:58,246 INFO valid accuracy: 0.884
2018-12-04 15:42:58,246 INFO valid precision: 0.917
2018-12-04 15:42:58,246 INFO valid recall: 0.847
2018-12-04 15:42:58,246 INFO valid F1: 0.881
2018-12-04 15:42:58,246 INFO valid AUC: 0.884
2018-12-04 15:42:58,768 INFO Epoch 16:
2018-12-04 15:42:58,783 INFO Training...
2018-12-04 15:43:05,023 INFO train time: 6.239
2018-12-04 15:43:05,023 INFO train loss: 0.076
2018-12-04 15:43:05,024 INFO train accuracy: 0.978
2018-12-04 15:43:05,024 INFO train precision: 0.981
2018-12-04 15:43:05,024 INFO train recall: 0.974
2018-12-04 15:43:05,024 INFO train F1: 0.977
2018-12-04 15:43:05,024 INFO train AUC: 0.978
2018-12-04 15:43:05,025 INFO Evaluating...
2018-12-04 15:43:05,922 INFO valid time: 0.897
2018-12-04 15:43:05,923 INFO valid loss: 0.374
2018-12-04 15:43:05,923 INFO valid accuracy: 0.866
2018-12-04 15:43:05,923 INFO valid precision: 0.822
2018-12-04 15:43:05,923 INFO valid recall: 0.941
2018-12-04 15:43:05,923 INFO valid F1: 0.877
2018-12-04 15:43:05,923 INFO valid AUC: 0.865
2018-12-04 15:43:06,467 INFO Epoch 17:
2018-12-04 15:43:06,480 INFO Training...
2018-12-04 15:43:12,399 INFO train time: 5.919
2018-12-04 15:43:12,399 INFO train loss: 0.078
2018-12-04 15:43:12,400 INFO train accuracy: 0.979
2018-12-04 15:43:12,400 INFO train precision: 0.981
2018-12-04 15:43:12,400 INFO train recall: 0.976
2018-12-04 15:43:12,400 INFO train F1: 0.979
2018-12-04 15:43:12,400 INFO train AUC: 0.979
2018-12-04 15:43:12,401 INFO Evaluating...
2018-12-04 15:43:13,255 INFO valid time: 0.854
2018-12-04 15:43:13,255 INFO valid loss: 0.336
2018-12-04 15:43:13,256 INFO valid accuracy: 0.884
2018-12-04 15:43:13,256 INFO valid precision: 0.847
2018-12-04 15:43:13,256 INFO valid recall: 0.941
2018-12-04 15:43:13,257 INFO valid F1: 0.892
2018-12-04 15:43:13,257 INFO valid AUC: 0.883
2018-12-04 15:43:13,767 INFO Epoch 18:
2018-12-04 15:43:13,784 INFO Training...
2018-12-04 15:43:19,930 INFO train time: 6.146
2018-12-04 15:43:19,931 INFO train loss: 0.061
2018-12-04 15:43:19,931 INFO train accuracy: 0.980
2018-12-04 15:43:19,931 INFO train precision: 0.980
2018-12-04 15:43:19,931 INFO train recall: 0.979
2018-12-04 15:43:19,931 INFO train F1: 0.979
2018-12-04 15:43:19,931 INFO train AUC: 0.980
2018-12-04 15:43:19,932 INFO Evaluating...
2018-12-04 15:43:20,896 INFO valid time: 0.964
2018-12-04 15:43:20,896 INFO valid loss: 0.244
2018-12-04 15:43:20,896 INFO valid accuracy: 0.879
2018-12-04 15:43:20,897 INFO valid precision: 0.888
2018-12-04 15:43:20,897 INFO valid recall: 0.873
2018-12-04 15:43:20,897 INFO valid F1: 0.880
2018-12-04 15:43:20,897 INFO valid AUC: 0.879
2018-12-04 15:43:21,430 INFO Epoch 19:
2018-12-04 15:43:21,444 INFO Training...
2018-12-04 15:43:27,615 INFO train time: 6.171
2018-12-04 15:43:27,615 INFO train loss: 0.055
2018-12-04 15:43:27,616 INFO train accuracy: 0.980
2018-12-04 15:43:27,616 INFO train precision: 0.984
2018-12-04 15:43:27,616 INFO train recall: 0.976
2018-12-04 15:43:27,616 INFO train F1: 0.980
2018-12-04 15:43:27,616 INFO train AUC: 0.980
2018-12-04 15:43:27,617 INFO Evaluating...
2018-12-04 15:43:28,476 INFO valid time: 0.859
2018-12-04 15:43:28,477 INFO valid loss: 0.307
2018-12-04 15:43:28,477 INFO valid accuracy: 0.888
2018-12-04 15:43:28,477 INFO valid precision: 0.854
2018-12-04 15:43:28,477 INFO valid recall: 0.941
2018-12-04 15:43:28,477 INFO valid F1: 0.895
2018-12-04 15:43:28,477 INFO valid AUC: 0.887
2018-12-04 15:43:28,983 INFO Epoch 20:
2018-12-04 15:43:28,996 INFO Training...
2018-12-04 15:43:35,104 INFO train time: 6.108
2018-12-04 15:43:35,105 INFO train loss: 0.049
2018-12-04 15:43:35,105 INFO train accuracy: 0.980
2018-12-04 15:43:35,105 INFO train precision: 0.980
2018-12-04 15:43:35,105 INFO train recall: 0.979
2018-12-04 15:43:35,105 INFO train F1: 0.979
2018-12-04 15:43:35,105 INFO train AUC: 0.980
2018-12-04 15:43:35,106 INFO Evaluating...
2018-12-04 15:43:35,973 INFO valid time: 0.866
2018-12-04 15:43:35,973 INFO valid loss: 0.237
2018-12-04 15:43:35,973 INFO valid accuracy: 0.888
2018-12-04 15:43:35,973 INFO valid precision: 0.890
2018-12-04 15:43:35,973 INFO valid recall: 0.890
2018-12-04 15:43:35,973 INFO valid F1: 0.890
2018-12-04 15:43:35,973 INFO valid AUC: 0.888
2018-12-04 15:43:36,497 INFO Epoch 21:
2018-12-04 15:43:36,513 INFO Training...
2018-12-04 15:43:42,529 INFO train time: 6.016
2018-12-04 15:43:42,530 INFO train loss: 0.045
2018-12-04 15:43:42,530 INFO train accuracy: 0.981
2018-12-04 15:43:42,531 INFO train precision: 0.982
2018-12-04 15:43:42,531 INFO train recall: 0.979
2018-12-04 15:43:42,531 INFO train F1: 0.981
2018-12-04 15:43:42,531 INFO train AUC: 0.981
2018-12-04 15:43:42,532 INFO Evaluating...
2018-12-04 15:43:43,448 INFO valid time: 0.916
2018-12-04 15:43:43,448 INFO valid loss: 0.331
2018-12-04 15:43:43,449 INFO valid accuracy: 0.888
2018-12-04 15:43:43,449 INFO valid precision: 0.854
2018-12-04 15:43:43,449 INFO valid recall: 0.941
2018-12-04 15:43:43,449 INFO valid F1: 0.895
2018-12-04 15:43:43,449 INFO valid AUC: 0.887
2018-12-04 15:43:43,984 INFO Epoch 22:
2018-12-04 15:43:43,997 INFO Training...
2018-12-04 15:43:50,089 INFO train time: 6.091
2018-12-04 15:43:50,089 INFO train loss: 0.044
2018-12-04 15:43:50,089 INFO train accuracy: 0.981
2018-12-04 15:43:50,089 INFO train precision: 0.980
2018-12-04 15:43:50,090 INFO train recall: 0.981
2018-12-04 15:43:50,090 INFO train F1: 0.981
2018-12-04 15:43:50,090 INFO train AUC: 0.981
2018-12-04 15:43:50,091 INFO Evaluating...
2018-12-04 15:43:50,975 INFO valid time: 0.884
2018-12-04 15:43:50,975 INFO valid loss: 0.246
2018-12-04 15:43:50,975 INFO valid accuracy: 0.901
2018-12-04 15:43:50,975 INFO valid precision: 0.920
2018-12-04 15:43:50,975 INFO valid recall: 0.881
2018-12-04 15:43:50,975 INFO valid F1: 0.900
2018-12-04 15:43:50,976 INFO valid AUC: 0.901
2018-12-04 15:43:51,509 INFO Epoch 23:
2018-12-04 15:43:51,524 INFO Training...
2018-12-04 15:43:57,701 INFO train time: 6.177
2018-12-04 15:43:57,701 INFO train loss: 0.055
2018-12-04 15:43:57,702 INFO train accuracy: 0.980
2018-12-04 15:43:57,702 INFO train precision: 0.981
2018-12-04 15:43:57,702 INFO train recall: 0.978
2018-12-04 15:43:57,702 INFO train F1: 0.979
2018-12-04 15:43:57,702 INFO train AUC: 0.980
2018-12-04 15:43:57,703 INFO Evaluating...
2018-12-04 15:43:58,591 INFO valid time: 0.888
2018-12-04 15:43:58,591 INFO valid loss: 0.310
2018-12-04 15:43:58,591 INFO valid accuracy: 0.897
2018-12-04 15:43:58,592 INFO valid precision: 0.862
2018-12-04 15:43:58,592 INFO valid recall: 0.949
2018-12-04 15:43:58,592 INFO valid F1: 0.903
2018-12-04 15:43:58,592 INFO valid AUC: 0.896
2018-12-04 15:43:59,115 INFO Epoch 24:
2018-12-04 15:43:59,129 INFO Training...
2018-12-04 15:44:05,282 INFO train time: 6.153
2018-12-04 15:44:05,283 INFO train loss: 0.055
2018-12-04 15:44:05,283 INFO train accuracy: 0.982
2018-12-04 15:44:05,283 INFO train precision: 0.983
2018-12-04 15:44:05,283 INFO train recall: 0.981
2018-12-04 15:44:05,283 INFO train F1: 0.982
2018-12-04 15:44:05,284 INFO train AUC: 0.982
2018-12-04 15:44:05,284 INFO Evaluating...
2018-12-04 15:44:06,147 INFO valid time: 0.862
2018-12-04 15:44:06,147 INFO valid loss: 0.259
2018-12-04 15:44:06,147 INFO valid accuracy: 0.897
2018-12-04 15:44:06,147 INFO valid precision: 0.927
2018-12-04 15:44:06,148 INFO valid recall: 0.864
2018-12-04 15:44:06,148 INFO valid F1: 0.895
2018-12-04 15:44:06,148 INFO valid AUC: 0.897
2018-12-04 15:44:06,669 INFO Epoch 25:
2018-12-04 15:44:06,683 INFO Training...
2018-12-04 15:44:12,688 INFO train time: 6.005
2018-12-04 15:44:12,688 INFO train loss: 0.068
2018-12-04 15:44:12,688 INFO train accuracy: 0.982
2018-12-04 15:44:12,688 INFO train precision: 0.984
2018-12-04 15:44:12,689 INFO train recall: 0.980
2018-12-04 15:44:12,689 INFO train F1: 0.982
2018-12-04 15:44:12,689 INFO train AUC: 0.982
2018-12-04 15:44:12,690 INFO Evaluating...
2018-12-04 15:44:13,601 INFO valid time: 0.911
2018-12-04 15:44:13,602 INFO valid loss: 0.417
2018-12-04 15:44:13,602 INFO valid accuracy: 0.871
2018-12-04 15:44:13,602 INFO valid precision: 0.833
2018-12-04 15:44:13,602 INFO valid recall: 0.932
2018-12-04 15:44:13,602 INFO valid F1: 0.880
2018-12-04 15:44:13,602 INFO valid AUC: 0.870
2018-12-04 15:44:14,136 INFO Epoch 26:
2018-12-04 15:44:14,150 INFO Training...
2018-12-04 15:44:20,356 INFO train time: 6.205
2018-12-04 15:44:20,356 INFO train loss: 0.057
2018-12-04 15:44:20,356 INFO train accuracy: 0.981
2018-12-04 15:44:20,356 INFO train precision: 0.981
2018-12-04 15:44:20,356 INFO train recall: 0.981
2018-12-04 15:44:20,357 INFO train F1: 0.981
2018-12-04 15:44:20,357 INFO train AUC: 0.981
2018-12-04 15:44:20,358 INFO Evaluating...
2018-12-04 15:44:21,257 INFO valid time: 0.899
2018-12-04 15:44:21,258 INFO valid loss: 0.245
2018-12-04 15:44:21,258 INFO valid accuracy: 0.888
2018-12-04 15:44:21,258 INFO valid precision: 0.897
2018-12-04 15:44:21,258 INFO valid recall: 0.881
2018-12-04 15:44:21,258 INFO valid F1: 0.889
2018-12-04 15:44:21,258 INFO valid AUC: 0.888
2018-12-04 15:44:21,801 INFO Epoch 27:
2018-12-04 15:44:21,815 INFO Training...
2018-12-04 15:44:27,914 INFO train time: 6.099
2018-12-04 15:44:27,914 INFO train loss: 0.049
2018-12-04 15:44:27,915 INFO train accuracy: 0.982
2018-12-04 15:44:27,915 INFO train precision: 0.984
2018-12-04 15:44:27,915 INFO train recall: 0.980
2018-12-04 15:44:27,915 INFO train F1: 0.982
2018-12-04 15:44:27,915 INFO train AUC: 0.982
2018-12-04 15:44:27,916 INFO Evaluating...
2018-12-04 15:44:28,791 INFO valid time: 0.875
2018-12-04 15:44:28,791 INFO valid loss: 0.281
2018-12-04 15:44:28,791 INFO valid accuracy: 0.875
2018-12-04 15:44:28,791 INFO valid precision: 0.850
2018-12-04 15:44:28,791 INFO valid recall: 0.915
2018-12-04 15:44:28,792 INFO valid F1: 0.882
2018-12-04 15:44:28,792 INFO valid AUC: 0.874
2018-12-04 15:44:29,311 INFO Epoch 28:
2018-12-04 15:44:29,324 INFO Training...
2018-12-04 15:44:35,637 INFO train time: 6.312
2018-12-04 15:44:35,637 INFO train loss: 0.111
2018-12-04 15:44:35,638 INFO train accuracy: 0.981
2018-12-04 15:44:35,638 INFO train precision: 0.980
2018-12-04 15:44:35,638 INFO train recall: 0.981
2018-12-04 15:44:35,638 INFO train F1: 0.981
2018-12-04 15:44:35,639 INFO train AUC: 0.981
2018-12-04 15:44:35,639 INFO Evaluating...
2018-12-04 15:44:36,667 INFO valid time: 1.028
2018-12-04 15:44:36,668 INFO valid loss: 0.397
2018-12-04 15:44:36,668 INFO valid accuracy: 0.849
2018-12-04 15:44:36,668 INFO valid precision: 0.928
2018-12-04 15:44:36,669 INFO valid recall: 0.763
2018-12-04 15:44:36,669 INFO valid F1: 0.837
2018-12-04 15:44:36,669 INFO valid AUC: 0.851
2018-12-04 15:44:37,279 INFO Epoch 29:
2018-12-04 15:44:37,292 INFO Training...
2018-12-04 15:44:43,148 INFO train time: 5.855
2018-12-04 15:44:43,148 INFO train loss: 0.121
2018-12-04 15:44:43,148 INFO train accuracy: 0.972
2018-12-04 15:44:43,149 INFO train precision: 0.973
2018-12-04 15:44:43,149 INFO train recall: 0.970
2018-12-04 15:44:43,149 INFO train F1: 0.971
2018-12-04 15:44:43,149 INFO train AUC: 0.972
2018-12-04 15:44:43,150 INFO Evaluating...
2018-12-04 15:44:44,027 INFO valid time: 0.877
2018-12-04 15:44:44,027 INFO valid loss: 0.432
2018-12-04 15:44:44,027 INFO valid accuracy: 0.888
2018-12-04 15:44:44,027 INFO valid precision: 0.854
2018-12-04 15:44:44,027 INFO valid recall: 0.941
2018-12-04 15:44:44,028 INFO valid F1: 0.895
2018-12-04 15:44:44,028 INFO valid AUC: 0.887
2018-12-04 15:44:44,550 INFO Epoch 30:
2018-12-04 15:44:44,566 INFO Training...
2018-12-04 15:44:50,980 INFO train time: 6.414
2018-12-04 15:44:50,981 INFO train loss: 0.095
2018-12-04 15:44:50,981 INFO train accuracy: 0.979
2018-12-04 15:44:50,981 INFO train precision: 0.981
2018-12-04 15:44:50,981 INFO train recall: 0.976
2018-12-04 15:44:50,982 INFO train F1: 0.979
2018-12-04 15:44:50,982 INFO train AUC: 0.979
2018-12-04 15:44:50,982 INFO Evaluating...
2018-12-04 15:44:51,941 INFO valid time: 0.958
2018-12-04 15:44:51,941 INFO valid loss: 0.285
2018-12-04 15:44:51,941 INFO valid accuracy: 0.897
2018-12-04 15:44:51,941 INFO valid precision: 0.873
2018-12-04 15:44:51,941 INFO valid recall: 0.932
2018-12-04 15:44:51,941 INFO valid F1: 0.902
2018-12-04 15:44:51,941 INFO valid AUC: 0.896
2018-12-04 15:44:52,465 INFO Epoch 31:
2018-12-04 15:44:52,481 INFO Training...
2018-12-04 15:44:58,615 INFO train time: 6.134
2018-12-04 15:44:58,616 INFO train loss: 0.076
2018-12-04 15:44:58,616 INFO train accuracy: 0.981
2018-12-04 15:44:58,616 INFO train precision: 0.981
2018-12-04 15:44:58,616 INFO train recall: 0.980
2018-12-04 15:44:58,616 INFO train F1: 0.981
2018-12-04 15:44:58,617 INFO train AUC: 0.981
2018-12-04 15:44:58,618 INFO Evaluating...
2018-12-04 15:44:59,522 INFO valid time: 0.905
2018-12-04 15:44:59,523 INFO valid loss: 0.268
2018-12-04 15:44:59,523 INFO valid accuracy: 0.888
2018-12-04 15:44:59,523 INFO valid precision: 0.911
2018-12-04 15:44:59,524 INFO valid recall: 0.864
2018-12-04 15:44:59,524 INFO valid F1: 0.887
2018-12-04 15:44:59,524 INFO valid AUC: 0.888
2018-12-04 15:45:00,039 INFO Epoch 32:
2018-12-04 15:45:00,052 INFO Training...
2018-12-04 15:45:06,186 INFO train time: 6.134
2018-12-04 15:45:06,187 INFO train loss: 0.078
2018-12-04 15:45:06,187 INFO train accuracy: 0.981
2018-12-04 15:45:06,187 INFO train precision: 0.983
2018-12-04 15:45:06,187 INFO train recall: 0.980
2018-12-04 15:45:06,187 INFO train F1: 0.981
2018-12-04 15:45:06,187 INFO train AUC: 0.981
2018-12-04 15:45:06,188 INFO Evaluating...
2018-12-04 15:45:07,131 INFO valid time: 0.943
2018-12-04 15:45:07,131 INFO valid loss: 0.309
2018-12-04 15:45:07,131 INFO valid accuracy: 0.892
2018-12-04 15:45:07,131 INFO valid precision: 0.872
2018-12-04 15:45:07,131 INFO valid recall: 0.924
2018-12-04 15:45:07,131 INFO valid F1: 0.897
2018-12-04 15:45:07,131 INFO valid AUC: 0.892
2018-12-04 15:45:07,662 INFO Epoch 33:
2018-12-04 15:45:07,675 INFO Training...
2018-12-04 15:45:13,689 INFO train time: 6.014
2018-12-04 15:45:13,690 INFO train loss: 0.069
2018-12-04 15:45:13,690 INFO train accuracy: 0.983
2018-12-04 15:45:13,690 INFO train precision: 0.983
2018-12-04 15:45:13,690 INFO train recall: 0.983
2018-12-04 15:45:13,690 INFO train F1: 0.983
2018-12-04 15:45:13,691 INFO train AUC: 0.983
2018-12-04 15:45:13,692 INFO Evaluating...
2018-12-04 15:45:14,549 INFO valid time: 0.858
2018-12-04 15:45:14,550 INFO valid loss: 0.284
2018-12-04 15:45:14,550 INFO valid accuracy: 0.905
2018-12-04 15:45:14,550 INFO valid precision: 0.944
2018-12-04 15:45:14,550 INFO valid recall: 0.864
2018-12-04 15:45:14,550 INFO valid F1: 0.903
2018-12-04 15:45:14,551 INFO valid AUC: 0.906
2018-12-04 15:45:15,071 INFO Epoch 34:
2018-12-04 15:45:15,087 INFO Training...
2018-12-04 15:45:21,183 INFO train time: 6.096
2018-12-04 15:45:21,184 INFO train loss: 0.059
2018-12-04 15:45:21,184 INFO train accuracy: 0.981
2018-12-04 15:45:21,184 INFO train precision: 0.982
2018-12-04 15:45:21,184 INFO train recall: 0.979
2018-12-04 15:45:21,184 INFO train F1: 0.981
2018-12-04 15:45:21,184 INFO train AUC: 0.981
2018-12-04 15:45:21,185 INFO Evaluating...
2018-12-04 15:45:22,107 INFO valid time: 0.922
2018-12-04 15:45:22,108 INFO valid loss: 0.250
2018-12-04 15:45:22,108 INFO valid accuracy: 0.897
2018-12-04 15:45:22,108 INFO valid precision: 0.898
2018-12-04 15:45:22,109 INFO valid recall: 0.898
2018-12-04 15:45:22,109 INFO valid F1: 0.898
2018-12-04 15:45:22,109 INFO valid AUC: 0.897
2018-12-04 15:45:22,603 INFO Epoch 35:
2018-12-04 15:45:22,618 INFO Training...
2018-12-04 15:45:28,693 INFO train time: 6.075
2018-12-04 15:45:28,694 INFO train loss: 0.071
2018-12-04 15:45:28,694 INFO train accuracy: 0.980
2018-12-04 15:45:28,694 INFO train precision: 0.979
2018-12-04 15:45:28,695 INFO train recall: 0.981
2018-12-04 15:45:28,695 INFO train F1: 0.980
2018-12-04 15:45:28,695 INFO train AUC: 0.980
2018-12-04 15:45:28,696 INFO Evaluating...
2018-12-04 15:45:29,632 INFO valid time: 0.935
2018-12-04 15:45:29,632 INFO valid loss: 0.704
2018-12-04 15:45:29,632 INFO valid accuracy: 0.802
2018-12-04 15:45:29,632 INFO valid precision: 0.986
2018-12-04 15:45:29,632 INFO valid recall: 0.619
2018-12-04 15:45:29,633 INFO valid F1: 0.760
2018-12-04 15:45:29,633 INFO valid AUC: 0.805
2018-12-04 15:45:30,149 INFO Epoch 36:
2018-12-04 15:45:30,166 INFO Training...
2018-12-04 15:45:36,172 INFO train time: 6.006
2018-12-04 15:45:36,173 INFO train loss: 0.123
2018-12-04 15:45:36,173 INFO train accuracy: 0.975
2018-12-04 15:45:36,173 INFO train precision: 0.982
2018-12-04 15:45:36,173 INFO train recall: 0.968
2018-12-04 15:45:36,174 INFO train F1: 0.975
2018-12-04 15:45:36,174 INFO train AUC: 0.975
2018-12-04 15:45:36,174 INFO Evaluating...
2018-12-04 15:45:37,020 INFO valid time: 0.845
2018-12-04 15:45:37,020 INFO valid loss: 0.289
2018-12-04 15:45:37,021 INFO valid accuracy: 0.892
2018-12-04 15:45:37,021 INFO valid precision: 0.860
2018-12-04 15:45:37,021 INFO valid recall: 0.941
2018-12-04 15:45:37,021 INFO valid F1: 0.899
2018-12-04 15:45:37,021 INFO valid AUC: 0.891
2018-12-04 15:45:37,569 INFO Epoch 37:
2018-12-04 15:45:37,585 INFO Training...
2018-12-04 15:45:43,656 INFO train time: 6.071
2018-12-04 15:45:43,657 INFO train loss: 0.108
2018-12-04 15:45:43,657 INFO train accuracy: 0.980
2018-12-04 15:45:43,658 INFO train precision: 0.980
2018-12-04 15:45:43,658 INFO train recall: 0.979
2018-12-04 15:45:43,658 INFO train F1: 0.979
2018-12-04 15:45:43,658 INFO train AUC: 0.980
2018-12-04 15:45:43,659 INFO Evaluating...
2018-12-04 15:45:44,515 INFO valid time: 0.856
2018-12-04 15:45:44,516 INFO valid loss: 0.263
2018-12-04 15:45:44,516 INFO valid accuracy: 0.897
2018-12-04 15:45:44,516 INFO valid precision: 0.912
2018-12-04 15:45:44,516 INFO valid recall: 0.881
2018-12-04 15:45:44,516 INFO valid F1: 0.897
2018-12-04 15:45:44,517 INFO valid AUC: 0.897
2018-12-04 15:45:45,046 INFO Epoch 38:
2018-12-04 15:45:45,059 INFO Training...
2018-12-04 15:45:51,038 INFO train time: 5.979
2018-12-04 15:45:51,039 INFO train loss: 0.091
2018-12-04 15:45:51,039 INFO train accuracy: 0.981
2018-12-04 15:45:51,039 INFO train precision: 0.983
2018-12-04 15:45:51,040 INFO train recall: 0.980
2018-12-04 15:45:51,040 INFO train F1: 0.981
2018-12-04 15:45:51,040 INFO train AUC: 0.981
2018-12-04 15:45:51,041 INFO Evaluating...
2018-12-04 15:45:51,996 INFO valid time: 0.955
2018-12-04 15:45:51,996 INFO valid loss: 0.271
2018-12-04 15:45:51,997 INFO valid accuracy: 0.901
2018-12-04 15:45:51,997 INFO valid precision: 0.906
2018-12-04 15:45:51,997 INFO valid recall: 0.898
2018-12-04 15:45:51,997 INFO valid F1: 0.902
2018-12-04 15:45:51,997 INFO valid AUC: 0.901
2018-12-04 15:45:52,525 INFO Epoch 39:
2018-12-04 15:45:52,538 INFO Training...
2018-12-04 15:45:58,976 INFO train time: 6.437
2018-12-04 15:45:58,976 INFO train loss: 0.084
2018-12-04 15:45:58,976 INFO train accuracy: 0.981
2018-12-04 15:45:58,976 INFO train precision: 0.981
2018-12-04 15:45:58,976 INFO train recall: 0.981
2018-12-04 15:45:58,976 INFO train F1: 0.981
2018-12-04 15:45:58,976 INFO train AUC: 0.981
2018-12-04 15:45:58,977 INFO Evaluating...
2018-12-04 15:45:59,917 INFO valid time: 0.940
2018-12-04 15:45:59,917 INFO valid loss: 0.293
2018-12-04 15:45:59,917 INFO valid accuracy: 0.905
2018-12-04 15:45:59,917 INFO valid precision: 0.936
2018-12-04 15:45:59,918 INFO valid recall: 0.873
2018-12-04 15:45:59,918 INFO valid F1: 0.904
2018-12-04 15:45:59,918 INFO valid AUC: 0.906
2018-12-04 15:46:00,425 INFO Epoch 40:
2018-12-04 15:46:00,438 INFO Training...
2018-12-04 15:46:06,393 INFO train time: 5.954
2018-12-04 15:46:06,393 INFO train loss: 0.082
2018-12-04 15:46:06,393 INFO train accuracy: 0.980
2018-12-04 15:46:06,394 INFO train precision: 0.979
2018-12-04 15:46:06,394 INFO train recall: 0.980
2018-12-04 15:46:06,394 INFO train F1: 0.979
2018-12-04 15:46:06,394 INFO train AUC: 0.980
2018-12-04 15:46:06,395 INFO Evaluating...
2018-12-04 15:46:07,303 INFO valid time: 0.908
2018-12-04 15:46:07,303 INFO valid loss: 0.269
2018-12-04 15:46:07,303 INFO valid accuracy: 0.901
2018-12-04 15:46:07,303 INFO valid precision: 0.906
2018-12-04 15:46:07,303 INFO valid recall: 0.898
2018-12-04 15:46:07,303 INFO valid F1: 0.902
2018-12-04 15:46:07,304 INFO valid AUC: 0.901
2018-12-04 15:46:07,845 INFO Epoch 41:
2018-12-04 15:46:07,862 INFO Training...
2018-12-04 15:46:13,932 INFO train time: 6.070
2018-12-04 15:46:13,933 INFO train loss: 0.077
2018-12-04 15:46:13,933 INFO train accuracy: 0.980
2018-12-04 15:46:13,933 INFO train precision: 0.979
2018-12-04 15:46:13,934 INFO train recall: 0.981
2018-12-04 15:46:13,934 INFO train F1: 0.980
2018-12-04 15:46:13,934 INFO train AUC: 0.980
2018-12-04 15:46:13,935 INFO Evaluating...
2018-12-04 15:46:14,860 INFO valid time: 0.925
2018-12-04 15:46:14,861 INFO valid loss: 0.307
2018-12-04 15:46:14,861 INFO valid accuracy: 0.909
2018-12-04 15:46:14,861 INFO valid precision: 0.945
2018-12-04 15:46:14,861 INFO valid recall: 0.873
2018-12-04 15:46:14,861 INFO valid F1: 0.907
2018-12-04 15:46:14,861 INFO valid AUC: 0.910
2018-12-04 15:46:15,381 INFO Epoch 42:
2018-12-04 15:46:15,395 INFO Training...
2018-12-04 15:46:21,454 INFO train time: 6.058
2018-12-04 15:46:21,454 INFO train loss: 0.069
2018-12-04 15:46:21,454 INFO train accuracy: 0.978
2018-12-04 15:46:21,454 INFO train precision: 0.976
2018-12-04 15:46:21,454 INFO train recall: 0.979
2018-12-04 15:46:21,454 INFO train F1: 0.978
2018-12-04 15:46:21,455 INFO train AUC: 0.978
2018-12-04 15:46:21,455 INFO Evaluating...
2018-12-04 15:46:22,343 INFO valid time: 0.887
2018-12-04 15:46:22,343 INFO valid loss: 0.284
2018-12-04 15:46:22,344 INFO valid accuracy: 0.914
2018-12-04 15:46:22,344 INFO valid precision: 0.945
2018-12-04 15:46:22,344 INFO valid recall: 0.881
2018-12-04 15:46:22,344 INFO valid F1: 0.912
2018-12-04 15:46:22,344 INFO valid AUC: 0.914
2018-12-04 15:46:22,859 INFO Epoch 43:
2018-12-04 15:46:22,874 INFO Training...
2018-12-04 15:46:29,161 INFO train time: 6.287
2018-12-04 15:46:29,161 INFO train loss: 0.067
2018-12-04 15:46:29,161 INFO train accuracy: 0.979
2018-12-04 15:46:29,162 INFO train precision: 0.979
2018-12-04 15:46:29,162 INFO train recall: 0.979
2018-12-04 15:46:29,162 INFO train F1: 0.979
2018-12-04 15:46:29,162 INFO train AUC: 0.979
2018-12-04 15:46:29,163 INFO Evaluating...
2018-12-04 15:46:30,132 INFO valid time: 0.969
2018-12-04 15:46:30,132 INFO valid loss: 0.353
2018-12-04 15:46:30,132 INFO valid accuracy: 0.905
2018-12-04 15:46:30,132 INFO valid precision: 0.971
2018-12-04 15:46:30,133 INFO valid recall: 0.839
2018-12-04 15:46:30,133 INFO valid F1: 0.900
2018-12-04 15:46:30,133 INFO valid AUC: 0.906
2018-12-04 15:46:30,678 INFO Epoch 44:
2018-12-04 15:46:30,693 INFO Training...
2018-12-04 15:46:36,862 INFO train time: 6.169
2018-12-04 15:46:36,863 INFO train loss: 0.069
2018-12-04 15:46:36,863 INFO train accuracy: 0.978
2018-12-04 15:46:36,863 INFO train precision: 0.978
2018-12-04 15:46:36,863 INFO train recall: 0.979
2018-12-04 15:46:36,864 INFO train F1: 0.978
2018-12-04 15:46:36,864 INFO train AUC: 0.978
2018-12-04 15:46:36,865 INFO Evaluating...
2018-12-04 15:46:37,785 INFO valid time: 0.920
2018-12-04 15:46:37,785 INFO valid loss: 0.271
2018-12-04 15:46:37,786 INFO valid accuracy: 0.918
2018-12-04 15:46:37,786 INFO valid precision: 0.946
2018-12-04 15:46:37,786 INFO valid recall: 0.890
2018-12-04 15:46:37,786 INFO valid F1: 0.917
2018-12-04 15:46:37,786 INFO valid AUC: 0.919
2018-12-04 15:46:38,306 INFO Epoch 45:
2018-12-04 15:46:38,321 INFO Training...
2018-12-04 15:46:44,629 INFO train time: 6.308
2018-12-04 15:46:44,629 INFO train loss: 0.062
2018-12-04 15:46:44,629 INFO train accuracy: 0.978
2018-12-04 15:46:44,629 INFO train precision: 0.979
2018-12-04 15:46:44,629 INFO train recall: 0.976
2018-12-04 15:46:44,630 INFO train F1: 0.978
2018-12-04 15:46:44,630 INFO train AUC: 0.978
2018-12-04 15:46:44,631 INFO Evaluating...
2018-12-04 15:46:45,497 INFO valid time: 0.866
2018-12-04 15:46:45,498 INFO valid loss: 0.340
2018-12-04 15:46:45,498 INFO valid accuracy: 0.905
2018-12-04 15:46:45,499 INFO valid precision: 0.971
2018-12-04 15:46:45,499 INFO valid recall: 0.839
2018-12-04 15:46:45,499 INFO valid F1: 0.900
2018-12-04 15:46:45,499 INFO valid AUC: 0.906
2018-12-04 15:46:46,046 INFO Epoch 46:
2018-12-04 15:46:46,062 INFO Training...
2018-12-04 15:46:52,196 INFO train time: 6.134
2018-12-04 15:46:52,197 INFO train loss: 0.054
2018-12-04 15:46:52,197 INFO train accuracy: 0.977
2018-12-04 15:46:52,197 INFO train precision: 0.976
2018-12-04 15:46:52,197 INFO train recall: 0.978
2018-12-04 15:46:52,197 INFO train F1: 0.977
2018-12-04 15:46:52,198 INFO train AUC: 0.977
2018-12-04 15:46:52,199 INFO Evaluating...
2018-12-04 15:46:53,114 INFO valid time: 0.915
2018-12-04 15:46:53,115 INFO valid loss: 0.298
2018-12-04 15:46:53,115 INFO valid accuracy: 0.922
2018-12-04 15:46:53,115 INFO valid precision: 0.963
2018-12-04 15:46:53,115 INFO valid recall: 0.881
2018-12-04 15:46:53,116 INFO valid F1: 0.920
2018-12-04 15:46:53,116 INFO valid AUC: 0.923
2018-12-04 15:46:53,637 INFO Epoch 47:
2018-12-04 15:46:53,654 INFO Training...
2018-12-04 15:46:59,633 INFO train time: 5.979
2018-12-04 15:46:59,633 INFO train loss: 0.050
2018-12-04 15:46:59,633 INFO train accuracy: 0.978
2018-12-04 15:46:59,633 INFO train precision: 0.978
2018-12-04 15:46:59,634 INFO train recall: 0.979
2018-12-04 15:46:59,634 INFO train F1: 0.978
2018-12-04 15:46:59,634 INFO train AUC: 0.978
2018-12-04 15:46:59,634 INFO Evaluating...
2018-12-04 15:47:00,550 INFO valid time: 0.915
2018-12-04 15:47:00,550 INFO valid loss: 0.345
2018-12-04 15:47:00,551 INFO valid accuracy: 0.901
2018-12-04 15:47:00,551 INFO valid precision: 0.970
2018-12-04 15:47:00,551 INFO valid recall: 0.831
2018-12-04 15:47:00,552 INFO valid F1: 0.895
2018-12-04 15:47:00,552 INFO valid AUC: 0.902
2018-12-04 15:47:01,064 INFO Epoch 48:
2018-12-04 15:47:01,077 INFO Training...
2018-12-04 15:47:06,964 INFO train time: 5.887
2018-12-04 15:47:06,965 INFO train loss: 0.083
2018-12-04 15:47:06,965 INFO train accuracy: 0.978
2018-12-04 15:47:06,965 INFO train precision: 0.978
2018-12-04 15:47:06,965 INFO train recall: 0.978
2018-12-04 15:47:06,965 INFO train F1: 0.978
2018-12-04 15:47:06,966 INFO train AUC: 0.978
2018-12-04 15:47:06,966 INFO Evaluating...
2018-12-04 15:47:07,849 INFO valid time: 0.883
2018-12-04 15:47:07,850 INFO valid loss: 0.422
2018-12-04 15:47:07,850 INFO valid accuracy: 0.879
2018-12-04 15:47:07,850 INFO valid precision: 0.979
2018-12-04 15:47:07,851 INFO valid recall: 0.780
2018-12-04 15:47:07,851 INFO valid F1: 0.868
2018-12-04 15:47:07,851 INFO valid AUC: 0.881
2018-12-04 15:47:08,394 INFO Epoch 49:
2018-12-04 15:47:08,408 INFO Training...
2018-12-04 15:47:14,668 INFO train time: 6.260
2018-12-04 15:47:14,668 INFO train loss: 0.122
2018-12-04 15:47:14,668 INFO train accuracy: 0.976
2018-12-04 15:47:14,669 INFO train precision: 0.979
2018-12-04 15:47:14,669 INFO train recall: 0.973
2018-12-04 15:47:14,669 INFO train F1: 0.976
2018-12-04 15:47:14,669 INFO train AUC: 0.976
2018-12-04 15:47:14,670 INFO Evaluating...
2018-12-04 15:47:15,536 INFO valid time: 0.866
2018-12-04 15:47:15,536 INFO valid loss: 0.273
2018-12-04 15:47:15,537 INFO valid accuracy: 0.901
2018-12-04 15:47:15,537 INFO valid precision: 0.920
2018-12-04 15:47:15,537 INFO valid recall: 0.881
2018-12-04 15:47:15,537 INFO valid F1: 0.900
2018-12-04 15:47:15,538 INFO valid AUC: 0.901
2018-12-04 15:47:16,058 INFO Epoch 50:
2018-12-04 15:47:16,074 INFO Training...
2018-12-04 15:47:22,182 INFO train time: 6.108
2018-12-04 15:47:22,183 INFO train loss: 0.113
2018-12-04 15:47:22,183 INFO train accuracy: 0.977
2018-12-04 15:47:22,183 INFO train precision: 0.978
2018-12-04 15:47:22,184 INFO train recall: 0.975
2018-12-04 15:47:22,184 INFO train F1: 0.976
2018-12-04 15:47:22,184 INFO train AUC: 0.977
2018-12-04 15:47:22,185 INFO Evaluating...
2018-12-04 15:47:23,104 INFO valid time: 0.919
2018-12-04 15:47:23,105 INFO valid loss: 0.299
2018-12-04 15:47:23,105 INFO valid accuracy: 0.901
2018-12-04 15:47:23,105 INFO valid precision: 0.936
2018-12-04 15:47:23,105 INFO valid recall: 0.864
2018-12-04 15:47:23,105 INFO valid F1: 0.899
2018-12-04 15:47:23,105 INFO valid AUC: 0.902
2018-12-04 15:47:23,660 INFO Epoch 51:
2018-12-04 15:47:23,676 INFO Training...
2018-12-04 15:47:29,769 INFO train time: 6.093
2018-12-04 15:47:29,769 INFO train loss: 0.097
2018-12-04 15:47:29,769 INFO train accuracy: 0.976
2018-12-04 15:47:29,769 INFO train precision: 0.976
2018-12-04 15:47:29,770 INFO train recall: 0.975
2018-12-04 15:47:29,770 INFO train F1: 0.976
2018-12-04 15:47:29,770 INFO train AUC: 0.976
2018-12-04 15:47:29,771 INFO Evaluating...
2018-12-04 15:47:30,647 INFO valid time: 0.876
2018-12-04 15:47:30,648 INFO valid loss: 0.280
2018-12-04 15:47:30,648 INFO valid accuracy: 0.901
2018-12-04 15:47:30,648 INFO valid precision: 0.928
2018-12-04 15:47:30,649 INFO valid recall: 0.873
2018-12-04 15:47:30,649 INFO valid F1: 0.900
2018-12-04 15:47:30,649 INFO valid AUC: 0.901
2018-12-04 15:47:31,172 INFO Epoch 52:
2018-12-04 15:47:31,186 INFO Training...
2018-12-04 15:47:37,407 INFO train time: 6.221
2018-12-04 15:47:37,408 INFO train loss: 0.085
2018-12-04 15:47:37,408 INFO train accuracy: 0.975
2018-12-04 15:47:37,408 INFO train precision: 0.976
2018-12-04 15:47:37,408 INFO train recall: 0.974
2018-12-04 15:47:37,408 INFO train F1: 0.975
2018-12-04 15:47:37,408 INFO train AUC: 0.975
2018-12-04 15:47:37,409 INFO Evaluating...
2018-12-04 15:47:38,300 INFO valid time: 0.891
2018-12-04 15:47:38,300 INFO valid loss: 0.262
2018-12-04 15:47:38,300 INFO valid accuracy: 0.918
2018-12-04 15:47:38,301 INFO valid precision: 0.938
2018-12-04 15:47:38,301 INFO valid recall: 0.898
2018-12-04 15:47:38,301 INFO valid F1: 0.918
2018-12-04 15:47:38,301 INFO valid AUC: 0.918
2018-12-04 15:47:38,815 INFO Epoch 53:
2018-12-04 15:47:38,829 INFO Training...
2018-12-04 15:47:44,951 INFO train time: 6.122
2018-12-04 15:47:44,951 INFO train loss: 0.081
2018-12-04 15:47:44,951 INFO train accuracy: 0.978
2018-12-04 15:47:44,951 INFO train precision: 0.979
2018-12-04 15:47:44,952 INFO train recall: 0.976
2018-12-04 15:47:44,952 INFO train F1: 0.978
2018-12-04 15:47:44,952 INFO train AUC: 0.978
2018-12-04 15:47:44,953 INFO Evaluating...
2018-12-04 15:47:45,852 INFO valid time: 0.899
2018-12-04 15:47:45,853 INFO valid loss: 0.284
2018-12-04 15:47:45,853 INFO valid accuracy: 0.918
2018-12-04 15:47:45,853 INFO valid precision: 0.954
2018-12-04 15:47:45,853 INFO valid recall: 0.881
2018-12-04 15:47:45,853 INFO valid F1: 0.916
2018-12-04 15:47:45,853 INFO valid AUC: 0.919
2018-12-04 15:47:46,381 INFO Epoch 54:
2018-12-04 15:47:46,397 INFO Training...
2018-12-04 15:47:52,442 INFO train time: 6.045
2018-12-04 15:47:52,443 INFO train loss: 0.074
2018-12-04 15:47:52,443 INFO train accuracy: 0.977
2018-12-04 15:47:52,443 INFO train precision: 0.976
2018-12-04 15:47:52,443 INFO train recall: 0.978
2018-12-04 15:47:52,443 INFO train F1: 0.977
2018-12-04 15:47:52,443 INFO train AUC: 0.977
2018-12-04 15:47:52,444 INFO Evaluating...
2018-12-04 15:47:53,371 INFO valid time: 0.927
2018-12-04 15:47:53,372 INFO valid loss: 0.289
2018-12-04 15:47:53,372 INFO valid accuracy: 0.918
2018-12-04 15:47:53,372 INFO valid precision: 0.954
2018-12-04 15:47:53,372 INFO valid recall: 0.881
2018-12-04 15:47:53,372 INFO valid F1: 0.916
2018-12-04 15:47:53,372 INFO valid AUC: 0.919
2018-12-04 15:47:53,883 INFO Epoch 55:
2018-12-04 15:47:53,898 INFO Training...
2018-12-04 15:48:00,046 INFO train time: 6.147
2018-12-04 15:48:00,046 INFO train loss: 0.070
2018-12-04 15:48:00,047 INFO train accuracy: 0.977
2018-12-04 15:48:00,047 INFO train precision: 0.976
2018-12-04 15:48:00,047 INFO train recall: 0.976
2018-12-04 15:48:00,047 INFO train F1: 0.976
2018-12-04 15:48:00,047 INFO train AUC: 0.977
2018-12-04 15:48:00,047 INFO Evaluating...
2018-12-04 15:48:01,001 INFO valid time: 0.954
2018-12-04 15:48:01,002 INFO valid loss: 0.290
2018-12-04 15:48:01,002 INFO valid accuracy: 0.918
2018-12-04 15:48:01,002 INFO valid precision: 0.954
2018-12-04 15:48:01,002 INFO valid recall: 0.881
2018-12-04 15:48:01,002 INFO valid F1: 0.916
2018-12-04 15:48:01,002 INFO valid AUC: 0.919
2018-12-04 15:48:01,527 INFO Epoch 56:
2018-12-04 15:48:01,543 INFO Training...
2018-12-04 15:48:07,722 INFO train time: 6.178
2018-12-04 15:48:07,722 INFO train loss: 0.066
2018-12-04 15:48:07,722 INFO train accuracy: 0.977
2018-12-04 15:48:07,723 INFO train precision: 0.978
2018-12-04 15:48:07,723 INFO train recall: 0.975
2018-12-04 15:48:07,723 INFO train F1: 0.976
2018-12-04 15:48:07,723 INFO train AUC: 0.977
2018-12-04 15:48:07,724 INFO Evaluating...
2018-12-04 15:48:08,598 INFO valid time: 0.874
2018-12-04 15:48:08,599 INFO valid loss: 0.286
2018-12-04 15:48:08,599 INFO valid accuracy: 0.914
2018-12-04 15:48:08,599 INFO valid precision: 0.945
2018-12-04 15:48:08,599 INFO valid recall: 0.881
2018-12-04 15:48:08,599 INFO valid F1: 0.912
2018-12-04 15:48:08,599 INFO valid AUC: 0.914
2018-12-04 15:48:09,113 INFO Epoch 57:
2018-12-04 15:48:09,127 INFO Training...
2018-12-04 15:48:15,177 INFO train time: 6.050
2018-12-04 15:48:15,178 INFO train loss: 0.062
2018-12-04 15:48:15,178 INFO train accuracy: 0.978
2018-12-04 15:48:15,178 INFO train precision: 0.978
2018-12-04 15:48:15,178 INFO train recall: 0.978
2018-12-04 15:48:15,178 INFO train F1: 0.978
2018-12-04 15:48:15,178 INFO train AUC: 0.978
2018-12-04 15:48:15,192 INFO Evaluating...
2018-12-04 15:48:16,138 INFO valid time: 0.945
2018-12-04 15:48:16,138 INFO valid loss: 0.305
2018-12-04 15:48:16,139 INFO valid accuracy: 0.905
2018-12-04 15:48:16,139 INFO valid precision: 0.944
2018-12-04 15:48:16,139 INFO valid recall: 0.864
2018-12-04 15:48:16,139 INFO valid F1: 0.903
2018-12-04 15:48:16,140 INFO valid AUC: 0.906
2018-12-04 15:48:16,768 INFO Epoch 58:
2018-12-04 15:48:16,784 INFO Training...
2018-12-04 15:48:23,047 INFO train time: 6.263
2018-12-04 15:48:23,048 INFO train loss: 0.060
2018-12-04 15:48:23,048 INFO train accuracy: 0.979
2018-12-04 15:48:23,049 INFO train precision: 0.981
2018-12-04 15:48:23,049 INFO train recall: 0.976
2018-12-04 15:48:23,049 INFO train F1: 0.979
2018-12-04 15:48:23,049 INFO train AUC: 0.979
2018-12-04 15:48:23,051 INFO Evaluating...
2018-12-04 15:48:23,972 INFO valid time: 0.921
2018-12-04 15:48:23,973 INFO valid loss: 0.282
2018-12-04 15:48:23,973 INFO valid accuracy: 0.918
2018-12-04 15:48:23,973 INFO valid precision: 0.938
2018-12-04 15:48:23,974 INFO valid recall: 0.898
2018-12-04 15:48:23,974 INFO valid F1: 0.918
2018-12-04 15:48:23,974 INFO valid AUC: 0.918
2018-12-04 15:48:24,482 INFO Epoch 59:
2018-12-04 15:48:24,495 INFO Training...
2018-12-04 15:48:30,657 INFO train time: 6.162
2018-12-04 15:48:30,658 INFO train loss: 0.057
2018-12-04 15:48:30,658 INFO train accuracy: 0.977
2018-12-04 15:48:30,658 INFO train precision: 0.976
2018-12-04 15:48:30,658 INFO train recall: 0.976
2018-12-04 15:48:30,659 INFO train F1: 0.976
2018-12-04 15:48:30,659 INFO train AUC: 0.977
2018-12-04 15:48:30,659 INFO Evaluating...
2018-12-04 15:48:31,571 INFO valid time: 0.912
2018-12-04 15:48:31,572 INFO valid loss: 0.326
2018-12-04 15:48:31,572 INFO valid accuracy: 0.897
2018-12-04 15:48:31,572 INFO valid precision: 0.943
2018-12-04 15:48:31,572 INFO valid recall: 0.847
2018-12-04 15:48:31,572 INFO valid F1: 0.893
2018-12-04 15:48:31,572 INFO valid AUC: 0.897
2018-12-04 15:48:32,099 INFO Epoch 60:
2018-12-04 15:48:32,113 INFO Training...
2018-12-04 15:48:38,154 INFO train time: 6.041
2018-12-04 15:48:38,155 INFO train loss: 0.057
2018-12-04 15:48:38,155 INFO train accuracy: 0.978
2018-12-04 15:48:38,155 INFO train precision: 0.980
2018-12-04 15:48:38,155 INFO train recall: 0.975
2018-12-04 15:48:38,156 INFO train F1: 0.978
2018-12-04 15:48:38,156 INFO train AUC: 0.978
2018-12-04 15:48:38,156 INFO Evaluating...
2018-12-04 15:48:38,986 INFO valid time: 0.829
2018-12-04 15:48:38,986 INFO valid loss: 0.291
2018-12-04 15:48:38,986 INFO valid accuracy: 0.914
2018-12-04 15:48:38,986 INFO valid precision: 0.938
2018-12-04 15:48:38,987 INFO valid recall: 0.890
2018-12-04 15:48:38,987 INFO valid F1: 0.913
2018-12-04 15:48:38,987 INFO valid AUC: 0.914
2018-12-04 15:48:39,526 INFO Epoch 61:
2018-12-04 15:48:39,539 INFO Training...
2018-12-04 15:48:45,462 INFO train time: 5.923
2018-12-04 15:48:45,463 INFO train loss: 0.084
2018-12-04 15:48:45,463 INFO train accuracy: 0.978
2018-12-04 15:48:45,463 INFO train precision: 0.978
2018-12-04 15:48:45,463 INFO train recall: 0.978
2018-12-04 15:48:45,464 INFO train F1: 0.978
2018-12-04 15:48:45,464 INFO train AUC: 0.978
2018-12-04 15:48:45,465 INFO Evaluating...
2018-12-04 15:48:46,409 INFO valid time: 0.944
2018-12-04 15:48:46,410 INFO valid loss: 0.465
2018-12-04 15:48:46,410 INFO valid accuracy: 0.871
2018-12-04 15:48:46,410 INFO valid precision: 0.978
2018-12-04 15:48:46,410 INFO valid recall: 0.763
2018-12-04 15:48:46,410 INFO valid F1: 0.857
2018-12-04 15:48:46,410 INFO valid AUC: 0.873
2018-12-04 15:48:46,949 INFO Epoch 62:
2018-12-04 15:48:46,962 INFO Training...
2018-12-04 15:48:53,175 INFO train time: 6.213
2018-12-04 15:48:53,176 INFO train loss: 0.118
2018-12-04 15:48:53,176 INFO train accuracy: 0.980
2018-12-04 15:48:53,176 INFO train precision: 0.982
2018-12-04 15:48:53,176 INFO train recall: 0.976
2018-12-04 15:48:53,176 INFO train F1: 0.979
2018-12-04 15:48:53,176 INFO train AUC: 0.980
2018-12-04 15:48:53,177 INFO Evaluating...
2018-12-04 15:48:54,091 INFO valid time: 0.913
2018-12-04 15:48:54,091 INFO valid loss: 0.277
2018-12-04 15:48:54,091 INFO valid accuracy: 0.888
2018-12-04 15:48:54,091 INFO valid precision: 0.911
2018-12-04 15:48:54,091 INFO valid recall: 0.864
2018-12-04 15:48:54,091 INFO valid F1: 0.887
2018-12-04 15:48:54,091 INFO valid AUC: 0.888
2018-12-04 15:48:54,612 INFO Epoch 63:
2018-12-04 15:48:54,627 INFO Training...
2018-12-04 15:49:00,511 INFO train time: 5.883
2018-12-04 15:49:00,511 INFO train loss: 0.118
2018-12-04 15:49:00,511 INFO train accuracy: 0.977
2018-12-04 15:49:00,511 INFO train precision: 0.978
2018-12-04 15:49:00,511 INFO train recall: 0.975
2018-12-04 15:49:00,512 INFO train F1: 0.976
2018-12-04 15:49:00,512 INFO train AUC: 0.977
2018-12-04 15:49:00,512 INFO Evaluating...
2018-12-04 15:49:01,380 INFO valid time: 0.867
2018-12-04 15:49:01,380 INFO valid loss: 0.280
2018-12-04 15:49:01,380 INFO valid accuracy: 0.909
2018-12-04 15:49:01,381 INFO valid precision: 0.929
2018-12-04 15:49:01,381 INFO valid recall: 0.890
2018-12-04 15:49:01,381 INFO valid F1: 0.909
2018-12-04 15:49:01,381 INFO valid AUC: 0.910
2018-12-04 15:49:01,925 INFO Epoch 64:
2018-12-04 15:49:01,942 INFO Training...
2018-12-04 15:49:08,180 INFO train time: 6.237
2018-12-04 15:49:08,180 INFO train loss: 0.092
2018-12-04 15:49:08,180 INFO train accuracy: 0.977
2018-12-04 15:49:08,181 INFO train precision: 0.979
2018-12-04 15:49:08,181 INFO train recall: 0.975
2018-12-04 15:49:08,181 INFO train F1: 0.977
2018-12-04 15:49:08,181 INFO train AUC: 0.977
2018-12-04 15:49:08,182 INFO Evaluating...
2018-12-04 15:49:09,071 INFO valid time: 0.889
2018-12-04 15:49:09,072 INFO valid loss: 0.260
2018-12-04 15:49:09,072 INFO valid accuracy: 0.914
2018-12-04 15:49:09,072 INFO valid precision: 0.922
2018-12-04 15:49:09,072 INFO valid recall: 0.907
2018-12-04 15:49:09,072 INFO valid F1: 0.915
2018-12-04 15:49:09,072 INFO valid AUC: 0.914
2018-12-04 15:49:09,596 INFO Epoch 65:
2018-12-04 15:49:09,610 INFO Training...
2018-12-04 15:49:15,763 INFO train time: 6.153
2018-12-04 15:49:15,764 INFO train loss: 0.086
2018-12-04 15:49:15,764 INFO train accuracy: 0.977
2018-12-04 15:49:15,764 INFO train precision: 0.976
2018-12-04 15:49:15,764 INFO train recall: 0.976
2018-12-04 15:49:15,765 INFO train F1: 0.976
2018-12-04 15:49:15,765 INFO train AUC: 0.977
2018-12-04 15:49:15,765 INFO Evaluating...
2018-12-04 15:49:16,643 INFO valid time: 0.878
2018-12-04 15:49:16,644 INFO valid loss: 0.304
2018-12-04 15:49:16,644 INFO valid accuracy: 0.905
2018-12-04 15:49:16,644 INFO valid precision: 0.953
2018-12-04 15:49:16,645 INFO valid recall: 0.856
2018-12-04 15:49:16,645 INFO valid F1: 0.902
2018-12-04 15:49:16,645 INFO valid AUC: 0.906
2018-12-04 15:49:17,183 INFO Epoch 66:
2018-12-04 15:49:17,200 INFO Training...
2018-12-04 15:49:23,247 INFO train time: 6.047
2018-12-04 15:49:23,248 INFO train loss: 0.082
2018-12-04 15:49:23,248 INFO train accuracy: 0.977
2018-12-04 15:49:23,248 INFO train precision: 0.976
2018-12-04 15:49:23,248 INFO train recall: 0.976
2018-12-04 15:49:23,248 INFO train F1: 0.976
2018-12-04 15:49:23,248 INFO train AUC: 0.977
2018-12-04 15:49:23,249 INFO Evaluating...
2018-12-04 15:49:24,137 INFO valid time: 0.888
2018-12-04 15:49:24,138 INFO valid loss: 0.273
2018-12-04 15:49:24,138 INFO valid accuracy: 0.922
2018-12-04 15:49:24,138 INFO valid precision: 0.946
2018-12-04 15:49:24,138 INFO valid recall: 0.898
2018-12-04 15:49:24,138 INFO valid F1: 0.922
2018-12-04 15:49:24,138 INFO valid AUC: 0.923
2018-12-04 15:49:24,663 INFO Epoch 67:
2018-12-04 15:49:24,679 INFO Training...
2018-12-04 15:49:30,826 INFO train time: 6.147
2018-12-04 15:49:30,826 INFO train loss: 0.080
2018-12-04 15:49:30,826 INFO train accuracy: 0.977
2018-12-04 15:49:30,827 INFO train precision: 0.978
2018-12-04 15:49:30,827 INFO train recall: 0.976
2018-12-04 15:49:30,827 INFO train F1: 0.977
2018-12-04 15:49:30,827 INFO train AUC: 0.977
2018-12-04 15:49:30,828 INFO Evaluating...
2018-12-04 15:49:31,752 INFO valid time: 0.925
2018-12-04 15:49:31,753 INFO valid loss: 0.301
2018-12-04 15:49:31,753 INFO valid accuracy: 0.918
2018-12-04 15:49:31,753 INFO valid precision: 0.963
2018-12-04 15:49:31,753 INFO valid recall: 0.873
2018-12-04 15:49:31,753 INFO valid F1: 0.916
2018-12-04 15:49:31,753 INFO valid AUC: 0.919
2018-12-04 15:49:32,303 INFO Epoch 68:
2018-12-04 15:49:32,317 INFO Training...
2018-12-04 15:49:38,364 INFO train time: 6.047
2018-12-04 15:49:38,365 INFO train loss: 0.070
2018-12-04 15:49:38,365 INFO train accuracy: 0.977
2018-12-04 15:49:38,365 INFO train precision: 0.978
2018-12-04 15:49:38,365 INFO train recall: 0.976
2018-12-04 15:49:38,366 INFO train F1: 0.977
2018-12-04 15:49:38,366 INFO train AUC: 0.977
2018-12-04 15:49:38,367 INFO Evaluating...
2018-12-04 15:49:39,290 INFO valid time: 0.923
2018-12-04 15:49:39,291 INFO valid loss: 0.281
2018-12-04 15:49:39,291 INFO valid accuracy: 0.909
2018-12-04 15:49:39,291 INFO valid precision: 0.937
2018-12-04 15:49:39,291 INFO valid recall: 0.881
2018-12-04 15:49:39,292 INFO valid F1: 0.908
2018-12-04 15:49:39,292 INFO valid AUC: 0.910
2018-12-04 15:49:39,827 INFO Epoch 69:
2018-12-04 15:49:39,840 INFO Training...
2018-12-04 15:49:46,197 INFO train time: 6.356
2018-12-04 15:49:46,197 INFO train loss: 0.070
2018-12-04 15:49:46,197 INFO train accuracy: 0.978
2018-12-04 15:49:46,197 INFO train precision: 0.979
2018-12-04 15:49:46,197 INFO train recall: 0.976
2018-12-04 15:49:46,198 INFO train F1: 0.978
2018-12-04 15:49:46,198 INFO train AUC: 0.978
2018-12-04 15:49:46,199 INFO Evaluating...
2018-12-04 15:49:47,140 INFO valid time: 0.941
2018-12-04 15:49:47,140 INFO valid loss: 0.303
2018-12-04 15:49:47,140 INFO valid accuracy: 0.909
2018-12-04 15:49:47,140 INFO valid precision: 0.945
2018-12-04 15:49:47,141 INFO valid recall: 0.873
2018-12-04 15:49:47,141 INFO valid F1: 0.907
2018-12-04 15:49:47,141 INFO valid AUC: 0.910
2018-12-04 15:49:47,656 INFO Epoch 70:
2018-12-04 15:49:47,670 INFO Training...
2018-12-04 15:49:53,736 INFO train time: 6.066
2018-12-04 15:49:53,736 INFO train loss: 0.060
2018-12-04 15:49:53,736 INFO train accuracy: 0.978
2018-12-04 15:49:53,737 INFO train precision: 0.979
2018-12-04 15:49:53,737 INFO train recall: 0.978
2018-12-04 15:49:53,737 INFO train F1: 0.978
2018-12-04 15:49:53,737 INFO train AUC: 0.978
2018-12-04 15:49:53,738 INFO Evaluating...
2018-12-04 15:49:54,602 INFO valid time: 0.864
2018-12-04 15:49:54,602 INFO valid loss: 0.300
2018-12-04 15:49:54,602 INFO valid accuracy: 0.909
2018-12-04 15:49:54,603 INFO valid precision: 0.945
2018-12-04 15:49:54,603 INFO valid recall: 0.873
2018-12-04 15:49:54,603 INFO valid F1: 0.907
2018-12-04 15:49:54,603 INFO valid AUC: 0.910
2018-12-04 15:49:55,139 INFO Epoch 71:
2018-12-04 15:49:55,153 INFO Training...
2018-12-04 15:50:01,095 INFO train time: 5.941
2018-12-04 15:50:01,095 INFO train loss: 0.055
2018-12-04 15:50:01,095 INFO train accuracy: 0.980
2018-12-04 15:50:01,095 INFO train precision: 0.980
2018-12-04 15:50:01,096 INFO train recall: 0.979
2018-12-04 15:50:01,096 INFO train F1: 0.979
2018-12-04 15:50:01,096 INFO train AUC: 0.980
2018-12-04 15:50:01,097 INFO Evaluating...
2018-12-04 15:50:01,958 INFO valid time: 0.861
2018-12-04 15:50:01,959 INFO valid loss: 0.315
2018-12-04 15:50:01,959 INFO valid accuracy: 0.909
2018-12-04 15:50:01,959 INFO valid precision: 0.945
2018-12-04 15:50:01,959 INFO valid recall: 0.873
2018-12-04 15:50:01,959 INFO valid F1: 0.907
2018-12-04 15:50:01,959 INFO valid AUC: 0.910
2018-12-04 15:50:02,504 INFO Epoch 72:
2018-12-04 15:50:02,520 INFO Training...
2018-12-04 15:50:08,399 INFO train time: 5.879
2018-12-04 15:50:08,400 INFO train loss: 0.052
2018-12-04 15:50:08,400 INFO train accuracy: 0.980
2018-12-04 15:50:08,400 INFO train precision: 0.980
2018-12-04 15:50:08,400 INFO train recall: 0.979
2018-12-04 15:50:08,400 INFO train F1: 0.979
2018-12-04 15:50:08,400 INFO train AUC: 0.980
2018-12-04 15:50:08,401 INFO Evaluating...
2018-12-04 15:50:09,307 INFO valid time: 0.906
2018-12-04 15:50:09,308 INFO valid loss: 0.288
2018-12-04 15:50:09,308 INFO valid accuracy: 0.901
2018-12-04 15:50:09,308 INFO valid precision: 0.920
2018-12-04 15:50:09,308 INFO valid recall: 0.881
2018-12-04 15:50:09,308 INFO valid F1: 0.900
2018-12-04 15:50:09,308 INFO valid AUC: 0.901
2018-12-04 15:50:09,829 INFO Epoch 73:
2018-12-04 15:50:09,843 INFO Training...
2018-12-04 15:50:15,921 INFO train time: 6.078
2018-12-04 15:50:15,922 INFO train loss: 0.073
2018-12-04 15:50:15,922 INFO train accuracy: 0.977
2018-12-04 15:50:15,922 INFO train precision: 0.978
2018-12-04 15:50:15,922 INFO train recall: 0.975
2018-12-04 15:50:15,922 INFO train F1: 0.976
2018-12-04 15:50:15,923 INFO train AUC: 0.977
2018-12-04 15:50:15,923 INFO Evaluating...
2018-12-04 15:50:16,774 INFO valid time: 0.850
2018-12-04 15:50:16,774 INFO valid loss: 0.472
2018-12-04 15:50:16,774 INFO valid accuracy: 0.871
2018-12-04 15:50:16,775 INFO valid precision: 0.978
2018-12-04 15:50:16,775 INFO valid recall: 0.763
2018-12-04 15:50:16,775 INFO valid F1: 0.857
2018-12-04 15:50:16,775 INFO valid AUC: 0.873
2018-12-04 15:50:17,279 INFO Epoch 74:
2018-12-04 15:50:17,293 INFO Training...
2018-12-04 15:50:23,311 INFO train time: 6.017
2018-12-04 15:50:23,311 INFO train loss: 0.117
2018-12-04 15:50:23,312 INFO train accuracy: 0.983
2018-12-04 15:50:23,312 INFO train precision: 0.987
2018-12-04 15:50:23,312 INFO train recall: 0.978
2018-12-04 15:50:23,313 INFO train F1: 0.982
2018-12-04 15:50:23,313 INFO train AUC: 0.983
2018-12-04 15:50:23,314 INFO Evaluating...
2018-12-04 15:50:24,157 INFO valid time: 0.843
2018-12-04 15:50:24,157 INFO valid loss: 0.417
2018-12-04 15:50:24,157 INFO valid accuracy: 0.888
2018-12-04 15:50:24,157 INFO valid precision: 0.926
2018-12-04 15:50:24,157 INFO valid recall: 0.847
2018-12-04 15:50:24,157 INFO valid F1: 0.885
2018-12-04 15:50:24,157 INFO valid AUC: 0.889
2018-12-04 15:50:24,678 INFO Epoch 75:
2018-12-04 15:50:24,692 INFO Training...
2018-12-04 15:50:30,792 INFO train time: 6.100
2018-12-04 15:50:30,794 INFO train loss: 0.110
2018-12-04 15:50:30,794 INFO train accuracy: 0.977
2018-12-04 15:50:30,794 INFO train precision: 0.978
2018-12-04 15:50:30,794 INFO train recall: 0.976
2018-12-04 15:50:30,794 INFO train F1: 0.977
2018-12-04 15:50:30,795 INFO train AUC: 0.977
2018-12-04 15:50:30,795 INFO Evaluating...
2018-12-04 15:50:31,710 INFO valid time: 0.914
2018-12-04 15:50:31,711 INFO valid loss: 0.374
2018-12-04 15:50:31,711 INFO valid accuracy: 0.897
2018-12-04 15:50:31,711 INFO valid precision: 0.943
2018-12-04 15:50:31,711 INFO valid recall: 0.847
2018-12-04 15:50:31,711 INFO valid F1: 0.893
2018-12-04 15:50:31,711 INFO valid AUC: 0.897
2018-12-04 15:50:32,248 INFO Epoch 76:
2018-12-04 15:50:32,263 INFO Training...
2018-12-04 15:50:38,407 INFO train time: 6.144
2018-12-04 15:50:38,408 INFO train loss: 0.090
2018-12-04 15:50:38,408 INFO train accuracy: 0.977
2018-12-04 15:50:38,408 INFO train precision: 0.976
2018-12-04 15:50:38,408 INFO train recall: 0.978
2018-12-04 15:50:38,408 INFO train F1: 0.977
2018-12-04 15:50:38,408 INFO train AUC: 0.977
2018-12-04 15:50:38,409 INFO Evaluating...
2018-12-04 15:50:39,305 INFO valid time: 0.895
2018-12-04 15:50:39,305 INFO valid loss: 0.308
2018-12-04 15:50:39,305 INFO valid accuracy: 0.909
2018-12-04 15:50:39,305 INFO valid precision: 0.929
2018-12-04 15:50:39,306 INFO valid recall: 0.890
2018-12-04 15:50:39,306 INFO valid F1: 0.909
2018-12-04 15:50:39,306 INFO valid AUC: 0.910
2018-12-04 15:50:39,808 INFO Epoch 77:
2018-12-04 15:50:39,822 INFO Training...
2018-12-04 15:50:45,840 INFO train time: 6.018
2018-12-04 15:50:45,840 INFO train loss: 0.090
2018-12-04 15:50:45,840 INFO train accuracy: 0.978
2018-12-04 15:50:45,840 INFO train precision: 0.978
2018-12-04 15:50:45,840 INFO train recall: 0.978
2018-12-04 15:50:45,840 INFO train F1: 0.978
2018-12-04 15:50:45,840 INFO train AUC: 0.978
2018-12-04 15:50:45,841 INFO Evaluating...
2018-12-04 15:50:46,705 INFO valid time: 0.864
2018-12-04 15:50:46,706 INFO valid loss: 0.343
2018-12-04 15:50:46,706 INFO valid accuracy: 0.909
2018-12-04 15:50:46,706 INFO valid precision: 0.953
2018-12-04 15:50:46,706 INFO valid recall: 0.864
2018-12-04 15:50:46,707 INFO valid F1: 0.907
2018-12-04 15:50:46,707 INFO valid AUC: 0.910
2018-12-04 15:50:47,234 INFO Epoch 78:
2018-12-04 15:50:47,250 INFO Training...
2018-12-04 15:50:53,220 INFO train time: 5.970
2018-12-04 15:50:53,221 INFO train loss: 0.083
2018-12-04 15:50:53,221 INFO train accuracy: 0.978
2018-12-04 15:50:53,221 INFO train precision: 0.978
2018-12-04 15:50:53,221 INFO train recall: 0.978
2018-12-04 15:50:53,221 INFO train F1: 0.978
2018-12-04 15:50:53,221 INFO train AUC: 0.978
2018-12-04 15:50:53,222 INFO Evaluating...
2018-12-04 15:50:54,195 INFO valid time: 0.973
2018-12-04 15:50:54,195 INFO valid loss: 0.397
2018-12-04 15:50:54,196 INFO valid accuracy: 0.892
2018-12-04 15:50:54,196 INFO valid precision: 0.951
2018-12-04 15:50:54,196 INFO valid recall: 0.831
2018-12-04 15:50:54,196 INFO valid F1: 0.887
2018-12-04 15:50:54,196 INFO valid AUC: 0.893
2018-12-04 15:50:54,738 INFO Epoch 79:
2018-12-04 15:50:54,754 INFO Training...
2018-12-04 15:51:00,796 INFO train time: 6.042
2018-12-04 15:51:00,797 INFO train loss: 0.085
2018-12-04 15:51:00,797 INFO train accuracy: 0.980
2018-12-04 15:51:00,797 INFO train precision: 0.980
2018-12-04 15:51:00,797 INFO train recall: 0.979
2018-12-04 15:51:00,797 INFO train F1: 0.979
2018-12-04 15:51:00,797 INFO train AUC: 0.980
2018-12-04 15:51:00,798 INFO Evaluating...
2018-12-04 15:51:01,677 INFO valid time: 0.879
2018-12-04 15:51:01,678 INFO valid loss: 0.328
2018-12-04 15:51:01,679 INFO valid accuracy: 0.909
2018-12-04 15:51:01,679 INFO valid precision: 0.937
2018-12-04 15:51:01,679 INFO valid recall: 0.881
2018-12-04 15:51:01,680 INFO valid F1: 0.908
2018-12-04 15:51:01,680 INFO valid AUC: 0.910
2018-12-04 15:51:02,227 INFO Epoch 80:
2018-12-04 15:51:02,244 INFO Training...
2018-12-04 15:51:08,136 INFO train time: 5.891
2018-12-04 15:51:08,136 INFO train loss: 0.077
2018-12-04 15:51:08,136 INFO train accuracy: 0.979
2018-12-04 15:51:08,136 INFO train precision: 0.978
2018-12-04 15:51:08,136 INFO train recall: 0.980
2018-12-04 15:51:08,136 INFO train F1: 0.979
2018-12-04 15:51:08,137 INFO train AUC: 0.979
2018-12-04 15:51:08,137 INFO Evaluating...
2018-12-04 15:51:09,063 INFO valid time: 0.926
2018-12-04 15:51:09,063 INFO valid loss: 0.367
2018-12-04 15:51:09,064 INFO valid accuracy: 0.914
2018-12-04 15:51:09,064 INFO valid precision: 0.971
2018-12-04 15:51:09,064 INFO valid recall: 0.856
2018-12-04 15:51:09,064 INFO valid F1: 0.910
2018-12-04 15:51:09,064 INFO valid AUC: 0.915
2018-12-04 15:51:09,583 INFO Epoch 81:
2018-12-04 15:51:09,597 INFO Training...
2018-12-04 15:51:15,724 INFO train time: 6.128
2018-12-04 15:51:15,725 INFO train loss: 0.067
2018-12-04 15:51:15,725 INFO train accuracy: 0.978
2018-12-04 15:51:15,725 INFO train precision: 0.978
2018-12-04 15:51:15,725 INFO train recall: 0.978
2018-12-04 15:51:15,725 INFO train F1: 0.978
2018-12-04 15:51:15,725 INFO train AUC: 0.978
2018-12-04 15:51:15,726 INFO Evaluating...
2018-12-04 15:51:16,631 INFO valid time: 0.905
2018-12-04 15:51:16,632 INFO valid loss: 0.322
2018-12-04 15:51:16,632 INFO valid accuracy: 0.909
2018-12-04 15:51:16,632 INFO valid precision: 0.937
2018-12-04 15:51:16,632 INFO valid recall: 0.881
2018-12-04 15:51:16,632 INFO valid F1: 0.908
2018-12-04 15:51:16,632 INFO valid AUC: 0.910
2018-12-04 15:51:17,141 INFO Epoch 82:
2018-12-04 15:51:17,155 INFO Training...
2018-12-04 15:51:23,297 INFO train time: 6.141
2018-12-04 15:51:23,297 INFO train loss: 0.063
2018-12-04 15:51:23,298 INFO train accuracy: 0.979
2018-12-04 15:51:23,298 INFO train precision: 0.978
2018-12-04 15:51:23,298 INFO train recall: 0.980
2018-12-04 15:51:23,298 INFO train F1: 0.979
2018-12-04 15:51:23,298 INFO train AUC: 0.979
2018-12-04 15:51:23,299 INFO Evaluating...
2018-12-04 15:51:24,161 INFO valid time: 0.862
2018-12-04 15:51:24,162 INFO valid loss: 0.349
2018-12-04 15:51:24,162 INFO valid accuracy: 0.914
2018-12-04 15:51:24,162 INFO valid precision: 0.971
2018-12-04 15:51:24,162 INFO valid recall: 0.856
2018-12-04 15:51:24,162 INFO valid F1: 0.910
2018-12-04 15:51:24,163 INFO valid AUC: 0.915
2018-12-04 15:51:24,701 INFO Epoch 83:
2018-12-04 15:51:24,715 INFO Training...
2018-12-04 15:51:30,812 INFO train time: 6.097
2018-12-04 15:51:30,813 INFO train loss: 0.059
2018-12-04 15:51:30,813 INFO train accuracy: 0.981
2018-12-04 15:51:30,813 INFO train precision: 0.982
2018-12-04 15:51:30,813 INFO train recall: 0.979
2018-12-04 15:51:30,813 INFO train F1: 0.981
2018-12-04 15:51:30,813 INFO train AUC: 0.981
2018-12-04 15:51:30,814 INFO Evaluating...
2018-12-04 15:51:31,735 INFO valid time: 0.921
2018-12-04 15:51:31,736 INFO valid loss: 0.311
2018-12-04 15:51:31,736 INFO valid accuracy: 0.905
2018-12-04 15:51:31,736 INFO valid precision: 0.921
2018-12-04 15:51:31,736 INFO valid recall: 0.890
2018-12-04 15:51:31,736 INFO valid F1: 0.905
2018-12-04 15:51:31,736 INFO valid AUC: 0.905
2018-12-04 15:51:32,287 INFO Epoch 84:
2018-12-04 15:51:32,303 INFO Training...
2018-12-04 15:51:38,291 INFO train time: 5.987
2018-12-04 15:51:38,291 INFO train loss: 0.056
2018-12-04 15:51:38,291 INFO train accuracy: 0.980
2018-12-04 15:51:38,292 INFO train precision: 0.979
2018-12-04 15:51:38,292 INFO train recall: 0.980
2018-12-04 15:51:38,292 INFO train F1: 0.979
2018-12-04 15:51:38,292 INFO train AUC: 0.980
2018-12-04 15:51:38,293 INFO Evaluating...
2018-12-04 15:51:39,129 INFO valid time: 0.836
2018-12-04 15:51:39,129 INFO valid loss: 0.335
2018-12-04 15:51:39,130 INFO valid accuracy: 0.909
2018-12-04 15:51:39,130 INFO valid precision: 0.953
2018-12-04 15:51:39,130 INFO valid recall: 0.864
2018-12-04 15:51:39,130 INFO valid F1: 0.907
2018-12-04 15:51:39,130 INFO valid AUC: 0.910
2018-12-04 15:51:39,690 INFO Epoch 85:
2018-12-04 15:51:39,708 INFO Training...
2018-12-04 15:51:45,819 INFO train time: 6.111
2018-12-04 15:51:45,819 INFO train loss: 0.046
2018-12-04 15:51:45,820 INFO train accuracy: 0.980
2018-12-04 15:51:45,820 INFO train precision: 0.980
2018-12-04 15:51:45,820 INFO train recall: 0.979
2018-12-04 15:51:45,820 INFO train F1: 0.979
2018-12-04 15:51:45,820 INFO train AUC: 0.980
2018-12-04 15:51:45,821 INFO Evaluating...
2018-12-04 15:51:46,718 INFO valid time: 0.897
2018-12-04 15:51:46,719 INFO valid loss: 0.361
2018-12-04 15:51:46,719 INFO valid accuracy: 0.909
2018-12-04 15:51:46,719 INFO valid precision: 0.962
2018-12-04 15:51:46,719 INFO valid recall: 0.856
2018-12-04 15:51:46,719 INFO valid F1: 0.906
2018-12-04 15:51:46,719 INFO valid AUC: 0.910
2018-12-04 15:51:47,248 INFO Epoch 86:
2018-12-04 15:51:47,264 INFO Training...
2018-12-04 15:51:53,260 INFO train time: 5.997
2018-12-04 15:51:53,261 INFO train loss: 0.089
2018-12-04 15:51:53,261 INFO train accuracy: 0.980
2018-12-04 15:51:53,261 INFO train precision: 0.980
2018-12-04 15:51:53,262 INFO train recall: 0.979
2018-12-04 15:51:53,262 INFO train F1: 0.979
2018-12-04 15:51:53,262 INFO train AUC: 0.980
2018-12-04 15:51:53,263 INFO Evaluating...
2018-12-04 15:51:54,131 INFO valid time: 0.868
2018-12-04 15:51:54,132 INFO valid loss: 0.423
2018-12-04 15:51:54,132 INFO valid accuracy: 0.888
2018-12-04 15:51:54,132 INFO valid precision: 0.979
2018-12-04 15:51:54,132 INFO valid recall: 0.797
2018-12-04 15:51:54,133 INFO valid F1: 0.879
2018-12-04 15:51:54,133 INFO valid AUC: 0.890
2018-12-04 15:51:54,667 INFO Epoch 87:
2018-12-04 15:51:54,683 INFO Training...
2018-12-04 15:52:00,884 INFO train time: 6.201
2018-12-04 15:52:00,885 INFO train loss: 0.119
2018-12-04 15:52:00,885 INFO train accuracy: 0.982
2018-12-04 15:52:00,885 INFO train precision: 0.986
2018-12-04 15:52:00,885 INFO train recall: 0.978
2018-12-04 15:52:00,885 INFO train F1: 0.982
2018-12-04 15:52:00,885 INFO train AUC: 0.982
2018-12-04 15:52:00,886 INFO Evaluating...
2018-12-04 15:52:01,803 INFO valid time: 0.917
2018-12-04 15:52:01,803 INFO valid loss: 0.387
2018-12-04 15:52:01,804 INFO valid accuracy: 0.892
2018-12-04 15:52:01,804 INFO valid precision: 0.927
2018-12-04 15:52:01,804 INFO valid recall: 0.856
2018-12-04 15:52:01,804 INFO valid F1: 0.890
2018-12-04 15:52:01,804 INFO valid AUC: 0.893
2018-12-04 15:52:02,454 INFO Epoch 88:
2018-12-04 15:52:02,468 INFO Training...
2018-12-04 15:52:08,640 INFO train time: 6.172
2018-12-04 15:52:08,640 INFO train loss: 0.121
2018-12-04 15:52:08,641 INFO train accuracy: 0.979
2018-12-04 15:52:08,641 INFO train precision: 0.980
2018-12-04 15:52:08,641 INFO train recall: 0.978
2018-12-04 15:52:08,641 INFO train F1: 0.979
2018-12-04 15:52:08,642 INFO train AUC: 0.979
2018-12-04 15:52:08,642 INFO Evaluating...
2018-12-04 15:52:09,503 INFO valid time: 0.860
2018-12-04 15:52:09,503 INFO valid loss: 0.349
2018-12-04 15:52:09,503 INFO valid accuracy: 0.901
2018-12-04 15:52:09,503 INFO valid precision: 0.936
2018-12-04 15:52:09,504 INFO valid recall: 0.864
2018-12-04 15:52:09,504 INFO valid F1: 0.899
2018-12-04 15:52:09,504 INFO valid AUC: 0.902
2018-12-04 15:52:10,050 INFO Epoch 89:
2018-12-04 15:52:10,063 INFO Training...
2018-12-04 15:52:16,204 INFO train time: 6.140
2018-12-04 15:52:16,204 INFO train loss: 0.106
2018-12-04 15:52:16,204 INFO train accuracy: 0.978
2018-12-04 15:52:16,205 INFO train precision: 0.979
2018-12-04 15:52:16,205 INFO train recall: 0.978
2018-12-04 15:52:16,205 INFO train F1: 0.978
2018-12-04 15:52:16,205 INFO train AUC: 0.978
2018-12-04 15:52:16,205 INFO Evaluating...
2018-12-04 15:52:17,127 INFO valid time: 0.922
2018-12-04 15:52:17,128 INFO valid loss: 0.312
2018-12-04 15:52:17,128 INFO valid accuracy: 0.897
2018-12-04 15:52:17,128 INFO valid precision: 0.927
2018-12-04 15:52:17,128 INFO valid recall: 0.864
2018-12-04 15:52:17,128 INFO valid F1: 0.895
2018-12-04 15:52:17,128 INFO valid AUC: 0.897
2018-12-04 15:52:17,660 INFO Epoch 90:
2018-12-04 15:52:17,677 INFO Training...
2018-12-04 15:52:23,912 INFO train time: 6.235
2018-12-04 15:52:23,912 INFO train loss: 0.092
2018-12-04 15:52:23,913 INFO train accuracy: 0.976
2018-12-04 15:52:23,913 INFO train precision: 0.976
2018-12-04 15:52:23,913 INFO train recall: 0.975
2018-12-04 15:52:23,913 INFO train F1: 0.976
2018-12-04 15:52:23,914 INFO train AUC: 0.976
2018-12-04 15:52:23,915 INFO Evaluating...
2018-12-04 15:52:24,782 INFO valid time: 0.867
2018-12-04 15:52:24,782 INFO valid loss: 0.324
2018-12-04 15:52:24,782 INFO valid accuracy: 0.909
2018-12-04 15:52:24,782 INFO valid precision: 0.945
2018-12-04 15:52:24,783 INFO valid recall: 0.873
2018-12-04 15:52:24,783 INFO valid F1: 0.907
2018-12-04 15:52:24,783 INFO valid AUC: 0.910
2018-12-04 15:52:25,307 INFO Epoch 91:
2018-12-04 15:52:25,324 INFO Training...
2018-12-04 15:52:31,463 INFO train time: 6.139
2018-12-04 15:52:31,463 INFO train loss: 0.087
2018-12-04 15:52:31,463 INFO train accuracy: 0.977
2018-12-04 15:52:31,464 INFO train precision: 0.976
2018-12-04 15:52:31,464 INFO train recall: 0.976
2018-12-04 15:52:31,464 INFO train F1: 0.976
2018-12-04 15:52:31,464 INFO train AUC: 0.977
2018-12-04 15:52:31,465 INFO Evaluating...
2018-12-04 15:52:32,385 INFO valid time: 0.920
2018-12-04 15:52:32,386 INFO valid loss: 0.302
2018-12-04 15:52:32,386 INFO valid accuracy: 0.905
2018-12-04 15:52:32,386 INFO valid precision: 0.929
2018-12-04 15:52:32,386 INFO valid recall: 0.881
2018-12-04 15:52:32,386 INFO valid F1: 0.904
2018-12-04 15:52:32,386 INFO valid AUC: 0.906
2018-12-04 15:52:33,053 INFO Epoch 92:
2018-12-04 15:52:33,070 INFO Training...
2018-12-04 15:52:39,056 INFO train time: 5.986
2018-12-04 15:52:39,057 INFO train loss: 0.087
2018-12-04 15:52:39,057 INFO train accuracy: 0.978
2018-12-04 15:52:39,057 INFO train precision: 0.978
2018-12-04 15:52:39,057 INFO train recall: 0.978
2018-12-04 15:52:39,058 INFO train F1: 0.978
2018-12-04 15:52:39,058 INFO train AUC: 0.978
2018-12-04 15:52:39,058 INFO Evaluating...
2018-12-04 15:52:39,964 INFO valid time: 0.905
2018-12-04 15:52:39,964 INFO valid loss: 0.338
2018-12-04 15:52:39,964 INFO valid accuracy: 0.909
2018-12-04 15:52:39,964 INFO valid precision: 0.962
2018-12-04 15:52:39,964 INFO valid recall: 0.856
2018-12-04 15:52:39,964 INFO valid F1: 0.906
2018-12-04 15:52:39,965 INFO valid AUC: 0.910
2018-12-04 15:52:40,499 INFO Epoch 93:
2018-12-04 15:52:40,516 INFO Training...
2018-12-04 15:52:46,721 INFO train time: 6.204
2018-12-04 15:52:46,721 INFO train loss: 0.078
2018-12-04 15:52:46,721 INFO train accuracy: 0.978
2018-12-04 15:52:46,721 INFO train precision: 0.978
2018-12-04 15:52:46,721 INFO train recall: 0.978
2018-12-04 15:52:46,722 INFO train F1: 0.978
2018-12-04 15:52:46,722 INFO train AUC: 0.978
2018-12-04 15:52:46,722 INFO Evaluating...
2018-12-04 15:52:47,615 INFO valid time: 0.892
2018-12-04 15:52:47,615 INFO valid loss: 0.328
2018-12-04 15:52:47,615 INFO valid accuracy: 0.914
2018-12-04 15:52:47,616 INFO valid precision: 0.962
2018-12-04 15:52:47,616 INFO valid recall: 0.864
2018-12-04 15:52:47,616 INFO valid F1: 0.911
2018-12-04 15:52:47,616 INFO valid AUC: 0.915
2018-12-04 15:52:48,140 INFO Epoch 94:
2018-12-04 15:52:48,155 INFO Training...
2018-12-04 15:52:54,199 INFO train time: 6.044
2018-12-04 15:52:54,200 INFO train loss: 0.074
2018-12-04 15:52:54,200 INFO train accuracy: 0.979
2018-12-04 15:52:54,200 INFO train precision: 0.980
2018-12-04 15:52:54,200 INFO train recall: 0.978
2018-12-04 15:52:54,200 INFO train F1: 0.979
2018-12-04 15:52:54,200 INFO train AUC: 0.979
2018-12-04 15:52:54,201 INFO Evaluating...
2018-12-04 15:52:55,114 INFO valid time: 0.913
2018-12-04 15:52:55,115 INFO valid loss: 0.315
2018-12-04 15:52:55,115 INFO valid accuracy: 0.909
2018-12-04 15:52:55,115 INFO valid precision: 0.953
2018-12-04 15:52:55,115 INFO valid recall: 0.864
2018-12-04 15:52:55,116 INFO valid F1: 0.907
2018-12-04 15:52:55,116 INFO valid AUC: 0.910
2018-12-04 15:52:55,619 INFO Epoch 95:
2018-12-04 15:52:55,632 INFO Training...
2018-12-04 15:53:01,775 INFO train time: 6.143
2018-12-04 15:53:01,775 INFO train loss: 0.072
2018-12-04 15:53:01,775 INFO train accuracy: 0.980
2018-12-04 15:53:01,775 INFO train precision: 0.979
2018-12-04 15:53:01,775 INFO train recall: 0.980
2018-12-04 15:53:01,776 INFO train F1: 0.979
2018-12-04 15:53:01,776 INFO train AUC: 0.980
2018-12-04 15:53:01,776 INFO Evaluating...
2018-12-04 15:53:02,651 INFO valid time: 0.875
2018-12-04 15:53:02,652 INFO valid loss: 0.336
2018-12-04 15:53:02,652 INFO valid accuracy: 0.909
2018-12-04 15:53:02,652 INFO valid precision: 0.962
2018-12-04 15:53:02,652 INFO valid recall: 0.856
2018-12-04 15:53:02,652 INFO valid F1: 0.906
2018-12-04 15:53:02,652 INFO valid AUC: 0.910
2018-12-04 15:53:03,182 INFO Epoch 96:
2018-12-04 15:53:03,197 INFO Training...
2018-12-04 15:53:09,220 INFO train time: 6.023
2018-12-04 15:53:09,221 INFO train loss: 0.067
2018-12-04 15:53:09,221 INFO train accuracy: 0.979
2018-12-04 15:53:09,221 INFO train precision: 0.982
2018-12-04 15:53:09,221 INFO train recall: 0.975
2018-12-04 15:53:09,221 INFO train F1: 0.979
2018-12-04 15:53:09,221 INFO train AUC: 0.979
2018-12-04 15:53:09,222 INFO Evaluating...
2018-12-04 15:53:10,125 INFO valid time: 0.903
2018-12-04 15:53:10,126 INFO valid loss: 0.298
2018-12-04 15:53:10,126 INFO valid accuracy: 0.909
2018-12-04 15:53:10,126 INFO valid precision: 0.929
2018-12-04 15:53:10,126 INFO valid recall: 0.890
2018-12-04 15:53:10,126 INFO valid F1: 0.909
2018-12-04 15:53:10,126 INFO valid AUC: 0.910
2018-12-04 15:53:10,663 INFO Epoch 97:
2018-12-04 15:53:10,679 INFO Training...
2018-12-04 15:53:17,011 INFO train time: 6.331
2018-12-04 15:53:17,011 INFO train loss: 0.067
2018-12-04 15:53:17,011 INFO train accuracy: 0.976
2018-12-04 15:53:17,011 INFO train precision: 0.976
2018-12-04 15:53:17,011 INFO train recall: 0.975
2018-12-04 15:53:17,011 INFO train F1: 0.976
2018-12-04 15:53:17,012 INFO train AUC: 0.976
2018-12-04 15:53:17,012 INFO Evaluating...
2018-12-04 15:53:17,903 INFO valid time: 0.890
2018-12-04 15:53:17,903 INFO valid loss: 0.320
2018-12-04 15:53:17,904 INFO valid accuracy: 0.914
2018-12-04 15:53:17,904 INFO valid precision: 0.945
2018-12-04 15:53:17,904 INFO valid recall: 0.881
2018-12-04 15:53:17,904 INFO valid F1: 0.912
2018-12-04 15:53:17,904 INFO valid AUC: 0.914
2018-12-04 15:53:18,440 INFO Epoch 98:
2018-12-04 15:53:18,454 INFO Training...
2018-12-04 15:53:24,457 INFO train time: 6.003
2018-12-04 15:53:24,457 INFO train loss: 0.058
2018-12-04 15:53:24,457 INFO train accuracy: 0.977
2018-12-04 15:53:24,458 INFO train precision: 0.976
2018-12-04 15:53:24,458 INFO train recall: 0.976
2018-12-04 15:53:24,458 INFO train F1: 0.976
2018-12-04 15:53:24,458 INFO train AUC: 0.977
2018-12-04 15:53:24,459 INFO Evaluating...
2018-12-04 15:53:25,343 INFO valid time: 0.883
2018-12-04 15:53:25,343 INFO valid loss: 0.297
2018-12-04 15:53:25,343 INFO valid accuracy: 0.909
2018-12-04 15:53:25,343 INFO valid precision: 0.929
2018-12-04 15:53:25,343 INFO valid recall: 0.890
2018-12-04 15:53:25,343 INFO valid F1: 0.909
2018-12-04 15:53:25,343 INFO valid AUC: 0.910
2018-12-04 15:53:25,876 INFO Epoch 99:
2018-12-04 15:53:25,889 INFO Training...
2018-12-04 15:53:31,902 INFO train time: 6.013
2018-12-04 15:53:31,903 INFO train loss: 0.053
2018-12-04 15:53:31,903 INFO train accuracy: 0.978
2018-12-04 15:53:31,903 INFO train precision: 0.979
2018-12-04 15:53:31,903 INFO train recall: 0.978
2018-12-04 15:53:31,903 INFO train F1: 0.978
2018-12-04 15:53:31,903 INFO train AUC: 0.978
2018-12-04 15:53:31,904 INFO Evaluating...
2018-12-04 15:53:32,844 INFO valid time: 0.940
2018-12-04 15:53:32,844 INFO valid loss: 0.333
2018-12-04 15:53:32,845 INFO valid accuracy: 0.909
2018-12-04 15:53:32,845 INFO valid precision: 0.945
2018-12-04 15:53:32,845 INFO valid recall: 0.873
2018-12-04 15:53:32,845 INFO valid F1: 0.907
2018-12-04 15:53:32,845 INFO valid AUC: 0.910
2018-12-04 15:53:33,383 INFO Restoring parameters from out/oncogenes_dilated_graph/model/model.ckpt
2018-12-04 15:53:33,503 INFO Evaluating...
2018-12-04 15:53:35,034 INFO test time: 1.531
2018-12-04 15:53:35,034 INFO test loss: 0.313
2018-12-04 15:53:35,034 INFO test accuracy: 0.920
2018-12-04 15:53:35,035 INFO test precision: 0.937
2018-12-04 15:53:35,035 INFO test recall: 0.890
2018-12-04 15:53:35,035 INFO test F1: 0.913
2018-12-04 15:53:35,035 INFO test AUC: 0.918
2018-12-04 15:53:35,129 INFO Saving History to out/oncogenes_dilated_graph/history.csv
2018-12-04 15:53:35,129 INFO Saving Summary to out/oncogenes_dilated_graph/summary.csv
2018-12-04 15:53:35,133 INFO All done!
